P1-[broadcast preprepare]2021/09/27 22:17:04.449014 /root/study/github_repository/qb/pbft/pbft_network.go:178: broadcast preprepare message
P1-[broadcast preprepare]2021/09/27 22:17:04.449094 /root/study/github_repository/qb/qbtx/qbtx.go:109: verify of tx success
P1-[broadcast commit]2021/09/27 22:17:04.453618 /root/study/github_repository/qb/pbft/pbft_network.go:195: broadcast commit message
P1-[broadcast commit]2021/09/27 22:17:04.453736 /root/study/github_repository/qb/qbtx/qbtx.go:109: verify of tx success
P1-[broadcast reply]2021/09/27 22:17:04.454165 /root/study/github_repository/qb/pbft/pbft_network.go:206: broadcast reply message
P1-[broadcast preprepare]2021/09/27 22:35:30.526477 /root/study/github_repository/qb/pbft/pbft_network.go:180: broadcast preprepare message
P1-[broadcast commit]2021/09/27 22:35:30.531176 /root/study/github_repository/qb/pbft/pbft_network.go:197: broadcast commit message
P1-[broadcast reply]2021/09/27 22:35:30.533142 /root/study/github_repository/qb/pbft/pbft_network.go:208: broadcast reply message
P1-[broadcast preprepare]2021/09/27 22:41:11.041199 /root/study/github_repository/qb/pbft/pbft_network.go:180: broadcast preprepare message
P1-[broadcast commit]2021/09/27 22:41:11.044157 /root/study/github_repository/qb/pbft/pbft_network.go:197: broadcast commit message
P1-[broadcast commit]2021/09/27 22:41:11.044196 /root/study/github_repository/qb/qbtx/qbtx.go:109: verify of tx success
P1-[broadcast reply]2021/09/27 22:41:11.046775 /root/study/github_repository/qb/pbft/pbft_network.go:213: broadcast reply message
P1-[broadcast reply]2021/09/27 22:41:11.046957 /root/study/github_repository/qb/qbtx/qbtx.go:109: verify of tx success
P1-[broadcast preprepare]2021/09/27 22:47:45.499794 /root/study/github_repository/qb/pbft/pbft_network.go:180: broadcast preprepare message
P1-[broadcast reply]2021/09/27 22:47:45.505331 /root/study/github_repository/qb/pbft/pbft_network.go:213: broadcast reply message
P1-[broadcast preprepare]2021/09/27 22:51:30.733643 /root/study/github_repository/qb/pbft/pbft_network.go:180: broadcast preprepare message
P1-[broadcast commit]2021/09/27 22:51:30.737289 /root/study/github_repository/qb/pbft/pbft_network.go:197: broadcast commit message
P1-[broadcast reply]2021/09/27 22:51:30.738670 /root/study/github_repository/qb/pbft/pbft_network.go:213: broadcast reply message
P1-[broadcast preprepare]2021/09/27 22:55:05.926636 /root/study/github_repository/qb/pbft/pbft_network.go:180: broadcast preprepare message
P1-commit2021/09/27 22:55:05.931035 /root/study/github_repository/qb/qbtx/qbtx.go:109: verify of tx success
P1-[broadcast commit]2021/09/27 22:55:05.931067 /root/study/github_repository/qb/pbft/pbft_network.go:197: broadcast commit message
P1-[broadcast reply]2021/09/27 22:55:05.932361 /root/study/github_repository/qb/pbft/pbft_network.go:213: broadcast reply message
P1-[broadcast preprepare]2021/09/27 22:59:33.107209 /root/study/github_repository/qb/pbft/pbft_network.go:180: broadcast preprepare message
P1-[broadcast commit]2021/09/27 22:59:33.111392 /root/study/github_repository/qb/pbft/pbft_network.go:197: broadcast commit message
P1-[broadcast reply]2021/09/27 22:59:33.112153 /root/study/github_repository/qb/pbft/pbft_network.go:213: broadcast reply message
P1-[broadcast preprepare]2021/09/27 23:01:36.020303 /root/study/github_repository/qb/pbft/pbft_network.go:180: broadcast preprepare message
P1-[broadcast commit]2021/09/27 23:01:36.025078 /root/study/github_repository/qb/pbft/pbft_network.go:465: Msgdelivery channel get a commit message, and handle it
P1-[broadcast commit]2021/09/27 23:01:36.025091 /root/study/github_repository/qb/pbft/pbft_network.go:197: broadcast commit message
P1-[broadcast reply]2021/09/27 23:01:36.025993 /root/study/github_repository/qb/pbft/pbft_network.go:213: broadcast reply message
P1-[broadcast preprepare]2021/09/27 23:03:29.318824 /root/study/github_repository/qb/pbft/pbft_network.go:180: broadcast preprepare message
P1-[broadcast preprepare]2021/09/27 23:03:29.318872 /root/study/github_repository/qb/qbtx/qbtx.go:109: verify of tx success
P1-[broadcast commit]2021/09/27 23:03:29.323354 /root/study/github_repository/qb/pbft/pbft_network.go:197: broadcast commit message
P1-[broadcast commit]2021/09/27 23:03:29.323487 /root/study/github_repository/qb/qbtx/qbtx.go:109: verify of tx success
P1-[broadcast reply]2021/09/27 23:03:29.324336 /root/study/github_repository/qb/pbft/pbft_network.go:213: broadcast reply message
P1-[broadcast preprepare]2021/09/27 23:04:29.368884 /root/study/github_repository/qb/pbft/pbft_network.go:180: broadcast preprepare message
P1-[broadcast commit]2021/09/27 23:04:29.372814 /root/study/github_repository/qb/pbft/pbft_network.go:197: broadcast commit message
P1-[broadcast reply]2021/09/27 23:04:29.373182 /root/study/github_repository/qb/pbft/pbft_network.go:213: broadcast reply message
P1-[broadcast preprepare]2021/09/27 23:05:18.505549 /root/study/github_repository/qb/pbft/pbft_network.go:180: broadcast preprepare message
P1-[broadcast commit]2021/09/27 23:05:18.510904 /root/study/github_repository/qb/pbft/pbft_network.go:197: broadcast commit message
P1-[broadcast reply]2021/09/27 23:05:18.511312 /root/study/github_repository/qb/pbft/pbft_network.go:213: broadcast reply message
P1-[broadcast preprepare]2021/09/27 23:06:27.166073 /root/study/github_repository/qb/pbft/pbft_network.go:180: broadcast preprepare message
P1-[broadcast commit]2021/09/27 23:06:27.170291 /root/study/github_repository/qb/pbft/pbft_network.go:197: broadcast commit message
P1-[broadcast commit]2021/09/27 23:06:27.170486 /root/study/github_repository/qb/qbtx/qbtx.go:109: verify of tx success
P1-[broadcast reply]2021/09/27 23:06:27.359731 /root/study/github_repository/qb/pbft/pbft_network.go:213: broadcast reply message
P1-[broadcast preprepare]2021/09/27 23:10:24.868351 /root/study/github_repository/qb/pbft/pbft_network.go:180: broadcast preprepare message
P1-[broadcast commit]2021/09/27 23:10:24.872886 /root/study/github_repository/qb/pbft/pbft_network.go:197: broadcast commit message
P1-[broadcast commit]2021/09/27 23:10:24.873113 /root/study/github_repository/qb/qbtx/qbtx.go:109: verify of tx success
P1-[broadcast reply]2021/09/27 23:10:24.873642 /root/study/github_repository/qb/pbft/pbft_network.go:213: broadcast reply message
P1-[broadcast preprepare]2021/09/27 23:17:08.074422 /root/study/github_repository/qb/pbft/pbft_network.go:181: broadcast preprepare message
P1-[broadcast preprepare]2021/09/27 23:17:23.993688 /root/study/github_repository/qb/pbft/pbft_network.go:181: broadcast preprepare message
P1-[broadcast commit]2021/09/27 23:17:23.998281 /root/study/github_repository/qb/pbft/pbft_network.go:198: broadcast commit message
P1-[broadcast reply]2021/09/27 23:17:23.998692 /root/study/github_repository/qb/pbft/pbft_network.go:217: broadcast reply message
P1-[broadcast reply]2021/09/27 23:17:23.998702 /root/study/github_repository/qb/qbtx/qbtx.go:109: verify of tx success
P1-[broadcast preprepare]2021/09/27 23:20:07.960652 /root/study/github_repository/qb/pbft/pbft_network.go:181: broadcast preprepare message
P1-[broadcast commit]2021/09/27 23:20:07.965269 /root/study/github_repository/qb/pbft/pbft_network.go:198: broadcast commit message
P1-[broadcast reply]2021/09/27 23:20:07.965401 /root/study/github_repository/qb/pbft/pbft_network.go:215: broadcast reply message
P1-[broadcast preprepare]2021/09/27 23:21:13.263666 /root/study/github_repository/qb/pbft/pbft_network.go:181: broadcast preprepare message
P1-[broadcast commit]2021/09/27 23:21:13.268297 /root/study/github_repository/qb/pbft/pbft_network.go:198: broadcast commit message
P1-[broadcast reply]2021/09/27 23:21:13.269297 /root/study/github_repository/qb/pbft/pbft_network.go:215: broadcast reply message
P1-[broadcast preprepare]2021/09/27 23:22:46.359112 /root/study/github_repository/qb/pbft/pbft_network.go:181: broadcast preprepare message
P1-[broadcast commit]2021/09/27 23:22:46.362440 /root/study/github_repository/qb/pbft/pbft_network.go:198: broadcast commit message
P1-[broadcast commit]2021/09/27 23:22:46.362635 /root/study/github_repository/qb/qbtx/qbtx.go:109: verify of tx success
P1-[broadcast reply]2021/09/27 23:22:46.363734 /root/study/github_repository/qb/pbft/pbft_network.go:215: broadcast reply message
