P4-[broadcast prepare]2021/09/27 22:17:04.451637 /root/study/github_repository/qb/pbft/pbft_network.go:187: broadcast prepare message
P4-[broadcast commit]2021/09/27 22:17:04.638766 /root/study/github_repository/qb/pbft/pbft_network.go:195: broadcast commit message
P4-[broadcast reply]2021/09/27 22:17:04.837236 /root/study/github_repository/qb/pbft/pbft_network.go:206: broadcast reply message
P4-[broadcast reply]2021/09/27 22:17:04.837313 /root/study/github_repository/qb/qbtx/qbtx.go:109: verify of tx success
P4-[broadcast prepare]2021/09/27 22:35:30.527672 /root/study/github_repository/qb/pbft/pbft_network.go:189: broadcast prepare message
P4-[broadcast commit]2021/09/27 22:35:30.532151 /root/study/github_repository/qb/pbft/pbft_network.go:197: broadcast commit message
P4-[broadcast reply]2021/09/27 22:35:30.532999 /root/study/github_repository/qb/pbft/pbft_network.go:208: broadcast reply message
P4-[broadcast prepare]2021/09/27 22:41:11.042853 /root/study/github_repository/qb/pbft/pbft_network.go:189: broadcast prepare message
P4-[broadcast commit]2021/09/27 22:41:11.046916 /root/study/github_repository/qb/pbft/pbft_network.go:197: broadcast commit message
P4-[broadcast reply]2021/09/27 22:41:11.047301 /root/study/github_repository/qb/pbft/pbft_network.go:213: broadcast reply message
P4-[broadcast reply]2021/09/27 22:41:11.047356 /root/study/github_repository/qb/qbtx/qbtx.go:109: verify of tx success
P4-[broadcast prepare]2021/09/27 22:47:45.503557 /root/study/github_repository/qb/pbft/pbft_network.go:189: broadcast prepare message
P4-[broadcast commit]2021/09/27 22:47:45.504950 /root/study/github_repository/qb/pbft/pbft_network.go:197: broadcast commit message
P4-[broadcast commit]2021/09/27 22:47:45.505174 /root/study/github_repository/qb/qbtx/qbtx.go:109: verify of tx success
P4-[broadcast reply]2021/09/27 22:47:45.505720 /root/study/github_repository/qb/pbft/pbft_network.go:213: broadcast reply message
P4-[broadcast reply]2021/09/27 22:47:45.505871 /root/study/github_repository/qb/qbtx/qbtx.go:109: verify of tx success
P4-[broadcast prepare]2021/09/27 22:51:30.735834 /root/study/github_repository/qb/pbft/pbft_network.go:189: broadcast prepare message
P4-[broadcast commit]2021/09/27 22:51:30.736704 /root/study/github_repository/qb/pbft/pbft_network.go:197: broadcast commit message
P4-[broadcast reply]2021/09/27 22:51:30.738980 /root/study/github_repository/qb/pbft/pbft_network.go:213: broadcast reply message
P4-[broadcast prepare]2021/09/27 22:55:05.929553 /root/study/github_repository/qb/pbft/pbft_network.go:189: broadcast prepare message
P4-[broadcast commit]2021/09/27 22:55:05.932609 /root/study/github_repository/qb/pbft/pbft_network.go:197: broadcast commit message
P4-[broadcast reply]2021/09/27 22:55:05.932708 /root/study/github_repository/qb/pbft/pbft_network.go:213: broadcast reply message
P4-[broadcast prepare]2021/09/27 22:59:33.109895 /root/study/github_repository/qb/pbft/pbft_network.go:189: broadcast prepare message
P4-[broadcast commit]2021/09/27 22:59:33.112766 /root/study/github_repository/qb/pbft/pbft_network.go:197: broadcast commit message
P4-[broadcast reply]2021/09/27 22:59:33.112974 /root/study/github_repository/qb/pbft/pbft_network.go:213: broadcast reply message
P4-[broadcast prepare]2021/09/27 23:01:36.023450 /root/study/github_repository/qb/pbft/pbft_network.go:189: broadcast prepare message
P4-[broadcast commit]2021/09/27 23:01:36.025037 /root/study/github_repository/qb/pbft/pbft_network.go:197: broadcast commit message
P4-[broadcast commit]2021/09/27 23:01:36.025359 /root/study/github_repository/qb/qbtx/qbtx.go:109: verify of tx success
P4-[broadcast reply]2021/09/27 23:01:36.026983 /root/study/github_repository/qb/pbft/pbft_network.go:213: broadcast reply message
P4-[broadcast reply]2021/09/27 23:01:36.027171 /root/study/github_repository/qb/qbtx/qbtx.go:109: verify of tx success
P4-[broadcast prepare]2021/09/27 23:03:29.322145 /root/study/github_repository/qb/pbft/pbft_network.go:189: broadcast prepare message
P4-[broadcast commit]2021/09/27 23:03:29.324507 /root/study/github_repository/qb/pbft/pbft_network.go:197: broadcast commit message
P4-[broadcast reply]2021/09/27 23:03:29.325106 /root/study/github_repository/qb/pbft/pbft_network.go:213: broadcast reply message
P4-[broadcast reply]2021/09/27 23:03:29.325434 /root/study/github_repository/qb/qbtx/qbtx.go:109: verify of tx success
P4-[broadcast prepare]2021/09/27 23:04:29.370994 /root/study/github_repository/qb/pbft/pbft_network.go:189: broadcast prepare message
P4-[broadcast commit]2021/09/27 23:04:29.371897 /root/study/github_repository/qb/pbft/pbft_network.go:197: broadcast commit message
P4-[broadcast reply]2021/09/27 23:04:29.373710 /root/study/github_repository/qb/pbft/pbft_network.go:213: broadcast reply message
P4-[broadcast prepare]2021/09/27 23:05:18.507553 /root/study/github_repository/qb/pbft/pbft_network.go:189: broadcast prepare message
P4-[pbft.PrepareMsg]2021/09/27 23:05:18.507683 /root/study/github_repository/qb/pbft/pbft_network.go:353: [put prepare message into MsgDelivery channel]
P4-[broadcast commit]2021/09/27 23:05:18.510030 /root/study/github_repository/qb/pbft/pbft_network.go:197: broadcast commit message
P4-[broadcast commit]2021/09/27 23:05:18.510257 /root/study/github_repository/qb/qbtx/qbtx.go:109: verify of tx success
P4-[broadcast reply]2021/09/27 23:05:18.511774 /root/study/github_repository/qb/pbft/pbft_network.go:213: broadcast reply message
P4-[broadcast prepare]2021/09/27 23:06:27.168914 /root/study/github_repository/qb/pbft/pbft_network.go:189: broadcast prepare message
P4-[broadcast commit]2021/09/27 23:06:27.360029 /root/study/github_repository/qb/pbft/pbft_network.go:197: broadcast commit message
P4-[broadcast reply]2021/09/27 23:06:27.559105 /root/study/github_repository/qb/pbft/pbft_network.go:213: broadcast reply message
P4-[broadcast prepare]2021/09/27 23:10:24.871046 /root/study/github_repository/qb/pbft/pbft_network.go:189: broadcast prepare message
P4-[broadcast commit]2021/09/27 23:10:24.873514 /root/study/github_repository/qb/pbft/pbft_network.go:197: broadcast commit message
P4-[broadcast reply]2021/09/27 23:10:24.873675 /root/study/github_repository/qb/pbft/pbft_network.go:213: broadcast reply message
P4-[broadcast reply]2021/09/27 23:10:24.873933 /root/study/github_repository/qb/qbtx/qbtx.go:109: verify of tx success
P4-[broadcast prepare]2021/09/27 23:17:23.996259 /root/study/github_repository/qb/pbft/pbft_network.go:190: broadcast prepare message
P4-[broadcast commit]2021/09/27 23:17:23.998779 /root/study/github_repository/qb/pbft/pbft_network.go:198: broadcast commit message
P4-[broadcast prepare]2021/09/27 23:20:07.963342 /root/study/github_repository/qb/pbft/pbft_network.go:190: broadcast prepare message
P4-[broadcast commit]2021/09/27 23:20:07.965518 /root/study/github_repository/qb/pbft/pbft_network.go:198: broadcast commit message
P4-[broadcast reply]2021/09/27 23:20:07.965596 /root/study/github_repository/qb/pbft/pbft_network.go:215: broadcast reply message
P4-[broadcast prepare]2021/09/27 23:21:13.265734 /root/study/github_repository/qb/pbft/pbft_network.go:190: broadcast prepare message
P4-[broadcast prepare]2021/09/27 23:21:13.265773 /root/study/github_repository/qb/qbtx/qbtx.go:109: verify of tx success
P4-[broadcast commit]2021/09/27 23:21:13.269269 /root/study/github_repository/qb/pbft/pbft_network.go:198: broadcast commit message
P4-[broadcast reply]2021/09/27 23:21:13.269730 /root/study/github_repository/qb/pbft/pbft_network.go:215: broadcast reply message
P4-[broadcast prepare]2021/09/27 23:22:46.360877 /root/study/github_repository/qb/pbft/pbft_network.go:190: broadcast prepare message
P4-[broadcast commit]2021/09/27 23:22:46.362924 /root/study/github_repository/qb/pbft/pbft_network.go:198: broadcast commit message
P4-[broadcast reply]2021/09/27 23:22:46.364033 /root/study/github_repository/qb/pbft/pbft_network.go:215: broadcast reply message
