P3-[broadcast prepare]2021/09/27 22:17:04.450917 /root/study/github_repository/qb/pbft/pbft_network.go:187: broadcast prepare message
P3-[broadcast commit]2021/09/27 22:17:04.453731 /root/study/github_repository/qb/pbft/pbft_network.go:195: broadcast commit message
P3-[broadcast reply]2021/09/27 22:17:04.454040 /root/study/github_repository/qb/pbft/pbft_network.go:206: broadcast reply message
P3-[broadcast prepare]2021/09/27 22:35:30.529941 /root/study/github_repository/qb/pbft/pbft_network.go:189: broadcast prepare message
P3-[broadcast commit]2021/09/27 22:35:30.533430 /root/study/github_repository/qb/pbft/pbft_network.go:197: broadcast commit message
P3-[broadcast reply]2021/09/27 22:35:30.533513 /root/study/github_repository/qb/pbft/pbft_network.go:208: broadcast reply message
P3-[broadcast prepare]2021/09/27 22:41:11.041981 /root/study/github_repository/qb/pbft/pbft_network.go:189: broadcast prepare message
P3-[broadcast commit]2021/09/27 22:41:11.043648 /root/study/github_repository/qb/pbft/pbft_network.go:197: broadcast commit message
P3-[broadcast reply]2021/09/27 22:41:11.047345 /root/study/github_repository/qb/pbft/pbft_network.go:213: broadcast reply message
P3-[broadcast reply]2021/09/27 22:41:11.047523 /root/study/github_repository/qb/qbtx/qbtx.go:109: verify of tx success
P3-[broadcast prepare]2021/09/27 22:47:45.502830 /root/study/github_repository/qb/pbft/pbft_network.go:189: broadcast prepare message
P3-[broadcast commit]2021/09/27 22:47:45.504588 /root/study/github_repository/qb/pbft/pbft_network.go:197: broadcast commit message
P3-[broadcast reply]2021/09/27 22:47:45.505324 /root/study/github_repository/qb/pbft/pbft_network.go:213: broadcast reply message
P3-[broadcast prepare]2021/09/27 22:55:05.929482 /root/study/github_repository/qb/pbft/pbft_network.go:189: broadcast prepare message
P3-[broadcast commit]2021/09/27 22:55:05.932119 /root/study/github_repository/qb/pbft/pbft_network.go:197: broadcast commit message
P3-[broadcast reply]2021/09/27 22:55:05.932218 /root/study/github_repository/qb/pbft/pbft_network.go:213: broadcast reply message
P3-[broadcast prepare]2021/09/27 22:59:33.109940 /root/study/github_repository/qb/pbft/pbft_network.go:189: broadcast prepare message
P3-[broadcast commit]2021/09/27 22:59:33.111484 /root/study/github_repository/qb/pbft/pbft_network.go:197: broadcast commit message
P3-[broadcast commit]2021/09/27 22:59:33.111559 /root/study/github_repository/qb/qbtx/qbtx.go:109: verify of tx success
P3-[broadcast reply]2021/09/27 22:59:33.112315 /root/study/github_repository/qb/pbft/pbft_network.go:213: broadcast reply message
P3-[broadcast prepare]2021/09/27 23:01:36.022709 /root/study/github_repository/qb/pbft/pbft_network.go:189: broadcast prepare message
P3-[broadcast reply]2021/09/27 23:01:36.026864 /root/study/github_repository/qb/pbft/pbft_network.go:213: broadcast reply message
P3-[broadcast reply]2021/09/27 23:01:36.027107 /root/study/github_repository/qb/qbtx/qbtx.go:109: verify of tx success
P3-[broadcast prepare]2021/09/27 23:03:29.321581 /root/study/github_repository/qb/pbft/pbft_network.go:189: broadcast prepare message
P3-[broadcast commit]2021/09/27 23:03:29.324208 /root/study/github_repository/qb/pbft/pbft_network.go:197: broadcast commit message
P3-[broadcast commit]2021/09/27 23:03:29.324250 /root/study/github_repository/qb/pbft/pbft_network.go:370: [put commit message into MsgDelivery channel]
P3-[broadcast reply]2021/09/27 23:03:29.324799 /root/study/github_repository/qb/pbft/pbft_network.go:213: broadcast reply message
P3-[broadcast reply]2021/09/27 23:03:29.324908 /root/study/github_repository/qb/qbtx/qbtx.go:109: verify of tx success
P3-[broadcast prepare]2021/09/27 23:05:18.508301 /root/study/github_repository/qb/pbft/pbft_network.go:189: broadcast prepare message
P3-[broadcast commit]2021/09/27 23:05:18.510370 /root/study/github_repository/qb/pbft/pbft_network.go:197: broadcast commit message
P3-[broadcast reply]2021/09/27 23:05:18.510860 /root/study/github_repository/qb/pbft/pbft_network.go:213: broadcast reply message
P3-[broadcast prepare]2021/09/27 23:06:27.167888 /root/study/github_repository/qb/pbft/pbft_network.go:189: broadcast prepare message
P3-[broadcast commit]2021/09/27 23:06:27.171084 /root/study/github_repository/qb/pbft/pbft_network.go:197: broadcast commit message
P3-[broadcast reply]2021/09/27 23:06:27.360721 /root/study/github_repository/qb/pbft/pbft_network.go:213: broadcast reply message
P3-[broadcast prepare]2021/09/27 23:10:24.870003 /root/study/github_repository/qb/pbft/pbft_network.go:189: broadcast prepare message
P3-[broadcast commit]2021/09/27 23:10:24.872517 /root/study/github_repository/qb/pbft/pbft_network.go:197: broadcast commit message
P3-[broadcast commit]2021/09/27 23:10:24.872534 /root/study/github_repository/qb/qbtx/qbtx.go:109: verify of tx success
P3-[broadcast reply]2021/09/27 23:10:24.873516 /root/study/github_repository/qb/pbft/pbft_network.go:213: broadcast reply message
P3-[broadcast prepare]2021/09/27 23:17:08.076891 /root/study/github_repository/qb/pbft/pbft_network.go:190: broadcast prepare message
P3-[broadcast prepare]2021/09/27 23:17:23.995812 /root/study/github_repository/qb/pbft/pbft_network.go:190: broadcast prepare message
P3-[broadcast commit]2021/09/27 23:17:23.997643 /root/study/github_repository/qb/pbft/pbft_network.go:198: broadcast commit message
P3-[broadcast prepare]2021/09/27 23:20:07.962528 /root/study/github_repository/qb/pbft/pbft_network.go:190: broadcast prepare message
P3-[broadcast commit]2021/09/27 23:20:07.965780 /root/study/github_repository/qb/pbft/pbft_network.go:198: broadcast commit message
P3-[broadcast commit]2021/09/27 23:20:07.965812 /root/study/github_repository/qb/qbtx/qbtx.go:109: verify of tx success
P3-[broadcast reply]2021/09/27 23:20:07.967197 /root/study/github_repository/qb/pbft/pbft_network.go:215: broadcast reply message
P3-[broadcast prepare]2021/09/27 23:21:13.266927 /root/study/github_repository/qb/pbft/pbft_network.go:190: broadcast prepare message
P3-[broadcast commit]2021/09/27 23:21:13.269428 /root/study/github_repository/qb/pbft/pbft_network.go:198: broadcast commit message
P3-[broadcast reply]2021/09/27 23:21:13.269518 /root/study/github_repository/qb/pbft/pbft_network.go:215: broadcast reply message
