P4-[pbft.PrePrepareMsg]2021/09/27 22:17:04.448953 /root/study/github_repository/qb/pbft/pbft_network.go:325: [put pre-prepare message into MsgDelivery channel]
P4-[pbft.PrepareMsg]2021/09/27 22:17:04.449738 /root/study/github_repository/qb/pbft/pbft_network.go:338: [get a prepare message,but don't put it into channel]
P4-[pbft.PrepareMsg]2021/09/27 22:17:04.450025 /root/study/github_repository/qb/pbft/pbft_network.go:338: [get a prepare message,but don't put it into channel]
P4-[pbft.CommitMsg]2021/09/27 22:17:04.452000 /root/study/github_repository/qb/pbft/pbft_network.go:355: [get a commit message,but don't put it into channel]
P4-[pbft.CommitMsg]2021/09/27 22:17:04.452462 /root/study/github_repository/qb/pbft/pbft_network.go:355: [get a commit message,but don't put it into channel]
P4-[pbft.CommitMsg]2021/09/27 22:17:04.453668 /root/study/github_repository/qb/pbft/pbft_network.go:355: [get a commit message,but don't put it into channel]
P4-[pbft.PrePrepareMsg]2021/09/27 22:35:30.524391 /root/study/github_repository/qb/pbft/pbft_network.go:327: [put pre-prepare message into MsgDelivery channel]
P4-[pbft.CommitMsg]2021/09/27 22:35:30.531721 /root/study/github_repository/qb/pbft/pbft_network.go:366: [put commit message into MsgDelivery channel]
P4-[pbft.CommitMsg]2021/09/27 22:35:30.532661 /root/study/github_repository/qb/pbft/pbft_network.go:366: [put commit message into MsgDelivery channel]
P4-[pbft.CommitMsg]2021/09/27 22:35:30.533127 /root/study/github_repository/qb/pbft/pbft_network.go:366: [put commit message into MsgDelivery channel]
P4-[pbft.CommitMsg]2021/09/27 22:35:30.533209 /root/study/github_repository/qb/qbtx/qbtx.go:109: verify of tx success
P4-[pbft.PrePrepareMsg]2021/09/27 22:41:11.039877 /root/study/github_repository/qb/pbft/pbft_network.go:332: [put pre-prepare message into MsgDelivery channel]
P4-[pbft.PrepareMsg]2021/09/27 22:41:11.040614 /root/study/github_repository/qb/pbft/pbft_network.go:345: [get a prepare message,but don't put it into channel]
P4-[pbft.CommitMsg]2021/09/27 22:41:11.043271 /root/study/github_repository/qb/pbft/pbft_network.go:362: [get a commit message,but don't put it into channel]
P4-[pbft.CommitMsg]2021/09/27 22:41:11.043658 /root/study/github_repository/qb/pbft/pbft_network.go:362: [get a commit message,but don't put it into channel]
P4-[pbft.CommitMsg]2021/09/27 22:41:11.046447 /root/study/github_repository/qb/pbft/pbft_network.go:371: [put commit message into MsgDelivery channel]
P4-[pbft.CommitMsg]2021/09/27 22:41:11.046579 /root/study/github_repository/qb/qbtx/qbtx.go:109: verify of tx success
P4-[pbft.PrePrepareMsg]2021/09/27 22:47:45.499708 /root/study/github_repository/qb/pbft/pbft_network.go:331: [put pre-prepare message into MsgDelivery channel]
P4-[pbft.CommitMsg]2021/09/27 22:47:45.504422 /root/study/github_repository/qb/pbft/pbft_network.go:370: [put commit message into MsgDelivery channel]
P4-[pbft.CommitMsg]2021/09/27 22:47:45.504918 /root/study/github_repository/qb/pbft/pbft_network.go:370: [put commit message into MsgDelivery channel]
P4-[pbft.CommitMsg]2021/09/27 22:47:45.506073 /root/study/github_repository/qb/pbft/pbft_network.go:370: [put commit message into MsgDelivery channel]
P4-[pbft.PrePrepareMsg]2021/09/27 22:51:30.733254 /root/study/github_repository/qb/pbft/pbft_network.go:331: [put pre-prepare message into MsgDelivery channel]
P4-[pbft.CommitMsg]2021/09/27 22:51:30.737233 /root/study/github_repository/qb/pbft/pbft_network.go:370: [put commit message into MsgDelivery channel]
P4-[pbft.CommitMsg]2021/09/27 22:51:30.738095 /root/study/github_repository/qb/pbft/pbft_network.go:370: [put commit message into MsgDelivery channel]
P4-[pbft.PrePrepareMsg]2021/09/27 22:55:05.926560 /root/study/github_repository/qb/pbft/pbft_network.go:331: [put pre-prepare message into MsgDelivery channel]
P4-[pbft.CommitMsg]2021/09/27 22:55:05.930775 /root/study/github_repository/qb/pbft/pbft_network.go:370: [put commit message into MsgDelivery channel]
P4-[pbft.CommitMsg]2021/09/27 22:55:05.932019 /root/study/github_repository/qb/pbft/pbft_network.go:370: [put commit message into MsgDelivery channel]
P4-[pbft.CommitMsg]2021/09/27 22:55:05.932034 /root/study/github_repository/qb/pbft/pbft_network.go:361: [get a commit message,but don't put it into channel]
P4-[pbft.PrePrepareMsg]2021/09/27 22:59:33.107127 /root/study/github_repository/qb/pbft/pbft_network.go:331: [put pre-prepare message into MsgDelivery channel]
P4-[pbft.PrepareMsg]2021/09/27 22:59:33.108124 /root/study/github_repository/qb/pbft/pbft_network.go:344: [get a prepare message,but don't put it into channel]
P4-[pbft.CommitMsg]2021/09/27 22:59:33.110861 /root/study/github_repository/qb/pbft/pbft_network.go:370: [put commit message into MsgDelivery channel]
P4-[pbft.CommitMsg]2021/09/27 22:59:33.111817 /root/study/github_repository/qb/pbft/pbft_network.go:370: [put commit message into MsgDelivery channel]
P4-[pbft.CommitMsg]2021/09/27 22:59:33.112961 /root/study/github_repository/qb/pbft/pbft_network.go:370: [put commit message into MsgDelivery channel]
P4-[pbft.PrePrepareMsg]2021/09/27 23:01:36.020223 /root/study/github_repository/qb/pbft/pbft_network.go:334: [put pre-prepare message into MsgDelivery channel]
P4-[pbft.PrepareMsg]2021/09/27 23:01:36.021542 /root/study/github_repository/qb/pbft/pbft_network.go:347: [get a prepare message,but don't put it into channel]
P4-[pbft.CommitMsg]2021/09/27 23:01:36.024974 /root/study/github_repository/qb/pbft/pbft_network.go:373: [put commit message into MsgDelivery channel]
P4-[pbft.CommitMsg]2021/09/27 23:01:36.025917 /root/study/github_repository/qb/pbft/pbft_network.go:373: [put commit message into MsgDelivery channel]
P4-[pbft.CommitMsg]2021/09/27 23:01:36.027409 /root/study/github_repository/qb/pbft/pbft_network.go:373: [put commit message into MsgDelivery channel]
P4-[pbft.PrePrepareMsg]2021/09/27 23:03:29.318684 /root/study/github_repository/qb/pbft/pbft_network.go:331: [put pre-prepare message into MsgDelivery channel]
P4-[pbft.CommitMsg]2021/09/27 23:03:29.323946 /root/study/github_repository/qb/pbft/pbft_network.go:370: [put commit message into MsgDelivery channel]
P4-[pbft.CommitMsg]2021/09/27 23:03:29.323970 /root/study/github_repository/qb/pbft/pbft_network.go:370: [put commit message into MsgDelivery channel]
P4-[pbft.CommitMsg]2021/09/27 23:03:29.325722 /root/study/github_repository/qb/pbft/pbft_network.go:370: [put commit message into MsgDelivery channel]
P4-[pbft.PrePrepareMsg]2021/09/27 23:04:29.368757 /root/study/github_repository/qb/pbft/pbft_network.go:331: [put pre-prepare message into MsgDelivery channel]
P4-[pbft.CommitMsg]2021/09/27 23:04:29.372381 /root/study/github_repository/qb/pbft/pbft_network.go:370: [put commit message into MsgDelivery channel]
P4-[pbft.CommitMsg]2021/09/27 23:04:29.373537 /root/study/github_repository/qb/pbft/pbft_network.go:370: [put commit message into MsgDelivery channel]
P4-[pbft.PrePrepareMsg]2021/09/27 23:05:18.504156 /root/study/github_repository/qb/pbft/pbft_network.go:331: [put pre-prepare message into MsgDelivery channel]
P4-[pbft.CommitMsg]2021/09/27 23:05:18.509944 /root/study/github_repository/qb/pbft/pbft_network.go:370: [put commit message into MsgDelivery channel]
P4-[pbft.CommitMsg]2021/09/27 23:05:18.510798 /root/study/github_repository/qb/pbft/pbft_network.go:370: [put commit message into MsgDelivery channel]
P4-[pbft.CommitMsg]2021/09/27 23:05:18.511961 /root/study/github_repository/qb/pbft/pbft_network.go:370: [put commit message into MsgDelivery channel]
P4-[pbft.CommitMsg]2021/09/27 23:05:18.511999 /root/study/github_repository/qb/qbtx/qbtx.go:109: verify of tx success
P4-[pbft.PrePrepareMsg]2021/09/27 23:06:27.166112 /root/study/github_repository/qb/pbft/pbft_network.go:331: [put pre-prepare message into MsgDelivery channel]
P4-[pbft.PrepareMsg]2021/09/27 23:06:27.167360 /root/study/github_repository/qb/pbft/pbft_network.go:344: [get a prepare message,but don't put it into channel]
P4-[pbft.CommitMsg]2021/09/27 23:06:27.169825 /root/study/github_repository/qb/pbft/pbft_network.go:361: [get a commit message,but don't put it into channel]
P4-[pbft.CommitMsg]2021/09/27 23:06:27.171055 /root/study/github_repository/qb/pbft/pbft_network.go:361: [get a commit message,but don't put it into channel]
P4-[pbft.PrePrepareMsg]2021/09/27 23:10:24.868195 /root/study/github_repository/qb/pbft/pbft_network.go:331: [put pre-prepare message into MsgDelivery channel]
P4-[pbft.PrepareMsg]2021/09/27 23:10:24.868367 /root/study/github_repository/qb/pbft/pbft_network.go:344: [get a prepare message,but don't put it into channel]
P4-[pbft.PrepareMsg]2021/09/27 23:10:24.868783 /root/study/github_repository/qb/qbtx/qbtx.go:109: verify of tx success
P4-[pbft.CommitMsg]2021/09/27 23:10:24.870283 /root/study/github_repository/qb/pbft/pbft_network.go:163: receive a commit message
P4-[pbft.CommitMsg]2021/09/27 23:10:24.870285 /root/study/github_repository/qb/pbft/pbft_network.go:361: [get a commit message,but don't put it into channel]
P4-[pbft.CommitMsg]2021/09/27 23:10:24.873618 /root/study/github_repository/qb/pbft/pbft_network.go:370: [put commit message into MsgDelivery channel]
P4-[pbft.PrePrepareMsg]2021/09/27 23:17:23.993622 /root/study/github_repository/qb/pbft/pbft_network.go:335: [put pre-prepare message into MsgDelivery channel]
P4-[pbft.PrepareMsg]2021/09/27 23:17:23.994100 /root/study/github_repository/qb/pbft/pbft_network.go:348: [get a prepare message,but don't put it into channel]
P4-[pbft.PrepareMsg]2021/09/27 23:17:23.994249 /root/study/github_repository/qb/qbtx/qbtx.go:109: verify of tx success
P4-[pbft.CommitMsg]2021/09/27 23:17:23.997153 /root/study/github_repository/qb/pbft/pbft_network.go:374: [put commit message into MsgDelivery channel]
P4-[pbft.CommitMsg]2021/09/27 23:17:23.997917 /root/study/github_repository/qb/pbft/pbft_network.go:374: [put commit message into MsgDelivery channel]
P4-[pbft.PrePrepareMsg]2021/09/27 23:20:07.960592 /root/study/github_repository/qb/pbft/pbft_network.go:333: [put pre-prepare message into MsgDelivery channel]
P4-[pbft.PrepareMsg]2021/09/27 23:20:07.961304 /root/study/github_repository/qb/pbft/pbft_network.go:346: [get a prepare message,but don't put it into channel]
P4-[pbft.CommitMsg]2021/09/27 23:20:07.964702 /root/study/github_repository/qb/pbft/pbft_network.go:372: [put commit message into MsgDelivery channel]
P4-[pbft.CommitMsg]2021/09/27 23:20:07.964711 /root/study/github_repository/qb/pbft/pbft_network.go:372: [put commit message into MsgDelivery channel]
P4-[pbft.CommitMsg]2021/09/27 23:20:07.965750 /root/study/github_repository/qb/pbft/pbft_network.go:363: [get a commit message,but don't put it into channel]
P4-[pbft.PrePrepareMsg]2021/09/27 23:21:13.262410 /root/study/github_repository/qb/pbft/pbft_network.go:333: [put pre-prepare message into MsgDelivery channel]
P4-[pbft.CommitMsg]2021/09/27 23:21:13.266217 /root/study/github_repository/qb/pbft/pbft_network.go:363: [get a commit message,but don't put it into channel]
P4-[pbft.CommitMsg]2021/09/27 23:21:13.268272 /root/study/github_repository/qb/pbft/pbft_network.go:372: [put commit message into MsgDelivery channel]
P4-[pbft.CommitMsg]2021/09/27 23:21:13.269755 /root/study/github_repository/qb/pbft/pbft_network.go:372: [put commit message into MsgDelivery channel]
P4-[pbft.CommitMsg]2021/09/27 23:21:13.269810 /root/study/github_repository/qb/qbtx/qbtx.go:109: verify of tx success
P4-[pbft.PrePrepareMsg]2021/09/27 23:22:46.358277 /root/study/github_repository/qb/pbft/pbft_network.go:333: [put pre-prepare message into MsgDelivery channel]
P4-[pbft.CommitMsg]2021/09/27 23:22:46.362199 /root/study/github_repository/qb/pbft/pbft_network.go:363: [get a commit message,but don't put it into channel]
P4-[pbft.CommitMsg]2021/09/27 23:22:46.362540 /root/study/github_repository/qb/pbft/pbft_network.go:372: [put commit message into MsgDelivery channel]
