P2-[pbft.PrePrepareMsg]2021/09/27 22:17:04.446682 /root/study/github_repository/qb/pbft/pbft_network.go:325: [put pre-prepare message into MsgDelivery channel]
P2-[pbft.CommitMsg]2021/09/27 22:17:04.452431 /root/study/github_repository/qb/pbft/pbft_network.go:364: [put commit message into MsgDelivery channel]
P2-[pbft.CommitMsg]2021/09/27 22:17:04.452727 /root/study/github_repository/qb/qbtx/qbtx.go:109: verify of tx success
P2-[pbft.CommitMsg]2021/09/27 22:17:04.453042 /root/study/github_repository/qb/pbft/pbft_network.go:364: [put commit message into MsgDelivery channel]
P2-[pbft.CommitMsg]2021/09/27 22:17:04.638224 /root/study/github_repository/qb/pbft/pbft_network.go:355: [get a commit message,but don't put it into channel]
P2-[pbft.PrePrepareMsg]2021/09/27 22:35:30.525442 /root/study/github_repository/qb/pbft/pbft_network.go:327: [put pre-prepare message into MsgDelivery channel]
P2-[get commitMsg]2021/09/27 22:35:30.529074 /root/study/github_repository/qb/pbft/pbft_network.go:600: put commit message into broadcast channel
P2-[pbft.PrepareMsg]2021/09/27 22:35:30.529180 /root/study/github_repository/qb/pbft/pbft_network.go:340: [get a prepare message,but don't put it into channel]
P2-[pbft.CommitMsg]2021/09/27 22:35:30.530458 /root/study/github_repository/qb/pbft/pbft_network.go:366: [put commit message into MsgDelivery channel]
P2-[pbft.CommitMsg]2021/09/27 22:35:30.531008 /root/study/github_repository/qb/pbft/pbft_network.go:366: [put commit message into MsgDelivery channel]
P2-[pbft.CommitMsg]2021/09/27 22:35:30.533397 /root/study/github_repository/qb/pbft/pbft_network.go:357: [get a commit message,but don't put it into channel]
P2-[pbft.PrePrepareMsg]2021/09/27 22:41:11.041050 /root/study/github_repository/qb/pbft/pbft_network.go:332: [put pre-prepare message into MsgDelivery channel]
P2-[pbft.PrepareMsg]2021/09/27 22:41:11.041800 /root/study/github_repository/qb/pbft/pbft_network.go:345: [get a prepare message,but don't put it into channel]
P2-[pbft.CommitMsg]2021/09/27 22:41:11.042844 /root/study/github_repository/qb/pbft/pbft_network.go:362: [get a commit message,but don't put it into channel]
P2-[pbft.CommitMsg]2021/09/27 22:41:11.043915 /root/study/github_repository/qb/pbft/pbft_network.go:362: [get a commit message,but don't put it into channel]
P2-[pbft.CommitMsg]2021/09/27 22:41:11.046579 /root/study/github_repository/qb/pbft/pbft_network.go:371: [put commit message into MsgDelivery channel]
P2-[pbft.PrePrepareMsg]2021/09/27 22:47:45.498199 /root/study/github_repository/qb/pbft/pbft_network.go:331: [put pre-prepare message into MsgDelivery channel]
P2-[pbft.PrepareMsg]2021/09/27 22:47:45.502991 /root/study/github_repository/qb/pbft/pbft_network.go:344: [get a prepare message,but don't put it into channel]
P2-[pbft.CommitMsg]2021/09/27 22:47:45.503441 /root/study/github_repository/qb/pbft/pbft_network.go:370: [put commit message into MsgDelivery channel]
P2-[pbft.CommitMsg]2021/09/27 22:47:45.504101 /root/study/github_repository/qb/pbft/pbft_network.go:370: [put commit message into MsgDelivery channel]
P2-[pbft.CommitMsg]2021/09/27 22:47:45.504982 /root/study/github_repository/qb/pbft/pbft_network.go:370: [put commit message into MsgDelivery channel]
P2-[pbft.CommitMsg]2021/09/27 22:47:45.505007 /root/study/github_repository/qb/qbtx/qbtx.go:109: verify of tx success
P2-[pbft.PrePrepareMsg]2021/09/27 22:51:30.732049 /root/study/github_repository/qb/pbft/pbft_network.go:331: [put pre-prepare message into MsgDelivery channel]
P2-[pbft.CommitMsg]2021/09/27 22:51:30.736534 /root/study/github_repository/qb/pbft/pbft_network.go:361: [get a commit message,but don't put it into channel]
P2-[pbft.CommitMsg]2021/09/27 22:51:30.736768 /root/study/github_repository/qb/pbft/pbft_network.go:361: [get a commit message,but don't put it into channel]
P2-[pbft.PrePrepareMsg]2021/09/27 22:55:05.924826 /root/study/github_repository/qb/pbft/pbft_network.go:331: [put pre-prepare message into MsgDelivery channel]
P2-[pbft.CommitMsg]2021/09/27 22:55:05.930782 /root/study/github_repository/qb/pbft/pbft_network.go:370: [put commit message into MsgDelivery channel]
P2-[pbft.CommitMsg]2021/09/27 22:55:05.932287 /root/study/github_repository/qb/pbft/pbft_network.go:370: [put commit message into MsgDelivery channel]
P2-[pbft.CommitMsg]2021/09/27 22:55:05.933050 /root/study/github_repository/qb/pbft/pbft_network.go:370: [put commit message into MsgDelivery channel]
P2-[pbft.PrePrepareMsg]2021/09/27 22:59:33.105512 /root/study/github_repository/qb/pbft/pbft_network.go:331: [put pre-prepare message into MsgDelivery channel]
P2-[pbft.CommitMsg]2021/09/27 22:59:33.111069 /root/study/github_repository/qb/pbft/pbft_network.go:370: [put commit message into MsgDelivery channel]
P2-[pbft.CommitMsg]2021/09/27 22:59:33.112287 /root/study/github_repository/qb/pbft/pbft_network.go:370: [put commit message into MsgDelivery channel]
P2-[pbft.CommitMsg]2021/09/27 22:59:33.113271 /root/study/github_repository/qb/pbft/pbft_network.go:370: [put commit message into MsgDelivery channel]
P2-[pbft.PrePrepareMsg]2021/09/27 23:01:36.018632 /root/study/github_repository/qb/pbft/pbft_network.go:334: [put pre-prepare message into MsgDelivery channel]
P2-[pbft.CommitMsg]2021/09/27 23:01:36.024255 /root/study/github_repository/qb/pbft/pbft_network.go:373: [put commit message into MsgDelivery channel]
P2-[pbft.CommitMsg]2021/09/27 23:01:36.024979 /root/study/github_repository/qb/pbft/pbft_network.go:373: [put commit message into MsgDelivery channel]
P2-[pbft.CommitMsg]2021/09/27 23:01:36.026221 /root/study/github_repository/qb/pbft/pbft_network.go:373: [put commit message into MsgDelivery channel]
P2-[pbft.CommitMsg]2021/09/27 23:01:36.026513 /root/study/github_repository/qb/qbtx/qbtx.go:109: verify of tx success
P2-[pbft.PrePrepareMsg]2021/09/27 23:03:29.315672 /root/study/github_repository/qb/pbft/pbft_network.go:331: [put pre-prepare message into MsgDelivery channel]
P2-[pbft.CommitMsg]2021/09/27 23:03:29.323260 /root/study/github_repository/qb/pbft/pbft_network.go:370: [put commit message into MsgDelivery channel]
P2-[pbft.CommitMsg]2021/09/27 23:03:29.324094 /root/study/github_repository/qb/pbft/pbft_network.go:370: [put commit message into MsgDelivery channel]
P2-[pbft.CommitMsg]2021/09/27 23:03:29.325086 /root/study/github_repository/qb/pbft/pbft_network.go:370: [put commit message into MsgDelivery channel]
P2-[pbft.PrePrepareMsg]2021/09/27 23:04:29.367312 /root/study/github_repository/qb/pbft/pbft_network.go:331: [put pre-prepare message into MsgDelivery channel]
P2-[pbft.CommitMsg]2021/09/27 23:04:29.371553 /root/study/github_repository/qb/pbft/pbft_network.go:361: [get a commit message,but don't put it into channel]
P2-[pbft.CommitMsg]2021/09/27 23:04:29.371666 /root/study/github_repository/qb/pbft/pbft_network.go:361: [get a commit message,but don't put it into channel]
P2-[pbft.PrePrepareMsg]2021/09/27 23:05:18.504734 /root/study/github_repository/qb/pbft/pbft_network.go:331: [put pre-prepare message into MsgDelivery channel]
P2-[pbft.CommitMsg]2021/09/27 23:05:18.509786 /root/study/github_repository/qb/pbft/pbft_network.go:370: [put commit message into MsgDelivery channel]
P2-[pbft.CommitMsg]2021/09/27 23:05:18.510420 /root/study/github_repository/qb/pbft/pbft_network.go:370: [put commit message into MsgDelivery channel]
P2-[pbft.CommitMsg]2021/09/27 23:05:18.511305 /root/study/github_repository/qb/pbft/pbft_network.go:370: [put commit message into MsgDelivery channel]
P2-[pbft.PrePrepareMsg]2021/09/27 23:10:24.866371 /root/study/github_repository/qb/pbft/pbft_network.go:331: [put pre-prepare message into MsgDelivery channel]
P2-[pbft.PrepareMsg]2021/09/27 23:10:24.870498 /root/study/github_repository/qb/pbft/pbft_network.go:344: [get a prepare message,but don't put it into channel]
P2-[pbft.CommitMsg]2021/09/27 23:10:24.870915 /root/study/github_repository/qb/pbft/pbft_network.go:370: [put commit message into MsgDelivery channel]
P2-[pbft.CommitMsg]2021/09/27 23:10:24.871921 /root/study/github_repository/qb/pbft/pbft_network.go:370: [put commit message into MsgDelivery channel]
P2-[pbft.CommitMsg]2021/09/27 23:10:24.873219 /root/study/github_repository/qb/pbft/pbft_network.go:361: [get a commit message,but don't put it into channel]
P2-[pbft.PrePrepareMsg]2021/09/27 23:17:23.992201 /root/study/github_repository/qb/pbft/pbft_network.go:335: [put pre-prepare message into MsgDelivery channel]
P2-[pbft.CommitMsg]2021/09/27 23:17:23.996819 /root/study/github_repository/qb/pbft/pbft_network.go:374: [put commit message into MsgDelivery channel]
P2-[pbft.CommitMsg]2021/09/27 23:17:23.997695 /root/study/github_repository/qb/pbft/pbft_network.go:374: [put commit message into MsgDelivery channel]
P2-[pbft.CommitMsg]2021/09/27 23:17:23.998057 /root/study/github_repository/qb/qbtx/qbtx.go:109: verify of tx success
P2-[pbft.CommitMsg]2021/09/27 23:17:23.998727 /root/study/github_repository/qb/pbft/pbft_network.go:365: [get a commit message,but don't put it into channel]
P2-[pbft.PrePrepareMsg]2021/09/27 23:20:07.958556 /root/study/github_repository/qb/pbft/pbft_network.go:333: [put pre-prepare message into MsgDelivery channel]
P2-[pbft.CommitMsg]2021/09/27 23:20:07.963715 /root/study/github_repository/qb/pbft/pbft_network.go:372: [put commit message into MsgDelivery channel]
P2-[pbft.CommitMsg]2021/09/27 23:20:07.964611 /root/study/github_repository/qb/pbft/pbft_network.go:372: [put commit message into MsgDelivery channel]
P2-[pbft.CommitMsg]2021/09/27 23:20:07.965579 /root/study/github_repository/qb/pbft/pbft_network.go:363: [get a commit message,but don't put it into channel]
P2-[pbft.PrePrepareMsg]2021/09/27 23:21:13.263025 /root/study/github_repository/qb/pbft/pbft_network.go:333: [put pre-prepare message into MsgDelivery channel]
P2-[pbft.PrepareMsg]2021/09/27 23:21:13.265817 /root/study/github_repository/qb/pbft/pbft_network.go:346: [get a prepare message,but don't put it into channel]
P2-[pbft.CommitMsg]2021/09/27 23:21:13.267292 /root/study/github_repository/qb/pbft/pbft_network.go:372: [put commit message into MsgDelivery channel]
P2-[pbft.CommitMsg]2021/09/27 23:21:13.268063 /root/study/github_repository/qb/pbft/pbft_network.go:372: [put commit message into MsgDelivery channel]
P2-[pbft.CommitMsg]2021/09/27 23:21:13.268995 /root/study/github_repository/qb/pbft/pbft_network.go:372: [put commit message into MsgDelivery channel]
P2-[pbft.CommitMsg]2021/09/27 23:21:13.269065 /root/study/github_repository/qb/qbtx/qbtx.go:109: verify of tx success
P2-[pbft.PrePrepareMsg]2021/09/27 23:22:46.358919 /root/study/github_repository/qb/pbft/pbft_network.go:333: [put pre-prepare message into MsgDelivery channel]
P2-[pbft.CommitMsg]2021/09/27 23:22:46.362368 /root/study/github_repository/qb/pbft/pbft_network.go:372: [put commit message into MsgDelivery channel]
P2-[pbft.CommitMsg]2021/09/27 23:22:46.362889 /root/study/github_repository/qb/pbft/pbft_network.go:372: [put commit message into MsgDelivery channel]
P2-[pbft.CommitMsg]2021/09/27 23:22:46.363163 /root/study/github_repository/qb/qbtx/qbtx.go:109: verify of tx success
