P3-[pbft.PrePrepareMsg]2021/09/27 22:17:04.448048 /root/study/github_repository/qb/pbft/pbft_network.go:325: [put pre-prepare message into MsgDelivery channel]
P3-[pbft.PrepareMsg]2021/09/27 22:17:04.449225 /root/study/github_repository/qb/pbft/pbft_network.go:338: [get a prepare message,but don't put it into channel]
P3-[pbft.CommitMsg]2021/09/27 22:17:04.453214 /root/study/github_repository/qb/pbft/pbft_network.go:364: [put commit message into MsgDelivery channel]
P3-[pbft.CommitMsg]2021/09/27 22:17:04.453226 /root/study/github_repository/qb/pbft/pbft_network.go:364: [put commit message into MsgDelivery channel]
P3-[pbft.CommitMsg]2021/09/27 22:17:04.638561 /root/study/github_repository/qb/pbft/pbft_network.go:355: [get a commit message,but don't put it into channel]
P3-[pbft.PrepareMsg]2021/09/27 22:35:30.526209 /root/study/github_repository/qb/pbft/pbft_network.go:340: [get a prepare message,but don't put it into channel]
P3-[pbft.PrePrepareMsg]2021/09/27 22:35:30.526222 /root/study/github_repository/qb/pbft/pbft_network.go:327: [put pre-prepare message into MsgDelivery channel]
P3-[pbft.CommitMsg]2021/09/27 22:35:30.529772 /root/study/github_repository/qb/pbft/pbft_network.go:357: [get a commit message,but don't put it into channel]
P3-[pbft.CommitMsg]2021/09/27 22:35:30.529839 /root/study/github_repository/qb/qbtx/qbtx.go:109: verify of tx success
P3-[pbft.CommitMsg]2021/09/27 22:35:30.531669 /root/study/github_repository/qb/pbft/pbft_network.go:366: [put commit message into MsgDelivery channel]
P3-[pbft.CommitMsg]2021/09/27 22:35:30.533662 /root/study/github_repository/qb/pbft/pbft_network.go:366: [put commit message into MsgDelivery channel]
P3-[pbft.CommitMsg]2021/09/27 22:35:30.533802 /root/study/github_repository/qb/qbtx/qbtx.go:109: verify of tx success
P3-[pbft.PrePrepareMsg]2021/09/27 22:41:11.038759 /root/study/github_repository/qb/pbft/pbft_network.go:332: [put pre-prepare message into MsgDelivery channel]
P3-[pbft.PrepareMsg]2021/09/27 22:41:11.043463 /root/study/github_repository/qb/pbft/pbft_network.go:345: [get a prepare message,but don't put it into channel]
P3-[pbft.CommitMsg]2021/09/27 22:41:11.044116 /root/study/github_repository/qb/pbft/pbft_network.go:371: [put commit message into MsgDelivery channel]
P3-[pbft.CommitMsg]2021/09/27 22:41:11.046344 /root/study/github_repository/qb/pbft/pbft_network.go:371: [put commit message into MsgDelivery channel]
P3-[pbft.CommitMsg]2021/09/27 22:41:11.047317 /root/study/github_repository/qb/pbft/pbft_network.go:371: [put commit message into MsgDelivery channel]
P3-[pbft.PrePrepareMsg]2021/09/27 22:47:45.498921 /root/study/github_repository/qb/pbft/pbft_network.go:331: [put pre-prepare message into MsgDelivery channel]
P3-[pbft.PrepareMsg]2021/09/27 22:47:45.503504 /root/study/github_repository/qb/pbft/pbft_network.go:344: [get a prepare message,but don't put it into channel]
P3-[pbft.CommitMsg]2021/09/27 22:47:45.503887 /root/study/github_repository/qb/pbft/pbft_network.go:370: [put commit message into MsgDelivery channel]
P3-[pbft.CommitMsg]2021/09/27 22:47:45.504711 /root/study/github_repository/qb/pbft/pbft_network.go:370: [put commit message into MsgDelivery channel]
P3-[pbft.CommitMsg]2021/09/27 22:47:45.504816 /root/study/github_repository/qb/qbtx/qbtx.go:109: verify of tx success
P3-[pbft.CommitMsg]2021/09/27 22:47:45.505338 /root/study/github_repository/qb/pbft/pbft_network.go:370: [put commit message into MsgDelivery channel]
P3-[pbft.CommitMsg]2021/09/27 22:47:45.505504 /root/study/github_repository/qb/qbtx/qbtx.go:109: verify of tx success
P3-[pbft.PrePrepareMsg]2021/09/27 22:55:05.925726 /root/study/github_repository/qb/pbft/pbft_network.go:331: [put pre-prepare message into MsgDelivery channel]
P3-[pbft.PrepareMsg]2021/09/27 22:55:05.929448 /root/study/github_repository/qb/pbft/pbft_network.go:344: [get a prepare message,but don't put it into channel]
P3-[pbft.CommitMsg]2021/09/27 22:55:05.930619 /root/study/github_repository/qb/pbft/pbft_network.go:370: [put commit message into MsgDelivery channel]
P3-[pbft.CommitMsg]2021/09/27 22:55:05.931327 /root/study/github_repository/qb/pbft/pbft_network.go:370: [put commit message into MsgDelivery channel]
P3-[pbft.CommitMsg]2021/09/27 22:55:05.931526 /root/study/github_repository/qb/qbtx/qbtx.go:109: verify of tx success
P3-[pbft.CommitMsg]2021/09/27 22:55:05.932580 /root/study/github_repository/qb/pbft/pbft_network.go:361: [get a commit message,but don't put it into channel]
P3-[pbft.PrePrepareMsg]2021/09/27 22:59:33.106401 /root/study/github_repository/qb/pbft/pbft_network.go:331: [put pre-prepare message into MsgDelivery channel]
P3-[pbft.PrepareMsg]2021/09/27 22:59:33.109692 /root/study/github_repository/qb/pbft/pbft_network.go:344: [get a prepare message,but don't put it into channel]
P3-[pbft.CommitMsg]2021/09/27 22:59:33.110548 /root/study/github_repository/qb/pbft/pbft_network.go:370: [put commit message into MsgDelivery channel]
P3-[pbft.CommitMsg]2021/09/27 22:59:33.111301 /root/study/github_repository/qb/pbft/pbft_network.go:370: [put commit message into MsgDelivery channel]
P3-[pbft.CommitMsg]2021/09/27 22:59:33.112732 /root/study/github_repository/qb/pbft/pbft_network.go:361: [get a commit message,but don't put it into channel]
P3-[pbft.PrePrepareMsg]2021/09/27 23:01:36.019489 /root/study/github_repository/qb/pbft/pbft_network.go:334: [put pre-prepare message into MsgDelivery channel]
P3-[pbft.CommitMsg]2021/09/27 23:01:36.024001 /root/study/github_repository/qb/pbft/pbft_network.go:364: [get a commit message,but don't put it into channel]
P3-[pbft.CommitMsg]2021/09/27 23:01:36.025364 /root/study/github_repository/qb/pbft/pbft_network.go:373: [put commit message into MsgDelivery channel]
P3-[pbft.CommitMsg]2021/09/27 23:01:36.027384 /root/study/github_repository/qb/pbft/pbft_network.go:373: [put commit message into MsgDelivery channel]
P3-[pbft.PrePrepareMsg]2021/09/27 23:03:29.317750 /root/study/github_repository/qb/pbft/pbft_network.go:331: [put pre-prepare message into MsgDelivery channel]
P3-[pbft.PrepareMsg]2021/09/27 23:03:29.322062 /root/study/github_repository/qb/pbft/pbft_network.go:344: [get a prepare message,but don't put it into channel]
P3-[pbft.CommitMsg]2021/09/27 23:03:29.323330 /root/study/github_repository/qb/pbft/pbft_network.go:370: [put commit message into MsgDelivery channel]
P3-[pbft.CommitMsg]2021/09/27 23:03:29.325100 /root/study/github_repository/qb/pbft/pbft_network.go:370: [put commit message into MsgDelivery channel]
P3-[pbft.PrePrepareMsg]2021/09/27 23:05:18.505342 /root/study/github_repository/qb/pbft/pbft_network.go:331: [put pre-prepare message into MsgDelivery channel]
P3-[pbft.CommitMsg]2021/09/27 23:05:18.509009 /root/study/github_repository/qb/pbft/pbft_network.go:370: [put commit message into MsgDelivery channel]
P3-[pbft.CommitMsg]2021/09/27 23:05:18.509987 /root/study/github_repository/qb/pbft/pbft_network.go:370: [put commit message into MsgDelivery channel]
P3-[pbft.CommitMsg]2021/09/27 23:05:18.510817 /root/study/github_repository/qb/pbft/pbft_network.go:361: [get a commit message,but don't put it into channel]
P3-[pbft.PrePrepareMsg]2021/09/27 23:06:27.165111 /root/study/github_repository/qb/pbft/pbft_network.go:331: [put pre-prepare message into MsgDelivery channel]
P3-[pbft.CommitMsg]2021/09/27 23:06:27.170271 /root/study/github_repository/qb/pbft/pbft_network.go:370: [put commit message into MsgDelivery channel]
P3-[pbft.CommitMsg]2021/09/27 23:06:27.359829 /root/study/github_repository/qb/pbft/pbft_network.go:370: [put commit message into MsgDelivery channel]
P3-[pbft.PrePrepareMsg]2021/09/27 23:10:24.867038 /root/study/github_repository/qb/pbft/pbft_network.go:331: [put pre-prepare message into MsgDelivery channel]
P3-[pbft.PrepareMsg]2021/09/27 23:10:24.870899 /root/study/github_repository/qb/pbft/pbft_network.go:344: [get a prepare message,but don't put it into channel]
P3-[pbft.CommitMsg]2021/09/27 23:10:24.871966 /root/study/github_repository/qb/pbft/pbft_network.go:370: [put commit message into MsgDelivery channel]
P3-[pbft.CommitMsg]2021/09/27 23:10:24.873069 /root/study/github_repository/qb/pbft/pbft_network.go:370: [put commit message into MsgDelivery channel]
P3-[pbft.CommitMsg]2021/09/27 23:10:24.873428 /root/study/github_repository/qb/pbft/pbft_network.go:361: [get a commit message,but don't put it into channel]
P3-[pbft.PrePrepareMsg]2021/09/27 23:17:08.074237 /root/study/github_repository/qb/pbft/pbft_network.go:335: [put pre-prepare message into MsgDelivery channel]
P3-[pbft.PrePrepareMsg]2021/09/27 23:17:23.992866 /root/study/github_repository/qb/pbft/pbft_network.go:335: [put pre-prepare message into MsgDelivery channel]
P3-[pbft.PrepareMsg]2021/09/27 23:17:23.996246 /root/study/github_repository/qb/pbft/pbft_network.go:348: [get a prepare message,but don't put it into channel]
P3-[pbft.CommitMsg]2021/09/27 23:17:23.997579 /root/study/github_repository/qb/pbft/pbft_network.go:374: [put commit message into MsgDelivery channel]
P3-[pbft.CommitMsg]2021/09/27 23:17:23.998400 /root/study/github_repository/qb/pbft/pbft_network.go:374: [put commit message into MsgDelivery channel]
P3-[pbft.PrePrepareMsg]2021/09/27 23:20:07.959673 /root/study/github_repository/qb/pbft/pbft_network.go:333: [put pre-prepare message into MsgDelivery channel]
P3-[pbft.PrepareMsg]2021/09/27 23:20:07.960556 /root/study/github_repository/qb/pbft/pbft_network.go:346: [get a prepare message,but don't put it into channel]
P3-[pbft.CommitMsg]2021/09/27 23:20:07.963810 /root/study/github_repository/qb/pbft/pbft_network.go:363: [get a commit message,but don't put it into channel]
P3-[pbft.CommitMsg]2021/09/27 23:20:07.963829 /root/study/github_repository/qb/pbft/pbft_network.go:363: [get a commit message,but don't put it into channel]
P3-[pbft.CommitMsg]2021/09/27 23:20:07.965489 /root/study/github_repository/qb/pbft/pbft_network.go:372: [put commit message into MsgDelivery channel]
P3-[pbft.PrePrepareMsg]2021/09/27 23:21:13.263640 /root/study/github_repository/qb/pbft/pbft_network.go:333: [put pre-prepare message into MsgDelivery channel]
P3-[pbft.PrepareMsg]2021/09/27 23:21:13.264899 /root/study/github_repository/qb/pbft/pbft_network.go:346: [get a prepare message,but don't put it into channel]
P3-[pbft.CommitMsg]2021/09/27 23:21:13.266705 /root/study/github_repository/qb/pbft/pbft_network.go:363: [get a commit message,but don't put it into channel]
P3-[pbft.CommitMsg]2021/09/27 23:21:13.267966 /root/study/github_repository/qb/pbft/pbft_network.go:372: [put commit message into MsgDelivery channel]
P3-[pbft.CommitMsg]2021/09/27 23:21:13.269230 /root/study/github_repository/qb/pbft/pbft_network.go:363: [get a commit message,but don't put it into channel]
