P1-prepare2021/09/27 22:17:04.448657 /root/study/github_repository/qb/pbft/pbft_network.go:145: receive a prepare message
P1-[pbft.PrepareMsg]2021/09/27 22:17:04.448730 /root/study/github_repository/qb/pbft/pbft_network.go:347: [put prepare message into MsgDelivery channel]
P1-prepare2021/09/27 22:17:04.450332 /root/study/github_repository/qb/pbft/pbft_network.go:145: receive a prepare message
P1-[pbft.PrepareMsg]2021/09/27 22:17:04.450396 /root/study/github_repository/qb/pbft/pbft_network.go:347: [put prepare message into MsgDelivery channel]
P1-prepare2021/09/27 22:17:04.451196 /root/study/github_repository/qb/pbft/pbft_network.go:145: receive a prepare message
P1-commit2021/09/27 22:17:04.452772 /root/study/github_repository/qb/pbft/pbft_network.go:161: receive a commit message
P1-commit2021/09/27 22:17:04.452855 /root/study/github_repository/qb/pbft/pbft_network.go:161: receive a commit message
P1-commit2021/09/27 22:17:04.637639 /root/study/github_repository/qb/pbft/pbft_network.go:161: receive a commit message
P1-prepare2021/09/27 22:35:30.526625 /root/study/github_repository/qb/pbft/pbft_network.go:147: receive a prepare message
P1-[pbft.PrepareMsg]2021/09/27 22:35:30.526738 /root/study/github_repository/qb/pbft/pbft_network.go:349: [put prepare message into MsgDelivery channel]
P1-prepare2021/09/27 22:35:30.527998 /root/study/github_repository/qb/pbft/pbft_network.go:147: receive a prepare message
P1-[pbft.PrepareMsg]2021/09/27 22:35:30.528051 /root/study/github_repository/qb/pbft/pbft_network.go:349: [put prepare message into MsgDelivery channel]
P1-prepare2021/09/27 22:35:30.529862 /root/study/github_repository/qb/pbft/pbft_network.go:147: receive a prepare message
P1-commit2021/09/27 22:35:30.530014 /root/study/github_repository/qb/pbft/pbft_network.go:163: receive a commit message
P1-commit2021/09/27 22:35:30.532060 /root/study/github_repository/qb/pbft/pbft_network.go:163: receive a commit message
P1-commit2021/09/27 22:35:30.532934 /root/study/github_repository/qb/pbft/pbft_network.go:163: receive a commit message
P1-prepare2021/09/27 22:41:11.041332 /root/study/github_repository/qb/pbft/pbft_network.go:147: receive a prepare message
P1-[pbft.PrepareMsg]2021/09/27 22:41:11.041387 /root/study/github_repository/qb/pbft/pbft_network.go:354: [put prepare message into MsgDelivery channel]
P1-prepare2021/09/27 22:41:11.042022 /root/study/github_repository/qb/pbft/pbft_network.go:147: receive a prepare message
P1-[pbft.PrepareMsg]2021/09/27 22:41:11.042101 /root/study/github_repository/qb/pbft/pbft_network.go:354: [put prepare message into MsgDelivery channel]
P1-prepare2021/09/27 22:41:11.042843 /root/study/github_repository/qb/pbft/pbft_network.go:147: receive a prepare message
P1-commit2021/09/27 22:41:11.043560 /root/study/github_repository/qb/pbft/pbft_network.go:163: receive a commit message
P1-commit2021/09/27 22:41:11.043630 /root/study/github_repository/qb/qbtx/qbtx.go:109: verify of tx success
P1-commit2021/09/27 22:41:11.045761 /root/study/github_repository/qb/pbft/pbft_network.go:163: receive a commit message
P1-prepare2021/09/27 22:47:45.499912 /root/study/github_repository/qb/pbft/pbft_network.go:147: receive a prepare message
P1-[pbft.PrepareMsg]2021/09/27 22:47:45.500032 /root/study/github_repository/qb/pbft/pbft_network.go:353: [put prepare message into MsgDelivery channel]
P1-prepare2021/09/27 22:47:45.501823 /root/study/github_repository/qb/pbft/pbft_network.go:147: receive a prepare message
P1-[pbft.PrepareMsg]2021/09/27 22:47:45.501896 /root/study/github_repository/qb/pbft/pbft_network.go:353: [put prepare message into MsgDelivery channel]
P1-prepare2021/09/27 22:47:45.502715 /root/study/github_repository/qb/pbft/pbft_network.go:147: receive a prepare message
P1-commit2021/09/27 22:47:45.503636 /root/study/github_repository/qb/pbft/pbft_network.go:163: receive a commit message
P1-commit2021/09/27 22:47:45.503688 /root/study/github_repository/qb/pbft/pbft_network.go:163: receive a commit message
P1-commit2021/09/27 22:47:45.503954 /root/study/github_repository/qb/qbtx/qbtx.go:109: verify of tx success
P1-commit2021/09/27 22:47:45.504393 /root/study/github_repository/qb/pbft/pbft_network.go:163: receive a commit message
P1-commit2021/09/27 22:47:45.504670 /root/study/github_repository/qb/qbtx/qbtx.go:109: verify of tx success
P1-prepare2021/09/27 22:51:30.734280 /root/study/github_repository/qb/pbft/pbft_network.go:147: receive a prepare message
P1-[pbft.PrepareMsg]2021/09/27 22:51:30.734396 /root/study/github_repository/qb/pbft/pbft_network.go:353: [put prepare message into MsgDelivery channel]
P1-prepare2021/09/27 22:51:30.735087 /root/study/github_repository/qb/pbft/pbft_network.go:147: receive a prepare message
P1-[pbft.PrepareMsg]2021/09/27 22:51:30.735157 /root/study/github_repository/qb/pbft/pbft_network.go:353: [put prepare message into MsgDelivery channel]
P1-commit2021/09/27 22:51:30.736240 /root/study/github_repository/qb/pbft/pbft_network.go:163: receive a commit message
P1-commit2021/09/27 22:51:30.737250 /root/study/github_repository/qb/pbft/pbft_network.go:163: receive a commit message
P1-prepare2021/09/27 22:55:05.926987 /root/study/github_repository/qb/pbft/pbft_network.go:147: receive a prepare message
P1-[pbft.PrepareMsg]2021/09/27 22:55:05.927066 /root/study/github_repository/qb/pbft/pbft_network.go:353: [put prepare message into MsgDelivery channel]
P1-prepare2021/09/27 22:55:05.928197 /root/study/github_repository/qb/pbft/pbft_network.go:147: receive a prepare message
P1-[pbft.PrepareMsg]2021/09/27 22:55:05.928296 /root/study/github_repository/qb/pbft/pbft_network.go:353: [put prepare message into MsgDelivery channel]
P1-prepare2021/09/27 22:55:05.928460 /root/study/github_repository/qb/pbft/pbft_network.go:147: receive a prepare message
P1-prepare2021/09/27 22:55:05.928706 /root/study/github_repository/qb/qbtx/qbtx.go:109: verify of tx success
P1-commit2021/09/27 22:55:05.929800 /root/study/github_repository/qb/pbft/pbft_network.go:163: receive a commit message
P1-commit2021/09/27 22:55:05.929892 /root/study/github_repository/qb/qbtx/qbtx.go:109: verify of tx success
P1-commit2021/09/27 22:55:05.930310 /root/study/github_repository/qb/pbft/pbft_network.go:163: receive a commit message
P1-commit2021/09/27 22:55:05.930444 /root/study/github_repository/qb/qbtx/qbtx.go:109: verify of tx success
P1-commit2021/09/27 22:55:05.930831 /root/study/github_repository/qb/pbft/pbft_network.go:163: receive a commit message
P1-prepare2021/09/27 22:59:33.107406 /root/study/github_repository/qb/pbft/pbft_network.go:147: receive a prepare message
P1-[pbft.PrepareMsg]2021/09/27 22:59:33.107482 /root/study/github_repository/qb/pbft/pbft_network.go:353: [put prepare message into MsgDelivery channel]
P1-prepare2021/09/27 22:59:33.108789 /root/study/github_repository/qb/pbft/pbft_network.go:147: receive a prepare message
P1-[pbft.PrepareMsg]2021/09/27 22:59:33.108872 /root/study/github_repository/qb/pbft/pbft_network.go:353: [put prepare message into MsgDelivery channel]
P1-prepare2021/09/27 22:59:33.109335 /root/study/github_repository/qb/pbft/pbft_network.go:147: receive a prepare message
P1-commit2021/09/27 22:59:33.110495 /root/study/github_repository/qb/pbft/pbft_network.go:163: receive a commit message
P1-commit2021/09/27 22:59:33.110840 /root/study/github_repository/qb/pbft/pbft_network.go:163: receive a commit message
P1-commit2021/09/27 22:59:33.110933 /root/study/github_repository/qb/qbtx/qbtx.go:109: verify of tx success
P1-commit2021/09/27 22:59:33.111460 /root/study/github_repository/qb/pbft/pbft_network.go:163: receive a commit message
P1-commit2021/09/27 22:59:33.111568 /root/study/github_repository/qb/qbtx/qbtx.go:109: verify of tx success
P1-prepare2021/09/27 23:01:36.021432 /root/study/github_repository/qb/pbft/pbft_network.go:147: receive a prepare message
P1-[pbft.PrepareMsg]2021/09/27 23:01:36.021545 /root/study/github_repository/qb/pbft/pbft_network.go:356: [put prepare message into MsgDelivery channel]
P1-prepare2021/09/27 23:01:36.021965 /root/study/github_repository/qb/pbft/pbft_network.go:147: receive a prepare message
P1-prepare2021/09/27 23:01:36.022397 /root/study/github_repository/qb/pbft/pbft_network.go:147: receive a prepare message
P1-prepare2021/09/27 23:01:36.022571 /root/study/github_repository/qb/qbtx/qbtx.go:109: verify of tx success
P1-commit2021/09/27 23:01:36.024418 /root/study/github_repository/qb/pbft/pbft_network.go:163: receive a commit message
P1-commit2021/09/27 23:01:36.024571 /root/study/github_repository/qb/pbft/pbft_network.go:163: receive a commit message
P1-commit2021/09/27 23:01:36.024824 /root/study/github_repository/qb/qbtx/qbtx.go:109: verify of tx success
P1-commit2021/09/27 23:01:36.025122 /root/study/github_repository/qb/pbft/pbft_network.go:163: receive a commit message
P1-commit2021/09/27 23:01:36.025404 /root/study/github_repository/qb/qbtx/qbtx.go:109: verify of tx success
P1-prepare2021/09/27 23:03:29.318434 /root/study/github_repository/qb/pbft/pbft_network.go:147: receive a prepare message
P1-prepare2021/09/27 23:03:29.320216 /root/study/github_repository/qb/pbft/pbft_network.go:147: receive a prepare message
P1-[pbft.PrepareMsg]2021/09/27 23:03:29.320297 /root/study/github_repository/qb/pbft/pbft_network.go:353: [put prepare message into MsgDelivery channel]
P1-prepare2021/09/27 23:03:29.320883 /root/study/github_repository/qb/pbft/pbft_network.go:147: receive a prepare message
P1-commit2021/09/27 23:03:29.322181 /root/study/github_repository/qb/pbft/pbft_network.go:163: receive a commit message
P1-commit2021/09/27 23:03:29.322694 /root/study/github_repository/qb/pbft/pbft_network.go:163: receive a commit message
P1-commit2021/09/27 23:03:29.322895 /root/study/github_repository/qb/qbtx/qbtx.go:109: verify of tx success
P1-commit2021/09/27 23:03:29.323201 /root/study/github_repository/qb/pbft/pbft_network.go:163: receive a commit message
P1-prepare2021/09/27 23:04:29.369142 /root/study/github_repository/qb/pbft/pbft_network.go:147: receive a prepare message
P1-[pbft.PrepareMsg]2021/09/27 23:04:29.369208 /root/study/github_repository/qb/pbft/pbft_network.go:353: [put prepare message into MsgDelivery channel]
P1-prepare2021/09/27 23:04:29.370304 /root/study/github_repository/qb/pbft/pbft_network.go:147: receive a prepare message
P1-[pbft.PrepareMsg]2021/09/27 23:04:29.370380 /root/study/github_repository/qb/pbft/pbft_network.go:353: [put prepare message into MsgDelivery channel]
P1-commit2021/09/27 23:04:29.371340 /root/study/github_repository/qb/pbft/pbft_network.go:163: receive a commit message
P1-commit2021/09/27 23:04:29.371989 /root/study/github_repository/qb/pbft/pbft_network.go:163: receive a commit message
P1-commit2021/09/27 23:04:29.372021 /root/study/github_repository/qb/qbtx/qbtx.go:109: verify of tx success
P1-prepare2021/09/27 23:05:18.506461 /root/study/github_repository/qb/pbft/pbft_network.go:147: receive a prepare message
P1-[pbft.PrepareMsg]2021/09/27 23:05:18.506534 /root/study/github_repository/qb/pbft/pbft_network.go:353: [put prepare message into MsgDelivery channel]
P1-prepare2021/09/27 23:05:18.507376 /root/study/github_repository/qb/pbft/pbft_network.go:147: receive a prepare message
P1-commit2021/09/27 23:05:18.507839 /root/study/github_repository/qb/pbft/pbft_network.go:163: receive a commit message
P1-prepare2021/09/27 23:05:18.508221 /root/study/github_repository/qb/pbft/pbft_network.go:147: receive a prepare message
P1-commit2021/09/27 23:05:18.509535 /root/study/github_repository/qb/pbft/pbft_network.go:163: receive a commit message
P1-commit2021/09/27 23:05:18.510030 /root/study/github_repository/qb/pbft/pbft_network.go:163: receive a commit message
P1-prepare2021/09/27 23:06:27.167766 /root/study/github_repository/qb/pbft/pbft_network.go:147: receive a prepare message
P1-[pbft.PrepareMsg]2021/09/27 23:06:27.167866 /root/study/github_repository/qb/pbft/pbft_network.go:353: [put prepare message into MsgDelivery channel]
P1-prepare2021/09/27 23:06:27.168179 /root/study/github_repository/qb/pbft/pbft_network.go:147: receive a prepare message
P1-prepare2021/09/27 23:06:27.168285 /root/study/github_repository/qb/qbtx/qbtx.go:109: verify of tx success
P1-commit2021/09/27 23:06:27.170157 /root/study/github_repository/qb/pbft/pbft_network.go:163: receive a commit message
P1-commit2021/09/27 23:06:27.358684 /root/study/github_repository/qb/pbft/pbft_network.go:163: receive a commit message
P1-prepare2021/09/27 23:10:24.868828 /root/study/github_repository/qb/pbft/pbft_network.go:147: receive a prepare message
P1-[pbft.PrepareMsg]2021/09/27 23:10:24.868911 /root/study/github_repository/qb/pbft/pbft_network.go:353: [put prepare message into MsgDelivery channel]
P1-prepare2021/09/27 23:10:24.869864 /root/study/github_repository/qb/pbft/pbft_network.go:147: receive a prepare message
P1-[pbft.PrepareMsg]2021/09/27 23:10:24.869888 /root/study/github_repository/qb/pbft/pbft_network.go:353: [put prepare message into MsgDelivery channel]
P1-prepare2021/09/27 23:10:24.869955 /root/study/github_repository/qb/pbft/pbft_network.go:147: receive a prepare message
P1-prepare2021/09/27 23:10:24.870268 /root/study/github_repository/qb/qbtx/qbtx.go:109: verify of tx success
P1-commit2021/09/27 23:10:24.871466 /root/study/github_repository/qb/pbft/pbft_network.go:163: receive a commit message
P1-commit2021/09/27 23:10:24.872401 /root/study/github_repository/qb/pbft/pbft_network.go:163: receive a commit message
P1-commit2021/09/27 23:10:24.872560 /root/study/github_repository/qb/qbtx/qbtx.go:109: verify of tx success
P1-commit2021/09/27 23:10:24.872876 /root/study/github_repository/qb/pbft/pbft_network.go:163: receive a commit message
P1-prepare2021/09/27 23:17:08.076513 /root/study/github_repository/qb/pbft/pbft_network.go:148: receive a prepare message
P1-[pbft.PrepareMsg]2021/09/27 23:17:08.076597 /root/study/github_repository/qb/pbft/pbft_network.go:357: [put prepare message into MsgDelivery channel]
P1-prepare2021/09/27 23:17:23.994530 /root/study/github_repository/qb/pbft/pbft_network.go:148: receive a prepare message
P1-[pbft.PrepareMsg]2021/09/27 23:17:23.994598 /root/study/github_repository/qb/pbft/pbft_network.go:357: [put prepare message into MsgDelivery channel]
P1-prepare2021/09/27 23:17:23.995285 /root/study/github_repository/qb/pbft/pbft_network.go:148: receive a prepare message
P1-[pbft.PrepareMsg]2021/09/27 23:17:23.995361 /root/study/github_repository/qb/pbft/pbft_network.go:357: [put prepare message into MsgDelivery channel]
P1-prepare2021/09/27 23:17:23.995691 /root/study/github_repository/qb/pbft/pbft_network.go:148: receive a prepare message
P1-prepare2021/09/27 23:17:23.995704 /root/study/github_repository/qb/qbtx/qbtx.go:109: verify of tx success
P1-commit2021/09/27 23:17:23.996645 /root/study/github_repository/qb/pbft/pbft_network.go:164: receive a commit message
P1-commit2021/09/27 23:17:23.996778 /root/study/github_repository/qb/qbtx/qbtx.go:109: verify of tx success
P1-commit2021/09/27 23:17:23.997148 /root/study/github_repository/qb/pbft/pbft_network.go:164: receive a commit message
P1-commit2021/09/27 23:17:23.997317 /root/study/github_repository/qb/qbtx/qbtx.go:109: verify of tx success
P1-commit2021/09/27 23:17:23.998184 /root/study/github_repository/qb/pbft/pbft_network.go:164: receive a commit message
P1-prepare2021/09/27 23:20:07.961514 /root/study/github_repository/qb/pbft/pbft_network.go:148: receive a prepare message
P1-[pbft.PrepareMsg]2021/09/27 23:20:07.961609 /root/study/github_repository/qb/pbft/pbft_network.go:355: [put prepare message into MsgDelivery channel]
P1-prepare2021/09/27 23:20:07.961636 /root/study/github_repository/qb/pbft/pbft_network.go:148: receive a prepare message
P1-prepare2021/09/27 23:20:07.962598 /root/study/github_repository/qb/pbft/pbft_network.go:148: receive a prepare message
P1-prepare2021/09/27 23:20:07.962639 /root/study/github_repository/qb/qbtx/qbtx.go:109: verify of tx success
P1-commit2021/09/27 23:20:07.963504 /root/study/github_repository/qb/pbft/pbft_network.go:164: receive a commit message
P1-commit2021/09/27 23:20:07.963625 /root/study/github_repository/qb/qbtx/qbtx.go:109: verify of tx success
P1-commit2021/09/27 23:20:07.964252 /root/study/github_repository/qb/qbtx/qbtx.go:109: verify of tx success
P1-commit2021/09/27 23:20:07.964253 /root/study/github_repository/qb/pbft/pbft_network.go:164: receive a commit message
P1-commit2021/09/27 23:20:07.965219 /root/study/github_repository/qb/pbft/pbft_network.go:164: receive a commit message
P1-prepare2021/09/27 23:21:13.264016 /root/study/github_repository/qb/pbft/pbft_network.go:148: receive a prepare message
P1-[pbft.PrepareMsg]2021/09/27 23:21:13.264125 /root/study/github_repository/qb/pbft/pbft_network.go:355: [put prepare message into MsgDelivery channel]
P1-prepare2021/09/27 23:21:13.265860 /root/study/github_repository/qb/pbft/pbft_network.go:148: receive a prepare message
P1-[pbft.PrepareMsg]2021/09/27 23:21:13.265930 /root/study/github_repository/qb/pbft/pbft_network.go:355: [put prepare message into MsgDelivery channel]
P1-commit2021/09/27 23:21:13.266405 /root/study/github_repository/qb/pbft/pbft_network.go:164: receive a commit message
P1-prepare2021/09/27 23:21:13.266837 /root/study/github_repository/qb/pbft/pbft_network.go:148: receive a prepare message
P1-commit2021/09/27 23:21:13.267708 /root/study/github_repository/qb/pbft/pbft_network.go:164: receive a commit message
P1-commit2021/09/27 23:21:13.267766 /root/study/github_repository/qb/pbft/pbft_network.go:164: receive a commit message
P1-prepare2021/09/27 23:22:46.359991 /root/study/github_repository/qb/pbft/pbft_network.go:148: receive a prepare message
P1-[pbft.PrepareMsg]2021/09/27 23:22:46.360070 /root/study/github_repository/qb/pbft/pbft_network.go:355: [put prepare message into MsgDelivery channel]
P1-prepare2021/09/27 23:22:46.360614 /root/study/github_repository/qb/pbft/pbft_network.go:148: receive a prepare message
P1-[pbft.PrepareMsg]2021/09/27 23:22:46.360686 /root/study/github_repository/qb/pbft/pbft_network.go:355: [put prepare message into MsgDelivery channel]
P1-commit2021/09/27 23:22:46.362079 /root/study/github_repository/qb/pbft/pbft_network.go:164: receive a commit message
P1-commit2021/09/27 23:22:46.362689 /root/study/github_repository/qb/pbft/pbft_network.go:164: receive a commit message
