P2-pre-prepare2021/09/27 22:17:04.446612 /root/study/github_repository/qb/pbft/pbft_network.go:128: receive a preprepare message
P2-prepare2021/09/27 22:17:04.450731 /root/study/github_repository/qb/pbft/pbft_network.go:145: receive a prepare message
P2-[pbft.PrepareMsg]2021/09/27 22:17:04.450796 /root/study/github_repository/qb/pbft/pbft_network.go:347: [put prepare message into MsgDelivery channel]
P2-prepare2021/09/27 22:17:04.451491 /root/study/github_repository/qb/pbft/pbft_network.go:145: receive a prepare message
P2-commit2021/09/27 22:17:04.452394 /root/study/github_repository/qb/pbft/pbft_network.go:161: receive a commit message
P2-commit2021/09/27 22:17:04.453000 /root/study/github_repository/qb/pbft/pbft_network.go:161: receive a commit message
P2-commit2021/09/27 22:17:04.638148 /root/study/github_repository/qb/pbft/pbft_network.go:161: receive a commit message
P2-pre-prepare2021/09/27 22:35:30.525352 /root/study/github_repository/qb/pbft/pbft_network.go:130: receive a preprepare message
P2-prepare2021/09/27 22:35:30.527542 /root/study/github_repository/qb/pbft/pbft_network.go:147: receive a prepare message
P2-[pbft.PrepareMsg]2021/09/27 22:35:30.527656 /root/study/github_repository/qb/pbft/pbft_network.go:349: [put prepare message into MsgDelivery channel]
P2-prepare2021/09/27 22:35:30.529045 /root/study/github_repository/qb/pbft/pbft_network.go:147: receive a prepare message
P2-commit2021/09/27 22:35:30.529432 /root/study/github_repository/qb/pbft/pbft_network.go:163: receive a commit message
P2-commit2021/09/27 22:35:30.530980 /root/study/github_repository/qb/pbft/pbft_network.go:163: receive a commit message
P2-commit2021/09/27 22:35:30.533343 /root/study/github_repository/qb/pbft/pbft_network.go:163: receive a commit message
P2-pre-prepare2021/09/27 22:41:11.040987 /root/study/github_repository/qb/pbft/pbft_network.go:130: receive a preprepare message
P2-prepare2021/09/27 22:41:11.041719 /root/study/github_repository/qb/pbft/pbft_network.go:147: receive a prepare message
P2-prepare2021/09/27 22:41:11.042724 /root/study/github_repository/qb/pbft/pbft_network.go:147: receive a prepare message
P2-[pbft.PrepareMsg]2021/09/27 22:41:11.042826 /root/study/github_repository/qb/pbft/pbft_network.go:354: [put prepare message into MsgDelivery channel]
P2-commit2021/09/27 22:41:11.042852 /root/study/github_repository/qb/pbft/pbft_network.go:163: receive a commit message
P2-commit2021/09/27 22:41:11.043834 /root/study/github_repository/qb/pbft/pbft_network.go:163: receive a commit message
P2-commit2021/09/27 22:41:11.046526 /root/study/github_repository/qb/pbft/pbft_network.go:163: receive a commit message
P2-pre-prepare2021/09/27 22:47:45.498084 /root/study/github_repository/qb/pbft/pbft_network.go:130: receive a preprepare message
P2-prepare2021/09/27 22:47:45.501280 /root/study/github_repository/qb/pbft/pbft_network.go:147: receive a prepare message
P2-prepare2021/09/27 22:47:45.502921 /root/study/github_repository/qb/pbft/pbft_network.go:147: receive a prepare message
P2-commit2021/09/27 22:47:45.503387 /root/study/github_repository/qb/pbft/pbft_network.go:163: receive a commit message
P2-commit2021/09/27 22:47:45.503978 /root/study/github_repository/qb/pbft/pbft_network.go:163: receive a commit message
P2-commit2021/09/27 22:47:45.504630 /root/study/github_repository/qb/pbft/pbft_network.go:163: receive a commit message
P2-pre-prepare2021/09/27 22:51:30.731934 /root/study/github_repository/qb/pbft/pbft_network.go:130: receive a preprepare message
P2-prepare2021/09/27 22:51:30.735608 /root/study/github_repository/qb/pbft/pbft_network.go:147: receive a prepare message
P2-[pbft.PrepareMsg]2021/09/27 22:51:30.735720 /root/study/github_repository/qb/pbft/pbft_network.go:353: [put prepare message into MsgDelivery channel]
P2-commit2021/09/27 22:51:30.736475 /root/study/github_repository/qb/pbft/pbft_network.go:163: receive a commit message
P2-commit2021/09/27 22:51:30.736711 /root/study/github_repository/qb/pbft/pbft_network.go:163: receive a commit message
P2-pre-prepare2021/09/27 22:55:05.924691 /root/study/github_repository/qb/pbft/pbft_network.go:130: receive a preprepare message
P2-prepare2021/09/27 22:55:05.928775 /root/study/github_repository/qb/pbft/pbft_network.go:147: receive a prepare message
P2-[pbft.PrepareMsg]2021/09/27 22:55:05.928864 /root/study/github_repository/qb/pbft/pbft_network.go:353: [put prepare message into MsgDelivery channel]
P2-prepare2021/09/27 22:55:05.929075 /root/study/github_repository/qb/pbft/pbft_network.go:147: receive a prepare message
P2-prepare2021/09/27 22:55:05.929211 /root/study/github_repository/qb/qbtx/qbtx.go:109: verify of tx success
P2-commit2021/09/27 22:55:05.930318 /root/study/github_repository/qb/pbft/pbft_network.go:163: receive a commit message
P2-commit2021/09/27 22:55:05.930443 /root/study/github_repository/qb/qbtx/qbtx.go:109: verify of tx success
P2-commit2021/09/27 22:55:05.930829 /root/study/github_repository/qb/pbft/pbft_network.go:163: receive a commit message
P2-commit2021/09/27 22:55:05.932310 /root/study/github_repository/qb/pbft/pbft_network.go:163: receive a commit message
P2-pre-prepare2021/09/27 22:59:33.105422 /root/study/github_repository/qb/pbft/pbft_network.go:130: receive a preprepare message
P2-prepare2021/09/27 22:59:33.109219 /root/study/github_repository/qb/pbft/pbft_network.go:147: receive a prepare message
P2-[pbft.PrepareMsg]2021/09/27 22:59:33.109292 /root/study/github_repository/qb/pbft/pbft_network.go:353: [put prepare message into MsgDelivery channel]
P2-prepare2021/09/27 22:59:33.109843 /root/study/github_repository/qb/pbft/pbft_network.go:147: receive a prepare message
P2-commit2021/09/27 22:59:33.111027 /root/study/github_repository/qb/pbft/pbft_network.go:163: receive a commit message
P2-commit2021/09/27 22:59:33.111273 /root/study/github_repository/qb/pbft/pbft_network.go:163: receive a commit message
P2-commit2021/09/27 22:59:33.111614 /root/study/github_repository/qb/qbtx/qbtx.go:109: verify of tx success
P2-commit2021/09/27 22:59:33.112325 /root/study/github_repository/qb/pbft/pbft_network.go:163: receive a commit message
P2-pre-prepare2021/09/27 23:01:36.018516 /root/study/github_repository/qb/pbft/pbft_network.go:130: receive a preprepare message
P2-prepare2021/09/27 23:01:36.022011 /root/study/github_repository/qb/pbft/pbft_network.go:147: receive a prepare message
P2-[pbft.PrepareMsg]2021/09/27 23:01:36.022087 /root/study/github_repository/qb/pbft/pbft_network.go:356: [put prepare message into MsgDelivery channel]
P2-prepare2021/09/27 23:01:36.022829 /root/study/github_repository/qb/pbft/pbft_network.go:147: receive a prepare message
P2-commit2021/09/27 23:01:36.023545 /root/study/github_repository/qb/pbft/pbft_network.go:163: receive a commit message
P2-commit2021/09/27 23:01:36.023626 /root/study/github_repository/qb/qbtx/qbtx.go:109: verify of tx success
P2-commit2021/09/27 23:01:36.024930 /root/study/github_repository/qb/pbft/pbft_network.go:163: receive a commit message
P2-commit2021/09/27 23:01:36.025407 /root/study/github_repository/qb/qbtx/qbtx.go:109: verify of tx success
P2-commit2021/09/27 23:01:36.025409 /root/study/github_repository/qb/pbft/pbft_network.go:163: receive a commit message
P2-pre-prepare2021/09/27 23:03:29.315416 /root/study/github_repository/qb/pbft/pbft_network.go:130: receive a preprepare message
P2-prepare2021/09/27 23:03:29.320945 /root/study/github_repository/qb/pbft/pbft_network.go:147: receive a prepare message
P2-[pbft.PrepareMsg]2021/09/27 23:03:29.321050 /root/study/github_repository/qb/pbft/pbft_network.go:353: [put prepare message into MsgDelivery channel]
P2-prepare2021/09/27 23:03:29.321477 /root/study/github_repository/qb/pbft/pbft_network.go:147: receive a prepare message
P2-commit2021/09/27 23:03:29.322875 /root/study/github_repository/qb/pbft/pbft_network.go:163: receive a commit message
P2-commit2021/09/27 23:03:29.323277 /root/study/github_repository/qb/pbft/pbft_network.go:163: receive a commit message
P2-commit2021/09/27 23:03:29.323410 /root/study/github_repository/qb/qbtx/qbtx.go:109: verify of tx success
P2-commit2021/09/27 23:03:29.324116 /root/study/github_repository/qb/pbft/pbft_network.go:163: receive a commit message
P2-commit2021/09/27 23:03:29.324186 /root/study/github_repository/qb/qbtx/qbtx.go:109: verify of tx success
P2-pre-prepare2021/09/27 23:04:29.367214 /root/study/github_repository/qb/pbft/pbft_network.go:130: receive a preprepare message
P2-prepare2021/09/27 23:04:29.370696 /root/study/github_repository/qb/pbft/pbft_network.go:147: receive a prepare message
P2-[pbft.PrepareMsg]2021/09/27 23:04:29.370764 /root/study/github_repository/qb/pbft/pbft_network.go:353: [put prepare message into MsgDelivery channel]
P2-commit2021/09/27 23:04:29.371475 /root/study/github_repository/qb/pbft/pbft_network.go:163: receive a commit message
P2-commit2021/09/27 23:04:29.371614 /root/study/github_repository/qb/pbft/pbft_network.go:163: receive a commit message
P2-pre-prepare2021/09/27 23:05:18.504665 /root/study/github_repository/qb/pbft/pbft_network.go:130: receive a preprepare message
P2-prepare2021/09/27 23:05:18.506254 /root/study/github_repository/qb/pbft/pbft_network.go:147: receive a prepare message
P2-[pbft.PrepareMsg]2021/09/27 23:05:18.506363 /root/study/github_repository/qb/pbft/pbft_network.go:353: [put prepare message into MsgDelivery channel]
P2-prepare2021/09/27 23:05:18.507066 /root/study/github_repository/qb/pbft/pbft_network.go:147: receive a prepare message
P2-commit2021/09/27 23:05:18.509731 /root/study/github_repository/qb/pbft/pbft_network.go:163: receive a commit message
P2-commit2021/09/27 23:05:18.510281 /root/study/github_repository/qb/pbft/pbft_network.go:163: receive a commit message
P2-commit2021/09/27 23:05:18.510460 /root/study/github_repository/qb/pbft/pbft_network.go:163: receive a commit message
P2-commit2021/09/27 23:05:18.510685 /root/study/github_repository/qb/qbtx/qbtx.go:109: verify of tx success
P2-pre-prepare2021/09/27 23:10:24.866292 /root/study/github_repository/qb/pbft/pbft_network.go:130: receive a preprepare message
P2-prepare2021/09/27 23:10:24.868868 /root/study/github_repository/qb/pbft/pbft_network.go:147: receive a prepare message
P2-[pbft.PrepareMsg]2021/09/27 23:10:24.868927 /root/study/github_repository/qb/pbft/pbft_network.go:353: [put prepare message into MsgDelivery channel]
P2-prepare2021/09/27 23:10:24.870437 /root/study/github_repository/qb/pbft/pbft_network.go:147: receive a prepare message
P2-commit2021/09/27 23:10:24.870868 /root/study/github_repository/qb/pbft/pbft_network.go:163: receive a commit message
P2-commit2021/09/27 23:10:24.871349 /root/study/github_repository/qb/pbft/pbft_network.go:163: receive a commit message
P2-commit2021/09/27 23:10:24.873208 /root/study/github_repository/qb/pbft/pbft_network.go:163: receive a commit message
P2-pre-prepare2021/09/27 23:17:23.992123 /root/study/github_repository/qb/pbft/pbft_network.go:131: receive a preprepare message
P2-prepare2021/09/27 23:17:23.994837 /root/study/github_repository/qb/pbft/pbft_network.go:148: receive a prepare message
P2-[pbft.PrepareMsg]2021/09/27 23:17:23.994883 /root/study/github_repository/qb/pbft/pbft_network.go:357: [put prepare message into MsgDelivery channel]
P2-prepare2021/09/27 23:17:23.995746 /root/study/github_repository/qb/pbft/pbft_network.go:148: receive a prepare message
P2-commit2021/09/27 23:17:23.996798 /root/study/github_repository/qb/pbft/pbft_network.go:164: receive a commit message
P2-commit2021/09/27 23:17:23.997323 /root/study/github_repository/qb/pbft/pbft_network.go:164: receive a commit message
P2-commit2021/09/27 23:17:23.998680 /root/study/github_repository/qb/pbft/pbft_network.go:164: receive a commit message
P2-pre-prepare2021/09/27 23:20:07.958484 /root/study/github_repository/qb/pbft/pbft_network.go:131: receive a preprepare message
P2-prepare2021/09/27 23:20:07.962038 /root/study/github_repository/qb/pbft/pbft_network.go:148: receive a prepare message
P2-[pbft.PrepareMsg]2021/09/27 23:20:07.962114 /root/study/github_repository/qb/pbft/pbft_network.go:355: [put prepare message into MsgDelivery channel]
P2-prepare2021/09/27 23:20:07.962873 /root/study/github_repository/qb/pbft/pbft_network.go:148: receive a prepare message
P2-commit2021/09/27 23:20:07.963628 /root/study/github_repository/qb/pbft/pbft_network.go:164: receive a commit message
P2-commit2021/09/27 23:20:07.964565 /root/study/github_repository/qb/pbft/pbft_network.go:164: receive a commit message
P2-commit2021/09/27 23:20:07.965493 /root/study/github_repository/qb/pbft/pbft_network.go:164: receive a commit message
P2-pre-prepare2021/09/27 23:21:13.262957 /root/study/github_repository/qb/pbft/pbft_network.go:131: receive a preprepare message
P2-prepare2021/09/27 23:21:13.264546 /root/study/github_repository/qb/pbft/pbft_network.go:148: receive a prepare message
P2-[pbft.PrepareMsg]2021/09/27 23:21:13.264636 /root/study/github_repository/qb/pbft/pbft_network.go:355: [put prepare message into MsgDelivery channel]
P2-prepare2021/09/27 23:21:13.265759 /root/study/github_repository/qb/pbft/pbft_network.go:148: receive a prepare message
P2-commit2021/09/27 23:21:13.267254 /root/study/github_repository/qb/pbft/pbft_network.go:164: receive a commit message
P2-commit2021/09/27 23:21:13.267990 /root/study/github_repository/qb/pbft/pbft_network.go:164: receive a commit message
P2-commit2021/09/27 23:21:13.268079 /root/study/github_repository/qb/pbft/pbft_network.go:164: receive a commit message
P2-pre-prepare2021/09/27 23:22:46.358852 /root/study/github_repository/qb/pbft/pbft_network.go:131: receive a preprepare message
P2-prepare2021/09/27 23:22:46.360676 /root/study/github_repository/qb/pbft/pbft_network.go:148: receive a prepare message
P2-commit2021/09/27 23:22:46.362352 /root/study/github_repository/qb/pbft/pbft_network.go:164: receive a commit message
P2-commit2021/09/27 23:22:46.362845 /root/study/github_repository/qb/pbft/pbft_network.go:164: receive a commit message
