P3-[receive PrePrepareMsg]2021/09/27 22:17:04.448114 /root/study/github_repository/qb/pbft/pbft_network.go:432: Msgdelivery channel get a preprepare, and handle it
P3-[get prepareMsg]2021/09/27 22:17:04.449403 /root/study/github_repository/qb/pbft/pbft_network.go:561: put prepare message into broadcast channel
P3-[receive PrepareMsg]2021/09/27 22:17:04.450952 /root/study/github_repository/qb/pbft/pbft_network.go:444: Msgdelivery channel get a prepare message, and handle it
P3-[get commitMsg]2021/09/27 22:17:04.452048 /root/study/github_repository/qb/pbft/pbft_network.go:598: put commit message into broadcast channel
P3-[receive CommitMsg]2021/09/27 22:17:04.452695 /root/study/github_repository/qb/pbft/pbft_network.go:456: Msgdelivery channel get a commit message, and handle it
P3-[receive CommitMsg]2021/09/27 22:17:04.453233 /root/study/github_repository/qb/pbft/pbft_network.go:456: Msgdelivery channel get a commit message, and handle it
P3-[get replyMsg]2021/09/27 22:17:04.453943 /root/study/github_repository/qb/pbft/pbft_network.go:635: put reply message into broadcast channel
P3-[receive PrePrepareMsg]2021/09/27 22:35:30.526229 /root/study/github_repository/qb/pbft/pbft_network.go:434: Msgdelivery channel get a preprepare, and handle it
P3-[get prepareMsg]2021/09/27 22:35:30.527438 /root/study/github_repository/qb/pbft/pbft_network.go:563: put prepare message into broadcast channel
P3-[pbft.PrepareMsg]2021/09/27 22:35:30.529484 /root/study/github_repository/qb/pbft/pbft_network.go:446: Msgdelivery channel get a prepare message, and handle it
P3-[pbft.PrepareMsg]2021/09/27 22:35:30.529485 /root/study/github_repository/qb/pbft/pbft_network.go:349: [put prepare message into MsgDelivery channel]
P3-[get commitMsg]2021/09/27 22:35:30.530472 /root/study/github_repository/qb/pbft/pbft_network.go:600: put commit message into broadcast channel
P3-[receive CommitMsg]2021/09/27 22:35:30.530965 /root/study/github_repository/qb/pbft/pbft_network.go:458: Msgdelivery channel get a commit message, and handle it
P3-[get replyMsg]2021/09/27 22:35:30.532242 /root/study/github_repository/qb/pbft/pbft_network.go:637: put reply message into broadcast channel
P3-[receive CommitMsg]2021/09/27 22:35:30.533482 /root/study/github_repository/qb/pbft/pbft_network.go:458: Msgdelivery channel get a commit message, and handle it
P3-[receive PrePrepareMsg]2021/09/27 22:41:11.038774 /root/study/github_repository/qb/pbft/pbft_network.go:439: Msgdelivery channel get a preprepare, and handle it
P3-[get prepareMsg]2021/09/27 22:41:11.039902 /root/study/github_repository/qb/pbft/pbft_network.go:568: put prepare message into broadcast channel
P3-[receive PrepareMsg]2021/09/27 22:41:11.041597 /root/study/github_repository/qb/pbft/pbft_network.go:451: Msgdelivery channel get a prepare message, and handle it
P3-[get commitMsg]2021/09/27 22:41:11.042606 /root/study/github_repository/qb/pbft/pbft_network.go:605: put commit message into broadcast channel
P3-[receive CommitMsg]2021/09/27 22:41:11.044136 /root/study/github_repository/qb/pbft/pbft_network.go:463: Msgdelivery channel get a commit message, and handle it
P3-[receive CommitMsg]2021/09/27 22:41:11.046354 /root/study/github_repository/qb/pbft/pbft_network.go:463: Msgdelivery channel get a commit message, and handle it
P3-[get replyMsg]2021/09/27 22:41:11.047150 /root/study/github_repository/qb/pbft/pbft_network.go:642: put reply message into broadcast channel
P3-[receive CommitMsg]2021/09/27 22:41:11.047180 /root/study/github_repository/qb/pbft/pbft_network.go:463: Msgdelivery channel get a commit message, and handle it
P3-[receive PrePrepareMsg]2021/09/27 22:47:45.498937 /root/study/github_repository/qb/pbft/pbft_network.go:438: Msgdelivery channel get a preprepare, and handle it
P3-[get prepareMsg]2021/09/27 22:47:45.500163 /root/study/github_repository/qb/pbft/pbft_network.go:567: put prepare message into broadcast channel
P3-[receive PrepareMsg]2021/09/27 22:47:45.500792 /root/study/github_repository/qb/pbft/pbft_network.go:450: Msgdelivery channel get a prepare message, and handle it
P3-[get commitMsg]2021/09/27 22:47:45.501800 /root/study/github_repository/qb/pbft/pbft_network.go:604: put commit message into broadcast channel
P3-[receive CommitMsg]2021/09/27 22:47:45.503903 /root/study/github_repository/qb/pbft/pbft_network.go:462: Msgdelivery channel get a commit message, and handle it
P3-[receive CommitMsg]2021/09/27 22:47:45.504526 /root/study/github_repository/qb/pbft/pbft_network.go:462: Msgdelivery channel get a commit message, and handle it
P3-[get replyMsg]2021/09/27 22:47:45.505166 /root/study/github_repository/qb/pbft/pbft_network.go:641: put reply message into broadcast channel
P3-[receive CommitMsg]2021/09/27 22:47:45.505196 /root/study/github_repository/qb/pbft/pbft_network.go:462: Msgdelivery channel get a commit message, and handle it
P3-[receive PrePrepareMsg]2021/09/27 22:55:05.925771 /root/study/github_repository/qb/pbft/pbft_network.go:438: Msgdelivery channel get a preprepare, and handle it
P3-[get prepareMsg]2021/09/27 22:55:05.927240 /root/study/github_repository/qb/pbft/pbft_network.go:567: put prepare message into broadcast channel
P3-[receive PrepareMsg]2021/09/27 22:55:05.927795 /root/study/github_repository/qb/pbft/pbft_network.go:450: Msgdelivery channel get a prepare message, and handle it
P3-[get commitMsg]2021/09/27 22:55:05.929170 /root/study/github_repository/qb/pbft/pbft_network.go:604: put commit message into broadcast channel
P3-[receive CommitMsg]2021/09/27 22:55:05.930630 /root/study/github_repository/qb/pbft/pbft_network.go:462: Msgdelivery channel get a commit message, and handle it
P3-[receive CommitMsg]2021/09/27 22:55:05.931225 /root/study/github_repository/qb/pbft/pbft_network.go:462: Msgdelivery channel get a commit message, and handle it
P3-[get replyMsg]2021/09/27 22:55:05.931887 /root/study/github_repository/qb/pbft/pbft_network.go:641: put reply message into broadcast channel
P3-[receive PrePrepareMsg]2021/09/27 22:59:33.106418 /root/study/github_repository/qb/pbft/pbft_network.go:438: Msgdelivery channel get a preprepare, and handle it
P3-[get prepareMsg]2021/09/27 22:59:33.107575 /root/study/github_repository/qb/pbft/pbft_network.go:567: put prepare message into broadcast channel
P3-[receive PrepareMsg]2021/09/27 22:59:33.108068 /root/study/github_repository/qb/pbft/pbft_network.go:450: Msgdelivery channel get a prepare message, and handle it
P3-[get commitMsg]2021/09/27 22:59:33.109547 /root/study/github_repository/qb/pbft/pbft_network.go:604: put commit message into broadcast channel
P3-[receive CommitMsg]2021/09/27 22:59:33.110558 /root/study/github_repository/qb/pbft/pbft_network.go:462: Msgdelivery channel get a commit message, and handle it
P3-[receive CommitMsg]2021/09/27 22:59:33.111198 /root/study/github_repository/qb/pbft/pbft_network.go:462: Msgdelivery channel get a commit message, and handle it
P3-[get replyMsg]2021/09/27 22:59:33.112109 /root/study/github_repository/qb/pbft/pbft_network.go:641: put reply message into broadcast channel
P3-[receive PrePrepareMsg]2021/09/27 23:01:36.019517 /root/study/github_repository/qb/pbft/pbft_network.go:441: Msgdelivery channel get a preprepare, and handle it
P3-[get prepareMsg]2021/09/27 23:01:36.020858 /root/study/github_repository/qb/pbft/pbft_network.go:570: put prepare message into broadcast channel
P3-[get prepareMsg]2021/09/27 23:01:36.020845 /root/study/github_repository/qb/pbft/pbft_network.go:347: [get a prepare message,but don't put it into channel]
P3-[receive PrepareMsg]2021/09/27 23:01:36.023379 /root/study/github_repository/qb/pbft/pbft_network.go:453: Msgdelivery channel get a prepare message, and handle it
P3-[get commitMsg]2021/09/27 23:01:36.024647 /root/study/github_repository/qb/pbft/pbft_network.go:607: put commit message into broadcast channel
P3-[receive CommitMsg]2021/09/27 23:01:36.025337 /root/study/github_repository/qb/pbft/pbft_network.go:465: Msgdelivery channel get a commit message, and handle it
P3-[get replyMsg]2021/09/27 23:01:36.026692 /root/study/github_repository/qb/pbft/pbft_network.go:644: put reply message into broadcast channel
P3-[receive CommitMsg]2021/09/27 23:01:36.026723 /root/study/github_repository/qb/pbft/pbft_network.go:465: Msgdelivery channel get a commit message, and handle it
P3-[receive PrePrepareMsg]2021/09/27 23:03:29.317766 /root/study/github_repository/qb/pbft/pbft_network.go:442: Msgdelivery channel get a preprepare, and handle it
P3-[get prepareMsg]2021/09/27 23:03:29.318921 /root/study/github_repository/qb/pbft/pbft_network.go:571: put prepare message into broadcast channel
P3-[receive PrepareMsg]2021/09/27 23:03:29.319377 /root/study/github_repository/qb/pbft/pbft_network.go:454: Msgdelivery channel get a prepare message, and handle it
P3-[get commitMsg]2021/09/27 23:03:29.320421 /root/study/github_repository/qb/pbft/pbft_network.go:608: put commit message into broadcast channel
P3-[receive CommitMsg]2021/09/27 23:03:29.323350 /root/study/github_repository/qb/pbft/pbft_network.go:466: Msgdelivery channel get a commit message, and handle it
P3-[receive CommitMsg]2021/09/27 23:03:29.323883 /root/study/github_repository/qb/pbft/pbft_network.go:466: Msgdelivery channel get a commit message, and handle it
P3-[get replyMsg]2021/09/27 23:03:29.324601 /root/study/github_repository/qb/pbft/pbft_network.go:645: put reply message into broadcast channel
P3-[receive CommitMsg]2021/09/27 23:03:29.324630 /root/study/github_repository/qb/pbft/pbft_network.go:466: Msgdelivery channel get a commit message, and handle it
P3-[receive PrePrepareMsg]2021/09/27 23:05:18.505356 /root/study/github_repository/qb/pbft/pbft_network.go:438: Msgdelivery channel get a preprepare, and handle it
P3-[get prepareMsg]2021/09/27 23:05:18.506641 /root/study/github_repository/qb/pbft/pbft_network.go:570: put prepare message into broadcast channel
P3-[receive PrepareMsg]2021/09/27 23:05:18.506964 /root/study/github_repository/qb/pbft/pbft_network.go:450: Msgdelivery channel get a prepare message, and handle it
P3-[get commitMsg]2021/09/27 23:05:18.508109 /root/study/github_repository/qb/pbft/pbft_network.go:607: put commit message into broadcast channel
P3-[receive PrepareMsg]2021/09/27 23:05:18.508391 /root/study/github_repository/qb/pbft/pbft_network.go:450: Msgdelivery channel get a prepare message, and handle it
P3-[receive CommitMsg]2021/09/27 23:05:18.509021 /root/study/github_repository/qb/pbft/pbft_network.go:462: Msgdelivery channel get a commit message, and handle it
P3-[receive CommitMsg]2021/09/27 23:05:18.510001 /root/study/github_repository/qb/pbft/pbft_network.go:462: Msgdelivery channel get a commit message, and handle it
P3-[get replyMsg]2021/09/27 23:05:18.510696 /root/study/github_repository/qb/pbft/pbft_network.go:644: put reply message into broadcast channel
P3-[receive PrePrepareMsg]2021/09/27 23:06:27.165155 /root/study/github_repository/qb/pbft/pbft_network.go:438: Msgdelivery channel get a preprepare, and handle it
P3-[get prepareMsg]2021/09/27 23:06:27.166528 /root/study/github_repository/qb/pbft/pbft_network.go:572: put prepare message into broadcast channel
P3-[receive PrepareMsg]2021/09/27 23:06:27.168923 /root/study/github_repository/qb/pbft/pbft_network.go:450: Msgdelivery channel get a prepare message, and handle it
P3-[get commitMsg]2021/09/27 23:06:27.169942 /root/study/github_repository/qb/pbft/pbft_network.go:609: put commit message into broadcast channel
P3-[receive CommitMsg]2021/09/27 23:06:27.170284 /root/study/github_repository/qb/pbft/pbft_network.go:462: Msgdelivery channel get a commit message, and handle it
P3-[receive CommitMsg]2021/09/27 23:06:27.359853 /root/study/github_repository/qb/pbft/pbft_network.go:462: Msgdelivery channel get a commit message, and handle it
P3-[get replyMsg]2021/09/27 23:06:27.360588 /root/study/github_repository/qb/pbft/pbft_network.go:646: put reply message into broadcast channel
P3-[receive PrePrepareMsg]2021/09/27 23:10:24.867077 /root/study/github_repository/qb/pbft/pbft_network.go:438: Msgdelivery channel get a preprepare, and handle it
P3-[get prepareMsg]2021/09/27 23:10:24.868452 /root/study/github_repository/qb/pbft/pbft_network.go:572: put prepare message into broadcast channel
P3-[receive PrepareMsg]2021/09/27 23:10:24.869476 /root/study/github_repository/qb/pbft/pbft_network.go:450: Msgdelivery channel get a prepare message, and handle it
P3-[get commitMsg]2021/09/27 23:10:24.870641 /root/study/github_repository/qb/pbft/pbft_network.go:609: put commit message into broadcast channel
P3-[receive CommitMsg]2021/09/27 23:10:24.872001 /root/study/github_repository/qb/pbft/pbft_network.go:462: Msgdelivery channel get a commit message, and handle it
P3-[receive CommitMsg]2021/09/27 23:10:24.872766 /root/study/github_repository/qb/pbft/pbft_network.go:462: Msgdelivery channel get a commit message, and handle it
P3-[get replyMsg]2021/09/27 23:10:24.873413 /root/study/github_repository/qb/pbft/pbft_network.go:646: put reply message into broadcast channel
P3-[receive PrePrepareMsg]2021/09/27 23:17:08.074257 /root/study/github_repository/qb/pbft/pbft_network.go:442: Msgdelivery channel get a preprepare, and handle it
P3-[get prepareMsg]2021/09/27 23:17:08.075604 /root/study/github_repository/qb/pbft/pbft_network.go:573: put prepare message into broadcast channel
P3-[receive PrePrepareMsg]2021/09/27 23:17:23.992882 /root/study/github_repository/qb/pbft/pbft_network.go:442: Msgdelivery channel get a preprepare, and handle it
P3-[get prepareMsg]2021/09/27 23:17:23.994282 /root/study/github_repository/qb/pbft/pbft_network.go:573: put prepare message into broadcast channel
P3-[receive PrepareMsg]2021/09/27 23:17:23.995139 /root/study/github_repository/qb/pbft/pbft_network.go:454: Msgdelivery channel get a prepare message, and handle it
P3-[get commitMsg]2021/09/27 23:17:23.996154 /root/study/github_repository/qb/pbft/pbft_network.go:610: put commit message into broadcast channel
P3-[receive CommitMsg]2021/09/27 23:17:23.996832 /root/study/github_repository/qb/pbft/pbft_network.go:374: [put commit message into MsgDelivery channel]
P3-[receive CommitMsg]2021/09/27 23:17:23.996832 /root/study/github_repository/qb/pbft/pbft_network.go:466: Msgdelivery channel get a commit message, and handle it
P3-[receive CommitMsg]2021/09/27 23:17:23.997359 /root/study/github_repository/qb/pbft/pbft_network.go:466: Msgdelivery channel get a commit message, and handle it
P3-[get replyMsg]2021/09/27 23:17:23.998041 /root/study/github_repository/qb/pbft/pbft_network.go:647: put reply message into broadcast channel
P3-[receive CommitMsg]2021/09/27 23:17:23.998069 /root/study/github_repository/qb/pbft/pbft_network.go:466: Msgdelivery channel get a commit message, and handle it
P3-[receive PrePrepareMsg]2021/09/27 23:20:07.959687 /root/study/github_repository/qb/pbft/pbft_network.go:440: Msgdelivery channel get a preprepare, and handle it
P3-[get prepareMsg]2021/09/27 23:20:07.960957 /root/study/github_repository/qb/pbft/pbft_network.go:579: put prepare message into broadcast channel
P3-[receive PrepareMsg]2021/09/27 23:20:07.963280 /root/study/github_repository/qb/pbft/pbft_network.go:452: Msgdelivery channel get a prepare message, and handle it
P3-[get commitMsg]2021/09/27 23:20:07.964396 /root/study/github_repository/qb/pbft/pbft_network.go:616: put commit message into broadcast channel
P3-[receive CommitMsg]2021/09/27 23:20:07.965499 /root/study/github_repository/qb/pbft/pbft_network.go:464: Msgdelivery channel get a commit message, and handle it
P3-[get replyMsg]2021/09/27 23:20:07.966598 /root/study/github_repository/qb/pbft/pbft_network.go:653: put reply message into broadcast channel
P3-[receive PrePrepareMsg]2021/09/27 23:21:13.263657 /root/study/github_repository/qb/pbft/pbft_network.go:440: Msgdelivery channel get a preprepare, and handle it
P3-[get prepareMsg]2021/09/27 23:21:13.264943 /root/study/github_repository/qb/pbft/pbft_network.go:579: put prepare message into broadcast channel
P3-[receive PrepareMsg]2021/09/27 23:21:13.265682 /root/study/github_repository/qb/pbft/pbft_network.go:452: Msgdelivery channel get a prepare message, and handle it
P3-[get commitMsg]2021/09/27 23:21:13.266909 /root/study/github_repository/qb/pbft/pbft_network.go:616: put commit message into broadcast channel
P3-[receive CommitMsg]2021/09/27 23:21:13.267976 /root/study/github_repository/qb/pbft/pbft_network.go:464: Msgdelivery channel get a commit message, and handle it
P3-[get replyMsg]2021/09/27 23:21:13.269116 /root/study/github_repository/qb/pbft/pbft_network.go:653: put reply message into broadcast channel
