【START A NEW PBFT】2021/09/27 22:17:04.444051 /root/study/github_repository/qb/pbft/pbft_impl.go:56: start a new pbft
【START A NEW PBFT】2021/09/27 22:17:04.444632 /root/study/github_repository/qb/qbtx/qbtx.go:109: verify of tx success
P1-[receive PrepareMsg]2021/09/27 22:17:04.450761 /root/study/github_repository/qb/qbtx/qbtx.go:109: verify of tx success
P1-[receive PrepareMsg]2021/09/27 22:17:04.451846 /root/study/github_repository/qb/qbtx/qbtx.go:109: verify of tx success
P1-[pbft.PrepareMsg]2021/09/27 22:17:04.451871 /root/study/github_repository/qb/pbft/pbft_network.go:347: [put prepare message into MsgDelivery channel]
P1-[receive CommitMsg]2021/09/27 22:17:04.453185 /root/study/github_repository/qb/qbtx/qbtx.go:109: verify of tx success
【START A NEW PBFT】2021/09/27 22:35:30.521843 /root/study/github_repository/qb/pbft/pbft_impl.go:56: start a new pbft
【START A NEW PBFT】2021/09/27 22:35:30.522814 /root/study/github_repository/qb/qbtx/qbtx.go:109: verify of tx success
P1-[receive PrepareMsg]2021/09/27 22:35:30.527050 /root/study/github_repository/qb/qbtx/qbtx.go:109: verify of tx success
P1-[receive PrepareMsg]2021/09/27 22:35:30.528351 /root/study/github_repository/qb/qbtx/qbtx.go:109: verify of tx success
P1-[receive CommitMsg]2021/09/27 22:35:30.530314 /root/study/github_repository/qb/qbtx/qbtx.go:109: verify of tx success
P1-[receive CommitMsg]2021/09/27 22:35:30.532452 /root/study/github_repository/qb/qbtx/qbtx.go:109: verify of tx success
【START A NEW PBFT】2021/09/27 22:41:11.032278 /root/study/github_repository/qb/pbft/pbft_impl.go:56: start a new pbft
【START A NEW PBFT】2021/09/27 22:41:11.034174 /root/study/github_repository/qb/qbtx/qbtx.go:109: verify of tx success
P1-[receive PrepareMsg]2021/09/27 22:41:11.041692 /root/study/github_repository/qb/qbtx/qbtx.go:109: verify of tx success
P1-[receive PrepareMsg]2021/09/27 22:41:11.042541 /root/study/github_repository/qb/qbtx/qbtx.go:109: verify of tx success
P1-[pbft.PrepareMsg]2021/09/27 22:41:11.043524 /root/study/github_repository/qb/pbft/pbft_network.go:354: [put prepare message into MsgDelivery channel]
P1-commit2021/09/27 22:41:11.045892 /root/study/github_repository/qb/pbft/pbft_network.go:163: receive a commit message
P1-commit2021/09/27 22:41:11.046189 /root/study/github_repository/qb/qbtx/qbtx.go:109: verify of tx success
【START A NEW PBFT】2021/09/27 22:47:45.495729 /root/study/github_repository/qb/pbft/pbft_impl.go:56: start a new pbft
【START A NEW PBFT】2021/09/27 22:47:45.496160 /root/study/github_repository/qb/qbtx/qbtx.go:109: verify of tx success
P1-[receive PrepareMsg]2021/09/27 22:47:45.500478 /root/study/github_repository/qb/qbtx/qbtx.go:109: verify of tx success
P1-[receive PrepareMsg]2021/09/27 22:47:45.502307 /root/study/github_repository/qb/qbtx/qbtx.go:109: verify of tx success
P1-[receive PrepareMsg]2021/09/27 22:47:45.503379 /root/study/github_repository/qb/qbtx/qbtx.go:109: verify of tx success
P1-[pbft.PrepareMsg]2021/09/27 22:47:45.503611 /root/study/github_repository/qb/pbft/pbft_network.go:353: [put prepare message into MsgDelivery channel]
【START A NEW PBFT】2021/09/27 22:51:30.725508 /root/study/github_repository/qb/pbft/pbft_impl.go:56: start a new pbft
【START A NEW PBFT】2021/09/27 22:51:30.727505 /root/study/github_repository/qb/qbtx/qbtx.go:109: verify of tx success
P1-[receive PrepareMsg]2021/09/27 22:51:30.734763 /root/study/github_repository/qb/qbtx/qbtx.go:109: verify of tx success
P1-[receive PrepareMsg]2021/09/27 22:51:30.735484 /root/study/github_repository/qb/qbtx/qbtx.go:109: verify of tx success
P1-[receive CommitMsg]2021/09/27 22:51:30.737649 /root/study/github_repository/qb/qbtx/qbtx.go:109: verify of tx success
P1-[receive CommitMsg]2021/09/27 22:51:30.738184 /root/study/github_repository/qb/qbtx/qbtx.go:109: verify of tx success
【START A NEW PBFT】2021/09/27 22:55:05.922634 /root/study/github_repository/qb/pbft/pbft_impl.go:56: start a new pbft
【START A NEW PBFT】2021/09/27 22:55:05.923090 /root/study/github_repository/qb/qbtx/qbtx.go:109: verify of tx success
P1-[receive PrepareMsg]2021/09/27 22:55:05.927431 /root/study/github_repository/qb/qbtx/qbtx.go:109: verify of tx success
P1-[pbft.PrepareMsg]2021/09/27 22:55:05.929776 /root/study/github_repository/qb/pbft/pbft_network.go:353: [put prepare message into MsgDelivery channel]
P1-[receive CommitMsg]2021/09/27 22:55:05.931980 /root/study/github_repository/qb/qbtx/qbtx.go:109: verify of tx success
【START A NEW PBFT】2021/09/27 22:59:33.103592 /root/study/github_repository/qb/pbft/pbft_impl.go:56: start a new pbft
【START A NEW PBFT】2021/09/27 22:59:33.103970 /root/study/github_repository/qb/qbtx/qbtx.go:109: verify of tx success
P1-[receive PrepareMsg]2021/09/27 22:59:33.107806 /root/study/github_repository/qb/qbtx/qbtx.go:109: verify of tx success
P1-[receive PrepareMsg]2021/09/27 22:59:33.109269 /root/study/github_repository/qb/qbtx/qbtx.go:109: verify of tx success
P1-[receive PrepareMsg]2021/09/27 22:59:33.110237 /root/study/github_repository/qb/qbtx/qbtx.go:109: verify of tx success
P1-[pbft.PrepareMsg]2021/09/27 22:59:33.110469 /root/study/github_repository/qb/pbft/pbft_network.go:353: [put prepare message into MsgDelivery channel]
【START A NEW PBFT】2021/09/27 23:01:36.016730 /root/study/github_repository/qb/pbft/pbft_impl.go:56: start a new pbft
【START A NEW PBFT】2021/09/27 23:01:36.017202 /root/study/github_repository/qb/qbtx/qbtx.go:109: verify of tx success
P1-[receive PrepareMsg]2021/09/27 23:01:36.021948 /root/study/github_repository/qb/qbtx/qbtx.go:109: verify of tx success
P1-[pbft.PrepareMsg]2021/09/27 23:01:36.022356 /root/study/github_repository/qb/pbft/pbft_network.go:356: [put prepare message into MsgDelivery channel]
P1-[pbft.PrepareMsg]2021/09/27 23:01:36.023454 /root/study/github_repository/qb/pbft/pbft_network.go:356: [put prepare message into MsgDelivery channel]
P1-[pbft.PrepareMsg]2021/09/27 23:01:36.023667 /root/study/github_repository/qb/qbtx/qbtx.go:109: verify of tx success
P1-[pbft.CommitMsg]2021/09/27 23:01:36.025107 /root/study/github_repository/qb/pbft/pbft_network.go:373: [put commit message into MsgDelivery channel]
【START A NEW PBFT】2021/09/27 23:03:29.310137 /root/study/github_repository/qb/pbft/pbft_impl.go:56: start a new pbft
【START A NEW PBFT】2021/09/27 23:03:29.311697 /root/study/github_repository/qb/qbtx/qbtx.go:109: verify of tx success
P1-[receive PrepareMsg]2021/09/27 23:03:29.320624 /root/study/github_repository/qb/qbtx/qbtx.go:109: verify of tx success
P1-[pbft.PrepareMsg]2021/09/27 23:03:29.321972 /root/study/github_repository/qb/pbft/pbft_network.go:353: [put prepare message into MsgDelivery channel]
P1-[pbft.PrepareMsg]2021/09/27 23:03:29.322145 /root/study/github_repository/qb/qbtx/qbtx.go:109: verify of tx success
P1-[pbft.CommitMsg]2021/09/27 23:03:29.323167 /root/study/github_repository/qb/pbft/pbft_network.go:370: [put commit message into MsgDelivery channel]
【START A NEW PBFT】2021/09/27 23:04:29.365104 /root/study/github_repository/qb/pbft/pbft_impl.go:56: start a new pbft
【START A NEW PBFT】2021/09/27 23:04:29.365687 /root/study/github_repository/qb/qbtx/qbtx.go:109: verify of tx success
P1-[receive PrepareMsg]2021/09/27 23:04:29.369536 /root/study/github_repository/qb/qbtx/qbtx.go:109: verify of tx success
P1-[receive PrepareMsg]2021/09/27 23:04:29.370675 /root/study/github_repository/qb/qbtx/qbtx.go:109: verify of tx success
P1-[pbft.CommitMsg]2021/09/27 23:04:29.372713 /root/study/github_repository/qb/qbtx/qbtx.go:109: verify of tx success
【START A NEW PBFT】2021/09/27 23:05:18.502309 /root/study/github_repository/qb/pbft/pbft_impl.go:56: start a new pbft
【START A NEW PBFT】2021/09/27 23:05:18.502808 /root/study/github_repository/qb/qbtx/qbtx.go:109: verify of tx success
P1-[receive PrepareMsg]2021/09/27 23:05:18.506861 /root/study/github_repository/qb/qbtx/qbtx.go:109: verify of tx success
P1-[receive PrepareMsg]2021/09/27 23:05:18.507812 /root/study/github_repository/qb/qbtx/qbtx.go:109: verify of tx success
P1-[pbft.PrepareMsg]2021/09/27 23:05:18.508998 /root/study/github_repository/qb/pbft/pbft_network.go:353: [put prepare message into MsgDelivery channel]
P1-[pbft.PrepareMsg]2021/09/27 23:05:18.509086 /root/study/github_repository/qb/qbtx/qbtx.go:109: verify of tx success
P1-[receive CommitMsg]2021/09/27 23:05:18.509984 /root/study/github_repository/qb/qbtx/qbtx.go:109: verify of tx success
P1-commit2021/09/27 23:05:18.510617 /root/study/github_repository/qb/qbtx/qbtx.go:109: verify of tx success
【START A NEW PBFT】2021/09/27 23:06:27.162338 /root/study/github_repository/qb/pbft/pbft_impl.go:56: start a new pbft
【START A NEW PBFT】2021/09/27 23:06:27.162788 /root/study/github_repository/qb/qbtx/qbtx.go:109: verify of tx success
P1-[receive PrepareMsg]2021/09/27 23:06:27.168823 /root/study/github_repository/qb/qbtx/qbtx.go:109: verify of tx success
P1-[pbft.PrepareMsg]2021/09/27 23:06:27.169018 /root/study/github_repository/qb/pbft/pbft_network.go:353: [put prepare message into MsgDelivery channel]
P1-[receive CommitMsg]2021/09/27 23:06:27.359122 /root/study/github_repository/qb/qbtx/qbtx.go:109: verify of tx success
【START A NEW PBFT】2021/09/27 23:08:47.476591 /root/study/github_repository/qb/pbft/pbft_impl.go:56: start a new pbft
【START A NEW PBFT】2021/09/27 23:08:47.477197 /root/study/github_repository/qb/qbtx/qbtx.go:109: verify of tx success
【START A NEW PBFT】2021/09/27 23:09:06.126549 /root/study/github_repository/qb/pbft/pbft_impl.go:56: start a new pbft
【START A NEW PBFT】2021/09/27 23:09:06.127009 /root/study/github_repository/qb/qbtx/qbtx.go:109: verify of tx success
【START A NEW PBFT】2021/09/27 23:10:24.864297 /root/study/github_repository/qb/pbft/pbft_impl.go:56: start a new pbft
【START A NEW PBFT】2021/09/27 23:10:24.864789 /root/study/github_repository/qb/qbtx/qbtx.go:109: verify of tx success
P1-[receive PrepareMsg]2021/09/27 23:10:24.869339 /root/study/github_repository/qb/qbtx/qbtx.go:109: verify of tx success
P1-[receive PrepareMsg]2021/09/27 23:10:24.871405 /root/study/github_repository/qb/qbtx/qbtx.go:109: verify of tx success
P1-[pbft.PrepareMsg]2021/09/27 23:10:24.871443 /root/study/github_repository/qb/pbft/pbft_network.go:353: [put prepare message into MsgDelivery channel]
【START A NEW PBFT】2021/09/27 23:17:08.072270 /root/study/github_repository/qb/pbft/pbft_impl.go:56: start a new pbft
【START A NEW PBFT】2021/09/27 23:17:08.072685 /root/study/github_repository/qb/qbtx/qbtx.go:109: verify of tx success
P1-[receive PrepareMsg]2021/09/27 23:17:08.076920 /root/study/github_repository/qb/qbtx/qbtx.go:109: verify of tx success
【START A NEW PBFT】2021/09/27 23:17:23.990622 /root/study/github_repository/qb/pbft/pbft_impl.go:56: start a new pbft
【START A NEW PBFT】2021/09/27 23:17:23.991020 /root/study/github_repository/qb/qbtx/qbtx.go:109: verify of tx success
P1-[receive PrepareMsg]2021/09/27 23:17:23.994936 /root/study/github_repository/qb/qbtx/qbtx.go:109: verify of tx success
P1-[pbft.PrepareMsg]2021/09/27 23:17:23.996624 /root/study/github_repository/qb/pbft/pbft_network.go:357: [put prepare message into MsgDelivery channel]
P1-[receive CommitMsg]2021/09/27 23:17:23.997880 /root/study/github_repository/qb/qbtx/qbtx.go:109: verify of tx success
【START A NEW PBFT】2021/09/27 23:20:07.956602 /root/study/github_repository/qb/pbft/pbft_impl.go:56: start a new pbft
【START A NEW PBFT】2021/09/27 23:20:07.956989 /root/study/github_repository/qb/qbtx/qbtx.go:109: verify of tx success
P1-[receive PrepareMsg]2021/09/27 23:20:07.962090 /root/study/github_repository/qb/qbtx/qbtx.go:109: verify of tx success
P1-[pbft.PrepareMsg]2021/09/27 23:20:07.962577 /root/study/github_repository/qb/pbft/pbft_network.go:355: [put prepare message into MsgDelivery channel]
P1-[pbft.PrepareMsg]2021/09/27 23:20:07.963479 /root/study/github_repository/qb/pbft/pbft_network.go:355: [put prepare message into MsgDelivery channel]
P1-[receive CommitMsg]2021/09/27 23:20:07.964817 /root/study/github_repository/qb/qbtx/qbtx.go:109: verify of tx success
【START A NEW PBFT】2021/09/27 23:21:13.260462 /root/study/github_repository/qb/pbft/pbft_impl.go:56: start a new pbft
【START A NEW PBFT】2021/09/27 23:21:13.260860 /root/study/github_repository/qb/qbtx/qbtx.go:109: verify of tx success
P1-[receive PrepareMsg]2021/09/27 23:21:13.264421 /root/study/github_repository/qb/qbtx/qbtx.go:109: verify of tx success
P1-[receive PrepareMsg]2021/09/27 23:21:13.266260 /root/study/github_repository/qb/qbtx/qbtx.go:109: verify of tx success
P1-[receive PrepareMsg]2021/09/27 23:21:13.267359 /root/study/github_repository/qb/qbtx/qbtx.go:109: verify of tx success
P1-[pbft.PrepareMsg]2021/09/27 23:21:13.267675 /root/study/github_repository/qb/pbft/pbft_network.go:355: [put prepare message into MsgDelivery channel]
P1-[receive CommitMsg]2021/09/27 23:21:13.268215 /root/study/github_repository/qb/qbtx/qbtx.go:109: verify of tx success
P1-[broadcast commit]2021/09/27 23:21:13.268714 /root/study/github_repository/qb/qbtx/qbtx.go:109: verify of tx success
【START A NEW PBFT】2021/09/27 23:22:46.356569 /root/study/github_repository/qb/pbft/pbft_impl.go:56: start a new pbft
【START A NEW PBFT】2021/09/27 23:22:46.356955 /root/study/github_repository/qb/qbtx/qbtx.go:109: verify of tx success
P1-[receive PrepareMsg]2021/09/27 23:22:46.360439 /root/study/github_repository/qb/qbtx/qbtx.go:109: verify of tx success
P1-[receive PrepareMsg]2021/09/27 23:22:46.360984 /root/study/github_repository/qb/qbtx/qbtx.go:109: verify of tx success
P1-[receive CommitMsg]2021/09/27 23:22:46.363207 /root/study/github_repository/qb/qbtx/qbtx.go:109: verify of tx success
