【START A NEW PBFT】2021/09/27 22:17:04.449017 /root/study/github_repository/qb/pbft/pbft_impl.go:56: start a new pbft
【START A NEW PBFT】2021/09/27 22:17:04.449530 /root/study/github_repository/qb/qbtx/qbtx.go:109: verify of tx success
P4-[receive PrepareMsg]2021/09/27 22:17:04.636307 /root/study/github_repository/qb/qbtx/qbtx.go:109: verify of tx success
P4-[get commitMsg]2021/09/27 22:17:04.637513 /root/study/github_repository/qb/qbtx/qbtx.go:109: verify of tx success
P4-[receive CommitMsg]2021/09/27 22:17:04.836102 /root/study/github_repository/qb/qbtx/qbtx.go:109: verify of tx success
P4-[receive CommitMsg]2021/09/27 22:17:04.836609 /root/study/github_repository/qb/qbtx/qbtx.go:109: verify of tx success
【START A NEW PBFT】2021/09/27 22:35:30.524418 /root/study/github_repository/qb/pbft/pbft_impl.go:56: start a new pbft
【START A NEW PBFT】2021/09/27 22:35:30.524888 /root/study/github_repository/qb/qbtx/qbtx.go:109: verify of tx success
P4-[pbft.PrepareMsg]2021/09/27 22:35:30.531089 /root/study/github_repository/qb/pbft/pbft_network.go:349: [put prepare message into MsgDelivery channel]
P4-[receive CommitMsg]2021/09/27 22:35:30.532443 /root/study/github_repository/qb/qbtx/qbtx.go:109: verify of tx success
【START A NEW PBFT】2021/09/27 22:41:11.039907 /root/study/github_repository/qb/pbft/pbft_impl.go:56: start a new pbft
【START A NEW PBFT】2021/09/27 22:41:11.040389 /root/study/github_repository/qb/qbtx/qbtx.go:109: verify of tx success
P4-[receive PrepareMsg]2021/09/27 22:41:11.044279 /root/study/github_repository/qb/qbtx/qbtx.go:109: verify of tx success
P4-[receive CommitMsg]2021/09/27 22:41:11.046061 /root/study/github_repository/qb/qbtx/qbtx.go:109: verify of tx success
【START A NEW PBFT】2021/09/27 22:47:45.499756 /root/study/github_repository/qb/pbft/pbft_impl.go:56: start a new pbft
【START A NEW PBFT】2021/09/27 22:47:45.500311 /root/study/github_repository/qb/qbtx/qbtx.go:109: verify of tx success
P4-[receive PrepareMsg]2021/09/27 22:47:45.502040 /root/study/github_repository/qb/qbtx/qbtx.go:109: verify of tx success
P4-[pbft.PrepareMsg]2021/09/27 22:47:45.503765 /root/study/github_repository/qb/pbft/pbft_network.go:353: [put prepare message into MsgDelivery channel]
P4-[pbft.PrepareMsg]2021/09/27 22:47:45.504051 /root/study/github_repository/qb/qbtx/qbtx.go:109: verify of tx success
【START A NEW PBFT】2021/09/27 22:51:30.733281 /root/study/github_repository/qb/pbft/pbft_impl.go:56: start a new pbft
【START A NEW PBFT】2021/09/27 22:51:30.733779 /root/study/github_repository/qb/qbtx/qbtx.go:109: verify of tx success
P4-[receive PrepareMsg]2021/09/27 22:51:30.735382 /root/study/github_repository/qb/qbtx/qbtx.go:109: verify of tx success
P4-[receive CommitMsg]2021/09/27 22:51:30.737711 /root/study/github_repository/qb/qbtx/qbtx.go:109: verify of tx success
P4-[receive CommitMsg]2021/09/27 22:51:30.738449 /root/study/github_repository/qb/qbtx/qbtx.go:109: verify of tx success
【START A NEW PBFT】2021/09/27 22:55:05.926631 /root/study/github_repository/qb/pbft/pbft_impl.go:56: start a new pbft
【START A NEW PBFT】2021/09/27 22:55:05.927115 /root/study/github_repository/qb/qbtx/qbtx.go:109: verify of tx success
P4-[receive PrepareMsg]2021/09/27 22:55:05.928873 /root/study/github_repository/qb/qbtx/qbtx.go:109: verify of tx success
P4-[receive PrepareMsg]2021/09/27 22:55:05.929890 /root/study/github_repository/qb/qbtx/qbtx.go:109: verify of tx success
P4-[pbft.PrepareMsg]2021/09/27 22:55:05.930114 /root/study/github_repository/qb/pbft/pbft_network.go:353: [put prepare message into MsgDelivery channel]
P4-[receive CommitMsg]2021/09/27 22:55:05.931677 /root/study/github_repository/qb/qbtx/qbtx.go:109: verify of tx success
【START A NEW PBFT】2021/09/27 22:59:33.107160 /root/study/github_repository/qb/pbft/pbft_impl.go:56: start a new pbft
【START A NEW PBFT】2021/09/27 22:59:33.107674 /root/study/github_repository/qb/qbtx/qbtx.go:109: verify of tx success
P4-[receive PrepareMsg]2021/09/27 22:59:33.109010 /root/study/github_repository/qb/qbtx/qbtx.go:109: verify of tx success
P4-[broadcast prepare]2021/09/27 22:59:33.110421 /root/study/github_repository/qb/qbtx/qbtx.go:109: verify of tx success
P4-[receive CommitMsg]2021/09/27 22:59:33.111199 /root/study/github_repository/qb/qbtx/qbtx.go:109: verify of tx success
【START A NEW PBFT】2021/09/27 23:01:36.020259 /root/study/github_repository/qb/pbft/pbft_impl.go:56: start a new pbft
【START A NEW PBFT】2021/09/27 23:01:36.020923 /root/study/github_repository/qb/qbtx/qbtx.go:109: verify of tx success
P4-[receive PrepareMsg]2021/09/27 23:01:36.023003 /root/study/github_repository/qb/qbtx/qbtx.go:109: verify of tx success
P4-[get commitMsg]2021/09/27 23:01:36.023994 /root/study/github_repository/qb/qbtx/qbtx.go:109: verify of tx success
P4-[receive CommitMsg]2021/09/27 23:01:36.026316 /root/study/github_repository/qb/qbtx/qbtx.go:109: verify of tx success
【START A NEW PBFT】2021/09/27 23:03:29.318709 /root/study/github_repository/qb/pbft/pbft_impl.go:56: start a new pbft
【START A NEW PBFT】2021/09/27 23:03:29.319329 /root/study/github_repository/qb/qbtx/qbtx.go:109: verify of tx success
P4-[receive PrepareMsg]2021/09/27 23:03:29.320784 /root/study/github_repository/qb/qbtx/qbtx.go:109: verify of tx success
P4-[receive CommitMsg]2021/09/27 23:03:29.323606 /root/study/github_repository/qb/qbtx/qbtx.go:109: verify of tx success
【START A NEW PBFT】2021/09/27 23:04:29.368782 /root/study/github_repository/qb/pbft/pbft_impl.go:56: start a new pbft
【START A NEW PBFT】2021/09/27 23:04:29.369224 /root/study/github_repository/qb/qbtx/qbtx.go:109: verify of tx success
P4-[receive PrepareMsg]2021/09/27 23:04:29.370464 /root/study/github_repository/qb/qbtx/qbtx.go:109: verify of tx success
P4-[receive CommitMsg]2021/09/27 23:04:29.373217 /root/study/github_repository/qb/qbtx/qbtx.go:109: verify of tx success
【START A NEW PBFT】2021/09/27 23:05:18.504206 /root/study/github_repository/qb/pbft/pbft_impl.go:56: start a new pbft
【START A NEW PBFT】2021/09/27 23:05:18.504690 /root/study/github_repository/qb/qbtx/qbtx.go:109: verify of tx success
P4-[receive PrepareMsg]2021/09/27 23:05:18.508151 /root/study/github_repository/qb/qbtx/qbtx.go:109: verify of tx success
P4-[pbft.PrepareMsg]2021/09/27 23:05:18.509404 /root/study/github_repository/qb/pbft/pbft_network.go:353: [put prepare message into MsgDelivery channel]
【START A NEW PBFT】2021/09/27 23:06:27.166175 /root/study/github_repository/qb/pbft/pbft_impl.go:56: start a new pbft
【START A NEW PBFT】2021/09/27 23:06:27.166791 /root/study/github_repository/qb/qbtx/qbtx.go:109: verify of tx success
P4-[receive PrepareMsg]2021/09/27 23:06:27.357540 /root/study/github_repository/qb/qbtx/qbtx.go:109: verify of tx success
P4-[receive CommitMsg]2021/09/27 23:06:27.558003 /root/study/github_repository/qb/qbtx/qbtx.go:109: verify of tx success
P4-[receive CommitMsg]2021/09/27 23:06:27.558574 /root/study/github_repository/qb/qbtx/qbtx.go:109: verify of tx success
【START A NEW PBFT】2021/09/27 23:10:24.868252 /root/study/github_repository/qb/pbft/pbft_impl.go:56: start a new pbft
P4-[pbft.PrepareMsg]2021/09/27 23:10:24.869753 /root/study/github_repository/qb/qbtx/qbtx.go:109: verify of tx success
P4-[pbft.PrepareMsg]2021/09/27 23:10:24.869755 /root/study/github_repository/qb/pbft/pbft_network.go:353: [put prepare message into MsgDelivery channel]
P4-commit2021/09/27 23:10:24.871777 /root/study/github_repository/qb/qbtx/qbtx.go:109: verify of tx success
P4-[pbft.CommitMsg]2021/09/27 23:10:24.872054 /root/study/github_repository/qb/pbft/pbft_network.go:370: [put commit message into MsgDelivery channel]
P4-[pbft.CommitMsg]2021/09/27 23:10:24.872292 /root/study/github_repository/qb/qbtx/qbtx.go:109: verify of tx success
【START A NEW PBFT】2021/09/27 23:17:23.993691 /root/study/github_repository/qb/pbft/pbft_impl.go:56: start a new pbft
P4-[receive PrepareMsg]2021/09/27 23:17:23.995758 /root/study/github_repository/qb/qbtx/qbtx.go:109: verify of tx success
P4-[get commitMsg]2021/09/27 23:17:23.996695 /root/study/github_repository/qb/qbtx/qbtx.go:109: verify of tx success
P4-[receive CommitMsg]2021/09/27 23:17:23.997491 /root/study/github_repository/qb/qbtx/qbtx.go:109: verify of tx success
【START A NEW PBFT】2021/09/27 23:20:07.960658 /root/study/github_repository/qb/pbft/pbft_impl.go:56: start a new pbft
P4-[receive PrepareMsg]2021/09/27 23:20:07.962839 /root/study/github_repository/qb/qbtx/qbtx.go:109: verify of tx success
P4-[receive CommitMsg]2021/09/27 23:20:07.964490 /root/study/github_repository/qb/qbtx/qbtx.go:109: verify of tx success
P4-[receive CommitMsg]2021/09/27 23:20:07.964973 /root/study/github_repository/qb/qbtx/qbtx.go:109: verify of tx success
【START A NEW PBFT】2021/09/27 23:21:13.262440 /root/study/github_repository/qb/pbft/pbft_impl.go:56: start a new pbft
【START A NEW PBFT】2021/09/27 23:21:13.262948 /root/study/github_repository/qb/qbtx/qbtx.go:109: verify of tx success
P4-[receive PrepareMsg]2021/09/27 23:21:13.266933 /root/study/github_repository/qb/qbtx/qbtx.go:109: verify of tx success
P4-[pbft.PrepareMsg]2021/09/27 23:21:13.267094 /root/study/github_repository/qb/pbft/pbft_network.go:355: [put prepare message into MsgDelivery channel]
P4-[receive CommitMsg]2021/09/27 23:21:13.268555 /root/study/github_repository/qb/qbtx/qbtx.go:109: verify of tx success
P4-[receive CommitMsg]2021/09/27 23:21:13.269020 /root/study/github_repository/qb/qbtx/qbtx.go:109: verify of tx success
【START A NEW PBFT】2021/09/27 23:22:46.358317 /root/study/github_repository/qb/pbft/pbft_impl.go:56: start a new pbft
【START A NEW PBFT】2021/09/27 23:22:46.358816 /root/study/github_repository/qb/qbtx/qbtx.go:109: verify of tx success
P4-[receive PrepareMsg]2021/09/27 23:22:46.361767 /root/study/github_repository/qb/qbtx/qbtx.go:109: verify of tx success
P4-[receive CommitMsg]2021/09/27 23:22:46.362813 /root/study/github_repository/qb/qbtx/qbtx.go:109: verify of tx success
P4-[broadcast commit]2021/09/27 23:22:46.363393 /root/study/github_repository/qb/qbtx/qbtx.go:109: verify of tx success
