【START A NEW PBFT】2021/09/27 22:17:04.446811 /root/study/github_repository/qb/pbft/pbft_impl.go:56: start a new pbft
【START A NEW PBFT】2021/09/27 22:17:04.447379 /root/study/github_repository/qb/qbtx/qbtx.go:109: verify of tx success
P2-[receive PrepareMsg]2021/09/27 22:17:04.451127 /root/study/github_repository/qb/qbtx/qbtx.go:109: verify of tx success
P2-[receive PrepareMsg]2021/09/27 22:17:04.452145 /root/study/github_repository/qb/qbtx/qbtx.go:109: verify of tx success
P2-[pbft.PrepareMsg]2021/09/27 22:17:04.452368 /root/study/github_repository/qb/pbft/pbft_network.go:347: [put prepare message into MsgDelivery channel]
P2-[receive CommitMsg]2021/09/27 22:17:04.453395 /root/study/github_repository/qb/qbtx/qbtx.go:109: verify of tx success
【START A NEW PBFT】2021/09/27 22:35:30.525477 /root/study/github_repository/qb/pbft/pbft_impl.go:56: start a new pbft
【START A NEW PBFT】2021/09/27 22:35:30.526015 /root/study/github_repository/qb/qbtx/qbtx.go:109: verify of tx success
P2-[receive PrepareMsg]2021/09/27 22:35:30.528063 /root/study/github_repository/qb/qbtx/qbtx.go:109: verify of tx success
P2-[receive CommitMsg]2021/09/27 22:35:30.530243 /root/study/github_repository/qb/qbtx/qbtx.go:109: verify of tx success
P2-[receive CommitMsg]2021/09/27 22:35:30.531289 /root/study/github_repository/qb/qbtx/qbtx.go:109: verify of tx success
【START A NEW PBFT】2021/09/27 22:41:11.041073 /root/study/github_repository/qb/pbft/pbft_impl.go:56: start a new pbft
【START A NEW PBFT】2021/09/27 22:41:11.041589 /root/study/github_repository/qb/qbtx/qbtx.go:109: verify of tx success
P2-[receive PrepareMsg]2021/09/27 22:41:11.043350 /root/study/github_repository/qb/qbtx/qbtx.go:109: verify of tx success
P2-[get commitMsg]2021/09/27 22:41:11.044711 /root/study/github_repository/qb/qbtx/qbtx.go:109: verify of tx success
P2-[receive CommitMsg]2021/09/27 22:41:11.046921 /root/study/github_repository/qb/qbtx/qbtx.go:109: verify of tx success
P2-[receive CommitMsg]2021/09/27 22:41:11.047433 /root/study/github_repository/qb/qbtx/qbtx.go:109: verify of tx success
P2-[get replyMsg]2021/09/27 22:41:11.048069 /root/study/github_repository/qb/qbtx/qbtx.go:109: verify of tx success
【START A NEW PBFT】2021/09/27 22:47:45.498219 /root/study/github_repository/qb/pbft/pbft_impl.go:56: start a new pbft
【START A NEW PBFT】2021/09/27 22:47:45.498721 /root/study/github_repository/qb/qbtx/qbtx.go:109: verify of tx success
P2-[pbft.PrepareMsg]2021/09/27 22:47:45.501674 /root/study/github_repository/qb/qbtx/qbtx.go:109: verify of tx success
P2-[receive CommitMsg]2021/09/27 22:47:45.503787 /root/study/github_repository/qb/qbtx/qbtx.go:109: verify of tx success
【START A NEW PBFT】2021/09/27 22:51:30.732082 /root/study/github_repository/qb/pbft/pbft_impl.go:56: start a new pbft
【START A NEW PBFT】2021/09/27 22:51:30.732601 /root/study/github_repository/qb/qbtx/qbtx.go:109: verify of tx success
P2-[receive PrepareMsg]2021/09/27 22:51:30.736211 /root/study/github_repository/qb/qbtx/qbtx.go:109: verify of tx success
P2-[receive CommitMsg]2021/09/27 22:51:30.868144 /root/study/github_repository/qb/qbtx/qbtx.go:109: verify of tx success
P2-[receive CommitMsg]2021/09/27 22:51:30.870880 /root/study/github_repository/qb/qbtx/qbtx.go:109: verify of tx success
【START A NEW PBFT】2021/09/27 22:55:05.924854 /root/study/github_repository/qb/pbft/pbft_impl.go:56: start a new pbft
【START A NEW PBFT】2021/09/27 22:55:05.925372 /root/study/github_repository/qb/qbtx/qbtx.go:109: verify of tx success
P2-[pbft.PrepareMsg]2021/09/27 22:55:05.930292 /root/study/github_repository/qb/pbft/pbft_network.go:353: [put prepare message into MsgDelivery channel]
P2-[broadcast commit]2021/09/27 22:55:05.931307 /root/study/github_repository/qb/qbtx/qbtx.go:109: verify of tx success
P2-[receive CommitMsg]2021/09/27 22:55:05.931995 /root/study/github_repository/qb/qbtx/qbtx.go:109: verify of tx success
【START A NEW PBFT】2021/09/27 22:59:33.105573 /root/study/github_repository/qb/pbft/pbft_impl.go:56: start a new pbft
【START A NEW PBFT】2021/09/27 22:59:33.106092 /root/study/github_repository/qb/qbtx/qbtx.go:109: verify of tx success
P2-[receive PrepareMsg]2021/09/27 22:59:33.109589 /root/study/github_repository/qb/qbtx/qbtx.go:109: verify of tx success
P2-[pbft.PrepareMsg]2021/09/27 22:59:33.110767 /root/study/github_repository/qb/pbft/pbft_network.go:353: [put prepare message into MsgDelivery channel]
P2-[pbft.PrepareMsg]2021/09/27 22:59:33.110793 /root/study/github_repository/qb/qbtx/qbtx.go:109: verify of tx success
【START A NEW PBFT】2021/09/27 23:01:36.018663 /root/study/github_repository/qb/pbft/pbft_impl.go:56: start a new pbft
【START A NEW PBFT】2021/09/27 23:01:36.019254 /root/study/github_repository/qb/qbtx/qbtx.go:109: verify of tx success
P2-[pbft.PrepareMsg]2021/09/27 23:01:36.023373 /root/study/github_repository/qb/pbft/pbft_network.go:356: [put prepare message into MsgDelivery channel]
P2-[receive CommitMsg]2021/09/27 23:01:36.024212 /root/study/github_repository/qb/qbtx/qbtx.go:109: verify of tx success
【START A NEW PBFT】2021/09/27 23:03:29.315775 /root/study/github_repository/qb/pbft/pbft_impl.go:56: start a new pbft
【START A NEW PBFT】2021/09/27 23:03:29.317043 /root/study/github_repository/qb/qbtx/qbtx.go:109: verify of tx success
P2-[receive PrepareMsg]2021/09/27 23:03:29.321444 /root/study/github_repository/qb/qbtx/qbtx.go:109: verify of tx success
P2-[pbft.PrepareMsg]2021/09/27 23:03:29.322504 /root/study/github_repository/qb/pbft/pbft_network.go:353: [put prepare message into MsgDelivery channel]
P2-[pbft.PrepareMsg]2021/09/27 23:03:29.322660 /root/study/github_repository/qb/qbtx/qbtx.go:109: verify of tx success
【START A NEW PBFT】2021/09/27 23:04:29.367334 /root/study/github_repository/qb/pbft/pbft_impl.go:56: start a new pbft
【START A NEW PBFT】2021/09/27 23:04:29.367840 /root/study/github_repository/qb/qbtx/qbtx.go:109: verify of tx success
P2-[receive PrepareMsg]2021/09/27 23:04:29.371067 /root/study/github_repository/qb/qbtx/qbtx.go:109: verify of tx success
P2-[receive CommitMsg]2021/09/27 23:04:29.514707 /root/study/github_repository/qb/qbtx/qbtx.go:109: verify of tx success
P2-[receive CommitMsg]2021/09/27 23:04:29.515255 /root/study/github_repository/qb/qbtx/qbtx.go:109: verify of tx success
【START A NEW PBFT】2021/09/27 23:05:18.504771 /root/study/github_repository/qb/pbft/pbft_impl.go:56: start a new pbft
【START A NEW PBFT】2021/09/27 23:05:18.505312 /root/study/github_repository/qb/qbtx/qbtx.go:109: verify of tx success
P2-[receive PrepareMsg]2021/09/27 23:05:18.506679 /root/study/github_repository/qb/qbtx/qbtx.go:109: verify of tx success
P2-[receive PrepareMsg]2021/09/27 23:05:18.508044 /root/study/github_repository/qb/qbtx/qbtx.go:109: verify of tx success
P2-[pbft.PrepareMsg]2021/09/27 23:05:18.508093 /root/study/github_repository/qb/pbft/pbft_network.go:353: [put prepare message into MsgDelivery channel]
P2-[receive CommitMsg]2021/09/27 23:05:18.510139 /root/study/github_repository/qb/qbtx/qbtx.go:109: verify of tx success
【START A NEW PBFT】2021/09/27 23:10:24.866401 /root/study/github_repository/qb/pbft/pbft_impl.go:56: start a new pbft
【START A NEW PBFT】2021/09/27 23:10:24.866881 /root/study/github_repository/qb/qbtx/qbtx.go:109: verify of tx success
P2-[receive PrepareMsg]2021/09/27 23:10:24.869307 /root/study/github_repository/qb/qbtx/qbtx.go:109: verify of tx success
P2-[receive CommitMsg]2021/09/27 23:10:24.871236 /root/study/github_repository/qb/qbtx/qbtx.go:109: verify of tx success
P2-[receive CommitMsg]2021/09/27 23:10:24.871758 /root/study/github_repository/qb/qbtx/qbtx.go:109: verify of tx success
【START A NEW PBFT】2021/09/27 23:17:23.992226 /root/study/github_repository/qb/pbft/pbft_impl.go:56: start a new pbft
【START A NEW PBFT】2021/09/27 23:17:23.992738 /root/study/github_repository/qb/qbtx/qbtx.go:109: verify of tx success
P2-[receive PrepareMsg]2021/09/27 23:17:23.995177 /root/study/github_repository/qb/qbtx/qbtx.go:109: verify of tx success
P2-[pbft.PrepareMsg]2021/09/27 23:17:23.996195 /root/study/github_repository/qb/pbft/pbft_network.go:357: [put prepare message into MsgDelivery channel]
P2-[pbft.PrepareMsg]2021/09/27 23:17:23.996293 /root/study/github_repository/qb/qbtx/qbtx.go:109: verify of tx success
【START A NEW PBFT】2021/09/27 23:20:07.958583 /root/study/github_repository/qb/pbft/pbft_impl.go:56: start a new pbft
【START A NEW PBFT】2021/09/27 23:20:07.959006 /root/study/github_repository/qb/qbtx/qbtx.go:109: verify of tx success
P2-[receive PrepareMsg]2021/09/27 23:20:07.962478 /root/study/github_repository/qb/qbtx/qbtx.go:109: verify of tx success
P2-[pbft.PrepareMsg]2021/09/27 23:20:07.963362 /root/study/github_repository/qb/pbft/pbft_network.go:355: [put prepare message into MsgDelivery channel]
P2-[pbft.PrepareMsg]2021/09/27 23:20:07.963421 /root/study/github_repository/qb/qbtx/qbtx.go:109: verify of tx success
P2-[receive CommitMsg]2021/09/27 23:20:07.964972 /root/study/github_repository/qb/qbtx/qbtx.go:109: verify of tx success
【START A NEW PBFT】2021/09/27 23:21:13.263068 /root/study/github_repository/qb/pbft/pbft_impl.go:56: start a new pbft
【START A NEW PBFT】2021/09/27 23:21:13.263575 /root/study/github_repository/qb/qbtx/qbtx.go:109: verify of tx success
P2-[receive PrepareMsg]2021/09/27 23:21:13.264949 /root/study/github_repository/qb/qbtx/qbtx.go:109: verify of tx success
P2-[receive CommitMsg]2021/09/27 23:21:13.267654 /root/study/github_repository/qb/qbtx/qbtx.go:109: verify of tx success
P2-[receive CommitMsg]2021/09/27 23:21:13.268366 /root/study/github_repository/qb/qbtx/qbtx.go:109: verify of tx success
【START A NEW PBFT】2021/09/27 23:22:46.358946 /root/study/github_repository/qb/pbft/pbft_impl.go:56: start a new pbft
【START A NEW PBFT】2021/09/27 23:22:46.359476 /root/study/github_repository/qb/qbtx/qbtx.go:109: verify of tx success
P2-[receive PrepareMsg]2021/09/27 23:22:46.361193 /root/study/github_repository/qb/qbtx/qbtx.go:109: verify of tx success
