[PBFT-PREPREPARE SIGN]2021/10/17 20:33:28.640520 /root/study/github_repository/pbft/pbft_preprepare.go:54: Index of uss:ac626eca1175ab64a46b9428ddf9d301
[PBFT-PREPREPARE SIGN]2021/10/17 20:33:28.640545 /root/study/github_repository/pbft/pbft_preprepare.go:55: plaintext:7b2256696577223a312c2253657175656e63655f6e756d626572223a313633343437343030383632343234393735362c224469676573745f6d223a225744422f4a4f6b594359665648783559756d42766b4c4b7079654235714a526d62743263446e41705179493d227d
[PBFT-COMMIT SIGN]2021/10/17 20:33:28.839845 /root/study/github_repository/pbft/pbft_commit.go:53: Index of uss:6b14fa0d3ad3cd7af03b495635ee8aa7
[PBFT-COMMIT SIGN]2021/10/17 20:33:28.839867 /root/study/github_repository/pbft/pbft_commit.go:54: plaintext:7b2256696577223a312c2253657175656e63655f6e756d626572223a313633343437343030383632343234393735362c224469676573745f6d223a225744422f4a4f6b594359665648783559756d42766b4c4b7079654235714a526d62743263446e41705179493d222c224e6f64655f69223a317d
[PBFT-REPLY SIGN]2021/10/17 20:33:29.311547 /root/study/github_repository/pbft/pbft_reply.go:54: Index of uss:4844a3ed73664c1afc177de648845b5d
[PBFT-REPLY SIGN]2021/10/17 20:33:29.311567 /root/study/github_repository/pbft/pbft_reply.go:55: plaintext:7b2256696577223a312c2254696d655f7374616d70223a313633343437343030382c22436c69656e745f6e616d65223a22222c224e6f64655f69223a312c22526573756c74223a747275657d
[PBFT-PREPREPARE SIGN]2021/10/17 20:33:36.643860 /root/study/github_repository/pbft/pbft_preprepare.go:54: Index of uss:4cc0fc66aa9f4439a388888971806e30
[PBFT-PREPREPARE SIGN]2021/10/17 20:33:36.643903 /root/study/github_repository/pbft/pbft_preprepare.go:55: plaintext:7b2256696577223a312c2253657175656e63655f6e756d626572223a313633343437343030383632343234393735372c224469676573745f6d223a222b694d7953436b6c6278483250364c44695552317467665a352b4f494a434c506e422b564247687850426f3d227d
[PBFT-COMMIT SIGN]2021/10/17 20:33:36.836594 /root/study/github_repository/pbft/pbft_commit.go:53: Index of uss:f26a47d5b17e9a150723455f27c064e7
[PBFT-COMMIT SIGN]2021/10/17 20:33:36.836611 /root/study/github_repository/pbft/pbft_commit.go:54: plaintext:7b2256696577223a312c2253657175656e63655f6e756d626572223a313633343437343030383632343234393735372c224469676573745f6d223a222b694d7953436b6c6278483250364c44695552317467665a352b4f494a434c506e422b564247687850426f3d222c224e6f64655f69223a317d
[PBFT-REPLY SIGN]2021/10/17 20:33:37.377439 /root/study/github_repository/pbft/pbft_reply.go:54: Index of uss:9c31a6cc468d60aca5bcfaba16bf644e
[PBFT-REPLY SIGN]2021/10/17 20:33:37.377457 /root/study/github_repository/pbft/pbft_reply.go:55: plaintext:7b2256696577223a312c2254696d655f7374616d70223a313633343437343031362c22436c69656e745f6e616d65223a22222c224e6f64655f69223a312c22526573756c74223a747275657d
[BLOCK SIGN]2021/10/17 20:46:08.418716 /root/study/github_repository/qb/qbnode/node_routine_blockMsg.go:53: block Height:4
[BLOCK SIGN]2021/10/17 20:46:08.418756 /root/study/github_repository/qb/qbnode/node_routine_blockMsg.go:55: Index of uss:98b2127db1f6d6ad3fa17bdcd2c6aeb2
[BLOCK SIGN]2021/10/17 20:46:08.418761 /root/study/github_repository/qb/qbnode/node_routine_blockMsg.go:56: plaintext:5b9fee44dbfd5a4a7324e3ceb40dd06cde3cf305a4f5a66fcb44b1743ba338bb
[PBFT-PREPREPARE SIGN]2021/10/17 20:46:08.442341 /root/study/github_repository/pbft/pbft_preprepare.go:54: Index of uss:531d92f08cdb96d0ae4416bb8f608c92
[PBFT-PREPREPARE SIGN]2021/10/17 20:46:08.442378 /root/study/github_repository/pbft/pbft_preprepare.go:55: plaintext:7b2256696577223a312c2253657175656e63655f6e756d626572223a313633343437343736383432353731383034352c224469676573745f6d223a22662f774d58447a64445862312b4a626d64637962374f71333852514c5279412f524d795862514c723134383d227d
[PBFT-COMMIT SIGN]2021/10/17 20:46:08.618480 /root/study/github_repository/pbft/pbft_commit.go:53: Index of uss:53d510210cdae2083ff83affe6276717
[PBFT-COMMIT SIGN]2021/10/17 20:46:08.618515 /root/study/github_repository/pbft/pbft_commit.go:54: plaintext:7b2256696577223a312c2253657175656e63655f6e756d626572223a313633343437343736383432353731383034352c224469676573745f6d223a22662f774d58447a64445862312b4a626d64637962374f71333852514c5279412f524d795862514c723134383d222c224e6f64655f69223a317d
[PBFT-REPLY SIGN]2021/10/17 20:46:09.251804 /root/study/github_repository/pbft/pbft_reply.go:54: Index of uss:67dbb4e70cc380cda2dc46121d601f75
[PBFT-REPLY SIGN]2021/10/17 20:46:09.251818 /root/study/github_repository/pbft/pbft_reply.go:55: plaintext:7b2256696577223a312c2254696d655f7374616d70223a313633343437343736382c22436c69656e745f6e616d65223a22222c224e6f64655f69223a312c22526573756c74223a747275657d
[BLOCK SIGN]2021/10/17 20:46:14.422437 /root/study/github_repository/qb/qbnode/node_routine_blockMsg.go:53: block Height:5
[BLOCK SIGN]2021/10/17 20:46:14.422478 /root/study/github_repository/qb/qbnode/node_routine_blockMsg.go:55: Index of uss:4dfc8556eaa0ce1b400e7355bb6a1e15
[BLOCK SIGN]2021/10/17 20:46:14.422486 /root/study/github_repository/qb/qbnode/node_routine_blockMsg.go:56: plaintext:775d41c50ab14d5bc57bc01b8856ec9e254b4543038b7db961b0de89321fb8d7
[PBFT-PREPREPARE SIGN]2021/10/17 20:46:14.446485 /root/study/github_repository/pbft/pbft_preprepare.go:54: Index of uss:1e213809fd6a318cd11efdc2bf76982c
[PBFT-PREPREPARE SIGN]2021/10/17 20:46:14.446525 /root/study/github_repository/pbft/pbft_preprepare.go:55: plaintext:7b2256696577223a312c2253657175656e63655f6e756d626572223a313633343437343736383432353731383034362c224469676573745f6d223a226a592b6334535138346f4733376b4f714e5465736c6e66533150634d6e795050754b4168416c65686742773d227d
[PBFT-COMMIT SIGN]2021/10/17 20:46:14.642949 /root/study/github_repository/pbft/pbft_commit.go:53: Index of uss:27183fe652cc449afb81acff587080af
[PBFT-COMMIT SIGN]2021/10/17 20:46:14.642970 /root/study/github_repository/pbft/pbft_commit.go:54: plaintext:7b2256696577223a312c2253657175656e63655f6e756d626572223a313633343437343736383432353731383034362c224469676573745f6d223a226a592b6334535138346f4733376b4f714e5465736c6e66533150634d6e795050754b4168416c65686742773d222c224e6f64655f69223a317d
[PBFT-REPLY SIGN]2021/10/17 20:46:15.549220 /root/study/github_repository/pbft/pbft_reply.go:54: Index of uss:4e57187f125ec66c8150292d5fdc8125
[PBFT-REPLY SIGN]2021/10/17 20:46:15.549231 /root/study/github_repository/pbft/pbft_reply.go:55: plaintext:7b2256696577223a312c2254696d655f7374616d70223a313633343437343737342c22436c69656e745f6e616d65223a22222c224e6f64655f69223a312c22526573756c74223a747275657d
