[PBFT-PREPARE SIGN]2021/10/17 20:33:28.687887 /root/study/github_repository/pbft/pbft_prepare.go:47: Index of uss:164690f9675510bb675536f728ac031d
[PBFT-PREPARE SIGN]2021/10/17 20:33:28.687940 /root/study/github_repository/pbft/pbft_prepare.go:48: plaintext:7b2256696577223a312c2253657175656e63655f6e756d626572223a313633343437343030383632343234393735362c224469676573745f6d223a225744422f4a4f6b594359665648783559756d42766b4c4b7079654235714a526d62743263446e41705179493d222c224e6f64655f69223a31307d
[PBFT-COMMIT SIGN]2021/10/17 20:33:29.091756 /root/study/github_repository/pbft/pbft_commit.go:53: Index of uss:a187c3e67487d7b0241a987ee89f9c7d
[PBFT-COMMIT SIGN]2021/10/17 20:33:29.091775 /root/study/github_repository/pbft/pbft_commit.go:54: plaintext:7b2256696577223a312c2253657175656e63655f6e756d626572223a313633343437343030383632343234393735362c224469676573745f6d223a225744422f4a4f6b594359665648783559756d42766b4c4b7079654235714a526d62743263446e41705179493d222c224e6f64655f69223a31307d
[PBFT-REPLY SIGN]2021/10/17 20:33:29.471207 /root/study/github_repository/pbft/pbft_reply.go:54: Index of uss:09c24f4f84a94ac85321d730f3da1afa
[PBFT-REPLY SIGN]2021/10/17 20:33:29.471222 /root/study/github_repository/pbft/pbft_reply.go:55: plaintext:7b2256696577223a312c2254696d655f7374616d70223a313633343437343030382c22436c69656e745f6e616d65223a22222c224e6f64655f69223a31302c22526573756c74223a747275657d
[PBFT-PREPARE SIGN]2021/10/17 20:33:36.679843 /root/study/github_repository/pbft/pbft_prepare.go:47: Index of uss:5d8ee4bb879c626f1c3feeddfd542bdd
[PBFT-PREPARE SIGN]2021/10/17 20:33:36.679868 /root/study/github_repository/pbft/pbft_prepare.go:48: plaintext:7b2256696577223a312c2253657175656e63655f6e756d626572223a313633343437343030383632343234393735372c224469676573745f6d223a222b694d7953436b6c6278483250364c44695552317467665a352b4f494a434c506e422b564247687850426f3d222c224e6f64655f69223a31307d
[PBFT-COMMIT SIGN]2021/10/17 20:33:37.122270 /root/study/github_repository/pbft/pbft_commit.go:53: Index of uss:45844a2ca9599329ae2e27bb41549110
[PBFT-COMMIT SIGN]2021/10/17 20:33:37.122289 /root/study/github_repository/pbft/pbft_commit.go:54: plaintext:7b2256696577223a312c2253657175656e63655f6e756d626572223a313633343437343030383632343234393735372c224469676573745f6d223a222b694d7953436b6c6278483250364c44695552317467665a352b4f494a434c506e422b564247687850426f3d222c224e6f64655f69223a31307d
[PBFT-REPLY SIGN]2021/10/17 20:33:37.546757 /root/study/github_repository/pbft/pbft_reply.go:54: Index of uss:5378fa86bebbe2f6d4578531edf83224
[PBFT-REPLY SIGN]2021/10/17 20:33:37.546772 /root/study/github_repository/pbft/pbft_reply.go:55: plaintext:7b2256696577223a312c2254696d655f7374616d70223a313633343437343031362c22436c69656e745f6e616d65223a22222c224e6f64655f69223a31302c22526573756c74223a747275657d
[PBFT-PREPARE SIGN]2021/10/17 20:46:08.502034 /root/study/github_repository/pbft/pbft_prepare.go:47: Index of uss:5720c3299f81f8e588b090a853cafdd3
[PBFT-PREPARE SIGN]2021/10/17 20:46:08.502093 /root/study/github_repository/pbft/pbft_prepare.go:48: plaintext:7b2256696577223a312c2253657175656e63655f6e756d626572223a313633343437343736383432353731383034352c224469676573745f6d223a22662f774d58447a64445862312b4a626d64637962374f71333852514c5279412f524d795862514c723134383d222c224e6f64655f69223a31307d
[PBFT-COMMIT SIGN]2021/10/17 20:46:08.835799 /root/study/github_repository/pbft/pbft_commit.go:53: Index of uss:4f8f3facd6187b2d8147649f37925baf
[PBFT-COMMIT SIGN]2021/10/17 20:46:08.835819 /root/study/github_repository/pbft/pbft_commit.go:54: plaintext:7b2256696577223a312c2253657175656e63655f6e756d626572223a313633343437343736383432353731383034352c224469676573745f6d223a22662f774d58447a64445862312b4a626d64637962374f71333852514c5279412f524d795862514c723134383d222c224e6f64655f69223a31307d
[PBFT-REPLY SIGN]2021/10/17 20:46:09.189724 /root/study/github_repository/pbft/pbft_reply.go:54: Index of uss:ec6e7ad5f2d89b8454d62317f9279ecc
[PBFT-REPLY SIGN]2021/10/17 20:46:09.189743 /root/study/github_repository/pbft/pbft_reply.go:55: plaintext:7b2256696577223a312c2254696d655f7374616d70223a313633343437343736382c22436c69656e745f6e616d65223a22222c224e6f64655f69223a31302c22526573756c74223a747275657d
[PBFT-PREPARE SIGN]2021/10/17 20:46:14.478369 /root/study/github_repository/pbft/pbft_prepare.go:47: Index of uss:55d436395cea1a76244c7bb9d210a879
[PBFT-PREPARE SIGN]2021/10/17 20:46:14.478392 /root/study/github_repository/pbft/pbft_prepare.go:48: plaintext:7b2256696577223a312c2253657175656e63655f6e756d626572223a313633343437343736383432353731383034362c224469676573745f6d223a226a592b6334535138346f4733376b4f714e5465736c6e66533150634d6e795050754b4168416c65686742773d222c224e6f64655f69223a31307d
[PBFT-COMMIT SIGN]2021/10/17 20:46:14.863931 /root/study/github_repository/pbft/pbft_commit.go:53: Index of uss:1b1f78b674e92f839149ad993387a513
[PBFT-COMMIT SIGN]2021/10/17 20:46:14.863959 /root/study/github_repository/pbft/pbft_commit.go:54: plaintext:7b2256696577223a312c2253657175656e63655f6e756d626572223a313633343437343736383432353731383034362c224469676573745f6d223a226a592b6334535138346f4733376b4f714e5465736c6e66533150634d6e795050754b4168416c65686742773d222c224e6f64655f69223a31307d
[PBFT-REPLY SIGN]2021/10/17 20:46:15.394190 /root/study/github_repository/pbft/pbft_reply.go:54: Index of uss:02035dbb6846a7841133226e56a3e207
[PBFT-REPLY SIGN]2021/10/17 20:46:15.394211 /root/study/github_repository/pbft/pbft_reply.go:55: plaintext:7b2256696577223a312c2254696d655f7374616d70223a313633343437343737342c22436c69656e745f6e616d65223a22222c224e6f64655f69223a31302c22526573756c74223a747275657d
