[PBFT-PREPARE SIGN]2021/10/17 20:33:28.734391 /root/study/github_repository/pbft/pbft_prepare.go:47: Index of uss:d2080304a0b02a16b4eb9495fa0a58c6
[PBFT-PREPARE SIGN]2021/10/17 20:33:28.734424 /root/study/github_repository/pbft/pbft_prepare.go:48: plaintext:7b2256696577223a312c2253657175656e63655f6e756d626572223a313633343437343030383632343234393735362c224469676573745f6d223a225744422f4a4f6b594359665648783559756d42766b4c4b7079654235714a526d62743263446e41705179493d222c224e6f64655f69223a31317d
[PBFT-COMMIT SIGN]2021/10/17 20:33:29.140030 /root/study/github_repository/pbft/pbft_commit.go:53: Index of uss:ddf55e59c1ab6451caa34f2e8d3dc6ca
[PBFT-COMMIT SIGN]2021/10/17 20:33:29.140047 /root/study/github_repository/pbft/pbft_commit.go:54: plaintext:7b2256696577223a312c2253657175656e63655f6e756d626572223a313633343437343030383632343234393735362c224469676573745f6d223a225744422f4a4f6b594359665648783559756d42766b4c4b7079654235714a526d62743263446e41705179493d222c224e6f64655f69223a31317d
[PBFT-REPLY SIGN]2021/10/17 20:33:29.481548 /root/study/github_repository/pbft/pbft_reply.go:54: Index of uss:13705f033708028a5ed043f58c6495de
[PBFT-REPLY SIGN]2021/10/17 20:33:29.481566 /root/study/github_repository/pbft/pbft_reply.go:55: plaintext:7b2256696577223a312c2254696d655f7374616d70223a313633343437343030382c22436c69656e745f6e616d65223a22222c224e6f64655f69223a31312c22526573756c74223a747275657d
[PBFT-PREPARE SIGN]2021/10/17 20:33:36.713369 /root/study/github_repository/pbft/pbft_prepare.go:47: Index of uss:01a48de385cf2ce06b3040251b1bf6a9
[PBFT-PREPARE SIGN]2021/10/17 20:33:36.713392 /root/study/github_repository/pbft/pbft_prepare.go:48: plaintext:7b2256696577223a312c2253657175656e63655f6e756d626572223a313633343437343030383632343234393735372c224469676573745f6d223a222b694d7953436b6c6278483250364c44695552317467665a352b4f494a434c506e422b564247687850426f3d222c224e6f64655f69223a31317d
[PBFT-COMMIT SIGN]2021/10/17 20:33:37.368490 /root/study/github_repository/pbft/pbft_commit.go:53: Index of uss:f8f750360106bec13609ae4c5172b8aa
[PBFT-COMMIT SIGN]2021/10/17 20:33:37.368512 /root/study/github_repository/pbft/pbft_commit.go:54: plaintext:7b2256696577223a312c2253657175656e63655f6e756d626572223a313633343437343030383632343234393735372c224469676573745f6d223a222b694d7953436b6c6278483250364c44695552317467665a352b4f494a434c506e422b564247687850426f3d222c224e6f64655f69223a31317d
[PBFT-REPLY SIGN]2021/10/17 20:33:37.735664 /root/study/github_repository/pbft/pbft_reply.go:54: Index of uss:12b72860e75807718f36b39c4ab755c4
[PBFT-REPLY SIGN]2021/10/17 20:33:37.735742 /root/study/github_repository/pbft/pbft_reply.go:55: plaintext:7b2256696577223a312c2254696d655f7374616d70223a313633343437343031362c22436c69656e745f6e616d65223a22222c224e6f64655f69223a31312c22526573756c74223a747275657d
[PBFT-PREPARE SIGN]2021/10/17 20:46:08.501101 /root/study/github_repository/pbft/pbft_prepare.go:47: Index of uss:309409d327d9786078bf2849e4bb3c6d
[PBFT-PREPARE SIGN]2021/10/17 20:46:08.501141 /root/study/github_repository/pbft/pbft_prepare.go:48: plaintext:7b2256696577223a312c2253657175656e63655f6e756d626572223a313633343437343736383432353731383034352c224469676573745f6d223a22662f774d58447a64445862312b4a626d64637962374f71333852514c5279412f524d795862514c723134383d222c224e6f64655f69223a31317d
[PBFT-COMMIT SIGN]2021/10/17 20:46:08.863087 /root/study/github_repository/pbft/pbft_commit.go:53: Index of uss:16e800e34d528e46d5b6b563ef6698e0
[PBFT-COMMIT SIGN]2021/10/17 20:46:08.863105 /root/study/github_repository/pbft/pbft_commit.go:54: plaintext:7b2256696577223a312c2253657175656e63655f6e756d626572223a313633343437343736383432353731383034352c224469676573745f6d223a22662f774d58447a64445862312b4a626d64637962374f71333852514c5279412f524d795862514c723134383d222c224e6f64655f69223a31317d
[PBFT-REPLY SIGN]2021/10/17 20:46:09.213176 /root/study/github_repository/pbft/pbft_reply.go:54: Index of uss:a447ca433b832f5994739747fc35bb20
[PBFT-REPLY SIGN]2021/10/17 20:46:09.213187 /root/study/github_repository/pbft/pbft_reply.go:55: plaintext:7b2256696577223a312c2254696d655f7374616d70223a313633343437343736382c22436c69656e745f6e616d65223a22222c224e6f64655f69223a31312c22526573756c74223a747275657d
[PBFT-PREPARE SIGN]2021/10/17 20:46:14.532447 /root/study/github_repository/pbft/pbft_prepare.go:47: Index of uss:9399709beda002091f091820c0b20b00
[PBFT-PREPARE SIGN]2021/10/17 20:46:14.532469 /root/study/github_repository/pbft/pbft_prepare.go:48: plaintext:7b2256696577223a312c2253657175656e63655f6e756d626572223a313633343437343736383432353731383034362c224469676573745f6d223a226a592b6334535138346f4733376b4f714e5465736c6e66533150634d6e795050754b4168416c65686742773d222c224e6f64655f69223a31317d
[PBFT-COMMIT SIGN]2021/10/17 20:46:15.075395 /root/study/github_repository/pbft/pbft_commit.go:53: Index of uss:07c2c99d89bb66721fd0dd73473d7cfd
[PBFT-COMMIT SIGN]2021/10/17 20:46:15.075422 /root/study/github_repository/pbft/pbft_commit.go:54: plaintext:7b2256696577223a312c2253657175656e63655f6e756d626572223a313633343437343736383432353731383034362c224469676573745f6d223a226a592b6334535138346f4733376b4f714e5465736c6e66533150634d6e795050754b4168416c65686742773d222c224e6f64655f69223a31317d
[PBFT-REPLY SIGN]2021/10/17 20:46:15.312284 /root/study/github_repository/pbft/pbft_reply.go:54: Index of uss:9d126cb506b44dccf499047f1f714457
[PBFT-REPLY SIGN]2021/10/17 20:46:15.312301 /root/study/github_repository/pbft/pbft_reply.go:55: plaintext:7b2256696577223a312c2254696d655f7374616d70223a313633343437343737342c22436c69656e745f6e616d65223a22222c224e6f64655f69223a31312c22526573756c74223a747275657d
