[PBFT-PREPARE SIGN]2021/10/17 20:33:28.735896 /root/study/github_repository/pbft/pbft_prepare.go:47: Index of uss:44929b26d3b068288f908557db836210
[PBFT-PREPARE SIGN]2021/10/17 20:33:28.735927 /root/study/github_repository/pbft/pbft_prepare.go:48: plaintext:7b2256696577223a312c2253657175656e63655f6e756d626572223a313633343437343030383632343234393735362c224469676573745f6d223a225744422f4a4f6b594359665648783559756d42766b4c4b7079654235714a526d62743263446e41705179493d222c224e6f64655f69223a31327d
[PBFT-COMMIT SIGN]2021/10/17 20:33:29.119798 /root/study/github_repository/pbft/pbft_commit.go:53: Index of uss:dba10e7db5dae2651310466b63727340
[PBFT-COMMIT SIGN]2021/10/17 20:33:29.119812 /root/study/github_repository/pbft/pbft_commit.go:54: plaintext:7b2256696577223a312c2253657175656e63655f6e756d626572223a313633343437343030383632343234393735362c224469676573745f6d223a225744422f4a4f6b594359665648783559756d42766b4c4b7079654235714a526d62743263446e41705179493d222c224e6f64655f69223a31327d
[PBFT-REPLY SIGN]2021/10/17 20:33:29.597781 /root/study/github_repository/pbft/pbft_reply.go:54: Index of uss:e1c0dbc47839f5b03cc581127fe195b4
[PBFT-REPLY SIGN]2021/10/17 20:33:29.597789 /root/study/github_repository/pbft/pbft_reply.go:55: plaintext:7b2256696577223a312c2254696d655f7374616d70223a313633343437343030382c22436c69656e745f6e616d65223a22222c224e6f64655f69223a31322c22526573756c74223a747275657d
[PBFT-PREPARE SIGN]2021/10/17 20:33:36.701264 /root/study/github_repository/pbft/pbft_prepare.go:47: Index of uss:b7d3f99a20291dad64001b9058e56c15
[PBFT-PREPARE SIGN]2021/10/17 20:33:36.701286 /root/study/github_repository/pbft/pbft_prepare.go:48: plaintext:7b2256696577223a312c2253657175656e63655f6e756d626572223a313633343437343030383632343234393735372c224469676573745f6d223a222b694d7953436b6c6278483250364c44695552317467665a352b4f494a434c506e422b564247687850426f3d222c224e6f64655f69223a31327d
[PBFT-COMMIT SIGN]2021/10/17 20:33:37.432065 /root/study/github_repository/pbft/pbft_commit.go:53: Index of uss:7aa262cef34dfd4e9ddf32a243b9f809
[PBFT-COMMIT SIGN]2021/10/17 20:33:37.432081 /root/study/github_repository/pbft/pbft_commit.go:54: plaintext:7b2256696577223a312c2253657175656e63655f6e756d626572223a313633343437343030383632343234393735372c224469676573745f6d223a222b694d7953436b6c6278483250364c44695552317467665a352b4f494a434c506e422b564247687850426f3d222c224e6f64655f69223a31327d
[PBFT-REPLY SIGN]2021/10/17 20:33:37.780135 /root/study/github_repository/pbft/pbft_reply.go:54: Index of uss:e11ccfb6e722b53735764986fa7fea82
[PBFT-REPLY SIGN]2021/10/17 20:33:37.780146 /root/study/github_repository/pbft/pbft_reply.go:55: plaintext:7b2256696577223a312c2254696d655f7374616d70223a313633343437343031362c22436c69656e745f6e616d65223a22222c224e6f64655f69223a31322c22526573756c74223a747275657d
[PBFT-PREPARE SIGN]2021/10/17 20:46:08.482648 /root/study/github_repository/pbft/pbft_prepare.go:47: Index of uss:268f9ff632cd0866a02472d16d8b1b39
[PBFT-PREPARE SIGN]2021/10/17 20:46:08.482667 /root/study/github_repository/pbft/pbft_prepare.go:48: plaintext:7b2256696577223a312c2253657175656e63655f6e756d626572223a313633343437343736383432353731383034352c224469676573745f6d223a22662f774d58447a64445862312b4a626d64637962374f71333852514c5279412f524d795862514c723134383d222c224e6f64655f69223a31327d
[PBFT-COMMIT SIGN]2021/10/17 20:46:08.828658 /root/study/github_repository/pbft/pbft_commit.go:53: Index of uss:7cd368f12fc62092fc0f01ad2f80e242
[PBFT-COMMIT SIGN]2021/10/17 20:46:08.828681 /root/study/github_repository/pbft/pbft_commit.go:54: plaintext:7b2256696577223a312c2253657175656e63655f6e756d626572223a313633343437343736383432353731383034352c224469676573745f6d223a22662f774d58447a64445862312b4a626d64637962374f71333852514c5279412f524d795862514c723134383d222c224e6f64655f69223a31327d
[PBFT-REPLY SIGN]2021/10/17 20:46:09.269245 /root/study/github_repository/pbft/pbft_reply.go:54: Index of uss:cf59ae2cb77de25723e4fc92abb3f488
[PBFT-REPLY SIGN]2021/10/17 20:46:09.269260 /root/study/github_repository/pbft/pbft_reply.go:55: plaintext:7b2256696577223a312c2254696d655f7374616d70223a313633343437343736382c22436c69656e745f6e616d65223a22222c224e6f64655f69223a31322c22526573756c74223a747275657d
[PBFT-PREPARE SIGN]2021/10/17 20:46:14.480122 /root/study/github_repository/pbft/pbft_prepare.go:47: Index of uss:5052b6b65b7009091f2f778b9f13792b
[PBFT-PREPARE SIGN]2021/10/17 20:46:14.480153 /root/study/github_repository/pbft/pbft_prepare.go:48: plaintext:7b2256696577223a312c2253657175656e63655f6e756d626572223a313633343437343736383432353731383034362c224469676573745f6d223a226a592b6334535138346f4733376b4f714e5465736c6e66533150634d6e795050754b4168416c65686742773d222c224e6f64655f69223a31327d
[PBFT-COMMIT SIGN]2021/10/17 20:46:14.725084 /root/study/github_repository/pbft/pbft_commit.go:53: Index of uss:659e4ee02c383826bb2492d56baedea0
[PBFT-COMMIT SIGN]2021/10/17 20:46:14.725116 /root/study/github_repository/pbft/pbft_commit.go:54: plaintext:7b2256696577223a312c2253657175656e63655f6e756d626572223a313633343437343736383432353731383034362c224469676573745f6d223a226a592b6334535138346f4733376b4f714e5465736c6e66533150634d6e795050754b4168416c65686742773d222c224e6f64655f69223a31327d
[PBFT-REPLY SIGN]2021/10/17 20:46:15.272472 /root/study/github_repository/pbft/pbft_reply.go:54: Index of uss:a5ff6300a7d9da6c1cdc561888047093
[PBFT-REPLY SIGN]2021/10/17 20:46:15.272491 /root/study/github_repository/pbft/pbft_reply.go:55: plaintext:7b2256696577223a312c2254696d655f7374616d70223a313633343437343737342c22436c69656e745f6e616d65223a22222c224e6f64655f69223a31322c22526573756c74223a747275657d
