[PBFT-PREPARE SIGN]2021/10/17 20:33:28.667594 /root/study/github_repository/pbft/pbft_prepare.go:47: Index of uss:116fbe0397a3ba540fd291b59e58e981
[PBFT-PREPARE SIGN]2021/10/17 20:33:28.667615 /root/study/github_repository/pbft/pbft_prepare.go:48: plaintext:7b2256696577223a312c2253657175656e63655f6e756d626572223a313633343437343030383632343234393735362c224469676573745f6d223a225744422f4a4f6b594359665648783559756d42766b4c4b7079654235714a526d62743263446e41705179493d222c224e6f64655f69223a31337d
[PBFT-COMMIT SIGN]2021/10/17 20:33:28.837939 /root/study/github_repository/pbft/pbft_commit.go:53: Index of uss:3e89f2c0fdd42144158e9b75e6930565
[PBFT-COMMIT SIGN]2021/10/17 20:33:28.837955 /root/study/github_repository/pbft/pbft_commit.go:54: plaintext:7b2256696577223a312c2253657175656e63655f6e756d626572223a313633343437343030383632343234393735362c224469676573745f6d223a225744422f4a4f6b594359665648783559756d42766b4c4b7079654235714a526d62743263446e41705179493d222c224e6f64655f69223a31337d
[PBFT-REPLY SIGN]2021/10/17 20:33:29.306423 /root/study/github_repository/pbft/pbft_reply.go:54: Index of uss:9714c15322b1d7e425583e0c7cef0e1b
[PBFT-REPLY SIGN]2021/10/17 20:33:29.306436 /root/study/github_repository/pbft/pbft_reply.go:55: plaintext:7b2256696577223a312c2254696d655f7374616d70223a313633343437343030382c22436c69656e745f6e616d65223a22222c224e6f64655f69223a31332c22526573756c74223a747275657d
[PBFT-PREPARE SIGN]2021/10/17 20:33:36.713325 /root/study/github_repository/pbft/pbft_prepare.go:47: Index of uss:df2531e052343f5fb2f9835e69eda020
[PBFT-PREPARE SIGN]2021/10/17 20:33:36.713343 /root/study/github_repository/pbft/pbft_prepare.go:48: plaintext:7b2256696577223a312c2253657175656e63655f6e756d626572223a313633343437343030383632343234393735372c224469676573745f6d223a222b694d7953436b6c6278483250364c44695552317467665a352b4f494a434c506e422b564247687850426f3d222c224e6f64655f69223a31337d
[PBFT-COMMIT SIGN]2021/10/17 20:33:37.450255 /root/study/github_repository/pbft/pbft_commit.go:53: Index of uss:ba8975c4936ab750f0c5d71f95b54759
[PBFT-COMMIT SIGN]2021/10/17 20:33:37.450285 /root/study/github_repository/pbft/pbft_commit.go:54: plaintext:7b2256696577223a312c2253657175656e63655f6e756d626572223a313633343437343030383632343234393735372c224469676573745f6d223a222b694d7953436b6c6278483250364c44695552317467665a352b4f494a434c506e422b564247687850426f3d222c224e6f64655f69223a31337d
[PBFT-REPLY SIGN]2021/10/17 20:33:37.731340 /root/study/github_repository/pbft/pbft_reply.go:54: Index of uss:67126e13c3938c07027ec6ba19f79074
[PBFT-REPLY SIGN]2021/10/17 20:33:37.731352 /root/study/github_repository/pbft/pbft_reply.go:55: plaintext:7b2256696577223a312c2254696d655f7374616d70223a313633343437343031362c22436c69656e745f6e616d65223a22222c224e6f64655f69223a31332c22526573756c74223a747275657d
[PBFT-PREPARE SIGN]2021/10/17 20:46:08.496239 /root/study/github_repository/pbft/pbft_prepare.go:47: Index of uss:67424fa0854fc2b78e74fa8123f3c0c5
[PBFT-PREPARE SIGN]2021/10/17 20:46:08.496267 /root/study/github_repository/pbft/pbft_prepare.go:48: plaintext:7b2256696577223a312c2253657175656e63655f6e756d626572223a313633343437343736383432353731383034352c224469676573745f6d223a22662f774d58447a64445862312b4a626d64637962374f71333852514c5279412f524d795862514c723134383d222c224e6f64655f69223a31337d
[PBFT-COMMIT SIGN]2021/10/17 20:46:08.910868 /root/study/github_repository/pbft/pbft_commit.go:53: Index of uss:8137b9923b90c646956b96b86977769b
[PBFT-COMMIT SIGN]2021/10/17 20:46:08.910886 /root/study/github_repository/pbft/pbft_commit.go:54: plaintext:7b2256696577223a312c2253657175656e63655f6e756d626572223a313633343437343736383432353731383034352c224469676573745f6d223a22662f774d58447a64445862312b4a626d64637962374f71333852514c5279412f524d795862514c723134383d222c224e6f64655f69223a31337d
[PBFT-REPLY SIGN]2021/10/17 20:46:09.090237 /root/study/github_repository/pbft/pbft_reply.go:54: Index of uss:5744ab809c39eac177e8dfc5ae47d5a9
[PBFT-REPLY SIGN]2021/10/17 20:46:09.090254 /root/study/github_repository/pbft/pbft_reply.go:55: plaintext:7b2256696577223a312c2254696d655f7374616d70223a313633343437343736382c22436c69656e745f6e616d65223a22222c224e6f64655f69223a31332c22526573756c74223a747275657d
[PBFT-PREPARE SIGN]2021/10/17 20:46:14.489250 /root/study/github_repository/pbft/pbft_prepare.go:47: Index of uss:a22d9af5b29b5135b16d17cffeffd550
[PBFT-PREPARE SIGN]2021/10/17 20:46:14.489272 /root/study/github_repository/pbft/pbft_prepare.go:48: plaintext:7b2256696577223a312c2253657175656e63655f6e756d626572223a313633343437343736383432353731383034362c224469676573745f6d223a226a592b6334535138346f4733376b4f714e5465736c6e66533150634d6e795050754b4168416c65686742773d222c224e6f64655f69223a31337d
[PBFT-COMMIT SIGN]2021/10/17 20:46:14.725086 /root/study/github_repository/pbft/pbft_commit.go:53: Index of uss:8734e8cb6d275468dac8a1082a218221
[PBFT-COMMIT SIGN]2021/10/17 20:46:14.725101 /root/study/github_repository/pbft/pbft_commit.go:54: plaintext:7b2256696577223a312c2253657175656e63655f6e756d626572223a313633343437343736383432353731383034362c224469676573745f6d223a226a592b6334535138346f4733376b4f714e5465736c6e66533150634d6e795050754b4168416c65686742773d222c224e6f64655f69223a31337d
[PBFT-REPLY SIGN]2021/10/17 20:46:15.509482 /root/study/github_repository/pbft/pbft_reply.go:54: Index of uss:7b5ca7b5f9c8cda0961960b21c3f701d
[PBFT-REPLY SIGN]2021/10/17 20:46:15.509495 /root/study/github_repository/pbft/pbft_reply.go:55: plaintext:7b2256696577223a312c2254696d655f7374616d70223a313633343437343737342c22436c69656e745f6e616d65223a22222c224e6f64655f69223a31332c22526573756c74223a747275657d
