[PBFT-PREPARE SIGN]2021/10/17 20:33:28.681137 /root/study/github_repository/pbft/pbft_prepare.go:47: Index of uss:e5b8d20a675ce9feb4b1d468337c486c
[PBFT-PREPARE SIGN]2021/10/17 20:33:28.681185 /root/study/github_repository/pbft/pbft_prepare.go:48: plaintext:7b2256696577223a312c2253657175656e63655f6e756d626572223a313633343437343030383632343234393735362c224469676573745f6d223a225744422f4a4f6b594359665648783559756d42766b4c4b7079654235714a526d62743263446e41705179493d222c224e6f64655f69223a31347d
[PBFT-COMMIT SIGN]2021/10/17 20:33:28.948656 /root/study/github_repository/pbft/pbft_commit.go:53: Index of uss:fa83808d2a0b576c6235625b178bd823
[PBFT-COMMIT SIGN]2021/10/17 20:33:28.948676 /root/study/github_repository/pbft/pbft_commit.go:54: plaintext:7b2256696577223a312c2253657175656e63655f6e756d626572223a313633343437343030383632343234393735362c224469676573745f6d223a225744422f4a4f6b594359665648783559756d42766b4c4b7079654235714a526d62743263446e41705179493d222c224e6f64655f69223a31347d
[PBFT-REPLY SIGN]2021/10/17 20:33:29.346739 /root/study/github_repository/pbft/pbft_reply.go:54: Index of uss:0879238d8fbbd6d8d79b9eaba815cedd
[PBFT-REPLY SIGN]2021/10/17 20:33:29.346759 /root/study/github_repository/pbft/pbft_reply.go:55: plaintext:7b2256696577223a312c2254696d655f7374616d70223a313633343437343030382c22436c69656e745f6e616d65223a22222c224e6f64655f69223a31342c22526573756c74223a747275657d
[PBFT-PREPARE SIGN]2021/10/17 20:33:36.673240 /root/study/github_repository/pbft/pbft_prepare.go:47: Index of uss:abf774e0afc06196217e3a69cb39736c
[PBFT-PREPARE SIGN]2021/10/17 20:33:36.673313 /root/study/github_repository/pbft/pbft_prepare.go:48: plaintext:7b2256696577223a312c2253657175656e63655f6e756d626572223a313633343437343030383632343234393735372c224469676573745f6d223a222b694d7953436b6c6278483250364c44695552317467665a352b4f494a434c506e422b564247687850426f3d222c224e6f64655f69223a31347d
[PBFT-COMMIT SIGN]2021/10/17 20:33:36.851028 /root/study/github_repository/pbft/pbft_commit.go:53: Index of uss:069431df2dad7984e7329809342c5eb7
[PBFT-COMMIT SIGN]2021/10/17 20:33:36.851043 /root/study/github_repository/pbft/pbft_commit.go:54: plaintext:7b2256696577223a312c2253657175656e63655f6e756d626572223a313633343437343030383632343234393735372c224469676573745f6d223a222b694d7953436b6c6278483250364c44695552317467665a352b4f494a434c506e422b564247687850426f3d222c224e6f64655f69223a31347d
[PBFT-REPLY SIGN]2021/10/17 20:33:37.258012 /root/study/github_repository/pbft/pbft_reply.go:54: Index of uss:c1762ac90f2e8bbc81afb6a1ada9b16d
[PBFT-REPLY SIGN]2021/10/17 20:33:37.258029 /root/study/github_repository/pbft/pbft_reply.go:55: plaintext:7b2256696577223a312c2254696d655f7374616d70223a313633343437343031362c22436c69656e745f6e616d65223a22222c224e6f64655f69223a31342c22526573756c74223a747275657d
[PBFT-PREPARE SIGN]2021/10/17 20:46:08.497100 /root/study/github_repository/pbft/pbft_prepare.go:47: Index of uss:da31ffbf1b3ab1094d1fc81ce54dd06b
[PBFT-PREPARE SIGN]2021/10/17 20:46:08.497130 /root/study/github_repository/pbft/pbft_prepare.go:48: plaintext:7b2256696577223a312c2253657175656e63655f6e756d626572223a313633343437343736383432353731383034352c224469676573745f6d223a22662f774d58447a64445862312b4a626d64637962374f71333852514c5279412f524d795862514c723134383d222c224e6f64655f69223a31347d
[PBFT-COMMIT SIGN]2021/10/17 20:46:09.257467 /root/study/github_repository/pbft/pbft_commit.go:53: Index of uss:f7f2d8e72d2f0ad8ffe8c40d609a3303
[PBFT-COMMIT SIGN]2021/10/17 20:46:09.257503 /root/study/github_repository/pbft/pbft_commit.go:54: plaintext:7b2256696577223a312c2253657175656e63655f6e756d626572223a313633343437343736383432353731383034352c224469676573745f6d223a22662f774d58447a64445862312b4a626d64637962374f71333852514c5279412f524d795862514c723134383d222c224e6f64655f69223a31347d
[PBFT-REPLY SIGN]2021/10/17 20:46:09.604031 /root/study/github_repository/pbft/pbft_reply.go:54: Index of uss:755f634175cffba38d169dea04cdefcc
[PBFT-REPLY SIGN]2021/10/17 20:46:09.604041 /root/study/github_repository/pbft/pbft_reply.go:55: plaintext:7b2256696577223a312c2254696d655f7374616d70223a313633343437343736382c22436c69656e745f6e616d65223a22222c224e6f64655f69223a31342c22526573756c74223a747275657d
[PBFT-PREPARE SIGN]2021/10/17 20:46:14.534173 /root/study/github_repository/pbft/pbft_prepare.go:47: Index of uss:880e45b04c9f3f35c29c84c3409f251d
[PBFT-PREPARE SIGN]2021/10/17 20:46:14.534385 /root/study/github_repository/pbft/pbft_prepare.go:48: plaintext:7b2256696577223a312c2253657175656e63655f6e756d626572223a313633343437343736383432353731383034362c224469676573745f6d223a226a592b6334535138346f4733376b4f714e5465736c6e66533150634d6e795050754b4168416c65686742773d222c224e6f64655f69223a31347d
[PBFT-COMMIT SIGN]2021/10/17 20:46:15.248144 /root/study/github_repository/pbft/pbft_commit.go:53: Index of uss:9f269948f73578f0017004dab7d41a48
[PBFT-COMMIT SIGN]2021/10/17 20:46:15.248165 /root/study/github_repository/pbft/pbft_commit.go:54: plaintext:7b2256696577223a312c2253657175656e63655f6e756d626572223a313633343437343736383432353731383034362c224469676573745f6d223a226a592b6334535138346f4733376b4f714e5465736c6e66533150634d6e795050754b4168416c65686742773d222c224e6f64655f69223a31347d
[PBFT-REPLY SIGN]2021/10/17 20:46:15.590211 /root/study/github_repository/pbft/pbft_reply.go:54: Index of uss:108b06bbbe7a0e87a80581116fc09bad
[PBFT-REPLY SIGN]2021/10/17 20:46:15.590227 /root/study/github_repository/pbft/pbft_reply.go:55: plaintext:7b2256696577223a312c2254696d655f7374616d70223a313633343437343737342c22436c69656e745f6e616d65223a22222c224e6f64655f69223a31342c22526573756c74223a747275657d
