[PBFT-PREPARE SIGN]2021/10/17 20:33:28.739404 /root/study/github_repository/pbft/pbft_prepare.go:47: Index of uss:9d43dcb360480c161007bbd434afff68
[PBFT-PREPARE SIGN]2021/10/17 20:33:28.739432 /root/study/github_repository/pbft/pbft_prepare.go:48: plaintext:7b2256696577223a312c2253657175656e63655f6e756d626572223a313633343437343030383632343234393735362c224469676573745f6d223a225744422f4a4f6b594359665648783559756d42766b4c4b7079654235714a526d62743263446e41705179493d222c224e6f64655f69223a31357d
[PBFT-COMMIT SIGN]2021/10/17 20:33:29.197667 /root/study/github_repository/pbft/pbft_commit.go:53: Index of uss:c8daafa4b18dee5a9650e0109c703db5
[PBFT-COMMIT SIGN]2021/10/17 20:33:29.197685 /root/study/github_repository/pbft/pbft_commit.go:54: plaintext:7b2256696577223a312c2253657175656e63655f6e756d626572223a313633343437343030383632343234393735362c224469676573745f6d223a225744422f4a4f6b594359665648783559756d42766b4c4b7079654235714a526d62743263446e41705179493d222c224e6f64655f69223a31357d
[PBFT-REPLY SIGN]2021/10/17 20:33:29.837063 /root/study/github_repository/pbft/pbft_reply.go:54: Index of uss:302773421cb502cd25829f2921af8abb
[PBFT-REPLY SIGN]2021/10/17 20:33:29.837080 /root/study/github_repository/pbft/pbft_reply.go:55: plaintext:7b2256696577223a312c2254696d655f7374616d70223a313633343437343030382c22436c69656e745f6e616d65223a22222c224e6f64655f69223a31352c22526573756c74223a747275657d
[PBFT-PREPARE SIGN]2021/10/17 20:33:36.683156 /root/study/github_repository/pbft/pbft_prepare.go:47: Index of uss:5d09a6880c9b85be0086fc8fa3477520
[PBFT-PREPARE SIGN]2021/10/17 20:33:36.683188 /root/study/github_repository/pbft/pbft_prepare.go:48: plaintext:7b2256696577223a312c2253657175656e63655f6e756d626572223a313633343437343030383632343234393735372c224469676573745f6d223a222b694d7953436b6c6278483250364c44695552317467665a352b4f494a434c506e422b564247687850426f3d222c224e6f64655f69223a31357d
[PBFT-COMMIT SIGN]2021/10/17 20:33:36.976968 /root/study/github_repository/pbft/pbft_commit.go:53: Index of uss:ca727d6a0a17ee4f5b7c008e91c29336
[PBFT-COMMIT SIGN]2021/10/17 20:33:36.976984 /root/study/github_repository/pbft/pbft_commit.go:54: plaintext:7b2256696577223a312c2253657175656e63655f6e756d626572223a313633343437343030383632343234393735372c224469676573745f6d223a222b694d7953436b6c6278483250364c44695552317467665a352b4f494a434c506e422b564247687850426f3d222c224e6f64655f69223a31357d
[PBFT-REPLY SIGN]2021/10/17 20:33:37.494781 /root/study/github_repository/pbft/pbft_reply.go:54: Index of uss:1ac86f065731e3b2f38c76e3dc1a1ce4
[PBFT-REPLY SIGN]2021/10/17 20:33:37.494795 /root/study/github_repository/pbft/pbft_reply.go:55: plaintext:7b2256696577223a312c2254696d655f7374616d70223a313633343437343031362c22436c69656e745f6e616d65223a22222c224e6f64655f69223a31352c22526573756c74223a747275657d
[PBFT-PREPARE SIGN]2021/10/17 20:46:08.491611 /root/study/github_repository/pbft/pbft_prepare.go:47: Index of uss:aa5be559f6a3700447766c2a5975a9a4
[PBFT-PREPARE SIGN]2021/10/17 20:46:08.497590 /root/study/github_repository/pbft/pbft_prepare.go:48: plaintext:7b2256696577223a312c2253657175656e63655f6e756d626572223a313633343437343736383432353731383034352c224469676573745f6d223a22662f774d58447a64445862312b4a626d64637962374f71333852514c5279412f524d795862514c723134383d222c224e6f64655f69223a31357d
[PBFT-COMMIT SIGN]2021/10/17 20:46:08.895431 /root/study/github_repository/pbft/pbft_commit.go:53: Index of uss:be7a519ecfdb82c074fbbebe0e468c23
[PBFT-COMMIT SIGN]2021/10/17 20:46:08.895445 /root/study/github_repository/pbft/pbft_commit.go:54: plaintext:7b2256696577223a312c2253657175656e63655f6e756d626572223a313633343437343736383432353731383034352c224469676573745f6d223a22662f774d58447a64445862312b4a626d64637962374f71333852514c5279412f524d795862514c723134383d222c224e6f64655f69223a31357d
[PBFT-REPLY SIGN]2021/10/17 20:46:09.135113 /root/study/github_repository/pbft/pbft_reply.go:54: Index of uss:d5cdf8d472eb963f0114e8c35772001f
[PBFT-REPLY SIGN]2021/10/17 20:46:09.135134 /root/study/github_repository/pbft/pbft_reply.go:55: plaintext:7b2256696577223a312c2254696d655f7374616d70223a313633343437343736382c22436c69656e745f6e616d65223a22222c224e6f64655f69223a31352c22526573756c74223a747275657d
[PBFT-PREPARE SIGN]2021/10/17 20:46:14.505273 /root/study/github_repository/pbft/pbft_prepare.go:47: Index of uss:6ed4b6d69cc1a0eba68f2948803dcdc8
[PBFT-PREPARE SIGN]2021/10/17 20:46:14.505295 /root/study/github_repository/pbft/pbft_prepare.go:48: plaintext:7b2256696577223a312c2253657175656e63655f6e756d626572223a313633343437343736383432353731383034362c224469676573745f6d223a226a592b6334535138346f4733376b4f714e5465736c6e66533150634d6e795050754b4168416c65686742773d222c224e6f64655f69223a31357d
[PBFT-COMMIT SIGN]2021/10/17 20:46:15.004006 /root/study/github_repository/pbft/pbft_commit.go:53: Index of uss:0e8bc5917befdb1d58ba2aebb6d5f845
[PBFT-COMMIT SIGN]2021/10/17 20:46:15.004032 /root/study/github_repository/pbft/pbft_commit.go:54: plaintext:7b2256696577223a312c2253657175656e63655f6e756d626572223a313633343437343736383432353731383034362c224469676573745f6d223a226a592b6334535138346f4733376b4f714e5465736c6e66533150634d6e795050754b4168416c65686742773d222c224e6f64655f69223a31357d
[PBFT-REPLY SIGN]2021/10/17 20:46:15.523141 /root/study/github_repository/pbft/pbft_reply.go:54: Index of uss:bd8e2e9e1f2ab1db67465ef06924ee7e
[PBFT-REPLY SIGN]2021/10/17 20:46:15.523177 /root/study/github_repository/pbft/pbft_reply.go:55: plaintext:7b2256696577223a312c2254696d655f7374616d70223a313633343437343737342c22436c69656e745f6e616d65223a22222c224e6f64655f69223a31352c22526573756c74223a747275657d
