[PBFT-PREPARE SIGN]2021/10/17 20:33:28.687487 /root/study/github_repository/pbft/pbft_prepare.go:47: Index of uss:2406a12846efb2af8a4f905d7ed6cb8b
[PBFT-PREPARE SIGN]2021/10/17 20:33:28.687515 /root/study/github_repository/pbft/pbft_prepare.go:48: plaintext:7b2256696577223a312c2253657175656e63655f6e756d626572223a313633343437343030383632343234393735362c224469676573745f6d223a225744422f4a4f6b594359665648783559756d42766b4c4b7079654235714a526d62743263446e41705179493d222c224e6f64655f69223a31367d
[PBFT-COMMIT SIGN]2021/10/17 20:33:28.968488 /root/study/github_repository/pbft/pbft_commit.go:53: Index of uss:464cb6690902d0c3386510027d8f5c30
[PBFT-COMMIT SIGN]2021/10/17 20:33:28.968504 /root/study/github_repository/pbft/pbft_commit.go:54: plaintext:7b2256696577223a312c2253657175656e63655f6e756d626572223a313633343437343030383632343234393735362c224469676573745f6d223a225744422f4a4f6b594359665648783559756d42766b4c4b7079654235714a526d62743263446e41705179493d222c224e6f64655f69223a31367d
[PBFT-REPLY SIGN]2021/10/17 20:33:29.310945 /root/study/github_repository/pbft/pbft_reply.go:54: Index of uss:e8e256c3211d0ce34528449ebe901bcb
[PBFT-REPLY SIGN]2021/10/17 20:33:29.310966 /root/study/github_repository/pbft/pbft_reply.go:55: plaintext:7b2256696577223a312c2254696d655f7374616d70223a313633343437343030382c22436c69656e745f6e616d65223a22222c224e6f64655f69223a31362c22526573756c74223a747275657d
[PBFT-PREPARE SIGN]2021/10/17 20:33:36.674714 /root/study/github_repository/pbft/pbft_prepare.go:47: Index of uss:2e22624f41d97c69e1fdafb6b1f186b3
[PBFT-PREPARE SIGN]2021/10/17 20:33:36.674737 /root/study/github_repository/pbft/pbft_prepare.go:48: plaintext:7b2256696577223a312c2253657175656e63655f6e756d626572223a313633343437343030383632343234393735372c224469676573745f6d223a222b694d7953436b6c6278483250364c44695552317467665a352b4f494a434c506e422b564247687850426f3d222c224e6f64655f69223a31367d
[PBFT-COMMIT SIGN]2021/10/17 20:33:36.941862 /root/study/github_repository/pbft/pbft_commit.go:53: Index of uss:2840986d3aea3409ce73498255e47f3f
[PBFT-COMMIT SIGN]2021/10/17 20:33:36.941892 /root/study/github_repository/pbft/pbft_commit.go:54: plaintext:7b2256696577223a312c2253657175656e63655f6e756d626572223a313633343437343030383632343234393735372c224469676573745f6d223a222b694d7953436b6c6278483250364c44695552317467665a352b4f494a434c506e422b564247687850426f3d222c224e6f64655f69223a31367d
[PBFT-REPLY SIGN]2021/10/17 20:33:37.591189 /root/study/github_repository/pbft/pbft_reply.go:54: Index of uss:040dc4d8862a1aebf31e8814e9019cb8
[PBFT-REPLY SIGN]2021/10/17 20:33:37.591207 /root/study/github_repository/pbft/pbft_reply.go:55: plaintext:7b2256696577223a312c2254696d655f7374616d70223a313633343437343031362c22436c69656e745f6e616d65223a22222c224e6f64655f69223a31362c22526573756c74223a747275657d
[PBFT-PREPARE SIGN]2021/10/17 20:46:08.493659 /root/study/github_repository/pbft/pbft_prepare.go:47: Index of uss:d5fd197f2aa32e4aff4dabf31752efb3
[PBFT-PREPARE SIGN]2021/10/17 20:46:08.493692 /root/study/github_repository/pbft/pbft_prepare.go:48: plaintext:7b2256696577223a312c2253657175656e63655f6e756d626572223a313633343437343736383432353731383034352c224469676573745f6d223a22662f774d58447a64445862312b4a626d64637962374f71333852514c5279412f524d795862514c723134383d222c224e6f64655f69223a31367d
[PBFT-COMMIT SIGN]2021/10/17 20:46:08.877569 /root/study/github_repository/pbft/pbft_commit.go:53: Index of uss:5357463caec4643dc17c0b1c53e93fa8
[PBFT-COMMIT SIGN]2021/10/17 20:46:08.877592 /root/study/github_repository/pbft/pbft_commit.go:54: plaintext:7b2256696577223a312c2253657175656e63655f6e756d626572223a313633343437343736383432353731383034352c224469676573745f6d223a22662f774d58447a64445862312b4a626d64637962374f71333852514c5279412f524d795862514c723134383d222c224e6f64655f69223a31367d
[PBFT-REPLY SIGN]2021/10/17 20:46:09.525515 /root/study/github_repository/pbft/pbft_reply.go:54: Index of uss:8e758fde51cc8997b0f6139d6c8db8cb
[PBFT-REPLY SIGN]2021/10/17 20:46:09.525533 /root/study/github_repository/pbft/pbft_reply.go:55: plaintext:7b2256696577223a312c2254696d655f7374616d70223a313633343437343736382c22436c69656e745f6e616d65223a22222c224e6f64655f69223a31362c22526573756c74223a747275657d
[PBFT-PREPARE SIGN]2021/10/17 20:46:14.525838 /root/study/github_repository/pbft/pbft_prepare.go:47: Index of uss:c73b58315e32baff92e96d83fbbfcab4
[PBFT-PREPARE SIGN]2021/10/17 20:46:14.525867 /root/study/github_repository/pbft/pbft_prepare.go:48: plaintext:7b2256696577223a312c2253657175656e63655f6e756d626572223a313633343437343736383432353731383034362c224469676573745f6d223a226a592b6334535138346f4733376b4f714e5465736c6e66533150634d6e795050754b4168416c65686742773d222c224e6f64655f69223a31367d
[PBFT-COMMIT SIGN]2021/10/17 20:46:14.875156 /root/study/github_repository/pbft/pbft_commit.go:53: Index of uss:b5e29ea995e78c62cc51a97aeaf92a75
[PBFT-COMMIT SIGN]2021/10/17 20:46:14.875176 /root/study/github_repository/pbft/pbft_commit.go:54: plaintext:7b2256696577223a312c2253657175656e63655f6e756d626572223a313633343437343736383432353731383034362c224469676573745f6d223a226a592b6334535138346f4733376b4f714e5465736c6e66533150634d6e795050754b4168416c65686742773d222c224e6f64655f69223a31367d
[PBFT-REPLY SIGN]2021/10/17 20:46:15.517107 /root/study/github_repository/pbft/pbft_reply.go:54: Index of uss:5f2ba0e6f9a3da1fc3cd4002e0ccc737
[PBFT-REPLY SIGN]2021/10/17 20:46:15.517130 /root/study/github_repository/pbft/pbft_reply.go:55: plaintext:7b2256696577223a312c2254696d655f7374616d70223a313633343437343737342c22436c69656e745f6e616d65223a22222c224e6f64655f69223a31362c22526573756c74223a747275657d
