[PBFT-PREPARE SIGN]2021/10/17 20:33:28.693086 /root/study/github_repository/pbft/pbft_prepare.go:47: Index of uss:53820a7001687975108c604507fe2d12
[PBFT-PREPARE SIGN]2021/10/17 20:33:28.693127 /root/study/github_repository/pbft/pbft_prepare.go:48: plaintext:7b2256696577223a312c2253657175656e63655f6e756d626572223a313633343437343030383632343234393735362c224469676573745f6d223a225744422f4a4f6b594359665648783559756d42766b4c4b7079654235714a526d62743263446e41705179493d222c224e6f64655f69223a31377d
[PBFT-COMMIT SIGN]2021/10/17 20:33:29.414549 /root/study/github_repository/pbft/pbft_commit.go:53: Index of uss:d0f253585f0b0e622e201c4143bdb006
[PBFT-COMMIT SIGN]2021/10/17 20:33:29.414568 /root/study/github_repository/pbft/pbft_commit.go:54: plaintext:7b2256696577223a312c2253657175656e63655f6e756d626572223a313633343437343030383632343234393735362c224469676573745f6d223a225744422f4a4f6b594359665648783559756d42766b4c4b7079654235714a526d62743263446e41705179493d222c224e6f64655f69223a31377d
[PBFT-REPLY SIGN]2021/10/17 20:33:29.660968 /root/study/github_repository/pbft/pbft_reply.go:54: Index of uss:c8a4175f213877d013a335751b23a735
[PBFT-REPLY SIGN]2021/10/17 20:33:29.660983 /root/study/github_repository/pbft/pbft_reply.go:55: plaintext:7b2256696577223a312c2254696d655f7374616d70223a313633343437343030382c22436c69656e745f6e616d65223a22222c224e6f64655f69223a31372c22526573756c74223a747275657d
[PBFT-PREPARE SIGN]2021/10/17 20:33:36.677659 /root/study/github_repository/pbft/pbft_prepare.go:47: Index of uss:d0e643aeb47e8d8db7e1da2ba7bf50bc
[PBFT-PREPARE SIGN]2021/10/17 20:33:36.677682 /root/study/github_repository/pbft/pbft_prepare.go:48: plaintext:7b2256696577223a312c2253657175656e63655f6e756d626572223a313633343437343030383632343234393735372c224469676573745f6d223a222b694d7953436b6c6278483250364c44695552317467665a352b4f494a434c506e422b564247687850426f3d222c224e6f64655f69223a31377d
[PBFT-COMMIT SIGN]2021/10/17 20:33:36.838761 /root/study/github_repository/pbft/pbft_commit.go:53: Index of uss:07aaeeae87092e86c9b328f64c9265de
[PBFT-COMMIT SIGN]2021/10/17 20:33:36.838779 /root/study/github_repository/pbft/pbft_commit.go:54: plaintext:7b2256696577223a312c2253657175656e63655f6e756d626572223a313633343437343030383632343234393735372c224469676573745f6d223a222b694d7953436b6c6278483250364c44695552317467665a352b4f494a434c506e422b564247687850426f3d222c224e6f64655f69223a31377d
[PBFT-REPLY SIGN]2021/10/17 20:33:37.351044 /root/study/github_repository/pbft/pbft_reply.go:54: Index of uss:7b4ebc8541520bee235a51b2e57dc2f0
[PBFT-REPLY SIGN]2021/10/17 20:33:37.351055 /root/study/github_repository/pbft/pbft_reply.go:55: plaintext:7b2256696577223a312c2254696d655f7374616d70223a313633343437343031362c22436c69656e745f6e616d65223a22222c224e6f64655f69223a31372c22526573756c74223a747275657d
[PBFT-PREPARE SIGN]2021/10/17 20:46:08.486889 /root/study/github_repository/pbft/pbft_prepare.go:47: Index of uss:7a666bb7bdbdd12bd53657fcff13f1dc
[PBFT-PREPARE SIGN]2021/10/17 20:46:08.486908 /root/study/github_repository/pbft/pbft_prepare.go:48: plaintext:7b2256696577223a312c2253657175656e63655f6e756d626572223a313633343437343736383432353731383034352c224469676573745f6d223a22662f774d58447a64445862312b4a626d64637962374f71333852514c5279412f524d795862514c723134383d222c224e6f64655f69223a31377d
[PBFT-COMMIT SIGN]2021/10/17 20:46:08.822674 /root/study/github_repository/pbft/pbft_commit.go:53: Index of uss:9fe6559ab8c3cb7d07ff27400f388522
[PBFT-COMMIT SIGN]2021/10/17 20:46:08.822693 /root/study/github_repository/pbft/pbft_commit.go:54: plaintext:7b2256696577223a312c2253657175656e63655f6e756d626572223a313633343437343736383432353731383034352c224469676573745f6d223a22662f774d58447a64445862312b4a626d64637962374f71333852514c5279412f524d795862514c723134383d222c224e6f64655f69223a31377d
[PBFT-REPLY SIGN]2021/10/17 20:46:09.256184 /root/study/github_repository/pbft/pbft_reply.go:54: Index of uss:5002c5a1d85e8275af2454623d439d11
[PBFT-REPLY SIGN]2021/10/17 20:46:09.256195 /root/study/github_repository/pbft/pbft_reply.go:55: plaintext:7b2256696577223a312c2254696d655f7374616d70223a313633343437343736382c22436c69656e745f6e616d65223a22222c224e6f64655f69223a31372c22526573756c74223a747275657d
[PBFT-PREPARE SIGN]2021/10/17 20:46:14.484217 /root/study/github_repository/pbft/pbft_prepare.go:47: Index of uss:a8639de86701423494aa934df416098f
[PBFT-PREPARE SIGN]2021/10/17 20:46:14.484245 /root/study/github_repository/pbft/pbft_prepare.go:48: plaintext:7b2256696577223a312c2253657175656e63655f6e756d626572223a313633343437343736383432353731383034362c224469676573745f6d223a226a592b6334535138346f4733376b4f714e5465736c6e66533150634d6e795050754b4168416c65686742773d222c224e6f64655f69223a31377d
[PBFT-COMMIT SIGN]2021/10/17 20:46:14.654293 /root/study/github_repository/pbft/pbft_commit.go:53: Index of uss:1ebdb07917982188f2f0f3a9f68f5611
[PBFT-COMMIT SIGN]2021/10/17 20:46:14.654316 /root/study/github_repository/pbft/pbft_commit.go:54: plaintext:7b2256696577223a312c2253657175656e63655f6e756d626572223a313633343437343736383432353731383034362c224469676573745f6d223a226a592b6334535138346f4733376b4f714e5465736c6e66533150634d6e795050754b4168416c65686742773d222c224e6f64655f69223a31377d
[PBFT-REPLY SIGN]2021/10/17 20:46:15.378523 /root/study/github_repository/pbft/pbft_reply.go:54: Index of uss:6abccb130f802c3d656989aa482c13b3
[PBFT-REPLY SIGN]2021/10/17 20:46:15.378538 /root/study/github_repository/pbft/pbft_reply.go:55: plaintext:7b2256696577223a312c2254696d655f7374616d70223a313633343437343737342c22436c69656e745f6e616d65223a22222c224e6f64655f69223a31372c22526573756c74223a747275657d
