[PBFT-PREPARE SIGN]2021/10/17 20:33:28.740492 /root/study/github_repository/pbft/pbft_prepare.go:47: Index of uss:cc443e967475b76b39f61c44a456dd56
[PBFT-PREPARE SIGN]2021/10/17 20:33:28.740508 /root/study/github_repository/pbft/pbft_prepare.go:48: plaintext:7b2256696577223a312c2253657175656e63655f6e756d626572223a313633343437343030383632343234393735362c224469676573745f6d223a225744422f4a4f6b594359665648783559756d42766b4c4b7079654235714a526d62743263446e41705179493d222c224e6f64655f69223a31397d
[PBFT-COMMIT SIGN]2021/10/17 20:33:29.207294 /root/study/github_repository/pbft/pbft_commit.go:53: Index of uss:7623306e10ea687ca7e8a342d8ab1831
[PBFT-COMMIT SIGN]2021/10/17 20:33:29.207308 /root/study/github_repository/pbft/pbft_commit.go:54: plaintext:7b2256696577223a312c2253657175656e63655f6e756d626572223a313633343437343030383632343234393735362c224469676573745f6d223a225744422f4a4f6b594359665648783559756d42766b4c4b7079654235714a526d62743263446e41705179493d222c224e6f64655f69223a31397d
[PBFT-REPLY SIGN]2021/10/17 20:33:29.550360 /root/study/github_repository/pbft/pbft_reply.go:54: Index of uss:2ba89cb56951f15c0b46b2982f34244d
[PBFT-REPLY SIGN]2021/10/17 20:33:29.550370 /root/study/github_repository/pbft/pbft_reply.go:55: plaintext:7b2256696577223a312c2254696d655f7374616d70223a313633343437343030382c22436c69656e745f6e616d65223a22222c224e6f64655f69223a31392c22526573756c74223a747275657d
[PBFT-PREPARE SIGN]2021/10/17 20:33:36.684642 /root/study/github_repository/pbft/pbft_prepare.go:47: Index of uss:71dc0971bf700c28163d27ed8d0c798b
[PBFT-PREPARE SIGN]2021/10/17 20:33:36.684663 /root/study/github_repository/pbft/pbft_prepare.go:48: plaintext:7b2256696577223a312c2253657175656e63655f6e756d626572223a313633343437343030383632343234393735372c224469676573745f6d223a222b694d7953436b6c6278483250364c44695552317467665a352b4f494a434c506e422b564247687850426f3d222c224e6f64655f69223a31397d
[PBFT-COMMIT SIGN]2021/10/17 20:33:37.157849 /root/study/github_repository/pbft/pbft_commit.go:53: Index of uss:fec80713205d945a83e44577587d8f25
[PBFT-COMMIT SIGN]2021/10/17 20:33:37.157867 /root/study/github_repository/pbft/pbft_commit.go:54: plaintext:7b2256696577223a312c2253657175656e63655f6e756d626572223a313633343437343030383632343234393735372c224469676573745f6d223a222b694d7953436b6c6278483250364c44695552317467665a352b4f494a434c506e422b564247687850426f3d222c224e6f64655f69223a31397d
[PBFT-REPLY SIGN]2021/10/17 20:33:37.540904 /root/study/github_repository/pbft/pbft_reply.go:54: Index of uss:b230ac764b16bd63508be5c1f006ebc7
[PBFT-REPLY SIGN]2021/10/17 20:33:37.540917 /root/study/github_repository/pbft/pbft_reply.go:55: plaintext:7b2256696577223a312c2254696d655f7374616d70223a313633343437343031362c22436c69656e745f6e616d65223a22222c224e6f64655f69223a31392c22526573756c74223a747275657d
[PBFT-PREPARE SIGN]2021/10/17 20:46:08.487924 /root/study/github_repository/pbft/pbft_prepare.go:47: Index of uss:2a9284f038965c3f9209c372773db342
[PBFT-PREPARE SIGN]2021/10/17 20:46:08.487973 /root/study/github_repository/pbft/pbft_prepare.go:48: plaintext:7b2256696577223a312c2253657175656e63655f6e756d626572223a313633343437343736383432353731383034352c224469676573745f6d223a22662f774d58447a64445862312b4a626d64637962374f71333852514c5279412f524d795862514c723134383d222c224e6f64655f69223a31397d
[PBFT-COMMIT SIGN]2021/10/17 20:46:08.816887 /root/study/github_repository/pbft/pbft_commit.go:53: Index of uss:2860e822dfdf514cdad99096424dac9a
[PBFT-COMMIT SIGN]2021/10/17 20:46:08.816908 /root/study/github_repository/pbft/pbft_commit.go:54: plaintext:7b2256696577223a312c2253657175656e63655f6e756d626572223a313633343437343736383432353731383034352c224469676573745f6d223a22662f774d58447a64445862312b4a626d64637962374f71333852514c5279412f524d795862514c723134383d222c224e6f64655f69223a31397d
[PBFT-REPLY SIGN]2021/10/17 20:46:09.221932 /root/study/github_repository/pbft/pbft_reply.go:54: Index of uss:33b69e00e0d1f2395494ea0526c67394
[PBFT-REPLY SIGN]2021/10/17 20:46:09.221947 /root/study/github_repository/pbft/pbft_reply.go:55: plaintext:7b2256696577223a312c2254696d655f7374616d70223a313633343437343736382c22436c69656e745f6e616d65223a22222c224e6f64655f69223a31392c22526573756c74223a747275657d
[PBFT-PREPARE SIGN]2021/10/17 20:46:14.508278 /root/study/github_repository/pbft/pbft_prepare.go:47: Index of uss:39fc3fe785b4897b625010b06336062f
[PBFT-PREPARE SIGN]2021/10/17 20:46:14.508297 /root/study/github_repository/pbft/pbft_prepare.go:48: plaintext:7b2256696577223a312c2253657175656e63655f6e756d626572223a313633343437343736383432353731383034362c224469676573745f6d223a226a592b6334535138346f4733376b4f714e5465736c6e66533150634d6e795050754b4168416c65686742773d222c224e6f64655f69223a31397d
[PBFT-COMMIT SIGN]2021/10/17 20:46:15.394706 /root/study/github_repository/pbft/pbft_commit.go:53: Index of uss:07af27937f236174a7c43e05b905d499
[PBFT-COMMIT SIGN]2021/10/17 20:46:15.394729 /root/study/github_repository/pbft/pbft_commit.go:54: plaintext:7b2256696577223a312c2253657175656e63655f6e756d626572223a313633343437343736383432353731383034362c224469676573745f6d223a226a592b6334535138346f4733376b4f714e5465736c6e66533150634d6e795050754b4168416c65686742773d222c224e6f64655f69223a31397d
[PBFT-REPLY SIGN]2021/10/17 20:46:15.751441 /root/study/github_repository/pbft/pbft_reply.go:54: Index of uss:fc3e494f5886a82026438b9e081a5229
[PBFT-REPLY SIGN]2021/10/17 20:46:15.751452 /root/study/github_repository/pbft/pbft_reply.go:55: plaintext:7b2256696577223a312c2254696d655f7374616d70223a313633343437343737342c22436c69656e745f6e616d65223a22222c224e6f64655f69223a31392c22526573756c74223a747275657d
