[PBFT-PREPARE SIGN]2021/10/17 20:33:28.683674 /root/study/github_repository/pbft/pbft_prepare.go:47: Index of uss:0a275b32d9f61caacca25188ca55c3e4
[PBFT-PREPARE SIGN]2021/10/17 20:33:28.683695 /root/study/github_repository/pbft/pbft_prepare.go:48: plaintext:7b2256696577223a312c2253657175656e63655f6e756d626572223a313633343437343030383632343234393735362c224469676573745f6d223a225744422f4a4f6b594359665648783559756d42766b4c4b7079654235714a526d62743263446e41705179493d222c224e6f64655f69223a327d
[PBFT-COMMIT SIGN]2021/10/17 20:33:28.882528 /root/study/github_repository/pbft/pbft_commit.go:53: Index of uss:a4a7c83cdd675f4647aeb71c6fd9924e
[PBFT-COMMIT SIGN]2021/10/17 20:33:28.882546 /root/study/github_repository/pbft/pbft_commit.go:54: plaintext:7b2256696577223a312c2253657175656e63655f6e756d626572223a313633343437343030383632343234393735362c224469676573745f6d223a225744422f4a4f6b594359665648783559756d42766b4c4b7079654235714a526d62743263446e41705179493d222c224e6f64655f69223a327d
[PBFT-REPLY SIGN]2021/10/17 20:33:29.411143 /root/study/github_repository/pbft/pbft_reply.go:54: Index of uss:39caa75a709b6a2231796da38c39224b
[PBFT-REPLY SIGN]2021/10/17 20:33:29.411156 /root/study/github_repository/pbft/pbft_reply.go:55: plaintext:7b2256696577223a312c2254696d655f7374616d70223a313633343437343030382c22436c69656e745f6e616d65223a22222c224e6f64655f69223a322c22526573756c74223a747275657d
[PBFT-PREPARE SIGN]2021/10/17 20:33:36.667284 /root/study/github_repository/pbft/pbft_prepare.go:47: Index of uss:395d6fea5d573207ba23aa1aee370263
[PBFT-PREPARE SIGN]2021/10/17 20:33:36.667303 /root/study/github_repository/pbft/pbft_prepare.go:48: plaintext:7b2256696577223a312c2253657175656e63655f6e756d626572223a313633343437343030383632343234393735372c224469676573745f6d223a222b694d7953436b6c6278483250364c44695552317467665a352b4f494a434c506e422b564247687850426f3d222c224e6f64655f69223a327d
[PBFT-COMMIT SIGN]2021/10/17 20:33:36.985483 /root/study/github_repository/pbft/pbft_commit.go:53: Index of uss:2fcfb0a26bbc69574840fe5ee7906e16
[PBFT-COMMIT SIGN]2021/10/17 20:33:36.985499 /root/study/github_repository/pbft/pbft_commit.go:54: plaintext:7b2256696577223a312c2253657175656e63655f6e756d626572223a313633343437343030383632343234393735372c224469676573745f6d223a222b694d7953436b6c6278483250364c44695552317467665a352b4f494a434c506e422b564247687850426f3d222c224e6f64655f69223a327d
[PBFT-REPLY SIGN]2021/10/17 20:33:37.385618 /root/study/github_repository/pbft/pbft_reply.go:54: Index of uss:25056c37d7e28044e0af277e2615d838
[PBFT-REPLY SIGN]2021/10/17 20:33:37.385629 /root/study/github_repository/pbft/pbft_reply.go:55: plaintext:7b2256696577223a312c2254696d655f7374616d70223a313633343437343031362c22436c69656e745f6e616d65223a22222c224e6f64655f69223a322c22526573756c74223a747275657d
[PBFT-PREPARE SIGN]2021/10/17 20:46:08.502270 /root/study/github_repository/pbft/pbft_prepare.go:47: Index of uss:11746f0e8bb3bc69c452e7419385270e
[PBFT-PREPARE SIGN]2021/10/17 20:46:08.502296 /root/study/github_repository/pbft/pbft_prepare.go:48: plaintext:7b2256696577223a312c2253657175656e63655f6e756d626572223a313633343437343736383432353731383034352c224469676573745f6d223a22662f774d58447a64445862312b4a626d64637962374f71333852514c5279412f524d795862514c723134383d222c224e6f64655f69223a327d
[PBFT-COMMIT SIGN]2021/10/17 20:46:09.053870 /root/study/github_repository/pbft/pbft_commit.go:53: Index of uss:f7ee05ce16791068c0706a1c7ccfa743
[PBFT-COMMIT SIGN]2021/10/17 20:46:09.053904 /root/study/github_repository/pbft/pbft_commit.go:54: plaintext:7b2256696577223a312c2253657175656e63655f6e756d626572223a313633343437343736383432353731383034352c224469676573745f6d223a22662f774d58447a64445862312b4a626d64637962374f71333852514c5279412f524d795862514c723134383d222c224e6f64655f69223a327d
[PBFT-REPLY SIGN]2021/10/17 20:46:09.531462 /root/study/github_repository/pbft/pbft_reply.go:54: Index of uss:c29fb736758f2faf0f470a9807b845a0
[PBFT-REPLY SIGN]2021/10/17 20:46:09.531482 /root/study/github_repository/pbft/pbft_reply.go:55: plaintext:7b2256696577223a312c2254696d655f7374616d70223a313633343437343736382c22436c69656e745f6e616d65223a22222c224e6f64655f69223a322c22526573756c74223a747275657d
[PBFT-PREPARE SIGN]2021/10/17 20:46:14.471186 /root/study/github_repository/pbft/pbft_prepare.go:47: Index of uss:aa650fd8adc3f9e462b08bb89d3f5ffd
[PBFT-PREPARE SIGN]2021/10/17 20:46:14.471207 /root/study/github_repository/pbft/pbft_prepare.go:48: plaintext:7b2256696577223a312c2253657175656e63655f6e756d626572223a313633343437343736383432353731383034362c224469676573745f6d223a226a592b6334535138346f4733376b4f714e5465736c6e66533150634d6e795050754b4168416c65686742773d222c224e6f64655f69223a327d
[PBFT-COMMIT SIGN]2021/10/17 20:46:14.654201 /root/study/github_repository/pbft/pbft_commit.go:53: Index of uss:1439e9b220e15d10fe917f12cf64fa44
[PBFT-COMMIT SIGN]2021/10/17 20:46:14.654223 /root/study/github_repository/pbft/pbft_commit.go:54: plaintext:7b2256696577223a312c2253657175656e63655f6e756d626572223a313633343437343736383432353731383034362c224469676573745f6d223a226a592b6334535138346f4733376b4f714e5465736c6e66533150634d6e795050754b4168416c65686742773d222c224e6f64655f69223a327d
[PBFT-REPLY SIGN]2021/10/17 20:46:15.148314 /root/study/github_repository/pbft/pbft_reply.go:54: Index of uss:5e6ee391e2eddb3007d0dfe8bb80f278
[PBFT-REPLY SIGN]2021/10/17 20:46:15.148331 /root/study/github_repository/pbft/pbft_reply.go:55: plaintext:7b2256696577223a312c2254696d655f7374616d70223a313633343437343737342c22436c69656e745f6e616d65223a22222c224e6f64655f69223a322c22526573756c74223a747275657d
