[PBFT-PREPARE SIGN]2021/10/17 20:33:28.672088 /root/study/github_repository/pbft/pbft_prepare.go:47: Index of uss:71a10aaab9a1677d9e63541560b2025d
[PBFT-PREPARE SIGN]2021/10/17 20:33:28.672116 /root/study/github_repository/pbft/pbft_prepare.go:48: plaintext:7b2256696577223a312c2253657175656e63655f6e756d626572223a313633343437343030383632343234393735362c224469676573745f6d223a225744422f4a4f6b594359665648783559756d42766b4c4b7079654235714a526d62743263446e41705179493d222c224e6f64655f69223a32317d
[PBFT-COMMIT SIGN]2021/10/17 20:33:28.864606 /root/study/github_repository/pbft/pbft_commit.go:53: Index of uss:b0e6bc8366f8ac258c05ed930d130b60
[PBFT-COMMIT SIGN]2021/10/17 20:33:28.864623 /root/study/github_repository/pbft/pbft_commit.go:54: plaintext:7b2256696577223a312c2253657175656e63655f6e756d626572223a313633343437343030383632343234393735362c224469676573745f6d223a225744422f4a4f6b594359665648783559756d42766b4c4b7079654235714a526d62743263446e41705179493d222c224e6f64655f69223a32317d
[PBFT-REPLY SIGN]2021/10/17 20:33:29.432600 /root/study/github_repository/pbft/pbft_reply.go:54: Index of uss:59dbb9d0de325b784365d2b1ce51e76c
[PBFT-REPLY SIGN]2021/10/17 20:33:29.432613 /root/study/github_repository/pbft/pbft_reply.go:55: plaintext:7b2256696577223a312c2254696d655f7374616d70223a313633343437343030382c22436c69656e745f6e616d65223a22222c224e6f64655f69223a32312c22526573756c74223a747275657d
[PBFT-PREPARE SIGN]2021/10/17 20:33:36.713353 /root/study/github_repository/pbft/pbft_prepare.go:47: Index of uss:cc0cec36736898cfaf9c59e5bb7623e3
[PBFT-PREPARE SIGN]2021/10/17 20:33:36.713374 /root/study/github_repository/pbft/pbft_prepare.go:48: plaintext:7b2256696577223a312c2253657175656e63655f6e756d626572223a313633343437343030383632343234393735372c224469676573745f6d223a222b694d7953436b6c6278483250364c44695552317467665a352b4f494a434c506e422b564247687850426f3d222c224e6f64655f69223a32317d
[PBFT-COMMIT SIGN]2021/10/17 20:33:37.349102 /root/study/github_repository/pbft/pbft_commit.go:53: Index of uss:9ce9df344541d2b175a42b144e75d7a0
[PBFT-COMMIT SIGN]2021/10/17 20:33:37.349119 /root/study/github_repository/pbft/pbft_commit.go:54: plaintext:7b2256696577223a312c2253657175656e63655f6e756d626572223a313633343437343030383632343234393735372c224469676573745f6d223a222b694d7953436b6c6278483250364c44695552317467665a352b4f494a434c506e422b564247687850426f3d222c224e6f64655f69223a32317d
[PBFT-REPLY SIGN]2021/10/17 20:33:37.734911 /root/study/github_repository/pbft/pbft_reply.go:54: Index of uss:602069a9ca54516b4f8ad69b13cd9e45
[PBFT-REPLY SIGN]2021/10/17 20:33:37.734935 /root/study/github_repository/pbft/pbft_reply.go:55: plaintext:7b2256696577223a312c2254696d655f7374616d70223a313633343437343031362c22436c69656e745f6e616d65223a22222c224e6f64655f69223a32312c22526573756c74223a747275657d
[PBFT-PREPARE SIGN]2021/10/17 20:46:08.500058 /root/study/github_repository/pbft/pbft_prepare.go:47: Index of uss:265bc86580b1c311eb029d8c4c14da5c
[PBFT-PREPARE SIGN]2021/10/17 20:46:08.500086 /root/study/github_repository/pbft/pbft_prepare.go:48: plaintext:7b2256696577223a312c2253657175656e63655f6e756d626572223a313633343437343736383432353731383034352c224469676573745f6d223a22662f774d58447a64445862312b4a626d64637962374f71333852514c5279412f524d795862514c723134383d222c224e6f64655f69223a32317d
[PBFT-COMMIT SIGN]2021/10/17 20:46:09.124441 /root/study/github_repository/pbft/pbft_commit.go:53: Index of uss:4303f1b2a5ee0aff279e61c8d64f3871
[PBFT-COMMIT SIGN]2021/10/17 20:46:09.124466 /root/study/github_repository/pbft/pbft_commit.go:54: plaintext:7b2256696577223a312c2253657175656e63655f6e756d626572223a313633343437343736383432353731383034352c224469676573745f6d223a22662f774d58447a64445862312b4a626d64637962374f71333852514c5279412f524d795862514c723134383d222c224e6f64655f69223a32317d
[PBFT-REPLY SIGN]2021/10/17 20:46:09.547701 /root/study/github_repository/pbft/pbft_reply.go:54: Index of uss:d4c9b6348400870b50d1a6d1c11044c2
[PBFT-REPLY SIGN]2021/10/17 20:46:09.547715 /root/study/github_repository/pbft/pbft_reply.go:55: plaintext:7b2256696577223a312c2254696d655f7374616d70223a313633343437343736382c22436c69656e745f6e616d65223a22222c224e6f64655f69223a32312c22526573756c74223a747275657d
[PBFT-PREPARE SIGN]2021/10/17 20:46:14.530048 /root/study/github_repository/pbft/pbft_prepare.go:47: Index of uss:b12cf0d00eec434900696146d315e5c3
[PBFT-PREPARE SIGN]2021/10/17 20:46:14.530074 /root/study/github_repository/pbft/pbft_prepare.go:48: plaintext:7b2256696577223a312c2253657175656e63655f6e756d626572223a313633343437343736383432353731383034362c224469676573745f6d223a226a592b6334535138346f4733376b4f714e5465736c6e66533150634d6e795050754b4168416c65686742773d222c224e6f64655f69223a32317d
[PBFT-COMMIT SIGN]2021/10/17 20:46:14.970173 /root/study/github_repository/pbft/pbft_commit.go:53: Index of uss:c23861d5854d70834d70719bed86f69d
[PBFT-COMMIT SIGN]2021/10/17 20:46:14.970195 /root/study/github_repository/pbft/pbft_commit.go:54: plaintext:7b2256696577223a312c2253657175656e63655f6e756d626572223a313633343437343736383432353731383034362c224469676573745f6d223a226a592b6334535138346f4733376b4f714e5465736c6e66533150634d6e795050754b4168416c65686742773d222c224e6f64655f69223a32317d
[PBFT-REPLY SIGN]2021/10/17 20:46:15.414571 /root/study/github_repository/pbft/pbft_reply.go:54: Index of uss:95355bacf9e212d5a0040cd543dd4a92
[PBFT-REPLY SIGN]2021/10/17 20:46:15.414588 /root/study/github_repository/pbft/pbft_reply.go:55: plaintext:7b2256696577223a312c2254696d655f7374616d70223a313633343437343737342c22436c69656e745f6e616d65223a22222c224e6f64655f69223a32312c22526573756c74223a747275657d
