[PBFT-PREPARE SIGN]2021/10/17 20:33:28.696410 /root/study/github_repository/pbft/pbft_prepare.go:47: Index of uss:86b8a08e223842b9bf866be1b9634c38
[PBFT-PREPARE SIGN]2021/10/17 20:33:28.696433 /root/study/github_repository/pbft/pbft_prepare.go:48: plaintext:7b2256696577223a312c2253657175656e63655f6e756d626572223a313633343437343030383632343234393735362c224469676573745f6d223a225744422f4a4f6b594359665648783559756d42766b4c4b7079654235714a526d62743263446e41705179493d222c224e6f64655f69223a337d
[PBFT-COMMIT SIGN]2021/10/17 20:33:28.984087 /root/study/github_repository/pbft/pbft_commit.go:53: Index of uss:0426f7b71d0fa996e9bce4eb46702368
[PBFT-COMMIT SIGN]2021/10/17 20:33:28.984103 /root/study/github_repository/pbft/pbft_commit.go:54: plaintext:7b2256696577223a312c2253657175656e63655f6e756d626572223a313633343437343030383632343234393735362c224469676573745f6d223a225744422f4a4f6b594359665648783559756d42766b4c4b7079654235714a526d62743263446e41705179493d222c224e6f64655f69223a337d
[PBFT-REPLY SIGN]2021/10/17 20:33:29.704430 /root/study/github_repository/pbft/pbft_reply.go:54: Index of uss:be8063dc9d7fc293eb0fd3ff03ed2986
[PBFT-REPLY SIGN]2021/10/17 20:33:29.704444 /root/study/github_repository/pbft/pbft_reply.go:55: plaintext:7b2256696577223a312c2254696d655f7374616d70223a313633343437343030382c22436c69656e745f6e616d65223a22222c224e6f64655f69223a332c22526573756c74223a747275657d
[PBFT-PREPARE SIGN]2021/10/17 20:33:36.687332 /root/study/github_repository/pbft/pbft_prepare.go:47: Index of uss:5aca00de6d2f901a9f477310d4ad108c
[PBFT-PREPARE SIGN]2021/10/17 20:33:36.687351 /root/study/github_repository/pbft/pbft_prepare.go:48: plaintext:7b2256696577223a312c2253657175656e63655f6e756d626572223a313633343437343030383632343234393735372c224469676573745f6d223a222b694d7953436b6c6278483250364c44695552317467665a352b4f494a434c506e422b564247687850426f3d222c224e6f64655f69223a337d
[PBFT-COMMIT SIGN]2021/10/17 20:33:37.022164 /root/study/github_repository/pbft/pbft_commit.go:53: Index of uss:a010354537b105fb201ed5467a62d55a
[PBFT-COMMIT SIGN]2021/10/17 20:33:37.022180 /root/study/github_repository/pbft/pbft_commit.go:54: plaintext:7b2256696577223a312c2253657175656e63655f6e756d626572223a313633343437343030383632343234393735372c224469676573745f6d223a222b694d7953436b6c6278483250364c44695552317467665a352b4f494a434c506e422b564247687850426f3d222c224e6f64655f69223a337d
[PBFT-REPLY SIGN]2021/10/17 20:33:37.348691 /root/study/github_repository/pbft/pbft_reply.go:54: Index of uss:1dee81e513415ba0e1eae3f736c3e008
[PBFT-REPLY SIGN]2021/10/17 20:33:37.348713 /root/study/github_repository/pbft/pbft_reply.go:55: plaintext:7b2256696577223a312c2254696d655f7374616d70223a313633343437343031362c22436c69656e745f6e616d65223a22222c224e6f64655f69223a332c22526573756c74223a747275657d
[PBFT-PREPARE SIGN]2021/10/17 20:46:08.505267 /root/study/github_repository/pbft/pbft_prepare.go:47: Index of uss:33862c2daa52a23946c21a7b0d93978c
[PBFT-PREPARE SIGN]2021/10/17 20:46:08.505296 /root/study/github_repository/pbft/pbft_prepare.go:48: plaintext:7b2256696577223a312c2253657175656e63655f6e756d626572223a313633343437343736383432353731383034352c224469676573745f6d223a22662f774d58447a64445862312b4a626d64637962374f71333852514c5279412f524d795862514c723134383d222c224e6f64655f69223a337d
[PBFT-COMMIT SIGN]2021/10/17 20:46:09.063548 /root/study/github_repository/pbft/pbft_commit.go:53: Index of uss:99ce7d409a0652951f726348fd614b5a
[PBFT-COMMIT SIGN]2021/10/17 20:46:09.063568 /root/study/github_repository/pbft/pbft_commit.go:54: plaintext:7b2256696577223a312c2253657175656e63655f6e756d626572223a313633343437343736383432353731383034352c224469676573745f6d223a22662f774d58447a64445862312b4a626d64637962374f71333852514c5279412f524d795862514c723134383d222c224e6f64655f69223a337d
[PBFT-REPLY SIGN]2021/10/17 20:46:09.310218 /root/study/github_repository/pbft/pbft_reply.go:54: Index of uss:59f033be2d067cfe3e10aa60bc67da44
[PBFT-REPLY SIGN]2021/10/17 20:46:09.310237 /root/study/github_repository/pbft/pbft_reply.go:55: plaintext:7b2256696577223a312c2254696d655f7374616d70223a313633343437343736382c22436c69656e745f6e616d65223a22222c224e6f64655f69223a332c22526573756c74223a747275657d
[PBFT-PREPARE SIGN]2021/10/17 20:46:14.473246 /root/study/github_repository/pbft/pbft_prepare.go:47: Index of uss:9df050eed3e6793a51a845c29908c480
[PBFT-PREPARE SIGN]2021/10/17 20:46:14.473276 /root/study/github_repository/pbft/pbft_prepare.go:48: plaintext:7b2256696577223a312c2253657175656e63655f6e756d626572223a313633343437343736383432353731383034362c224469676573745f6d223a226a592b6334535138346f4733376b4f714e5465736c6e66533150634d6e795050754b4168416c65686742773d222c224e6f64655f69223a337d
[PBFT-COMMIT SIGN]2021/10/17 20:46:14.792888 /root/study/github_repository/pbft/pbft_commit.go:53: Index of uss:901f1b7596a650db3b73498e03f38a59
[PBFT-COMMIT SIGN]2021/10/17 20:46:14.792909 /root/study/github_repository/pbft/pbft_commit.go:54: plaintext:7b2256696577223a312c2253657175656e63655f6e756d626572223a313633343437343736383432353731383034362c224469676573745f6d223a226a592b6334535138346f4733376b4f714e5465736c6e66533150634d6e795050754b4168416c65686742773d222c224e6f64655f69223a337d
[PBFT-REPLY SIGN]2021/10/17 20:46:15.376045 /root/study/github_repository/pbft/pbft_reply.go:54: Index of uss:fbff1be9e749ce86123ea80126ce495f
[PBFT-REPLY SIGN]2021/10/17 20:46:15.376055 /root/study/github_repository/pbft/pbft_reply.go:55: plaintext:7b2256696577223a312c2254696d655f7374616d70223a313633343437343737342c22436c69656e745f6e616d65223a22222c224e6f64655f69223a332c22526573756c74223a747275657d
