[PBFT-PREPARE SIGN]2021/10/17 20:33:28.683423 /root/study/github_repository/pbft/pbft_prepare.go:47: Index of uss:466fa9d40114470a79a7c25fa6e3fe6e
[PBFT-PREPARE SIGN]2021/10/17 20:33:28.683463 /root/study/github_repository/pbft/pbft_prepare.go:48: plaintext:7b2256696577223a312c2253657175656e63655f6e756d626572223a313633343437343030383632343234393735362c224469676573745f6d223a225744422f4a4f6b594359665648783559756d42766b4c4b7079654235714a526d62743263446e41705179493d222c224e6f64655f69223a347d
[PBFT-COMMIT SIGN]2021/10/17 20:33:28.976819 /root/study/github_repository/pbft/pbft_commit.go:53: Index of uss:3c691a365ba2245e56aaf4b9b7a89f0f
[PBFT-COMMIT SIGN]2021/10/17 20:33:28.976840 /root/study/github_repository/pbft/pbft_commit.go:54: plaintext:7b2256696577223a312c2253657175656e63655f6e756d626572223a313633343437343030383632343234393735362c224469676573745f6d223a225744422f4a4f6b594359665648783559756d42766b4c4b7079654235714a526d62743263446e41705179493d222c224e6f64655f69223a347d
[PBFT-REPLY SIGN]2021/10/17 20:33:29.544485 /root/study/github_repository/pbft/pbft_reply.go:54: Index of uss:bc6d10d53e56a27fdbddd26523853188
[PBFT-REPLY SIGN]2021/10/17 20:33:29.544501 /root/study/github_repository/pbft/pbft_reply.go:55: plaintext:7b2256696577223a312c2254696d655f7374616d70223a313633343437343030382c22436c69656e745f6e616d65223a22222c224e6f64655f69223a342c22526573756c74223a747275657d
[PBFT-PREPARE SIGN]2021/10/17 20:33:36.671896 /root/study/github_repository/pbft/pbft_prepare.go:47: Index of uss:4772d1509fa0985192b159d94a6ffa18
[PBFT-PREPARE SIGN]2021/10/17 20:33:36.671915 /root/study/github_repository/pbft/pbft_prepare.go:48: plaintext:7b2256696577223a312c2253657175656e63655f6e756d626572223a313633343437343030383632343234393735372c224469676573745f6d223a222b694d7953436b6c6278483250364c44695552317467665a352b4f494a434c506e422b564247687850426f3d222c224e6f64655f69223a347d
[PBFT-COMMIT SIGN]2021/10/17 20:33:36.844617 /root/study/github_repository/pbft/pbft_commit.go:53: Index of uss:a1455695395aa9bb458da64245df754c
[PBFT-COMMIT SIGN]2021/10/17 20:33:36.844636 /root/study/github_repository/pbft/pbft_commit.go:54: plaintext:7b2256696577223a312c2253657175656e63655f6e756d626572223a313633343437343030383632343234393735372c224469676573745f6d223a222b694d7953436b6c6278483250364c44695552317467665a352b4f494a434c506e422b564247687850426f3d222c224e6f64655f69223a347d
[PBFT-REPLY SIGN]2021/10/17 20:33:37.263416 /root/study/github_repository/pbft/pbft_reply.go:54: Index of uss:cbc3869eb29affa7a0a2d5ec6186da10
[PBFT-REPLY SIGN]2021/10/17 20:33:37.263432 /root/study/github_repository/pbft/pbft_reply.go:55: plaintext:7b2256696577223a312c2254696d655f7374616d70223a313633343437343031362c22436c69656e745f6e616d65223a22222c224e6f64655f69223a342c22526573756c74223a747275657d
[PBFT-PREPARE SIGN]2021/10/17 20:46:08.482099 /root/study/github_repository/pbft/pbft_prepare.go:47: Index of uss:097822f61a17a1a1366293004756a18f
[PBFT-PREPARE SIGN]2021/10/17 20:46:08.482122 /root/study/github_repository/pbft/pbft_prepare.go:48: plaintext:7b2256696577223a312c2253657175656e63655f6e756d626572223a313633343437343736383432353731383034352c224469676573745f6d223a22662f774d58447a64445862312b4a626d64637962374f71333852514c5279412f524d795862514c723134383d222c224e6f64655f69223a347d
[PBFT-COMMIT SIGN]2021/10/17 20:46:08.659166 /root/study/github_repository/pbft/pbft_commit.go:53: Index of uss:ecfa1b3a9cd7dfcd857ba4fb99fa8746
[PBFT-COMMIT SIGN]2021/10/17 20:46:08.659184 /root/study/github_repository/pbft/pbft_commit.go:54: plaintext:7b2256696577223a312c2253657175656e63655f6e756d626572223a313633343437343736383432353731383034352c224469676573745f6d223a22662f774d58447a64445862312b4a626d64637962374f71333852514c5279412f524d795862514c723134383d222c224e6f64655f69223a347d
[PBFT-REPLY SIGN]2021/10/17 20:46:09.126543 /root/study/github_repository/pbft/pbft_reply.go:54: Index of uss:376320645e3f2757bd4f413cd5686d53
[PBFT-REPLY SIGN]2021/10/17 20:46:09.126562 /root/study/github_repository/pbft/pbft_reply.go:55: plaintext:7b2256696577223a312c2254696d655f7374616d70223a313633343437343736382c22436c69656e745f6e616d65223a22222c224e6f64655f69223a342c22526573756c74223a747275657d
[PBFT-PREPARE SIGN]2021/10/17 20:46:14.507238 /root/study/github_repository/pbft/pbft_prepare.go:47: Index of uss:c185e13d4d01afb9f6d49e2f103d79a4
[PBFT-PREPARE SIGN]2021/10/17 20:46:14.507262 /root/study/github_repository/pbft/pbft_prepare.go:48: plaintext:7b2256696577223a312c2253657175656e63655f6e756d626572223a313633343437343736383432353731383034362c224469676573745f6d223a226a592b6334535138346f4733376b4f714e5465736c6e66533150634d6e795050754b4168416c65686742773d222c224e6f64655f69223a347d
[PBFT-COMMIT SIGN]2021/10/17 20:46:15.085075 /root/study/github_repository/pbft/pbft_commit.go:53: Index of uss:e3e969f2d27cd33b2fe38daafc6c407c
[PBFT-COMMIT SIGN]2021/10/17 20:46:15.085098 /root/study/github_repository/pbft/pbft_commit.go:54: plaintext:7b2256696577223a312c2253657175656e63655f6e756d626572223a313633343437343736383432353731383034362c224469676573745f6d223a226a592b6334535138346f4733376b4f714e5465736c6e66533150634d6e795050754b4168416c65686742773d222c224e6f64655f69223a347d
[PBFT-REPLY SIGN]2021/10/17 20:46:15.536315 /root/study/github_repository/pbft/pbft_reply.go:54: Index of uss:12eef700882add784d63a3d685c8a527
[PBFT-REPLY SIGN]2021/10/17 20:46:15.536331 /root/study/github_repository/pbft/pbft_reply.go:55: plaintext:7b2256696577223a312c2254696d655f7374616d70223a313633343437343737342c22436c69656e745f6e616d65223a22222c224e6f64655f69223a342c22526573756c74223a747275657d
