[PBFT-PREPARE SIGN]2021/10/17 20:33:28.697514 /root/study/github_repository/pbft/pbft_prepare.go:47: Index of uss:7c9615c6d74223d5c46124e229c92479
[PBFT-PREPARE SIGN]2021/10/17 20:33:28.697536 /root/study/github_repository/pbft/pbft_prepare.go:48: plaintext:7b2256696577223a312c2253657175656e63655f6e756d626572223a313633343437343030383632343234393735362c224469676573745f6d223a225744422f4a4f6b594359665648783559756d42766b4c4b7079654235714a526d62743263446e41705179493d222c224e6f64655f69223a357d
[PBFT-COMMIT SIGN]2021/10/17 20:33:29.251680 /root/study/github_repository/pbft/pbft_commit.go:53: Index of uss:d327fd78ff9a633276e841d8796b4ba3
[PBFT-COMMIT SIGN]2021/10/17 20:33:29.251698 /root/study/github_repository/pbft/pbft_commit.go:54: plaintext:7b2256696577223a312c2253657175656e63655f6e756d626572223a313633343437343030383632343234393735362c224469676573745f6d223a225744422f4a4f6b594359665648783559756d42766b4c4b7079654235714a526d62743263446e41705179493d222c224e6f64655f69223a357d
[PBFT-REPLY SIGN]2021/10/17 20:33:29.602473 /root/study/github_repository/pbft/pbft_reply.go:54: Index of uss:f2656300f17bc9e7558aa1e25ccf01ed
[PBFT-REPLY SIGN]2021/10/17 20:33:29.602481 /root/study/github_repository/pbft/pbft_reply.go:55: plaintext:7b2256696577223a312c2254696d655f7374616d70223a313633343437343030382c22436c69656e745f6e616d65223a22222c224e6f64655f69223a352c22526573756c74223a747275657d
[PBFT-PREPARE SIGN]2021/10/17 20:33:36.675959 /root/study/github_repository/pbft/pbft_prepare.go:47: Index of uss:3759c5dd9f01b258027d830f12981ba4
[PBFT-PREPARE SIGN]2021/10/17 20:33:36.675982 /root/study/github_repository/pbft/pbft_prepare.go:48: plaintext:7b2256696577223a312c2253657175656e63655f6e756d626572223a313633343437343030383632343234393735372c224469676573745f6d223a222b694d7953436b6c6278483250364c44695552317467665a352b4f494a434c506e422b564247687850426f3d222c224e6f64655f69223a357d
[PBFT-COMMIT SIGN]2021/10/17 20:33:36.888197 /root/study/github_repository/pbft/pbft_commit.go:53: Index of uss:a8699b10dedcb95fd5ad0eac38405f2a
[PBFT-COMMIT SIGN]2021/10/17 20:33:36.888217 /root/study/github_repository/pbft/pbft_commit.go:54: plaintext:7b2256696577223a312c2253657175656e63655f6e756d626572223a313633343437343030383632343234393735372c224469676573745f6d223a222b694d7953436b6c6278483250364c44695552317467665a352b4f494a434c506e422b564247687850426f3d222c224e6f64655f69223a357d
[PBFT-REPLY SIGN]2021/10/17 20:33:37.510550 /root/study/github_repository/pbft/pbft_reply.go:54: Index of uss:e6bf87fe3dc239ba445f5f0a6068665e
[PBFT-REPLY SIGN]2021/10/17 20:33:37.510568 /root/study/github_repository/pbft/pbft_reply.go:55: plaintext:7b2256696577223a312c2254696d655f7374616d70223a313633343437343031362c22436c69656e745f6e616d65223a22222c224e6f64655f69223a352c22526573756c74223a747275657d
[PBFT-PREPARE SIGN]2021/10/17 20:46:08.467387 /root/study/github_repository/pbft/pbft_prepare.go:47: Index of uss:677694f5fff97620d83d0a8c7e61dc2a
[PBFT-PREPARE SIGN]2021/10/17 20:46:08.467414 /root/study/github_repository/pbft/pbft_prepare.go:48: plaintext:7b2256696577223a312c2253657175656e63655f6e756d626572223a313633343437343736383432353731383034352c224469676573745f6d223a22662f774d58447a64445862312b4a626d64637962374f71333852514c5279412f524d795862514c723134383d222c224e6f64655f69223a357d
[PBFT-COMMIT SIGN]2021/10/17 20:46:08.621984 /root/study/github_repository/pbft/pbft_commit.go:53: Index of uss:17f7a66b3101bb77f1563bf64c624f23
[PBFT-COMMIT SIGN]2021/10/17 20:46:08.622000 /root/study/github_repository/pbft/pbft_commit.go:54: plaintext:7b2256696577223a312c2253657175656e63655f6e756d626572223a313633343437343736383432353731383034352c224469676573745f6d223a22662f774d58447a64445862312b4a626d64637962374f71333852514c5279412f524d795862514c723134383d222c224e6f64655f69223a357d
[PBFT-REPLY SIGN]2021/10/17 20:46:09.398756 /root/study/github_repository/pbft/pbft_reply.go:54: Index of uss:eb9cbf7cbf87035cb4c739db1321e3d0
[PBFT-REPLY SIGN]2021/10/17 20:46:09.398771 /root/study/github_repository/pbft/pbft_reply.go:55: plaintext:7b2256696577223a312c2254696d655f7374616d70223a313633343437343736382c22436c69656e745f6e616d65223a22222c224e6f64655f69223a352c22526573756c74223a747275657d
[PBFT-PREPARE SIGN]2021/10/17 20:46:14.486781 /root/study/github_repository/pbft/pbft_prepare.go:47: Index of uss:533f290572bea3f76d4327c34b8db2b4
[PBFT-PREPARE SIGN]2021/10/17 20:46:14.486800 /root/study/github_repository/pbft/pbft_prepare.go:48: plaintext:7b2256696577223a312c2253657175656e63655f6e756d626572223a313633343437343736383432353731383034362c224469676573745f6d223a226a592b6334535138346f4733376b4f714e5465736c6e66533150634d6e795050754b4168416c65686742773d222c224e6f64655f69223a357d
[PBFT-COMMIT SIGN]2021/10/17 20:46:14.748079 /root/study/github_repository/pbft/pbft_commit.go:53: Index of uss:2b16b7012a5057d3acbbc790d9fa7fbf
[PBFT-COMMIT SIGN]2021/10/17 20:46:14.748115 /root/study/github_repository/pbft/pbft_commit.go:54: plaintext:7b2256696577223a312c2253657175656e63655f6e756d626572223a313633343437343736383432353731383034362c224469676573745f6d223a226a592b6334535138346f4733376b4f714e5465736c6e66533150634d6e795050754b4168416c65686742773d222c224e6f64655f69223a357d
[PBFT-REPLY SIGN]2021/10/17 20:46:15.237539 /root/study/github_repository/pbft/pbft_reply.go:54: Index of uss:3a8d708fde2b61779775b58926297b0a
[PBFT-REPLY SIGN]2021/10/17 20:46:15.237553 /root/study/github_repository/pbft/pbft_reply.go:55: plaintext:7b2256696577223a312c2254696d655f7374616d70223a313633343437343737342c22436c69656e745f6e616d65223a22222c224e6f64655f69223a352c22526573756c74223a747275657d
