[PBFT-PREPARE SIGN]2021/10/17 20:33:28.678598 /root/study/github_repository/pbft/pbft_prepare.go:47: Index of uss:580cdb764b2027e9588e6394240af959
[PBFT-PREPARE SIGN]2021/10/17 20:33:28.678626 /root/study/github_repository/pbft/pbft_prepare.go:48: plaintext:7b2256696577223a312c2253657175656e63655f6e756d626572223a313633343437343030383632343234393735362c224469676573745f6d223a225744422f4a4f6b594359665648783559756d42766b4c4b7079654235714a526d62743263446e41705179493d222c224e6f64655f69223a367d
[PBFT-COMMIT SIGN]2021/10/17 20:33:28.956131 /root/study/github_repository/pbft/pbft_commit.go:53: Index of uss:e8af829f4d6bf91f60627256542d0c39
[PBFT-COMMIT SIGN]2021/10/17 20:33:28.956145 /root/study/github_repository/pbft/pbft_commit.go:54: plaintext:7b2256696577223a312c2253657175656e63655f6e756d626572223a313633343437343030383632343234393735362c224469676573745f6d223a225744422f4a4f6b594359665648783559756d42766b4c4b7079654235714a526d62743263446e41705179493d222c224e6f64655f69223a367d
[PBFT-REPLY SIGN]2021/10/17 20:33:29.416691 /root/study/github_repository/pbft/pbft_reply.go:54: Index of uss:0d372f76a85cfaf3ee94c5f819116bdf
[PBFT-REPLY SIGN]2021/10/17 20:33:29.416710 /root/study/github_repository/pbft/pbft_reply.go:55: plaintext:7b2256696577223a312c2254696d655f7374616d70223a313633343437343030382c22436c69656e745f6e616d65223a22222c224e6f64655f69223a362c22526573756c74223a747275657d
[PBFT-PREPARE SIGN]2021/10/17 20:33:36.671203 /root/study/github_repository/pbft/pbft_prepare.go:47: Index of uss:21283c62e4d0a1c6a8c9a96d5bd5af65
[PBFT-PREPARE SIGN]2021/10/17 20:33:36.671226 /root/study/github_repository/pbft/pbft_prepare.go:48: plaintext:7b2256696577223a312c2253657175656e63655f6e756d626572223a313633343437343030383632343234393735372c224469676573745f6d223a222b694d7953436b6c6278483250364c44695552317467665a352b4f494a434c506e422b564247687850426f3d222c224e6f64655f69223a367d
[PBFT-COMMIT SIGN]2021/10/17 20:33:36.870073 /root/study/github_repository/pbft/pbft_commit.go:53: Index of uss:897bfeceb03417903c32957fd5eeeac6
[PBFT-COMMIT SIGN]2021/10/17 20:33:36.870093 /root/study/github_repository/pbft/pbft_commit.go:54: plaintext:7b2256696577223a312c2253657175656e63655f6e756d626572223a313633343437343030383632343234393735372c224469676573745f6d223a222b694d7953436b6c6278483250364c44695552317467665a352b4f494a434c506e422b564247687850426f3d222c224e6f64655f69223a367d
[PBFT-REPLY SIGN]2021/10/17 20:33:37.741269 /root/study/github_repository/pbft/pbft_reply.go:54: Index of uss:53a113dfa5a6039177c2521f04a8d788
[PBFT-REPLY SIGN]2021/10/17 20:33:37.741280 /root/study/github_repository/pbft/pbft_reply.go:55: plaintext:7b2256696577223a312c2254696d655f7374616d70223a313633343437343031362c22436c69656e745f6e616d65223a22222c224e6f64655f69223a362c22526573756c74223a747275657d
[PBFT-PREPARE SIGN]2021/10/17 20:46:08.514439 /root/study/github_repository/pbft/pbft_prepare.go:47: Index of uss:e78b5e8d19208299651c3caca217b309
[PBFT-PREPARE SIGN]2021/10/17 20:46:08.514461 /root/study/github_repository/pbft/pbft_prepare.go:48: plaintext:7b2256696577223a312c2253657175656e63655f6e756d626572223a313633343437343736383432353731383034352c224469676573745f6d223a22662f774d58447a64445862312b4a626d64637962374f71333852514c5279412f524d795862514c723134383d222c224e6f64655f69223a367d
[PBFT-COMMIT SIGN]2021/10/17 20:46:09.051324 /root/study/github_repository/pbft/pbft_commit.go:53: Index of uss:1b6f9014ea3b0ae39c66bf3776e3ff5e
[PBFT-COMMIT SIGN]2021/10/17 20:46:09.051342 /root/study/github_repository/pbft/pbft_commit.go:54: plaintext:7b2256696577223a312c2253657175656e63655f6e756d626572223a313633343437343736383432353731383034352c224469676573745f6d223a22662f774d58447a64445862312b4a626d64637962374f71333852514c5279412f524d795862514c723134383d222c224e6f64655f69223a367d
[PBFT-REPLY SIGN]2021/10/17 20:46:09.519571 /root/study/github_repository/pbft/pbft_reply.go:54: Index of uss:66a3bf242ffae1142748db89023b7b4c
[PBFT-REPLY SIGN]2021/10/17 20:46:09.519587 /root/study/github_repository/pbft/pbft_reply.go:55: plaintext:7b2256696577223a312c2254696d655f7374616d70223a313633343437343736382c22436c69656e745f6e616d65223a22222c224e6f64655f69223a362c22526573756c74223a747275657d
[PBFT-PREPARE SIGN]2021/10/17 20:46:14.477887 /root/study/github_repository/pbft/pbft_prepare.go:47: Index of uss:a03845ce4977921bf1180f003655a6b8
[PBFT-PREPARE SIGN]2021/10/17 20:46:14.477907 /root/study/github_repository/pbft/pbft_prepare.go:48: plaintext:7b2256696577223a312c2253657175656e63655f6e756d626572223a313633343437343736383432353731383034362c224469676573745f6d223a226a592b6334535138346f4733376b4f714e5465736c6e66533150634d6e795050754b4168416c65686742773d222c224e6f64655f69223a367d
[PBFT-COMMIT SIGN]2021/10/17 20:46:14.705605 /root/study/github_repository/pbft/pbft_commit.go:53: Index of uss:f3a2b8a0f5b8785f44deff52a7d76b6a
[PBFT-COMMIT SIGN]2021/10/17 20:46:14.705638 /root/study/github_repository/pbft/pbft_commit.go:54: plaintext:7b2256696577223a312c2253657175656e63655f6e756d626572223a313633343437343736383432353731383034362c224469676573745f6d223a226a592b6334535138346f4733376b4f714e5465736c6e66533150634d6e795050754b4168416c65686742773d222c224e6f64655f69223a367d
[PBFT-REPLY SIGN]2021/10/17 20:46:15.147644 /root/study/github_repository/pbft/pbft_reply.go:54: Index of uss:4d7900c8e0e7421bd1afd9bd2218b643
[PBFT-REPLY SIGN]2021/10/17 20:46:15.147673 /root/study/github_repository/pbft/pbft_reply.go:55: plaintext:7b2256696577223a312c2254696d655f7374616d70223a313633343437343737342c22436c69656e745f6e616d65223a22222c224e6f64655f69223a362c22526573756c74223a747275657d
