[PBFT-PREPARE SIGN]2021/10/17 20:33:28.676291 /root/study/github_repository/pbft/pbft_prepare.go:47: Index of uss:57b7b392652cf4b568b70d5a8ce5aa19
[PBFT-PREPARE SIGN]2021/10/17 20:33:28.676313 /root/study/github_repository/pbft/pbft_prepare.go:48: plaintext:7b2256696577223a312c2253657175656e63655f6e756d626572223a313633343437343030383632343234393735362c224469676573745f6d223a225744422f4a4f6b594359665648783559756d42766b4c4b7079654235714a526d62743263446e41705179493d222c224e6f64655f69223a377d
[PBFT-COMMIT SIGN]2021/10/17 20:33:29.028724 /root/study/github_repository/pbft/pbft_commit.go:53: Index of uss:9ac46946ef5912358225d0caa6d68249
[PBFT-COMMIT SIGN]2021/10/17 20:33:29.028743 /root/study/github_repository/pbft/pbft_commit.go:54: plaintext:7b2256696577223a312c2253657175656e63655f6e756d626572223a313633343437343030383632343234393735362c224469676573745f6d223a225744422f4a4f6b594359665648783559756d42766b4c4b7079654235714a526d62743263446e41705179493d222c224e6f64655f69223a377d
[PBFT-REPLY SIGN]2021/10/17 20:33:29.529349 /root/study/github_repository/pbft/pbft_reply.go:54: Index of uss:d36d3cd5316be4105da64b272a6466f9
[PBFT-REPLY SIGN]2021/10/17 20:33:29.529359 /root/study/github_repository/pbft/pbft_reply.go:55: plaintext:7b2256696577223a312c2254696d655f7374616d70223a313633343437343030382c22436c69656e745f6e616d65223a22222c224e6f64655f69223a372c22526573756c74223a747275657d
[PBFT-PREPARE SIGN]2021/10/17 20:33:36.716850 /root/study/github_repository/pbft/pbft_prepare.go:47: Index of uss:be44f803f6e9c8c09b9adc5eaef7b9ee
[PBFT-PREPARE SIGN]2021/10/17 20:33:36.716881 /root/study/github_repository/pbft/pbft_prepare.go:48: plaintext:7b2256696577223a312c2253657175656e63655f6e756d626572223a313633343437343030383632343234393735372c224469676573745f6d223a222b694d7953436b6c6278483250364c44695552317467665a352b4f494a434c506e422b564247687850426f3d222c224e6f64655f69223a377d
[PBFT-COMMIT SIGN]2021/10/17 20:33:37.135861 /root/study/github_repository/pbft/pbft_commit.go:53: Index of uss:a14e8fd234cdb7a51c0829e48a63ee8e
[PBFT-COMMIT SIGN]2021/10/17 20:33:37.135879 /root/study/github_repository/pbft/pbft_commit.go:54: plaintext:7b2256696577223a312c2253657175656e63655f6e756d626572223a313633343437343030383632343234393735372c224469676573745f6d223a222b694d7953436b6c6278483250364c44695552317467665a352b4f494a434c506e422b564247687850426f3d222c224e6f64655f69223a377d
[PBFT-REPLY SIGN]2021/10/17 20:33:37.423704 /root/study/github_repository/pbft/pbft_reply.go:54: Index of uss:9b692bc34986fcf5573be27ebfc26357
[PBFT-REPLY SIGN]2021/10/17 20:33:37.423720 /root/study/github_repository/pbft/pbft_reply.go:55: plaintext:7b2256696577223a312c2254696d655f7374616d70223a313633343437343031362c22436c69656e745f6e616d65223a22222c224e6f64655f69223a372c22526573756c74223a747275657d
[PBFT-PREPARE SIGN]2021/10/17 20:46:08.468290 /root/study/github_repository/pbft/pbft_prepare.go:47: Index of uss:0504c5ac66907a3d217ed476bdbd2486
[PBFT-PREPARE SIGN]2021/10/17 20:46:08.468347 /root/study/github_repository/pbft/pbft_prepare.go:48: plaintext:7b2256696577223a312c2253657175656e63655f6e756d626572223a313633343437343736383432353731383034352c224469676573745f6d223a22662f774d58447a64445862312b4a626d64637962374f71333852514c5279412f524d795862514c723134383d222c224e6f64655f69223a377d
[PBFT-COMMIT SIGN]2021/10/17 20:46:08.821486 /root/study/github_repository/pbft/pbft_commit.go:53: Index of uss:19892c4ed5c45a1dc7b2dbddf4422fbc
[PBFT-COMMIT SIGN]2021/10/17 20:46:08.821501 /root/study/github_repository/pbft/pbft_commit.go:54: plaintext:7b2256696577223a312c2253657175656e63655f6e756d626572223a313633343437343736383432353731383034352c224469676573745f6d223a22662f774d58447a64445862312b4a626d64637962374f71333852514c5279412f524d795862514c723134383d222c224e6f64655f69223a377d
[PBFT-REPLY SIGN]2021/10/17 20:46:09.242416 /root/study/github_repository/pbft/pbft_reply.go:54: Index of uss:b928c5d4c4bd58ab9c6b6f89f60656ed
[PBFT-REPLY SIGN]2021/10/17 20:46:09.242433 /root/study/github_repository/pbft/pbft_reply.go:55: plaintext:7b2256696577223a312c2254696d655f7374616d70223a313633343437343736382c22436c69656e745f6e616d65223a22222c224e6f64655f69223a372c22526573756c74223a747275657d
[PBFT-PREPARE SIGN]2021/10/17 20:46:14.488840 /root/study/github_repository/pbft/pbft_prepare.go:47: Index of uss:b8bebc15882a76439bb2aa00553e6bf7
[PBFT-PREPARE SIGN]2021/10/17 20:46:14.488917 /root/study/github_repository/pbft/pbft_prepare.go:48: plaintext:7b2256696577223a312c2253657175656e63655f6e756d626572223a313633343437343736383432353731383034362c224469676573745f6d223a226a592b6334535138346f4733376b4f714e5465736c6e66533150634d6e795050754b4168416c65686742773d222c224e6f64655f69223a377d
[PBFT-COMMIT SIGN]2021/10/17 20:46:14.844764 /root/study/github_repository/pbft/pbft_commit.go:53: Index of uss:176a0b680b95769ca1cb1dcfd2eb14ed
[PBFT-COMMIT SIGN]2021/10/17 20:46:14.844785 /root/study/github_repository/pbft/pbft_commit.go:54: plaintext:7b2256696577223a312c2253657175656e63655f6e756d626572223a313633343437343736383432353731383034362c224469676573745f6d223a226a592b6334535138346f4733376b4f714e5465736c6e66533150634d6e795050754b4168416c65686742773d222c224e6f64655f69223a377d
[PBFT-REPLY SIGN]2021/10/17 20:46:15.135775 /root/study/github_repository/pbft/pbft_reply.go:54: Index of uss:bb7e82195bf41745de188335ad6e80bf
[PBFT-REPLY SIGN]2021/10/17 20:46:15.135790 /root/study/github_repository/pbft/pbft_reply.go:55: plaintext:7b2256696577223a312c2254696d655f7374616d70223a313633343437343737342c22436c69656e745f6e616d65223a22222c224e6f64655f69223a372c22526573756c74223a747275657d
