[PBFT-PREPARE SIGN]2021/10/17 20:33:28.666644 /root/study/github_repository/pbft/pbft_prepare.go:47: Index of uss:7d36447c51278f42cea4375a26401ad3
[PBFT-PREPARE SIGN]2021/10/17 20:33:28.666664 /root/study/github_repository/pbft/pbft_prepare.go:48: plaintext:7b2256696577223a312c2253657175656e63655f6e756d626572223a313633343437343030383632343234393735362c224469676573745f6d223a225744422f4a4f6b594359665648783559756d42766b4c4b7079654235714a526d62743263446e41705179493d222c224e6f64655f69223a387d
[PBFT-COMMIT SIGN]2021/10/17 20:33:29.236092 /root/study/github_repository/pbft/pbft_commit.go:53: Index of uss:14310f6d1eb13bf359796da791f247f5
[PBFT-COMMIT SIGN]2021/10/17 20:33:29.236107 /root/study/github_repository/pbft/pbft_commit.go:54: plaintext:7b2256696577223a312c2253657175656e63655f6e756d626572223a313633343437343030383632343234393735362c224469676573745f6d223a225744422f4a4f6b594359665648783559756d42766b4c4b7079654235714a526d62743263446e41705179493d222c224e6f64655f69223a387d
[PBFT-REPLY SIGN]2021/10/17 20:33:29.530930 /root/study/github_repository/pbft/pbft_reply.go:54: Index of uss:4e679cbf3ccfaf741ace9280dde09983
[PBFT-REPLY SIGN]2021/10/17 20:33:29.530984 /root/study/github_repository/pbft/pbft_reply.go:55: plaintext:7b2256696577223a312c2254696d655f7374616d70223a313633343437343030382c22436c69656e745f6e616d65223a22222c224e6f64655f69223a382c22526573756c74223a747275657d
[PBFT-PREPARE SIGN]2021/10/17 20:33:36.719070 /root/study/github_repository/pbft/pbft_prepare.go:47: Index of uss:0e4c5054bd86a28c6cb8b6e8e2f213d8
[PBFT-PREPARE SIGN]2021/10/17 20:33:36.719090 /root/study/github_repository/pbft/pbft_prepare.go:48: plaintext:7b2256696577223a312c2253657175656e63655f6e756d626572223a313633343437343030383632343234393735372c224469676573745f6d223a222b694d7953436b6c6278483250364c44695552317467665a352b4f494a434c506e422b564247687850426f3d222c224e6f64655f69223a387d
[PBFT-COMMIT SIGN]2021/10/17 20:33:37.165610 /root/study/github_repository/pbft/pbft_commit.go:53: Index of uss:5b9b0133fa1639ad28b47e67909380c4
[PBFT-COMMIT SIGN]2021/10/17 20:33:37.165628 /root/study/github_repository/pbft/pbft_commit.go:54: plaintext:7b2256696577223a312c2253657175656e63655f6e756d626572223a313633343437343030383632343234393735372c224469676573745f6d223a222b694d7953436b6c6278483250364c44695552317467665a352b4f494a434c506e422b564247687850426f3d222c224e6f64655f69223a387d
[PBFT-REPLY SIGN]2021/10/17 20:33:37.567661 /root/study/github_repository/pbft/pbft_reply.go:54: Index of uss:8fc4605dd92b467e1dc8fba7647ef88f
[PBFT-REPLY SIGN]2021/10/17 20:33:37.567686 /root/study/github_repository/pbft/pbft_reply.go:55: plaintext:7b2256696577223a312c2254696d655f7374616d70223a313633343437343031362c22436c69656e745f6e616d65223a22222c224e6f64655f69223a382c22526573756c74223a747275657d
[PBFT-PREPARE SIGN]2021/10/17 20:46:08.468619 /root/study/github_repository/pbft/pbft_prepare.go:47: Index of uss:142095538c92edc7eb09d9a6be345294
[PBFT-PREPARE SIGN]2021/10/17 20:46:08.468641 /root/study/github_repository/pbft/pbft_prepare.go:48: plaintext:7b2256696577223a312c2253657175656e63655f6e756d626572223a313633343437343736383432353731383034352c224469676573745f6d223a22662f774d58447a64445862312b4a626d64637962374f71333852514c5279412f524d795862514c723134383d222c224e6f64655f69223a387d
[PBFT-COMMIT SIGN]2021/10/17 20:46:08.679731 /root/study/github_repository/pbft/pbft_commit.go:53: Index of uss:18d549adf18bef78c5ad49fc4def05ad
[PBFT-COMMIT SIGN]2021/10/17 20:46:08.679771 /root/study/github_repository/pbft/pbft_commit.go:54: plaintext:7b2256696577223a312c2253657175656e63655f6e756d626572223a313633343437343736383432353731383034352c224469676573745f6d223a22662f774d58447a64445862312b4a626d64637962374f71333852514c5279412f524d795862514c723134383d222c224e6f64655f69223a387d
[PBFT-REPLY SIGN]2021/10/17 20:46:09.391044 /root/study/github_repository/pbft/pbft_reply.go:54: Index of uss:52bfd91e0f2be230a4fdecac9c615ddf
[PBFT-REPLY SIGN]2021/10/17 20:46:09.391068 /root/study/github_repository/pbft/pbft_reply.go:55: plaintext:7b2256696577223a312c2254696d655f7374616d70223a313633343437343736382c22436c69656e745f6e616d65223a22222c224e6f64655f69223a382c22526573756c74223a747275657d
[PBFT-PREPARE SIGN]2021/10/17 20:46:14.507302 /root/study/github_repository/pbft/pbft_prepare.go:47: Index of uss:64da383797de329528826960074ea955
[PBFT-PREPARE SIGN]2021/10/17 20:46:14.507323 /root/study/github_repository/pbft/pbft_prepare.go:48: plaintext:7b2256696577223a312c2253657175656e63655f6e756d626572223a313633343437343736383432353731383034362c224469676573745f6d223a226a592b6334535138346f4733376b4f714e5465736c6e66533150634d6e795050754b4168416c65686742773d222c224e6f64655f69223a387d
[PBFT-COMMIT SIGN]2021/10/17 20:46:14.902565 /root/study/github_repository/pbft/pbft_commit.go:53: Index of uss:90ba737a1b7991b7f748bd58798083a9
[PBFT-COMMIT SIGN]2021/10/17 20:46:14.902585 /root/study/github_repository/pbft/pbft_commit.go:54: plaintext:7b2256696577223a312c2253657175656e63655f6e756d626572223a313633343437343736383432353731383034362c224469676573745f6d223a226a592b6334535138346f4733376b4f714e5465736c6e66533150634d6e795050754b4168416c65686742773d222c224e6f64655f69223a387d
[PBFT-REPLY SIGN]2021/10/17 20:46:15.508351 /root/study/github_repository/pbft/pbft_reply.go:54: Index of uss:245f193797cf0a3b6ee9394d5a5846ea
[PBFT-REPLY SIGN]2021/10/17 20:46:15.508368 /root/study/github_repository/pbft/pbft_reply.go:55: plaintext:7b2256696577223a312c2254696d655f7374616d70223a313633343437343737342c22436c69656e745f6e616d65223a22222c224e6f64655f69223a382c22526573756c74223a747275657d
