[PBFT-PREPARE SIGN]2021/10/17 20:33:28.734542 /root/study/github_repository/pbft/pbft_prepare.go:47: Index of uss:e6600ef2d73b043b0b4eba257beab940
[PBFT-PREPARE SIGN]2021/10/17 20:33:28.734560 /root/study/github_repository/pbft/pbft_prepare.go:48: plaintext:7b2256696577223a312c2253657175656e63655f6e756d626572223a313633343437343030383632343234393735362c224469676573745f6d223a225744422f4a4f6b594359665648783559756d42766b4c4b7079654235714a526d62743263446e41705179493d222c224e6f64655f69223a397d
[PBFT-COMMIT SIGN]2021/10/17 20:33:29.734318 /root/study/github_repository/pbft/pbft_commit.go:53: Index of uss:d0f633aef3fd15ebcf6ee33f68d01538
[PBFT-COMMIT SIGN]2021/10/17 20:33:29.734353 /root/study/github_repository/pbft/pbft_commit.go:54: plaintext:7b2256696577223a312c2253657175656e63655f6e756d626572223a313633343437343030383632343234393735362c224469676573745f6d223a225744422f4a4f6b594359665648783559756d42766b4c4b7079654235714a526d62743263446e41705179493d222c224e6f64655f69223a397d
[PBFT-REPLY SIGN]2021/10/17 20:33:29.917589 /root/study/github_repository/pbft/pbft_reply.go:54: Index of uss:21fa4fa17df8906b3d8beba7040c36eb
[PBFT-REPLY SIGN]2021/10/17 20:33:29.917615 /root/study/github_repository/pbft/pbft_reply.go:55: plaintext:7b2256696577223a312c2254696d655f7374616d70223a313633343437343030382c22436c69656e745f6e616d65223a22222c224e6f64655f69223a392c22526573756c74223a747275657d
[PBFT-PREPARE SIGN]2021/10/17 20:33:36.688699 /root/study/github_repository/pbft/pbft_prepare.go:47: Index of uss:cd1e6d690511428866f5da85201bba30
[PBFT-PREPARE SIGN]2021/10/17 20:33:36.688739 /root/study/github_repository/pbft/pbft_prepare.go:48: plaintext:7b2256696577223a312c2253657175656e63655f6e756d626572223a313633343437343030383632343234393735372c224469676573745f6d223a222b694d7953436b6c6278483250364c44695552317467665a352b4f494a434c506e422b564247687850426f3d222c224e6f64655f69223a397d
[PBFT-COMMIT SIGN]2021/10/17 20:33:37.185500 /root/study/github_repository/pbft/pbft_commit.go:53: Index of uss:9de182371f79dd7b090903a8865497dd
[PBFT-COMMIT SIGN]2021/10/17 20:33:37.185520 /root/study/github_repository/pbft/pbft_commit.go:54: plaintext:7b2256696577223a312c2253657175656e63655f6e756d626572223a313633343437343030383632343234393735372c224469676573745f6d223a222b694d7953436b6c6278483250364c44695552317467665a352b4f494a434c506e422b564247687850426f3d222c224e6f64655f69223a397d
[PBFT-REPLY SIGN]2021/10/17 20:33:37.577260 /root/study/github_repository/pbft/pbft_reply.go:54: Index of uss:47b6bbdd403f02960a2c1fa6aa87f4f3
[PBFT-REPLY SIGN]2021/10/17 20:33:37.577274 /root/study/github_repository/pbft/pbft_reply.go:55: plaintext:7b2256696577223a312c2254696d655f7374616d70223a313633343437343031362c22436c69656e745f6e616d65223a22222c224e6f64655f69223a392c22526573756c74223a747275657d
[PBFT-PREPARE SIGN]2021/10/17 20:46:08.477268 /root/study/github_repository/pbft/pbft_prepare.go:47: Index of uss:bcfd65c903b6b9411fe784410d16b951
[PBFT-PREPARE SIGN]2021/10/17 20:46:08.477289 /root/study/github_repository/pbft/pbft_prepare.go:48: plaintext:7b2256696577223a312c2253657175656e63655f6e756d626572223a313633343437343736383432353731383034352c224469676573745f6d223a22662f774d58447a64445862312b4a626d64637962374f71333852514c5279412f524d795862514c723134383d222c224e6f64655f69223a397d
[PBFT-COMMIT SIGN]2021/10/17 20:46:08.651834 /root/study/github_repository/pbft/pbft_commit.go:53: Index of uss:4da133766de3a8c510cdcd23945e3afe
[PBFT-COMMIT SIGN]2021/10/17 20:46:08.651859 /root/study/github_repository/pbft/pbft_commit.go:54: plaintext:7b2256696577223a312c2253657175656e63655f6e756d626572223a313633343437343736383432353731383034352c224469676573745f6d223a22662f774d58447a64445862312b4a626d64637962374f71333852514c5279412f524d795862514c723134383d222c224e6f64655f69223a397d
[PBFT-REPLY SIGN]2021/10/17 20:46:09.268309 /root/study/github_repository/pbft/pbft_reply.go:54: Index of uss:813f1695407cfaece72ed4ae028328bd
[PBFT-REPLY SIGN]2021/10/17 20:46:09.268325 /root/study/github_repository/pbft/pbft_reply.go:55: plaintext:7b2256696577223a312c2254696d655f7374616d70223a313633343437343736382c22436c69656e745f6e616d65223a22222c224e6f64655f69223a392c22526573756c74223a747275657d
[PBFT-PREPARE SIGN]2021/10/17 20:46:14.481163 /root/study/github_repository/pbft/pbft_prepare.go:47: Index of uss:5aa90b336a0d8b76403179aa49d4c407
[PBFT-PREPARE SIGN]2021/10/17 20:46:14.481191 /root/study/github_repository/pbft/pbft_prepare.go:48: plaintext:7b2256696577223a312c2253657175656e63655f6e756d626572223a313633343437343736383432353731383034362c224469676573745f6d223a226a592b6334535138346f4733376b4f714e5465736c6e66533150634d6e795050754b4168416c65686742773d222c224e6f64655f69223a397d
[PBFT-COMMIT SIGN]2021/10/17 20:46:14.670673 /root/study/github_repository/pbft/pbft_commit.go:53: Index of uss:c14dabf74d873d042458f13e98985b66
[PBFT-COMMIT SIGN]2021/10/17 20:46:14.670696 /root/study/github_repository/pbft/pbft_commit.go:54: plaintext:7b2256696577223a312c2253657175656e63655f6e756d626572223a313633343437343736383432353731383034362c224469676573745f6d223a226a592b6334535138346f4733376b4f714e5465736c6e66533150634d6e795050754b4168416c65686742773d222c224e6f64655f69223a397d
[PBFT-REPLY SIGN]2021/10/17 20:46:15.277249 /root/study/github_repository/pbft/pbft_reply.go:54: Index of uss:725fb82f2a4cbe686df1727b42f25a39
[PBFT-REPLY SIGN]2021/10/17 20:46:15.277263 /root/study/github_repository/pbft/pbft_reply.go:55: plaintext:7b2256696577223a312c2254696d655f7374616d70223a313633343437343737342c22436c69656e745f6e616d65223a22222c224e6f64655f69223a392c22526573756c74223a747275657d
