【START A NEW PBFT】2021/09/11 15:41:26.071834 /root/study/github_repository/qb/pbft/pbft_impl.go:54: start a new pbft
【START A NEW PBFT】2021/09/11 15:41:33.710381 /root/study/github_repository/qb/pbft/pbft_impl.go:54: start a new pbft
【START A NEW PBFT】2021/09/11 15:41:41.320782 /root/study/github_repository/qb/pbft/pbft_impl.go:54: start a new pbft
【START A NEW PBFT】2021/09/11 15:41:48.942673 /root/study/github_repository/qb/pbft/pbft_impl.go:54: start a new pbft
[Commit error]2021/09/11 15:41:48.948615 /root/study/github_repository/qb/pbft/pbft_impl.go:273: the sequenceID of prepare message is wrong!
[Commit error]2021/09/11 15:41:48.948629 /root/study/github_repository/qb/pbft/pbft_impl.go:274: Last_sequence_number= 1631346086069688326
[Commit error]2021/09/11 15:41:48.948632 /root/study/github_repository/qb/pbft/pbft_impl.go:275: prepare.Sequence_number= 1631346086069688326
【START A NEW PBFT】2021/09/11 15:42:00.779844 /root/study/github_repository/qb/pbft/pbft_impl.go:54: start a new pbft
【START A NEW PBFT】2021/09/11 15:42:08.417125 /root/study/github_repository/qb/pbft/pbft_impl.go:54: start a new pbft
【START A NEW PBFT】2021/09/11 15:42:16.019578 /root/study/github_repository/qb/pbft/pbft_impl.go:54: start a new pbft
【START A NEW PBFT】2021/09/11 15:42:23.620271 /root/study/github_repository/qb/pbft/pbft_impl.go:54: start a new pbft
【START A NEW PBFT】2021/09/11 15:43:09.307847 /root/study/github_repository/qb/pbft/pbft_impl.go:54: start a new pbft
【START A NEW PBFT】2021/09/11 15:43:16.981686 /root/study/github_repository/qb/pbft/pbft_impl.go:54: start a new pbft
【START A NEW PBFT】2021/09/11 15:43:24.606795 /root/study/github_repository/qb/pbft/pbft_impl.go:54: start a new pbft
P3-[pbft.PrepareMsg]2021/09/11 15:43:24.612733 /root/study/github_repository/qb/network/node.go:339: [put prepare message into MsgDelivery channel]
【START A NEW PBFT】2021/09/11 15:43:32.211048 /root/study/github_repository/qb/pbft/pbft_impl.go:54: start a new pbft
P3-[pbft.CommitMsg]2021/09/11 15:43:32.220264 /root/study/github_repository/qb/network/node.go:356: [put commit message into MsgDelivery channel]
【START A NEW PBFT】2021/09/11 15:43:54.320516 /root/study/github_repository/qb/pbft/pbft_impl.go:54: start a new pbft
【START A NEW PBFT】2021/09/11 15:44:01.905854 /root/study/github_repository/qb/pbft/pbft_impl.go:54: start a new pbft
【START A NEW PBFT】2021/09/11 15:44:09.479882 /root/study/github_repository/qb/pbft/pbft_impl.go:54: start a new pbft
[Reply error]2021/09/11 15:44:09.486798 /root/study/github_repository/qb/pbft/pbft_impl.go:380: the sequenceID of commit message is wrong!
[Reply error]2021/09/11 15:44:09.486805 /root/study/github_repository/qb/pbft/pbft_impl.go:381: Last_sequence_number= 1631346086069688337
[Reply error]2021/09/11 15:44:09.486809 /root/study/github_repository/qb/pbft/pbft_impl.go:382: commit.Sequence_number= 1631346086069688337
【START A NEW PBFT】2021/09/11 15:44:17.095128 /root/study/github_repository/qb/pbft/pbft_impl.go:54: start a new pbft
【START A NEW PBFT】2021/09/11 15:45:37.095117 /root/study/github_repository/qb/pbft/pbft_impl.go:54: start a new pbft
【START A NEW PBFT】2021/09/11 15:45:40.720865 /root/study/github_repository/qb/pbft/pbft_impl.go:54: start a new pbft
P3-[receive CommitMsg]2021/09/11 15:45:40.747352 /root/study/github_repository/qb/network/node.go:356: [put commit message into MsgDelivery channel]
【START A NEW PBFT】2021/09/11 15:45:44.325392 /root/study/github_repository/qb/pbft/pbft_impl.go:54: start a new pbft
【START A NEW PBFT】2021/09/11 15:45:47.930407 /root/study/github_repository/qb/pbft/pbft_impl.go:54: start a new pbft
【START A NEW PBFT】2021/09/11 15:46:07.011136 /root/study/github_repository/qb/pbft/pbft_impl.go:54: start a new pbft
【START A NEW PBFT】2021/09/11 15:46:10.626129 /root/study/github_repository/qb/pbft/pbft_impl.go:54: start a new pbft
[Commit error]2021/09/11 15:46:10.628322 /root/study/github_repository/qb/pbft/pbft_impl.go:273: the sequenceID of prepare message is wrong!
[Commit error]2021/09/11 15:46:10.628340 /root/study/github_repository/qb/pbft/pbft_impl.go:274: Last_sequence_number= 1631346337093179044
[Commit error]2021/09/11 15:46:10.628352 /root/study/github_repository/qb/pbft/pbft_impl.go:275: prepare.Sequence_number= 1631346337093179044
[Reply error]2021/09/11 15:46:10.632948 /root/study/github_repository/qb/pbft/pbft_impl.go:380: the sequenceID of commit message is wrong!
[Reply error]2021/09/11 15:46:10.632958 /root/study/github_repository/qb/pbft/pbft_impl.go:381: Last_sequence_number= 1631346337093179044
[Reply error]2021/09/11 15:46:10.632963 /root/study/github_repository/qb/pbft/pbft_impl.go:382: commit.Sequence_number= 1631346337093179044
【START A NEW PBFT】2021/09/11 15:46:14.233937 /root/study/github_repository/qb/pbft/pbft_impl.go:54: start a new pbft
【START A NEW PBFT】2021/09/11 15:46:17.836371 /root/study/github_repository/qb/pbft/pbft_impl.go:54: start a new pbft
【START A NEW PBFT】2021/09/11 15:46:43.581206 /root/study/github_repository/qb/pbft/pbft_impl.go:54: start a new pbft
[Commit error]2021/09/11 15:46:43.585633 /root/study/github_repository/qb/pbft/pbft_impl.go:273: the sequenceID of prepare message is wrong!
[Commit error]2021/09/11 15:46:43.585640 /root/study/github_repository/qb/pbft/pbft_impl.go:274: Last_sequence_number= 1631346337093179047
[Commit error]2021/09/11 15:46:43.585644 /root/study/github_repository/qb/pbft/pbft_impl.go:275: prepare.Sequence_number= 1631346337093179047
[Reply error]2021/09/11 15:46:43.589528 /root/study/github_repository/qb/pbft/pbft_impl.go:380: the sequenceID of commit message is wrong!
[Reply error]2021/09/11 15:46:43.589538 /root/study/github_repository/qb/pbft/pbft_impl.go:381: Last_sequence_number= 1631346337093179047
[Reply error]2021/09/11 15:46:43.589542 /root/study/github_repository/qb/pbft/pbft_impl.go:382: commit.Sequence_number= 1631346337093179047
【START A NEW PBFT】2021/09/11 15:46:47.210894 /root/study/github_repository/qb/pbft/pbft_impl.go:54: start a new pbft
【START A NEW PBFT】2021/09/11 15:46:50.816184 /root/study/github_repository/qb/pbft/pbft_impl.go:54: start a new pbft
【START A NEW PBFT】2021/09/11 15:46:54.422235 /root/study/github_repository/qb/pbft/pbft_impl.go:54: start a new pbft
【START A NEW PBFT】2021/09/11 15:47:16.985251 /root/study/github_repository/qb/pbft/pbft_impl.go:54: start a new pbft
【START A NEW PBFT】2021/09/11 15:47:20.607989 /root/study/github_repository/qb/pbft/pbft_impl.go:54: start a new pbft
P3-[pbft.PrepareMsg]2021/09/11 15:47:20.613273 /root/study/github_repository/qb/network/node.go:339: [put prepare message into MsgDelivery channel]
[Reply error]2021/09/11 15:47:20.614959 /root/study/github_repository/qb/pbft/pbft_impl.go:380: the sequenceID of commit message is wrong!
[Reply error]2021/09/11 15:47:20.614971 /root/study/github_repository/qb/pbft/pbft_impl.go:381: Last_sequence_number= 1631346337093179052
[Reply error]2021/09/11 15:47:20.614976 /root/study/github_repository/qb/pbft/pbft_impl.go:382: commit.Sequence_number= 1631346337093179052
【START A NEW PBFT】2021/09/11 15:47:24.219308 /root/study/github_repository/qb/pbft/pbft_impl.go:54: start a new pbft
[Reply error]2021/09/11 15:47:25.139550 /root/study/github_repository/qb/pbft/pbft_impl.go:380: the sequenceID of commit message is wrong!
[Reply error]2021/09/11 15:47:25.139775 /root/study/github_repository/qb/pbft/pbft_impl.go:381: Last_sequence_number= 1631346337093179053
[Reply error]2021/09/11 15:47:25.139783 /root/study/github_repository/qb/pbft/pbft_impl.go:382: commit.Sequence_number= 1631346337093179053
【START A NEW PBFT】2021/09/11 15:47:27.830364 /root/study/github_repository/qb/pbft/pbft_impl.go:54: start a new pbft
【START A NEW PBFT】2021/09/11 15:48:04.795997 /root/study/github_repository/qb/pbft/pbft_impl.go:54: start a new pbft
【START A NEW PBFT】2021/09/11 15:48:06.405731 /root/study/github_repository/qb/pbft/pbft_impl.go:54: start a new pbft
[Reply error]2021/09/11 15:48:06.412878 /root/study/github_repository/qb/pbft/pbft_impl.go:380: the sequenceID of commit message is wrong!
[Reply error]2021/09/11 15:48:06.412904 /root/study/github_repository/qb/pbft/pbft_impl.go:381: Last_sequence_number= 1631346337093179056
[Reply error]2021/09/11 15:48:06.412908 /root/study/github_repository/qb/pbft/pbft_impl.go:382: commit.Sequence_number= 1631346337093179056
【START A NEW PBFT】2021/09/11 15:48:08.043481 /root/study/github_repository/qb/pbft/pbft_impl.go:54: start a new pbft
【START A NEW PBFT】2021/09/11 15:48:09.662419 /root/study/github_repository/qb/pbft/pbft_impl.go:54: start a new pbft
【START A NEW PBFT】2021/09/11 15:48:16.980505 /root/study/github_repository/qb/pbft/pbft_impl.go:54: start a new pbft
【START A NEW PBFT】2021/09/11 15:48:18.576360 /root/study/github_repository/qb/pbft/pbft_impl.go:54: start a new pbft
【START A NEW PBFT】2021/09/11 15:48:20.187105 /root/study/github_repository/qb/pbft/pbft_impl.go:54: start a new pbft
[Commit error]2021/09/11 15:48:20.189168 /root/study/github_repository/qb/pbft/pbft_impl.go:273: the sequenceID of prepare message is wrong!
[Commit error]2021/09/11 15:48:20.189176 /root/study/github_repository/qb/pbft/pbft_impl.go:274: Last_sequence_number= 1631346337093179061
[Commit error]2021/09/11 15:48:20.189180 /root/study/github_repository/qb/pbft/pbft_impl.go:275: prepare.Sequence_number= 1631346337093179061
[Reply error]2021/09/11 15:48:20.192260 /root/study/github_repository/qb/pbft/pbft_impl.go:380: the sequenceID of commit message is wrong!
[Reply error]2021/09/11 15:48:20.192271 /root/study/github_repository/qb/pbft/pbft_impl.go:381: Last_sequence_number= 1631346337093179061
[Reply error]2021/09/11 15:48:20.192275 /root/study/github_repository/qb/pbft/pbft_impl.go:382: commit.Sequence_number= 1631346337093179061
【START A NEW PBFT】2021/09/11 15:48:21.797144 /root/study/github_repository/qb/pbft/pbft_impl.go:54: start a new pbft
[Commit error]2021/09/11 15:48:21.800301 /root/study/github_repository/qb/pbft/pbft_impl.go:273: the sequenceID of prepare message is wrong!
[Commit error]2021/09/11 15:48:21.800313 /root/study/github_repository/qb/pbft/pbft_impl.go:274: Last_sequence_number= 1631346337093179062
[Commit error]2021/09/11 15:48:21.800320 /root/study/github_repository/qb/pbft/pbft_impl.go:275: prepare.Sequence_number= 1631346337093179062
[Reply error]2021/09/11 15:48:21.805228 /root/study/github_repository/qb/pbft/pbft_impl.go:380: the sequenceID of commit message is wrong!
[Reply error]2021/09/11 15:48:21.805236 /root/study/github_repository/qb/pbft/pbft_impl.go:381: Last_sequence_number= 1631346337093179062
[Reply error]2021/09/11 15:48:21.805241 /root/study/github_repository/qb/pbft/pbft_impl.go:382: commit.Sequence_number= 1631346337093179062
【START A NEW PBFT】2021/09/11 15:48:34.263703 /root/study/github_repository/qb/pbft/pbft_impl.go:54: start a new pbft
[Reply error]2021/09/11 15:48:34.271741 /root/study/github_repository/qb/pbft/pbft_impl.go:380: the sequenceID of commit message is wrong!
[Reply error]2021/09/11 15:48:34.271750 /root/study/github_repository/qb/pbft/pbft_impl.go:381: Last_sequence_number= 1631346337093179063
[Reply error]2021/09/11 15:48:34.271754 /root/study/github_repository/qb/pbft/pbft_impl.go:382: commit.Sequence_number= 1631346337093179063
【START A NEW PBFT】2021/09/11 15:48:35.862745 /root/study/github_repository/qb/pbft/pbft_impl.go:54: start a new pbft
[Commit error]2021/09/11 15:48:35.865919 /root/study/github_repository/qb/pbft/pbft_impl.go:273: the sequenceID of prepare message is wrong!
[Commit error]2021/09/11 15:48:35.865926 /root/study/github_repository/qb/pbft/pbft_impl.go:274: Last_sequence_number= 1631346337093179064
[Commit error]2021/09/11 15:48:35.865929 /root/study/github_repository/qb/pbft/pbft_impl.go:275: prepare.Sequence_number= 1631346337093179064
[Reply error]2021/09/11 15:48:35.868882 /root/study/github_repository/qb/pbft/pbft_impl.go:380: the sequenceID of commit message is wrong!
[Reply error]2021/09/11 15:48:35.868895 /root/study/github_repository/qb/pbft/pbft_impl.go:381: Last_sequence_number= 1631346337093179064
[Reply error]2021/09/11 15:48:35.868899 /root/study/github_repository/qb/pbft/pbft_impl.go:382: commit.Sequence_number= 1631346337093179064
【START A NEW PBFT】2021/09/11 15:48:37.466410 /root/study/github_repository/qb/pbft/pbft_impl.go:54: start a new pbft
[Commit error]2021/09/11 15:48:37.470728 /root/study/github_repository/qb/pbft/pbft_impl.go:273: the sequenceID of prepare message is wrong!
[Commit error]2021/09/11 15:48:37.470736 /root/study/github_repository/qb/pbft/pbft_impl.go:274: Last_sequence_number= 1631346337093179065
[Commit error]2021/09/11 15:48:37.470739 /root/study/github_repository/qb/pbft/pbft_impl.go:275: prepare.Sequence_number= 1631346337093179065
【START A NEW PBFT】2021/09/11 15:48:39.058593 /root/study/github_repository/qb/pbft/pbft_impl.go:54: start a new pbft
[Reply error]2021/09/11 15:48:39.768744 /root/study/github_repository/qb/pbft/pbft_impl.go:380: the sequenceID of commit message is wrong!
[Reply error]2021/09/11 15:48:39.768779 /root/study/github_repository/qb/pbft/pbft_impl.go:381: Last_sequence_number= 1631346337093179066
[Reply error]2021/09/11 15:48:39.768794 /root/study/github_repository/qb/pbft/pbft_impl.go:382: commit.Sequence_number= 1631346337093179066
【START A NEW PBFT】2021/09/11 15:49:54.930097 /root/study/github_repository/qb/pbft/pbft_impl.go:54: start a new pbft
【START A NEW PBFT】2021/09/11 15:49:56.531653 /root/study/github_repository/qb/pbft/pbft_impl.go:54: start a new pbft
[Commit error]2021/09/11 15:49:56.533869 /root/study/github_repository/qb/pbft/pbft_impl.go:273: the sequenceID of prepare message is wrong!
[Commit error]2021/09/11 15:49:56.533874 /root/study/github_repository/qb/pbft/pbft_impl.go:274: Last_sequence_number= 1631346594927851383
[Commit error]2021/09/11 15:49:56.533876 /root/study/github_repository/qb/pbft/pbft_impl.go:275: prepare.Sequence_number= 1631346594927851383
P3-[pbft.CommitMsg]2021/09/11 15:49:56.569778 /root/study/github_repository/qb/network/node.go:356: [put commit message into MsgDelivery channel]
【START A NEW PBFT】2021/09/11 15:49:58.139131 /root/study/github_repository/qb/pbft/pbft_impl.go:54: start a new pbft
[Reply error]2021/09/11 15:49:58.146220 /root/study/github_repository/qb/pbft/pbft_impl.go:380: the sequenceID of commit message is wrong!
[Reply error]2021/09/11 15:49:58.146230 /root/study/github_repository/qb/pbft/pbft_impl.go:381: Last_sequence_number= 1631346594927851384
[Reply error]2021/09/11 15:49:58.146234 /root/study/github_repository/qb/pbft/pbft_impl.go:382: commit.Sequence_number= 1631346594927851384
【START A NEW PBFT】2021/09/11 15:49:59.743601 /root/study/github_repository/qb/pbft/pbft_impl.go:54: start a new pbft
[Reply error]2021/09/11 15:49:59.750656 /root/study/github_repository/qb/pbft/pbft_impl.go:380: the sequenceID of commit message is wrong!
[Reply error]2021/09/11 15:49:59.750662 /root/study/github_repository/qb/pbft/pbft_impl.go:381: Last_sequence_number= 1631346594927851385
[Reply error]2021/09/11 15:49:59.750665 /root/study/github_repository/qb/pbft/pbft_impl.go:382: commit.Sequence_number= 1631346594927851385
【START A NEW PBFT】2021/09/11 15:50:09.254503 /root/study/github_repository/qb/pbft/pbft_impl.go:54: start a new pbft
[Reply error]2021/09/11 15:50:09.260982 /root/study/github_repository/qb/pbft/pbft_impl.go:380: the sequenceID of commit message is wrong!
[Reply error]2021/09/11 15:50:09.260990 /root/study/github_repository/qb/pbft/pbft_impl.go:381: Last_sequence_number= 1631346594927851386
[Reply error]2021/09/11 15:50:09.260993 /root/study/github_repository/qb/pbft/pbft_impl.go:382: commit.Sequence_number= 1631346594927851386
【START A NEW PBFT】2021/09/11 15:50:10.863139 /root/study/github_repository/qb/pbft/pbft_impl.go:54: start a new pbft
[Commit error]2021/09/11 15:50:10.865910 /root/study/github_repository/qb/pbft/pbft_impl.go:273: the sequenceID of prepare message is wrong!
[Commit error]2021/09/11 15:50:10.865921 /root/study/github_repository/qb/pbft/pbft_impl.go:274: Last_sequence_number= 1631346594927851387
[Commit error]2021/09/11 15:50:10.865928 /root/study/github_repository/qb/pbft/pbft_impl.go:275: prepare.Sequence_number= 1631346594927851387
P3-commit2021/09/11 15:50:10.870991 /root/study/github_repository/qb/network/node.go:178: receive a commit message
【START A NEW PBFT】2021/09/11 15:50:12.465224 /root/study/github_repository/qb/pbft/pbft_impl.go:54: start a new pbft
【START A NEW PBFT】2021/09/11 15:50:14.109708 /root/study/github_repository/qb/pbft/pbft_impl.go:54: start a new pbft
[Commit error]2021/09/11 15:50:14.114711 /root/study/github_repository/qb/pbft/pbft_impl.go:273: the sequenceID of prepare message is wrong!
[Commit error]2021/09/11 15:50:14.114716 /root/study/github_repository/qb/pbft/pbft_impl.go:274: Last_sequence_number= 1631346594927851389
[Commit error]2021/09/11 15:50:14.114719 /root/study/github_repository/qb/pbft/pbft_impl.go:275: prepare.Sequence_number= 1631346594927851389
[Reply error]2021/09/11 15:50:14.118492 /root/study/github_repository/qb/pbft/pbft_impl.go:380: the sequenceID of commit message is wrong!
[Reply error]2021/09/11 15:50:14.118496 /root/study/github_repository/qb/pbft/pbft_impl.go:381: Last_sequence_number= 1631346594927851389
[Reply error]2021/09/11 15:50:14.118499 /root/study/github_repository/qb/pbft/pbft_impl.go:382: commit.Sequence_number= 1631346594927851389
