【START A NEW PBFT】2021/09/11 15:41:26.072435 /root/study/github_repository/qb/pbft/pbft_impl.go:54: start a new pbft
【START A NEW PBFT】2021/09/11 15:41:33.710760 /root/study/github_repository/qb/pbft/pbft_impl.go:54: start a new pbft
[Reply error]2021/09/11 15:41:33.745724 /root/study/github_repository/qb/pbft/pbft_impl.go:380: the sequenceID of commit message is wrong!
【START A NEW PBFT】2021/09/11 15:41:41.321266 /root/study/github_repository/qb/pbft/pbft_impl.go:54: start a new pbft
【START A NEW PBFT】2021/09/11 15:41:48.943061 /root/study/github_repository/qb/pbft/pbft_impl.go:54: start a new pbft
【START A NEW PBFT】2021/09/11 15:42:00.779161 /root/study/github_repository/qb/pbft/pbft_impl.go:54: start a new pbft
【START A NEW PBFT】2021/09/11 15:42:08.417460 /root/study/github_repository/qb/pbft/pbft_impl.go:54: start a new pbft
[Commit error]2021/09/11 15:42:08.419735 /root/study/github_repository/qb/pbft/pbft_impl.go:273: the sequenceID of prepare message is wrong!
[Commit error]2021/09/11 15:42:08.419745 /root/study/github_repository/qb/pbft/pbft_impl.go:274: Last_sequence_number= 1631346086069688328
[Commit error]2021/09/11 15:42:08.419749 /root/study/github_repository/qb/pbft/pbft_impl.go:275: prepare.Sequence_number= 1631346086069688328
【START A NEW PBFT】2021/09/11 15:42:16.019936 /root/study/github_repository/qb/pbft/pbft_impl.go:54: start a new pbft
【START A NEW PBFT】2021/09/11 15:42:23.620692 /root/study/github_repository/qb/pbft/pbft_impl.go:54: start a new pbft
【START A NEW PBFT】2021/09/11 15:42:23.620680 /root/study/github_repository/qb/network/node.go:433: [put pre-prepare message into MsgDelivery channel]
【START A NEW PBFT】2021/09/11 15:43:09.308215 /root/study/github_repository/qb/pbft/pbft_impl.go:54: start a new pbft
【START A NEW PBFT】2021/09/11 15:43:09.308215 /root/study/github_repository/qb/network/node.go:433: [put pre-prepare message into MsgDelivery channel]
【START A NEW PBFT】2021/09/11 15:43:16.980879 /root/study/github_repository/qb/pbft/pbft_impl.go:54: start a new pbft
【START A NEW PBFT】2021/09/11 15:43:24.606114 /root/study/github_repository/qb/pbft/pbft_impl.go:54: start a new pbft
【START A NEW PBFT】2021/09/11 15:43:32.210184 /root/study/github_repository/qb/pbft/pbft_impl.go:54: start a new pbft
【START A NEW PBFT】2021/09/11 15:43:54.320921 /root/study/github_repository/qb/pbft/pbft_impl.go:54: start a new pbft
【START A NEW PBFT】2021/09/11 15:44:01.906274 /root/study/github_repository/qb/pbft/pbft_impl.go:54: start a new pbft
【START A NEW PBFT】2021/09/11 15:44:09.480333 /root/study/github_repository/qb/pbft/pbft_impl.go:54: start a new pbft
【START A NEW PBFT】2021/09/11 15:44:17.095667 /root/study/github_repository/qb/pbft/pbft_impl.go:54: start a new pbft
【START A NEW PBFT】2021/09/11 15:45:37.096588 /root/study/github_repository/qb/pbft/pbft_impl.go:54: start a new pbft
【START A NEW PBFT】2021/09/11 15:45:40.721253 /root/study/github_repository/qb/pbft/pbft_impl.go:54: start a new pbft
P4-[broadcast prepare]2021/09/11 15:45:40.743110 /root/study/github_repository/qb/network/node.go:178: receive a commit message
【START A NEW PBFT】2021/09/11 15:45:44.325857 /root/study/github_repository/qb/pbft/pbft_impl.go:54: start a new pbft
【START A NEW PBFT】2021/09/11 15:45:47.929609 /root/study/github_repository/qb/pbft/pbft_impl.go:54: start a new pbft
【START A NEW PBFT】2021/09/11 15:46:07.011519 /root/study/github_repository/qb/network/node.go:433: [put pre-prepare message into MsgDelivery channel]
【START A NEW PBFT】2021/09/11 15:46:07.011523 /root/study/github_repository/qb/pbft/pbft_impl.go:54: start a new pbft
【START A NEW PBFT】2021/09/11 15:46:10.626533 /root/study/github_repository/qb/pbft/pbft_impl.go:54: start a new pbft
【START A NEW PBFT】2021/09/11 15:46:14.234367 /root/study/github_repository/qb/pbft/pbft_impl.go:54: start a new pbft
【START A NEW PBFT】2021/09/11 15:46:17.836865 /root/study/github_repository/qb/pbft/pbft_impl.go:54: start a new pbft
【START A NEW PBFT】2021/09/11 15:46:43.582035 /root/study/github_repository/qb/pbft/pbft_impl.go:54: start a new pbft
【START A NEW PBFT】2021/09/11 15:46:47.211267 /root/study/github_repository/qb/pbft/pbft_impl.go:54: start a new pbft
【START A NEW PBFT】2021/09/11 15:46:50.816559 /root/study/github_repository/qb/pbft/pbft_impl.go:54: start a new pbft
[Commit error]2021/09/11 15:46:50.818884 /root/study/github_repository/qb/pbft/pbft_impl.go:273: the sequenceID of prepare message is wrong!
[Commit error]2021/09/11 15:46:50.818895 /root/study/github_repository/qb/pbft/pbft_impl.go:274: Last_sequence_number= 1631346337093179049
[Commit error]2021/09/11 15:46:50.818901 /root/study/github_repository/qb/pbft/pbft_impl.go:275: prepare.Sequence_number= 1631346337093179049
【START A NEW PBFT】2021/09/11 15:46:54.422630 /root/study/github_repository/qb/pbft/pbft_impl.go:54: start a new pbft
【START A NEW PBFT】2021/09/11 15:47:16.985527 /root/study/github_repository/qb/pbft/pbft_impl.go:54: start a new pbft
P4-commit2021/09/11 15:47:16.993095 /root/study/github_repository/qb/network/node.go:178: receive a commit message
【START A NEW PBFT】2021/09/11 15:47:20.608371 /root/study/github_repository/qb/pbft/pbft_impl.go:54: start a new pbft
【START A NEW PBFT】2021/09/11 15:47:24.218534 /root/study/github_repository/qb/pbft/pbft_impl.go:54: start a new pbft
[Reply error]2021/09/11 15:47:24.225073 /root/study/github_repository/qb/pbft/pbft_impl.go:380: the sequenceID of commit message is wrong!
[Reply error]2021/09/11 15:47:24.225085 /root/study/github_repository/qb/pbft/pbft_impl.go:381: Last_sequence_number= 1631346337093179053
[Reply error]2021/09/11 15:47:24.225090 /root/study/github_repository/qb/pbft/pbft_impl.go:382: commit.Sequence_number= 1631346337093179053
【START A NEW PBFT】2021/09/11 15:47:27.830713 /root/study/github_repository/qb/pbft/pbft_impl.go:54: start a new pbft
[Reply error]2021/09/11 15:47:27.837192 /root/study/github_repository/qb/pbft/pbft_impl.go:380: the sequenceID of commit message is wrong!
[Reply error]2021/09/11 15:47:27.837203 /root/study/github_repository/qb/pbft/pbft_impl.go:381: Last_sequence_number= 1631346337093179054
[Reply error]2021/09/11 15:47:27.837208 /root/study/github_repository/qb/pbft/pbft_impl.go:382: commit.Sequence_number= 1631346337093179054
【START A NEW PBFT】2021/09/11 15:48:04.796924 /root/study/github_repository/qb/pbft/pbft_impl.go:54: start a new pbft
【START A NEW PBFT】2021/09/11 15:48:06.406052 /root/study/github_repository/qb/pbft/pbft_impl.go:54: start a new pbft
【START A NEW PBFT】2021/09/11 15:48:08.043823 /root/study/github_repository/qb/pbft/pbft_impl.go:54: start a new pbft
[Reply error]2021/09/11 15:48:08.051390 /root/study/github_repository/qb/pbft/pbft_impl.go:380: the sequenceID of commit message is wrong!
[Reply error]2021/09/11 15:48:08.051407 /root/study/github_repository/qb/pbft/pbft_impl.go:381: Last_sequence_number= 1631346337093179057
[Reply error]2021/09/11 15:48:08.051412 /root/study/github_repository/qb/pbft/pbft_impl.go:382: commit.Sequence_number= 1631346337093179057
【START A NEW PBFT】2021/09/11 15:48:09.663187 /root/study/github_repository/qb/pbft/pbft_impl.go:54: start a new pbft
P4-commit2021/09/11 15:48:09.669669 /root/study/github_repository/qb/network/node.go:178: receive a commit message
【START A NEW PBFT】2021/09/11 15:48:16.980875 /root/study/github_repository/qb/pbft/pbft_impl.go:54: start a new pbft
【START A NEW PBFT】2021/09/11 15:48:18.576818 /root/study/github_repository/qb/pbft/pbft_impl.go:54: start a new pbft
【START A NEW PBFT】2021/09/11 15:48:20.187526 /root/study/github_repository/qb/pbft/pbft_impl.go:54: start a new pbft
【START A NEW PBFT】2021/09/11 15:48:20.187487 /root/study/github_repository/qb/network/node.go:433: [put pre-prepare message into MsgDelivery channel]
【START A NEW PBFT】2021/09/11 15:48:21.797731 /root/study/github_repository/qb/pbft/pbft_impl.go:54: start a new pbft
【START A NEW PBFT】2021/09/11 15:48:34.264242 /root/study/github_repository/qb/pbft/pbft_impl.go:54: start a new pbft
【START A NEW PBFT】2021/09/11 15:48:35.863130 /root/study/github_repository/qb/pbft/pbft_impl.go:54: start a new pbft
【START A NEW PBFT】2021/09/11 15:48:37.467440 /root/study/github_repository/qb/pbft/pbft_impl.go:54: start a new pbft
[Reply error]2021/09/11 15:48:38.393485 /root/study/github_repository/qb/pbft/pbft_impl.go:380: the sequenceID of commit message is wrong!
[Reply error]2021/09/11 15:48:38.393525 /root/study/github_repository/qb/pbft/pbft_impl.go:381: Last_sequence_number= 1631346337093179065
[Reply error]2021/09/11 15:48:38.393544 /root/study/github_repository/qb/pbft/pbft_impl.go:382: commit.Sequence_number= 1631346337093179065
【START A NEW PBFT】2021/09/11 15:48:39.057771 /root/study/github_repository/qb/pbft/pbft_impl.go:54: start a new pbft
【START A NEW PBFT】2021/09/11 15:49:54.931027 /root/study/github_repository/qb/pbft/pbft_impl.go:54: start a new pbft
【START A NEW PBFT】2021/09/11 15:49:56.532020 /root/study/github_repository/qb/pbft/pbft_impl.go:54: start a new pbft
【START A NEW PBFT】2021/09/11 15:49:58.139464 /root/study/github_repository/qb/pbft/pbft_impl.go:54: start a new pbft
【START A NEW PBFT】2021/09/11 15:49:59.744153 /root/study/github_repository/qb/pbft/pbft_impl.go:54: start a new pbft
【START A NEW PBFT】2021/09/11 15:50:09.254937 /root/study/github_repository/qb/pbft/pbft_impl.go:54: start a new pbft
【START A NEW PBFT】2021/09/11 15:50:10.863456 /root/study/github_repository/qb/pbft/pbft_impl.go:54: start a new pbft
P4-[pbft.PrepareMsg]2021/09/11 15:50:10.868826 /root/study/github_repository/qb/network/node.go:339: [put prepare message into MsgDelivery channel]
[Reply error]2021/09/11 15:50:10.870563 /root/study/github_repository/qb/pbft/pbft_impl.go:380: the sequenceID of commit message is wrong!
[Reply error]2021/09/11 15:50:10.870570 /root/study/github_repository/qb/pbft/pbft_impl.go:381: Last_sequence_number= 1631346594927851387
[Reply error]2021/09/11 15:50:10.870573 /root/study/github_repository/qb/pbft/pbft_impl.go:382: commit.Sequence_number= 1631346594927851387
【START A NEW PBFT】2021/09/11 15:50:12.465562 /root/study/github_repository/qb/pbft/pbft_impl.go:54: start a new pbft
【START A NEW PBFT】2021/09/11 15:50:14.110015 /root/study/github_repository/qb/pbft/pbft_impl.go:54: start a new pbft
