[Prepare error]2021/09/28 21:13:18.292062 /root/study/github_repository/qb/qbtx/qbtx.go:103: verify of tx success
[Prepare error]2021/09/28 21:13:18.292307 /root/study/github_repository/qb/qbtx/qbtx.go:103: verify of tx success
[Prepare error]2021/09/28 21:13:18.292577 /root/study/github_repository/qb/qbtx/qbtx.go:103: verify of tx success
[Commit error]2021/09/28 21:13:18.295982 /root/study/github_repository/qb/qbtx/qbtx.go:103: verify of tx success
[Commit error]2021/09/28 21:13:18.297604 /root/study/github_repository/qb/qbtx/qbtx.go:103: verify of tx success
[Commit error]2021/09/28 21:13:18.297882 /root/study/github_repository/qb/qbtx/qbtx.go:103: verify of tx success
[Commit error]2021/09/28 21:13:18.298153 /root/study/github_repository/qb/qbtx/qbtx.go:103: verify of tx success
[Reply error]2021/09/28 21:13:18.298867 /root/study/github_repository/qb/qbtx/qbtx.go:103: verify of tx success
[Reply error]2021/09/28 21:13:18.300037 /root/study/github_repository/qb/qbtx/qbtx.go:103: verify of tx success
[Reply error]2021/09/28 21:13:18.303021 /root/study/github_repository/qb/qbtx/qbtx.go:103: verify of tx success
[Reply error]2021/09/28 21:13:18.303431 /root/study/github_repository/qb/qbtx/qbtx.go:103: verify of tx success
[Reply error]2021/09/28 21:13:18.303867 /root/study/github_repository/qb/qbtx/qbtx.go:103: verify of tx success
[Prepare error]2021/09/28 21:13:20.291780 /root/study/github_repository/qb/qbtx/qbtx.go:103: verify of tx success
[Commit error]2021/09/28 21:13:20.294249 /root/study/github_repository/qb/qbtx/qbtx.go:103: verify of tx success
[Reply error]2021/09/28 21:13:20.310036 /root/study/github_repository/qb/qbtx/qbtx.go:103: verify of tx success
[Prepare error]2021/09/28 21:14:10.315897 /root/study/github_repository/qb/qbtx/qbtx.go:103: verify of tx success
[Prepare error]2021/09/28 21:14:10.316360 /root/study/github_repository/qb/qbtx/qbtx.go:103: verify of tx success
[Prepare error]2021/09/28 21:14:10.316793 /root/study/github_repository/qb/qbtx/qbtx.go:103: verify of tx success
[Prepare error]2021/09/28 21:14:10.317208 /root/study/github_repository/qb/qbtx/qbtx.go:103: verify of tx success
P2-listen prepare2021/09/28 21:14:10.339226 /root/study/github_repository/qb/qbnode/pbft_network.go:53: receive a prepare message
P2-listen prepare2021/09/28 21:14:10.339226 /root/study/github_repository/qb/pbft/pbft_impl.go:277: the sequenceID of prepare message is wrong!
P2-listen prepare2021/09/28 21:14:10.339388 /root/study/github_repository/qb/pbft/pbft_impl.go:278: Last_sequence_number= 1632834798290061640
P2-listen prepare2021/09/28 21:14:10.339393 /root/study/github_repository/qb/pbft/pbft_impl.go:279: prepare.Sequence_number= 1632834798290061640
【Commit error】2021/09/28 21:14:10.339404 /root/study/github_repository/qb/pbft/pbft_impl.go:224: prepare message is corrupted
[Commit error]2021/09/28 21:14:10.339708 /root/study/github_repository/qb/qbtx/qbtx.go:103: verify of tx success
[Commit error]2021/09/28 21:14:10.339994 /root/study/github_repository/qb/qbtx/qbtx.go:103: verify of tx success
[Commit error]2021/09/28 21:14:10.344341 /root/study/github_repository/qb/qbtx/qbtx.go:103: verify of tx success
[Commit error]2021/09/28 21:14:10.344624 /root/study/github_repository/qb/qbtx/qbtx.go:103: verify of tx success
[Commit error]2021/09/28 21:14:10.344917 /root/study/github_repository/qb/qbtx/qbtx.go:103: verify of tx success
[Commit error]2021/09/28 21:14:10.345252 /root/study/github_repository/qb/qbtx/qbtx.go:103: verify of tx success
[Reply error]2021/09/28 21:14:10.347665 /root/study/github_repository/qb/pbft/pbft_impl.go:365: the sequenceID of commit message is wrong!
【Reply error】2021/09/28 21:14:10.347674 /root/study/github_repository/qb/pbft/pbft_impl.go:326: commit message is corrupted
[Reply error]2021/09/28 21:14:10.347982 /root/study/github_repository/qb/qbtx/qbtx.go:103: verify of tx success
[Reply error]2021/09/28 21:14:10.348233 /root/study/github_repository/qb/qbtx/qbtx.go:103: verify of tx success
[Reply error]2021/09/28 21:14:10.348489 /root/study/github_repository/qb/qbtx/qbtx.go:103: verify of tx success
[Reply error]2021/09/28 21:14:10.348750 /root/study/github_repository/qb/qbtx/qbtx.go:103: verify of tx success
[Reply error]2021/09/28 21:14:10.349251 /root/study/github_repository/qb/qbtx/qbtx.go:103: verify of tx success
[Reply error]2021/09/28 21:14:10.349501 /root/study/github_repository/qb/qbtx/qbtx.go:103: verify of tx success
[Reply error]2021/09/28 21:14:10.349772 /root/study/github_repository/qb/qbtx/qbtx.go:103: verify of tx success
[Reply error]2021/09/28 21:14:10.350063 /root/study/github_repository/qb/qbtx/qbtx.go:103: verify of tx success
[Prepare error]2021/09/28 21:14:18.318326 /root/study/github_repository/qb/qbtx/qbtx.go:103: verify of tx success
[Prepare error]2021/09/28 21:14:18.318613 /root/study/github_repository/qb/qbtx/qbtx.go:103: verify of tx success
[Prepare error]2021/09/28 21:14:18.318930 /root/study/github_repository/qb/qbtx/qbtx.go:103: verify of tx success
[Prepare error]2021/09/28 21:14:18.319190 /root/study/github_repository/qb/qbtx/qbtx.go:103: verify of tx success
[Commit error]2021/09/28 21:14:18.321199 /root/study/github_repository/qb/qbtx/qbtx.go:103: verify of tx success
[Commit error]2021/09/28 21:14:18.321430 /root/study/github_repository/qb/qbtx/qbtx.go:103: verify of tx success
[Commit error]2021/09/28 21:14:18.321657 /root/study/github_repository/qb/qbtx/qbtx.go:103: verify of tx success
[Commit error]2021/09/28 21:14:18.321923 /root/study/github_repository/qb/qbtx/qbtx.go:103: verify of tx success
[Commit error]2021/09/28 21:14:18.322996 /root/study/github_repository/qb/qbtx/qbtx.go:103: verify of tx success
[Commit error]2021/09/28 21:14:18.323281 /root/study/github_repository/qb/qbtx/qbtx.go:103: verify of tx success
[Commit error]2021/09/28 21:14:18.323526 /root/study/github_repository/qb/qbtx/qbtx.go:103: verify of tx success
[Commit error]2021/09/28 21:14:18.323793 /root/study/github_repository/qb/qbtx/qbtx.go:103: verify of tx success
[Reply error]2021/09/28 21:14:18.324105 /root/study/github_repository/qb/pbft/pbft_impl.go:365: the sequenceID of commit message is wrong!
【Reply error】2021/09/28 21:14:18.324113 /root/study/github_repository/qb/pbft/pbft_impl.go:326: commit message is corrupted
[Reply error]2021/09/28 21:14:18.324377 /root/study/github_repository/qb/qbtx/qbtx.go:103: verify of tx success
[Reply error]2021/09/28 21:14:18.325612 /root/study/github_repository/qb/qbtx/qbtx.go:103: verify of tx success
[Reply error]2021/09/28 21:14:18.325861 /root/study/github_repository/qb/qbtx/qbtx.go:103: verify of tx success
[Reply error]2021/09/28 21:14:18.326104 /root/study/github_repository/qb/qbtx/qbtx.go:103: verify of tx success
[Prepare error]2021/09/28 21:14:36.323174 /root/study/github_repository/qb/qbtx/qbtx.go:103: verify of tx success
[Prepare error]2021/09/28 21:14:36.323517 /root/study/github_repository/qb/qbtx/qbtx.go:103: verify of tx success
[Prepare error]2021/09/28 21:14:36.323829 /root/study/github_repository/qb/qbtx/qbtx.go:103: verify of tx success
[Prepare error]2021/09/28 21:14:36.324092 /root/study/github_repository/qb/qbtx/qbtx.go:103: verify of tx success
[Commit error]2021/09/28 21:14:36.327434 /root/study/github_repository/qb/qbtx/qbtx.go:103: verify of tx success
[Commit error]2021/09/28 21:14:36.327792 /root/study/github_repository/qb/qbtx/qbtx.go:103: verify of tx success
[Commit error]2021/09/28 21:14:36.329509 /root/study/github_repository/qb/qbtx/qbtx.go:103: verify of tx success
[Commit error]2021/09/28 21:14:36.329798 /root/study/github_repository/qb/qbtx/qbtx.go:103: verify of tx success
[Reply error]2021/09/28 21:14:36.331736 /root/study/github_repository/qb/pbft/pbft_impl.go:365: the sequenceID of commit message is wrong!
【Reply error】2021/09/28 21:14:36.331770 /root/study/github_repository/qb/pbft/pbft_impl.go:326: commit message is corrupted
[Reply error]2021/09/28 21:14:36.333492 /root/study/github_repository/qb/qbtx/qbtx.go:103: verify of tx success
[Reply error]2021/09/28 21:14:36.335293 /root/study/github_repository/qb/qbtx/qbtx.go:103: verify of tx success
[Reply error]2021/09/28 21:14:36.335571 /root/study/github_repository/qb/qbtx/qbtx.go:103: verify of tx success
[Reply error]2021/09/28 21:14:36.335855 /root/study/github_repository/qb/qbtx/qbtx.go:103: verify of tx success
[Reply error]2021/09/28 21:14:36.336100 /root/study/github_repository/qb/qbtx/qbtx.go:103: verify of tx success
[Prepare error]2021/09/28 21:18:18.412484 /root/study/github_repository/qb/qbtx/qbtx.go:103: verify of tx success
[Prepare error]2021/09/28 21:18:18.412710 /root/study/github_repository/qb/qbtx/qbtx.go:103: verify of tx success
[Prepare error]2021/09/28 21:18:18.413003 /root/study/github_repository/qb/qbtx/qbtx.go:103: verify of tx success
[Prepare error]2021/09/28 21:18:18.413261 /root/study/github_repository/qb/qbtx/qbtx.go:103: verify of tx success
[Commit error]2021/09/28 21:18:18.415679 /root/study/github_repository/qb/qbtx/qbtx.go:103: verify of tx success
[Commit error]2021/09/28 21:18:18.416009 /root/study/github_repository/qb/qbtx/qbtx.go:103: verify of tx success
[Commit error]2021/09/28 21:18:18.416270 /root/study/github_repository/qb/qbtx/qbtx.go:103: verify of tx success
[Commit error]2021/09/28 21:18:18.416511 /root/study/github_repository/qb/qbtx/qbtx.go:103: verify of tx success
[Reply error]2021/09/28 21:18:18.418819 /root/study/github_repository/qb/qbtx/qbtx.go:103: verify of tx success
[Reply error]2021/09/28 21:18:18.419102 /root/study/github_repository/qb/qbtx/qbtx.go:103: verify of tx success
[Reply error]2021/09/28 21:18:18.421764 /root/study/github_repository/qb/qbtx/qbtx.go:103: verify of tx success
[Reply error]2021/09/28 21:18:18.422038 /root/study/github_repository/qb/qbtx/qbtx.go:103: verify of tx success
[Reply error]2021/09/28 21:18:18.422290 /root/study/github_repository/qb/qbtx/qbtx.go:103: verify of tx success
[Reply error]2021/09/28 21:18:18.422547 /root/study/github_repository/qb/qbtx/qbtx.go:103: verify of tx success
[Prepare error]2021/09/28 21:18:26.412887 /root/study/github_repository/qb/qbtx/qbtx.go:103: verify of tx success
[Prepare error]2021/09/28 21:18:26.413128 /root/study/github_repository/qb/qbtx/qbtx.go:103: verify of tx success
[Reply error]2021/09/28 21:18:26.417450 /root/study/github_repository/qb/qbtx/qbtx.go:103: verify of tx success
[Reply error]2021/09/28 21:18:26.418316 /root/study/github_repository/qb/qbtx/qbtx.go:103: verify of tx success
[Reply error]2021/09/28 21:18:26.419704 /root/study/github_repository/qb/qbtx/qbtx.go:103: verify of tx success
[Prepare error]2021/09/28 21:18:42.419106 /root/study/github_repository/qb/qbtx/qbtx.go:103: verify of tx success
[Prepare error]2021/09/28 21:18:42.419388 /root/study/github_repository/qb/qbtx/qbtx.go:103: verify of tx success
[Commit error]2021/09/28 21:18:42.420864 /root/study/github_repository/qb/qbtx/qbtx.go:103: verify of tx success
[Commit error]2021/09/28 21:18:42.422295 /root/study/github_repository/qb/qbtx/qbtx.go:103: verify of tx success
[Commit error]2021/09/28 21:18:42.422602 /root/study/github_repository/qb/qbtx/qbtx.go:103: verify of tx success
[Commit error]2021/09/28 21:18:42.422865 /root/study/github_repository/qb/qbtx/qbtx.go:103: verify of tx success
[Reply error]2021/09/28 21:18:42.426049 /root/study/github_repository/qb/qbtx/qbtx.go:103: verify of tx success
[Reply error]2021/09/28 21:18:42.426336 /root/study/github_repository/qb/qbtx/qbtx.go:103: verify of tx success
[Reply error]2021/09/28 21:18:42.426731 /root/study/github_repository/qb/qbtx/qbtx.go:103: verify of tx success
[Prepare error]2021/09/28 21:18:44.418666 /root/study/github_repository/qb/qbtx/qbtx.go:103: verify of tx success
[Commit error]2021/09/28 21:18:44.421657 /root/study/github_repository/qb/qbtx/qbtx.go:103: verify of tx success
[Reply error]2021/09/28 21:18:44.425598 /root/study/github_repository/qb/qbtx/qbtx.go:103: verify of tx success
[Reply error]2021/09/28 21:18:44.426413 /root/study/github_repository/qb/qbtx/qbtx.go:103: verify of tx success
[Prepare error]2021/09/28 21:19:20.442711 /root/study/github_repository/qb/qbtx/qbtx.go:103: verify of tx success
[Prepare error]2021/09/28 21:19:20.443006 /root/study/github_repository/qb/qbtx/qbtx.go:103: verify of tx success
[Prepare error]2021/09/28 21:19:20.443264 /root/study/github_repository/qb/qbtx/qbtx.go:103: verify of tx success
[Prepare error]2021/09/28 21:19:20.443563 /root/study/github_repository/qb/qbtx/qbtx.go:103: verify of tx success
[Commit error]2021/09/28 21:19:20.452970 /root/study/github_repository/qb/pbft/pbft_impl.go:277: the sequenceID of prepare message is wrong!
[Commit error]2021/09/28 21:19:20.452983 /root/study/github_repository/qb/pbft/pbft_impl.go:278: Last_sequence_number= 1632834798290061647
[Commit error]2021/09/28 21:19:20.452990 /root/study/github_repository/qb/pbft/pbft_impl.go:279: prepare.Sequence_number= 1632834798290061647
【Commit error】2021/09/28 21:19:20.452998 /root/study/github_repository/qb/pbft/pbft_impl.go:224: prepare message is corrupted
[Commit error]2021/09/28 21:19:20.453320 /root/study/github_repository/qb/qbtx/qbtx.go:103: verify of tx success
[Commit error]2021/09/28 21:19:20.453594 /root/study/github_repository/qb/qbtx/qbtx.go:103: verify of tx success
[Commit error]2021/09/28 21:19:20.453907 /root/study/github_repository/qb/qbtx/qbtx.go:103: verify of tx success
[Commit error]2021/09/28 21:19:20.454163 /root/study/github_repository/qb/qbtx/qbtx.go:103: verify of tx success
[Commit error]2021/09/28 21:19:20.455166 /root/study/github_repository/qb/qbtx/qbtx.go:103: verify of tx success
[Commit error]2021/09/28 21:19:20.455422 /root/study/github_repository/qb/qbtx/qbtx.go:103: verify of tx success
[Commit error]2021/09/28 21:19:20.455665 /root/study/github_repository/qb/qbtx/qbtx.go:103: verify of tx success
[Commit error]2021/09/28 21:19:20.455959 /root/study/github_repository/qb/qbtx/qbtx.go:103: verify of tx success
[Reply error]2021/09/28 21:19:20.653851 /root/study/github_repository/qb/qbtx/qbtx.go:103: verify of tx success
[Reply error]2021/09/28 21:19:20.654086 /root/study/github_repository/qb/qbtx/qbtx.go:103: verify of tx success
[Reply error]2021/09/28 21:19:20.654405 /root/study/github_repository/qb/qbtx/qbtx.go:103: verify of tx success
[Reply error]2021/09/28 21:19:20.654637 /root/study/github_repository/qb/qbtx/qbtx.go:103: verify of tx success
[Reply error]2021/09/28 21:19:20.655092 /root/study/github_repository/qb/qbtx/qbtx.go:103: verify of tx success
[Reply error]2021/09/28 21:19:20.655360 /root/study/github_repository/qb/qbtx/qbtx.go:103: verify of tx success
[Reply error]2021/09/28 21:19:20.655609 /root/study/github_repository/qb/qbtx/qbtx.go:103: verify of tx success
[Reply error]2021/09/28 21:19:20.655843 /root/study/github_repository/qb/qbtx/qbtx.go:103: verify of tx success
[Reply error]2021/09/28 21:19:20.656815 /root/study/github_repository/qb/qbtx/qbtx.go:103: verify of tx success
[Reply error]2021/09/28 21:19:20.657091 /root/study/github_repository/qb/qbtx/qbtx.go:103: verify of tx success
[Reply error]2021/09/28 21:19:20.658212 /root/study/github_repository/qb/qbtx/qbtx.go:103: verify of tx success
[Reply error]2021/09/28 21:19:20.658480 /root/study/github_repository/qb/qbtx/qbtx.go:103: verify of tx success
[Prepare error]2021/09/28 21:19:51.356542 /root/study/github_repository/qb/qbtx/qbtx.go:103: verify of tx success
[Prepare error]2021/09/28 21:19:51.356812 /root/study/github_repository/qb/qbtx/qbtx.go:103: verify of tx success
[Prepare error]2021/09/28 21:19:51.357076 /root/study/github_repository/qb/qbtx/qbtx.go:103: verify of tx success
[Prepare error]2021/09/28 21:19:51.357355 /root/study/github_repository/qb/qbtx/qbtx.go:103: verify of tx success
[Commit error]2021/09/28 21:19:51.358803 /root/study/github_repository/qb/qbtx/qbtx.go:103: verify of tx success
[Commit error]2021/09/28 21:19:51.359135 /root/study/github_repository/qb/qbtx/qbtx.go:103: verify of tx success
[Commit error]2021/09/28 21:19:51.359379 /root/study/github_repository/qb/qbtx/qbtx.go:103: verify of tx success
[Commit error]2021/09/28 21:19:51.359695 /root/study/github_repository/qb/qbtx/qbtx.go:103: verify of tx success
[Reply error]2021/09/28 21:19:51.363535 /root/study/github_repository/qb/qbtx/qbtx.go:103: verify of tx success
[Reply error]2021/09/28 21:19:51.363892 /root/study/github_repository/qb/qbtx/qbtx.go:103: verify of tx success
[Reply error]2021/09/28 21:19:51.364186 /root/study/github_repository/qb/qbtx/qbtx.go:103: verify of tx success
[Reply error]2021/09/28 21:19:51.364441 /root/study/github_repository/qb/qbtx/qbtx.go:103: verify of tx success
