[Prepare error]2021/09/28 21:13:18.293740 /root/study/github_repository/qb/qbtx/qbtx.go:103: verify of tx success
[Prepare error]2021/09/28 21:13:18.294007 /root/study/github_repository/qb/qbtx/qbtx.go:103: verify of tx success
[Prepare error]2021/09/28 21:13:18.294252 /root/study/github_repository/qb/qbtx/qbtx.go:103: verify of tx success
[Commit error]2021/09/28 21:13:18.295760 /root/study/github_repository/qb/qbtx/qbtx.go:103: verify of tx success
[Commit error]2021/09/28 21:13:18.296107 /root/study/github_repository/qb/qbtx/qbtx.go:103: verify of tx success
[Commit error]2021/09/28 21:13:18.297579 /root/study/github_repository/qb/qbtx/qbtx.go:103: verify of tx success
[Commit error]2021/09/28 21:13:18.297885 /root/study/github_repository/qb/qbtx/qbtx.go:103: verify of tx success
[Commit error]2021/09/28 21:13:18.298162 /root/study/github_repository/qb/qbtx/qbtx.go:103: verify of tx success
[Reply error]2021/09/28 21:13:18.299162 /root/study/github_repository/qb/qbtx/qbtx.go:103: verify of tx success
[Reply error]2021/09/28 21:13:18.299416 /root/study/github_repository/qb/qbtx/qbtx.go:103: verify of tx success
[Reply error]2021/09/28 21:13:18.300405 /root/study/github_repository/qb/qbtx/qbtx.go:103: verify of tx success
[Prepare error]2021/09/28 21:13:20.292651 /root/study/github_repository/qb/qbtx/qbtx.go:103: verify of tx success
[Commit error]2021/09/28 21:13:20.293948 /root/study/github_repository/qb/qbtx/qbtx.go:103: verify of tx success
[Commit error]2021/09/28 21:13:20.308294 /root/study/github_repository/qb/qbtx/qbtx.go:103: verify of tx success
[Reply error]2021/09/28 21:13:20.309706 /root/study/github_repository/qb/pbft/pbft_impl.go:365: the sequenceID of commit message is wrong!
【Reply error】2021/09/28 21:13:20.309718 /root/study/github_repository/qb/pbft/pbft_impl.go:326: commit message is corrupted
[Reply error]2021/09/28 21:13:20.310080 /root/study/github_repository/qb/qbtx/qbtx.go:103: verify of tx success
[Reply error]2021/09/28 21:13:20.310686 /root/study/github_repository/qb/qbtx/qbtx.go:103: verify of tx success
[Prepare error]2021/09/28 21:14:10.317817 /root/study/github_repository/qb/qbtx/qbtx.go:103: verify of tx success
[Prepare error]2021/09/28 21:14:10.318114 /root/study/github_repository/qb/qbtx/qbtx.go:103: verify of tx success
[Prepare error]2021/09/28 21:14:10.318386 /root/study/github_repository/qb/qbtx/qbtx.go:103: verify of tx success
[Commit error]2021/09/28 21:14:10.358324 /root/study/github_repository/qb/qbtx/qbtx.go:103: verify of tx success
[Commit error]2021/09/28 21:14:10.358571 /root/study/github_repository/qb/qbtx/qbtx.go:103: verify of tx success
[Commit error]2021/09/28 21:14:10.358809 /root/study/github_repository/qb/qbtx/qbtx.go:103: verify of tx success
[Commit error]2021/09/28 21:14:10.359082 /root/study/github_repository/qb/qbtx/qbtx.go:103: verify of tx success
[Commit error]2021/09/28 21:14:10.360108 /root/study/github_repository/qb/qbtx/qbtx.go:103: verify of tx success
[Commit error]2021/09/28 21:14:10.360356 /root/study/github_repository/qb/qbtx/qbtx.go:103: verify of tx success
[Commit error]2021/09/28 21:14:10.360588 /root/study/github_repository/qb/qbtx/qbtx.go:103: verify of tx success
[Commit error]2021/09/28 21:14:10.360815 /root/study/github_repository/qb/qbtx/qbtx.go:103: verify of tx success
[Reply error]2021/09/28 21:14:10.559596 /root/study/github_repository/qb/qbtx/qbtx.go:103: verify of tx success
[Reply error]2021/09/28 21:14:10.559844 /root/study/github_repository/qb/qbtx/qbtx.go:103: verify of tx success
[Reply error]2021/09/28 21:14:10.560069 /root/study/github_repository/qb/qbtx/qbtx.go:103: verify of tx success
[Reply error]2021/09/28 21:14:10.560307 /root/study/github_repository/qb/qbtx/qbtx.go:103: verify of tx success
[Reply error]2021/09/28 21:14:10.560746 /root/study/github_repository/qb/qbtx/qbtx.go:103: verify of tx success
[Reply error]2021/09/28 21:14:10.560973 /root/study/github_repository/qb/qbtx/qbtx.go:103: verify of tx success
[Reply error]2021/09/28 21:14:10.561228 /root/study/github_repository/qb/qbtx/qbtx.go:103: verify of tx success
[Reply error]2021/09/28 21:14:10.561480 /root/study/github_repository/qb/qbtx/qbtx.go:103: verify of tx success
[Reply error]2021/09/28 21:14:10.562435 /root/study/github_repository/qb/qbtx/qbtx.go:103: verify of tx success
[Reply error]2021/09/28 21:14:10.562665 /root/study/github_repository/qb/qbtx/qbtx.go:103: verify of tx success
[Reply error]2021/09/28 21:14:10.562889 /root/study/github_repository/qb/qbtx/qbtx.go:103: verify of tx success
[Reply error]2021/09/28 21:14:10.563154 /root/study/github_repository/qb/qbtx/qbtx.go:103: verify of tx success
[Prepare error]2021/09/28 21:14:18.317674 /root/study/github_repository/qb/qbtx/qbtx.go:103: verify of tx success
[Prepare error]2021/09/28 21:14:18.317951 /root/study/github_repository/qb/qbtx/qbtx.go:103: verify of tx success
[Prepare error]2021/09/28 21:14:18.318211 /root/study/github_repository/qb/qbtx/qbtx.go:103: verify of tx success
[Prepare error]2021/09/28 21:14:18.318467 /root/study/github_repository/qb/qbtx/qbtx.go:103: verify of tx success
[Commit error]2021/09/28 21:14:18.320842 /root/study/github_repository/qb/qbtx/qbtx.go:103: verify of tx success
[Commit error]2021/09/28 21:14:18.322845 /root/study/github_repository/qb/qbtx/qbtx.go:103: verify of tx success
[Commit error]2021/09/28 21:14:18.323156 /root/study/github_repository/qb/qbtx/qbtx.go:103: verify of tx success
[Commit error]2021/09/28 21:14:18.323408 /root/study/github_repository/qb/qbtx/qbtx.go:103: verify of tx success
[Commit error]2021/09/28 21:14:18.323639 /root/study/github_repository/qb/qbtx/qbtx.go:103: verify of tx success
[Reply error]2021/09/28 21:14:18.326691 /root/study/github_repository/qb/qbtx/qbtx.go:103: verify of tx success
[Reply error]2021/09/28 21:14:18.327111 /root/study/github_repository/qb/qbtx/qbtx.go:103: verify of tx success
[Reply error]2021/09/28 21:14:18.327476 /root/study/github_repository/qb/qbtx/qbtx.go:103: verify of tx success
[Reply error]2021/09/28 21:14:18.327774 /root/study/github_repository/qb/qbtx/qbtx.go:103: verify of tx success
[Prepare error]2021/09/28 21:14:36.325196 /root/study/github_repository/qb/qbtx/qbtx.go:103: verify of tx success
[Prepare error]2021/09/28 21:14:36.325499 /root/study/github_repository/qb/qbtx/qbtx.go:103: verify of tx success
[Prepare error]2021/09/28 21:14:36.325800 /root/study/github_repository/qb/qbtx/qbtx.go:103: verify of tx success
[Prepare error]2021/09/28 21:14:36.326031 /root/study/github_repository/qb/qbtx/qbtx.go:103: verify of tx success
[Commit error]2021/09/28 21:14:36.327035 /root/study/github_repository/qb/qbtx/qbtx.go:103: verify of tx success
[Commit error]2021/09/28 21:14:36.327303 /root/study/github_repository/qb/qbtx/qbtx.go:103: verify of tx success
[Commit error]2021/09/28 21:14:36.327562 /root/study/github_repository/qb/qbtx/qbtx.go:103: verify of tx success
[Commit error]2021/09/28 21:14:36.329717 /root/study/github_repository/qb/qbtx/qbtx.go:103: verify of tx success
[Commit error]2021/09/28 21:14:36.329967 /root/study/github_repository/qb/qbtx/qbtx.go:103: verify of tx success
[Commit error]2021/09/28 21:14:36.330223 /root/study/github_repository/qb/qbtx/qbtx.go:103: verify of tx success
[Commit error]2021/09/28 21:14:36.330451 /root/study/github_repository/qb/qbtx/qbtx.go:103: verify of tx success
[Reply error]2021/09/28 21:14:36.331146 /root/study/github_repository/qb/pbft/pbft_impl.go:365: the sequenceID of commit message is wrong!
【Reply error】2021/09/28 21:14:36.331155 /root/study/github_repository/qb/pbft/pbft_impl.go:326: commit message is corrupted
[Reply error]2021/09/28 21:14:36.331425 /root/study/github_repository/qb/qbtx/qbtx.go:103: verify of tx success
[Reply error]2021/09/28 21:14:36.331690 /root/study/github_repository/qb/qbtx/qbtx.go:103: verify of tx success
[Reply error]2021/09/28 21:14:36.332777 /root/study/github_repository/qb/qbtx/qbtx.go:103: verify of tx success
[Reply error]2021/09/28 21:14:36.333026 /root/study/github_repository/qb/qbtx/qbtx.go:103: verify of tx success
[Reply error]2021/09/28 21:14:36.333268 /root/study/github_repository/qb/qbtx/qbtx.go:103: verify of tx success
[Reply error]2021/09/28 21:14:36.334578 /root/study/github_repository/qb/qbtx/qbtx.go:103: verify of tx success
[Reply error]2021/09/28 21:14:36.334824 /root/study/github_repository/qb/qbtx/qbtx.go:103: verify of tx success
[Reply error]2021/09/28 21:14:36.335131 /root/study/github_repository/qb/qbtx/qbtx.go:103: verify of tx success
[Reply error]2021/09/28 21:14:36.335429 /root/study/github_repository/qb/qbtx/qbtx.go:103: verify of tx success
[Prepare error]2021/09/28 21:18:18.413695 /root/study/github_repository/qb/qbtx/qbtx.go:103: verify of tx success
[Prepare error]2021/09/28 21:18:18.413940 /root/study/github_repository/qb/qbtx/qbtx.go:103: verify of tx success
[Prepare error]2021/09/28 21:18:18.414203 /root/study/github_repository/qb/qbtx/qbtx.go:103: verify of tx success
[Prepare error]2021/09/28 21:18:18.414432 /root/study/github_repository/qb/qbtx/qbtx.go:103: verify of tx success
[Commit error]2021/09/28 21:18:18.417434 /root/study/github_repository/qb/qbtx/qbtx.go:103: verify of tx success
[Reply error]2021/09/28 21:18:18.418739 /root/study/github_repository/qb/qbtx/qbtx.go:103: verify of tx success
[Reply error]2021/09/28 21:18:18.419011 /root/study/github_repository/qb/qbtx/qbtx.go:103: verify of tx success
[Reply error]2021/09/28 21:18:18.419263 /root/study/github_repository/qb/qbtx/qbtx.go:103: verify of tx success
[Reply error]2021/09/28 21:18:18.420165 /root/study/github_repository/qb/qbtx/qbtx.go:103: verify of tx success
[Reply error]2021/09/28 21:18:18.422142 /root/study/github_repository/qb/qbtx/qbtx.go:103: verify of tx success
[Reply error]2021/09/28 21:18:18.422435 /root/study/github_repository/qb/qbtx/qbtx.go:103: verify of tx success
[Reply error]2021/09/28 21:18:18.422685 /root/study/github_repository/qb/qbtx/qbtx.go:103: verify of tx success
[Reply error]2021/09/28 21:18:18.422959 /root/study/github_repository/qb/qbtx/qbtx.go:103: verify of tx success
[Prepare error]2021/09/28 21:18:26.414022 /root/study/github_repository/qb/qbtx/qbtx.go:103: verify of tx success
[Prepare error]2021/09/28 21:18:26.414273 /root/study/github_repository/qb/qbtx/qbtx.go:103: verify of tx success
[Commit error]2021/09/28 21:18:26.416676 /root/study/github_repository/qb/qbtx/qbtx.go:103: verify of tx success
[Reply error]2021/09/28 21:18:26.417539 /root/study/github_repository/qb/qbtx/qbtx.go:103: verify of tx success
[Reply error]2021/09/28 21:18:26.417862 /root/study/github_repository/qb/qbtx/qbtx.go:103: verify of tx success
[Reply error]2021/09/28 21:18:26.418915 /root/study/github_repository/qb/qbtx/qbtx.go:103: verify of tx success
[Reply error]2021/09/28 21:18:26.419901 /root/study/github_repository/qb/qbtx/qbtx.go:103: verify of tx success
[Reply error]2021/09/28 21:18:26.420142 /root/study/github_repository/qb/qbtx/qbtx.go:103: verify of tx success
[Prepare error]2021/09/28 21:18:42.418634 /root/study/github_repository/qb/qbtx/qbtx.go:103: verify of tx success
[Prepare error]2021/09/28 21:18:42.418906 /root/study/github_repository/qb/qbtx/qbtx.go:103: verify of tx success
[Prepare error]2021/09/28 21:18:42.419179 /root/study/github_repository/qb/qbtx/qbtx.go:103: verify of tx success
[Commit error]2021/09/28 21:18:42.420941 /root/study/github_repository/qb/qbtx/qbtx.go:103: verify of tx success
[Commit error]2021/09/28 21:18:42.421180 /root/study/github_repository/qb/qbtx/qbtx.go:103: verify of tx success
[Commit error]2021/09/28 21:18:42.421449 /root/study/github_repository/qb/qbtx/qbtx.go:103: verify of tx success
[Reply error]2021/09/28 21:18:42.423536 /root/study/github_repository/qb/qbtx/qbtx.go:103: verify of tx success
[Reply error]2021/09/28 21:18:42.423839 /root/study/github_repository/qb/qbtx/qbtx.go:103: verify of tx success
[Reply error]2021/09/28 21:18:42.424106 /root/study/github_repository/qb/qbtx/qbtx.go:103: verify of tx success
[Reply error]2021/09/28 21:18:42.424667 /root/study/github_repository/qb/qbtx/qbtx.go:103: verify of tx success
[Reply error]2021/09/28 21:18:42.426122 /root/study/github_repository/qb/qbtx/qbtx.go:103: verify of tx success
[Reply error]2021/09/28 21:18:42.426489 /root/study/github_repository/qb/qbtx/qbtx.go:103: verify of tx success
[Reply error]2021/09/28 21:18:42.426790 /root/study/github_repository/qb/qbtx/qbtx.go:103: verify of tx success
[Prepare error]2021/09/28 21:18:44.420281 /root/study/github_repository/qb/qbtx/qbtx.go:103: verify of tx success
[Commit error]2021/09/28 21:18:44.421831 /root/study/github_repository/qb/qbtx/qbtx.go:103: verify of tx success
[Reply error]2021/09/28 21:18:44.425075 /root/study/github_repository/qb/qbtx/qbtx.go:103: verify of tx success
[Reply error]2021/09/28 21:18:44.424712 /root/study/github_repository/qb/qbnode/pbft_network.go:69: receive a commit message
[Reply error]2021/09/28 21:18:44.425956 /root/study/github_repository/qb/qbtx/qbtx.go:103: verify of tx success
[Prepare error]2021/09/28 21:19:20.442320 /root/study/github_repository/qb/qbtx/qbtx.go:103: verify of tx success
[Prepare error]2021/09/28 21:19:20.442623 /root/study/github_repository/qb/qbtx/qbtx.go:103: verify of tx success
[Prepare error]2021/09/28 21:19:20.442905 /root/study/github_repository/qb/qbtx/qbtx.go:103: verify of tx success
[Prepare error]2021/09/28 21:19:20.443166 /root/study/github_repository/qb/qbtx/qbtx.go:103: verify of tx success
[Commit error]2021/09/28 21:19:20.444901 /root/study/github_repository/qb/qbtx/qbtx.go:103: verify of tx success
[Commit error]2021/09/28 21:19:20.445165 /root/study/github_repository/qb/qbtx/qbtx.go:103: verify of tx success
[Commit error]2021/09/28 21:19:20.446588 /root/study/github_repository/qb/qbtx/qbtx.go:103: verify of tx success
[Commit error]2021/09/28 21:19:20.446841 /root/study/github_repository/qb/qbtx/qbtx.go:103: verify of tx success
[Commit error]2021/09/28 21:19:20.447129 /root/study/github_repository/qb/qbtx/qbtx.go:103: verify of tx success
[Commit error]2021/09/28 21:19:20.447421 /root/study/github_repository/qb/qbtx/qbtx.go:103: verify of tx success
[Reply error]2021/09/28 21:19:20.448131 /root/study/github_repository/qb/qbtx/qbtx.go:103: verify of tx success
[Reply error]2021/09/28 21:19:20.448368 /root/study/github_repository/qb/qbtx/qbtx.go:103: verify of tx success
[Prepare error]2021/09/28 21:19:51.355409 /root/study/github_repository/qb/qbtx/qbtx.go:103: verify of tx success
[Prepare error]2021/09/28 21:19:51.355674 /root/study/github_repository/qb/qbtx/qbtx.go:103: verify of tx success
[Prepare error]2021/09/28 21:19:51.355993 /root/study/github_repository/qb/qbtx/qbtx.go:103: verify of tx success
[Prepare error]2021/09/28 21:19:51.356230 /root/study/github_repository/qb/qbtx/qbtx.go:103: verify of tx success
[Commit error]2021/09/28 21:19:51.359984 /root/study/github_repository/qb/qbtx/qbtx.go:103: verify of tx success
[Commit error]2021/09/28 21:19:51.360235 /root/study/github_repository/qb/qbtx/qbtx.go:103: verify of tx success
[Commit error]2021/09/28 21:19:51.360480 /root/study/github_repository/qb/qbtx/qbtx.go:103: verify of tx success
[Commit error]2021/09/28 21:19:51.360763 /root/study/github_repository/qb/qbtx/qbtx.go:103: verify of tx success
[Reply error]2021/09/28 21:19:51.383171 /root/study/github_repository/qb/qbtx/qbtx.go:103: verify of tx success
[Reply error]2021/09/28 21:19:51.383446 /root/study/github_repository/qb/qbtx/qbtx.go:103: verify of tx success
[Reply error]2021/09/28 21:19:51.383784 /root/study/github_repository/qb/qbtx/qbtx.go:103: verify of tx success
[Reply error]2021/09/28 21:19:51.384126 /root/study/github_repository/qb/qbtx/qbtx.go:103: verify of tx success
[Reply error]2021/09/28 21:19:51.384636 /root/study/github_repository/qb/qbtx/qbtx.go:103: verify of tx success
[Reply error]2021/09/28 21:19:51.384903 /root/study/github_repository/qb/qbtx/qbtx.go:103: verify of tx success
[Reply error]2021/09/28 21:19:51.385165 /root/study/github_repository/qb/qbtx/qbtx.go:103: verify of tx success
[Reply error]2021/09/28 21:19:51.385520 /root/study/github_repository/qb/qbtx/qbtx.go:103: verify of tx success
