[Commit error]2021/09/28 14:42:34.599188 /root/study/github_repository/qb/qbtx/qbtx.go:103: verify of tx success
P1-[dispatch PrepareMsg]2021/09/28 14:42:34.601517 /root/study/github_repository/qb/qbnode/routine_dispatchMsg.go:84: [put prepare message into MsgDelivery channel]
P1-[dispatch PrepareMsg]2021/09/28 14:42:34.601728 /root/study/github_repository/qb/qbtx/qbtx.go:103: verify of tx success
[Commit error]2021/09/28 14:59:58.938047 /root/study/github_repository/qb/qbtx/qbtx.go:103: verify of tx success
[Commit error]2021/09/28 14:59:58.940182 /root/study/github_repository/qb/qbtx/qbtx.go:103: verify of tx success
[Reply error]2021/09/28 14:59:58.940973 /root/study/github_repository/qb/qbtx/qbtx.go:103: verify of tx success
[Reply error]2021/09/28 14:59:58.941642 /root/study/github_repository/qb/qbtx/qbtx.go:103: verify of tx success
[Reply error]2021/09/28 14:59:58.942404 /root/study/github_repository/qb/qbtx/qbtx.go:103: verify of tx success
[Commit error]2021/09/28 15:13:42.448840 /root/study/github_repository/qb/qbtx/qbtx.go:103: verify of tx success
[Commit error]2021/09/28 15:13:42.450274 /root/study/github_repository/qb/qbtx/qbtx.go:103: verify of tx success
[Commit error]2021/09/28 15:13:42.451338 /root/study/github_repository/qb/qbtx/qbtx.go:103: verify of tx success
[Reply error]2021/09/28 15:13:42.452059 /root/study/github_repository/qb/qbtx/qbtx.go:103: verify of tx success
[Reply error]2021/09/28 15:13:42.452599 /root/study/github_repository/qb/qbtx/qbtx.go:103: verify of tx success
[Commit error]2021/09/28 15:20:58.341570 /root/study/github_repository/qb/qbtx/qbtx.go:103: verify of tx success
[Commit error]2021/09/28 15:20:58.343175 /root/study/github_repository/qb/qbtx/qbtx.go:103: verify of tx success
[Commit error]2021/09/28 15:21:43.970555 /root/study/github_repository/qb/qbtx/qbtx.go:103: verify of tx success
[Commit error]2021/09/28 15:21:43.971660 /root/study/github_repository/qb/qbtx/qbtx.go:103: verify of tx success
[Reply error]2021/09/28 15:21:43.973671 /root/study/github_repository/qb/qbtx/qbtx.go:103: verify of tx success
[Reply error]2021/09/28 15:21:43.975122 /root/study/github_repository/qb/qbtx/qbtx.go:103: verify of tx success
[Commit error]2021/09/28 15:49:09.656441 /root/study/github_repository/qb/qbtx/qbtx.go:103: verify of tx success
[Commit error]2021/09/28 15:49:09.656712 /root/study/github_repository/qb/qbtx/qbtx.go:103: verify of tx success
[Commit error]2021/09/28 15:49:09.656978 /root/study/github_repository/qb/qbtx/qbtx.go:103: verify of tx success
[Commit error]2021/09/28 15:49:09.657274 /root/study/github_repository/qb/qbtx/qbtx.go:103: verify of tx success
[Commit error]2021/09/28 15:49:09.658423 /root/study/github_repository/qb/qbtx/qbtx.go:103: verify of tx success
[Commit error]2021/09/28 15:49:09.658704 /root/study/github_repository/qb/qbtx/qbtx.go:103: verify of tx success
[Commit error]2021/09/28 15:49:09.658951 /root/study/github_repository/qb/qbtx/qbtx.go:103: verify of tx success
[Commit error]2021/09/28 15:49:09.659184 /root/study/github_repository/qb/qbtx/qbtx.go:103: verify of tx success
[Reply error]2021/09/28 15:49:09.662821 /root/study/github_repository/qb/qbtx/qbtx.go:103: verify of tx success
[Reply error]2021/09/28 15:49:09.663066 /root/study/github_repository/qb/qbtx/qbtx.go:103: verify of tx success
[Reply error]2021/09/28 15:49:09.663338 /root/study/github_repository/qb/qbtx/qbtx.go:103: verify of tx success
[Reply error]2021/09/28 15:49:09.663665 /root/study/github_repository/qb/qbtx/qbtx.go:103: verify of tx success
[Reply error]2021/09/28 15:49:09.664575 /root/study/github_repository/qb/qbtx/qbtx.go:103: verify of tx success
[Reply error]2021/09/28 15:49:09.664848 /root/study/github_repository/qb/qbtx/qbtx.go:103: verify of tx success
[Reply error]2021/09/28 15:49:09.665107 /root/study/github_repository/qb/qbtx/qbtx.go:103: verify of tx success
[Reply error]2021/09/28 15:49:09.665384 /root/study/github_repository/qb/qbtx/qbtx.go:103: verify of tx success
[Commit error]2021/09/28 15:51:41.989354 /root/study/github_repository/qb/qbtx/qbtx.go:103: verify of tx success
[Commit error]2021/09/28 15:51:41.989654 /root/study/github_repository/qb/qbtx/qbtx.go:103: verify of tx success
[Commit error]2021/09/28 15:51:41.989922 /root/study/github_repository/qb/qbtx/qbtx.go:103: verify of tx success
[Commit error]2021/09/28 15:51:41.990181 /root/study/github_repository/qb/qbtx/qbtx.go:103: verify of tx success
[Commit error]2021/09/28 15:51:41.990984 /root/study/github_repository/qb/qbtx/qbtx.go:103: verify of tx success
[Commit error]2021/09/28 15:51:41.991268 /root/study/github_repository/qb/qbtx/qbtx.go:103: verify of tx success
[Commit error]2021/09/28 15:51:41.991527 /root/study/github_repository/qb/qbtx/qbtx.go:103: verify of tx success
[Commit error]2021/09/28 15:51:41.992717 /root/study/github_repository/qb/qbtx/qbtx.go:103: verify of tx success
[Commit error]2021/09/28 15:51:41.993011 /root/study/github_repository/qb/qbtx/qbtx.go:103: verify of tx success
[Commit error]2021/09/28 15:51:41.993280 /root/study/github_repository/qb/qbtx/qbtx.go:103: verify of tx success
[Commit error]2021/09/28 15:51:41.993537 /root/study/github_repository/qb/qbtx/qbtx.go:103: verify of tx success
[Reply error]2021/09/28 15:51:41.995447 /root/study/github_repository/qb/qbtx/qbtx.go:103: verify of tx success
[Reply error]2021/09/28 15:51:41.995711 /root/study/github_repository/qb/qbtx/qbtx.go:103: verify of tx success
[Reply error]2021/09/28 15:51:41.995963 /root/study/github_repository/qb/qbtx/qbtx.go:103: verify of tx success
[Reply error]2021/09/28 15:51:41.996211 /root/study/github_repository/qb/qbtx/qbtx.go:103: verify of tx success
[Reply error]2021/09/28 15:51:41.997164 /root/study/github_repository/qb/qbtx/qbtx.go:103: verify of tx success
[Reply error]2021/09/28 15:51:41.997559 /root/study/github_repository/qb/qbtx/qbtx.go:103: verify of tx success
[Reply error]2021/09/28 15:51:41.997955 /root/study/github_repository/qb/qbtx/qbtx.go:103: verify of tx success
[Reply error]2021/09/28 15:51:47.993150 /root/study/github_repository/qb/qbtx/qbtx.go:103: verify of tx success
[Reply error]2021/09/28 15:51:47.993386 /root/study/github_repository/qb/qbtx/qbtx.go:103: verify of tx success
[Reply error]2021/09/28 15:51:47.993618 /root/study/github_repository/qb/qbtx/qbtx.go:103: verify of tx success
[Reply error]2021/09/28 15:51:47.993903 /root/study/github_repository/qb/qbtx/qbtx.go:103: verify of tx success
[Reply error]2021/09/28 15:51:47.994469 /root/study/github_repository/qb/qbtx/qbtx.go:103: verify of tx success
[Reply error]2021/09/28 15:51:47.994702 /root/study/github_repository/qb/qbtx/qbtx.go:103: verify of tx success
[Reply error]2021/09/28 15:51:47.994949 /root/study/github_repository/qb/qbtx/qbtx.go:103: verify of tx success
[Reply error]2021/09/28 15:51:47.995203 /root/study/github_repository/qb/qbtx/qbtx.go:103: verify of tx success
[Commit error]2021/09/28 15:51:57.996649 /root/study/github_repository/qb/qbtx/qbtx.go:103: verify of tx success
[Commit error]2021/09/28 15:51:57.996897 /root/study/github_repository/qb/qbtx/qbtx.go:103: verify of tx success
[Commit error]2021/09/28 15:51:57.997231 /root/study/github_repository/qb/qbtx/qbtx.go:103: verify of tx success
[Commit error]2021/09/28 15:51:57.997501 /root/study/github_repository/qb/qbtx/qbtx.go:103: verify of tx success
[Commit error]2021/09/28 15:51:57.998174 /root/study/github_repository/qb/qbtx/qbtx.go:103: verify of tx success
[Commit error]2021/09/28 15:51:58.000012 /root/study/github_repository/qb/qbtx/qbtx.go:103: verify of tx success
[Reply error]2021/09/28 15:51:58.002477 /root/study/github_repository/qb/pbft/pbft_impl.go:379: the sequenceID of commit message is wrong!
【Reply error】2021/09/28 15:51:58.002488 /root/study/github_repository/qb/pbft/pbft_impl.go:324: commit message is corrupted
[Reply error]2021/09/28 15:51:58.002750 /root/study/github_repository/qb/qbtx/qbtx.go:103: verify of tx success
[Reply error]2021/09/28 15:51:58.002980 /root/study/github_repository/qb/qbtx/qbtx.go:103: verify of tx success
[Reply error]2021/09/28 15:51:58.003238 /root/study/github_repository/qb/qbtx/qbtx.go:103: verify of tx success
[Reply error]2021/09/28 15:51:58.003995 /root/study/github_repository/qb/qbtx/qbtx.go:103: verify of tx success
[Reply error]2021/09/28 15:51:58.004254 /root/study/github_repository/qb/qbtx/qbtx.go:103: verify of tx success
[Reply error]2021/09/28 15:51:58.004489 /root/study/github_repository/qb/qbtx/qbtx.go:103: verify of tx success
[Reply error]2021/09/28 15:51:58.004746 /root/study/github_repository/qb/qbtx/qbtx.go:103: verify of tx success
[Commit error]2021/09/28 18:53:03.658255 /root/study/github_repository/qb/qbtx/qbtx.go:103: verify of tx success
[Commit error]2021/09/28 18:53:03.659726 /root/study/github_repository/qb/qbtx/qbtx.go:103: verify of tx success
[Commit error]2021/09/28 18:53:03.659998 /root/study/github_repository/qb/qbtx/qbtx.go:103: verify of tx success
[Commit error]2021/09/28 18:53:03.660265 /root/study/github_repository/qb/qbtx/qbtx.go:103: verify of tx success
[Reply error]2021/09/28 18:53:03.663071 /root/study/github_repository/qb/qbtx/qbtx.go:103: verify of tx success
[Reply error]2021/09/28 18:53:03.664496 /root/study/github_repository/qb/qbtx/qbtx.go:103: verify of tx success
[Reply error]2021/09/28 18:53:03.664751 /root/study/github_repository/qb/qbtx/qbtx.go:103: verify of tx success
[Reply error]2021/09/28 18:53:03.666394 /root/study/github_repository/qb/qbtx/qbtx.go:103: verify of tx success
[Reply error]2021/09/28 18:53:03.666747 /root/study/github_repository/qb/qbtx/qbtx.go:103: verify of tx success
[Reply error]2021/09/28 18:53:03.667135 /root/study/github_repository/qb/qbtx/qbtx.go:103: verify of tx success
[Commit error]2021/09/28 18:55:32.919039 /root/study/github_repository/qb/qbtx/qbtx.go:103: verify of tx success
[Reply error]2021/09/28 18:55:32.920489 /root/study/github_repository/qb/qbtx/qbtx.go:103: verify of tx success
[Reply error]2021/09/28 18:55:32.924078 /root/study/github_repository/qb/qbtx/qbtx.go:103: verify of tx success
[Reply error]2021/09/28 18:55:32.924391 /root/study/github_repository/qb/qbtx/qbtx.go:103: verify of tx success
[Reply error]2021/09/28 18:55:32.924682 /root/study/github_repository/qb/qbtx/qbtx.go:103: verify of tx success
[Reply error]2021/09/28 18:55:32.924962 /root/study/github_repository/qb/qbtx/qbtx.go:103: verify of tx success
