[Prepare error]2021/09/28 21:13:18.292798 /root/study/github_repository/qb/qbtx/qbtx.go:103: verify of tx success
[Prepare error]2021/09/28 21:13:18.293076 /root/study/github_repository/qb/qbtx/qbtx.go:103: verify of tx success
[Prepare error]2021/09/28 21:13:18.293392 /root/study/github_repository/qb/qbtx/qbtx.go:103: verify of tx success
[Commit error]2021/09/28 21:13:18.294883 /root/study/github_repository/qb/qbtx/qbtx.go:103: verify of tx success
[Commit error]2021/09/28 21:13:18.295186 /root/study/github_repository/qb/qbtx/qbtx.go:103: verify of tx success
[Commit error]2021/09/28 21:13:18.295473 /root/study/github_repository/qb/qbtx/qbtx.go:103: verify of tx success
[Reply error]2021/09/28 21:13:18.298924 /root/study/github_repository/qb/qbtx/qbtx.go:103: verify of tx success
[Reply error]2021/09/28 21:13:18.299244 /root/study/github_repository/qb/qbtx/qbtx.go:103: verify of tx success
[Reply error]2021/09/28 21:13:18.299634 /root/study/github_repository/qb/qbtx/qbtx.go:103: verify of tx success
[Reply error]2021/09/28 21:13:18.300788 /root/study/github_repository/qb/qbtx/qbtx.go:103: verify of tx success
[Reply error]2021/09/28 21:13:18.301071 /root/study/github_repository/qb/qbtx/qbtx.go:103: verify of tx success
[Reply error]2021/09/28 21:13:18.301329 /root/study/github_repository/qb/qbtx/qbtx.go:103: verify of tx success
[Reply error]2021/09/28 21:13:18.302343 /root/study/github_repository/qb/qbtx/qbtx.go:103: verify of tx success
[Reply error]2021/09/28 21:13:18.302643 /root/study/github_repository/qb/qbtx/qbtx.go:103: verify of tx success
[Reply error]2021/09/28 21:13:18.302961 /root/study/github_repository/qb/qbtx/qbtx.go:103: verify of tx success
[Prepare error]2021/09/28 21:13:20.292221 /root/study/github_repository/qb/qbtx/qbtx.go:103: verify of tx success
[Commit error]2021/09/28 21:13:20.293329 /root/study/github_repository/qb/pbft/pbft_impl.go:277: the sequenceID of prepare message is wrong!
[Commit error]2021/09/28 21:13:20.293338 /root/study/github_repository/qb/pbft/pbft_impl.go:278: Last_sequence_number= 1632834798290061639
[Commit error]2021/09/28 21:13:20.293343 /root/study/github_repository/qb/pbft/pbft_impl.go:279: prepare.Sequence_number= 1632834798290061639
【Commit error】2021/09/28 21:13:20.293350 /root/study/github_repository/qb/pbft/pbft_impl.go:224: prepare message is corrupted
[Commit error]2021/09/28 21:13:20.293721 /root/study/github_repository/qb/qbtx/qbtx.go:103: verify of tx success
[Commit error]2021/09/28 21:13:20.307910 /root/study/github_repository/qb/qbtx/qbtx.go:103: verify of tx success
[Reply error]2021/09/28 21:13:20.310565 /root/study/github_repository/qb/qbtx/qbtx.go:103: verify of tx success
[Prepare error]2021/09/28 21:14:10.317122 /root/study/github_repository/qb/qbtx/qbtx.go:103: verify of tx success
[Prepare error]2021/09/28 21:14:10.317555 /root/study/github_repository/qb/qbtx/qbtx.go:103: verify of tx success
[Prepare error]2021/09/28 21:14:10.317817 /root/study/github_repository/qb/qbtx/qbtx.go:103: verify of tx success
[Prepare error]2021/09/28 21:14:10.318108 /root/study/github_repository/qb/qbtx/qbtx.go:103: verify of tx success
[Commit error]2021/09/28 21:14:10.341925 /root/study/github_repository/qb/qbtx/qbtx.go:103: verify of tx success
[Commit error]2021/09/28 21:14:10.342330 /root/study/github_repository/qb/qbtx/qbtx.go:103: verify of tx success
[Commit error]2021/09/28 21:14:10.342680 /root/study/github_repository/qb/qbtx/qbtx.go:103: verify of tx success
[Commit error]2021/09/28 21:14:10.343014 /root/study/github_repository/qb/qbtx/qbtx.go:103: verify of tx success
[Commit error]2021/09/28 21:14:10.346538 /root/study/github_repository/qb/qbtx/qbtx.go:103: verify of tx success
[Commit error]2021/09/28 21:14:10.346802 /root/study/github_repository/qb/qbtx/qbtx.go:103: verify of tx success
[Commit error]2021/09/28 21:14:10.347112 /root/study/github_repository/qb/qbtx/qbtx.go:103: verify of tx success
[Commit error]2021/09/28 21:14:10.347429 /root/study/github_repository/qb/qbtx/qbtx.go:103: verify of tx success
[Reply error]2021/09/28 21:14:10.360839 /root/study/github_repository/qb/pbft/pbft_impl.go:365: the sequenceID of commit message is wrong!
【Reply error】2021/09/28 21:14:10.360870 /root/study/github_repository/qb/pbft/pbft_impl.go:326: commit message is corrupted
[Reply error]2021/09/28 21:14:10.361149 /root/study/github_repository/qb/qbtx/qbtx.go:103: verify of tx success
[Reply error]2021/09/28 21:14:10.361387 /root/study/github_repository/qb/qbtx/qbtx.go:103: verify of tx success
[Reply error]2021/09/28 21:14:10.361624 /root/study/github_repository/qb/qbtx/qbtx.go:103: verify of tx success
[Reply error]2021/09/28 21:14:10.361867 /root/study/github_repository/qb/qbtx/qbtx.go:103: verify of tx success
[Reply error]2021/09/28 21:14:10.362348 /root/study/github_repository/qb/qbtx/qbtx.go:103: verify of tx success
[Reply error]2021/09/28 21:14:10.362590 /root/study/github_repository/qb/qbtx/qbtx.go:103: verify of tx success
[Reply error]2021/09/28 21:14:10.362828 /root/study/github_repository/qb/qbtx/qbtx.go:103: verify of tx success
[Reply error]2021/09/28 21:14:10.363111 /root/study/github_repository/qb/qbtx/qbtx.go:103: verify of tx success
[Reply error]2021/09/28 21:14:10.364083 /root/study/github_repository/qb/qbtx/qbtx.go:103: verify of tx success
[Reply error]2021/09/28 21:14:10.364327 /root/study/github_repository/qb/qbtx/qbtx.go:103: verify of tx success
[Reply error]2021/09/28 21:14:10.364555 /root/study/github_repository/qb/qbtx/qbtx.go:103: verify of tx success
[Reply error]2021/09/28 21:14:10.364795 /root/study/github_repository/qb/qbtx/qbtx.go:103: verify of tx success
[Prepare error]2021/09/28 21:14:18.318805 /root/study/github_repository/qb/qbtx/qbtx.go:103: verify of tx success
[Prepare error]2021/09/28 21:14:18.319073 /root/study/github_repository/qb/qbtx/qbtx.go:103: verify of tx success
[Prepare error]2021/09/28 21:14:18.319329 /root/study/github_repository/qb/qbtx/qbtx.go:103: verify of tx success
[Prepare error]2021/09/28 21:14:18.319579 /root/study/github_repository/qb/qbtx/qbtx.go:103: verify of tx success
[Commit error]2021/09/28 21:14:18.461939 /root/study/github_repository/qb/qbtx/qbtx.go:103: verify of tx success
[Commit error]2021/09/28 21:14:18.462177 /root/study/github_repository/qb/qbtx/qbtx.go:103: verify of tx success
[Commit error]2021/09/28 21:14:18.462405 /root/study/github_repository/qb/qbtx/qbtx.go:103: verify of tx success
[Commit error]2021/09/28 21:14:18.462680 /root/study/github_repository/qb/qbtx/qbtx.go:103: verify of tx success
[Commit error]2021/09/28 21:14:18.463634 /root/study/github_repository/qb/qbtx/qbtx.go:103: verify of tx success
[Commit error]2021/09/28 21:14:18.463875 /root/study/github_repository/qb/qbtx/qbtx.go:103: verify of tx success
[Commit error]2021/09/28 21:14:18.464104 /root/study/github_repository/qb/qbtx/qbtx.go:103: verify of tx success
[Commit error]2021/09/28 21:14:18.464334 /root/study/github_repository/qb/qbtx/qbtx.go:103: verify of tx success
[Reply error]2021/09/28 21:14:18.663543 /root/study/github_repository/qb/qbtx/qbtx.go:103: verify of tx success
[Reply error]2021/09/28 21:14:18.663784 /root/study/github_repository/qb/qbtx/qbtx.go:103: verify of tx success
[Reply error]2021/09/28 21:14:18.664040 /root/study/github_repository/qb/qbtx/qbtx.go:103: verify of tx success
[Reply error]2021/09/28 21:14:18.664308 /root/study/github_repository/qb/qbtx/qbtx.go:103: verify of tx success
[Reply error]2021/09/28 21:14:18.664778 /root/study/github_repository/qb/qbtx/qbtx.go:103: verify of tx success
[Reply error]2021/09/28 21:14:18.665024 /root/study/github_repository/qb/qbtx/qbtx.go:103: verify of tx success
[Reply error]2021/09/28 21:14:18.665262 /root/study/github_repository/qb/qbtx/qbtx.go:103: verify of tx success
[Reply error]2021/09/28 21:14:18.665489 /root/study/github_repository/qb/qbtx/qbtx.go:103: verify of tx success
[Reply error]2021/09/28 21:14:18.666494 /root/study/github_repository/qb/qbtx/qbtx.go:103: verify of tx success
[Reply error]2021/09/28 21:14:18.666739 /root/study/github_repository/qb/qbtx/qbtx.go:103: verify of tx success
[Reply error]2021/09/28 21:14:18.666996 /root/study/github_repository/qb/qbtx/qbtx.go:103: verify of tx success
[Reply error]2021/09/28 21:14:18.667275 /root/study/github_repository/qb/qbtx/qbtx.go:103: verify of tx success
[Prepare error]2021/09/28 21:14:36.324049 /root/study/github_repository/qb/qbtx/qbtx.go:103: verify of tx success
[Prepare error]2021/09/28 21:14:36.324308 /root/study/github_repository/qb/qbtx/qbtx.go:103: verify of tx success
[Prepare error]2021/09/28 21:14:36.324539 /root/study/github_repository/qb/qbtx/qbtx.go:103: verify of tx success
[Prepare error]2021/09/28 21:14:36.324813 /root/study/github_repository/qb/qbtx/qbtx.go:103: verify of tx success
[Commit error]2021/09/28 21:14:36.327243 /root/study/github_repository/qb/qbtx/qbtx.go:103: verify of tx success
[Commit error]2021/09/28 21:14:36.327540 /root/study/github_repository/qb/qbtx/qbtx.go:103: verify of tx success
[Commit error]2021/09/28 21:14:36.329286 /root/study/github_repository/qb/qbtx/qbtx.go:103: verify of tx success
[Commit error]2021/09/28 21:14:36.329533 /root/study/github_repository/qb/qbtx/qbtx.go:103: verify of tx success
[Commit error]2021/09/28 21:14:36.329807 /root/study/github_repository/qb/qbtx/qbtx.go:103: verify of tx success
[Reply error]2021/09/28 21:14:36.335434 /root/study/github_repository/qb/qbtx/qbtx.go:103: verify of tx success
[Reply error]2021/09/28 21:14:36.335774 /root/study/github_repository/qb/qbtx/qbtx.go:103: verify of tx success
[Reply error]2021/09/28 21:14:36.336071 /root/study/github_repository/qb/qbtx/qbtx.go:103: verify of tx success
[Reply error]2021/09/28 21:14:36.336367 /root/study/github_repository/qb/qbtx/qbtx.go:103: verify of tx success
[Prepare error]2021/09/28 21:18:18.413181 /root/study/github_repository/qb/qbtx/qbtx.go:103: verify of tx success
[Prepare error]2021/09/28 21:18:18.413442 /root/study/github_repository/qb/qbtx/qbtx.go:103: verify of tx success
[Prepare error]2021/09/28 21:18:18.413675 /root/study/github_repository/qb/qbtx/qbtx.go:103: verify of tx success
[Prepare error]2021/09/28 21:18:18.413903 /root/study/github_repository/qb/qbtx/qbtx.go:103: verify of tx success
[Commit error]2021/09/28 21:18:18.415175 /root/study/github_repository/qb/qbtx/qbtx.go:103: verify of tx success
[Commit error]2021/09/28 21:18:18.417011 /root/study/github_repository/qb/qbtx/qbtx.go:103: verify of tx success
[Commit error]2021/09/28 21:18:18.417250 /root/study/github_repository/qb/qbtx/qbtx.go:103: verify of tx success
[Reply error]2021/09/28 21:18:18.418274 /root/study/github_repository/qb/qbtx/qbtx.go:103: verify of tx success
[Reply error]2021/09/28 21:18:18.418510 /root/study/github_repository/qb/qbtx/qbtx.go:103: verify of tx success
[Reply error]2021/09/28 21:18:18.418770 /root/study/github_repository/qb/qbtx/qbtx.go:103: verify of tx success
[Reply error]2021/09/28 21:18:18.419028 /root/study/github_repository/qb/qbtx/qbtx.go:103: verify of tx success
[Reply error]2021/09/28 21:18:18.421782 /root/study/github_repository/qb/qbtx/qbtx.go:103: verify of tx success
[Reply error]2021/09/28 21:18:18.422124 /root/study/github_repository/qb/qbtx/qbtx.go:103: verify of tx success
[Reply error]2021/09/28 21:18:18.422472 /root/study/github_repository/qb/qbtx/qbtx.go:103: verify of tx success
[Reply error]2021/09/28 21:18:18.422785 /root/study/github_repository/qb/qbtx/qbtx.go:103: verify of tx success
[Prepare error]2021/09/28 21:18:26.413288 /root/study/github_repository/qb/qbtx/qbtx.go:103: verify of tx success
[Prepare error]2021/09/28 21:18:26.413538 /root/study/github_repository/qb/qbtx/qbtx.go:103: verify of tx success
[Commit error]2021/09/28 21:18:26.415063 /root/study/github_repository/qb/qbtx/qbtx.go:103: verify of tx success
[Commit error]2021/09/28 21:18:26.416258 /root/study/github_repository/qb/qbtx/qbtx.go:103: verify of tx success
[Reply error]2021/09/28 21:18:26.417200 /root/study/github_repository/qb/qbtx/qbtx.go:103: verify of tx success
[Reply error]2021/09/28 21:18:26.417467 /root/study/github_repository/qb/qbtx/qbtx.go:103: verify of tx success
[Reply error]2021/09/28 21:18:26.418053 /root/study/github_repository/qb/qbtx/qbtx.go:103: verify of tx success
[Reply error]2021/09/28 21:18:26.419171 /root/study/github_repository/qb/qbtx/qbtx.go:103: verify of tx success
[Prepare error]2021/09/28 21:18:42.417725 /root/study/github_repository/qb/qbtx/qbtx.go:103: verify of tx success
[Prepare error]2021/09/28 21:18:42.417957 /root/study/github_repository/qb/qbtx/qbtx.go:103: verify of tx success
[Prepare error]2021/09/28 21:18:42.418210 /root/study/github_repository/qb/qbtx/qbtx.go:103: verify of tx success
[Commit error]2021/09/28 21:18:42.420374 /root/study/github_repository/qb/qbtx/qbtx.go:103: verify of tx success
[Commit error]2021/09/28 21:18:42.420627 /root/study/github_repository/qb/qbtx/qbtx.go:103: verify of tx success
[Commit error]2021/09/28 21:18:42.420861 /root/study/github_repository/qb/qbtx/qbtx.go:103: verify of tx success
[Commit error]2021/09/28 21:18:42.421944 /root/study/github_repository/qb/qbtx/qbtx.go:103: verify of tx success
[Reply error]2021/09/28 21:18:42.423091 /root/study/github_repository/qb/qbtx/qbtx.go:103: verify of tx success
[Reply error]2021/09/28 21:18:42.423373 /root/study/github_repository/qb/qbtx/qbtx.go:103: verify of tx success
[Reply error]2021/09/28 21:18:42.423709 /root/study/github_repository/qb/qbtx/qbtx.go:103: verify of tx success
[Reply error]2021/09/28 21:18:42.425224 /root/study/github_repository/qb/qbtx/qbtx.go:103: verify of tx success
[Reply error]2021/09/28 21:18:42.425492 /root/study/github_repository/qb/qbtx/qbtx.go:103: verify of tx success
[Reply error]2021/09/28 21:18:42.425733 /root/study/github_repository/qb/qbtx/qbtx.go:103: verify of tx success
[Reply error]2021/09/28 21:18:42.426798 /root/study/github_repository/qb/qbtx/qbtx.go:103: verify of tx success
[Reply error]2021/09/28 21:18:42.427133 /root/study/github_repository/qb/qbtx/qbtx.go:103: verify of tx success
[Reply error]2021/09/28 21:18:42.427436 /root/study/github_repository/qb/qbtx/qbtx.go:103: verify of tx success
[Prepare error]2021/09/28 21:18:44.419587 /root/study/github_repository/qb/qbtx/qbtx.go:103: verify of tx success
[Commit error]2021/09/28 21:18:44.421290 /root/study/github_repository/qb/qbtx/qbtx.go:103: verify of tx success
[Reply error]2021/09/28 21:18:44.425075 /root/study/github_repository/qb/qbtx/qbtx.go:103: verify of tx success
[Prepare error]2021/09/28 21:19:20.441611 /root/study/github_repository/qb/qbtx/qbtx.go:103: verify of tx success
[Prepare error]2021/09/28 21:19:20.441872 /root/study/github_repository/qb/qbtx/qbtx.go:103: verify of tx success
[Prepare error]2021/09/28 21:19:20.442105 /root/study/github_repository/qb/qbtx/qbtx.go:103: verify of tx success
[Prepare error]2021/09/28 21:19:20.442350 /root/study/github_repository/qb/qbtx/qbtx.go:103: verify of tx success
[Commit error]2021/09/28 21:19:20.444724 /root/study/github_repository/qb/pbft/pbft_impl.go:277: the sequenceID of prepare message is wrong!
[Commit error]2021/09/28 21:19:20.444731 /root/study/github_repository/qb/pbft/pbft_impl.go:278: Last_sequence_number= 1632834798290061647
[Commit error]2021/09/28 21:19:20.444734 /root/study/github_repository/qb/pbft/pbft_impl.go:279: prepare.Sequence_number= 1632834798290061647
【Commit error】2021/09/28 21:19:20.444740 /root/study/github_repository/qb/pbft/pbft_impl.go:224: prepare message is corrupted
[Commit error]2021/09/28 21:19:20.445036 /root/study/github_repository/qb/qbtx/qbtx.go:103: verify of tx success
[Commit error]2021/09/28 21:19:20.446760 /root/study/github_repository/qb/qbtx/qbtx.go:103: verify of tx success
[Commit error]2021/09/28 21:19:20.447039 /root/study/github_repository/qb/qbtx/qbtx.go:103: verify of tx success
[Reply error]2021/09/28 21:19:20.447842 /root/study/github_repository/qb/pbft/pbft_impl.go:365: the sequenceID of commit message is wrong!
【Reply error】2021/09/28 21:19:20.447850 /root/study/github_repository/qb/pbft/pbft_impl.go:326: commit message is corrupted
[Reply error]2021/09/28 21:19:20.449414 /root/study/github_repository/qb/qbtx/qbtx.go:103: verify of tx success
[Reply error]2021/09/28 21:19:20.449652 /root/study/github_repository/qb/qbtx/qbtx.go:103: verify of tx success
[Reply error]2021/09/28 21:19:20.449908 /root/study/github_repository/qb/qbtx/qbtx.go:103: verify of tx success
[Reply error]2021/09/28 21:19:20.450148 /root/study/github_repository/qb/qbtx/qbtx.go:103: verify of tx success
[Prepare error]2021/09/28 21:19:51.357630 /root/study/github_repository/qb/qbtx/qbtx.go:103: verify of tx success
[Prepare error]2021/09/28 21:19:51.357947 /root/study/github_repository/qb/qbtx/qbtx.go:103: verify of tx success
[Prepare error]2021/09/28 21:19:51.358248 /root/study/github_repository/qb/qbtx/qbtx.go:103: verify of tx success
[Prepare error]2021/09/28 21:19:51.358529 /root/study/github_repository/qb/qbtx/qbtx.go:103: verify of tx success
[Commit error]2021/09/28 21:19:51.476229 /root/study/github_repository/qb/qbtx/qbtx.go:103: verify of tx success
[Commit error]2021/09/28 21:19:51.476480 /root/study/github_repository/qb/qbtx/qbtx.go:103: verify of tx success
[Commit error]2021/09/28 21:19:51.476783 /root/study/github_repository/qb/qbtx/qbtx.go:103: verify of tx success
[Commit error]2021/09/28 21:19:51.477060 /root/study/github_repository/qb/qbtx/qbtx.go:103: verify of tx success
[Commit error]2021/09/28 21:19:51.478051 /root/study/github_repository/qb/qbtx/qbtx.go:103: verify of tx success
[Commit error]2021/09/28 21:19:51.478316 /root/study/github_repository/qb/qbtx/qbtx.go:103: verify of tx success
[Commit error]2021/09/28 21:19:51.478603 /root/study/github_repository/qb/qbtx/qbtx.go:103: verify of tx success
[Commit error]2021/09/28 21:19:51.478947 /root/study/github_repository/qb/qbtx/qbtx.go:103: verify of tx success
[Reply error]2021/09/28 21:19:51.676752 /root/study/github_repository/qb/qbtx/qbtx.go:103: verify of tx success
[Reply error]2021/09/28 21:19:51.677000 /root/study/github_repository/qb/qbtx/qbtx.go:103: verify of tx success
[Reply error]2021/09/28 21:19:51.677279 /root/study/github_repository/qb/qbtx/qbtx.go:103: verify of tx success
[Reply error]2021/09/28 21:19:51.677590 /root/study/github_repository/qb/qbtx/qbtx.go:103: verify of tx success
[Reply error]2021/09/28 21:19:51.678086 /root/study/github_repository/qb/qbtx/qbtx.go:103: verify of tx success
[Reply error]2021/09/28 21:19:51.678343 /root/study/github_repository/qb/qbtx/qbtx.go:103: verify of tx success
[Reply error]2021/09/28 21:19:51.678612 /root/study/github_repository/qb/qbtx/qbtx.go:103: verify of tx success
[Reply error]2021/09/28 21:19:51.678862 /root/study/github_repository/qb/qbtx/qbtx.go:103: verify of tx success
[Reply error]2021/09/28 21:19:51.679965 /root/study/github_repository/qb/qbtx/qbtx.go:103: verify of tx success
[Reply error]2021/09/28 21:19:51.680250 /root/study/github_repository/qb/qbtx/qbtx.go:103: verify of tx success
[Reply error]2021/09/28 21:19:51.680535 /root/study/github_repository/qb/qbtx/qbtx.go:103: verify of tx success
[Reply error]2021/09/28 21:19:51.680806 /root/study/github_repository/qb/qbtx/qbtx.go:103: verify of tx success
