[dispatch PrePrepareMsg]2021/10/11 23:19:52.352236 /root/study/github_repository/pbftconsensus/network/routine_dispatchMsg.go:63: [into pbft]
[dispatch PrepareMsg]2021/10/11 23:19:52.392355 /root/study/github_repository/pbftconsensus/network/routine_dispatchMsg.go:80: [collect enough preparemsg]
[dispatch CommitMsg]2021/10/11 23:19:52.508496 /root/study/github_repository/pbftconsensus/network/routine_dispatchMsg.go:97: [collect enough commitmsg]
[dispatch PrePrepareMsg]2021/10/11 23:22:37.505127 /root/study/github_repository/pbftconsensus/network/routine_dispatchMsg.go:63: [into pbft]
[dispatch PrepareMsg]2021/10/11 23:22:37.541336 /root/study/github_repository/pbftconsensus/network/routine_dispatchMsg.go:80: [collect enough preparemsg]
[dispatch CommitMsg]2021/10/11 23:22:37.667813 /root/study/github_repository/pbftconsensus/network/routine_dispatchMsg.go:97: [collect enough commitmsg]
[dispatch PrePrepareMsg]2021/10/11 23:25:28.727596 /root/study/github_repository/pbftconsensus/network/routine_dispatchMsg.go:63: [into pbft]
[dispatch PrepareMsg]2021/10/11 23:25:28.763196 /root/study/github_repository/pbftconsensus/network/routine_dispatchMsg.go:80: [collect enough preparemsg]
[dispatch CommitMsg]2021/10/11 23:25:28.911166 /root/study/github_repository/pbftconsensus/network/routine_dispatchMsg.go:97: [collect enough commitmsg]
[dispatch PrePrepareMsg]2021/10/11 23:30:51.775073 /root/study/github_repository/pbftconsensus/network/routine_dispatchMsg.go:63: [into pbft]
[dispatch PrepareMsg]2021/10/11 23:30:51.820074 /root/study/github_repository/pbftconsensus/network/routine_dispatchMsg.go:80: [collect enough preparemsg]
[dispatch CommitMsg]2021/10/11 23:30:51.942973 /root/study/github_repository/pbftconsensus/network/routine_dispatchMsg.go:97: [collect enough commitmsg]
[dispatch PrePrepareMsg]2021/10/12 17:07:14.736936 /root/study/github_repository/pbftconsensus/network/routine_dispatchMsg.go:63: [into pbft]
[dispatch PrepareMsg]2021/10/12 17:07:14.758761 /root/study/github_repository/pbftconsensus/network/routine_dispatchMsg.go:80: [collect enough preparemsg]
[dispatch CommitMsg]2021/10/12 17:07:14.846664 /root/study/github_repository/pbftconsensus/network/routine_dispatchMsg.go:97: [collect enough commitmsg]
[dispatch PrePrepareMsg]2021/10/12 17:52:07.130011 /root/study/github_repository/pbftconsensus/network/routine_dispatchMsg.go:63: [into pbft]
[dispatch PrepareMsg]2021/10/12 17:52:07.151002 /root/study/github_repository/pbftconsensus/network/routine_dispatchMsg.go:80: [into prepare]
[dispatch PrepareMsg]2021/10/12 17:52:07.158107 /root/study/github_repository/pbftconsensus/network/routine_dispatchMsg.go:80: [into prepare]
[dispatch PrepareMsg]2021/10/12 17:52:07.165180 /root/study/github_repository/pbftconsensus/network/routine_dispatchMsg.go:80: [into prepare]
[dispatch PrepareMsg]2021/10/12 17:52:07.171386 /root/study/github_repository/pbftconsensus/network/routine_dispatchMsg.go:80: [into prepare]
[dispatch PrepareMsg]2021/10/12 17:52:07.181785 /root/study/github_repository/pbftconsensus/network/routine_dispatchMsg.go:80: [into prepare]
[dispatch PrepareMsg]2021/10/12 17:52:07.186350 /root/study/github_repository/pbftconsensus/network/routine_dispatchMsg.go:80: [into prepare]
[dispatch PrepareMsg]2021/10/12 17:52:07.232386 /root/study/github_repository/pbftconsensus/network/routine_dispatchMsg.go:80: [into prepare]
[dispatch PrepareMsg]2021/10/12 17:52:07.241949 /root/study/github_repository/pbftconsensus/network/routine_dispatchMsg.go:80: [into prepare]
[dispatch PrepareMsg]2021/10/12 17:52:07.255908 /root/study/github_repository/pbftconsensus/network/routine_dispatchMsg.go:80: [into prepare]
[dispatch PrepareMsg]2021/10/12 17:52:07.275814 /root/study/github_repository/pbftconsensus/network/routine_dispatchMsg.go:80: [into prepare]
[dispatch CommitMsg]2021/10/12 17:52:07.283550 /root/study/github_repository/pbftconsensus/network/routine_dispatchMsg.go:95: [into commit]
[dispatch CommitMsg]2021/10/12 17:52:07.314999 /root/study/github_repository/pbftconsensus/network/routine_dispatchMsg.go:95: [into commit]
[dispatch CommitMsg]2021/10/12 17:52:07.319846 /root/study/github_repository/pbftconsensus/network/routine_dispatchMsg.go:95: [into commit]
[dispatch CommitMsg]2021/10/12 17:52:07.337911 /root/study/github_repository/pbftconsensus/network/routine_dispatchMsg.go:95: [into commit]
[dispatch CommitMsg]2021/10/12 17:52:07.342876 /root/study/github_repository/pbftconsensus/network/routine_dispatchMsg.go:95: [into commit]
[dispatch CommitMsg]2021/10/12 17:52:07.348649 /root/study/github_repository/pbftconsensus/network/routine_dispatchMsg.go:95: [into commit]
[dispatch CommitMsg]2021/10/12 17:52:07.353848 /root/study/github_repository/pbftconsensus/network/routine_dispatchMsg.go:95: [into commit]
[dispatch CommitMsg]2021/10/12 17:52:07.360387 /root/study/github_repository/pbftconsensus/network/routine_dispatchMsg.go:95: [into commit]
[dispatch PrePrepareMsg]2021/10/12 17:53:17.181171 /root/study/github_repository/pbftconsensus/network/routine_dispatchMsg.go:63: [into pbft]
[dispatch PrepareMsg]2021/10/12 17:53:17.202381 /root/study/github_repository/pbftconsensus/network/routine_dispatchMsg.go:80: [into prepare]
[dispatch PrepareMsg]2021/10/12 17:53:17.236178 /root/study/github_repository/pbftconsensus/network/routine_dispatchMsg.go:80: [into prepare]
[dispatch PrepareMsg]2021/10/12 17:53:17.236200 /root/study/github_repository/pbftconsensus/network/routine_dispatchMsg.go:80: [into prepare]
[dispatch PrepareMsg]2021/10/12 17:53:17.242362 /root/study/github_repository/pbftconsensus/network/routine_dispatchMsg.go:80: [into prepare]
[dispatch PrepareMsg]2021/10/12 17:53:17.249557 /root/study/github_repository/pbftconsensus/network/routine_dispatchMsg.go:80: [into prepare]
[dispatch PrepareMsg]2021/10/12 17:53:17.263779 /root/study/github_repository/pbftconsensus/network/routine_dispatchMsg.go:80: [into prepare]
[dispatch PrepareMsg]2021/10/12 17:53:17.278897 /root/study/github_repository/pbftconsensus/network/routine_dispatchMsg.go:80: [into prepare]
[dispatch CommitMsg]2021/10/12 17:53:17.289530 /root/study/github_repository/pbftconsensus/network/routine_dispatchMsg.go:95: [into commit]
[dispatch CommitMsg]2021/10/12 17:53:17.300195 /root/study/github_repository/pbftconsensus/network/routine_dispatchMsg.go:95: [into commit]
[dispatch CommitMsg]2021/10/12 17:53:17.306783 /root/study/github_repository/pbftconsensus/network/routine_dispatchMsg.go:95: [into commit]
[dispatch CommitMsg]2021/10/12 17:53:17.319228 /root/study/github_repository/pbftconsensus/network/routine_dispatchMsg.go:95: [into commit]
[dispatch CommitMsg]2021/10/12 17:53:17.319561 /root/study/github_repository/pbftconsensus/network/routine_dispatchMsg.go:95: [into commit]
[dispatch CommitMsg]2021/10/12 17:53:17.325821 /root/study/github_repository/pbftconsensus/network/routine_dispatchMsg.go:95: [into commit]
[dispatch CommitMsg]2021/10/12 17:53:17.353169 /root/study/github_repository/pbftconsensus/network/routine_dispatchMsg.go:95: [into commit]
[dispatch CommitMsg]2021/10/12 17:53:17.372899 /root/study/github_repository/pbftconsensus/network/routine_dispatchMsg.go:95: [into commit]
[dispatch CommitMsg]2021/10/12 17:53:17.379663 /root/study/github_repository/pbftconsensus/network/routine_dispatchMsg.go:95: [into commit]
[dispatch CommitMsg]2021/10/12 17:53:17.391070 /root/study/github_repository/pbftconsensus/network/routine_dispatchMsg.go:95: [into commit]
[dispatch CommitMsg]2021/10/12 17:53:17.395851 /root/study/github_repository/pbftconsensus/network/routine_dispatchMsg.go:95: [into commit]
[dispatch PrePrepareMsg]2021/10/12 17:53:42.202515 /root/study/github_repository/pbftconsensus/network/routine_dispatchMsg.go:63: [into pbft]
[dispatch PrepareMsg]2021/10/12 17:53:42.222201 /root/study/github_repository/pbftconsensus/network/routine_dispatchMsg.go:80: [into prepare]
[dispatch PrepareMsg]2021/10/12 17:53:42.240674 /root/study/github_repository/pbftconsensus/network/routine_dispatchMsg.go:80: [into prepare]
[dispatch PrepareMsg]2021/10/12 17:53:42.248806 /root/study/github_repository/pbftconsensus/network/routine_dispatchMsg.go:80: [into prepare]
[dispatch PrepareMsg]2021/10/12 17:53:42.254087 /root/study/github_repository/pbftconsensus/network/routine_dispatchMsg.go:80: [into prepare]
[dispatch PrepareMsg]2021/10/12 17:53:42.262049 /root/study/github_repository/pbftconsensus/network/routine_dispatchMsg.go:80: [into prepare]
[dispatch PrepareMsg]2021/10/12 17:53:42.268782 /root/study/github_repository/pbftconsensus/network/routine_dispatchMsg.go:80: [into prepare]
[dispatch PrepareMsg]2021/10/12 17:53:42.275027 /root/study/github_repository/pbftconsensus/network/routine_dispatchMsg.go:80: [into prepare]
[dispatch PrepareMsg]2021/10/12 17:53:42.280029 /root/study/github_repository/pbftconsensus/network/routine_dispatchMsg.go:80: [into prepare]
[dispatch CommitMsg]2021/10/12 17:53:42.296026 /root/study/github_repository/pbftconsensus/network/routine_dispatchMsg.go:95: [into commit]
[dispatch CommitMsg]2021/10/12 17:53:42.315920 /root/study/github_repository/pbftconsensus/network/routine_dispatchMsg.go:95: [into commit]
[dispatch CommitMsg]2021/10/12 17:53:42.323894 /root/study/github_repository/pbftconsensus/network/routine_dispatchMsg.go:95: [into commit]
[dispatch CommitMsg]2021/10/12 17:53:42.327436 /root/study/github_repository/pbftconsensus/network/routine_dispatchMsg.go:95: [into commit]
[dispatch CommitMsg]2021/10/12 17:53:42.335675 /root/study/github_repository/pbftconsensus/network/routine_dispatchMsg.go:95: [into commit]
[dispatch CommitMsg]2021/10/12 17:53:42.341143 /root/study/github_repository/pbftconsensus/network/routine_dispatchMsg.go:95: [into commit]
[dispatch CommitMsg]2021/10/12 17:53:42.354067 /root/study/github_repository/pbftconsensus/network/routine_dispatchMsg.go:95: [into commit]
[dispatch CommitMsg]2021/10/12 17:53:42.358916 /root/study/github_repository/pbftconsensus/network/routine_dispatchMsg.go:95: [into commit]
[dispatch CommitMsg]2021/10/12 17:53:42.367199 /root/study/github_repository/pbftconsensus/network/routine_dispatchMsg.go:95: [into commit]
[dispatch PrePrepareMsg]2021/10/12 17:54:07.220158 /root/study/github_repository/pbftconsensus/network/routine_dispatchMsg.go:63: [into pbft]
[dispatch PrepareMsg]2021/10/12 17:54:07.241123 /root/study/github_repository/pbftconsensus/network/routine_dispatchMsg.go:80: [into prepare]
[dispatch PrepareMsg]2021/10/12 17:54:07.273665 /root/study/github_repository/pbftconsensus/network/routine_dispatchMsg.go:80: [into prepare]
[dispatch PrepareMsg]2021/10/12 17:54:07.277249 /root/study/github_repository/pbftconsensus/network/routine_dispatchMsg.go:80: [into prepare]
[dispatch PrepareMsg]2021/10/12 17:54:07.286052 /root/study/github_repository/pbftconsensus/network/routine_dispatchMsg.go:80: [into prepare]
[dispatch PrepareMsg]2021/10/12 17:54:07.296493 /root/study/github_repository/pbftconsensus/network/routine_dispatchMsg.go:80: [into prepare]
[dispatch PrepareMsg]2021/10/12 17:54:07.320736 /root/study/github_repository/pbftconsensus/network/routine_dispatchMsg.go:80: [into prepare]
[dispatch PrepareMsg]2021/10/12 17:54:07.335959 /root/study/github_repository/pbftconsensus/network/routine_dispatchMsg.go:80: [into prepare]
[dispatch CommitMsg]2021/10/12 17:54:07.345090 /root/study/github_repository/pbftconsensus/network/routine_dispatchMsg.go:95: [into commit]
[dispatch CommitMsg]2021/10/12 17:54:07.370527 /root/study/github_repository/pbftconsensus/network/routine_dispatchMsg.go:95: [into commit]
[dispatch CommitMsg]2021/10/12 17:54:07.375147 /root/study/github_repository/pbftconsensus/network/routine_dispatchMsg.go:95: [into commit]
[dispatch CommitMsg]2021/10/12 17:54:07.385545 /root/study/github_repository/pbftconsensus/network/routine_dispatchMsg.go:95: [into commit]
[dispatch CommitMsg]2021/10/12 17:54:07.389185 /root/study/github_repository/pbftconsensus/network/routine_dispatchMsg.go:95: [into commit]
[dispatch CommitMsg]2021/10/12 17:54:07.396350 /root/study/github_repository/pbftconsensus/network/routine_dispatchMsg.go:95: [into commit]
[dispatch CommitMsg]2021/10/12 17:54:07.400038 /root/study/github_repository/pbftconsensus/network/routine_dispatchMsg.go:95: [into commit]
[dispatch CommitMsg]2021/10/12 17:54:07.405044 /root/study/github_repository/pbftconsensus/network/routine_dispatchMsg.go:95: [into commit]
[dispatch CommitMsg]2021/10/12 17:54:07.410656 /root/study/github_repository/pbftconsensus/network/routine_dispatchMsg.go:95: [into commit]
[dispatch PrePrepareMsg]2021/10/12 17:54:35.119676 /root/study/github_repository/pbftconsensus/network/routine_dispatchMsg.go:63: [into pbft]
[dispatch PrepareMsg]2021/10/12 17:54:35.138775 /root/study/github_repository/pbftconsensus/network/routine_dispatchMsg.go:80: [into prepare]
[dispatch PrepareMsg]2021/10/12 17:54:35.176302 /root/study/github_repository/pbftconsensus/network/routine_dispatchMsg.go:80: [into prepare]
[dispatch PrepareMsg]2021/10/12 17:54:35.182111 /root/study/github_repository/pbftconsensus/network/routine_dispatchMsg.go:80: [into prepare]
[dispatch PrepareMsg]2021/10/12 17:54:35.188862 /root/study/github_repository/pbftconsensus/network/routine_dispatchMsg.go:80: [into prepare]
[dispatch PrepareMsg]2021/10/12 17:54:35.195433 /root/study/github_repository/pbftconsensus/network/routine_dispatchMsg.go:80: [into prepare]
[dispatch PrepareMsg]2021/10/12 17:54:35.217600 /root/study/github_repository/pbftconsensus/network/routine_dispatchMsg.go:80: [into prepare]
[dispatch CommitMsg]2021/10/12 17:54:35.228896 /root/study/github_repository/pbftconsensus/network/routine_dispatchMsg.go:95: [into commit]
[dispatch CommitMsg]2021/10/12 17:54:35.236131 /root/study/github_repository/pbftconsensus/network/routine_dispatchMsg.go:95: [into commit]
[dispatch CommitMsg]2021/10/12 17:54:35.240949 /root/study/github_repository/pbftconsensus/network/routine_dispatchMsg.go:95: [into commit]
[dispatch CommitMsg]2021/10/12 17:54:35.259447 /root/study/github_repository/pbftconsensus/network/routine_dispatchMsg.go:95: [into commit]
[dispatch CommitMsg]2021/10/12 17:54:35.263920 /root/study/github_repository/pbftconsensus/network/routine_dispatchMsg.go:95: [into commit]
[dispatch CommitMsg]2021/10/12 17:54:35.270709 /root/study/github_repository/pbftconsensus/network/routine_dispatchMsg.go:95: [into commit]
[dispatch CommitMsg]2021/10/12 17:54:35.280322 /root/study/github_repository/pbftconsensus/network/routine_dispatchMsg.go:95: [into commit]
[dispatch CommitMsg]2021/10/12 17:54:35.284982 /root/study/github_repository/pbftconsensus/network/routine_dispatchMsg.go:95: [into commit]
[dispatch CommitMsg]2021/10/12 17:54:35.306502 /root/study/github_repository/pbftconsensus/network/routine_dispatchMsg.go:95: [into commit]
[dispatch PrePrepareMsg]2021/10/12 17:54:50.141412 /root/study/github_repository/pbftconsensus/network/routine_dispatchMsg.go:63: [into pbft]
[dispatch PrepareMsg]2021/10/12 17:54:50.202361 /root/study/github_repository/pbftconsensus/network/routine_dispatchMsg.go:80: [into prepare]
[dispatch PrepareMsg]2021/10/12 17:54:50.208113 /root/study/github_repository/pbftconsensus/network/routine_dispatchMsg.go:80: [into prepare]
[dispatch PrepareMsg]2021/10/12 17:54:50.220710 /root/study/github_repository/pbftconsensus/network/routine_dispatchMsg.go:80: [into prepare]
[dispatch PrepareMsg]2021/10/12 17:54:50.225424 /root/study/github_repository/pbftconsensus/network/routine_dispatchMsg.go:80: [into prepare]
[dispatch PrepareMsg]2021/10/12 17:54:50.243442 /root/study/github_repository/pbftconsensus/network/routine_dispatchMsg.go:80: [into prepare]
[dispatch CommitMsg]2021/10/12 17:54:50.251978 /root/study/github_repository/pbftconsensus/network/routine_dispatchMsg.go:95: [into commit]
[dispatch CommitMsg]2021/10/12 17:54:50.299956 /root/study/github_repository/pbftconsensus/network/routine_dispatchMsg.go:95: [into commit]
[dispatch CommitMsg]2021/10/12 17:54:50.305747 /root/study/github_repository/pbftconsensus/network/routine_dispatchMsg.go:95: [into commit]
[dispatch CommitMsg]2021/10/12 17:54:50.318084 /root/study/github_repository/pbftconsensus/network/routine_dispatchMsg.go:95: [into commit]
[dispatch CommitMsg]2021/10/12 17:54:50.328225 /root/study/github_repository/pbftconsensus/network/routine_dispatchMsg.go:95: [into commit]
[dispatch CommitMsg]2021/10/12 17:54:50.335049 /root/study/github_repository/pbftconsensus/network/routine_dispatchMsg.go:95: [into commit]
[dispatch CommitMsg]2021/10/12 17:54:50.341120 /root/study/github_repository/pbftconsensus/network/routine_dispatchMsg.go:95: [into commit]
[dispatch CommitMsg]2021/10/12 17:54:50.350684 /root/study/github_repository/pbftconsensus/network/routine_dispatchMsg.go:95: [into commit]
[dispatch CommitMsg]2021/10/12 17:54:50.357305 /root/study/github_repository/pbftconsensus/network/routine_dispatchMsg.go:95: [into commit]
[dispatch CommitMsg]2021/10/12 17:54:50.365518 /root/study/github_repository/pbftconsensus/network/routine_dispatchMsg.go:95: [into commit]
[dispatch CommitMsg]2021/10/12 17:54:50.370499 /root/study/github_repository/pbftconsensus/network/routine_dispatchMsg.go:95: [into commit]
[dispatch PrePrepareMsg]2021/10/12 17:55:00.126322 /root/study/github_repository/pbftconsensus/network/routine_dispatchMsg.go:63: [into pbft]
[dispatch PrepareMsg]2021/10/12 17:55:00.143539 /root/study/github_repository/pbftconsensus/network/routine_dispatchMsg.go:80: [into prepare]
[dispatch PrepareMsg]2021/10/12 17:55:00.161431 /root/study/github_repository/pbftconsensus/network/routine_dispatchMsg.go:80: [into prepare]
[dispatch PrepareMsg]2021/10/12 17:55:00.164928 /root/study/github_repository/pbftconsensus/network/routine_dispatchMsg.go:80: [into prepare]
[dispatch PrepareMsg]2021/10/12 17:55:00.169956 /root/study/github_repository/pbftconsensus/network/routine_dispatchMsg.go:80: [into prepare]
[dispatch PrepareMsg]2021/10/12 17:55:00.176318 /root/study/github_repository/pbftconsensus/network/routine_dispatchMsg.go:80: [into prepare]
[dispatch PrepareMsg]2021/10/12 17:55:00.188518 /root/study/github_repository/pbftconsensus/network/routine_dispatchMsg.go:80: [into prepare]
[dispatch PrepareMsg]2021/10/12 17:55:00.200682 /root/study/github_repository/pbftconsensus/network/routine_dispatchMsg.go:80: [into prepare]
[dispatch PrepareMsg]2021/10/12 17:55:00.205958 /root/study/github_repository/pbftconsensus/network/routine_dispatchMsg.go:80: [into prepare]
[dispatch PrepareMsg]2021/10/12 17:55:00.236693 /root/study/github_repository/pbftconsensus/network/routine_dispatchMsg.go:80: [into prepare]
[dispatch CommitMsg]2021/10/12 17:55:00.245265 /root/study/github_repository/pbftconsensus/network/routine_dispatchMsg.go:95: [into commit]
[dispatch CommitMsg]2021/10/12 17:55:00.260461 /root/study/github_repository/pbftconsensus/network/routine_dispatchMsg.go:95: [into commit]
[dispatch CommitMsg]2021/10/12 17:55:00.266102 /root/study/github_repository/pbftconsensus/network/routine_dispatchMsg.go:95: [into commit]
[dispatch CommitMsg]2021/10/12 17:55:00.271503 /root/study/github_repository/pbftconsensus/network/routine_dispatchMsg.go:95: [into commit]
[dispatch CommitMsg]2021/10/12 17:55:00.292283 /root/study/github_repository/pbftconsensus/network/routine_dispatchMsg.go:95: [into commit]
[dispatch CommitMsg]2021/10/12 17:55:00.300180 /root/study/github_repository/pbftconsensus/network/routine_dispatchMsg.go:95: [into commit]
[dispatch CommitMsg]2021/10/12 17:55:00.309762 /root/study/github_repository/pbftconsensus/network/routine_dispatchMsg.go:95: [into commit]
[dispatch CommitMsg]2021/10/12 17:55:00.319887 /root/study/github_repository/pbftconsensus/network/routine_dispatchMsg.go:95: [into commit]
[dispatch CommitMsg]2021/10/12 17:55:00.325619 /root/study/github_repository/pbftconsensus/network/routine_dispatchMsg.go:95: [into commit]
[dispatch PrePrepareMsg]2021/10/12 17:55:10.137162 /root/study/github_repository/pbftconsensus/network/routine_dispatchMsg.go:63: [into pbft]
[dispatch PrepareMsg]2021/10/12 17:55:10.154164 /root/study/github_repository/pbftconsensus/network/routine_dispatchMsg.go:80: [into prepare]
[dispatch PrepareMsg]2021/10/12 17:55:10.168594 /root/study/github_repository/pbftconsensus/network/routine_dispatchMsg.go:80: [into prepare]
[dispatch PrepareMsg]2021/10/12 17:55:10.174716 /root/study/github_repository/pbftconsensus/network/routine_dispatchMsg.go:80: [into prepare]
[dispatch PrepareMsg]2021/10/12 17:55:10.179950 /root/study/github_repository/pbftconsensus/network/routine_dispatchMsg.go:80: [into prepare]
[dispatch PrepareMsg]2021/10/12 17:55:10.186849 /root/study/github_repository/pbftconsensus/network/routine_dispatchMsg.go:80: [into prepare]
[dispatch PrepareMsg]2021/10/12 17:55:10.198238 /root/study/github_repository/pbftconsensus/network/routine_dispatchMsg.go:80: [into prepare]
[dispatch PrepareMsg]2021/10/12 17:55:10.204138 /root/study/github_repository/pbftconsensus/network/routine_dispatchMsg.go:80: [into prepare]
[dispatch PrepareMsg]2021/10/12 17:55:10.255305 /root/study/github_repository/pbftconsensus/network/routine_dispatchMsg.go:80: [into prepare]
[dispatch PrepareMsg]2021/10/12 17:55:10.272672 /root/study/github_repository/pbftconsensus/network/routine_dispatchMsg.go:80: [into prepare]
[dispatch CommitMsg]2021/10/12 17:55:10.279224 /root/study/github_repository/pbftconsensus/network/routine_dispatchMsg.go:95: [into commit]
[dispatch CommitMsg]2021/10/12 17:55:10.312288 /root/study/github_repository/pbftconsensus/network/routine_dispatchMsg.go:95: [into commit]
[dispatch CommitMsg]2021/10/12 17:55:10.320725 /root/study/github_repository/pbftconsensus/network/routine_dispatchMsg.go:95: [into commit]
[dispatch CommitMsg]2021/10/12 17:55:10.328244 /root/study/github_repository/pbftconsensus/network/routine_dispatchMsg.go:95: [into commit]
[dispatch CommitMsg]2021/10/12 17:55:10.333431 /root/study/github_repository/pbftconsensus/network/routine_dispatchMsg.go:95: [into commit]
[dispatch CommitMsg]2021/10/12 17:55:10.339881 /root/study/github_repository/pbftconsensus/network/routine_dispatchMsg.go:95: [into commit]
[dispatch CommitMsg]2021/10/12 17:55:10.347093 /root/study/github_repository/pbftconsensus/network/routine_dispatchMsg.go:95: [into commit]
[dispatch PrePrepareMsg]2021/10/12 17:55:20.136933 /root/study/github_repository/pbftconsensus/network/routine_dispatchMsg.go:63: [into pbft]
[dispatch PrepareMsg]2021/10/12 17:55:20.159695 /root/study/github_repository/pbftconsensus/network/routine_dispatchMsg.go:80: [into prepare]
[dispatch PrepareMsg]2021/10/12 17:55:20.184519 /root/study/github_repository/pbftconsensus/network/routine_dispatchMsg.go:80: [into prepare]
[dispatch PrepareMsg]2021/10/12 17:55:20.190940 /root/study/github_repository/pbftconsensus/network/routine_dispatchMsg.go:80: [into prepare]
[dispatch PrepareMsg]2021/10/12 17:55:20.204136 /root/study/github_repository/pbftconsensus/network/routine_dispatchMsg.go:80: [into prepare]
[dispatch PrepareMsg]2021/10/12 17:55:20.211323 /root/study/github_repository/pbftconsensus/network/routine_dispatchMsg.go:80: [into prepare]
[dispatch PrepareMsg]2021/10/12 17:55:20.218240 /root/study/github_repository/pbftconsensus/network/routine_dispatchMsg.go:80: [into prepare]
[dispatch PrepareMsg]2021/10/12 17:55:20.250053 /root/study/github_repository/pbftconsensus/network/routine_dispatchMsg.go:80: [into prepare]
[dispatch CommitMsg]2021/10/12 17:55:20.256280 /root/study/github_repository/pbftconsensus/network/routine_dispatchMsg.go:95: [into commit]
[dispatch CommitMsg]2021/10/12 17:55:20.260699 /root/study/github_repository/pbftconsensus/network/routine_dispatchMsg.go:95: [into commit]
[dispatch CommitMsg]2021/10/12 17:55:20.268895 /root/study/github_repository/pbftconsensus/network/routine_dispatchMsg.go:95: [into commit]
[dispatch CommitMsg]2021/10/12 17:55:20.276233 /root/study/github_repository/pbftconsensus/network/routine_dispatchMsg.go:95: [into commit]
[dispatch CommitMsg]2021/10/12 17:55:20.281044 /root/study/github_repository/pbftconsensus/network/routine_dispatchMsg.go:95: [into commit]
[dispatch CommitMsg]2021/10/12 17:55:20.288768 /root/study/github_repository/pbftconsensus/network/routine_dispatchMsg.go:95: [into commit]
[dispatch CommitMsg]2021/10/12 17:55:20.295143 /root/study/github_repository/pbftconsensus/network/routine_dispatchMsg.go:95: [into commit]
[dispatch CommitMsg]2021/10/12 17:55:20.301417 /root/study/github_repository/pbftconsensus/network/routine_dispatchMsg.go:95: [into commit]
[dispatch CommitMsg]2021/10/12 17:55:20.313684 /root/study/github_repository/pbftconsensus/network/routine_dispatchMsg.go:95: [into commit]
[dispatch CommitMsg]2021/10/12 17:55:20.319822 /root/study/github_repository/pbftconsensus/network/routine_dispatchMsg.go:95: [into commit]
[dispatch PrePrepareMsg]2021/10/12 17:55:30.141910 /root/study/github_repository/pbftconsensus/network/routine_dispatchMsg.go:63: [into pbft]
[dispatch PrepareMsg]2021/10/12 17:55:30.160460 /root/study/github_repository/pbftconsensus/network/routine_dispatchMsg.go:80: [into prepare]
[dispatch PrepareMsg]2021/10/12 17:55:30.179451 /root/study/github_repository/pbftconsensus/network/routine_dispatchMsg.go:80: [into prepare]
[dispatch PrepareMsg]2021/10/12 17:55:30.187237 /root/study/github_repository/pbftconsensus/network/routine_dispatchMsg.go:80: [into prepare]
[dispatch PrepareMsg]2021/10/12 17:55:30.198209 /root/study/github_repository/pbftconsensus/network/routine_dispatchMsg.go:80: [into prepare]
[dispatch PrepareMsg]2021/10/12 17:55:30.202494 /root/study/github_repository/pbftconsensus/network/routine_dispatchMsg.go:80: [into prepare]
[dispatch PrepareMsg]2021/10/12 17:55:30.208354 /root/study/github_repository/pbftconsensus/network/routine_dispatchMsg.go:80: [into prepare]
[dispatch PrepareMsg]2021/10/12 17:55:30.217765 /root/study/github_repository/pbftconsensus/network/routine_dispatchMsg.go:80: [into prepare]
[dispatch PrepareMsg]2021/10/12 17:55:30.245778 /root/study/github_repository/pbftconsensus/network/routine_dispatchMsg.go:80: [into prepare]
[dispatch CommitMsg]2021/10/12 17:55:30.251813 /root/study/github_repository/pbftconsensus/network/routine_dispatchMsg.go:95: [into commit]
[dispatch CommitMsg]2021/10/12 17:55:30.261773 /root/study/github_repository/pbftconsensus/network/routine_dispatchMsg.go:95: [into commit]
[dispatch CommitMsg]2021/10/12 17:55:30.272413 /root/study/github_repository/pbftconsensus/network/routine_dispatchMsg.go:95: [into commit]
[dispatch CommitMsg]2021/10/12 17:55:30.278551 /root/study/github_repository/pbftconsensus/network/routine_dispatchMsg.go:95: [into commit]
[dispatch CommitMsg]2021/10/12 17:55:30.285557 /root/study/github_repository/pbftconsensus/network/routine_dispatchMsg.go:95: [into commit]
[dispatch CommitMsg]2021/10/12 17:55:30.289910 /root/study/github_repository/pbftconsensus/network/routine_dispatchMsg.go:95: [into commit]
[dispatch CommitMsg]2021/10/12 17:55:30.297539 /root/study/github_repository/pbftconsensus/network/routine_dispatchMsg.go:95: [into commit]
[dispatch CommitMsg]2021/10/12 17:55:30.319440 /root/study/github_repository/pbftconsensus/network/routine_dispatchMsg.go:95: [into commit]
[dispatch CommitMsg]2021/10/12 17:55:30.335406 /root/study/github_repository/pbftconsensus/network/routine_dispatchMsg.go:95: [into commit]
[dispatch CommitMsg]2021/10/12 17:55:30.340420 /root/study/github_repository/pbftconsensus/network/routine_dispatchMsg.go:95: [into commit]
[dispatch CommitMsg]2021/10/12 17:55:30.346553 /root/study/github_repository/pbftconsensus/network/routine_dispatchMsg.go:95: [into commit]
[dispatch PrePrepareMsg]2021/10/12 17:55:40.142750 /root/study/github_repository/pbftconsensus/network/routine_dispatchMsg.go:63: [into pbft]
[dispatch PrepareMsg]2021/10/12 17:55:40.158157 /root/study/github_repository/pbftconsensus/network/routine_dispatchMsg.go:80: [into prepare]
[dispatch PrepareMsg]2021/10/12 17:55:40.170948 /root/study/github_repository/pbftconsensus/network/routine_dispatchMsg.go:80: [into prepare]
[dispatch PrepareMsg]2021/10/12 17:55:40.179775 /root/study/github_repository/pbftconsensus/network/routine_dispatchMsg.go:80: [into prepare]
[dispatch PrepareMsg]2021/10/12 17:55:40.184181 /root/study/github_repository/pbftconsensus/network/routine_dispatchMsg.go:80: [into prepare]
[dispatch PrepareMsg]2021/10/12 17:55:40.186974 /root/study/github_repository/pbftconsensus/network/routine_dispatchMsg.go:80: [into prepare]
[dispatch PrepareMsg]2021/10/12 17:55:40.192483 /root/study/github_repository/pbftconsensus/network/routine_dispatchMsg.go:80: [into prepare]
[dispatch PrepareMsg]2021/10/12 17:55:40.207323 /root/study/github_repository/pbftconsensus/network/routine_dispatchMsg.go:80: [into prepare]
[dispatch PrepareMsg]2021/10/12 17:55:40.213741 /root/study/github_repository/pbftconsensus/network/routine_dispatchMsg.go:80: [into prepare]
[dispatch PrepareMsg]2021/10/12 17:55:40.213757 /root/study/github_repository/pbftconsensus/network/routine_dispatchMsg.go:80: [into prepare]
[dispatch PrepareMsg]2021/10/12 17:55:40.227754 /root/study/github_repository/pbftconsensus/network/routine_dispatchMsg.go:80: [into prepare]
[dispatch CommitMsg]2021/10/12 17:55:40.231819 /root/study/github_repository/pbftconsensus/network/routine_dispatchMsg.go:95: [into commit]
[dispatch CommitMsg]2021/10/12 17:55:40.236825 /root/study/github_repository/pbftconsensus/network/routine_dispatchMsg.go:95: [into commit]
[dispatch CommitMsg]2021/10/12 17:55:40.243075 /root/study/github_repository/pbftconsensus/network/routine_dispatchMsg.go:95: [into commit]
[dispatch CommitMsg]2021/10/12 17:55:40.246657 /root/study/github_repository/pbftconsensus/network/routine_dispatchMsg.go:95: [into commit]
[dispatch CommitMsg]2021/10/12 17:55:40.253325 /root/study/github_repository/pbftconsensus/network/routine_dispatchMsg.go:95: [into commit]
[dispatch CommitMsg]2021/10/12 17:55:40.257168 /root/study/github_repository/pbftconsensus/network/routine_dispatchMsg.go:95: [into commit]
[dispatch CommitMsg]2021/10/12 17:55:40.260702 /root/study/github_repository/pbftconsensus/network/routine_dispatchMsg.go:95: [into commit]
[dispatch CommitMsg]2021/10/12 17:55:40.264021 /root/study/github_repository/pbftconsensus/network/routine_dispatchMsg.go:95: [into commit]
[dispatch CommitMsg]2021/10/12 17:55:40.266933 /root/study/github_repository/pbftconsensus/network/routine_dispatchMsg.go:95: [into commit]
[dispatch CommitMsg]2021/10/12 17:55:40.271317 /root/study/github_repository/pbftconsensus/network/routine_dispatchMsg.go:95: [into commit]
[dispatch CommitMsg]2021/10/12 17:55:40.280549 /root/study/github_repository/pbftconsensus/network/routine_dispatchMsg.go:95: [into commit]
[dispatch PrePrepareMsg]2021/10/12 18:00:20.476679 /root/study/github_repository/pbftconsensus/network/routine_dispatchMsg.go:63: [into pbft]
[dispatch PrepareMsg]2021/10/12 18:00:20.505133 /root/study/github_repository/pbftconsensus/network/routine_dispatchMsg.go:80: [into prepare]
[dispatch PrepareMsg]2021/10/12 18:00:20.545820 /root/study/github_repository/pbftconsensus/network/routine_dispatchMsg.go:80: [into prepare]
[dispatch PrepareMsg]2021/10/12 18:00:20.545840 /root/study/github_repository/pbftconsensus/network/routine_dispatchMsg.go:80: [into prepare]
[dispatch PrepareMsg]2021/10/12 18:00:20.549959 /root/study/github_repository/pbftconsensus/network/routine_dispatchMsg.go:80: [into prepare]
[dispatch PrepareMsg]2021/10/12 18:00:20.567115 /root/study/github_repository/pbftconsensus/network/routine_dispatchMsg.go:80: [into prepare]
[dispatch CommitMsg]2021/10/12 18:00:20.569924 /root/study/github_repository/pbftconsensus/network/routine_dispatchMsg.go:95: [into commit]
[dispatch CommitMsg]2021/10/12 18:00:20.573816 /root/study/github_repository/pbftconsensus/network/routine_dispatchMsg.go:95: [into commit]
[dispatch CommitMsg]2021/10/12 18:00:20.576746 /root/study/github_repository/pbftconsensus/network/routine_dispatchMsg.go:95: [into commit]
[dispatch CommitMsg]2021/10/12 18:00:20.580342 /root/study/github_repository/pbftconsensus/network/routine_dispatchMsg.go:95: [into commit]
[dispatch CommitMsg]2021/10/12 18:00:20.583887 /root/study/github_repository/pbftconsensus/network/routine_dispatchMsg.go:95: [into commit]
[dispatch CommitMsg]2021/10/12 18:00:20.589401 /root/study/github_repository/pbftconsensus/network/routine_dispatchMsg.go:95: [into commit]
[dispatch CommitMsg]2021/10/12 18:00:20.592956 /root/study/github_repository/pbftconsensus/network/routine_dispatchMsg.go:95: [into commit]
[dispatch CommitMsg]2021/10/12 18:00:20.596340 /root/study/github_repository/pbftconsensus/network/routine_dispatchMsg.go:95: [into commit]
[dispatch CommitMsg]2021/10/12 18:00:20.600830 /root/study/github_repository/pbftconsensus/network/routine_dispatchMsg.go:95: [into commit]
[dispatch CommitMsg]2021/10/12 18:00:20.605057 /root/study/github_repository/pbftconsensus/network/routine_dispatchMsg.go:95: [into commit]
[dispatch PrePrepareMsg]2021/10/12 18:00:35.479176 /root/study/github_repository/pbftconsensus/network/routine_dispatchMsg.go:63: [into pbft]
[dispatch PrepareMsg]2021/10/12 18:00:35.495137 /root/study/github_repository/pbftconsensus/network/routine_dispatchMsg.go:80: [into prepare]
[dispatch PrepareMsg]2021/10/12 18:00:35.506268 /root/study/github_repository/pbftconsensus/network/routine_dispatchMsg.go:80: [into prepare]
[dispatch PrepareMsg]2021/10/12 18:00:35.510486 /root/study/github_repository/pbftconsensus/network/routine_dispatchMsg.go:80: [into prepare]
[dispatch PrepareMsg]2021/10/12 18:00:35.512807 /root/study/github_repository/pbftconsensus/network/routine_dispatchMsg.go:80: [into prepare]
[dispatch PrepareMsg]2021/10/12 18:00:35.516312 /root/study/github_repository/pbftconsensus/network/routine_dispatchMsg.go:80: [into prepare]
[dispatch PrepareMsg]2021/10/12 18:00:35.520661 /root/study/github_repository/pbftconsensus/network/routine_dispatchMsg.go:80: [into prepare]
[dispatch PrepareMsg]2021/10/12 18:00:35.523423 /root/study/github_repository/pbftconsensus/network/routine_dispatchMsg.go:80: [into prepare]
[dispatch PrepareMsg]2021/10/12 18:00:35.539115 /root/study/github_repository/pbftconsensus/network/routine_dispatchMsg.go:80: [into prepare]
[dispatch CommitMsg]2021/10/12 18:00:35.542142 /root/study/github_repository/pbftconsensus/network/routine_dispatchMsg.go:95: [into commit]
[dispatch CommitMsg]2021/10/12 18:00:35.546347 /root/study/github_repository/pbftconsensus/network/routine_dispatchMsg.go:95: [into commit]
[dispatch CommitMsg]2021/10/12 18:00:35.558680 /root/study/github_repository/pbftconsensus/network/routine_dispatchMsg.go:95: [into commit]
[dispatch CommitMsg]2021/10/12 18:00:35.564435 /root/study/github_repository/pbftconsensus/network/routine_dispatchMsg.go:95: [into commit]
[dispatch CommitMsg]2021/10/12 18:00:35.574064 /root/study/github_repository/pbftconsensus/network/routine_dispatchMsg.go:95: [into commit]
[dispatch CommitMsg]2021/10/12 18:00:35.579846 /root/study/github_repository/pbftconsensus/network/routine_dispatchMsg.go:95: [into commit]
[dispatch CommitMsg]2021/10/12 18:00:35.583267 /root/study/github_repository/pbftconsensus/network/routine_dispatchMsg.go:95: [into commit]
[dispatch CommitMsg]2021/10/12 18:00:35.597103 /root/study/github_repository/pbftconsensus/network/routine_dispatchMsg.go:95: [into commit]
[dispatch CommitMsg]2021/10/12 18:00:35.602653 /root/study/github_repository/pbftconsensus/network/routine_dispatchMsg.go:95: [into commit]
[dispatch CommitMsg]2021/10/12 18:00:35.608991 /root/study/github_repository/pbftconsensus/network/routine_dispatchMsg.go:95: [into commit]
[dispatch PrePrepareMsg]2021/10/12 18:01:43.358953 /root/study/github_repository/pbftconsensus/network/routine_dispatchMsg.go:63: [into pbft]
[dispatch PrepareMsg]2021/10/12 18:01:43.384827 /root/study/github_repository/pbftconsensus/network/routine_dispatchMsg.go:80: [into prepare]
[dispatch PrepareMsg]2021/10/12 18:01:43.408639 /root/study/github_repository/pbftconsensus/network/routine_dispatchMsg.go:80: [into prepare]
[dispatch PrepareMsg]2021/10/12 18:01:43.413221 /root/study/github_repository/pbftconsensus/network/routine_dispatchMsg.go:80: [into prepare]
[dispatch PrepareMsg]2021/10/12 18:01:43.418860 /root/study/github_repository/pbftconsensus/network/routine_dispatchMsg.go:80: [into prepare]
[dispatch PrepareMsg]2021/10/12 18:01:43.441231 /root/study/github_repository/pbftconsensus/network/routine_dispatchMsg.go:80: [into prepare]
[dispatch PrepareMsg]2021/10/12 18:01:43.447020 /root/study/github_repository/pbftconsensus/network/routine_dispatchMsg.go:80: [into prepare]
[dispatch PrepareMsg]2021/10/12 18:01:43.457385 /root/study/github_repository/pbftconsensus/network/routine_dispatchMsg.go:80: [into prepare]
[dispatch PrepareMsg]2021/10/12 18:01:43.477758 /root/study/github_repository/pbftconsensus/network/routine_dispatchMsg.go:80: [into prepare]
[dispatch CommitMsg]2021/10/12 18:01:43.484690 /root/study/github_repository/pbftconsensus/network/routine_dispatchMsg.go:95: [into commit]
[dispatch CommitMsg]2021/10/12 18:01:43.496925 /root/study/github_repository/pbftconsensus/network/routine_dispatchMsg.go:95: [into commit]
[dispatch CommitMsg]2021/10/12 18:01:43.505519 /root/study/github_repository/pbftconsensus/network/routine_dispatchMsg.go:95: [into commit]
[dispatch CommitMsg]2021/10/12 18:01:43.512459 /root/study/github_repository/pbftconsensus/network/routine_dispatchMsg.go:95: [into commit]
[dispatch CommitMsg]2021/10/12 18:01:43.518754 /root/study/github_repository/pbftconsensus/network/routine_dispatchMsg.go:95: [into commit]
[dispatch CommitMsg]2021/10/12 18:01:43.527408 /root/study/github_repository/pbftconsensus/network/routine_dispatchMsg.go:95: [into commit]
[dispatch CommitMsg]2021/10/12 18:01:43.536131 /root/study/github_repository/pbftconsensus/network/routine_dispatchMsg.go:95: [into commit]
[dispatch CommitMsg]2021/10/12 18:01:43.548088 /root/study/github_repository/pbftconsensus/network/routine_dispatchMsg.go:95: [into commit]
[dispatch CommitMsg]2021/10/12 18:01:43.562720 /root/study/github_repository/pbftconsensus/network/routine_dispatchMsg.go:95: [into commit]
[dispatch CommitMsg]2021/10/12 18:01:43.571815 /root/study/github_repository/pbftconsensus/network/routine_dispatchMsg.go:95: [into commit]
[dispatch PrePrepareMsg]2021/10/12 18:01:53.363938 /root/study/github_repository/pbftconsensus/network/routine_dispatchMsg.go:63: [into pbft]
[dispatch PrepareMsg]2021/10/12 18:01:53.381110 /root/study/github_repository/pbftconsensus/network/routine_dispatchMsg.go:80: [into prepare]
[dispatch PrepareMsg]2021/10/12 18:01:53.402394 /root/study/github_repository/pbftconsensus/network/routine_dispatchMsg.go:80: [into prepare]
[dispatch PrepareMsg]2021/10/12 18:01:53.408307 /root/study/github_repository/pbftconsensus/network/routine_dispatchMsg.go:80: [into prepare]
[dispatch PrepareMsg]2021/10/12 18:01:53.413981 /root/study/github_repository/pbftconsensus/network/routine_dispatchMsg.go:80: [into prepare]
[dispatch PrepareMsg]2021/10/12 18:01:53.419145 /root/study/github_repository/pbftconsensus/network/routine_dispatchMsg.go:80: [into prepare]
[dispatch PrepareMsg]2021/10/12 18:01:53.430528 /root/study/github_repository/pbftconsensus/network/routine_dispatchMsg.go:80: [into prepare]
[dispatch PrepareMsg]2021/10/12 18:01:53.435157 /root/study/github_repository/pbftconsensus/network/routine_dispatchMsg.go:80: [into prepare]
[dispatch PrepareMsg]2021/10/12 18:01:53.440521 /root/study/github_repository/pbftconsensus/network/routine_dispatchMsg.go:80: [into prepare]
[dispatch PrepareMsg]2021/10/12 18:01:53.456700 /root/study/github_repository/pbftconsensus/network/routine_dispatchMsg.go:80: [into prepare]
[dispatch CommitMsg]2021/10/12 18:01:53.463835 /root/study/github_repository/pbftconsensus/network/routine_dispatchMsg.go:95: [into commit]
[dispatch CommitMsg]2021/10/12 18:01:53.469458 /root/study/github_repository/pbftconsensus/network/routine_dispatchMsg.go:95: [into commit]
[dispatch CommitMsg]2021/10/12 18:01:53.475121 /root/study/github_repository/pbftconsensus/network/routine_dispatchMsg.go:95: [into commit]
[dispatch CommitMsg]2021/10/12 18:01:53.480993 /root/study/github_repository/pbftconsensus/network/routine_dispatchMsg.go:95: [into commit]
[dispatch CommitMsg]2021/10/12 18:01:53.493596 /root/study/github_repository/pbftconsensus/network/routine_dispatchMsg.go:95: [into commit]
[dispatch CommitMsg]2021/10/12 18:01:53.538247 /root/study/github_repository/pbftconsensus/network/routine_dispatchMsg.go:95: [into commit]
[dispatch CommitMsg]2021/10/12 18:01:53.544691 /root/study/github_repository/pbftconsensus/network/routine_dispatchMsg.go:95: [into commit]
[dispatch CommitMsg]2021/10/12 18:01:53.550247 /root/study/github_repository/pbftconsensus/network/routine_dispatchMsg.go:95: [into commit]
[dispatch CommitMsg]2021/10/12 18:01:53.555694 /root/study/github_repository/pbftconsensus/network/routine_dispatchMsg.go:95: [into commit]
[dispatch CommitMsg]2021/10/12 18:01:53.563417 /root/study/github_repository/pbftconsensus/network/routine_dispatchMsg.go:95: [into commit]
[dispatch CommitMsg]2021/10/12 18:01:53.576013 /root/study/github_repository/pbftconsensus/network/routine_dispatchMsg.go:95: [into commit]
[dispatch PrePrepareMsg]2021/10/12 18:02:03.370551 /root/study/github_repository/pbftconsensus/network/routine_dispatchMsg.go:63: [into pbft]
[dispatch PrepareMsg]2021/10/12 18:02:03.390536 /root/study/github_repository/pbftconsensus/network/routine_dispatchMsg.go:80: [into prepare]
[dispatch PrepareMsg]2021/10/12 18:02:03.430378 /root/study/github_repository/pbftconsensus/network/routine_dispatchMsg.go:80: [into prepare]
[dispatch PrepareMsg]2021/10/12 18:02:03.440366 /root/study/github_repository/pbftconsensus/network/routine_dispatchMsg.go:80: [into prepare]
[dispatch PrepareMsg]2021/10/12 18:02:03.450466 /root/study/github_repository/pbftconsensus/network/routine_dispatchMsg.go:80: [into prepare]
[dispatch PrepareMsg]2021/10/12 18:02:03.455403 /root/study/github_repository/pbftconsensus/network/routine_dispatchMsg.go:80: [into prepare]
[dispatch PrepareMsg]2021/10/12 18:02:03.489216 /root/study/github_repository/pbftconsensus/network/routine_dispatchMsg.go:80: [into prepare]
[dispatch CommitMsg]2021/10/12 18:02:03.494263 /root/study/github_repository/pbftconsensus/network/routine_dispatchMsg.go:95: [into commit]
[dispatch CommitMsg]2021/10/12 18:02:03.507642 /root/study/github_repository/pbftconsensus/network/routine_dispatchMsg.go:95: [into commit]
[dispatch CommitMsg]2021/10/12 18:02:03.512937 /root/study/github_repository/pbftconsensus/network/routine_dispatchMsg.go:95: [into commit]
[dispatch CommitMsg]2021/10/12 18:02:03.521129 /root/study/github_repository/pbftconsensus/network/routine_dispatchMsg.go:95: [into commit]
[dispatch CommitMsg]2021/10/12 18:02:03.524958 /root/study/github_repository/pbftconsensus/network/routine_dispatchMsg.go:95: [into commit]
[dispatch CommitMsg]2021/10/12 18:02:03.530782 /root/study/github_repository/pbftconsensus/network/routine_dispatchMsg.go:95: [into commit]
[dispatch CommitMsg]2021/10/12 18:02:03.537087 /root/study/github_repository/pbftconsensus/network/routine_dispatchMsg.go:95: [into commit]
[dispatch CommitMsg]2021/10/12 18:02:03.543155 /root/study/github_repository/pbftconsensus/network/routine_dispatchMsg.go:95: [into commit]
[dispatch CommitMsg]2021/10/12 18:02:03.548960 /root/study/github_repository/pbftconsensus/network/routine_dispatchMsg.go:95: [into commit]
[dispatch CommitMsg]2021/10/12 18:02:03.555103 /root/study/github_repository/pbftconsensus/network/routine_dispatchMsg.go:95: [into commit]
[dispatch PrePrepareMsg]2021/10/12 18:02:13.366011 /root/study/github_repository/pbftconsensus/network/routine_dispatchMsg.go:63: [into pbft]
[dispatch PrepareMsg]2021/10/12 18:02:13.383161 /root/study/github_repository/pbftconsensus/network/routine_dispatchMsg.go:80: [into prepare]
[dispatch PrepareMsg]2021/10/12 18:02:13.389390 /root/study/github_repository/pbftconsensus/network/routine_dispatchMsg.go:80: [into prepare]
[dispatch PrepareMsg]2021/10/12 18:02:13.395980 /root/study/github_repository/pbftconsensus/network/routine_dispatchMsg.go:80: [into prepare]
[dispatch PrepareMsg]2021/10/12 18:02:13.402559 /root/study/github_repository/pbftconsensus/network/routine_dispatchMsg.go:80: [into prepare]
[dispatch PrepareMsg]2021/10/12 18:02:13.408453 /root/study/github_repository/pbftconsensus/network/routine_dispatchMsg.go:80: [into prepare]
[dispatch PrepareMsg]2021/10/12 18:02:13.425494 /root/study/github_repository/pbftconsensus/network/routine_dispatchMsg.go:80: [into prepare]
[dispatch PrepareMsg]2021/10/12 18:02:13.441427 /root/study/github_repository/pbftconsensus/network/routine_dispatchMsg.go:80: [into prepare]
[dispatch PrepareMsg]2021/10/12 18:02:13.452216 /root/study/github_repository/pbftconsensus/network/routine_dispatchMsg.go:80: [into prepare]
[dispatch PrepareMsg]2021/10/12 18:02:13.458961 /root/study/github_repository/pbftconsensus/network/routine_dispatchMsg.go:80: [into prepare]
[dispatch CommitMsg]2021/10/12 18:02:13.474751 /root/study/github_repository/pbftconsensus/network/routine_dispatchMsg.go:95: [into commit]
[dispatch CommitMsg]2021/10/12 18:02:13.482455 /root/study/github_repository/pbftconsensus/network/routine_dispatchMsg.go:95: [into commit]
[dispatch CommitMsg]2021/10/12 18:02:13.490954 /root/study/github_repository/pbftconsensus/network/routine_dispatchMsg.go:95: [into commit]
[dispatch CommitMsg]2021/10/12 18:02:13.501198 /root/study/github_repository/pbftconsensus/network/routine_dispatchMsg.go:95: [into commit]
[dispatch CommitMsg]2021/10/12 18:02:13.510022 /root/study/github_repository/pbftconsensus/network/routine_dispatchMsg.go:95: [into commit]
[dispatch CommitMsg]2021/10/12 18:02:13.520401 /root/study/github_repository/pbftconsensus/network/routine_dispatchMsg.go:95: [into commit]
[dispatch CommitMsg]2021/10/12 18:02:13.538268 /root/study/github_repository/pbftconsensus/network/routine_dispatchMsg.go:95: [into commit]
[dispatch CommitMsg]2021/10/12 18:02:13.544215 /root/study/github_repository/pbftconsensus/network/routine_dispatchMsg.go:95: [into commit]
[dispatch CommitMsg]2021/10/12 18:02:13.550500 /root/study/github_repository/pbftconsensus/network/routine_dispatchMsg.go:95: [into commit]
[dispatch CommitMsg]2021/10/12 18:02:13.556964 /root/study/github_repository/pbftconsensus/network/routine_dispatchMsg.go:95: [into commit]
[dispatch CommitMsg]2021/10/12 18:02:13.566871 /root/study/github_repository/pbftconsensus/network/routine_dispatchMsg.go:95: [into commit]
[dispatch PrePrepareMsg]2021/10/12 18:02:23.380965 /root/study/github_repository/pbftconsensus/network/routine_dispatchMsg.go:63: [into pbft]
[dispatch PrepareMsg]2021/10/12 18:02:23.397799 /root/study/github_repository/pbftconsensus/network/routine_dispatchMsg.go:80: [into prepare]
[dispatch PrepareMsg]2021/10/12 18:02:23.417733 /root/study/github_repository/pbftconsensus/network/routine_dispatchMsg.go:80: [into prepare]
[dispatch PrepareMsg]2021/10/12 18:02:23.424380 /root/study/github_repository/pbftconsensus/network/routine_dispatchMsg.go:80: [into prepare]
[dispatch PrepareMsg]2021/10/12 18:02:23.430722 /root/study/github_repository/pbftconsensus/network/routine_dispatchMsg.go:80: [into prepare]
[dispatch PrepareMsg]2021/10/12 18:02:23.435949 /root/study/github_repository/pbftconsensus/network/routine_dispatchMsg.go:80: [into prepare]
[dispatch PrepareMsg]2021/10/12 18:02:23.443724 /root/study/github_repository/pbftconsensus/network/routine_dispatchMsg.go:80: [into prepare]
[dispatch PrepareMsg]2021/10/12 18:02:23.452205 /root/study/github_repository/pbftconsensus/network/routine_dispatchMsg.go:80: [into prepare]
[dispatch PrepareMsg]2021/10/12 18:02:23.468985 /root/study/github_repository/pbftconsensus/network/routine_dispatchMsg.go:80: [into prepare]
[dispatch CommitMsg]2021/10/12 18:02:23.479196 /root/study/github_repository/pbftconsensus/network/routine_dispatchMsg.go:95: [into commit]
[dispatch CommitMsg]2021/10/12 18:02:23.492246 /root/study/github_repository/pbftconsensus/network/routine_dispatchMsg.go:95: [into commit]
[dispatch CommitMsg]2021/10/12 18:02:23.520518 /root/study/github_repository/pbftconsensus/network/routine_dispatchMsg.go:95: [into commit]
[dispatch CommitMsg]2021/10/12 18:02:23.527681 /root/study/github_repository/pbftconsensus/network/routine_dispatchMsg.go:95: [into commit]
[dispatch CommitMsg]2021/10/12 18:02:23.545454 /root/study/github_repository/pbftconsensus/network/routine_dispatchMsg.go:95: [into commit]
[dispatch CommitMsg]2021/10/12 18:02:23.551778 /root/study/github_repository/pbftconsensus/network/routine_dispatchMsg.go:95: [into commit]
[dispatch CommitMsg]2021/10/12 18:02:23.575267 /root/study/github_repository/pbftconsensus/network/routine_dispatchMsg.go:95: [into commit]
[dispatch CommitMsg]2021/10/12 18:02:23.580191 /root/study/github_repository/pbftconsensus/network/routine_dispatchMsg.go:95: [into commit]
[dispatch CommitMsg]2021/10/12 18:02:23.591448 /root/study/github_repository/pbftconsensus/network/routine_dispatchMsg.go:95: [into commit]
[dispatch CommitMsg]2021/10/12 18:02:23.601728 /root/study/github_repository/pbftconsensus/network/routine_dispatchMsg.go:95: [into commit]
[dispatch PrePrepareMsg]2021/10/12 18:02:33.379752 /root/study/github_repository/pbftconsensus/network/routine_dispatchMsg.go:63: [into pbft]
[dispatch PrepareMsg]2021/10/12 18:02:33.396982 /root/study/github_repository/pbftconsensus/network/routine_dispatchMsg.go:80: [into prepare]
[dispatch PrepareMsg]2021/10/12 18:02:33.403671 /root/study/github_repository/pbftconsensus/network/routine_dispatchMsg.go:80: [into prepare]
[dispatch PrepareMsg]2021/10/12 18:02:33.410073 /root/study/github_repository/pbftconsensus/network/routine_dispatchMsg.go:80: [into prepare]
[dispatch PrepareMsg]2021/10/12 18:02:33.416159 /root/study/github_repository/pbftconsensus/network/routine_dispatchMsg.go:80: [into prepare]
[dispatch PrepareMsg]2021/10/12 18:02:33.430230 /root/study/github_repository/pbftconsensus/network/routine_dispatchMsg.go:80: [into prepare]
[dispatch PrepareMsg]2021/10/12 18:02:33.434218 /root/study/github_repository/pbftconsensus/network/routine_dispatchMsg.go:80: [into prepare]
[dispatch PrepareMsg]2021/10/12 18:02:33.440190 /root/study/github_repository/pbftconsensus/network/routine_dispatchMsg.go:80: [into prepare]
[dispatch PrepareMsg]2021/10/12 18:02:33.454635 /root/study/github_repository/pbftconsensus/network/routine_dispatchMsg.go:80: [into prepare]
[dispatch PrepareMsg]2021/10/12 18:02:33.466658 /root/study/github_repository/pbftconsensus/network/routine_dispatchMsg.go:80: [into prepare]
[dispatch PrepareMsg]2021/10/12 18:02:33.484779 /root/study/github_repository/pbftconsensus/network/routine_dispatchMsg.go:80: [into prepare]
[dispatch CommitMsg]2021/10/12 18:02:33.525369 /root/study/github_repository/pbftconsensus/network/routine_dispatchMsg.go:95: [into commit]
[dispatch CommitMsg]2021/10/12 18:02:33.536271 /root/study/github_repository/pbftconsensus/network/routine_dispatchMsg.go:95: [into commit]
[dispatch CommitMsg]2021/10/12 18:02:33.548734 /root/study/github_repository/pbftconsensus/network/routine_dispatchMsg.go:95: [into commit]
[dispatch CommitMsg]2021/10/12 18:02:33.556316 /root/study/github_repository/pbftconsensus/network/routine_dispatchMsg.go:95: [into commit]
[dispatch CommitMsg]2021/10/12 18:02:33.568154 /root/study/github_repository/pbftconsensus/network/routine_dispatchMsg.go:95: [into commit]
[dispatch CommitMsg]2021/10/12 18:02:33.578096 /root/study/github_repository/pbftconsensus/network/routine_dispatchMsg.go:95: [into commit]
[dispatch CommitMsg]2021/10/12 18:02:33.584209 /root/study/github_repository/pbftconsensus/network/routine_dispatchMsg.go:95: [into commit]
[dispatch CommitMsg]2021/10/12 18:02:33.594104 /root/study/github_repository/pbftconsensus/network/routine_dispatchMsg.go:95: [into commit]
[dispatch CommitMsg]2021/10/12 18:02:33.607823 /root/study/github_repository/pbftconsensus/network/routine_dispatchMsg.go:95: [into commit]
[dispatch CommitMsg]2021/10/12 18:02:33.613064 /root/study/github_repository/pbftconsensus/network/routine_dispatchMsg.go:95: [into commit]
[dispatch PrePrepareMsg]2021/10/12 18:02:43.381529 /root/study/github_repository/pbftconsensus/network/routine_dispatchMsg.go:63: [into pbft]
[dispatch PrepareMsg]2021/10/12 18:02:43.399511 /root/study/github_repository/pbftconsensus/network/routine_dispatchMsg.go:80: [into prepare]
[dispatch PrepareMsg]2021/10/12 18:02:43.407792 /root/study/github_repository/pbftconsensus/network/routine_dispatchMsg.go:80: [into prepare]
[dispatch PrepareMsg]2021/10/12 18:02:43.423558 /root/study/github_repository/pbftconsensus/network/routine_dispatchMsg.go:80: [into prepare]
[dispatch PrepareMsg]2021/10/12 18:02:43.429363 /root/study/github_repository/pbftconsensus/network/routine_dispatchMsg.go:80: [into prepare]
[dispatch PrepareMsg]2021/10/12 18:02:43.441230 /root/study/github_repository/pbftconsensus/network/routine_dispatchMsg.go:80: [into prepare]
[dispatch PrepareMsg]2021/10/12 18:02:43.447799 /root/study/github_repository/pbftconsensus/network/routine_dispatchMsg.go:80: [into prepare]
[dispatch PrepareMsg]2021/10/12 18:02:43.453809 /root/study/github_repository/pbftconsensus/network/routine_dispatchMsg.go:80: [into prepare]
[dispatch PrepareMsg]2021/10/12 18:02:43.459914 /root/study/github_repository/pbftconsensus/network/routine_dispatchMsg.go:80: [into prepare]
[dispatch PrepareMsg]2021/10/12 18:02:43.467108 /root/study/github_repository/pbftconsensus/network/routine_dispatchMsg.go:80: [into prepare]
[dispatch PrepareMsg]2021/10/12 18:02:43.484784 /root/study/github_repository/pbftconsensus/network/routine_dispatchMsg.go:80: [into prepare]
[dispatch CommitMsg]2021/10/12 18:02:43.487939 /root/study/github_repository/pbftconsensus/network/routine_dispatchMsg.go:95: [into commit]
[dispatch CommitMsg]2021/10/12 18:02:43.495829 /root/study/github_repository/pbftconsensus/network/routine_dispatchMsg.go:95: [into commit]
[dispatch CommitMsg]2021/10/12 18:02:43.506919 /root/study/github_repository/pbftconsensus/network/routine_dispatchMsg.go:95: [into commit]
[dispatch CommitMsg]2021/10/12 18:02:43.511394 /root/study/github_repository/pbftconsensus/network/routine_dispatchMsg.go:95: [into commit]
[dispatch CommitMsg]2021/10/12 18:02:43.535993 /root/study/github_repository/pbftconsensus/network/routine_dispatchMsg.go:95: [into commit]
[dispatch CommitMsg]2021/10/12 18:02:43.542186 /root/study/github_repository/pbftconsensus/network/routine_dispatchMsg.go:95: [into commit]
[dispatch CommitMsg]2021/10/12 18:02:43.551991 /root/study/github_repository/pbftconsensus/network/routine_dispatchMsg.go:95: [into commit]
[dispatch CommitMsg]2021/10/12 18:02:43.560520 /root/study/github_repository/pbftconsensus/network/routine_dispatchMsg.go:95: [into commit]
[dispatch CommitMsg]2021/10/12 18:02:43.569196 /root/study/github_repository/pbftconsensus/network/routine_dispatchMsg.go:95: [into commit]
[dispatch CommitMsg]2021/10/12 18:02:43.570780 /root/study/github_repository/pbftconsensus/network/routine_dispatchMsg.go:95: [into commit]
[dispatch PrePrepareMsg]2021/10/12 18:02:53.394448 /root/study/github_repository/pbftconsensus/network/routine_dispatchMsg.go:63: [into pbft]
[dispatch PrepareMsg]2021/10/12 18:02:53.412066 /root/study/github_repository/pbftconsensus/network/routine_dispatchMsg.go:80: [into prepare]
[dispatch PrepareMsg]2021/10/12 18:02:53.426310 /root/study/github_repository/pbftconsensus/network/routine_dispatchMsg.go:80: [into prepare]
[dispatch PrepareMsg]2021/10/12 18:02:53.432353 /root/study/github_repository/pbftconsensus/network/routine_dispatchMsg.go:80: [into prepare]
[dispatch PrepareMsg]2021/10/12 18:02:53.443150 /root/study/github_repository/pbftconsensus/network/routine_dispatchMsg.go:80: [into prepare]
[dispatch PrepareMsg]2021/10/12 18:02:53.449639 /root/study/github_repository/pbftconsensus/network/routine_dispatchMsg.go:80: [into prepare]
[dispatch PrepareMsg]2021/10/12 18:02:53.456246 /root/study/github_repository/pbftconsensus/network/routine_dispatchMsg.go:80: [into prepare]
[dispatch PrepareMsg]2021/10/12 18:02:53.460486 /root/study/github_repository/pbftconsensus/network/routine_dispatchMsg.go:80: [into prepare]
[dispatch PrepareMsg]2021/10/12 18:02:53.467096 /root/study/github_repository/pbftconsensus/network/routine_dispatchMsg.go:80: [into prepare]
[dispatch PrepareMsg]2021/10/12 18:02:53.482560 /root/study/github_repository/pbftconsensus/network/routine_dispatchMsg.go:80: [into prepare]
[dispatch CommitMsg]2021/10/12 18:02:53.488666 /root/study/github_repository/pbftconsensus/network/routine_dispatchMsg.go:95: [into commit]
[dispatch CommitMsg]2021/10/12 18:02:53.509623 /root/study/github_repository/pbftconsensus/network/routine_dispatchMsg.go:95: [into commit]
[dispatch CommitMsg]2021/10/12 18:02:53.515764 /root/study/github_repository/pbftconsensus/network/routine_dispatchMsg.go:95: [into commit]
[dispatch CommitMsg]2021/10/12 18:02:53.525259 /root/study/github_repository/pbftconsensus/network/routine_dispatchMsg.go:95: [into commit]
[dispatch CommitMsg]2021/10/12 18:02:53.538600 /root/study/github_repository/pbftconsensus/network/routine_dispatchMsg.go:95: [into commit]
[dispatch CommitMsg]2021/10/12 18:02:53.545630 /root/study/github_repository/pbftconsensus/network/routine_dispatchMsg.go:95: [into commit]
[dispatch CommitMsg]2021/10/12 18:02:53.560322 /root/study/github_repository/pbftconsensus/network/routine_dispatchMsg.go:95: [into commit]
[dispatch CommitMsg]2021/10/12 18:02:53.573991 /root/study/github_repository/pbftconsensus/network/routine_dispatchMsg.go:95: [into commit]
[dispatch CommitMsg]2021/10/12 18:02:53.581615 /root/study/github_repository/pbftconsensus/network/routine_dispatchMsg.go:95: [into commit]
[dispatch CommitMsg]2021/10/12 18:02:53.607749 /root/study/github_repository/pbftconsensus/network/routine_dispatchMsg.go:95: [into commit]
[dispatch PrePrepareMsg]2021/10/12 18:03:08.390498 /root/study/github_repository/pbftconsensus/network/routine_dispatchMsg.go:63: [into pbft]
[dispatch PrepareMsg]2021/10/12 18:03:08.407551 /root/study/github_repository/pbftconsensus/network/routine_dispatchMsg.go:80: [into prepare]
[dispatch PrepareMsg]2021/10/12 18:03:08.423921 /root/study/github_repository/pbftconsensus/network/routine_dispatchMsg.go:80: [into prepare]
[dispatch PrepareMsg]2021/10/12 18:03:08.436198 /root/study/github_repository/pbftconsensus/network/routine_dispatchMsg.go:80: [into prepare]
[dispatch PrepareMsg]2021/10/12 18:03:08.442917 /root/study/github_repository/pbftconsensus/network/routine_dispatchMsg.go:80: [into prepare]
[dispatch PrepareMsg]2021/10/12 18:03:08.452688 /root/study/github_repository/pbftconsensus/network/routine_dispatchMsg.go:80: [into prepare]
[dispatch PrepareMsg]2021/10/12 18:03:08.457774 /root/study/github_repository/pbftconsensus/network/routine_dispatchMsg.go:80: [into prepare]
[dispatch PrepareMsg]2021/10/12 18:03:08.467843 /root/study/github_repository/pbftconsensus/network/routine_dispatchMsg.go:80: [into prepare]
[dispatch PrepareMsg]2021/10/12 18:03:08.480549 /root/study/github_repository/pbftconsensus/network/routine_dispatchMsg.go:80: [into prepare]
[dispatch PrepareMsg]2021/10/12 18:03:08.496606 /root/study/github_repository/pbftconsensus/network/routine_dispatchMsg.go:80: [into prepare]
[dispatch CommitMsg]2021/10/12 18:03:08.516284 /root/study/github_repository/pbftconsensus/network/routine_dispatchMsg.go:95: [into commit]
[dispatch CommitMsg]2021/10/12 18:03:08.528482 /root/study/github_repository/pbftconsensus/network/routine_dispatchMsg.go:95: [into commit]
[dispatch CommitMsg]2021/10/12 18:03:08.536190 /root/study/github_repository/pbftconsensus/network/routine_dispatchMsg.go:95: [into commit]
[dispatch CommitMsg]2021/10/12 18:03:08.542605 /root/study/github_repository/pbftconsensus/network/routine_dispatchMsg.go:95: [into commit]
[dispatch CommitMsg]2021/10/12 18:03:08.548804 /root/study/github_repository/pbftconsensus/network/routine_dispatchMsg.go:95: [into commit]
[dispatch CommitMsg]2021/10/12 18:03:08.557418 /root/study/github_repository/pbftconsensus/network/routine_dispatchMsg.go:95: [into commit]
[dispatch CommitMsg]2021/10/12 18:03:08.560685 /root/study/github_repository/pbftconsensus/network/routine_dispatchMsg.go:95: [into commit]
[dispatch CommitMsg]2021/10/12 18:03:08.568174 /root/study/github_repository/pbftconsensus/network/routine_dispatchMsg.go:95: [into commit]
[dispatch CommitMsg]2021/10/12 18:03:08.575053 /root/study/github_repository/pbftconsensus/network/routine_dispatchMsg.go:95: [into commit]
[dispatch PrePrepareMsg]2021/10/12 18:03:18.396422 /root/study/github_repository/pbftconsensus/network/routine_dispatchMsg.go:63: [into pbft]
[dispatch PrepareMsg]2021/10/12 18:03:18.415775 /root/study/github_repository/pbftconsensus/network/routine_dispatchMsg.go:80: [into prepare]
[dispatch PrepareMsg]2021/10/12 18:03:18.425523 /root/study/github_repository/pbftconsensus/network/routine_dispatchMsg.go:80: [into prepare]
[dispatch PrepareMsg]2021/10/12 18:03:18.432896 /root/study/github_repository/pbftconsensus/network/routine_dispatchMsg.go:80: [into prepare]
[dispatch PrepareMsg]2021/10/12 18:03:18.447929 /root/study/github_repository/pbftconsensus/network/routine_dispatchMsg.go:80: [into prepare]
[dispatch PrepareMsg]2021/10/12 18:03:18.455576 /root/study/github_repository/pbftconsensus/network/routine_dispatchMsg.go:80: [into prepare]
[dispatch PrepareMsg]2021/10/12 18:03:18.461453 /root/study/github_repository/pbftconsensus/network/routine_dispatchMsg.go:80: [into prepare]
[dispatch PrepareMsg]2021/10/12 18:03:18.482145 /root/study/github_repository/pbftconsensus/network/routine_dispatchMsg.go:80: [into prepare]
[dispatch PrepareMsg]2021/10/12 18:03:18.492398 /root/study/github_repository/pbftconsensus/network/routine_dispatchMsg.go:80: [into prepare]
[dispatch CommitMsg]2021/10/12 18:03:18.521311 /root/study/github_repository/pbftconsensus/network/routine_dispatchMsg.go:95: [into commit]
[dispatch CommitMsg]2021/10/12 18:03:18.548463 /root/study/github_repository/pbftconsensus/network/routine_dispatchMsg.go:95: [into commit]
[dispatch CommitMsg]2021/10/12 18:03:18.557381 /root/study/github_repository/pbftconsensus/network/routine_dispatchMsg.go:95: [into commit]
[dispatch CommitMsg]2021/10/12 18:03:18.567181 /root/study/github_repository/pbftconsensus/network/routine_dispatchMsg.go:95: [into commit]
[dispatch CommitMsg]2021/10/12 18:03:18.573697 /root/study/github_repository/pbftconsensus/network/routine_dispatchMsg.go:95: [into commit]
[dispatch CommitMsg]2021/10/12 18:03:18.581182 /root/study/github_repository/pbftconsensus/network/routine_dispatchMsg.go:95: [into commit]
[dispatch CommitMsg]2021/10/12 18:03:18.594878 /root/study/github_repository/pbftconsensus/network/routine_dispatchMsg.go:95: [into commit]
[dispatch CommitMsg]2021/10/12 18:03:18.602603 /root/study/github_repository/pbftconsensus/network/routine_dispatchMsg.go:95: [into commit]
[dispatch CommitMsg]2021/10/12 18:03:18.619048 /root/study/github_repository/pbftconsensus/network/routine_dispatchMsg.go:95: [into commit]
[dispatch PrePrepareMsg]2021/10/12 18:03:28.400091 /root/study/github_repository/pbftconsensus/network/routine_dispatchMsg.go:63: [into pbft]
[dispatch PrepareMsg]2021/10/12 18:03:28.416561 /root/study/github_repository/pbftconsensus/network/routine_dispatchMsg.go:80: [into prepare]
[dispatch PrepareMsg]2021/10/12 18:03:28.425131 /root/study/github_repository/pbftconsensus/network/routine_dispatchMsg.go:80: [into prepare]
[dispatch PrepareMsg]2021/10/12 18:03:28.428582 /root/study/github_repository/pbftconsensus/network/routine_dispatchMsg.go:80: [into prepare]
[dispatch PrepareMsg]2021/10/12 18:03:28.432904 /root/study/github_repository/pbftconsensus/network/routine_dispatchMsg.go:80: [into prepare]
[dispatch PrepareMsg]2021/10/12 18:03:28.436275 /root/study/github_repository/pbftconsensus/network/routine_dispatchMsg.go:80: [into prepare]
[dispatch PrepareMsg]2021/10/12 18:03:28.440299 /root/study/github_repository/pbftconsensus/network/routine_dispatchMsg.go:80: [into prepare]
[dispatch PrepareMsg]2021/10/12 18:03:28.444505 /root/study/github_repository/pbftconsensus/network/routine_dispatchMsg.go:80: [into prepare]
[dispatch PrepareMsg]2021/10/12 18:03:28.448184 /root/study/github_repository/pbftconsensus/network/routine_dispatchMsg.go:80: [into prepare]
[dispatch PrepareMsg]2021/10/12 18:03:28.460429 /root/study/github_repository/pbftconsensus/network/routine_dispatchMsg.go:80: [into prepare]
[dispatch CommitMsg]2021/10/12 18:03:28.470768 /root/study/github_repository/pbftconsensus/network/routine_dispatchMsg.go:95: [into commit]
[dispatch CommitMsg]2021/10/12 18:03:28.476755 /root/study/github_repository/pbftconsensus/network/routine_dispatchMsg.go:95: [into commit]
[dispatch CommitMsg]2021/10/12 18:03:28.489842 /root/study/github_repository/pbftconsensus/network/routine_dispatchMsg.go:95: [into commit]
[dispatch CommitMsg]2021/10/12 18:03:28.494663 /root/study/github_repository/pbftconsensus/network/routine_dispatchMsg.go:95: [into commit]
[dispatch CommitMsg]2021/10/12 18:03:28.499797 /root/study/github_repository/pbftconsensus/network/routine_dispatchMsg.go:95: [into commit]
[dispatch CommitMsg]2021/10/12 18:03:28.508259 /root/study/github_repository/pbftconsensus/network/routine_dispatchMsg.go:95: [into commit]
[dispatch CommitMsg]2021/10/12 18:03:28.517260 /root/study/github_repository/pbftconsensus/network/routine_dispatchMsg.go:95: [into commit]
[dispatch CommitMsg]2021/10/12 18:03:28.521875 /root/study/github_repository/pbftconsensus/network/routine_dispatchMsg.go:95: [into commit]
[dispatch CommitMsg]2021/10/12 18:03:28.532630 /root/study/github_repository/pbftconsensus/network/routine_dispatchMsg.go:95: [into commit]
[dispatch CommitMsg]2021/10/12 18:03:28.537517 /root/study/github_repository/pbftconsensus/network/routine_dispatchMsg.go:95: [into commit]
