[dispatch PrePrepareMsg]2021/10/11 23:19:52.360274 /root/study/github_repository/pbftconsensus/network/routine_dispatchMsg.go:63: [into pbft]
[dispatch PrepareMsg]2021/10/11 23:19:52.415885 /root/study/github_repository/pbftconsensus/network/routine_dispatchMsg.go:80: [collect enough preparemsg]
[dispatch CommitMsg]2021/10/11 23:19:52.512360 /root/study/github_repository/pbftconsensus/network/routine_dispatchMsg.go:97: [collect enough commitmsg]
[dispatch PrePrepareMsg]2021/10/11 23:22:37.521101 /root/study/github_repository/pbftconsensus/network/routine_dispatchMsg.go:63: [into pbft]
[dispatch PrepareMsg]2021/10/11 23:22:37.555051 /root/study/github_repository/pbftconsensus/network/network_http.go:82: receive a prepare message
[dispatch PrepareMsg]2021/10/11 23:22:37.555055 /root/study/github_repository/pbftconsensus/network/routine_dispatchMsg.go:80: [collect enough preparemsg]
[dispatch CommitMsg]2021/10/11 23:22:37.688606 /root/study/github_repository/pbftconsensus/network/routine_dispatchMsg.go:97: [collect enough commitmsg]
[dispatch PrePrepareMsg]2021/10/11 23:25:28.722409 /root/study/github_repository/pbftconsensus/network/routine_dispatchMsg.go:63: [into pbft]
[dispatch PrepareMsg]2021/10/11 23:25:28.753934 /root/study/github_repository/pbftconsensus/network/routine_dispatchMsg.go:80: [collect enough preparemsg]
[dispatch CommitMsg]2021/10/11 23:25:28.892348 /root/study/github_repository/pbftconsensus/network/routine_dispatchMsg.go:97: [collect enough commitmsg]
[dispatch PrePrepareMsg]2021/10/11 23:30:51.774049 /root/study/github_repository/pbftconsensus/network/routine_dispatchMsg.go:63: [into pbft]
[dispatch PrepareMsg]2021/10/11 23:30:51.817763 /root/study/github_repository/pbftconsensus/network/routine_dispatchMsg.go:80: [collect enough preparemsg]
[dispatch CommitMsg]2021/10/11 23:30:51.947236 /root/study/github_repository/pbftconsensus/network/routine_dispatchMsg.go:97: [collect enough commitmsg]
[dispatch PrePrepareMsg]2021/10/12 17:07:14.735953 /root/study/github_repository/pbftconsensus/network/routine_dispatchMsg.go:63: [into pbft]
[dispatch PrepareMsg]2021/10/12 17:07:14.761336 /root/study/github_repository/pbftconsensus/network/routine_dispatchMsg.go:80: [collect enough preparemsg]
[dispatch CommitMsg]2021/10/12 17:07:14.868386 /root/study/github_repository/pbftconsensus/network/routine_dispatchMsg.go:97: [collect enough commitmsg]
[dispatch PrePrepareMsg]2021/10/12 17:52:07.137785 /root/study/github_repository/pbftconsensus/network/routine_dispatchMsg.go:63: [into pbft]
[dispatch PrepareMsg]2021/10/12 17:52:07.156305 /root/study/github_repository/pbftconsensus/network/routine_dispatchMsg.go:80: [into prepare]
[dispatch PrepareMsg]2021/10/12 17:52:07.176672 /root/study/github_repository/pbftconsensus/network/routine_dispatchMsg.go:80: [into prepare]
[dispatch PrepareMsg]2021/10/12 17:52:07.182650 /root/study/github_repository/pbftconsensus/network/routine_dispatchMsg.go:80: [into prepare]
[dispatch PrepareMsg]2021/10/12 17:52:07.198190 /root/study/github_repository/pbftconsensus/network/routine_dispatchMsg.go:80: [into prepare]
[dispatch PrepareMsg]2021/10/12 17:52:07.217645 /root/study/github_repository/pbftconsensus/network/routine_dispatchMsg.go:80: [into prepare]
[dispatch PrepareMsg]2021/10/12 17:52:07.223891 /root/study/github_repository/pbftconsensus/network/routine_dispatchMsg.go:80: [into prepare]
[dispatch PrepareMsg]2021/10/12 17:52:07.231742 /root/study/github_repository/pbftconsensus/network/routine_dispatchMsg.go:80: [into prepare]
[dispatch PrepareMsg]2021/10/12 17:52:07.247724 /root/study/github_repository/pbftconsensus/network/routine_dispatchMsg.go:80: [into prepare]
[dispatch CommitMsg]2021/10/12 17:52:07.256492 /root/study/github_repository/pbftconsensus/network/routine_dispatchMsg.go:95: [into commit]
[dispatch CommitMsg]2021/10/12 17:52:07.272270 /root/study/github_repository/pbftconsensus/network/routine_dispatchMsg.go:95: [into commit]
[dispatch CommitMsg]2021/10/12 17:52:07.280090 /root/study/github_repository/pbftconsensus/network/routine_dispatchMsg.go:95: [into commit]
[dispatch CommitMsg]2021/10/12 17:52:07.287072 /root/study/github_repository/pbftconsensus/network/routine_dispatchMsg.go:95: [into commit]
[dispatch CommitMsg]2021/10/12 17:52:07.295055 /root/study/github_repository/pbftconsensus/network/routine_dispatchMsg.go:95: [into commit]
[dispatch CommitMsg]2021/10/12 17:52:07.298374 /root/study/github_repository/pbftconsensus/network/routine_dispatchMsg.go:95: [into commit]
[dispatch CommitMsg]2021/10/12 17:52:07.332394 /root/study/github_repository/pbftconsensus/network/routine_dispatchMsg.go:95: [into commit]
[dispatch CommitMsg]2021/10/12 17:52:07.339592 /root/study/github_repository/pbftconsensus/network/routine_dispatchMsg.go:95: [into commit]
[dispatch CommitMsg]2021/10/12 17:52:07.344933 /root/study/github_repository/pbftconsensus/network/routine_dispatchMsg.go:95: [into commit]
[dispatch CommitMsg]2021/10/12 17:52:07.350909 /root/study/github_repository/pbftconsensus/network/routine_dispatchMsg.go:95: [into commit]
[dispatch PrePrepareMsg]2021/10/12 17:53:17.183216 /root/study/github_repository/pbftconsensus/network/routine_dispatchMsg.go:63: [into pbft]
[dispatch PrepareMsg]2021/10/12 17:53:17.218775 /root/study/github_repository/pbftconsensus/network/routine_dispatchMsg.go:80: [into prepare]
[dispatch PrepareMsg]2021/10/12 17:53:17.249897 /root/study/github_repository/pbftconsensus/network/routine_dispatchMsg.go:80: [into prepare]
[dispatch PrepareMsg]2021/10/12 17:53:17.257419 /root/study/github_repository/pbftconsensus/network/routine_dispatchMsg.go:80: [into prepare]
[dispatch PrepareMsg]2021/10/12 17:53:17.264039 /root/study/github_repository/pbftconsensus/network/routine_dispatchMsg.go:80: [into prepare]
[dispatch PrepareMsg]2021/10/12 17:53:17.271891 /root/study/github_repository/pbftconsensus/network/routine_dispatchMsg.go:80: [into prepare]
[dispatch PrepareMsg]2021/10/12 17:53:17.276406 /root/study/github_repository/pbftconsensus/network/routine_dispatchMsg.go:80: [into prepare]
[dispatch PrepareMsg]2021/10/12 17:53:17.310801 /root/study/github_repository/pbftconsensus/network/routine_dispatchMsg.go:80: [into prepare]
[dispatch CommitMsg]2021/10/12 17:53:17.323740 /root/study/github_repository/pbftconsensus/network/routine_dispatchMsg.go:95: [into commit]
[dispatch CommitMsg]2021/10/12 17:53:17.330775 /root/study/github_repository/pbftconsensus/network/routine_dispatchMsg.go:95: [into commit]
[dispatch CommitMsg]2021/10/12 17:53:17.343843 /root/study/github_repository/pbftconsensus/network/routine_dispatchMsg.go:95: [into commit]
[dispatch CommitMsg]2021/10/12 17:53:17.350657 /root/study/github_repository/pbftconsensus/network/routine_dispatchMsg.go:95: [into commit]
[dispatch CommitMsg]2021/10/12 17:53:17.355853 /root/study/github_repository/pbftconsensus/network/routine_dispatchMsg.go:95: [into commit]
[dispatch CommitMsg]2021/10/12 17:53:17.362619 /root/study/github_repository/pbftconsensus/network/routine_dispatchMsg.go:95: [into commit]
[dispatch CommitMsg]2021/10/12 17:53:17.374019 /root/study/github_repository/pbftconsensus/network/routine_dispatchMsg.go:95: [into commit]
[dispatch CommitMsg]2021/10/12 17:53:17.382019 /root/study/github_repository/pbftconsensus/network/routine_dispatchMsg.go:95: [into commit]
[dispatch CommitMsg]2021/10/12 17:53:17.394732 /root/study/github_repository/pbftconsensus/network/routine_dispatchMsg.go:95: [into commit]
[dispatch CommitMsg]2021/10/12 17:53:17.402729 /root/study/github_repository/pbftconsensus/network/routine_dispatchMsg.go:95: [into commit]
[dispatch PrePrepareMsg]2021/10/12 17:53:42.205624 /root/study/github_repository/pbftconsensus/network/routine_dispatchMsg.go:63: [into pbft]
[dispatch PrepareMsg]2021/10/12 17:53:42.226525 /root/study/github_repository/pbftconsensus/network/routine_dispatchMsg.go:80: [into prepare]
[dispatch PrepareMsg]2021/10/12 17:53:42.252127 /root/study/github_repository/pbftconsensus/network/routine_dispatchMsg.go:80: [into prepare]
[dispatch PrepareMsg]2021/10/12 17:53:42.274693 /root/study/github_repository/pbftconsensus/network/routine_dispatchMsg.go:80: [into prepare]
[dispatch PrepareMsg]2021/10/12 17:53:42.285552 /root/study/github_repository/pbftconsensus/network/routine_dispatchMsg.go:80: [into prepare]
[dispatch PrepareMsg]2021/10/12 17:53:42.298695 /root/study/github_repository/pbftconsensus/network/routine_dispatchMsg.go:80: [into prepare]
[dispatch PrepareMsg]2021/10/12 17:53:42.305975 /root/study/github_repository/pbftconsensus/network/routine_dispatchMsg.go:80: [into prepare]
[dispatch CommitMsg]2021/10/12 17:53:42.337042 /root/study/github_repository/pbftconsensus/network/routine_dispatchMsg.go:95: [into commit]
[dispatch CommitMsg]2021/10/12 17:53:42.382818 /root/study/github_repository/pbftconsensus/network/routine_dispatchMsg.go:95: [into commit]
[dispatch CommitMsg]2021/10/12 17:53:42.388401 /root/study/github_repository/pbftconsensus/network/routine_dispatchMsg.go:95: [into commit]
[dispatch CommitMsg]2021/10/12 17:53:42.397881 /root/study/github_repository/pbftconsensus/network/routine_dispatchMsg.go:95: [into commit]
[dispatch CommitMsg]2021/10/12 17:53:42.404606 /root/study/github_repository/pbftconsensus/network/routine_dispatchMsg.go:95: [into commit]
[dispatch CommitMsg]2021/10/12 17:53:42.409840 /root/study/github_repository/pbftconsensus/network/routine_dispatchMsg.go:95: [into commit]
[dispatch PrePrepareMsg]2021/10/12 17:54:07.224122 /root/study/github_repository/pbftconsensus/network/routine_dispatchMsg.go:63: [into pbft]
[dispatch PrepareMsg]2021/10/12 17:54:07.250016 /root/study/github_repository/pbftconsensus/network/routine_dispatchMsg.go:80: [into prepare]
[dispatch PrepareMsg]2021/10/12 17:54:07.283258 /root/study/github_repository/pbftconsensus/network/routine_dispatchMsg.go:80: [into prepare]
[dispatch PrepareMsg]2021/10/12 17:54:07.290477 /root/study/github_repository/pbftconsensus/network/routine_dispatchMsg.go:80: [into prepare]
[dispatch PrepareMsg]2021/10/12 17:54:07.293614 /root/study/github_repository/pbftconsensus/network/routine_dispatchMsg.go:80: [into prepare]
[dispatch PrepareMsg]2021/10/12 17:54:07.298152 /root/study/github_repository/pbftconsensus/network/routine_dispatchMsg.go:80: [into prepare]
[dispatch PrepareMsg]2021/10/12 17:54:07.304648 /root/study/github_repository/pbftconsensus/network/routine_dispatchMsg.go:80: [into prepare]
[dispatch PrepareMsg]2021/10/12 17:54:07.321460 /root/study/github_repository/pbftconsensus/network/routine_dispatchMsg.go:80: [into prepare]
[dispatch CommitMsg]2021/10/12 17:54:07.332095 /root/study/github_repository/pbftconsensus/network/routine_dispatchMsg.go:95: [into commit]
[dispatch CommitMsg]2021/10/12 17:54:07.340217 /root/study/github_repository/pbftconsensus/network/routine_dispatchMsg.go:95: [into commit]
[dispatch CommitMsg]2021/10/12 17:54:07.347127 /root/study/github_repository/pbftconsensus/network/routine_dispatchMsg.go:95: [into commit]
[dispatch CommitMsg]2021/10/12 17:54:07.350270 /root/study/github_repository/pbftconsensus/network/routine_dispatchMsg.go:95: [into commit]
[dispatch CommitMsg]2021/10/12 17:54:07.357806 /root/study/github_repository/pbftconsensus/network/routine_dispatchMsg.go:95: [into commit]
[dispatch CommitMsg]2021/10/12 17:54:07.372964 /root/study/github_repository/pbftconsensus/network/routine_dispatchMsg.go:95: [into commit]
[dispatch CommitMsg]2021/10/12 17:54:07.379913 /root/study/github_repository/pbftconsensus/network/routine_dispatchMsg.go:95: [into commit]
[dispatch CommitMsg]2021/10/12 17:54:07.389400 /root/study/github_repository/pbftconsensus/network/routine_dispatchMsg.go:95: [into commit]
[dispatch CommitMsg]2021/10/12 17:54:07.396272 /root/study/github_repository/pbftconsensus/network/routine_dispatchMsg.go:95: [into commit]
[dispatch CommitMsg]2021/10/12 17:54:07.409990 /root/study/github_repository/pbftconsensus/network/routine_dispatchMsg.go:95: [into commit]
[dispatch PrePrepareMsg]2021/10/12 17:54:35.111890 /root/study/github_repository/pbftconsensus/network/routine_dispatchMsg.go:63: [into pbft]
[dispatch PrepareMsg]2021/10/12 17:54:35.132710 /root/study/github_repository/pbftconsensus/network/routine_dispatchMsg.go:80: [into prepare]
[dispatch PrepareMsg]2021/10/12 17:54:35.145080 /root/study/github_repository/pbftconsensus/network/routine_dispatchMsg.go:80: [into prepare]
[dispatch PrepareMsg]2021/10/12 17:54:35.152382 /root/study/github_repository/pbftconsensus/network/routine_dispatchMsg.go:80: [into prepare]
[dispatch PrepareMsg]2021/10/12 17:54:35.158434 /root/study/github_repository/pbftconsensus/network/routine_dispatchMsg.go:80: [into prepare]
[dispatch PrepareMsg]2021/10/12 17:54:35.168887 /root/study/github_repository/pbftconsensus/network/routine_dispatchMsg.go:80: [into prepare]
[dispatch PrepareMsg]2021/10/12 17:54:35.175585 /root/study/github_repository/pbftconsensus/network/routine_dispatchMsg.go:80: [into prepare]
[dispatch PrepareMsg]2021/10/12 17:54:35.180810 /root/study/github_repository/pbftconsensus/network/routine_dispatchMsg.go:80: [into prepare]
[dispatch PrepareMsg]2021/10/12 17:54:35.194300 /root/study/github_repository/pbftconsensus/network/routine_dispatchMsg.go:80: [into prepare]
[dispatch PrepareMsg]2021/10/12 17:54:35.199281 /root/study/github_repository/pbftconsensus/network/routine_dispatchMsg.go:80: [into prepare]
[dispatch PrepareMsg]2021/10/12 17:54:35.215342 /root/study/github_repository/pbftconsensus/network/routine_dispatchMsg.go:80: [into prepare]
[dispatch CommitMsg]2021/10/12 17:54:35.223184 /root/study/github_repository/pbftconsensus/network/routine_dispatchMsg.go:95: [into commit]
[dispatch CommitMsg]2021/10/12 17:54:35.228137 /root/study/github_repository/pbftconsensus/network/routine_dispatchMsg.go:95: [into commit]
[dispatch CommitMsg]2021/10/12 17:54:35.261402 /root/study/github_repository/pbftconsensus/network/routine_dispatchMsg.go:95: [into commit]
[dispatch CommitMsg]2021/10/12 17:54:35.272490 /root/study/github_repository/pbftconsensus/network/routine_dispatchMsg.go:95: [into commit]
[dispatch CommitMsg]2021/10/12 17:54:35.293888 /root/study/github_repository/pbftconsensus/network/routine_dispatchMsg.go:95: [into commit]
[dispatch CommitMsg]2021/10/12 17:54:35.300123 /root/study/github_repository/pbftconsensus/network/routine_dispatchMsg.go:95: [into commit]
[dispatch CommitMsg]2021/10/12 17:54:35.316526 /root/study/github_repository/pbftconsensus/network/routine_dispatchMsg.go:95: [into commit]
[dispatch CommitMsg]2021/10/12 17:54:35.322537 /root/study/github_repository/pbftconsensus/network/routine_dispatchMsg.go:95: [into commit]
[dispatch CommitMsg]2021/10/12 17:54:35.329938 /root/study/github_repository/pbftconsensus/network/routine_dispatchMsg.go:95: [into commit]
[dispatch CommitMsg]2021/10/12 17:54:35.335654 /root/study/github_repository/pbftconsensus/network/routine_dispatchMsg.go:95: [into commit]
[dispatch CommitMsg]2021/10/12 17:54:35.342353 /root/study/github_repository/pbftconsensus/network/routine_dispatchMsg.go:95: [into commit]
[dispatch PrePrepareMsg]2021/10/12 17:54:50.145193 /root/study/github_repository/pbftconsensus/network/routine_dispatchMsg.go:63: [into pbft]
[dispatch PrepareMsg]2021/10/12 17:54:50.180272 /root/study/github_repository/pbftconsensus/network/routine_dispatchMsg.go:80: [into prepare]
[dispatch PrepareMsg]2021/10/12 17:54:50.220254 /root/study/github_repository/pbftconsensus/network/routine_dispatchMsg.go:80: [into prepare]
[dispatch PrepareMsg]2021/10/12 17:54:50.228886 /root/study/github_repository/pbftconsensus/network/routine_dispatchMsg.go:80: [into prepare]
[dispatch PrepareMsg]2021/10/12 17:54:50.234862 /root/study/github_repository/pbftconsensus/network/routine_dispatchMsg.go:80: [into prepare]
[dispatch PrepareMsg]2021/10/12 17:54:50.257640 /root/study/github_repository/pbftconsensus/network/routine_dispatchMsg.go:80: [into prepare]
[dispatch CommitMsg]2021/10/12 17:54:50.262766 /root/study/github_repository/pbftconsensus/network/routine_dispatchMsg.go:95: [into commit]
[dispatch CommitMsg]2021/10/12 17:54:50.282984 /root/study/github_repository/pbftconsensus/network/routine_dispatchMsg.go:95: [into commit]
[dispatch CommitMsg]2021/10/12 17:54:50.287843 /root/study/github_repository/pbftconsensus/network/routine_dispatchMsg.go:95: [into commit]
[dispatch CommitMsg]2021/10/12 17:54:50.293170 /root/study/github_repository/pbftconsensus/network/routine_dispatchMsg.go:95: [into commit]
[dispatch CommitMsg]2021/10/12 17:54:50.299716 /root/study/github_repository/pbftconsensus/network/routine_dispatchMsg.go:95: [into commit]
[dispatch CommitMsg]2021/10/12 17:54:50.304045 /root/study/github_repository/pbftconsensus/network/routine_dispatchMsg.go:95: [into commit]
[dispatch CommitMsg]2021/10/12 17:54:50.308245 /root/study/github_repository/pbftconsensus/network/routine_dispatchMsg.go:95: [into commit]
[dispatch CommitMsg]2021/10/12 17:54:50.323339 /root/study/github_repository/pbftconsensus/network/routine_dispatchMsg.go:95: [into commit]
[dispatch CommitMsg]2021/10/12 17:54:50.329590 /root/study/github_repository/pbftconsensus/network/routine_dispatchMsg.go:95: [into commit]
[dispatch PrePrepareMsg]2021/10/12 17:55:00.129503 /root/study/github_repository/pbftconsensus/network/routine_dispatchMsg.go:63: [into pbft]
[dispatch PrepareMsg]2021/10/12 17:55:00.145322 /root/study/github_repository/pbftconsensus/network/routine_dispatchMsg.go:80: [into prepare]
[dispatch PrepareMsg]2021/10/12 17:55:00.153040 /root/study/github_repository/pbftconsensus/network/routine_dispatchMsg.go:80: [into prepare]
[dispatch PrepareMsg]2021/10/12 17:55:00.160140 /root/study/github_repository/pbftconsensus/network/routine_dispatchMsg.go:80: [into prepare]
[dispatch PrepareMsg]2021/10/12 17:55:00.182739 /root/study/github_repository/pbftconsensus/network/routine_dispatchMsg.go:80: [into prepare]
[dispatch PrepareMsg]2021/10/12 17:55:00.188725 /root/study/github_repository/pbftconsensus/network/routine_dispatchMsg.go:80: [into prepare]
[dispatch PrepareMsg]2021/10/12 17:55:00.204783 /root/study/github_repository/pbftconsensus/network/routine_dispatchMsg.go:80: [into prepare]
[dispatch PrepareMsg]2021/10/12 17:55:00.217224 /root/study/github_repository/pbftconsensus/network/routine_dispatchMsg.go:80: [into prepare]
[dispatch PrepareMsg]2021/10/12 17:55:00.253905 /root/study/github_repository/pbftconsensus/network/routine_dispatchMsg.go:80: [into prepare]
[dispatch PrepareMsg]2021/10/12 17:55:00.262193 /root/study/github_repository/pbftconsensus/network/routine_dispatchMsg.go:80: [into prepare]
[dispatch PrepareMsg]2021/10/12 17:55:00.277501 /root/study/github_repository/pbftconsensus/network/routine_dispatchMsg.go:80: [into prepare]
[dispatch CommitMsg]2021/10/12 17:55:00.288354 /root/study/github_repository/pbftconsensus/network/routine_dispatchMsg.go:95: [into commit]
[dispatch CommitMsg]2021/10/12 17:55:00.306900 /root/study/github_repository/pbftconsensus/network/routine_dispatchMsg.go:95: [into commit]
[dispatch CommitMsg]2021/10/12 17:55:00.312591 /root/study/github_repository/pbftconsensus/network/routine_dispatchMsg.go:95: [into commit]
[dispatch CommitMsg]2021/10/12 17:55:00.320305 /root/study/github_repository/pbftconsensus/network/routine_dispatchMsg.go:95: [into commit]
[dispatch CommitMsg]2021/10/12 17:55:00.326054 /root/study/github_repository/pbftconsensus/network/routine_dispatchMsg.go:95: [into commit]
[dispatch CommitMsg]2021/10/12 17:55:00.331737 /root/study/github_repository/pbftconsensus/network/routine_dispatchMsg.go:95: [into commit]
[dispatch CommitMsg]2021/10/12 17:55:00.337529 /root/study/github_repository/pbftconsensus/network/routine_dispatchMsg.go:95: [into commit]
[dispatch CommitMsg]2021/10/12 17:55:00.342882 /root/study/github_repository/pbftconsensus/network/routine_dispatchMsg.go:95: [into commit]
[dispatch CommitMsg]2021/10/12 17:55:00.358752 /root/study/github_repository/pbftconsensus/network/routine_dispatchMsg.go:95: [into commit]
[dispatch PrePrepareMsg]2021/10/12 17:55:10.130803 /root/study/github_repository/pbftconsensus/network/routine_dispatchMsg.go:63: [into pbft]
[dispatch PrepareMsg]2021/10/12 17:55:10.151456 /root/study/github_repository/pbftconsensus/network/routine_dispatchMsg.go:80: [into prepare]
[dispatch PrepareMsg]2021/10/12 17:55:10.161135 /root/study/github_repository/pbftconsensus/network/routine_dispatchMsg.go:80: [into prepare]
[dispatch PrepareMsg]2021/10/12 17:55:10.167198 /root/study/github_repository/pbftconsensus/network/routine_dispatchMsg.go:80: [into prepare]
[dispatch PrepareMsg]2021/10/12 17:55:10.173162 /root/study/github_repository/pbftconsensus/network/routine_dispatchMsg.go:80: [into prepare]
[dispatch PrepareMsg]2021/10/12 17:55:10.188948 /root/study/github_repository/pbftconsensus/network/routine_dispatchMsg.go:80: [into prepare]
[dispatch PrepareMsg]2021/10/12 17:55:10.194192 /root/study/github_repository/pbftconsensus/network/routine_dispatchMsg.go:80: [into prepare]
[dispatch PrepareMsg]2021/10/12 17:55:10.198729 /root/study/github_repository/pbftconsensus/network/routine_dispatchMsg.go:80: [into prepare]
[dispatch PrepareMsg]2021/10/12 17:55:10.218099 /root/study/github_repository/pbftconsensus/network/routine_dispatchMsg.go:80: [into prepare]
[dispatch PrepareMsg]2021/10/12 17:55:10.224271 /root/study/github_repository/pbftconsensus/network/routine_dispatchMsg.go:80: [into prepare]
[dispatch PrepareMsg]2021/10/12 17:55:10.241887 /root/study/github_repository/pbftconsensus/network/routine_dispatchMsg.go:80: [into prepare]
[dispatch CommitMsg]2021/10/12 17:55:10.267002 /root/study/github_repository/pbftconsensus/network/routine_dispatchMsg.go:95: [into commit]
[dispatch CommitMsg]2021/10/12 17:55:10.274922 /root/study/github_repository/pbftconsensus/network/routine_dispatchMsg.go:95: [into commit]
[dispatch CommitMsg]2021/10/12 17:55:10.289398 /root/study/github_repository/pbftconsensus/network/routine_dispatchMsg.go:95: [into commit]
[dispatch CommitMsg]2021/10/12 17:55:10.297608 /root/study/github_repository/pbftconsensus/network/routine_dispatchMsg.go:95: [into commit]
[dispatch CommitMsg]2021/10/12 17:55:10.303740 /root/study/github_repository/pbftconsensus/network/routine_dispatchMsg.go:95: [into commit]
[dispatch CommitMsg]2021/10/12 17:55:10.312615 /root/study/github_repository/pbftconsensus/network/routine_dispatchMsg.go:95: [into commit]
[dispatch CommitMsg]2021/10/12 17:55:10.320141 /root/study/github_repository/pbftconsensus/network/routine_dispatchMsg.go:95: [into commit]
[dispatch CommitMsg]2021/10/12 17:55:10.331020 /root/study/github_repository/pbftconsensus/network/routine_dispatchMsg.go:95: [into commit]
[dispatch CommitMsg]2021/10/12 17:55:10.342830 /root/study/github_repository/pbftconsensus/network/routine_dispatchMsg.go:95: [into commit]
[dispatch CommitMsg]2021/10/12 17:55:10.354675 /root/study/github_repository/pbftconsensus/network/routine_dispatchMsg.go:95: [into commit]
[dispatch PrePrepareMsg]2021/10/12 17:55:20.140603 /root/study/github_repository/pbftconsensus/network/routine_dispatchMsg.go:63: [into pbft]
[dispatch PrepareMsg]2021/10/12 17:55:20.158824 /root/study/github_repository/pbftconsensus/network/routine_dispatchMsg.go:80: [into prepare]
[dispatch PrepareMsg]2021/10/12 17:55:20.191994 /root/study/github_repository/pbftconsensus/network/routine_dispatchMsg.go:80: [into prepare]
[dispatch PrepareMsg]2021/10/12 17:55:20.198191 /root/study/github_repository/pbftconsensus/network/routine_dispatchMsg.go:80: [into prepare]
[dispatch PrepareMsg]2021/10/12 17:55:20.205252 /root/study/github_repository/pbftconsensus/network/routine_dispatchMsg.go:80: [into prepare]
[dispatch PrepareMsg]2021/10/12 17:55:20.225293 /root/study/github_repository/pbftconsensus/network/routine_dispatchMsg.go:80: [into prepare]
[dispatch PrepareMsg]2021/10/12 17:55:20.247383 /root/study/github_repository/pbftconsensus/network/routine_dispatchMsg.go:80: [into prepare]
[dispatch CommitMsg]2021/10/12 17:55:20.255420 /root/study/github_repository/pbftconsensus/network/routine_dispatchMsg.go:95: [into commit]
[dispatch CommitMsg]2021/10/12 17:55:20.273058 /root/study/github_repository/pbftconsensus/network/routine_dispatchMsg.go:95: [into commit]
[dispatch CommitMsg]2021/10/12 17:55:20.285575 /root/study/github_repository/pbftconsensus/network/routine_dispatchMsg.go:95: [into commit]
[dispatch CommitMsg]2021/10/12 17:55:20.291816 /root/study/github_repository/pbftconsensus/network/routine_dispatchMsg.go:95: [into commit]
[dispatch CommitMsg]2021/10/12 17:55:20.297654 /root/study/github_repository/pbftconsensus/network/routine_dispatchMsg.go:95: [into commit]
[dispatch CommitMsg]2021/10/12 17:55:20.313142 /root/study/github_repository/pbftconsensus/network/routine_dispatchMsg.go:95: [into commit]
[dispatch CommitMsg]2021/10/12 17:55:20.318343 /root/study/github_repository/pbftconsensus/network/routine_dispatchMsg.go:95: [into commit]
[dispatch CommitMsg]2021/10/12 17:55:20.330386 /root/study/github_repository/pbftconsensus/network/routine_dispatchMsg.go:95: [into commit]
[dispatch CommitMsg]2021/10/12 17:55:20.338609 /root/study/github_repository/pbftconsensus/network/routine_dispatchMsg.go:95: [into commit]
[dispatch CommitMsg]2021/10/12 17:55:20.344942 /root/study/github_repository/pbftconsensus/network/routine_dispatchMsg.go:95: [into commit]
[dispatch CommitMsg]2021/10/12 17:55:20.351888 /root/study/github_repository/pbftconsensus/network/routine_dispatchMsg.go:95: [into commit]
[dispatch PrePrepareMsg]2021/10/12 17:55:30.146228 /root/study/github_repository/pbftconsensus/network/routine_dispatchMsg.go:63: [into pbft]
[dispatch PrepareMsg]2021/10/12 17:55:30.164121 /root/study/github_repository/pbftconsensus/network/routine_dispatchMsg.go:80: [into prepare]
[dispatch PrepareMsg]2021/10/12 17:55:30.191198 /root/study/github_repository/pbftconsensus/network/routine_dispatchMsg.go:80: [into prepare]
[dispatch PrepareMsg]2021/10/12 17:55:30.197794 /root/study/github_repository/pbftconsensus/network/routine_dispatchMsg.go:80: [into prepare]
[dispatch PrepareMsg]2021/10/12 17:55:30.204626 /root/study/github_repository/pbftconsensus/network/routine_dispatchMsg.go:80: [into prepare]
[dispatch PrepareMsg]2021/10/12 17:55:30.211663 /root/study/github_repository/pbftconsensus/network/routine_dispatchMsg.go:80: [into prepare]
[dispatch PrepareMsg]2021/10/12 17:55:30.217753 /root/study/github_repository/pbftconsensus/network/routine_dispatchMsg.go:80: [into prepare]
[dispatch PrepareMsg]2021/10/12 17:55:30.223726 /root/study/github_repository/pbftconsensus/network/routine_dispatchMsg.go:80: [into prepare]
[dispatch PrepareMsg]2021/10/12 17:55:30.230773 /root/study/github_repository/pbftconsensus/network/routine_dispatchMsg.go:80: [into prepare]
[dispatch PrepareMsg]2021/10/12 17:55:30.249659 /root/study/github_repository/pbftconsensus/network/routine_dispatchMsg.go:80: [into prepare]
[dispatch CommitMsg]2021/10/12 17:55:30.259761 /root/study/github_repository/pbftconsensus/network/routine_dispatchMsg.go:95: [into commit]
[dispatch CommitMsg]2021/10/12 17:55:30.265741 /root/study/github_repository/pbftconsensus/network/routine_dispatchMsg.go:95: [into commit]
[dispatch CommitMsg]2021/10/12 17:55:30.271296 /root/study/github_repository/pbftconsensus/network/routine_dispatchMsg.go:95: [into commit]
[dispatch CommitMsg]2021/10/12 17:55:30.277773 /root/study/github_repository/pbftconsensus/network/routine_dispatchMsg.go:95: [into commit]
[dispatch CommitMsg]2021/10/12 17:55:30.301284 /root/study/github_repository/pbftconsensus/network/routine_dispatchMsg.go:95: [into commit]
[dispatch CommitMsg]2021/10/12 17:55:30.307575 /root/study/github_repository/pbftconsensus/network/routine_dispatchMsg.go:95: [into commit]
[dispatch CommitMsg]2021/10/12 17:55:30.320959 /root/study/github_repository/pbftconsensus/network/routine_dispatchMsg.go:95: [into commit]
[dispatch CommitMsg]2021/10/12 17:55:30.338014 /root/study/github_repository/pbftconsensus/network/routine_dispatchMsg.go:95: [into commit]
[dispatch CommitMsg]2021/10/12 17:55:30.343997 /root/study/github_repository/pbftconsensus/network/routine_dispatchMsg.go:95: [into commit]
[dispatch CommitMsg]2021/10/12 17:55:30.356714 /root/study/github_repository/pbftconsensus/network/routine_dispatchMsg.go:95: [into commit]
[dispatch CommitMsg]2021/10/12 17:55:30.371301 /root/study/github_repository/pbftconsensus/network/routine_dispatchMsg.go:95: [into commit]
[dispatch PrePrepareMsg]2021/10/12 17:55:40.146859 /root/study/github_repository/pbftconsensus/network/routine_dispatchMsg.go:63: [into pbft]
[dispatch PrepareMsg]2021/10/12 17:55:40.169139 /root/study/github_repository/pbftconsensus/network/routine_dispatchMsg.go:80: [into prepare]
[dispatch PrepareMsg]2021/10/12 17:55:40.172898 /root/study/github_repository/pbftconsensus/network/routine_dispatchMsg.go:80: [into prepare]
[dispatch PrepareMsg]2021/10/12 17:55:40.177338 /root/study/github_repository/pbftconsensus/network/routine_dispatchMsg.go:80: [into prepare]
[dispatch PrepareMsg]2021/10/12 17:55:40.180218 /root/study/github_repository/pbftconsensus/network/routine_dispatchMsg.go:80: [into prepare]
[dispatch PrepareMsg]2021/10/12 17:55:40.183318 /root/study/github_repository/pbftconsensus/network/routine_dispatchMsg.go:80: [into prepare]
[dispatch PrepareMsg]2021/10/12 17:55:40.192745 /root/study/github_repository/pbftconsensus/network/routine_dispatchMsg.go:80: [into prepare]
[dispatch PrepareMsg]2021/10/12 17:55:40.197417 /root/study/github_repository/pbftconsensus/network/routine_dispatchMsg.go:80: [into prepare]
[dispatch PrepareMsg]2021/10/12 17:55:40.199897 /root/study/github_repository/pbftconsensus/network/routine_dispatchMsg.go:80: [into prepare]
[dispatch PrepareMsg]2021/10/12 17:55:40.203377 /root/study/github_repository/pbftconsensus/network/routine_dispatchMsg.go:80: [into prepare]
[dispatch PrepareMsg]2021/10/12 17:55:40.227261 /root/study/github_repository/pbftconsensus/network/routine_dispatchMsg.go:80: [into prepare]
[dispatch CommitMsg]2021/10/12 17:55:40.242525 /root/study/github_repository/pbftconsensus/network/routine_dispatchMsg.go:95: [into commit]
[dispatch CommitMsg]2021/10/12 17:55:40.248021 /root/study/github_repository/pbftconsensus/network/routine_dispatchMsg.go:95: [into commit]
[dispatch CommitMsg]2021/10/12 17:55:40.248035 /root/study/github_repository/pbftconsensus/network/routine_dispatchMsg.go:95: [into commit]
[dispatch CommitMsg]2021/10/12 17:55:40.252358 /root/study/github_repository/pbftconsensus/network/routine_dispatchMsg.go:95: [into commit]
[dispatch CommitMsg]2021/10/12 17:55:40.256176 /root/study/github_repository/pbftconsensus/network/routine_dispatchMsg.go:95: [into commit]
[dispatch CommitMsg]2021/10/12 17:55:40.261227 /root/study/github_repository/pbftconsensus/network/routine_dispatchMsg.go:95: [into commit]
[dispatch CommitMsg]2021/10/12 17:55:40.264164 /root/study/github_repository/pbftconsensus/network/routine_dispatchMsg.go:95: [into commit]
[dispatch CommitMsg]2021/10/12 17:55:40.267897 /root/study/github_repository/pbftconsensus/network/routine_dispatchMsg.go:95: [into commit]
[dispatch CommitMsg]2021/10/12 17:55:40.271190 /root/study/github_repository/pbftconsensus/network/routine_dispatchMsg.go:95: [into commit]
[dispatch CommitMsg]2021/10/12 17:55:40.276569 /root/study/github_repository/pbftconsensus/network/routine_dispatchMsg.go:95: [into commit]
[dispatch CommitMsg]2021/10/12 17:55:40.280171 /root/study/github_repository/pbftconsensus/network/routine_dispatchMsg.go:95: [into commit]
[dispatch PrePrepareMsg]2021/10/12 18:00:20.463900 /root/study/github_repository/pbftconsensus/network/routine_dispatchMsg.go:63: [into pbft]
[dispatch PrepareMsg]2021/10/12 18:00:20.481317 /root/study/github_repository/pbftconsensus/network/routine_dispatchMsg.go:80: [into prepare]
[dispatch PrepareMsg]2021/10/12 18:00:20.487746 /root/study/github_repository/pbftconsensus/network/routine_dispatchMsg.go:80: [into prepare]
[dispatch PrepareMsg]2021/10/12 18:00:20.491382 /root/study/github_repository/pbftconsensus/network/routine_dispatchMsg.go:80: [into prepare]
[dispatch PrepareMsg]2021/10/12 18:00:20.513668 /root/study/github_repository/pbftconsensus/network/routine_dispatchMsg.go:80: [into prepare]
[dispatch PrepareMsg]2021/10/12 18:00:20.517398 /root/study/github_repository/pbftconsensus/network/routine_dispatchMsg.go:80: [into prepare]
[dispatch PrepareMsg]2021/10/12 18:00:20.521182 /root/study/github_repository/pbftconsensus/network/routine_dispatchMsg.go:80: [into prepare]
[dispatch PrepareMsg]2021/10/12 18:00:20.525256 /root/study/github_repository/pbftconsensus/network/routine_dispatchMsg.go:80: [into prepare]
[dispatch PrepareMsg]2021/10/12 18:00:20.537055 /root/study/github_repository/pbftconsensus/network/routine_dispatchMsg.go:80: [into prepare]
[dispatch PrepareMsg]2021/10/12 18:00:20.545963 /root/study/github_repository/pbftconsensus/network/routine_dispatchMsg.go:80: [into prepare]
[dispatch PrepareMsg]2021/10/12 18:00:20.559237 /root/study/github_repository/pbftconsensus/network/routine_dispatchMsg.go:80: [into prepare]
[dispatch CommitMsg]2021/10/12 18:00:20.563024 /root/study/github_repository/pbftconsensus/network/routine_dispatchMsg.go:95: [into commit]
[dispatch CommitMsg]2021/10/12 18:00:20.568967 /root/study/github_repository/pbftconsensus/network/routine_dispatchMsg.go:95: [into commit]
[dispatch CommitMsg]2021/10/12 18:00:20.577975 /root/study/github_repository/pbftconsensus/network/routine_dispatchMsg.go:95: [into commit]
[dispatch CommitMsg]2021/10/12 18:00:20.582549 /root/study/github_repository/pbftconsensus/network/routine_dispatchMsg.go:95: [into commit]
[dispatch CommitMsg]2021/10/12 18:00:20.597165 /root/study/github_repository/pbftconsensus/network/routine_dispatchMsg.go:95: [into commit]
[dispatch CommitMsg]2021/10/12 18:00:20.600458 /root/study/github_repository/pbftconsensus/network/routine_dispatchMsg.go:95: [into commit]
[dispatch CommitMsg]2021/10/12 18:00:20.605231 /root/study/github_repository/pbftconsensus/network/routine_dispatchMsg.go:95: [into commit]
[dispatch CommitMsg]2021/10/12 18:00:20.612584 /root/study/github_repository/pbftconsensus/network/routine_dispatchMsg.go:95: [into commit]
[dispatch CommitMsg]2021/10/12 18:00:20.634182 /root/study/github_repository/pbftconsensus/network/routine_dispatchMsg.go:95: [into commit]
[dispatch CommitMsg]2021/10/12 18:00:20.644363 /root/study/github_repository/pbftconsensus/network/routine_dispatchMsg.go:95: [into commit]
[dispatch PrePrepareMsg]2021/10/12 18:00:35.469305 /root/study/github_repository/pbftconsensus/network/routine_dispatchMsg.go:63: [into pbft]
[dispatch PrepareMsg]2021/10/12 18:00:35.483017 /root/study/github_repository/pbftconsensus/network/routine_dispatchMsg.go:80: [into prepare]
[dispatch PrepareMsg]2021/10/12 18:00:35.489564 /root/study/github_repository/pbftconsensus/network/routine_dispatchMsg.go:80: [into prepare]
[dispatch PrepareMsg]2021/10/12 18:00:35.494504 /root/study/github_repository/pbftconsensus/network/routine_dispatchMsg.go:80: [into prepare]
[dispatch PrepareMsg]2021/10/12 18:00:35.499235 /root/study/github_repository/pbftconsensus/network/routine_dispatchMsg.go:80: [into prepare]
[dispatch PrepareMsg]2021/10/12 18:00:35.502612 /root/study/github_repository/pbftconsensus/network/routine_dispatchMsg.go:80: [into prepare]
[dispatch PrepareMsg]2021/10/12 18:00:35.505038 /root/study/github_repository/pbftconsensus/network/routine_dispatchMsg.go:80: [into prepare]
[dispatch PrepareMsg]2021/10/12 18:00:35.508565 /root/study/github_repository/pbftconsensus/network/routine_dispatchMsg.go:80: [into prepare]
[dispatch PrepareMsg]2021/10/12 18:00:35.515847 /root/study/github_repository/pbftconsensus/network/routine_dispatchMsg.go:80: [into prepare]
[dispatch PrepareMsg]2021/10/12 18:00:35.516777 /root/study/github_repository/pbftconsensus/network/routine_dispatchMsg.go:80: [into prepare]
[dispatch PrepareMsg]2021/10/12 18:00:35.537368 /root/study/github_repository/pbftconsensus/network/routine_dispatchMsg.go:80: [into prepare]
[dispatch CommitMsg]2021/10/12 18:00:35.559025 /root/study/github_repository/pbftconsensus/network/routine_dispatchMsg.go:95: [into commit]
[dispatch CommitMsg]2021/10/12 18:00:35.564244 /root/study/github_repository/pbftconsensus/network/routine_dispatchMsg.go:95: [into commit]
[dispatch CommitMsg]2021/10/12 18:00:35.588057 /root/study/github_repository/pbftconsensus/network/routine_dispatchMsg.go:95: [into commit]
[dispatch CommitMsg]2021/10/12 18:00:35.592134 /root/study/github_repository/pbftconsensus/network/routine_dispatchMsg.go:95: [into commit]
[dispatch CommitMsg]2021/10/12 18:00:35.598385 /root/study/github_repository/pbftconsensus/network/routine_dispatchMsg.go:95: [into commit]
[dispatch CommitMsg]2021/10/12 18:00:35.602723 /root/study/github_repository/pbftconsensus/network/routine_dispatchMsg.go:95: [into commit]
[dispatch CommitMsg]2021/10/12 18:00:35.605997 /root/study/github_repository/pbftconsensus/network/routine_dispatchMsg.go:95: [into commit]
[dispatch CommitMsg]2021/10/12 18:00:35.612208 /root/study/github_repository/pbftconsensus/network/routine_dispatchMsg.go:95: [into commit]
[dispatch CommitMsg]2021/10/12 18:00:35.617069 /root/study/github_repository/pbftconsensus/network/routine_dispatchMsg.go:95: [into commit]
[dispatch CommitMsg]2021/10/12 18:00:35.622942 /root/study/github_repository/pbftconsensus/network/routine_dispatchMsg.go:95: [into commit]
[dispatch PrePrepareMsg]2021/10/12 18:01:43.354840 /root/study/github_repository/pbftconsensus/network/routine_dispatchMsg.go:63: [into pbft]
[dispatch PrepareMsg]2021/10/12 18:01:43.377675 /root/study/github_repository/pbftconsensus/network/routine_dispatchMsg.go:80: [into prepare]
[dispatch PrepareMsg]2021/10/12 18:01:43.385117 /root/study/github_repository/pbftconsensus/network/routine_dispatchMsg.go:80: [into prepare]
[dispatch PrepareMsg]2021/10/12 18:01:43.397268 /root/study/github_repository/pbftconsensus/network/routine_dispatchMsg.go:80: [into prepare]
[dispatch PrepareMsg]2021/10/12 18:01:43.402521 /root/study/github_repository/pbftconsensus/network/routine_dispatchMsg.go:80: [into prepare]
[dispatch PrepareMsg]2021/10/12 18:01:43.431066 /root/study/github_repository/pbftconsensus/network/routine_dispatchMsg.go:80: [into prepare]
[dispatch PrepareMsg]2021/10/12 18:01:43.437882 /root/study/github_repository/pbftconsensus/network/routine_dispatchMsg.go:80: [into prepare]
[dispatch PrepareMsg]2021/10/12 18:01:43.453396 /root/study/github_repository/pbftconsensus/network/routine_dispatchMsg.go:80: [into prepare]
[dispatch PrepareMsg]2021/10/12 18:01:43.459183 /root/study/github_repository/pbftconsensus/network/routine_dispatchMsg.go:80: [into prepare]
[dispatch PrepareMsg]2021/10/12 18:01:43.472994 /root/study/github_repository/pbftconsensus/network/routine_dispatchMsg.go:80: [into prepare]
[dispatch CommitMsg]2021/10/12 18:01:43.499338 /root/study/github_repository/pbftconsensus/network/routine_dispatchMsg.go:95: [into commit]
[dispatch CommitMsg]2021/10/12 18:01:43.517488 /root/study/github_repository/pbftconsensus/network/routine_dispatchMsg.go:95: [into commit]
[dispatch CommitMsg]2021/10/12 18:01:43.546626 /root/study/github_repository/pbftconsensus/network/routine_dispatchMsg.go:95: [into commit]
[dispatch CommitMsg]2021/10/12 18:01:43.556198 /root/study/github_repository/pbftconsensus/network/routine_dispatchMsg.go:95: [into commit]
[dispatch CommitMsg]2021/10/12 18:01:43.568318 /root/study/github_repository/pbftconsensus/network/routine_dispatchMsg.go:95: [into commit]
[dispatch CommitMsg]2021/10/12 18:01:43.578837 /root/study/github_repository/pbftconsensus/network/routine_dispatchMsg.go:95: [into commit]
[dispatch CommitMsg]2021/10/12 18:01:43.584204 /root/study/github_repository/pbftconsensus/network/routine_dispatchMsg.go:95: [into commit]
[dispatch CommitMsg]2021/10/12 18:01:43.589512 /root/study/github_repository/pbftconsensus/network/routine_dispatchMsg.go:95: [into commit]
[dispatch CommitMsg]2021/10/12 18:01:43.595076 /root/study/github_repository/pbftconsensus/network/routine_dispatchMsg.go:95: [into commit]
[dispatch CommitMsg]2021/10/12 18:01:43.602335 /root/study/github_repository/pbftconsensus/network/routine_dispatchMsg.go:95: [into commit]
[dispatch PrePrepareMsg]2021/10/12 18:01:53.366520 /root/study/github_repository/pbftconsensus/network/routine_dispatchMsg.go:63: [into pbft]
[dispatch PrepareMsg]2021/10/12 18:01:53.385027 /root/study/github_repository/pbftconsensus/network/routine_dispatchMsg.go:80: [into prepare]
[dispatch PrepareMsg]2021/10/12 18:01:53.414821 /root/study/github_repository/pbftconsensus/network/routine_dispatchMsg.go:80: [into prepare]
[dispatch PrepareMsg]2021/10/12 18:01:53.419491 /root/study/github_repository/pbftconsensus/network/routine_dispatchMsg.go:80: [into prepare]
[dispatch PrepareMsg]2021/10/12 18:01:53.426853 /root/study/github_repository/pbftconsensus/network/routine_dispatchMsg.go:80: [into prepare]
[dispatch PrepareMsg]2021/10/12 18:01:53.436696 /root/study/github_repository/pbftconsensus/network/routine_dispatchMsg.go:80: [into prepare]
[dispatch PrepareMsg]2021/10/12 18:01:53.444802 /root/study/github_repository/pbftconsensus/network/routine_dispatchMsg.go:80: [into prepare]
[dispatch PrepareMsg]2021/10/12 18:01:53.449739 /root/study/github_repository/pbftconsensus/network/routine_dispatchMsg.go:80: [into prepare]
[dispatch PrepareMsg]2021/10/12 18:01:53.465517 /root/study/github_repository/pbftconsensus/network/routine_dispatchMsg.go:80: [into prepare]
[dispatch CommitMsg]2021/10/12 18:01:53.474305 /root/study/github_repository/pbftconsensus/network/routine_dispatchMsg.go:95: [into commit]
[dispatch CommitMsg]2021/10/12 18:01:53.481022 /root/study/github_repository/pbftconsensus/network/routine_dispatchMsg.go:95: [into commit]
[dispatch CommitMsg]2021/10/12 18:01:53.491750 /root/study/github_repository/pbftconsensus/network/routine_dispatchMsg.go:95: [into commit]
[dispatch CommitMsg]2021/10/12 18:01:53.540335 /root/study/github_repository/pbftconsensus/network/routine_dispatchMsg.go:95: [into commit]
[dispatch CommitMsg]2021/10/12 18:01:53.548506 /root/study/github_repository/pbftconsensus/network/routine_dispatchMsg.go:95: [into commit]
[dispatch CommitMsg]2021/10/12 18:01:53.551341 /root/study/github_repository/pbftconsensus/network/routine_dispatchMsg.go:95: [into commit]
[dispatch CommitMsg]2021/10/12 18:01:53.564809 /root/study/github_repository/pbftconsensus/network/routine_dispatchMsg.go:95: [into commit]
[dispatch CommitMsg]2021/10/12 18:01:53.570175 /root/study/github_repository/pbftconsensus/network/routine_dispatchMsg.go:95: [into commit]
[dispatch CommitMsg]2021/10/12 18:01:53.582932 /root/study/github_repository/pbftconsensus/network/routine_dispatchMsg.go:95: [into commit]
[dispatch CommitMsg]2021/10/12 18:01:53.589245 /root/study/github_repository/pbftconsensus/network/routine_dispatchMsg.go:95: [into commit]
[dispatch CommitMsg]2021/10/12 18:01:53.595756 /root/study/github_repository/pbftconsensus/network/routine_dispatchMsg.go:95: [into commit]
[dispatch PrePrepareMsg]2021/10/12 18:02:03.367873 /root/study/github_repository/pbftconsensus/network/routine_dispatchMsg.go:63: [into pbft]
[dispatch PrepareMsg]2021/10/12 18:02:03.388872 /root/study/github_repository/pbftconsensus/network/routine_dispatchMsg.go:80: [into prepare]
[dispatch PrepareMsg]2021/10/12 18:02:03.395566 /root/study/github_repository/pbftconsensus/network/routine_dispatchMsg.go:80: [into prepare]
[dispatch PrepareMsg]2021/10/12 18:02:03.405811 /root/study/github_repository/pbftconsensus/network/routine_dispatchMsg.go:80: [into prepare]
[dispatch PrepareMsg]2021/10/12 18:02:03.415486 /root/study/github_repository/pbftconsensus/network/routine_dispatchMsg.go:80: [into prepare]
[dispatch PrepareMsg]2021/10/12 18:02:03.422384 /root/study/github_repository/pbftconsensus/network/routine_dispatchMsg.go:80: [into prepare]
[dispatch PrepareMsg]2021/10/12 18:02:03.427951 /root/study/github_repository/pbftconsensus/network/routine_dispatchMsg.go:80: [into prepare]
[dispatch PrepareMsg]2021/10/12 18:02:03.434893 /root/study/github_repository/pbftconsensus/network/routine_dispatchMsg.go:80: [into prepare]
[dispatch PrepareMsg]2021/10/12 18:02:03.441687 /root/study/github_repository/pbftconsensus/network/routine_dispatchMsg.go:80: [into prepare]
[dispatch PrepareMsg]2021/10/12 18:02:03.454466 /root/study/github_repository/pbftconsensus/network/routine_dispatchMsg.go:80: [into prepare]
[dispatch PrepareMsg]2021/10/12 18:02:03.485028 /root/study/github_repository/pbftconsensus/network/routine_dispatchMsg.go:80: [into prepare]
[dispatch CommitMsg]2021/10/12 18:02:03.489992 /root/study/github_repository/pbftconsensus/network/routine_dispatchMsg.go:95: [into commit]
[dispatch CommitMsg]2021/10/12 18:02:03.495998 /root/study/github_repository/pbftconsensus/network/routine_dispatchMsg.go:95: [into commit]
[dispatch CommitMsg]2021/10/12 18:02:03.514187 /root/study/github_repository/pbftconsensus/network/routine_dispatchMsg.go:95: [into commit]
[dispatch CommitMsg]2021/10/12 18:02:03.524507 /root/study/github_repository/pbftconsensus/network/routine_dispatchMsg.go:95: [into commit]
[dispatch CommitMsg]2021/10/12 18:02:03.540459 /root/study/github_repository/pbftconsensus/network/routine_dispatchMsg.go:95: [into commit]
[dispatch CommitMsg]2021/10/12 18:02:03.546436 /root/study/github_repository/pbftconsensus/network/routine_dispatchMsg.go:95: [into commit]
[dispatch CommitMsg]2021/10/12 18:02:03.564519 /root/study/github_repository/pbftconsensus/network/routine_dispatchMsg.go:95: [into commit]
[dispatch CommitMsg]2021/10/12 18:02:03.569694 /root/study/github_repository/pbftconsensus/network/routine_dispatchMsg.go:95: [into commit]
[dispatch CommitMsg]2021/10/12 18:02:03.575907 /root/study/github_repository/pbftconsensus/network/routine_dispatchMsg.go:95: [into commit]
[dispatch CommitMsg]2021/10/12 18:02:03.580965 /root/study/github_repository/pbftconsensus/network/routine_dispatchMsg.go:95: [into commit]
[dispatch CommitMsg]2021/10/12 18:02:03.588730 /root/study/github_repository/pbftconsensus/network/routine_dispatchMsg.go:95: [into commit]
[dispatch PrePrepareMsg]2021/10/12 18:02:13.368699 /root/study/github_repository/pbftconsensus/network/routine_dispatchMsg.go:63: [into pbft]
[dispatch PrepareMsg]2021/10/12 18:02:13.384481 /root/study/github_repository/pbftconsensus/network/routine_dispatchMsg.go:80: [into prepare]
[dispatch PrepareMsg]2021/10/12 18:02:13.395359 /root/study/github_repository/pbftconsensus/network/routine_dispatchMsg.go:80: [into prepare]
[dispatch PrepareMsg]2021/10/12 18:02:13.401585 /root/study/github_repository/pbftconsensus/network/routine_dispatchMsg.go:80: [into prepare]
[dispatch PrepareMsg]2021/10/12 18:02:13.406996 /root/study/github_repository/pbftconsensus/network/routine_dispatchMsg.go:80: [into prepare]
[dispatch PrepareMsg]2021/10/12 18:02:13.413156 /root/study/github_repository/pbftconsensus/network/routine_dispatchMsg.go:80: [into prepare]
[dispatch PrepareMsg]2021/10/12 18:02:13.418556 /root/study/github_repository/pbftconsensus/network/routine_dispatchMsg.go:80: [into prepare]
[dispatch PrepareMsg]2021/10/12 18:02:13.434673 /root/study/github_repository/pbftconsensus/network/routine_dispatchMsg.go:80: [into prepare]
[dispatch PrepareMsg]2021/10/12 18:02:13.443689 /root/study/github_repository/pbftconsensus/network/routine_dispatchMsg.go:80: [into prepare]
[dispatch PrepareMsg]2021/10/12 18:02:13.469589 /root/study/github_repository/pbftconsensus/network/routine_dispatchMsg.go:80: [into prepare]
[dispatch CommitMsg]2021/10/12 18:02:13.488187 /root/study/github_repository/pbftconsensus/network/routine_dispatchMsg.go:95: [into commit]
[dispatch CommitMsg]2021/10/12 18:02:13.500221 /root/study/github_repository/pbftconsensus/network/routine_dispatchMsg.go:95: [into commit]
[dispatch CommitMsg]2021/10/12 18:02:13.512174 /root/study/github_repository/pbftconsensus/network/routine_dispatchMsg.go:95: [into commit]
[dispatch CommitMsg]2021/10/12 18:02:13.519562 /root/study/github_repository/pbftconsensus/network/routine_dispatchMsg.go:95: [into commit]
[dispatch CommitMsg]2021/10/12 18:02:13.524263 /root/study/github_repository/pbftconsensus/network/routine_dispatchMsg.go:95: [into commit]
[dispatch CommitMsg]2021/10/12 18:02:13.549848 /root/study/github_repository/pbftconsensus/network/routine_dispatchMsg.go:95: [into commit]
[dispatch CommitMsg]2021/10/12 18:02:13.561831 /root/study/github_repository/pbftconsensus/network/routine_dispatchMsg.go:95: [into commit]
[dispatch CommitMsg]2021/10/12 18:02:13.577236 /root/study/github_repository/pbftconsensus/network/routine_dispatchMsg.go:95: [into commit]
[dispatch CommitMsg]2021/10/12 18:02:13.581973 /root/study/github_repository/pbftconsensus/network/routine_dispatchMsg.go:95: [into commit]
[dispatch CommitMsg]2021/10/12 18:02:13.588090 /root/study/github_repository/pbftconsensus/network/routine_dispatchMsg.go:95: [into commit]
[dispatch PrePrepareMsg]2021/10/12 18:02:23.378446 /root/study/github_repository/pbftconsensus/network/routine_dispatchMsg.go:63: [into pbft]
[dispatch PrepareMsg]2021/10/12 18:02:23.398733 /root/study/github_repository/pbftconsensus/network/routine_dispatchMsg.go:80: [into prepare]
[dispatch PrepareMsg]2021/10/12 18:02:23.417376 /root/study/github_repository/pbftconsensus/network/routine_dispatchMsg.go:80: [into prepare]
[dispatch PrepareMsg]2021/10/12 18:02:23.439690 /root/study/github_repository/pbftconsensus/network/routine_dispatchMsg.go:80: [into prepare]
[dispatch PrepareMsg]2021/10/12 18:02:23.445817 /root/study/github_repository/pbftconsensus/network/routine_dispatchMsg.go:80: [into prepare]
[dispatch PrepareMsg]2021/10/12 18:02:23.453368 /root/study/github_repository/pbftconsensus/network/routine_dispatchMsg.go:80: [into prepare]
[dispatch PrepareMsg]2021/10/12 18:02:23.460072 /root/study/github_repository/pbftconsensus/network/routine_dispatchMsg.go:80: [into prepare]
[dispatch PrepareMsg]2021/10/12 18:02:23.465593 /root/study/github_repository/pbftconsensus/network/routine_dispatchMsg.go:80: [into prepare]
[dispatch PrepareMsg]2021/10/12 18:02:23.471349 /root/study/github_repository/pbftconsensus/network/routine_dispatchMsg.go:80: [into prepare]
[dispatch PrepareMsg]2021/10/12 18:02:23.489492 /root/study/github_repository/pbftconsensus/network/routine_dispatchMsg.go:80: [into prepare]
[dispatch CommitMsg]2021/10/12 18:02:23.493517 /root/study/github_repository/pbftconsensus/network/routine_dispatchMsg.go:95: [into commit]
[dispatch CommitMsg]2021/10/12 18:02:23.501471 /root/study/github_repository/pbftconsensus/network/routine_dispatchMsg.go:95: [into commit]
[dispatch CommitMsg]2021/10/12 18:02:23.508519 /root/study/github_repository/pbftconsensus/network/routine_dispatchMsg.go:95: [into commit]
[dispatch CommitMsg]2021/10/12 18:02:23.514745 /root/study/github_repository/pbftconsensus/network/routine_dispatchMsg.go:95: [into commit]
[dispatch CommitMsg]2021/10/12 18:02:23.520927 /root/study/github_repository/pbftconsensus/network/routine_dispatchMsg.go:95: [into commit]
[dispatch CommitMsg]2021/10/12 18:02:23.527393 /root/study/github_repository/pbftconsensus/network/routine_dispatchMsg.go:95: [into commit]
[dispatch CommitMsg]2021/10/12 18:02:23.538870 /root/study/github_repository/pbftconsensus/network/routine_dispatchMsg.go:95: [into commit]
[dispatch CommitMsg]2021/10/12 18:02:23.546368 /root/study/github_repository/pbftconsensus/network/routine_dispatchMsg.go:95: [into commit]
[dispatch CommitMsg]2021/10/12 18:02:23.560504 /root/study/github_repository/pbftconsensus/network/routine_dispatchMsg.go:95: [into commit]
[dispatch CommitMsg]2021/10/12 18:02:23.566307 /root/study/github_repository/pbftconsensus/network/routine_dispatchMsg.go:95: [into commit]
[dispatch PrePrepareMsg]2021/10/12 18:02:33.382044 /root/study/github_repository/pbftconsensus/network/routine_dispatchMsg.go:63: [into pbft]
[dispatch PrepareMsg]2021/10/12 18:02:33.417448 /root/study/github_repository/pbftconsensus/network/routine_dispatchMsg.go:80: [into prepare]
[dispatch PrepareMsg]2021/10/12 18:02:33.440789 /root/study/github_repository/pbftconsensus/network/routine_dispatchMsg.go:80: [into prepare]
[dispatch PrepareMsg]2021/10/12 18:02:33.449210 /root/study/github_repository/pbftconsensus/network/routine_dispatchMsg.go:80: [into prepare]
[dispatch PrepareMsg]2021/10/12 18:02:33.454919 /root/study/github_repository/pbftconsensus/network/routine_dispatchMsg.go:80: [into prepare]
[dispatch PrepareMsg]2021/10/12 18:02:33.460152 /root/study/github_repository/pbftconsensus/network/routine_dispatchMsg.go:80: [into prepare]
[dispatch PrepareMsg]2021/10/12 18:02:33.466197 /root/study/github_repository/pbftconsensus/network/routine_dispatchMsg.go:80: [into prepare]
[dispatch PrepareMsg]2021/10/12 18:02:33.474119 /root/study/github_repository/pbftconsensus/network/routine_dispatchMsg.go:80: [into prepare]
[dispatch PrepareMsg]2021/10/12 18:02:33.491993 /root/study/github_repository/pbftconsensus/network/routine_dispatchMsg.go:80: [into prepare]
[dispatch CommitMsg]2021/10/12 18:02:33.503456 /root/study/github_repository/pbftconsensus/network/routine_dispatchMsg.go:95: [into commit]
[dispatch CommitMsg]2021/10/12 18:02:33.512588 /root/study/github_repository/pbftconsensus/network/routine_dispatchMsg.go:95: [into commit]
[dispatch CommitMsg]2021/10/12 18:02:33.524708 /root/study/github_repository/pbftconsensus/network/routine_dispatchMsg.go:95: [into commit]
[dispatch CommitMsg]2021/10/12 18:02:33.544578 /root/study/github_repository/pbftconsensus/network/routine_dispatchMsg.go:95: [into commit]
[dispatch CommitMsg]2021/10/12 18:02:33.549313 /root/study/github_repository/pbftconsensus/network/routine_dispatchMsg.go:95: [into commit]
[dispatch CommitMsg]2021/10/12 18:02:33.555281 /root/study/github_repository/pbftconsensus/network/routine_dispatchMsg.go:95: [into commit]
[dispatch CommitMsg]2021/10/12 18:02:33.561977 /root/study/github_repository/pbftconsensus/network/routine_dispatchMsg.go:95: [into commit]
[dispatch CommitMsg]2021/10/12 18:02:33.567616 /root/study/github_repository/pbftconsensus/network/routine_dispatchMsg.go:95: [into commit]
[dispatch CommitMsg]2021/10/12 18:02:33.573025 /root/study/github_repository/pbftconsensus/network/routine_dispatchMsg.go:95: [into commit]
[dispatch CommitMsg]2021/10/12 18:02:33.580038 /root/study/github_repository/pbftconsensus/network/routine_dispatchMsg.go:95: [into commit]
[dispatch CommitMsg]2021/10/12 18:02:33.588825 /root/study/github_repository/pbftconsensus/network/routine_dispatchMsg.go:95: [into commit]
[dispatch PrePrepareMsg]2021/10/12 18:02:43.383530 /root/study/github_repository/pbftconsensus/network/routine_dispatchMsg.go:63: [into pbft]
[dispatch PrepareMsg]2021/10/12 18:02:43.401085 /root/study/github_repository/pbftconsensus/network/routine_dispatchMsg.go:80: [into prepare]
[dispatch PrepareMsg]2021/10/12 18:02:43.407419 /root/study/github_repository/pbftconsensus/network/routine_dispatchMsg.go:80: [into prepare]
[dispatch PrepareMsg]2021/10/12 18:02:43.412559 /root/study/github_repository/pbftconsensus/network/routine_dispatchMsg.go:80: [into prepare]
[dispatch PrepareMsg]2021/10/12 18:02:43.421253 /root/study/github_repository/pbftconsensus/network/routine_dispatchMsg.go:80: [into prepare]
[dispatch PrepareMsg]2021/10/12 18:02:43.434101 /root/study/github_repository/pbftconsensus/network/routine_dispatchMsg.go:80: [into prepare]
[dispatch PrepareMsg]2021/10/12 18:02:43.441142 /root/study/github_repository/pbftconsensus/network/routine_dispatchMsg.go:80: [into prepare]
[dispatch PrepareMsg]2021/10/12 18:02:43.448843 /root/study/github_repository/pbftconsensus/network/routine_dispatchMsg.go:80: [into prepare]
[dispatch PrepareMsg]2021/10/12 18:02:43.454795 /root/study/github_repository/pbftconsensus/network/routine_dispatchMsg.go:80: [into prepare]
[dispatch PrepareMsg]2021/10/12 18:02:43.464179 /root/study/github_repository/pbftconsensus/network/routine_dispatchMsg.go:80: [into prepare]
[dispatch PrepareMsg]2021/10/12 18:02:43.482592 /root/study/github_repository/pbftconsensus/network/routine_dispatchMsg.go:80: [into prepare]
[dispatch CommitMsg]2021/10/12 18:02:43.488380 /root/study/github_repository/pbftconsensus/network/routine_dispatchMsg.go:95: [into commit]
[dispatch CommitMsg]2021/10/12 18:02:43.494952 /root/study/github_repository/pbftconsensus/network/routine_dispatchMsg.go:95: [into commit]
[dispatch CommitMsg]2021/10/12 18:02:43.519520 /root/study/github_repository/pbftconsensus/network/routine_dispatchMsg.go:95: [into commit]
[dispatch CommitMsg]2021/10/12 18:02:43.527992 /root/study/github_repository/pbftconsensus/network/routine_dispatchMsg.go:95: [into commit]
[dispatch CommitMsg]2021/10/12 18:02:43.533218 /root/study/github_repository/pbftconsensus/network/routine_dispatchMsg.go:95: [into commit]
[dispatch CommitMsg]2021/10/12 18:02:43.539033 /root/study/github_repository/pbftconsensus/network/routine_dispatchMsg.go:95: [into commit]
[dispatch CommitMsg]2021/10/12 18:02:43.545929 /root/study/github_repository/pbftconsensus/network/routine_dispatchMsg.go:95: [into commit]
[dispatch CommitMsg]2021/10/12 18:02:43.552521 /root/study/github_repository/pbftconsensus/network/routine_dispatchMsg.go:95: [into commit]
[dispatch CommitMsg]2021/10/12 18:02:43.561759 /root/study/github_repository/pbftconsensus/network/routine_dispatchMsg.go:95: [into commit]
[dispatch CommitMsg]2021/10/12 18:02:43.563364 /root/study/github_repository/pbftconsensus/network/routine_dispatchMsg.go:95: [into commit]
[dispatch CommitMsg]2021/10/12 18:02:43.570411 /root/study/github_repository/pbftconsensus/network/routine_dispatchMsg.go:95: [into commit]
[dispatch PrePrepareMsg]2021/10/12 18:02:53.402363 /root/study/github_repository/pbftconsensus/network/routine_dispatchMsg.go:63: [into pbft]
[dispatch PrepareMsg]2021/10/12 18:02:53.424297 /root/study/github_repository/pbftconsensus/network/routine_dispatchMsg.go:80: [into prepare]
[dispatch PrepareMsg]2021/10/12 18:02:53.443087 /root/study/github_repository/pbftconsensus/network/routine_dispatchMsg.go:80: [into prepare]
[dispatch PrepareMsg]2021/10/12 18:02:53.450879 /root/study/github_repository/pbftconsensus/network/routine_dispatchMsg.go:80: [into prepare]
[dispatch PrepareMsg]2021/10/12 18:02:53.457069 /root/study/github_repository/pbftconsensus/network/routine_dispatchMsg.go:80: [into prepare]
[dispatch PrepareMsg]2021/10/12 18:02:53.473516 /root/study/github_repository/pbftconsensus/network/network_http.go:70: receive a prepare message
[dispatch PrepareMsg]2021/10/12 18:02:53.496430 /root/study/github_repository/pbftconsensus/network/routine_dispatchMsg.go:80: [into prepare]
[dispatch PrepareMsg]2021/10/12 18:02:53.512555 /root/study/github_repository/pbftconsensus/network/routine_dispatchMsg.go:80: [into prepare]
[dispatch PrepareMsg]2021/10/12 18:02:53.548816 /root/study/github_repository/pbftconsensus/network/routine_dispatchMsg.go:80: [into prepare]
[dispatch CommitMsg]2021/10/12 18:02:53.574166 /root/study/github_repository/pbftconsensus/network/routine_dispatchMsg.go:95: [into commit]
[dispatch CommitMsg]2021/10/12 18:02:53.578380 /root/study/github_repository/pbftconsensus/network/routine_dispatchMsg.go:95: [into commit]
[dispatch CommitMsg]2021/10/12 18:02:53.583887 /root/study/github_repository/pbftconsensus/network/routine_dispatchMsg.go:95: [into commit]
[dispatch CommitMsg]2021/10/12 18:02:53.591864 /root/study/github_repository/pbftconsensus/network/routine_dispatchMsg.go:95: [into commit]
[dispatch CommitMsg]2021/10/12 18:02:53.597128 /root/study/github_repository/pbftconsensus/network/routine_dispatchMsg.go:95: [into commit]
[dispatch CommitMsg]2021/10/12 18:02:53.603189 /root/study/github_repository/pbftconsensus/network/routine_dispatchMsg.go:95: [into commit]
[dispatch CommitMsg]2021/10/12 18:02:53.608852 /root/study/github_repository/pbftconsensus/network/routine_dispatchMsg.go:95: [into commit]
[dispatch CommitMsg]2021/10/12 18:02:53.614835 /root/study/github_repository/pbftconsensus/network/routine_dispatchMsg.go:95: [into commit]
[dispatch PrePrepareMsg]2021/10/12 18:03:08.393365 /root/study/github_repository/pbftconsensus/network/routine_dispatchMsg.go:63: [into pbft]
[dispatch PrepareMsg]2021/10/12 18:03:08.420849 /root/study/github_repository/pbftconsensus/network/routine_dispatchMsg.go:80: [into prepare]
[dispatch PrepareMsg]2021/10/12 18:03:08.442948 /root/study/github_repository/pbftconsensus/network/routine_dispatchMsg.go:80: [into prepare]
[dispatch PrepareMsg]2021/10/12 18:03:08.449743 /root/study/github_repository/pbftconsensus/network/routine_dispatchMsg.go:80: [into prepare]
[dispatch PrepareMsg]2021/10/12 18:03:08.455093 /root/study/github_repository/pbftconsensus/network/routine_dispatchMsg.go:80: [into prepare]
[dispatch PrepareMsg]2021/10/12 18:03:08.461961 /root/study/github_repository/pbftconsensus/network/routine_dispatchMsg.go:80: [into prepare]
[dispatch PrepareMsg]2021/10/12 18:03:08.467577 /root/study/github_repository/pbftconsensus/network/routine_dispatchMsg.go:80: [into prepare]
[dispatch PrepareMsg]2021/10/12 18:03:08.492537 /root/study/github_repository/pbftconsensus/network/routine_dispatchMsg.go:80: [into prepare]
[dispatch PrepareMsg]2021/10/12 18:03:08.508988 /root/study/github_repository/pbftconsensus/network/routine_dispatchMsg.go:80: [into prepare]
[dispatch CommitMsg]2021/10/12 18:03:08.515464 /root/study/github_repository/pbftconsensus/network/routine_dispatchMsg.go:95: [into commit]
[dispatch CommitMsg]2021/10/12 18:03:08.527906 /root/study/github_repository/pbftconsensus/network/routine_dispatchMsg.go:95: [into commit]
[dispatch CommitMsg]2021/10/12 18:03:08.531357 /root/study/github_repository/pbftconsensus/network/routine_dispatchMsg.go:95: [into commit]
[dispatch CommitMsg]2021/10/12 18:03:08.544851 /root/study/github_repository/pbftconsensus/network/routine_dispatchMsg.go:95: [into commit]
[dispatch CommitMsg]2021/10/12 18:03:08.550736 /root/study/github_repository/pbftconsensus/network/routine_dispatchMsg.go:95: [into commit]
[dispatch CommitMsg]2021/10/12 18:03:08.556052 /root/study/github_repository/pbftconsensus/network/routine_dispatchMsg.go:95: [into commit]
[dispatch CommitMsg]2021/10/12 18:03:08.565303 /root/study/github_repository/pbftconsensus/network/routine_dispatchMsg.go:95: [into commit]
[dispatch CommitMsg]2021/10/12 18:03:08.576600 /root/study/github_repository/pbftconsensus/network/routine_dispatchMsg.go:95: [into commit]
[dispatch CommitMsg]2021/10/12 18:03:08.589989 /root/study/github_repository/pbftconsensus/network/routine_dispatchMsg.go:95: [into commit]
[dispatch CommitMsg]2021/10/12 18:03:08.595312 /root/study/github_repository/pbftconsensus/network/routine_dispatchMsg.go:95: [into commit]
[dispatch PrePrepareMsg]2021/10/12 18:03:18.392371 /root/study/github_repository/pbftconsensus/network/routine_dispatchMsg.go:63: [into pbft]
[dispatch PrepareMsg]2021/10/12 18:03:18.411007 /root/study/github_repository/pbftconsensus/network/routine_dispatchMsg.go:80: [into prepare]
[dispatch PrepareMsg]2021/10/12 18:03:18.416313 /root/study/github_repository/pbftconsensus/network/routine_dispatchMsg.go:80: [into prepare]
[dispatch PrepareMsg]2021/10/12 18:03:18.425571 /root/study/github_repository/pbftconsensus/network/routine_dispatchMsg.go:80: [into prepare]
[dispatch PrepareMsg]2021/10/12 18:03:18.431352 /root/study/github_repository/pbftconsensus/network/routine_dispatchMsg.go:80: [into prepare]
[dispatch PrepareMsg]2021/10/12 18:03:18.446290 /root/study/github_repository/pbftconsensus/network/routine_dispatchMsg.go:80: [into prepare]
[dispatch PrepareMsg]2021/10/12 18:03:18.462439 /root/study/github_repository/pbftconsensus/network/routine_dispatchMsg.go:80: [into prepare]
[dispatch PrepareMsg]2021/10/12 18:03:18.468544 /root/study/github_repository/pbftconsensus/network/routine_dispatchMsg.go:80: [into prepare]
[dispatch PrepareMsg]2021/10/12 18:03:18.475205 /root/study/github_repository/pbftconsensus/network/routine_dispatchMsg.go:80: [into prepare]
[dispatch PrepareMsg]2021/10/12 18:03:18.513150 /root/study/github_repository/pbftconsensus/network/routine_dispatchMsg.go:80: [into prepare]
[dispatch PrepareMsg]2021/10/12 18:03:18.540748 /root/study/github_repository/pbftconsensus/network/routine_dispatchMsg.go:80: [into prepare]
[dispatch CommitMsg]2021/10/12 18:03:18.546775 /root/study/github_repository/pbftconsensus/network/routine_dispatchMsg.go:95: [into commit]
[dispatch CommitMsg]2021/10/12 18:03:18.563825 /root/study/github_repository/pbftconsensus/network/routine_dispatchMsg.go:95: [into commit]
[dispatch CommitMsg]2021/10/12 18:03:18.571259 /root/study/github_repository/pbftconsensus/network/routine_dispatchMsg.go:95: [into commit]
[dispatch CommitMsg]2021/10/12 18:03:18.584070 /root/study/github_repository/pbftconsensus/network/routine_dispatchMsg.go:95: [into commit]
[dispatch CommitMsg]2021/10/12 18:03:18.588870 /root/study/github_repository/pbftconsensus/network/routine_dispatchMsg.go:95: [into commit]
[dispatch CommitMsg]2021/10/12 18:03:18.595354 /root/study/github_repository/pbftconsensus/network/routine_dispatchMsg.go:95: [into commit]
[dispatch CommitMsg]2021/10/12 18:03:18.602064 /root/study/github_repository/pbftconsensus/network/routine_dispatchMsg.go:95: [into commit]
[dispatch CommitMsg]2021/10/12 18:03:18.609322 /root/study/github_repository/pbftconsensus/network/routine_dispatchMsg.go:95: [into commit]
[dispatch CommitMsg]2021/10/12 18:03:18.620272 /root/study/github_repository/pbftconsensus/network/routine_dispatchMsg.go:95: [into commit]
[dispatch PrePrepareMsg]2021/10/12 18:03:28.398436 /root/study/github_repository/pbftconsensus/network/routine_dispatchMsg.go:63: [into pbft]
[dispatch PrepareMsg]2021/10/12 18:03:28.414043 /root/study/github_repository/pbftconsensus/network/routine_dispatchMsg.go:80: [into prepare]
[dispatch PrepareMsg]2021/10/12 18:03:28.428359 /root/study/github_repository/pbftconsensus/network/routine_dispatchMsg.go:80: [into prepare]
[dispatch PrepareMsg]2021/10/12 18:03:28.443910 /root/study/github_repository/pbftconsensus/network/routine_dispatchMsg.go:80: [into prepare]
[dispatch PrepareMsg]2021/10/12 18:03:28.447910 /root/study/github_repository/pbftconsensus/network/routine_dispatchMsg.go:80: [into prepare]
[dispatch PrepareMsg]2021/10/12 18:03:28.453411 /root/study/github_repository/pbftconsensus/network/routine_dispatchMsg.go:80: [into prepare]
[dispatch PrepareMsg]2021/10/12 18:03:28.464539 /root/study/github_repository/pbftconsensus/network/routine_dispatchMsg.go:80: [into prepare]
[dispatch PrepareMsg]2021/10/12 18:03:28.472235 /root/study/github_repository/pbftconsensus/network/routine_dispatchMsg.go:80: [into prepare]
[dispatch PrepareMsg]2021/10/12 18:03:28.492657 /root/study/github_repository/pbftconsensus/network/routine_dispatchMsg.go:80: [into prepare]
[dispatch CommitMsg]2021/10/12 18:03:28.499979 /root/study/github_repository/pbftconsensus/network/network_http.go:87: receive a commit message
[dispatch CommitMsg]2021/10/12 18:03:28.516205 /root/study/github_repository/pbftconsensus/network/routine_dispatchMsg.go:95: [into commit]
[dispatch CommitMsg]2021/10/12 18:03:28.519904 /root/study/github_repository/pbftconsensus/network/routine_dispatchMsg.go:95: [into commit]
[dispatch CommitMsg]2021/10/12 18:03:28.523392 /root/study/github_repository/pbftconsensus/network/routine_dispatchMsg.go:95: [into commit]
[dispatch CommitMsg]2021/10/12 18:03:28.532488 /root/study/github_repository/pbftconsensus/network/routine_dispatchMsg.go:95: [into commit]
[dispatch CommitMsg]2021/10/12 18:03:28.534939 /root/study/github_repository/pbftconsensus/network/routine_dispatchMsg.go:95: [into commit]
[dispatch CommitMsg]2021/10/12 18:03:28.538426 /root/study/github_repository/pbftconsensus/network/routine_dispatchMsg.go:95: [into commit]
