[dispatch PrePrepareMsg]2021/10/11 23:19:52.356806 /root/study/github_repository/pbftconsensus/network/routine_dispatchMsg.go:63: [into pbft]
[dispatch PrepareMsg]2021/10/11 23:19:52.389369 /root/study/github_repository/pbftconsensus/network/routine_dispatchMsg.go:80: [collect enough preparemsg]
[dispatch CommitMsg]2021/10/11 23:19:52.509802 /root/study/github_repository/pbftconsensus/network/routine_dispatchMsg.go:97: [collect enough commitmsg]
[dispatch PrePrepareMsg]2021/10/11 23:22:37.510948 /root/study/github_repository/pbftconsensus/network/routine_dispatchMsg.go:63: [into pbft]
[dispatch PrepareMsg]2021/10/11 23:22:37.539688 /root/study/github_repository/pbftconsensus/network/routine_dispatchMsg.go:80: [collect enough preparemsg]
[dispatch CommitMsg]2021/10/11 23:22:37.674254 /root/study/github_repository/pbftconsensus/network/routine_dispatchMsg.go:97: [collect enough commitmsg]
[dispatch PrePrepareMsg]2021/10/11 23:25:28.738981 /root/study/github_repository/pbftconsensus/network/routine_dispatchMsg.go:63: [into pbft]
[dispatch CommitMsg]2021/10/11 23:25:28.881023 /root/study/github_repository/pbftconsensus/network/routine_dispatchMsg.go:97: [collect enough commitmsg]
[dispatch PrePrepareMsg]2021/10/11 23:30:51.789126 /root/study/github_repository/pbftconsensus/network/routine_dispatchMsg.go:63: [into pbft]
[dispatch PrepareMsg]2021/10/11 23:30:51.816738 /root/study/github_repository/pbftconsensus/network/routine_dispatchMsg.go:80: [collect enough preparemsg]
[dispatch CommitMsg]2021/10/11 23:30:51.959230 /root/study/github_repository/pbftconsensus/network/routine_dispatchMsg.go:97: [collect enough commitmsg]
[dispatch PrePrepareMsg]2021/10/12 17:07:14.728211 /root/study/github_repository/pbftconsensus/network/routine_dispatchMsg.go:63: [into pbft]
[dispatch PrepareMsg]2021/10/12 17:07:14.776764 /root/study/github_repository/pbftconsensus/network/routine_dispatchMsg.go:80: [collect enough preparemsg]
[dispatch CommitMsg]2021/10/12 17:07:14.849475 /root/study/github_repository/pbftconsensus/network/routine_dispatchMsg.go:97: [collect enough commitmsg]
[dispatch PrePrepareMsg]2021/10/12 17:52:07.128828 /root/study/github_repository/pbftconsensus/network/routine_dispatchMsg.go:63: [into pbft]
[dispatch PrepareMsg]2021/10/12 17:52:07.154106 /root/study/github_repository/pbftconsensus/network/routine_dispatchMsg.go:80: [into prepare]
[dispatch PrepareMsg]2021/10/12 17:52:07.161445 /root/study/github_repository/pbftconsensus/network/routine_dispatchMsg.go:80: [into prepare]
[dispatch PrepareMsg]2021/10/12 17:52:07.170091 /root/study/github_repository/pbftconsensus/network/routine_dispatchMsg.go:80: [into prepare]
[dispatch PrepareMsg]2021/10/12 17:52:07.177060 /root/study/github_repository/pbftconsensus/network/routine_dispatchMsg.go:80: [into prepare]
[dispatch PrepareMsg]2021/10/12 17:52:07.181190 /root/study/github_repository/pbftconsensus/network/routine_dispatchMsg.go:80: [into prepare]
[dispatch PrepareMsg]2021/10/12 17:52:07.189151 /root/study/github_repository/pbftconsensus/network/routine_dispatchMsg.go:80: [into prepare]
[dispatch PrepareMsg]2021/10/12 17:52:07.200743 /root/study/github_repository/pbftconsensus/network/routine_dispatchMsg.go:80: [into prepare]
[dispatch PrepareMsg]2021/10/12 17:52:07.200762 /root/study/github_repository/pbftconsensus/network/routine_dispatchMsg.go:80: [into prepare]
[dispatch PrepareMsg]2021/10/12 17:52:07.206611 /root/study/github_repository/pbftconsensus/network/routine_dispatchMsg.go:80: [into prepare]
[dispatch CommitMsg]2021/10/12 17:52:07.240345 /root/study/github_repository/pbftconsensus/network/routine_dispatchMsg.go:95: [into commit]
[dispatch CommitMsg]2021/10/12 17:52:07.251527 /root/study/github_repository/pbftconsensus/network/routine_dispatchMsg.go:95: [into commit]
[dispatch CommitMsg]2021/10/12 17:52:07.258859 /root/study/github_repository/pbftconsensus/network/routine_dispatchMsg.go:95: [into commit]
[dispatch CommitMsg]2021/10/12 17:52:07.300403 /root/study/github_repository/pbftconsensus/network/routine_dispatchMsg.go:95: [into commit]
[dispatch CommitMsg]2021/10/12 17:52:07.311002 /root/study/github_repository/pbftconsensus/network/routine_dispatchMsg.go:95: [into commit]
[dispatch CommitMsg]2021/10/12 17:52:07.315995 /root/study/github_repository/pbftconsensus/network/routine_dispatchMsg.go:95: [into commit]
[dispatch CommitMsg]2021/10/12 17:52:07.323264 /root/study/github_repository/pbftconsensus/network/routine_dispatchMsg.go:95: [into commit]
[dispatch CommitMsg]2021/10/12 17:52:07.337734 /root/study/github_repository/pbftconsensus/network/routine_dispatchMsg.go:95: [into commit]
[dispatch CommitMsg]2021/10/12 17:52:07.345604 /root/study/github_repository/pbftconsensus/network/routine_dispatchMsg.go:95: [into commit]
[dispatch CommitMsg]2021/10/12 17:52:07.351288 /root/study/github_repository/pbftconsensus/network/routine_dispatchMsg.go:95: [into commit]
[dispatch CommitMsg]2021/10/12 17:52:07.360561 /root/study/github_repository/pbftconsensus/network/routine_dispatchMsg.go:95: [into commit]
[dispatch PrePrepareMsg]2021/10/12 17:53:17.180518 /root/study/github_repository/pbftconsensus/network/routine_dispatchMsg.go:63: [into pbft]
[dispatch PrepareMsg]2021/10/12 17:53:17.196922 /root/study/github_repository/pbftconsensus/network/routine_dispatchMsg.go:80: [into prepare]
[dispatch PrepareMsg]2021/10/12 17:53:17.221504 /root/study/github_repository/pbftconsensus/network/routine_dispatchMsg.go:80: [into prepare]
[dispatch PrepareMsg]2021/10/12 17:53:17.226095 /root/study/github_repository/pbftconsensus/network/routine_dispatchMsg.go:80: [into prepare]
[dispatch PrepareMsg]2021/10/12 17:53:17.232319 /root/study/github_repository/pbftconsensus/network/routine_dispatchMsg.go:80: [into prepare]
[dispatch PrepareMsg]2021/10/12 17:53:17.238411 /root/study/github_repository/pbftconsensus/network/routine_dispatchMsg.go:80: [into prepare]
[dispatch PrepareMsg]2021/10/12 17:53:17.244459 /root/study/github_repository/pbftconsensus/network/routine_dispatchMsg.go:80: [into prepare]
[dispatch PrepareMsg]2021/10/12 17:53:17.248945 /root/study/github_repository/pbftconsensus/network/routine_dispatchMsg.go:80: [into prepare]
[dispatch PrepareMsg]2021/10/12 17:53:17.253789 /root/study/github_repository/pbftconsensus/network/routine_dispatchMsg.go:80: [into prepare]
[dispatch PrepareMsg]2021/10/12 17:53:17.269181 /root/study/github_repository/pbftconsensus/network/routine_dispatchMsg.go:80: [into prepare]
[dispatch CommitMsg]2021/10/12 17:53:17.287585 /root/study/github_repository/pbftconsensus/network/routine_dispatchMsg.go:95: [into commit]
[dispatch CommitMsg]2021/10/12 17:53:17.301185 /root/study/github_repository/pbftconsensus/network/routine_dispatchMsg.go:95: [into commit]
[dispatch CommitMsg]2021/10/12 17:53:17.310925 /root/study/github_repository/pbftconsensus/network/routine_dispatchMsg.go:95: [into commit]
[dispatch CommitMsg]2021/10/12 17:53:17.331272 /root/study/github_repository/pbftconsensus/network/routine_dispatchMsg.go:95: [into commit]
[dispatch CommitMsg]2021/10/12 17:53:17.348011 /root/study/github_repository/pbftconsensus/network/routine_dispatchMsg.go:95: [into commit]
[dispatch CommitMsg]2021/10/12 17:53:17.356359 /root/study/github_repository/pbftconsensus/network/routine_dispatchMsg.go:95: [into commit]
[dispatch CommitMsg]2021/10/12 17:53:17.365640 /root/study/github_repository/pbftconsensus/network/routine_dispatchMsg.go:95: [into commit]
[dispatch CommitMsg]2021/10/12 17:53:17.370611 /root/study/github_repository/pbftconsensus/network/routine_dispatchMsg.go:95: [into commit]
[dispatch CommitMsg]2021/10/12 17:53:17.376694 /root/study/github_repository/pbftconsensus/network/routine_dispatchMsg.go:95: [into commit]
[dispatch CommitMsg]2021/10/12 17:53:17.384867 /root/study/github_repository/pbftconsensus/network/routine_dispatchMsg.go:95: [into commit]
[dispatch CommitMsg]2021/10/12 17:53:17.394065 /root/study/github_repository/pbftconsensus/network/routine_dispatchMsg.go:95: [into commit]
[dispatch PrePrepareMsg]2021/10/12 17:53:42.201682 /root/study/github_repository/pbftconsensus/network/routine_dispatchMsg.go:63: [into pbft]
[dispatch PrepareMsg]2021/10/12 17:53:42.217659 /root/study/github_repository/pbftconsensus/network/routine_dispatchMsg.go:80: [into prepare]
[dispatch PrepareMsg]2021/10/12 17:53:42.237635 /root/study/github_repository/pbftconsensus/network/routine_dispatchMsg.go:80: [into prepare]
[dispatch PrepareMsg]2021/10/12 17:53:42.242789 /root/study/github_repository/pbftconsensus/network/routine_dispatchMsg.go:80: [into prepare]
[dispatch PrepareMsg]2021/10/12 17:53:42.249605 /root/study/github_repository/pbftconsensus/network/routine_dispatchMsg.go:80: [into prepare]
[dispatch PrepareMsg]2021/10/12 17:53:42.255801 /root/study/github_repository/pbftconsensus/network/routine_dispatchMsg.go:80: [into prepare]
[dispatch PrepareMsg]2021/10/12 17:53:42.260548 /root/study/github_repository/pbftconsensus/network/routine_dispatchMsg.go:80: [into prepare]
[dispatch PrepareMsg]2021/10/12 17:53:42.268338 /root/study/github_repository/pbftconsensus/network/routine_dispatchMsg.go:80: [into prepare]
[dispatch PrepareMsg]2021/10/12 17:53:42.287720 /root/study/github_repository/pbftconsensus/network/routine_dispatchMsg.go:80: [into prepare]
[dispatch CommitMsg]2021/10/12 17:53:42.295621 /root/study/github_repository/pbftconsensus/network/routine_dispatchMsg.go:95: [into commit]
[dispatch CommitMsg]2021/10/12 17:53:42.309227 /root/study/github_repository/pbftconsensus/network/routine_dispatchMsg.go:95: [into commit]
[dispatch CommitMsg]2021/10/12 17:53:42.316236 /root/study/github_repository/pbftconsensus/network/routine_dispatchMsg.go:95: [into commit]
[dispatch CommitMsg]2021/10/12 17:53:42.327106 /root/study/github_repository/pbftconsensus/network/routine_dispatchMsg.go:95: [into commit]
[dispatch CommitMsg]2021/10/12 17:53:42.333690 /root/study/github_repository/pbftconsensus/network/routine_dispatchMsg.go:95: [into commit]
[dispatch CommitMsg]2021/10/12 17:53:42.355295 /root/study/github_repository/pbftconsensus/network/routine_dispatchMsg.go:95: [into commit]
[dispatch CommitMsg]2021/10/12 17:53:42.362299 /root/study/github_repository/pbftconsensus/network/routine_dispatchMsg.go:95: [into commit]
[dispatch CommitMsg]2021/10/12 17:53:42.371447 /root/study/github_repository/pbftconsensus/network/routine_dispatchMsg.go:95: [into commit]
[dispatch CommitMsg]2021/10/12 17:53:42.393186 /root/study/github_repository/pbftconsensus/network/routine_dispatchMsg.go:95: [into commit]
[dispatch CommitMsg]2021/10/12 17:53:42.403797 /root/study/github_repository/pbftconsensus/network/routine_dispatchMsg.go:95: [into commit]
[dispatch CommitMsg]2021/10/12 17:53:42.410345 /root/study/github_repository/pbftconsensus/network/routine_dispatchMsg.go:95: [into commit]
[dispatch PrePrepareMsg]2021/10/12 17:54:07.219288 /root/study/github_repository/pbftconsensus/network/routine_dispatchMsg.go:63: [into pbft]
[dispatch PrepareMsg]2021/10/12 17:54:07.238775 /root/study/github_repository/pbftconsensus/network/routine_dispatchMsg.go:80: [into prepare]
[dispatch PrepareMsg]2021/10/12 17:54:07.284753 /root/study/github_repository/pbftconsensus/network/routine_dispatchMsg.go:80: [into prepare]
[dispatch PrepareMsg]2021/10/12 17:54:07.289654 /root/study/github_repository/pbftconsensus/network/routine_dispatchMsg.go:80: [into prepare]
[dispatch PrepareMsg]2021/10/12 17:54:07.303526 /root/study/github_repository/pbftconsensus/network/routine_dispatchMsg.go:80: [into prepare]
[dispatch PrepareMsg]2021/10/12 17:54:07.333227 /root/study/github_repository/pbftconsensus/network/routine_dispatchMsg.go:80: [into prepare]
[dispatch CommitMsg]2021/10/12 17:54:07.343297 /root/study/github_repository/pbftconsensus/network/routine_dispatchMsg.go:95: [into commit]
[dispatch CommitMsg]2021/10/12 17:54:07.350695 /root/study/github_repository/pbftconsensus/network/routine_dispatchMsg.go:95: [into commit]
[dispatch CommitMsg]2021/10/12 17:54:07.356551 /root/study/github_repository/pbftconsensus/network/routine_dispatchMsg.go:95: [into commit]
[dispatch CommitMsg]2021/10/12 17:54:07.362534 /root/study/github_repository/pbftconsensus/network/routine_dispatchMsg.go:95: [into commit]
[dispatch CommitMsg]2021/10/12 17:54:07.385902 /root/study/github_repository/pbftconsensus/network/routine_dispatchMsg.go:95: [into commit]
[dispatch CommitMsg]2021/10/12 17:54:07.392244 /root/study/github_repository/pbftconsensus/network/routine_dispatchMsg.go:95: [into commit]
[dispatch CommitMsg]2021/10/12 17:54:07.399079 /root/study/github_repository/pbftconsensus/network/routine_dispatchMsg.go:95: [into commit]
[dispatch CommitMsg]2021/10/12 17:54:07.404173 /root/study/github_repository/pbftconsensus/network/routine_dispatchMsg.go:95: [into commit]
[dispatch CommitMsg]2021/10/12 17:54:07.412872 /root/study/github_repository/pbftconsensus/network/routine_dispatchMsg.go:95: [into commit]
[dispatch CommitMsg]2021/10/12 17:54:07.424265 /root/study/github_repository/pbftconsensus/network/routine_dispatchMsg.go:95: [into commit]
[dispatch PrePrepareMsg]2021/10/12 17:54:35.118804 /root/study/github_repository/pbftconsensus/network/routine_dispatchMsg.go:63: [into pbft]
[dispatch PrepareMsg]2021/10/12 17:54:35.137105 /root/study/github_repository/pbftconsensus/network/routine_dispatchMsg.go:80: [into prepare]
[dispatch PrepareMsg]2021/10/12 17:54:35.157701 /root/study/github_repository/pbftconsensus/network/routine_dispatchMsg.go:80: [into prepare]
[dispatch PrepareMsg]2021/10/12 17:54:35.163346 /root/study/github_repository/pbftconsensus/network/routine_dispatchMsg.go:80: [into prepare]
[dispatch PrepareMsg]2021/10/12 17:54:35.168421 /root/study/github_repository/pbftconsensus/network/routine_dispatchMsg.go:80: [into prepare]
[dispatch PrepareMsg]2021/10/12 17:54:35.176243 /root/study/github_repository/pbftconsensus/network/routine_dispatchMsg.go:80: [into prepare]
[dispatch PrepareMsg]2021/10/12 17:54:35.200850 /root/study/github_repository/pbftconsensus/network/routine_dispatchMsg.go:80: [into prepare]
[dispatch PrepareMsg]2021/10/12 17:54:35.207347 /root/study/github_repository/pbftconsensus/network/routine_dispatchMsg.go:80: [into prepare]
[dispatch PrepareMsg]2021/10/12 17:54:35.225664 /root/study/github_repository/pbftconsensus/network/routine_dispatchMsg.go:80: [into prepare]
[dispatch CommitMsg]2021/10/12 17:54:35.232160 /root/study/github_repository/pbftconsensus/network/routine_dispatchMsg.go:95: [into commit]
[dispatch CommitMsg]2021/10/12 17:54:35.270796 /root/study/github_repository/pbftconsensus/network/routine_dispatchMsg.go:95: [into commit]
[dispatch CommitMsg]2021/10/12 17:54:35.286886 /root/study/github_repository/pbftconsensus/network/routine_dispatchMsg.go:95: [into commit]
[dispatch CommitMsg]2021/10/12 17:54:35.296089 /root/study/github_repository/pbftconsensus/network/routine_dispatchMsg.go:95: [into commit]
[dispatch CommitMsg]2021/10/12 17:54:35.299463 /root/study/github_repository/pbftconsensus/network/routine_dispatchMsg.go:95: [into commit]
[dispatch CommitMsg]2021/10/12 17:54:35.306011 /root/study/github_repository/pbftconsensus/network/routine_dispatchMsg.go:95: [into commit]
[dispatch CommitMsg]2021/10/12 17:54:35.312529 /root/study/github_repository/pbftconsensus/network/routine_dispatchMsg.go:95: [into commit]
[dispatch CommitMsg]2021/10/12 17:54:35.320012 /root/study/github_repository/pbftconsensus/network/routine_dispatchMsg.go:95: [into commit]
[dispatch PrePrepareMsg]2021/10/12 17:54:50.140674 /root/study/github_repository/pbftconsensus/network/routine_dispatchMsg.go:63: [into pbft]
[dispatch PrepareMsg]2021/10/12 17:54:50.166813 /root/study/github_repository/pbftconsensus/network/routine_dispatchMsg.go:80: [into prepare]
[dispatch PrepareMsg]2021/10/12 17:54:50.195018 /root/study/github_repository/pbftconsensus/network/routine_dispatchMsg.go:80: [into prepare]
[dispatch PrepareMsg]2021/10/12 17:54:50.200995 /root/study/github_repository/pbftconsensus/network/routine_dispatchMsg.go:80: [into prepare]
[dispatch PrepareMsg]2021/10/12 17:54:50.216985 /root/study/github_repository/pbftconsensus/network/routine_dispatchMsg.go:80: [into prepare]
[dispatch PrepareMsg]2021/10/12 17:54:50.222564 /root/study/github_repository/pbftconsensus/network/routine_dispatchMsg.go:80: [into prepare]
[dispatch PrepareMsg]2021/10/12 17:54:50.230889 /root/study/github_repository/pbftconsensus/network/routine_dispatchMsg.go:80: [into prepare]
[dispatch PrepareMsg]2021/10/12 17:54:50.248275 /root/study/github_repository/pbftconsensus/network/routine_dispatchMsg.go:80: [into prepare]
[dispatch CommitMsg]2021/10/12 17:54:50.254305 /root/study/github_repository/pbftconsensus/network/routine_dispatchMsg.go:95: [into commit]
[dispatch CommitMsg]2021/10/12 17:54:50.272917 /root/study/github_repository/pbftconsensus/network/routine_dispatchMsg.go:95: [into commit]
[dispatch CommitMsg]2021/10/12 17:54:50.279210 /root/study/github_repository/pbftconsensus/network/routine_dispatchMsg.go:95: [into commit]
[dispatch CommitMsg]2021/10/12 17:54:50.285288 /root/study/github_repository/pbftconsensus/network/routine_dispatchMsg.go:95: [into commit]
[dispatch CommitMsg]2021/10/12 17:54:50.289914 /root/study/github_repository/pbftconsensus/network/routine_dispatchMsg.go:95: [into commit]
[dispatch CommitMsg]2021/10/12 17:54:50.295214 /root/study/github_repository/pbftconsensus/network/routine_dispatchMsg.go:95: [into commit]
[dispatch CommitMsg]2021/10/12 17:54:50.302956 /root/study/github_repository/pbftconsensus/network/routine_dispatchMsg.go:95: [into commit]
[dispatch CommitMsg]2021/10/12 17:54:50.318286 /root/study/github_repository/pbftconsensus/network/routine_dispatchMsg.go:95: [into commit]
[dispatch CommitMsg]2021/10/12 17:54:50.325450 /root/study/github_repository/pbftconsensus/network/routine_dispatchMsg.go:95: [into commit]
[dispatch CommitMsg]2021/10/12 17:54:50.331631 /root/study/github_repository/pbftconsensus/network/routine_dispatchMsg.go:95: [into commit]
[dispatch PrePrepareMsg]2021/10/12 17:55:00.125754 /root/study/github_repository/pbftconsensus/network/routine_dispatchMsg.go:63: [into pbft]
[dispatch PrepareMsg]2021/10/12 17:55:00.153494 /root/study/github_repository/pbftconsensus/network/routine_dispatchMsg.go:80: [into prepare]
[dispatch PrepareMsg]2021/10/12 17:55:00.168701 /root/study/github_repository/pbftconsensus/network/routine_dispatchMsg.go:80: [into prepare]
[dispatch PrepareMsg]2021/10/12 17:55:00.175904 /root/study/github_repository/pbftconsensus/network/routine_dispatchMsg.go:80: [into prepare]
[dispatch PrepareMsg]2021/10/12 17:55:00.180906 /root/study/github_repository/pbftconsensus/network/routine_dispatchMsg.go:80: [into prepare]
[dispatch PrepareMsg]2021/10/12 17:55:00.186625 /root/study/github_repository/pbftconsensus/network/routine_dispatchMsg.go:80: [into prepare]
[dispatch PrepareMsg]2021/10/12 17:55:00.193870 /root/study/github_repository/pbftconsensus/network/routine_dispatchMsg.go:80: [into prepare]
[dispatch PrepareMsg]2021/10/12 17:55:00.203413 /root/study/github_repository/pbftconsensus/network/routine_dispatchMsg.go:80: [into prepare]
[dispatch PrepareMsg]2021/10/12 17:55:00.213208 /root/study/github_repository/pbftconsensus/network/routine_dispatchMsg.go:80: [into prepare]
[dispatch PrepareMsg]2021/10/12 17:55:00.233040 /root/study/github_repository/pbftconsensus/network/routine_dispatchMsg.go:80: [into prepare]
[dispatch CommitMsg]2021/10/12 17:55:00.236623 /root/study/github_repository/pbftconsensus/network/routine_dispatchMsg.go:95: [into commit]
[dispatch CommitMsg]2021/10/12 17:55:00.243088 /root/study/github_repository/pbftconsensus/network/routine_dispatchMsg.go:95: [into commit]
[dispatch CommitMsg]2021/10/12 17:55:00.248788 /root/study/github_repository/pbftconsensus/network/routine_dispatchMsg.go:95: [into commit]
[dispatch CommitMsg]2021/10/12 17:55:00.253709 /root/study/github_repository/pbftconsensus/network/routine_dispatchMsg.go:95: [into commit]
[dispatch CommitMsg]2021/10/12 17:55:00.259196 /root/study/github_repository/pbftconsensus/network/routine_dispatchMsg.go:95: [into commit]
[dispatch CommitMsg]2021/10/12 17:55:00.264693 /root/study/github_repository/pbftconsensus/network/routine_dispatchMsg.go:95: [into commit]
[dispatch CommitMsg]2021/10/12 17:55:00.284440 /root/study/github_repository/pbftconsensus/network/routine_dispatchMsg.go:95: [into commit]
[dispatch CommitMsg]2021/10/12 17:55:00.297827 /root/study/github_repository/pbftconsensus/network/routine_dispatchMsg.go:95: [into commit]
[dispatch CommitMsg]2021/10/12 17:55:00.308871 /root/study/github_repository/pbftconsensus/network/routine_dispatchMsg.go:95: [into commit]
[dispatch CommitMsg]2021/10/12 17:55:00.316719 /root/study/github_repository/pbftconsensus/network/routine_dispatchMsg.go:95: [into commit]
[dispatch CommitMsg]2021/10/12 17:55:00.322541 /root/study/github_repository/pbftconsensus/network/routine_dispatchMsg.go:95: [into commit]
[dispatch PrePrepareMsg]2021/10/12 17:55:10.136505 /root/study/github_repository/pbftconsensus/network/routine_dispatchMsg.go:63: [into pbft]
[dispatch PrepareMsg]2021/10/12 17:55:10.155920 /root/study/github_repository/pbftconsensus/network/routine_dispatchMsg.go:80: [into prepare]
[dispatch PrepareMsg]2021/10/12 17:55:10.176766 /root/study/github_repository/pbftconsensus/network/routine_dispatchMsg.go:80: [into prepare]
[dispatch PrepareMsg]2021/10/12 17:55:10.183468 /root/study/github_repository/pbftconsensus/network/routine_dispatchMsg.go:80: [into prepare]
[dispatch PrepareMsg]2021/10/12 17:55:10.190082 /root/study/github_repository/pbftconsensus/network/routine_dispatchMsg.go:80: [into prepare]
[dispatch PrepareMsg]2021/10/12 17:55:10.199992 /root/study/github_repository/pbftconsensus/network/routine_dispatchMsg.go:80: [into prepare]
[dispatch PrepareMsg]2021/10/12 17:55:10.207648 /root/study/github_repository/pbftconsensus/network/routine_dispatchMsg.go:80: [into prepare]
[dispatch PrepareMsg]2021/10/12 17:55:10.221264 /root/study/github_repository/pbftconsensus/network/routine_dispatchMsg.go:80: [into prepare]
[dispatch CommitMsg]2021/10/12 17:55:10.244963 /root/study/github_repository/pbftconsensus/network/routine_dispatchMsg.go:95: [into commit]
[dispatch CommitMsg]2021/10/12 17:55:10.251605 /root/study/github_repository/pbftconsensus/network/routine_dispatchMsg.go:95: [into commit]
[dispatch CommitMsg]2021/10/12 17:55:10.264331 /root/study/github_repository/pbftconsensus/network/routine_dispatchMsg.go:95: [into commit]
[dispatch CommitMsg]2021/10/12 17:55:10.270270 /root/study/github_repository/pbftconsensus/network/routine_dispatchMsg.go:95: [into commit]
[dispatch CommitMsg]2021/10/12 17:55:10.281063 /root/study/github_repository/pbftconsensus/network/routine_dispatchMsg.go:95: [into commit]
[dispatch CommitMsg]2021/10/12 17:55:10.287963 /root/study/github_repository/pbftconsensus/network/routine_dispatchMsg.go:95: [into commit]
[dispatch CommitMsg]2021/10/12 17:55:10.295713 /root/study/github_repository/pbftconsensus/network/routine_dispatchMsg.go:95: [into commit]
[dispatch CommitMsg]2021/10/12 17:55:10.300396 /root/study/github_repository/pbftconsensus/network/routine_dispatchMsg.go:95: [into commit]
[dispatch CommitMsg]2021/10/12 17:55:10.306941 /root/study/github_repository/pbftconsensus/network/routine_dispatchMsg.go:95: [into commit]
[dispatch CommitMsg]2021/10/12 17:55:10.311999 /root/study/github_repository/pbftconsensus/network/routine_dispatchMsg.go:95: [into commit]
[dispatch CommitMsg]2021/10/12 17:55:10.317524 /root/study/github_repository/pbftconsensus/network/routine_dispatchMsg.go:95: [into commit]
[dispatch PrePrepareMsg]2021/10/12 17:55:20.136177 /root/study/github_repository/pbftconsensus/network/routine_dispatchMsg.go:63: [into pbft]
[dispatch PrepareMsg]2021/10/12 17:55:20.151697 /root/study/github_repository/pbftconsensus/network/routine_dispatchMsg.go:80: [into prepare]
[dispatch PrepareMsg]2021/10/12 17:55:20.159026 /root/study/github_repository/pbftconsensus/network/routine_dispatchMsg.go:80: [into prepare]
[dispatch PrepareMsg]2021/10/12 17:55:20.164289 /root/study/github_repository/pbftconsensus/network/routine_dispatchMsg.go:80: [into prepare]
[dispatch PrepareMsg]2021/10/12 17:55:20.171013 /root/study/github_repository/pbftconsensus/network/routine_dispatchMsg.go:80: [into prepare]
[dispatch PrepareMsg]2021/10/12 17:55:20.177407 /root/study/github_repository/pbftconsensus/network/routine_dispatchMsg.go:80: [into prepare]
[dispatch PrepareMsg]2021/10/12 17:55:20.185345 /root/study/github_repository/pbftconsensus/network/routine_dispatchMsg.go:80: [into prepare]
[dispatch PrepareMsg]2021/10/12 17:55:20.188930 /root/study/github_repository/pbftconsensus/network/routine_dispatchMsg.go:80: [into prepare]
[dispatch PrepareMsg]2021/10/12 17:55:20.200901 /root/study/github_repository/pbftconsensus/network/routine_dispatchMsg.go:80: [into prepare]
[dispatch PrepareMsg]2021/10/12 17:55:20.202254 /root/study/github_repository/pbftconsensus/network/routine_dispatchMsg.go:80: [into prepare]
[dispatch PrepareMsg]2021/10/12 17:55:20.218374 /root/study/github_repository/pbftconsensus/network/routine_dispatchMsg.go:80: [into prepare]
[dispatch CommitMsg]2021/10/12 17:55:20.229526 /root/study/github_repository/pbftconsensus/network/routine_dispatchMsg.go:95: [into commit]
[dispatch CommitMsg]2021/10/12 17:55:20.239592 /root/study/github_repository/pbftconsensus/network/routine_dispatchMsg.go:95: [into commit]
[dispatch CommitMsg]2021/10/12 17:55:20.245367 /root/study/github_repository/pbftconsensus/network/routine_dispatchMsg.go:95: [into commit]
[dispatch CommitMsg]2021/10/12 17:55:20.264450 /root/study/github_repository/pbftconsensus/network/routine_dispatchMsg.go:95: [into commit]
[dispatch CommitMsg]2021/10/12 17:55:20.273319 /root/study/github_repository/pbftconsensus/network/routine_dispatchMsg.go:95: [into commit]
[dispatch CommitMsg]2021/10/12 17:55:20.279179 /root/study/github_repository/pbftconsensus/network/routine_dispatchMsg.go:95: [into commit]
[dispatch CommitMsg]2021/10/12 17:55:20.285456 /root/study/github_repository/pbftconsensus/network/routine_dispatchMsg.go:95: [into commit]
[dispatch CommitMsg]2021/10/12 17:55:20.291325 /root/study/github_repository/pbftconsensus/network/routine_dispatchMsg.go:95: [into commit]
[dispatch CommitMsg]2021/10/12 17:55:20.311134 /root/study/github_repository/pbftconsensus/network/routine_dispatchMsg.go:95: [into commit]
[dispatch PrePrepareMsg]2021/10/12 17:55:30.145654 /root/study/github_repository/pbftconsensus/network/routine_dispatchMsg.go:63: [into pbft]
[dispatch PrepareMsg]2021/10/12 17:55:30.188364 /root/study/github_repository/pbftconsensus/network/routine_dispatchMsg.go:80: [into prepare]
[dispatch PrepareMsg]2021/10/12 17:55:30.209927 /root/study/github_repository/pbftconsensus/network/routine_dispatchMsg.go:80: [into prepare]
[dispatch PrepareMsg]2021/10/12 17:55:30.215837 /root/study/github_repository/pbftconsensus/network/routine_dispatchMsg.go:80: [into prepare]
[dispatch PrepareMsg]2021/10/12 17:55:30.220306 /root/study/github_repository/pbftconsensus/network/routine_dispatchMsg.go:80: [into prepare]
[dispatch PrepareMsg]2021/10/12 17:55:30.227730 /root/study/github_repository/pbftconsensus/network/routine_dispatchMsg.go:80: [into prepare]
[dispatch PrepareMsg]2021/10/12 17:55:30.238843 /root/study/github_repository/pbftconsensus/network/routine_dispatchMsg.go:80: [into prepare]
[dispatch PrepareMsg]2021/10/12 17:55:30.262859 /root/study/github_repository/pbftconsensus/network/routine_dispatchMsg.go:80: [into prepare]
[dispatch PrepareMsg]2021/10/12 17:55:30.281416 /root/study/github_repository/pbftconsensus/network/routine_dispatchMsg.go:80: [into prepare]
[dispatch CommitMsg]2021/10/12 17:55:30.287601 /root/study/github_repository/pbftconsensus/network/routine_dispatchMsg.go:95: [into commit]
[dispatch CommitMsg]2021/10/12 17:55:30.318087 /root/study/github_repository/pbftconsensus/network/routine_dispatchMsg.go:95: [into commit]
[dispatch CommitMsg]2021/10/12 17:55:30.322763 /root/study/github_repository/pbftconsensus/network/routine_dispatchMsg.go:95: [into commit]
[dispatch CommitMsg]2021/10/12 17:55:30.328567 /root/study/github_repository/pbftconsensus/network/routine_dispatchMsg.go:95: [into commit]
[dispatch CommitMsg]2021/10/12 17:55:30.334298 /root/study/github_repository/pbftconsensus/network/routine_dispatchMsg.go:95: [into commit]
[dispatch CommitMsg]2021/10/12 17:55:30.340395 /root/study/github_repository/pbftconsensus/network/routine_dispatchMsg.go:95: [into commit]
[dispatch CommitMsg]2021/10/12 17:55:30.344622 /root/study/github_repository/pbftconsensus/network/routine_dispatchMsg.go:95: [into commit]
[dispatch PrePrepareMsg]2021/10/12 17:55:40.142222 /root/study/github_repository/pbftconsensus/network/routine_dispatchMsg.go:63: [into pbft]
[dispatch PrepareMsg]2021/10/12 17:55:40.163767 /root/study/github_repository/pbftconsensus/network/routine_dispatchMsg.go:80: [into prepare]
[dispatch PrepareMsg]2021/10/12 17:55:40.170990 /root/study/github_repository/pbftconsensus/network/routine_dispatchMsg.go:80: [into prepare]
[dispatch PrepareMsg]2021/10/12 17:55:40.184917 /root/study/github_repository/pbftconsensus/network/routine_dispatchMsg.go:80: [into prepare]
[dispatch PrepareMsg]2021/10/12 17:55:40.194619 /root/study/github_repository/pbftconsensus/network/routine_dispatchMsg.go:80: [into prepare]
[dispatch PrepareMsg]2021/10/12 17:55:40.207310 /root/study/github_repository/pbftconsensus/network/routine_dispatchMsg.go:80: [into prepare]
[dispatch PrepareMsg]2021/10/12 17:55:40.210808 /root/study/github_repository/pbftconsensus/network/routine_dispatchMsg.go:80: [into prepare]
[dispatch PrepareMsg]2021/10/12 17:55:40.213601 /root/study/github_repository/pbftconsensus/network/routine_dispatchMsg.go:80: [into prepare]
[dispatch PrepareMsg]2021/10/12 17:55:40.228253 /root/study/github_repository/pbftconsensus/network/routine_dispatchMsg.go:80: [into prepare]
[dispatch PrepareMsg]2021/10/12 17:55:40.240718 /root/study/github_repository/pbftconsensus/network/routine_dispatchMsg.go:80: [into prepare]
[dispatch PrepareMsg]2021/10/12 17:55:40.254459 /root/study/github_repository/pbftconsensus/network/routine_dispatchMsg.go:80: [into prepare]
[dispatch CommitMsg]2021/10/12 17:55:40.258690 /root/study/github_repository/pbftconsensus/network/routine_dispatchMsg.go:95: [into commit]
[dispatch CommitMsg]2021/10/12 17:55:40.270460 /root/study/github_repository/pbftconsensus/network/routine_dispatchMsg.go:95: [into commit]
[dispatch CommitMsg]2021/10/12 17:55:40.273636 /root/study/github_repository/pbftconsensus/network/routine_dispatchMsg.go:95: [into commit]
[dispatch CommitMsg]2021/10/12 17:55:40.278727 /root/study/github_repository/pbftconsensus/network/routine_dispatchMsg.go:95: [into commit]
[dispatch CommitMsg]2021/10/12 17:55:40.282115 /root/study/github_repository/pbftconsensus/network/routine_dispatchMsg.go:95: [into commit]
[dispatch CommitMsg]2021/10/12 17:55:40.287533 /root/study/github_repository/pbftconsensus/network/routine_dispatchMsg.go:95: [into commit]
[dispatch CommitMsg]2021/10/12 17:55:40.290015 /root/study/github_repository/pbftconsensus/network/routine_dispatchMsg.go:95: [into commit]
[dispatch CommitMsg]2021/10/12 17:55:40.292589 /root/study/github_repository/pbftconsensus/network/routine_dispatchMsg.go:95: [into commit]
[dispatch CommitMsg]2021/10/12 17:55:40.296693 /root/study/github_repository/pbftconsensus/network/routine_dispatchMsg.go:95: [into commit]
[dispatch PrePrepareMsg]2021/10/12 18:00:20.471458 /root/study/github_repository/pbftconsensus/network/routine_dispatchMsg.go:63: [into pbft]
[dispatch PrepareMsg]2021/10/12 18:00:20.487770 /root/study/github_repository/pbftconsensus/network/routine_dispatchMsg.go:80: [into prepare]
[dispatch PrepareMsg]2021/10/12 18:00:20.504646 /root/study/github_repository/pbftconsensus/network/routine_dispatchMsg.go:80: [into prepare]
[dispatch PrepareMsg]2021/10/12 18:00:20.510526 /root/study/github_repository/pbftconsensus/network/routine_dispatchMsg.go:80: [into prepare]
[dispatch PrepareMsg]2021/10/12 18:00:20.515125 /root/study/github_repository/pbftconsensus/network/routine_dispatchMsg.go:80: [into prepare]
[dispatch PrepareMsg]2021/10/12 18:00:20.520144 /root/study/github_repository/pbftconsensus/network/routine_dispatchMsg.go:80: [into prepare]
[dispatch PrepareMsg]2021/10/12 18:00:20.523024 /root/study/github_repository/pbftconsensus/network/routine_dispatchMsg.go:80: [into prepare]
[dispatch PrepareMsg]2021/10/12 18:00:20.525553 /root/study/github_repository/pbftconsensus/network/routine_dispatchMsg.go:80: [into prepare]
[dispatch PrepareMsg]2021/10/12 18:00:20.540422 /root/study/github_repository/pbftconsensus/network/routine_dispatchMsg.go:80: [into prepare]
[dispatch CommitMsg]2021/10/12 18:00:20.552670 /root/study/github_repository/pbftconsensus/network/routine_dispatchMsg.go:95: [into commit]
[dispatch CommitMsg]2021/10/12 18:00:20.560001 /root/study/github_repository/pbftconsensus/network/routine_dispatchMsg.go:95: [into commit]
[dispatch CommitMsg]2021/10/12 18:00:20.578809 /root/study/github_repository/pbftconsensus/network/routine_dispatchMsg.go:95: [into commit]
[dispatch CommitMsg]2021/10/12 18:00:20.588841 /root/study/github_repository/pbftconsensus/network/network_http.go:87: receive a commit message
[dispatch CommitMsg]2021/10/12 18:00:20.592932 /root/study/github_repository/pbftconsensus/network/routine_dispatchMsg.go:95: [into commit]
[dispatch CommitMsg]2021/10/12 18:00:20.596615 /root/study/github_repository/pbftconsensus/network/routine_dispatchMsg.go:95: [into commit]
[dispatch CommitMsg]2021/10/12 18:00:20.599724 /root/study/github_repository/pbftconsensus/network/routine_dispatchMsg.go:95: [into commit]
[dispatch CommitMsg]2021/10/12 18:00:20.612027 /root/study/github_repository/pbftconsensus/network/routine_dispatchMsg.go:95: [into commit]
[dispatch CommitMsg]2021/10/12 18:00:20.619804 /root/study/github_repository/pbftconsensus/network/routine_dispatchMsg.go:95: [into commit]
[dispatch CommitMsg]2021/10/12 18:00:20.621141 /root/study/github_repository/pbftconsensus/network/routine_dispatchMsg.go:95: [into commit]
[dispatch CommitMsg]2021/10/12 18:00:20.628024 /root/study/github_repository/pbftconsensus/network/routine_dispatchMsg.go:95: [into commit]
[dispatch PrePrepareMsg]2021/10/12 18:00:35.470309 /root/study/github_repository/pbftconsensus/network/routine_dispatchMsg.go:63: [into pbft]
[dispatch PrepareMsg]2021/10/12 18:00:35.486185 /root/study/github_repository/pbftconsensus/network/routine_dispatchMsg.go:80: [into prepare]
[dispatch PrepareMsg]2021/10/12 18:00:35.493233 /root/study/github_repository/pbftconsensus/network/routine_dispatchMsg.go:80: [into prepare]
[dispatch PrepareMsg]2021/10/12 18:00:35.495751 /root/study/github_repository/pbftconsensus/network/routine_dispatchMsg.go:80: [into prepare]
[dispatch PrepareMsg]2021/10/12 18:00:35.503661 /root/study/github_repository/pbftconsensus/network/routine_dispatchMsg.go:80: [into prepare]
[dispatch PrepareMsg]2021/10/12 18:00:35.512528 /root/study/github_repository/pbftconsensus/network/routine_dispatchMsg.go:80: [into prepare]
[dispatch PrepareMsg]2021/10/12 18:00:35.518510 /root/study/github_repository/pbftconsensus/network/routine_dispatchMsg.go:80: [into prepare]
[dispatch PrepareMsg]2021/10/12 18:00:35.524234 /root/study/github_repository/pbftconsensus/network/routine_dispatchMsg.go:80: [into prepare]
[dispatch PrepareMsg]2021/10/12 18:00:35.534342 /root/study/github_repository/pbftconsensus/network/routine_dispatchMsg.go:80: [into prepare]
[dispatch PrepareMsg]2021/10/12 18:00:35.537441 /root/study/github_repository/pbftconsensus/network/routine_dispatchMsg.go:80: [into prepare]
[dispatch PrepareMsg]2021/10/12 18:00:35.552327 /root/study/github_repository/pbftconsensus/network/routine_dispatchMsg.go:80: [into prepare]
[dispatch CommitMsg]2021/10/12 18:00:35.555155 /root/study/github_repository/pbftconsensus/network/routine_dispatchMsg.go:95: [into commit]
[dispatch CommitMsg]2021/10/12 18:00:35.561752 /root/study/github_repository/pbftconsensus/network/routine_dispatchMsg.go:95: [into commit]
[dispatch CommitMsg]2021/10/12 18:00:35.561767 /root/study/github_repository/pbftconsensus/network/routine_dispatchMsg.go:95: [into commit]
[dispatch CommitMsg]2021/10/12 18:00:35.566071 /root/study/github_repository/pbftconsensus/network/routine_dispatchMsg.go:95: [into commit]
[dispatch CommitMsg]2021/10/12 18:00:35.580903 /root/study/github_repository/pbftconsensus/network/routine_dispatchMsg.go:95: [into commit]
[dispatch CommitMsg]2021/10/12 18:00:35.595945 /root/study/github_repository/pbftconsensus/network/routine_dispatchMsg.go:95: [into commit]
[dispatch CommitMsg]2021/10/12 18:00:35.599953 /root/study/github_repository/pbftconsensus/network/routine_dispatchMsg.go:95: [into commit]
[dispatch CommitMsg]2021/10/12 18:00:35.604024 /root/study/github_repository/pbftconsensus/network/routine_dispatchMsg.go:95: [into commit]
[dispatch CommitMsg]2021/10/12 18:00:35.606970 /root/study/github_repository/pbftconsensus/network/routine_dispatchMsg.go:95: [into commit]
[dispatch CommitMsg]2021/10/12 18:00:35.611829 /root/study/github_repository/pbftconsensus/network/routine_dispatchMsg.go:95: [into commit]
[dispatch PrePrepareMsg]2021/10/12 18:01:43.356897 /root/study/github_repository/pbftconsensus/network/routine_dispatchMsg.go:63: [into pbft]
[dispatch PrepareMsg]2021/10/12 18:01:43.378179 /root/study/github_repository/pbftconsensus/network/routine_dispatchMsg.go:80: [into prepare]
[dispatch PrepareMsg]2021/10/12 18:01:43.392271 /root/study/github_repository/pbftconsensus/network/routine_dispatchMsg.go:80: [into prepare]
[dispatch PrepareMsg]2021/10/12 18:01:43.400313 /root/study/github_repository/pbftconsensus/network/routine_dispatchMsg.go:80: [into prepare]
[dispatch PrepareMsg]2021/10/12 18:01:43.432644 /root/study/github_repository/pbftconsensus/network/routine_dispatchMsg.go:80: [into prepare]
[dispatch PrepareMsg]2021/10/12 18:01:43.439249 /root/study/github_repository/pbftconsensus/network/routine_dispatchMsg.go:80: [into prepare]
[dispatch PrepareMsg]2021/10/12 18:01:43.449104 /root/study/github_repository/pbftconsensus/network/routine_dispatchMsg.go:80: [into prepare]
[dispatch PrepareMsg]2021/10/12 18:01:43.454552 /root/study/github_repository/pbftconsensus/network/routine_dispatchMsg.go:80: [into prepare]
[dispatch PrepareMsg]2021/10/12 18:01:43.461022 /root/study/github_repository/pbftconsensus/network/routine_dispatchMsg.go:80: [into prepare]
[dispatch CommitMsg]2021/10/12 18:01:43.489125 /root/study/github_repository/pbftconsensus/network/routine_dispatchMsg.go:95: [into commit]
[dispatch CommitMsg]2021/10/12 18:01:43.496093 /root/study/github_repository/pbftconsensus/network/routine_dispatchMsg.go:95: [into commit]
[dispatch CommitMsg]2021/10/12 18:01:43.503094 /root/study/github_repository/pbftconsensus/network/routine_dispatchMsg.go:95: [into commit]
[dispatch CommitMsg]2021/10/12 18:01:43.513906 /root/study/github_repository/pbftconsensus/network/routine_dispatchMsg.go:95: [into commit]
[dispatch CommitMsg]2021/10/12 18:01:43.520937 /root/study/github_repository/pbftconsensus/network/routine_dispatchMsg.go:95: [into commit]
[dispatch CommitMsg]2021/10/12 18:01:43.526465 /root/study/github_repository/pbftconsensus/network/routine_dispatchMsg.go:95: [into commit]
[dispatch CommitMsg]2021/10/12 18:01:43.531737 /root/study/github_repository/pbftconsensus/network/routine_dispatchMsg.go:95: [into commit]
[dispatch CommitMsg]2021/10/12 18:01:43.547339 /root/study/github_repository/pbftconsensus/network/routine_dispatchMsg.go:95: [into commit]
[dispatch CommitMsg]2021/10/12 18:01:43.564430 /root/study/github_repository/pbftconsensus/network/routine_dispatchMsg.go:95: [into commit]
[dispatch CommitMsg]2021/10/12 18:01:43.580648 /root/study/github_repository/pbftconsensus/network/routine_dispatchMsg.go:95: [into commit]
[dispatch PrePrepareMsg]2021/10/12 18:01:53.362715 /root/study/github_repository/pbftconsensus/network/routine_dispatchMsg.go:63: [into pbft]
[dispatch PrepareMsg]2021/10/12 18:01:53.381196 /root/study/github_repository/pbftconsensus/network/routine_dispatchMsg.go:80: [into prepare]
[dispatch PrepareMsg]2021/10/12 18:01:53.396994 /root/study/github_repository/pbftconsensus/network/routine_dispatchMsg.go:80: [into prepare]
[dispatch PrepareMsg]2021/10/12 18:01:53.404653 /root/study/github_repository/pbftconsensus/network/routine_dispatchMsg.go:80: [into prepare]
[dispatch PrepareMsg]2021/10/12 18:01:53.420480 /root/study/github_repository/pbftconsensus/network/routine_dispatchMsg.go:80: [into prepare]
[dispatch PrepareMsg]2021/10/12 18:01:53.431266 /root/study/github_repository/pbftconsensus/network/routine_dispatchMsg.go:80: [into prepare]
[dispatch PrepareMsg]2021/10/12 18:01:53.437883 /root/study/github_repository/pbftconsensus/network/routine_dispatchMsg.go:80: [into prepare]
[dispatch PrepareMsg]2021/10/12 18:01:53.452811 /root/study/github_repository/pbftconsensus/network/routine_dispatchMsg.go:80: [into prepare]
[dispatch PrepareMsg]2021/10/12 18:01:53.463395 /root/study/github_repository/pbftconsensus/network/routine_dispatchMsg.go:80: [into prepare]
[dispatch PrepareMsg]2021/10/12 18:01:53.478598 /root/study/github_repository/pbftconsensus/network/routine_dispatchMsg.go:80: [into prepare]
[dispatch CommitMsg]2021/10/12 18:01:53.486813 /root/study/github_repository/pbftconsensus/network/routine_dispatchMsg.go:95: [into commit]
[dispatch CommitMsg]2021/10/12 18:01:53.511486 /root/study/github_repository/pbftconsensus/network/routine_dispatchMsg.go:95: [into commit]
[dispatch CommitMsg]2021/10/12 18:01:53.516836 /root/study/github_repository/pbftconsensus/network/routine_dispatchMsg.go:95: [into commit]
[dispatch CommitMsg]2021/10/12 18:01:53.522830 /root/study/github_repository/pbftconsensus/network/routine_dispatchMsg.go:95: [into commit]
[dispatch CommitMsg]2021/10/12 18:01:53.528748 /root/study/github_repository/pbftconsensus/network/routine_dispatchMsg.go:95: [into commit]
[dispatch CommitMsg]2021/10/12 18:01:53.539422 /root/study/github_repository/pbftconsensus/network/routine_dispatchMsg.go:95: [into commit]
[dispatch CommitMsg]2021/10/12 18:01:53.545363 /root/study/github_repository/pbftconsensus/network/routine_dispatchMsg.go:95: [into commit]
[dispatch CommitMsg]2021/10/12 18:01:53.558797 /root/study/github_repository/pbftconsensus/network/routine_dispatchMsg.go:95: [into commit]
[dispatch CommitMsg]2021/10/12 18:01:53.567741 /root/study/github_repository/pbftconsensus/network/routine_dispatchMsg.go:95: [into commit]
[dispatch CommitMsg]2021/10/12 18:01:53.577531 /root/study/github_repository/pbftconsensus/network/routine_dispatchMsg.go:95: [into commit]
[dispatch PrePrepareMsg]2021/10/12 18:02:03.369241 /root/study/github_repository/pbftconsensus/network/routine_dispatchMsg.go:63: [into pbft]
[dispatch PrepareMsg]2021/10/12 18:02:03.386096 /root/study/github_repository/pbftconsensus/network/routine_dispatchMsg.go:80: [into prepare]
[dispatch PrepareMsg]2021/10/12 18:02:03.410585 /root/study/github_repository/pbftconsensus/network/routine_dispatchMsg.go:80: [into prepare]
[dispatch PrepareMsg]2021/10/12 18:02:03.415577 /root/study/github_repository/pbftconsensus/network/routine_dispatchMsg.go:80: [into prepare]
[dispatch PrepareMsg]2021/10/12 18:02:03.420837 /root/study/github_repository/pbftconsensus/network/routine_dispatchMsg.go:80: [into prepare]
[dispatch PrepareMsg]2021/10/12 18:02:03.426315 /root/study/github_repository/pbftconsensus/network/routine_dispatchMsg.go:80: [into prepare]
[dispatch PrepareMsg]2021/10/12 18:02:03.438600 /root/study/github_repository/pbftconsensus/network/routine_dispatchMsg.go:80: [into prepare]
[dispatch PrepareMsg]2021/10/12 18:02:03.444394 /root/study/github_repository/pbftconsensus/network/routine_dispatchMsg.go:80: [into prepare]
[dispatch PrepareMsg]2021/10/12 18:02:03.451600 /root/study/github_repository/pbftconsensus/network/routine_dispatchMsg.go:80: [into prepare]
[dispatch PrepareMsg]2021/10/12 18:02:03.468281 /root/study/github_repository/pbftconsensus/network/routine_dispatchMsg.go:80: [into prepare]
[dispatch CommitMsg]2021/10/12 18:02:03.491561 /root/study/github_repository/pbftconsensus/network/routine_dispatchMsg.go:95: [into commit]
[dispatch CommitMsg]2021/10/12 18:02:03.499211 /root/study/github_repository/pbftconsensus/network/routine_dispatchMsg.go:95: [into commit]
[dispatch CommitMsg]2021/10/12 18:02:03.505371 /root/study/github_repository/pbftconsensus/network/routine_dispatchMsg.go:95: [into commit]
[dispatch CommitMsg]2021/10/12 18:02:03.511183 /root/study/github_repository/pbftconsensus/network/routine_dispatchMsg.go:95: [into commit]
[dispatch CommitMsg]2021/10/12 18:02:03.516478 /root/study/github_repository/pbftconsensus/network/routine_dispatchMsg.go:95: [into commit]
[dispatch CommitMsg]2021/10/12 18:02:03.522662 /root/study/github_repository/pbftconsensus/network/routine_dispatchMsg.go:95: [into commit]
[dispatch CommitMsg]2021/10/12 18:02:03.528099 /root/study/github_repository/pbftconsensus/network/routine_dispatchMsg.go:95: [into commit]
[dispatch CommitMsg]2021/10/12 18:02:03.535253 /root/study/github_repository/pbftconsensus/network/routine_dispatchMsg.go:95: [into commit]
[dispatch CommitMsg]2021/10/12 18:02:03.552018 /root/study/github_repository/pbftconsensus/network/routine_dispatchMsg.go:95: [into commit]
[dispatch CommitMsg]2021/10/12 18:02:03.558064 /root/study/github_repository/pbftconsensus/network/routine_dispatchMsg.go:95: [into commit]
[dispatch PrePrepareMsg]2021/10/12 18:02:13.364792 /root/study/github_repository/pbftconsensus/network/routine_dispatchMsg.go:63: [into pbft]
[dispatch PrepareMsg]2021/10/12 18:02:13.384710 /root/study/github_repository/pbftconsensus/network/routine_dispatchMsg.go:80: [into prepare]
[dispatch PrepareMsg]2021/10/12 18:02:13.391506 /root/study/github_repository/pbftconsensus/network/routine_dispatchMsg.go:80: [into prepare]
[dispatch PrepareMsg]2021/10/12 18:02:13.397849 /root/study/github_repository/pbftconsensus/network/routine_dispatchMsg.go:80: [into prepare]
[dispatch PrepareMsg]2021/10/12 18:02:13.403332 /root/study/github_repository/pbftconsensus/network/routine_dispatchMsg.go:80: [into prepare]
[dispatch PrepareMsg]2021/10/12 18:02:13.409734 /root/study/github_repository/pbftconsensus/network/routine_dispatchMsg.go:80: [into prepare]
[dispatch PrepareMsg]2021/10/12 18:02:13.415360 /root/study/github_repository/pbftconsensus/network/routine_dispatchMsg.go:80: [into prepare]
[dispatch PrepareMsg]2021/10/12 18:02:13.439443 /root/study/github_repository/pbftconsensus/network/routine_dispatchMsg.go:80: [into prepare]
[dispatch PrepareMsg]2021/10/12 18:02:13.459427 /root/study/github_repository/pbftconsensus/network/routine_dispatchMsg.go:80: [into prepare]
[dispatch PrepareMsg]2021/10/12 18:02:13.468215 /root/study/github_repository/pbftconsensus/network/routine_dispatchMsg.go:80: [into prepare]
[dispatch CommitMsg]2021/10/12 18:02:13.486090 /root/study/github_repository/pbftconsensus/network/routine_dispatchMsg.go:95: [into commit]
[dispatch CommitMsg]2021/10/12 18:02:13.498216 /root/study/github_repository/pbftconsensus/network/routine_dispatchMsg.go:95: [into commit]
[dispatch CommitMsg]2021/10/12 18:02:13.504410 /root/study/github_repository/pbftconsensus/network/routine_dispatchMsg.go:95: [into commit]
[dispatch CommitMsg]2021/10/12 18:02:13.510960 /root/study/github_repository/pbftconsensus/network/routine_dispatchMsg.go:95: [into commit]
[dispatch CommitMsg]2021/10/12 18:02:13.516403 /root/study/github_repository/pbftconsensus/network/routine_dispatchMsg.go:95: [into commit]
[dispatch CommitMsg]2021/10/12 18:02:13.526455 /root/study/github_repository/pbftconsensus/network/routine_dispatchMsg.go:95: [into commit]
[dispatch CommitMsg]2021/10/12 18:02:13.530795 /root/study/github_repository/pbftconsensus/network/routine_dispatchMsg.go:95: [into commit]
[dispatch CommitMsg]2021/10/12 18:02:13.535756 /root/study/github_repository/pbftconsensus/network/routine_dispatchMsg.go:95: [into commit]
[dispatch CommitMsg]2021/10/12 18:02:13.539173 /root/study/github_repository/pbftconsensus/network/routine_dispatchMsg.go:95: [into commit]
[dispatch CommitMsg]2021/10/12 18:02:13.548964 /root/study/github_repository/pbftconsensus/network/routine_dispatchMsg.go:95: [into commit]
[dispatch PrePrepareMsg]2021/10/12 18:02:23.379769 /root/study/github_repository/pbftconsensus/network/routine_dispatchMsg.go:63: [into pbft]
[dispatch PrepareMsg]2021/10/12 18:02:23.401432 /root/study/github_repository/pbftconsensus/network/routine_dispatchMsg.go:80: [into prepare]
[dispatch PrepareMsg]2021/10/12 18:02:23.423274 /root/study/github_repository/pbftconsensus/network/routine_dispatchMsg.go:80: [into prepare]
[dispatch PrepareMsg]2021/10/12 18:02:23.432510 /root/study/github_repository/pbftconsensus/network/routine_dispatchMsg.go:80: [into prepare]
[dispatch PrepareMsg]2021/10/12 18:02:23.439477 /root/study/github_repository/pbftconsensus/network/routine_dispatchMsg.go:80: [into prepare]
[dispatch PrepareMsg]2021/10/12 18:02:23.444198 /root/study/github_repository/pbftconsensus/network/routine_dispatchMsg.go:80: [into prepare]
[dispatch PrepareMsg]2021/10/12 18:02:23.454649 /root/study/github_repository/pbftconsensus/network/routine_dispatchMsg.go:80: [into prepare]
[dispatch PrepareMsg]2021/10/12 18:02:23.460212 /root/study/github_repository/pbftconsensus/network/routine_dispatchMsg.go:80: [into prepare]
[dispatch PrepareMsg]2021/10/12 18:02:23.476664 /root/study/github_repository/pbftconsensus/network/routine_dispatchMsg.go:80: [into prepare]
[dispatch CommitMsg]2021/10/12 18:02:23.485542 /root/study/github_repository/pbftconsensus/network/routine_dispatchMsg.go:95: [into commit]
[dispatch CommitMsg]2021/10/12 18:02:23.491294 /root/study/github_repository/pbftconsensus/network/routine_dispatchMsg.go:95: [into commit]
[dispatch CommitMsg]2021/10/12 18:02:23.497217 /root/study/github_repository/pbftconsensus/network/routine_dispatchMsg.go:95: [into commit]
[dispatch CommitMsg]2021/10/12 18:02:23.513430 /root/study/github_repository/pbftconsensus/network/routine_dispatchMsg.go:95: [into commit]
[dispatch CommitMsg]2021/10/12 18:02:23.514646 /root/study/github_repository/pbftconsensus/network/routine_dispatchMsg.go:95: [into commit]
[dispatch CommitMsg]2021/10/12 18:02:23.520539 /root/study/github_repository/pbftconsensus/network/routine_dispatchMsg.go:95: [into commit]
[dispatch CommitMsg]2021/10/12 18:02:23.532666 /root/study/github_repository/pbftconsensus/network/routine_dispatchMsg.go:95: [into commit]
[dispatch CommitMsg]2021/10/12 18:02:23.539378 /root/study/github_repository/pbftconsensus/network/routine_dispatchMsg.go:95: [into commit]
[dispatch CommitMsg]2021/10/12 18:02:23.542361 /root/study/github_repository/pbftconsensus/network/routine_dispatchMsg.go:95: [into commit]
[dispatch CommitMsg]2021/10/12 18:02:23.549525 /root/study/github_repository/pbftconsensus/network/routine_dispatchMsg.go:95: [into commit]
[dispatch CommitMsg]2021/10/12 18:02:23.557031 /root/study/github_repository/pbftconsensus/network/routine_dispatchMsg.go:95: [into commit]
[dispatch PrePrepareMsg]2021/10/12 18:02:33.389650 /root/study/github_repository/pbftconsensus/network/network_http.go:52: receive a preprepare message
[dispatch PrePrepareMsg]2021/10/12 18:02:33.389655 /root/study/github_repository/pbftconsensus/network/routine_dispatchMsg.go:63: [into pbft]
[dispatch PrepareMsg]2021/10/12 18:02:33.407588 /root/study/github_repository/pbftconsensus/network/routine_dispatchMsg.go:80: [into prepare]
[dispatch PrepareMsg]2021/10/12 18:02:33.459978 /root/study/github_repository/pbftconsensus/network/routine_dispatchMsg.go:80: [into prepare]
[dispatch PrepareMsg]2021/10/12 18:02:33.466446 /root/study/github_repository/pbftconsensus/network/routine_dispatchMsg.go:80: [into prepare]
[dispatch PrepareMsg]2021/10/12 18:02:33.471748 /root/study/github_repository/pbftconsensus/network/routine_dispatchMsg.go:80: [into prepare]
[dispatch PrepareMsg]2021/10/12 18:02:33.478179 /root/study/github_repository/pbftconsensus/network/routine_dispatchMsg.go:80: [into prepare]
[dispatch PrepareMsg]2021/10/12 18:02:33.508750 /root/study/github_repository/pbftconsensus/network/routine_dispatchMsg.go:80: [into prepare]
[dispatch CommitMsg]2021/10/12 18:02:33.521959 /root/study/github_repository/pbftconsensus/network/routine_dispatchMsg.go:95: [into commit]
[dispatch CommitMsg]2021/10/12 18:02:33.526926 /root/study/github_repository/pbftconsensus/network/routine_dispatchMsg.go:95: [into commit]
[dispatch CommitMsg]2021/10/12 18:02:33.541620 /root/study/github_repository/pbftconsensus/network/routine_dispatchMsg.go:95: [into commit]
[dispatch CommitMsg]2021/10/12 18:02:33.546334 /root/study/github_repository/pbftconsensus/network/routine_dispatchMsg.go:95: [into commit]
[dispatch CommitMsg]2021/10/12 18:02:33.551696 /root/study/github_repository/pbftconsensus/network/routine_dispatchMsg.go:95: [into commit]
[dispatch CommitMsg]2021/10/12 18:02:33.564341 /root/study/github_repository/pbftconsensus/network/routine_dispatchMsg.go:95: [into commit]
[dispatch CommitMsg]2021/10/12 18:02:33.571157 /root/study/github_repository/pbftconsensus/network/routine_dispatchMsg.go:95: [into commit]
[dispatch CommitMsg]2021/10/12 18:02:33.576339 /root/study/github_repository/pbftconsensus/network/routine_dispatchMsg.go:95: [into commit]
[dispatch CommitMsg]2021/10/12 18:02:33.583370 /root/study/github_repository/pbftconsensus/network/routine_dispatchMsg.go:95: [into commit]
[dispatch CommitMsg]2021/10/12 18:02:33.590676 /root/study/github_repository/pbftconsensus/network/routine_dispatchMsg.go:95: [into commit]
[dispatch CommitMsg]2021/10/12 18:02:33.595755 /root/study/github_repository/pbftconsensus/network/routine_dispatchMsg.go:95: [into commit]
[dispatch PrePrepareMsg]2021/10/12 18:02:43.380188 /root/study/github_repository/pbftconsensus/network/routine_dispatchMsg.go:63: [into pbft]
[dispatch PrepareMsg]2021/10/12 18:02:43.399836 /root/study/github_repository/pbftconsensus/network/routine_dispatchMsg.go:80: [into prepare]
[dispatch PrepareMsg]2021/10/12 18:02:43.406947 /root/study/github_repository/pbftconsensus/network/routine_dispatchMsg.go:80: [into prepare]
[dispatch PrepareMsg]2021/10/12 18:02:43.414329 /root/study/github_repository/pbftconsensus/network/routine_dispatchMsg.go:80: [into prepare]
[dispatch PrepareMsg]2021/10/12 18:02:43.420336 /root/study/github_repository/pbftconsensus/network/routine_dispatchMsg.go:80: [into prepare]
[dispatch PrepareMsg]2021/10/12 18:02:43.425965 /root/study/github_repository/pbftconsensus/network/routine_dispatchMsg.go:80: [into prepare]
[dispatch PrepareMsg]2021/10/12 18:02:43.438040 /root/study/github_repository/pbftconsensus/network/routine_dispatchMsg.go:80: [into prepare]
[dispatch PrepareMsg]2021/10/12 18:02:43.477409 /root/study/github_repository/pbftconsensus/network/routine_dispatchMsg.go:80: [into prepare]
[dispatch PrepareMsg]2021/10/12 18:02:43.484038 /root/study/github_repository/pbftconsensus/network/routine_dispatchMsg.go:80: [into prepare]
[dispatch PrepareMsg]2021/10/12 18:02:43.490869 /root/study/github_repository/pbftconsensus/network/routine_dispatchMsg.go:80: [into prepare]
[dispatch PrepareMsg]2021/10/12 18:02:43.507819 /root/study/github_repository/pbftconsensus/network/routine_dispatchMsg.go:80: [into prepare]
[dispatch CommitMsg]2021/10/12 18:02:43.512965 /root/study/github_repository/pbftconsensus/network/routine_dispatchMsg.go:95: [into commit]
[dispatch CommitMsg]2021/10/12 18:02:43.536625 /root/study/github_repository/pbftconsensus/network/routine_dispatchMsg.go:95: [into commit]
[dispatch CommitMsg]2021/10/12 18:02:43.542733 /root/study/github_repository/pbftconsensus/network/routine_dispatchMsg.go:95: [into commit]
[dispatch CommitMsg]2021/10/12 18:02:43.548711 /root/study/github_repository/pbftconsensus/network/routine_dispatchMsg.go:95: [into commit]
[dispatch CommitMsg]2021/10/12 18:02:43.555144 /root/study/github_repository/pbftconsensus/network/routine_dispatchMsg.go:95: [into commit]
[dispatch CommitMsg]2021/10/12 18:02:43.562367 /root/study/github_repository/pbftconsensus/network/routine_dispatchMsg.go:95: [into commit]
[dispatch CommitMsg]2021/10/12 18:02:43.579610 /root/study/github_repository/pbftconsensus/network/routine_dispatchMsg.go:95: [into commit]
[dispatch CommitMsg]2021/10/12 18:02:43.586356 /root/study/github_repository/pbftconsensus/network/routine_dispatchMsg.go:95: [into commit]
[dispatch PrePrepareMsg]2021/10/12 18:02:53.392721 /root/study/github_repository/pbftconsensus/network/routine_dispatchMsg.go:63: [into pbft]
[dispatch PrepareMsg]2021/10/12 18:02:53.408559 /root/study/github_repository/pbftconsensus/network/routine_dispatchMsg.go:80: [into prepare]
[dispatch PrepareMsg]2021/10/12 18:02:53.419330 /root/study/github_repository/pbftconsensus/network/routine_dispatchMsg.go:80: [into prepare]
[dispatch PrepareMsg]2021/10/12 18:02:53.422341 /root/study/github_repository/pbftconsensus/network/routine_dispatchMsg.go:80: [into prepare]
[dispatch PrepareMsg]2021/10/12 18:02:53.429876 /root/study/github_repository/pbftconsensus/network/routine_dispatchMsg.go:80: [into prepare]
[dispatch PrepareMsg]2021/10/12 18:02:53.433303 /root/study/github_repository/pbftconsensus/network/routine_dispatchMsg.go:80: [into prepare]
[dispatch PrepareMsg]2021/10/12 18:02:53.445295 /root/study/github_repository/pbftconsensus/network/routine_dispatchMsg.go:80: [into prepare]
[dispatch PrepareMsg]2021/10/12 18:02:53.451668 /root/study/github_repository/pbftconsensus/network/routine_dispatchMsg.go:80: [into prepare]
[dispatch PrepareMsg]2021/10/12 18:02:53.465292 /root/study/github_repository/pbftconsensus/network/routine_dispatchMsg.go:80: [into prepare]
[dispatch PrepareMsg]2021/10/12 18:02:53.488348 /root/study/github_repository/pbftconsensus/network/routine_dispatchMsg.go:80: [into prepare]
[dispatch CommitMsg]2021/10/12 18:02:53.495068 /root/study/github_repository/pbftconsensus/network/routine_dispatchMsg.go:95: [into commit]
[dispatch CommitMsg]2021/10/12 18:02:53.502680 /root/study/github_repository/pbftconsensus/network/routine_dispatchMsg.go:95: [into commit]
[dispatch CommitMsg]2021/10/12 18:02:53.512085 /root/study/github_repository/pbftconsensus/network/routine_dispatchMsg.go:95: [into commit]
[dispatch CommitMsg]2021/10/12 18:02:53.518772 /root/study/github_repository/pbftconsensus/network/routine_dispatchMsg.go:95: [into commit]
[dispatch CommitMsg]2021/10/12 18:02:53.524450 /root/study/github_repository/pbftconsensus/network/routine_dispatchMsg.go:95: [into commit]
[dispatch CommitMsg]2021/10/12 18:02:53.530695 /root/study/github_repository/pbftconsensus/network/routine_dispatchMsg.go:95: [into commit]
[dispatch CommitMsg]2021/10/12 18:02:53.536051 /root/study/github_repository/pbftconsensus/network/routine_dispatchMsg.go:95: [into commit]
[dispatch CommitMsg]2021/10/12 18:02:53.546435 /root/study/github_repository/pbftconsensus/network/routine_dispatchMsg.go:95: [into commit]
[dispatch CommitMsg]2021/10/12 18:02:53.552693 /root/study/github_repository/pbftconsensus/network/routine_dispatchMsg.go:95: [into commit]
[dispatch CommitMsg]2021/10/12 18:02:53.557796 /root/study/github_repository/pbftconsensus/network/routine_dispatchMsg.go:95: [into commit]
[dispatch PrePrepareMsg]2021/10/12 18:03:08.388705 /root/study/github_repository/pbftconsensus/network/routine_dispatchMsg.go:63: [into pbft]
[dispatch PrepareMsg]2021/10/12 18:03:08.409549 /root/study/github_repository/pbftconsensus/network/routine_dispatchMsg.go:80: [into prepare]
[dispatch PrepareMsg]2021/10/12 18:03:08.417346 /root/study/github_repository/pbftconsensus/network/routine_dispatchMsg.go:80: [into prepare]
[dispatch PrepareMsg]2021/10/12 18:03:08.430038 /root/study/github_repository/pbftconsensus/network/routine_dispatchMsg.go:80: [into prepare]
[dispatch PrepareMsg]2021/10/12 18:03:08.435686 /root/study/github_repository/pbftconsensus/network/routine_dispatchMsg.go:80: [into prepare]
[dispatch PrepareMsg]2021/10/12 18:03:08.453992 /root/study/github_repository/pbftconsensus/network/routine_dispatchMsg.go:80: [into prepare]
[dispatch PrepareMsg]2021/10/12 18:03:08.465146 /root/study/github_repository/pbftconsensus/network/routine_dispatchMsg.go:80: [into prepare]
[dispatch PrepareMsg]2021/10/12 18:03:08.465163 /root/study/github_repository/pbftconsensus/network/routine_dispatchMsg.go:80: [into prepare]
[dispatch PrepareMsg]2021/10/12 18:03:08.492052 /root/study/github_repository/pbftconsensus/network/routine_dispatchMsg.go:80: [into prepare]
[dispatch PrepareMsg]2021/10/12 18:03:08.498829 /root/study/github_repository/pbftconsensus/network/routine_dispatchMsg.go:80: [into prepare]
[dispatch PrepareMsg]2021/10/12 18:03:08.515339 /root/study/github_repository/pbftconsensus/network/routine_dispatchMsg.go:80: [into prepare]
[dispatch CommitMsg]2021/10/12 18:03:08.528548 /root/study/github_repository/pbftconsensus/network/routine_dispatchMsg.go:95: [into commit]
[dispatch CommitMsg]2021/10/12 18:03:08.535521 /root/study/github_repository/pbftconsensus/network/routine_dispatchMsg.go:95: [into commit]
[dispatch CommitMsg]2021/10/12 18:03:08.542582 /root/study/github_repository/pbftconsensus/network/routine_dispatchMsg.go:95: [into commit]
[dispatch CommitMsg]2021/10/12 18:03:08.547692 /root/study/github_repository/pbftconsensus/network/routine_dispatchMsg.go:95: [into commit]
[dispatch CommitMsg]2021/10/12 18:03:08.552376 /root/study/github_repository/pbftconsensus/network/routine_dispatchMsg.go:95: [into commit]
[dispatch CommitMsg]2021/10/12 18:03:08.563748 /root/study/github_repository/pbftconsensus/network/routine_dispatchMsg.go:95: [into commit]
[dispatch CommitMsg]2021/10/12 18:03:08.568579 /root/study/github_repository/pbftconsensus/network/routine_dispatchMsg.go:95: [into commit]
[dispatch CommitMsg]2021/10/12 18:03:08.575063 /root/study/github_repository/pbftconsensus/network/routine_dispatchMsg.go:95: [into commit]
[dispatch CommitMsg]2021/10/12 18:03:08.582856 /root/study/github_repository/pbftconsensus/network/routine_dispatchMsg.go:95: [into commit]
[dispatch CommitMsg]2021/10/12 18:03:08.590268 /root/study/github_repository/pbftconsensus/network/routine_dispatchMsg.go:95: [into commit]
[dispatch PrePrepareMsg]2021/10/12 18:03:18.394191 /root/study/github_repository/pbftconsensus/network/routine_dispatchMsg.go:63: [into pbft]
[dispatch PrepareMsg]2021/10/12 18:03:18.412843 /root/study/github_repository/pbftconsensus/network/routine_dispatchMsg.go:80: [into prepare]
[dispatch PrepareMsg]2021/10/12 18:03:18.423928 /root/study/github_repository/pbftconsensus/network/routine_dispatchMsg.go:80: [into prepare]
[dispatch PrepareMsg]2021/10/12 18:03:18.435484 /root/study/github_repository/pbftconsensus/network/routine_dispatchMsg.go:80: [into prepare]
[dispatch PrepareMsg]2021/10/12 18:03:18.439025 /root/study/github_repository/pbftconsensus/network/routine_dispatchMsg.go:80: [into prepare]
[dispatch PrepareMsg]2021/10/12 18:03:18.444004 /root/study/github_repository/pbftconsensus/network/routine_dispatchMsg.go:80: [into prepare]
[dispatch PrepareMsg]2021/10/12 18:03:18.458574 /root/study/github_repository/pbftconsensus/network/routine_dispatchMsg.go:80: [into prepare]
[dispatch PrepareMsg]2021/10/12 18:03:18.463411 /root/study/github_repository/pbftconsensus/network/routine_dispatchMsg.go:80: [into prepare]
[dispatch PrepareMsg]2021/10/12 18:03:18.470976 /root/study/github_repository/pbftconsensus/network/routine_dispatchMsg.go:80: [into prepare]
[dispatch PrepareMsg]2021/10/12 18:03:18.474738 /root/study/github_repository/pbftconsensus/network/routine_dispatchMsg.go:80: [into prepare]
[dispatch PrepareMsg]2021/10/12 18:03:18.492127 /root/study/github_repository/pbftconsensus/network/routine_dispatchMsg.go:80: [into prepare]
[dispatch CommitMsg]2021/10/12 18:03:18.524738 /root/study/github_repository/pbftconsensus/network/routine_dispatchMsg.go:95: [into commit]
[dispatch CommitMsg]2021/10/12 18:03:18.540563 /root/study/github_repository/pbftconsensus/network/routine_dispatchMsg.go:95: [into commit]
[dispatch CommitMsg]2021/10/12 18:03:18.555464 /root/study/github_repository/pbftconsensus/network/routine_dispatchMsg.go:95: [into commit]
[dispatch CommitMsg]2021/10/12 18:03:18.560091 /root/study/github_repository/pbftconsensus/network/routine_dispatchMsg.go:95: [into commit]
[dispatch CommitMsg]2021/10/12 18:03:18.566749 /root/study/github_repository/pbftconsensus/network/routine_dispatchMsg.go:95: [into commit]
[dispatch CommitMsg]2021/10/12 18:03:18.573866 /root/study/github_repository/pbftconsensus/network/routine_dispatchMsg.go:95: [into commit]
[dispatch CommitMsg]2021/10/12 18:03:18.580240 /root/study/github_repository/pbftconsensus/network/routine_dispatchMsg.go:95: [into commit]
[dispatch CommitMsg]2021/10/12 18:03:18.586068 /root/study/github_repository/pbftconsensus/network/routine_dispatchMsg.go:95: [into commit]
[dispatch CommitMsg]2021/10/12 18:03:18.593015 /root/study/github_repository/pbftconsensus/network/routine_dispatchMsg.go:95: [into commit]
[dispatch CommitMsg]2021/10/12 18:03:18.597824 /root/study/github_repository/pbftconsensus/network/routine_dispatchMsg.go:95: [into commit]
[dispatch CommitMsg]2021/10/12 18:03:18.610150 /root/study/github_repository/pbftconsensus/network/routine_dispatchMsg.go:95: [into commit]
