[dispatch PrePrepareMsg]2021/10/11 23:19:52.350969 /root/study/github_repository/pbftconsensus/network/routine_dispatchMsg.go:63: [into pbft]
[dispatch PrepareMsg]2021/10/11 23:19:52.390448 /root/study/github_repository/pbftconsensus/network/routine_dispatchMsg.go:80: [collect enough preparemsg]
[dispatch CommitMsg]2021/10/11 23:19:52.527521 /root/study/github_repository/pbftconsensus/network/routine_dispatchMsg.go:97: [collect enough commitmsg]
[dispatch PrePrepareMsg]2021/10/11 23:22:37.528229 /root/study/github_repository/pbftconsensus/network/routine_dispatchMsg.go:63: [into pbft]
[dispatch PrepareMsg]2021/10/11 23:22:37.555750 /root/study/github_repository/pbftconsensus/network/routine_dispatchMsg.go:80: [collect enough preparemsg]
[dispatch CommitMsg]2021/10/11 23:22:37.691769 /root/study/github_repository/pbftconsensus/network/routine_dispatchMsg.go:97: [collect enough commitmsg]
[dispatch PrePrepareMsg]2021/10/11 23:25:28.725628 /root/study/github_repository/pbftconsensus/network/routine_dispatchMsg.go:63: [into pbft]
[dispatch PrepareMsg]2021/10/11 23:25:28.768145 /root/study/github_repository/pbftconsensus/network/routine_dispatchMsg.go:80: [collect enough preparemsg]
[dispatch CommitMsg]2021/10/11 23:25:28.885011 /root/study/github_repository/pbftconsensus/network/routine_dispatchMsg.go:97: [collect enough commitmsg]
[dispatch PrePrepareMsg]2021/10/11 23:30:51.795843 /root/study/github_repository/pbftconsensus/network/routine_dispatchMsg.go:63: [into pbft]
[dispatch PrepareMsg]2021/10/11 23:30:51.872884 /root/study/github_repository/pbftconsensus/network/routine_dispatchMsg.go:80: [collect enough preparemsg]
[dispatch CommitMsg]2021/10/11 23:30:51.966526 /root/study/github_repository/pbftconsensus/network/routine_dispatchMsg.go:97: [collect enough commitmsg]
[dispatch PrePrepareMsg]2021/10/12 17:07:14.732096 /root/study/github_repository/pbftconsensus/network/routine_dispatchMsg.go:63: [into pbft]
[dispatch PrepareMsg]2021/10/12 17:07:14.762029 /root/study/github_repository/pbftconsensus/network/routine_dispatchMsg.go:80: [collect enough preparemsg]
[dispatch CommitMsg]2021/10/12 17:07:14.869359 /root/study/github_repository/pbftconsensus/network/routine_dispatchMsg.go:97: [collect enough commitmsg]
[dispatch PrePrepareMsg]2021/10/12 17:52:07.133791 /root/study/github_repository/pbftconsensus/network/routine_dispatchMsg.go:63: [into pbft]
[dispatch PrepareMsg]2021/10/12 17:52:07.157604 /root/study/github_repository/pbftconsensus/network/routine_dispatchMsg.go:80: [into prepare]
[dispatch PrepareMsg]2021/10/12 17:52:07.170594 /root/study/github_repository/pbftconsensus/network/routine_dispatchMsg.go:80: [into prepare]
[dispatch PrepareMsg]2021/10/12 17:52:07.189914 /root/study/github_repository/pbftconsensus/network/routine_dispatchMsg.go:80: [into prepare]
[dispatch PrepareMsg]2021/10/12 17:52:07.197307 /root/study/github_repository/pbftconsensus/network/routine_dispatchMsg.go:80: [into prepare]
[dispatch PrepareMsg]2021/10/12 17:52:07.204305 /root/study/github_repository/pbftconsensus/network/routine_dispatchMsg.go:80: [into prepare]
[dispatch PrepareMsg]2021/10/12 17:52:07.212978 /root/study/github_repository/pbftconsensus/network/routine_dispatchMsg.go:80: [into prepare]
[dispatch PrepareMsg]2021/10/12 17:52:07.215861 /root/study/github_repository/pbftconsensus/network/routine_dispatchMsg.go:80: [into prepare]
[dispatch PrepareMsg]2021/10/12 17:52:07.229076 /root/study/github_repository/pbftconsensus/network/routine_dispatchMsg.go:80: [into prepare]
[dispatch PrepareMsg]2021/10/12 17:52:07.250598 /root/study/github_repository/pbftconsensus/network/routine_dispatchMsg.go:80: [into prepare]
[dispatch CommitMsg]2021/10/12 17:52:07.255974 /root/study/github_repository/pbftconsensus/network/routine_dispatchMsg.go:95: [into commit]
[dispatch CommitMsg]2021/10/12 17:52:07.272664 /root/study/github_repository/pbftconsensus/network/routine_dispatchMsg.go:95: [into commit]
[dispatch CommitMsg]2021/10/12 17:52:07.280170 /root/study/github_repository/pbftconsensus/network/routine_dispatchMsg.go:95: [into commit]
[dispatch CommitMsg]2021/10/12 17:52:07.287516 /root/study/github_repository/pbftconsensus/network/routine_dispatchMsg.go:95: [into commit]
[dispatch CommitMsg]2021/10/12 17:52:07.292965 /root/study/github_repository/pbftconsensus/network/routine_dispatchMsg.go:95: [into commit]
[dispatch CommitMsg]2021/10/12 17:52:07.298575 /root/study/github_repository/pbftconsensus/network/routine_dispatchMsg.go:95: [into commit]
[dispatch CommitMsg]2021/10/12 17:52:07.314004 /root/study/github_repository/pbftconsensus/network/routine_dispatchMsg.go:95: [into commit]
[dispatch CommitMsg]2021/10/12 17:52:07.331974 /root/study/github_repository/pbftconsensus/network/routine_dispatchMsg.go:95: [into commit]
[dispatch CommitMsg]2021/10/12 17:52:07.338115 /root/study/github_repository/pbftconsensus/network/routine_dispatchMsg.go:95: [into commit]
[dispatch CommitMsg]2021/10/12 17:52:07.345194 /root/study/github_repository/pbftconsensus/network/routine_dispatchMsg.go:95: [into commit]
[dispatch CommitMsg]2021/10/12 17:52:07.358675 /root/study/github_repository/pbftconsensus/network/routine_dispatchMsg.go:95: [into commit]
[dispatch PrePrepareMsg]2021/10/12 17:53:17.179183 /root/study/github_repository/pbftconsensus/network/routine_dispatchMsg.go:63: [into pbft]
[dispatch PrepareMsg]2021/10/12 17:53:17.197545 /root/study/github_repository/pbftconsensus/network/routine_dispatchMsg.go:80: [into prepare]
[dispatch PrepareMsg]2021/10/12 17:53:17.202899 /root/study/github_repository/pbftconsensus/network/routine_dispatchMsg.go:80: [into prepare]
[dispatch PrepareMsg]2021/10/12 17:53:17.215064 /root/study/github_repository/pbftconsensus/network/routine_dispatchMsg.go:80: [into prepare]
[dispatch PrepareMsg]2021/10/12 17:53:17.238868 /root/study/github_repository/pbftconsensus/network/routine_dispatchMsg.go:80: [into prepare]
[dispatch PrepareMsg]2021/10/12 17:53:17.250310 /root/study/github_repository/pbftconsensus/network/routine_dispatchMsg.go:80: [into prepare]
[dispatch PrepareMsg]2021/10/12 17:53:17.259429 /root/study/github_repository/pbftconsensus/network/routine_dispatchMsg.go:80: [into prepare]
[dispatch PrepareMsg]2021/10/12 17:53:17.268451 /root/study/github_repository/pbftconsensus/network/routine_dispatchMsg.go:80: [into prepare]
[dispatch PrepareMsg]2021/10/12 17:53:17.291183 /root/study/github_repository/pbftconsensus/network/routine_dispatchMsg.go:80: [into prepare]
[dispatch PrepareMsg]2021/10/12 17:53:17.297023 /root/study/github_repository/pbftconsensus/network/routine_dispatchMsg.go:80: [into prepare]
[dispatch PrepareMsg]2021/10/12 17:53:17.313319 /root/study/github_repository/pbftconsensus/network/routine_dispatchMsg.go:80: [into prepare]
[dispatch CommitMsg]2021/10/12 17:53:17.318833 /root/study/github_repository/pbftconsensus/network/routine_dispatchMsg.go:95: [into commit]
[dispatch CommitMsg]2021/10/12 17:53:17.363118 /root/study/github_repository/pbftconsensus/network/routine_dispatchMsg.go:95: [into commit]
[dispatch CommitMsg]2021/10/12 17:53:17.368638 /root/study/github_repository/pbftconsensus/network/routine_dispatchMsg.go:95: [into commit]
[dispatch CommitMsg]2021/10/12 17:53:17.374233 /root/study/github_repository/pbftconsensus/network/routine_dispatchMsg.go:95: [into commit]
[dispatch CommitMsg]2021/10/12 17:53:17.380819 /root/study/github_repository/pbftconsensus/network/routine_dispatchMsg.go:95: [into commit]
[dispatch CommitMsg]2021/10/12 17:53:17.389061 /root/study/github_repository/pbftconsensus/network/routine_dispatchMsg.go:95: [into commit]
[dispatch CommitMsg]2021/10/12 17:53:17.394843 /root/study/github_repository/pbftconsensus/network/routine_dispatchMsg.go:95: [into commit]
[dispatch PrePrepareMsg]2021/10/12 17:53:42.200245 /root/study/github_repository/pbftconsensus/network/routine_dispatchMsg.go:63: [into pbft]
[dispatch PrepareMsg]2021/10/12 17:53:42.221737 /root/study/github_repository/pbftconsensus/network/routine_dispatchMsg.go:80: [into prepare]
[dispatch PrepareMsg]2021/10/12 17:53:42.242259 /root/study/github_repository/pbftconsensus/network/routine_dispatchMsg.go:80: [into prepare]
[dispatch PrepareMsg]2021/10/12 17:53:42.248091 /root/study/github_repository/pbftconsensus/network/routine_dispatchMsg.go:80: [into prepare]
[dispatch PrepareMsg]2021/10/12 17:53:42.254116 /root/study/github_repository/pbftconsensus/network/routine_dispatchMsg.go:80: [into prepare]
[dispatch PrepareMsg]2021/10/12 17:53:42.264289 /root/study/github_repository/pbftconsensus/network/routine_dispatchMsg.go:80: [into prepare]
[dispatch PrepareMsg]2021/10/12 17:53:42.277588 /root/study/github_repository/pbftconsensus/network/routine_dispatchMsg.go:80: [into prepare]
[dispatch PrepareMsg]2021/10/12 17:53:42.285346 /root/study/github_repository/pbftconsensus/network/routine_dispatchMsg.go:80: [into prepare]
[dispatch CommitMsg]2021/10/12 17:53:42.310280 /root/study/github_repository/pbftconsensus/network/routine_dispatchMsg.go:95: [into commit]
[dispatch CommitMsg]2021/10/12 17:53:42.338316 /root/study/github_repository/pbftconsensus/network/routine_dispatchMsg.go:95: [into commit]
[dispatch CommitMsg]2021/10/12 17:53:42.342555 /root/study/github_repository/pbftconsensus/network/routine_dispatchMsg.go:95: [into commit]
[dispatch CommitMsg]2021/10/12 17:53:42.354143 /root/study/github_repository/pbftconsensus/network/routine_dispatchMsg.go:95: [into commit]
[dispatch CommitMsg]2021/10/12 17:53:42.354159 /root/study/github_repository/pbftconsensus/network/routine_dispatchMsg.go:95: [into commit]
[dispatch CommitMsg]2021/10/12 17:53:42.370366 /root/study/github_repository/pbftconsensus/network/routine_dispatchMsg.go:95: [into commit]
[dispatch CommitMsg]2021/10/12 17:53:42.374829 /root/study/github_repository/pbftconsensus/network/routine_dispatchMsg.go:95: [into commit]
[dispatch CommitMsg]2021/10/12 17:53:42.380192 /root/study/github_repository/pbftconsensus/network/routine_dispatchMsg.go:95: [into commit]
[dispatch PrePrepareMsg]2021/10/12 17:54:07.222682 /root/study/github_repository/pbftconsensus/network/routine_dispatchMsg.go:63: [into pbft]
[dispatch PrepareMsg]2021/10/12 17:54:07.241965 /root/study/github_repository/pbftconsensus/network/routine_dispatchMsg.go:80: [into prepare]
[dispatch PrepareMsg]2021/10/12 17:54:07.262558 /root/study/github_repository/pbftconsensus/network/routine_dispatchMsg.go:80: [into prepare]
[dispatch PrepareMsg]2021/10/12 17:54:07.270393 /root/study/github_repository/pbftconsensus/network/routine_dispatchMsg.go:80: [into prepare]
[dispatch PrepareMsg]2021/10/12 17:54:07.285684 /root/study/github_repository/pbftconsensus/network/routine_dispatchMsg.go:80: [into prepare]
[dispatch PrepareMsg]2021/10/12 17:54:07.290915 /root/study/github_repository/pbftconsensus/network/routine_dispatchMsg.go:80: [into prepare]
[dispatch PrepareMsg]2021/10/12 17:54:07.296458 /root/study/github_repository/pbftconsensus/network/routine_dispatchMsg.go:80: [into prepare]
[dispatch PrepareMsg]2021/10/12 17:54:07.304287 /root/study/github_repository/pbftconsensus/network/routine_dispatchMsg.go:80: [into prepare]
[dispatch PrepareMsg]2021/10/12 17:54:07.317254 /root/study/github_repository/pbftconsensus/network/routine_dispatchMsg.go:80: [into prepare]
[dispatch CommitMsg]2021/10/12 17:54:07.333478 /root/study/github_repository/pbftconsensus/network/routine_dispatchMsg.go:95: [into commit]
[dispatch CommitMsg]2021/10/12 17:54:07.339027 /root/study/github_repository/pbftconsensus/network/routine_dispatchMsg.go:95: [into commit]
[dispatch CommitMsg]2021/10/12 17:54:07.347657 /root/study/github_repository/pbftconsensus/network/routine_dispatchMsg.go:95: [into commit]
[dispatch CommitMsg]2021/10/12 17:54:07.356124 /root/study/github_repository/pbftconsensus/network/routine_dispatchMsg.go:95: [into commit]
[dispatch CommitMsg]2021/10/12 17:54:07.362555 /root/study/github_repository/pbftconsensus/network/routine_dispatchMsg.go:95: [into commit]
[dispatch CommitMsg]2021/10/12 17:54:07.368194 /root/study/github_repository/pbftconsensus/network/routine_dispatchMsg.go:95: [into commit]
[dispatch CommitMsg]2021/10/12 17:54:07.374279 /root/study/github_repository/pbftconsensus/network/routine_dispatchMsg.go:95: [into commit]
[dispatch CommitMsg]2021/10/12 17:54:07.385007 /root/study/github_repository/pbftconsensus/network/routine_dispatchMsg.go:95: [into commit]
[dispatch CommitMsg]2021/10/12 17:54:07.399917 /root/study/github_repository/pbftconsensus/network/routine_dispatchMsg.go:95: [into commit]
[dispatch CommitMsg]2021/10/12 17:54:07.405988 /root/study/github_repository/pbftconsensus/network/routine_dispatchMsg.go:95: [into commit]
[dispatch CommitMsg]2021/10/12 17:54:07.412924 /root/study/github_repository/pbftconsensus/network/routine_dispatchMsg.go:95: [into commit]
[dispatch PrePrepareMsg]2021/10/12 17:54:35.122914 /root/study/github_repository/pbftconsensus/network/routine_dispatchMsg.go:63: [into pbft]
[dispatch PrepareMsg]2021/10/12 17:54:35.146113 /root/study/github_repository/pbftconsensus/network/routine_dispatchMsg.go:80: [into prepare]
[dispatch PrepareMsg]2021/10/12 17:54:35.189463 /root/study/github_repository/pbftconsensus/network/routine_dispatchMsg.go:80: [into prepare]
[dispatch PrepareMsg]2021/10/12 17:54:35.196856 /root/study/github_repository/pbftconsensus/network/routine_dispatchMsg.go:80: [into prepare]
[dispatch PrepareMsg]2021/10/12 17:54:35.213271 /root/study/github_repository/pbftconsensus/network/routine_dispatchMsg.go:80: [into prepare]
[dispatch CommitMsg]2021/10/12 17:54:35.226666 /root/study/github_repository/pbftconsensus/network/routine_dispatchMsg.go:95: [into commit]
[dispatch CommitMsg]2021/10/12 17:54:35.233443 /root/study/github_repository/pbftconsensus/network/routine_dispatchMsg.go:95: [into commit]
[dispatch CommitMsg]2021/10/12 17:54:35.248407 /root/study/github_repository/pbftconsensus/network/routine_dispatchMsg.go:95: [into commit]
[dispatch CommitMsg]2021/10/12 17:54:35.253908 /root/study/github_repository/pbftconsensus/network/routine_dispatchMsg.go:95: [into commit]
[dispatch CommitMsg]2021/10/12 17:54:35.272639 /root/study/github_repository/pbftconsensus/network/routine_dispatchMsg.go:95: [into commit]
[dispatch CommitMsg]2021/10/12 17:54:35.280822 /root/study/github_repository/pbftconsensus/network/routine_dispatchMsg.go:95: [into commit]
[dispatch CommitMsg]2021/10/12 17:54:35.305597 /root/study/github_repository/pbftconsensus/network/routine_dispatchMsg.go:95: [into commit]
[dispatch CommitMsg]2021/10/12 17:54:35.319903 /root/study/github_repository/pbftconsensus/network/routine_dispatchMsg.go:95: [into commit]
[dispatch CommitMsg]2021/10/12 17:54:35.323914 /root/study/github_repository/pbftconsensus/network/routine_dispatchMsg.go:95: [into commit]
[dispatch CommitMsg]2021/10/12 17:54:35.334850 /root/study/github_repository/pbftconsensus/network/routine_dispatchMsg.go:95: [into commit]
[dispatch CommitMsg]2021/10/12 17:54:35.342375 /root/study/github_repository/pbftconsensus/network/routine_dispatchMsg.go:95: [into commit]
[dispatch PrePrepareMsg]2021/10/12 17:54:50.139209 /root/study/github_repository/pbftconsensus/network/routine_dispatchMsg.go:63: [into pbft]
[dispatch PrepareMsg]2021/10/12 17:54:50.158767 /root/study/github_repository/pbftconsensus/network/routine_dispatchMsg.go:80: [into prepare]
[dispatch PrepareMsg]2021/10/12 17:54:50.178912 /root/study/github_repository/pbftconsensus/network/routine_dispatchMsg.go:80: [into prepare]
[dispatch PrepareMsg]2021/10/12 17:54:50.181070 /root/study/github_repository/pbftconsensus/network/routine_dispatchMsg.go:80: [into prepare]
[dispatch PrepareMsg]2021/10/12 17:54:50.192650 /root/study/github_repository/pbftconsensus/network/routine_dispatchMsg.go:80: [into prepare]
[dispatch PrepareMsg]2021/10/12 17:54:50.201285 /root/study/github_repository/pbftconsensus/network/routine_dispatchMsg.go:80: [into prepare]
[dispatch PrepareMsg]2021/10/12 17:54:50.206924 /root/study/github_repository/pbftconsensus/network/routine_dispatchMsg.go:80: [into prepare]
[dispatch PrepareMsg]2021/10/12 17:54:50.216296 /root/study/github_repository/pbftconsensus/network/routine_dispatchMsg.go:80: [into prepare]
[dispatch PrepareMsg]2021/10/12 17:54:50.218946 /root/study/github_repository/pbftconsensus/network/routine_dispatchMsg.go:80: [into prepare]
[dispatch PrepareMsg]2021/10/12 17:54:50.235534 /root/study/github_repository/pbftconsensus/network/routine_dispatchMsg.go:80: [into prepare]
[dispatch CommitMsg]2021/10/12 17:54:50.244505 /root/study/github_repository/pbftconsensus/network/routine_dispatchMsg.go:95: [into commit]
[dispatch CommitMsg]2021/10/12 17:54:50.250416 /root/study/github_repository/pbftconsensus/network/routine_dispatchMsg.go:95: [into commit]
[dispatch CommitMsg]2021/10/12 17:54:50.276211 /root/study/github_repository/pbftconsensus/network/routine_dispatchMsg.go:95: [into commit]
[dispatch CommitMsg]2021/10/12 17:54:50.282950 /root/study/github_repository/pbftconsensus/network/routine_dispatchMsg.go:95: [into commit]
[dispatch CommitMsg]2021/10/12 17:54:50.288620 /root/study/github_repository/pbftconsensus/network/routine_dispatchMsg.go:95: [into commit]
[dispatch CommitMsg]2021/10/12 17:54:50.308363 /root/study/github_repository/pbftconsensus/network/routine_dispatchMsg.go:95: [into commit]
[dispatch CommitMsg]2021/10/12 17:54:50.319057 /root/study/github_repository/pbftconsensus/network/routine_dispatchMsg.go:95: [into commit]
[dispatch CommitMsg]2021/10/12 17:54:50.324616 /root/study/github_repository/pbftconsensus/network/routine_dispatchMsg.go:95: [into commit]
[dispatch CommitMsg]2021/10/12 17:54:50.331591 /root/study/github_repository/pbftconsensus/network/routine_dispatchMsg.go:95: [into commit]
[dispatch CommitMsg]2021/10/12 17:54:50.337987 /root/study/github_repository/pbftconsensus/network/routine_dispatchMsg.go:95: [into commit]
[dispatch PrePrepareMsg]2021/10/12 17:55:00.128340 /root/study/github_repository/pbftconsensus/network/routine_dispatchMsg.go:63: [into pbft]
[dispatch PrepareMsg]2021/10/12 17:55:00.146064 /root/study/github_repository/pbftconsensus/network/routine_dispatchMsg.go:80: [into prepare]
[dispatch PrepareMsg]2021/10/12 17:55:00.152363 /root/study/github_repository/pbftconsensus/network/routine_dispatchMsg.go:80: [into prepare]
[dispatch PrepareMsg]2021/10/12 17:55:00.158964 /root/study/github_repository/pbftconsensus/network/routine_dispatchMsg.go:80: [into prepare]
[dispatch PrepareMsg]2021/10/12 17:55:00.165129 /root/study/github_repository/pbftconsensus/network/routine_dispatchMsg.go:80: [into prepare]
[dispatch PrepareMsg]2021/10/12 17:55:00.177738 /root/study/github_repository/pbftconsensus/network/routine_dispatchMsg.go:80: [into prepare]
[dispatch PrepareMsg]2021/10/12 17:55:00.184809 /root/study/github_repository/pbftconsensus/network/routine_dispatchMsg.go:80: [into prepare]
[dispatch PrepareMsg]2021/10/12 17:55:00.189972 /root/study/github_repository/pbftconsensus/network/routine_dispatchMsg.go:80: [into prepare]
[dispatch PrepareMsg]2021/10/12 17:55:00.199694 /root/study/github_repository/pbftconsensus/network/routine_dispatchMsg.go:80: [into prepare]
[dispatch PrepareMsg]2021/10/12 17:55:00.201224 /root/study/github_repository/pbftconsensus/network/routine_dispatchMsg.go:80: [into prepare]
[dispatch CommitMsg]2021/10/12 17:55:00.263413 /root/study/github_repository/pbftconsensus/network/routine_dispatchMsg.go:95: [into commit]
[dispatch CommitMsg]2021/10/12 17:55:00.285637 /root/study/github_repository/pbftconsensus/network/routine_dispatchMsg.go:95: [into commit]
[dispatch CommitMsg]2021/10/12 17:55:00.290746 /root/study/github_repository/pbftconsensus/network/routine_dispatchMsg.go:95: [into commit]
[dispatch CommitMsg]2021/10/12 17:55:00.302191 /root/study/github_repository/pbftconsensus/network/routine_dispatchMsg.go:95: [into commit]
[dispatch CommitMsg]2021/10/12 17:55:00.315708 /root/study/github_repository/pbftconsensus/network/routine_dispatchMsg.go:95: [into commit]
[dispatch CommitMsg]2021/10/12 17:55:00.324619 /root/study/github_repository/pbftconsensus/network/routine_dispatchMsg.go:95: [into commit]
[dispatch CommitMsg]2021/10/12 17:55:00.330438 /root/study/github_repository/pbftconsensus/network/routine_dispatchMsg.go:95: [into commit]
[dispatch CommitMsg]2021/10/12 17:55:00.337561 /root/study/github_repository/pbftconsensus/network/routine_dispatchMsg.go:95: [into commit]
[dispatch CommitMsg]2021/10/12 17:55:00.351265 /root/study/github_repository/pbftconsensus/network/routine_dispatchMsg.go:95: [into commit]
[dispatch CommitMsg]2021/10/12 17:55:00.359188 /root/study/github_repository/pbftconsensus/network/routine_dispatchMsg.go:95: [into commit]
[dispatch CommitMsg]2021/10/12 17:55:00.364746 /root/study/github_repository/pbftconsensus/network/routine_dispatchMsg.go:95: [into commit]
[dispatch PrePrepareMsg]2021/10/12 17:55:10.139500 /root/study/github_repository/pbftconsensus/network/routine_dispatchMsg.go:63: [into pbft]
[dispatch PrepareMsg]2021/10/12 17:55:10.161549 /root/study/github_repository/pbftconsensus/network/routine_dispatchMsg.go:80: [into prepare]
[dispatch PrepareMsg]2021/10/12 17:55:10.185207 /root/study/github_repository/pbftconsensus/network/routine_dispatchMsg.go:80: [into prepare]
[dispatch PrepareMsg]2021/10/12 17:55:10.192339 /root/study/github_repository/pbftconsensus/network/routine_dispatchMsg.go:80: [into prepare]
[dispatch PrepareMsg]2021/10/12 17:55:10.198746 /root/study/github_repository/pbftconsensus/network/routine_dispatchMsg.go:80: [into prepare]
[dispatch PrepareMsg]2021/10/12 17:55:10.204971 /root/study/github_repository/pbftconsensus/network/routine_dispatchMsg.go:80: [into prepare]
[dispatch PrepareMsg]2021/10/12 17:55:10.210885 /root/study/github_repository/pbftconsensus/network/routine_dispatchMsg.go:80: [into prepare]
[dispatch PrepareMsg]2021/10/12 17:55:10.216777 /root/study/github_repository/pbftconsensus/network/routine_dispatchMsg.go:80: [into prepare]
[dispatch PrepareMsg]2021/10/12 17:55:10.224007 /root/study/github_repository/pbftconsensus/network/routine_dispatchMsg.go:80: [into prepare]
[dispatch PrepareMsg]2021/10/12 17:55:10.239291 /root/study/github_repository/pbftconsensus/network/routine_dispatchMsg.go:80: [into prepare]
[dispatch CommitMsg]2021/10/12 17:55:10.245468 /root/study/github_repository/pbftconsensus/network/routine_dispatchMsg.go:95: [into commit]
[dispatch CommitMsg]2021/10/12 17:55:10.254654 /root/study/github_repository/pbftconsensus/network/routine_dispatchMsg.go:95: [into commit]
[dispatch CommitMsg]2021/10/12 17:55:10.268089 /root/study/github_repository/pbftconsensus/network/routine_dispatchMsg.go:95: [into commit]
[dispatch CommitMsg]2021/10/12 17:55:10.273481 /root/study/github_repository/pbftconsensus/network/routine_dispatchMsg.go:95: [into commit]
[dispatch CommitMsg]2021/10/12 17:55:10.304224 /root/study/github_repository/pbftconsensus/network/routine_dispatchMsg.go:95: [into commit]
[dispatch CommitMsg]2021/10/12 17:55:10.322969 /root/study/github_repository/pbftconsensus/network/routine_dispatchMsg.go:95: [into commit]
[dispatch CommitMsg]2021/10/12 17:55:10.329332 /root/study/github_repository/pbftconsensus/network/routine_dispatchMsg.go:95: [into commit]
[dispatch CommitMsg]2021/10/12 17:55:10.340078 /root/study/github_repository/pbftconsensus/network/routine_dispatchMsg.go:95: [into commit]
[dispatch CommitMsg]2021/10/12 17:55:10.348328 /root/study/github_repository/pbftconsensus/network/routine_dispatchMsg.go:95: [into commit]
[dispatch CommitMsg]2021/10/12 17:55:10.352916 /root/study/github_repository/pbftconsensus/network/routine_dispatchMsg.go:95: [into commit]
[dispatch CommitMsg]2021/10/12 17:55:10.361121 /root/study/github_repository/pbftconsensus/network/routine_dispatchMsg.go:95: [into commit]
[dispatch PrePrepareMsg]2021/10/12 17:55:20.139044 /root/study/github_repository/pbftconsensus/network/routine_dispatchMsg.go:63: [into pbft]
[dispatch PrepareMsg]2021/10/12 17:55:20.159183 /root/study/github_repository/pbftconsensus/network/routine_dispatchMsg.go:80: [into prepare]
[dispatch PrepareMsg]2021/10/12 17:55:20.189740 /root/study/github_repository/pbftconsensus/network/routine_dispatchMsg.go:80: [into prepare]
[dispatch PrepareMsg]2021/10/12 17:55:20.197273 /root/study/github_repository/pbftconsensus/network/routine_dispatchMsg.go:80: [into prepare]
[dispatch PrepareMsg]2021/10/12 17:55:20.206538 /root/study/github_repository/pbftconsensus/network/routine_dispatchMsg.go:80: [into prepare]
[dispatch PrepareMsg]2021/10/12 17:55:20.217929 /root/study/github_repository/pbftconsensus/network/routine_dispatchMsg.go:80: [into prepare]
[dispatch PrepareMsg]2021/10/12 17:55:20.248497 /root/study/github_repository/pbftconsensus/network/routine_dispatchMsg.go:80: [into prepare]
[dispatch PrepareMsg]2021/10/12 17:55:20.266988 /root/study/github_repository/pbftconsensus/network/routine_dispatchMsg.go:80: [into prepare]
[dispatch CommitMsg]2021/10/12 17:55:20.272159 /root/study/github_repository/pbftconsensus/network/routine_dispatchMsg.go:95: [into commit]
[dispatch CommitMsg]2021/10/12 17:55:20.280100 /root/study/github_repository/pbftconsensus/network/routine_dispatchMsg.go:95: [into commit]
[dispatch CommitMsg]2021/10/12 17:55:20.286179 /root/study/github_repository/pbftconsensus/network/routine_dispatchMsg.go:95: [into commit]
[dispatch CommitMsg]2021/10/12 17:55:20.294709 /root/study/github_repository/pbftconsensus/network/routine_dispatchMsg.go:95: [into commit]
[dispatch CommitMsg]2021/10/12 17:55:20.308617 /root/study/github_repository/pbftconsensus/network/routine_dispatchMsg.go:95: [into commit]
[dispatch CommitMsg]2021/10/12 17:55:20.314651 /root/study/github_repository/pbftconsensus/network/routine_dispatchMsg.go:95: [into commit]
[dispatch CommitMsg]2021/10/12 17:55:20.320261 /root/study/github_repository/pbftconsensus/network/routine_dispatchMsg.go:95: [into commit]
[dispatch CommitMsg]2021/10/12 17:55:20.334197 /root/study/github_repository/pbftconsensus/network/routine_dispatchMsg.go:95: [into commit]
[dispatch CommitMsg]2021/10/12 17:55:20.349667 /root/study/github_repository/pbftconsensus/network/routine_dispatchMsg.go:95: [into commit]
[dispatch CommitMsg]2021/10/12 17:55:20.359442 /root/study/github_repository/pbftconsensus/network/routine_dispatchMsg.go:95: [into commit]
[dispatch CommitMsg]2021/10/12 17:55:20.365352 /root/study/github_repository/pbftconsensus/network/routine_dispatchMsg.go:95: [into commit]
[dispatch PrePrepareMsg]2021/10/12 17:55:30.144427 /root/study/github_repository/pbftconsensus/network/routine_dispatchMsg.go:63: [into pbft]
[dispatch PrepareMsg]2021/10/12 17:55:30.163010 /root/study/github_repository/pbftconsensus/network/routine_dispatchMsg.go:80: [into prepare]
[dispatch PrepareMsg]2021/10/12 17:55:30.190788 /root/study/github_repository/pbftconsensus/network/routine_dispatchMsg.go:80: [into prepare]
[dispatch PrepareMsg]2021/10/12 17:55:30.190822 /root/study/github_repository/pbftconsensus/network/routine_dispatchMsg.go:80: [into prepare]
[dispatch PrepareMsg]2021/10/12 17:55:30.196843 /root/study/github_repository/pbftconsensus/network/routine_dispatchMsg.go:80: [into prepare]
[dispatch PrepareMsg]2021/10/12 17:55:30.202264 /root/study/github_repository/pbftconsensus/network/routine_dispatchMsg.go:80: [into prepare]
[dispatch PrepareMsg]2021/10/12 17:55:30.212096 /root/study/github_repository/pbftconsensus/network/routine_dispatchMsg.go:80: [into prepare]
[dispatch PrepareMsg]2021/10/12 17:55:30.223825 /root/study/github_repository/pbftconsensus/network/network_http.go:70: receive a prepare message
[dispatch PrepareMsg]2021/10/12 17:55:30.238443 /root/study/github_repository/pbftconsensus/network/routine_dispatchMsg.go:80: [into prepare]
[dispatch CommitMsg]2021/10/12 17:55:30.252103 /root/study/github_repository/pbftconsensus/network/routine_dispatchMsg.go:95: [into commit]
[dispatch CommitMsg]2021/10/12 17:55:30.265889 /root/study/github_repository/pbftconsensus/network/routine_dispatchMsg.go:95: [into commit]
[dispatch CommitMsg]2021/10/12 17:55:30.270892 /root/study/github_repository/pbftconsensus/network/routine_dispatchMsg.go:95: [into commit]
[dispatch CommitMsg]2021/10/12 17:55:30.277562 /root/study/github_repository/pbftconsensus/network/routine_dispatchMsg.go:95: [into commit]
[dispatch CommitMsg]2021/10/12 17:55:30.285588 /root/study/github_repository/pbftconsensus/network/routine_dispatchMsg.go:95: [into commit]
[dispatch CommitMsg]2021/10/12 17:55:30.295397 /root/study/github_repository/pbftconsensus/network/routine_dispatchMsg.go:95: [into commit]
[dispatch CommitMsg]2021/10/12 17:55:30.302504 /root/study/github_repository/pbftconsensus/network/routine_dispatchMsg.go:95: [into commit]
[dispatch CommitMsg]2021/10/12 17:55:30.308027 /root/study/github_repository/pbftconsensus/network/routine_dispatchMsg.go:95: [into commit]
[dispatch CommitMsg]2021/10/12 17:55:30.314053 /root/study/github_repository/pbftconsensus/network/routine_dispatchMsg.go:95: [into commit]
[dispatch CommitMsg]2021/10/12 17:55:30.335414 /root/study/github_repository/pbftconsensus/network/routine_dispatchMsg.go:95: [into commit]
[dispatch CommitMsg]2021/10/12 17:55:30.341292 /root/study/github_repository/pbftconsensus/network/routine_dispatchMsg.go:95: [into commit]
[dispatch PrePrepareMsg]2021/10/12 17:55:40.144986 /root/study/github_repository/pbftconsensus/network/routine_dispatchMsg.go:63: [into pbft]
[dispatch PrepareMsg]2021/10/12 17:55:40.160976 /root/study/github_repository/pbftconsensus/network/routine_dispatchMsg.go:80: [into prepare]
[dispatch PrepareMsg]2021/10/12 17:55:40.169902 /root/study/github_repository/pbftconsensus/network/routine_dispatchMsg.go:80: [into prepare]
[dispatch PrepareMsg]2021/10/12 17:55:40.174326 /root/study/github_repository/pbftconsensus/network/routine_dispatchMsg.go:80: [into prepare]
[dispatch PrepareMsg]2021/10/12 17:55:40.178654 /root/study/github_repository/pbftconsensus/network/routine_dispatchMsg.go:80: [into prepare]
[dispatch PrepareMsg]2021/10/12 17:55:40.182722 /root/study/github_repository/pbftconsensus/network/routine_dispatchMsg.go:80: [into prepare]
[dispatch PrepareMsg]2021/10/12 17:55:40.186389 /root/study/github_repository/pbftconsensus/network/routine_dispatchMsg.go:80: [into prepare]
[dispatch PrepareMsg]2021/10/12 17:55:40.194677 /root/study/github_repository/pbftconsensus/network/routine_dispatchMsg.go:80: [into prepare]
[dispatch PrepareMsg]2021/10/12 17:55:40.212041 /root/study/github_repository/pbftconsensus/network/routine_dispatchMsg.go:80: [into prepare]
[dispatch PrepareMsg]2021/10/12 17:55:40.238394 /root/study/github_repository/pbftconsensus/network/routine_dispatchMsg.go:80: [into prepare]
[dispatch CommitMsg]2021/10/12 17:55:40.242287 /root/study/github_repository/pbftconsensus/network/routine_dispatchMsg.go:95: [into commit]
[dispatch CommitMsg]2021/10/12 17:55:40.246237 /root/study/github_repository/pbftconsensus/network/routine_dispatchMsg.go:95: [into commit]
[dispatch CommitMsg]2021/10/12 17:55:40.251112 /root/study/github_repository/pbftconsensus/network/routine_dispatchMsg.go:95: [into commit]
[dispatch CommitMsg]2021/10/12 17:55:40.261153 /root/study/github_repository/pbftconsensus/network/routine_dispatchMsg.go:95: [into commit]
[dispatch CommitMsg]2021/10/12 17:55:40.262149 /root/study/github_repository/pbftconsensus/network/routine_dispatchMsg.go:95: [into commit]
[dispatch CommitMsg]2021/10/12 17:55:40.265143 /root/study/github_repository/pbftconsensus/network/routine_dispatchMsg.go:95: [into commit]
[dispatch CommitMsg]2021/10/12 17:55:40.272979 /root/study/github_repository/pbftconsensus/network/routine_dispatchMsg.go:95: [into commit]
[dispatch CommitMsg]2021/10/12 17:55:40.277139 /root/study/github_repository/pbftconsensus/network/routine_dispatchMsg.go:95: [into commit]
[dispatch CommitMsg]2021/10/12 17:55:40.293912 /root/study/github_repository/pbftconsensus/network/routine_dispatchMsg.go:95: [into commit]
[dispatch CommitMsg]2021/10/12 17:55:40.298875 /root/study/github_repository/pbftconsensus/network/routine_dispatchMsg.go:95: [into commit]
[dispatch PrePrepareMsg]2021/10/12 18:00:20.469255 /root/study/github_repository/pbftconsensus/network/routine_dispatchMsg.go:63: [into pbft]
[dispatch PrepareMsg]2021/10/12 18:00:20.482918 /root/study/github_repository/pbftconsensus/network/routine_dispatchMsg.go:80: [into prepare]
[dispatch PrepareMsg]2021/10/12 18:00:20.500773 /root/study/github_repository/pbftconsensus/network/routine_dispatchMsg.go:80: [into prepare]
[dispatch PrepareMsg]2021/10/12 18:00:20.508108 /root/study/github_repository/pbftconsensus/network/routine_dispatchMsg.go:80: [into prepare]
[dispatch PrepareMsg]2021/10/12 18:00:20.514554 /root/study/github_repository/pbftconsensus/network/routine_dispatchMsg.go:80: [into prepare]
[dispatch PrepareMsg]2021/10/12 18:00:20.520095 /root/study/github_repository/pbftconsensus/network/routine_dispatchMsg.go:80: [into prepare]
[dispatch PrepareMsg]2021/10/12 18:00:20.521862 /root/study/github_repository/pbftconsensus/network/routine_dispatchMsg.go:80: [into prepare]
[dispatch PrepareMsg]2021/10/12 18:00:20.532513 /root/study/github_repository/pbftconsensus/network/routine_dispatchMsg.go:80: [into prepare]
[dispatch PrepareMsg]2021/10/12 18:00:20.536666 /root/study/github_repository/pbftconsensus/network/routine_dispatchMsg.go:80: [into prepare]
[dispatch CommitMsg]2021/10/12 18:00:20.569340 /root/study/github_repository/pbftconsensus/network/routine_dispatchMsg.go:95: [into commit]
[dispatch CommitMsg]2021/10/12 18:00:20.590883 /root/study/github_repository/pbftconsensus/network/routine_dispatchMsg.go:95: [into commit]
[dispatch CommitMsg]2021/10/12 18:00:20.600078 /root/study/github_repository/pbftconsensus/network/routine_dispatchMsg.go:95: [into commit]
[dispatch CommitMsg]2021/10/12 18:00:20.608722 /root/study/github_repository/pbftconsensus/network/network_http.go:87: receive a commit message
[dispatch CommitMsg]2021/10/12 18:00:20.613880 /root/study/github_repository/pbftconsensus/network/routine_dispatchMsg.go:95: [into commit]
[dispatch CommitMsg]2021/10/12 18:00:20.617751 /root/study/github_repository/pbftconsensus/network/routine_dispatchMsg.go:95: [into commit]
[dispatch CommitMsg]2021/10/12 18:00:20.641567 /root/study/github_repository/pbftconsensus/network/routine_dispatchMsg.go:95: [into commit]
[dispatch CommitMsg]2021/10/12 18:00:20.646438 /root/study/github_repository/pbftconsensus/network/routine_dispatchMsg.go:95: [into commit]
[dispatch PrePrepareMsg]2021/10/12 18:00:35.472328 /root/study/github_repository/pbftconsensus/network/routine_dispatchMsg.go:63: [into pbft]
[dispatch PrepareMsg]2021/10/12 18:00:35.487255 /root/study/github_repository/pbftconsensus/network/routine_dispatchMsg.go:80: [into prepare]
[dispatch PrepareMsg]2021/10/12 18:00:35.492714 /root/study/github_repository/pbftconsensus/network/routine_dispatchMsg.go:80: [into prepare]
[dispatch PrepareMsg]2021/10/12 18:00:35.497269 /root/study/github_repository/pbftconsensus/network/routine_dispatchMsg.go:80: [into prepare]
[dispatch PrepareMsg]2021/10/12 18:00:35.499669 /root/study/github_repository/pbftconsensus/network/routine_dispatchMsg.go:80: [into prepare]
[dispatch PrepareMsg]2021/10/12 18:00:35.503039 /root/study/github_repository/pbftconsensus/network/routine_dispatchMsg.go:80: [into prepare]
[dispatch PrepareMsg]2021/10/12 18:00:35.510874 /root/study/github_repository/pbftconsensus/network/routine_dispatchMsg.go:80: [into prepare]
[dispatch PrepareMsg]2021/10/12 18:00:35.514922 /root/study/github_repository/pbftconsensus/network/routine_dispatchMsg.go:80: [into prepare]
[dispatch PrepareMsg]2021/10/12 18:00:35.518114 /root/study/github_repository/pbftconsensus/network/routine_dispatchMsg.go:80: [into prepare]
[dispatch PrepareMsg]2021/10/12 18:00:35.544340 /root/study/github_repository/pbftconsensus/network/routine_dispatchMsg.go:80: [into prepare]
[dispatch PrepareMsg]2021/10/12 18:00:35.558306 /root/study/github_repository/pbftconsensus/network/routine_dispatchMsg.go:80: [into prepare]
[dispatch CommitMsg]2021/10/12 18:00:35.562860 /root/study/github_repository/pbftconsensus/network/routine_dispatchMsg.go:95: [into commit]
[dispatch CommitMsg]2021/10/12 18:00:35.565702 /root/study/github_repository/pbftconsensus/network/routine_dispatchMsg.go:95: [into commit]
[dispatch CommitMsg]2021/10/12 18:00:35.569408 /root/study/github_repository/pbftconsensus/network/routine_dispatchMsg.go:95: [into commit]
[dispatch CommitMsg]2021/10/12 18:00:35.573603 /root/study/github_repository/pbftconsensus/network/routine_dispatchMsg.go:95: [into commit]
[dispatch CommitMsg]2021/10/12 18:00:35.577085 /root/study/github_repository/pbftconsensus/network/routine_dispatchMsg.go:95: [into commit]
[dispatch CommitMsg]2021/10/12 18:00:35.579951 /root/study/github_repository/pbftconsensus/network/routine_dispatchMsg.go:95: [into commit]
[dispatch CommitMsg]2021/10/12 18:00:35.583700 /root/study/github_repository/pbftconsensus/network/routine_dispatchMsg.go:95: [into commit]
[dispatch CommitMsg]2021/10/12 18:00:35.592295 /root/study/github_repository/pbftconsensus/network/routine_dispatchMsg.go:95: [into commit]
[dispatch CommitMsg]2021/10/12 18:00:35.598206 /root/study/github_repository/pbftconsensus/network/routine_dispatchMsg.go:95: [into commit]
[dispatch CommitMsg]2021/10/12 18:00:35.608124 /root/study/github_repository/pbftconsensus/network/routine_dispatchMsg.go:95: [into commit]
[dispatch CommitMsg]2021/10/12 18:00:35.618079 /root/study/github_repository/pbftconsensus/network/routine_dispatchMsg.go:95: [into commit]
[dispatch PrePrepareMsg]2021/10/12 18:01:43.355874 /root/study/github_repository/pbftconsensus/network/routine_dispatchMsg.go:63: [into pbft]
[dispatch PrepareMsg]2021/10/12 18:01:43.373177 /root/study/github_repository/pbftconsensus/network/routine_dispatchMsg.go:80: [into prepare]
[dispatch PrepareMsg]2021/10/12 18:01:43.383264 /root/study/github_repository/pbftconsensus/network/routine_dispatchMsg.go:80: [into prepare]
[dispatch PrepareMsg]2021/10/12 18:01:43.390417 /root/study/github_repository/pbftconsensus/network/routine_dispatchMsg.go:80: [into prepare]
[dispatch PrepareMsg]2021/10/12 18:01:43.395451 /root/study/github_repository/pbftconsensus/network/routine_dispatchMsg.go:80: [into prepare]
[dispatch PrepareMsg]2021/10/12 18:01:43.429439 /root/study/github_repository/pbftconsensus/network/routine_dispatchMsg.go:80: [into prepare]
[dispatch PrepareMsg]2021/10/12 18:01:43.435896 /root/study/github_repository/pbftconsensus/network/routine_dispatchMsg.go:80: [into prepare]
[dispatch PrepareMsg]2021/10/12 18:01:43.466504 /root/study/github_repository/pbftconsensus/network/routine_dispatchMsg.go:80: [into prepare]
[dispatch PrepareMsg]2021/10/12 18:01:43.472767 /root/study/github_repository/pbftconsensus/network/routine_dispatchMsg.go:80: [into prepare]
[dispatch PrepareMsg]2021/10/12 18:01:43.483886 /root/study/github_repository/pbftconsensus/network/routine_dispatchMsg.go:80: [into prepare]
[dispatch PrepareMsg]2021/10/12 18:01:43.500053 /root/study/github_repository/pbftconsensus/network/routine_dispatchMsg.go:80: [into prepare]
[dispatch CommitMsg]2021/10/12 18:01:43.509112 /root/study/github_repository/pbftconsensus/network/routine_dispatchMsg.go:95: [into commit]
[dispatch CommitMsg]2021/10/12 18:01:43.529070 /root/study/github_repository/pbftconsensus/network/routine_dispatchMsg.go:95: [into commit]
[dispatch CommitMsg]2021/10/12 18:01:43.536274 /root/study/github_repository/pbftconsensus/network/routine_dispatchMsg.go:95: [into commit]
[dispatch CommitMsg]2021/10/12 18:01:43.540627 /root/study/github_repository/pbftconsensus/network/routine_dispatchMsg.go:95: [into commit]
[dispatch CommitMsg]2021/10/12 18:01:43.546087 /root/study/github_repository/pbftconsensus/network/routine_dispatchMsg.go:95: [into commit]
[dispatch CommitMsg]2021/10/12 18:01:43.560783 /root/study/github_repository/pbftconsensus/network/routine_dispatchMsg.go:95: [into commit]
[dispatch CommitMsg]2021/10/12 18:01:43.568034 /root/study/github_repository/pbftconsensus/network/routine_dispatchMsg.go:95: [into commit]
[dispatch CommitMsg]2021/10/12 18:01:43.584437 /root/study/github_repository/pbftconsensus/network/routine_dispatchMsg.go:95: [into commit]
[dispatch CommitMsg]2021/10/12 18:01:43.584457 /root/study/github_repository/pbftconsensus/network/routine_dispatchMsg.go:95: [into commit]
[dispatch CommitMsg]2021/10/12 18:01:43.594232 /root/study/github_repository/pbftconsensus/network/routine_dispatchMsg.go:95: [into commit]
[dispatch PrePrepareMsg]2021/10/12 18:01:53.367676 /root/study/github_repository/pbftconsensus/network/routine_dispatchMsg.go:63: [into pbft]
[dispatch PrepareMsg]2021/10/12 18:01:53.386511 /root/study/github_repository/pbftconsensus/network/routine_dispatchMsg.go:80: [into prepare]
[dispatch PrepareMsg]2021/10/12 18:01:53.431811 /root/study/github_repository/pbftconsensus/network/routine_dispatchMsg.go:80: [into prepare]
[dispatch PrepareMsg]2021/10/12 18:01:53.436285 /root/study/github_repository/pbftconsensus/network/routine_dispatchMsg.go:80: [into prepare]
[dispatch PrepareMsg]2021/10/12 18:01:53.455314 /root/study/github_repository/pbftconsensus/network/routine_dispatchMsg.go:80: [into prepare]
[dispatch PrepareMsg]2021/10/12 18:01:53.482288 /root/study/github_repository/pbftconsensus/network/routine_dispatchMsg.go:80: [into prepare]
[dispatch CommitMsg]2021/10/12 18:01:53.492036 /root/study/github_repository/pbftconsensus/network/routine_dispatchMsg.go:95: [into commit]
[dispatch CommitMsg]2021/10/12 18:01:53.517909 /root/study/github_repository/pbftconsensus/network/routine_dispatchMsg.go:95: [into commit]
[dispatch CommitMsg]2021/10/12 18:01:53.525085 /root/study/github_repository/pbftconsensus/network/routine_dispatchMsg.go:95: [into commit]
[dispatch CommitMsg]2021/10/12 18:01:53.540890 /root/study/github_repository/pbftconsensus/network/routine_dispatchMsg.go:95: [into commit]
[dispatch CommitMsg]2021/10/12 18:01:53.547179 /root/study/github_repository/pbftconsensus/network/routine_dispatchMsg.go:95: [into commit]
[dispatch CommitMsg]2021/10/12 18:01:53.554355 /root/study/github_repository/pbftconsensus/network/routine_dispatchMsg.go:95: [into commit]
[dispatch CommitMsg]2021/10/12 18:01:53.558802 /root/study/github_repository/pbftconsensus/network/routine_dispatchMsg.go:95: [into commit]
[dispatch CommitMsg]2021/10/12 18:01:53.574805 /root/study/github_repository/pbftconsensus/network/routine_dispatchMsg.go:95: [into commit]
[dispatch PrePrepareMsg]2021/10/12 18:02:03.368764 /root/study/github_repository/pbftconsensus/network/routine_dispatchMsg.go:63: [into pbft]
[dispatch PrepareMsg]2021/10/12 18:02:03.386436 /root/study/github_repository/pbftconsensus/network/routine_dispatchMsg.go:80: [into prepare]
[dispatch PrepareMsg]2021/10/12 18:02:03.404752 /root/study/github_repository/pbftconsensus/network/routine_dispatchMsg.go:80: [into prepare]
[dispatch PrepareMsg]2021/10/12 18:02:03.421781 /root/study/github_repository/pbftconsensus/network/routine_dispatchMsg.go:80: [into prepare]
[dispatch PrepareMsg]2021/10/12 18:02:03.429041 /root/study/github_repository/pbftconsensus/network/routine_dispatchMsg.go:80: [into prepare]
[dispatch PrepareMsg]2021/10/12 18:02:03.436413 /root/study/github_repository/pbftconsensus/network/routine_dispatchMsg.go:80: [into prepare]
[dispatch PrepareMsg]2021/10/12 18:02:03.442330 /root/study/github_repository/pbftconsensus/network/routine_dispatchMsg.go:80: [into prepare]
[dispatch PrepareMsg]2021/10/12 18:02:03.450719 /root/study/github_repository/pbftconsensus/network/routine_dispatchMsg.go:80: [into prepare]
[dispatch PrepareMsg]2021/10/12 18:02:03.453431 /root/study/github_repository/pbftconsensus/network/routine_dispatchMsg.go:80: [into prepare]
[dispatch PrepareMsg]2021/10/12 18:02:03.471268 /root/study/github_repository/pbftconsensus/network/routine_dispatchMsg.go:80: [into prepare]
[dispatch CommitMsg]2021/10/12 18:02:03.479227 /root/study/github_repository/pbftconsensus/network/routine_dispatchMsg.go:95: [into commit]
[dispatch CommitMsg]2021/10/12 18:02:03.486658 /root/study/github_repository/pbftconsensus/network/routine_dispatchMsg.go:95: [into commit]
[dispatch CommitMsg]2021/10/12 18:02:03.492116 /root/study/github_repository/pbftconsensus/network/routine_dispatchMsg.go:95: [into commit]
[dispatch CommitMsg]2021/10/12 18:02:03.499578 /root/study/github_repository/pbftconsensus/network/routine_dispatchMsg.go:95: [into commit]
[dispatch CommitMsg]2021/10/12 18:02:03.503402 /root/study/github_repository/pbftconsensus/network/routine_dispatchMsg.go:95: [into commit]
[dispatch CommitMsg]2021/10/12 18:02:03.509457 /root/study/github_repository/pbftconsensus/network/routine_dispatchMsg.go:95: [into commit]
[dispatch CommitMsg]2021/10/12 18:02:03.522572 /root/study/github_repository/pbftconsensus/network/routine_dispatchMsg.go:95: [into commit]
[dispatch CommitMsg]2021/10/12 18:02:03.525518 /root/study/github_repository/pbftconsensus/network/routine_dispatchMsg.go:95: [into commit]
[dispatch CommitMsg]2021/10/12 18:02:03.544845 /root/study/github_repository/pbftconsensus/network/routine_dispatchMsg.go:95: [into commit]
[dispatch CommitMsg]2021/10/12 18:02:03.559793 /root/study/github_repository/pbftconsensus/network/routine_dispatchMsg.go:95: [into commit]
[dispatch CommitMsg]2021/10/12 18:02:03.564034 /root/study/github_repository/pbftconsensus/network/routine_dispatchMsg.go:95: [into commit]
[dispatch PrePrepareMsg]2021/10/12 18:02:13.370214 /root/study/github_repository/pbftconsensus/network/routine_dispatchMsg.go:63: [into pbft]
[dispatch PrepareMsg]2021/10/12 18:02:13.388083 /root/study/github_repository/pbftconsensus/network/routine_dispatchMsg.go:80: [into prepare]
[dispatch PrepareMsg]2021/10/12 18:02:13.407914 /root/study/github_repository/pbftconsensus/network/routine_dispatchMsg.go:80: [into prepare]
[dispatch PrepareMsg]2021/10/12 18:02:13.413140 /root/study/github_repository/pbftconsensus/network/routine_dispatchMsg.go:80: [into prepare]
[dispatch PrepareMsg]2021/10/12 18:02:13.423576 /root/study/github_repository/pbftconsensus/network/routine_dispatchMsg.go:80: [into prepare]
[dispatch PrepareMsg]2021/10/12 18:02:13.437108 /root/study/github_repository/pbftconsensus/network/routine_dispatchMsg.go:80: [into prepare]
[dispatch PrepareMsg]2021/10/12 18:02:13.445348 /root/study/github_repository/pbftconsensus/network/routine_dispatchMsg.go:80: [into prepare]
[dispatch PrepareMsg]2021/10/12 18:02:13.459395 /root/study/github_repository/pbftconsensus/network/routine_dispatchMsg.go:80: [into prepare]
[dispatch CommitMsg]2021/10/12 18:02:13.480174 /root/study/github_repository/pbftconsensus/network/routine_dispatchMsg.go:95: [into commit]
[dispatch CommitMsg]2021/10/12 18:02:13.488151 /root/study/github_repository/pbftconsensus/network/routine_dispatchMsg.go:95: [into commit]
[dispatch CommitMsg]2021/10/12 18:02:13.497463 /root/study/github_repository/pbftconsensus/network/routine_dispatchMsg.go:95: [into commit]
[dispatch CommitMsg]2021/10/12 18:02:13.505752 /root/study/github_repository/pbftconsensus/network/routine_dispatchMsg.go:95: [into commit]
[dispatch CommitMsg]2021/10/12 18:02:13.511226 /root/study/github_repository/pbftconsensus/network/routine_dispatchMsg.go:95: [into commit]
[dispatch CommitMsg]2021/10/12 18:02:13.525895 /root/study/github_repository/pbftconsensus/network/routine_dispatchMsg.go:95: [into commit]
[dispatch CommitMsg]2021/10/12 18:02:13.541379 /root/study/github_repository/pbftconsensus/network/routine_dispatchMsg.go:95: [into commit]
[dispatch CommitMsg]2021/10/12 18:02:13.555412 /root/study/github_repository/pbftconsensus/network/routine_dispatchMsg.go:95: [into commit]
[dispatch CommitMsg]2021/10/12 18:02:13.561503 /root/study/github_repository/pbftconsensus/network/routine_dispatchMsg.go:95: [into commit]
[dispatch CommitMsg]2021/10/12 18:02:13.567337 /root/study/github_repository/pbftconsensus/network/routine_dispatchMsg.go:95: [into commit]
[dispatch CommitMsg]2021/10/12 18:02:13.581733 /root/study/github_repository/pbftconsensus/network/routine_dispatchMsg.go:95: [into commit]
[dispatch PrePrepareMsg]2021/10/12 18:02:23.379204 /root/study/github_repository/pbftconsensus/network/routine_dispatchMsg.go:63: [into pbft]
[dispatch PrepareMsg]2021/10/12 18:02:23.395967 /root/study/github_repository/pbftconsensus/network/routine_dispatchMsg.go:80: [into prepare]
[dispatch PrepareMsg]2021/10/12 18:02:23.405885 /root/study/github_repository/pbftconsensus/network/routine_dispatchMsg.go:80: [into prepare]
[dispatch PrepareMsg]2021/10/12 18:02:23.410722 /root/study/github_repository/pbftconsensus/network/routine_dispatchMsg.go:80: [into prepare]
[dispatch PrepareMsg]2021/10/12 18:02:23.416350 /root/study/github_repository/pbftconsensus/network/routine_dispatchMsg.go:80: [into prepare]
[dispatch PrepareMsg]2021/10/12 18:02:23.451556 /root/study/github_repository/pbftconsensus/network/routine_dispatchMsg.go:80: [into prepare]
[dispatch PrepareMsg]2021/10/12 18:02:23.459268 /root/study/github_repository/pbftconsensus/network/routine_dispatchMsg.go:80: [into prepare]
[dispatch PrepareMsg]2021/10/12 18:02:23.465575 /root/study/github_repository/pbftconsensus/network/routine_dispatchMsg.go:80: [into prepare]
[dispatch PrepareMsg]2021/10/12 18:02:23.484651 /root/study/github_repository/pbftconsensus/network/routine_dispatchMsg.go:80: [into prepare]
[dispatch PrepareMsg]2021/10/12 18:02:23.497290 /root/study/github_repository/pbftconsensus/network/routine_dispatchMsg.go:80: [into prepare]
[dispatch PrepareMsg]2021/10/12 18:02:23.516438 /root/study/github_repository/pbftconsensus/network/routine_dispatchMsg.go:80: [into prepare]
[dispatch CommitMsg]2021/10/12 18:02:23.521867 /root/study/github_repository/pbftconsensus/network/routine_dispatchMsg.go:95: [into commit]
[dispatch CommitMsg]2021/10/12 18:02:23.556716 /root/study/github_repository/pbftconsensus/network/routine_dispatchMsg.go:95: [into commit]
[dispatch CommitMsg]2021/10/12 18:02:23.563211 /root/study/github_repository/pbftconsensus/network/routine_dispatchMsg.go:95: [into commit]
[dispatch CommitMsg]2021/10/12 18:02:23.572620 /root/study/github_repository/pbftconsensus/network/routine_dispatchMsg.go:95: [into commit]
[dispatch CommitMsg]2021/10/12 18:02:23.587627 /root/study/github_repository/pbftconsensus/network/routine_dispatchMsg.go:95: [into commit]
[dispatch CommitMsg]2021/10/12 18:02:23.594328 /root/study/github_repository/pbftconsensus/network/routine_dispatchMsg.go:95: [into commit]
[dispatch PrePrepareMsg]2021/10/12 18:02:33.382728 /root/study/github_repository/pbftconsensus/network/routine_dispatchMsg.go:63: [into pbft]
[dispatch PrepareMsg]2021/10/12 18:02:33.408032 /root/study/github_repository/pbftconsensus/network/routine_dispatchMsg.go:80: [into prepare]
[dispatch PrepareMsg]2021/10/12 18:02:33.450772 /root/study/github_repository/pbftconsensus/network/routine_dispatchMsg.go:80: [into prepare]
[dispatch PrepareMsg]2021/10/12 18:02:33.470166 /root/study/github_repository/pbftconsensus/network/routine_dispatchMsg.go:80: [into prepare]
[dispatch PrepareMsg]2021/10/12 18:02:33.476598 /root/study/github_repository/pbftconsensus/network/routine_dispatchMsg.go:80: [into prepare]
[dispatch PrepareMsg]2021/10/12 18:02:33.484108 /root/study/github_repository/pbftconsensus/network/routine_dispatchMsg.go:80: [into prepare]
[dispatch PrepareMsg]2021/10/12 18:02:33.502009 /root/study/github_repository/pbftconsensus/network/routine_dispatchMsg.go:80: [into prepare]
[dispatch CommitMsg]2021/10/12 18:02:33.506868 /root/study/github_repository/pbftconsensus/network/routine_dispatchMsg.go:95: [into commit]
[dispatch CommitMsg]2021/10/12 18:02:33.514560 /root/study/github_repository/pbftconsensus/network/routine_dispatchMsg.go:95: [into commit]
[dispatch CommitMsg]2021/10/12 18:02:33.518473 /root/study/github_repository/pbftconsensus/network/routine_dispatchMsg.go:95: [into commit]
[dispatch CommitMsg]2021/10/12 18:02:33.526340 /root/study/github_repository/pbftconsensus/network/routine_dispatchMsg.go:95: [into commit]
[dispatch CommitMsg]2021/10/12 18:02:33.534821 /root/study/github_repository/pbftconsensus/network/routine_dispatchMsg.go:95: [into commit]
[dispatch CommitMsg]2021/10/12 18:02:33.541226 /root/study/github_repository/pbftconsensus/network/routine_dispatchMsg.go:95: [into commit]
[dispatch CommitMsg]2021/10/12 18:02:33.548435 /root/study/github_repository/pbftconsensus/network/routine_dispatchMsg.go:95: [into commit]
[dispatch CommitMsg]2021/10/12 18:02:33.554432 /root/study/github_repository/pbftconsensus/network/routine_dispatchMsg.go:95: [into commit]
[dispatch CommitMsg]2021/10/12 18:02:33.561254 /root/study/github_repository/pbftconsensus/network/routine_dispatchMsg.go:95: [into commit]
[dispatch CommitMsg]2021/10/12 18:02:33.565589 /root/study/github_repository/pbftconsensus/network/routine_dispatchMsg.go:95: [into commit]
[dispatch CommitMsg]2021/10/12 18:02:33.573154 /root/study/github_repository/pbftconsensus/network/routine_dispatchMsg.go:95: [into commit]
[dispatch PrePrepareMsg]2021/10/12 18:02:43.384253 /root/study/github_repository/pbftconsensus/network/routine_dispatchMsg.go:63: [into pbft]
[dispatch PrepareMsg]2021/10/12 18:02:43.403093 /root/study/github_repository/pbftconsensus/network/routine_dispatchMsg.go:80: [into prepare]
[dispatch PrepareMsg]2021/10/12 18:02:43.423433 /root/study/github_repository/pbftconsensus/network/routine_dispatchMsg.go:80: [into prepare]
[dispatch PrepareMsg]2021/10/12 18:02:43.430072 /root/study/github_repository/pbftconsensus/network/routine_dispatchMsg.go:80: [into prepare]
[dispatch PrepareMsg]2021/10/12 18:02:43.449022 /root/study/github_repository/pbftconsensus/network/routine_dispatchMsg.go:80: [into prepare]
[dispatch PrepareMsg]2021/10/12 18:02:43.459608 /root/study/github_repository/pbftconsensus/network/routine_dispatchMsg.go:80: [into prepare]
[dispatch PrepareMsg]2021/10/12 18:02:43.463443 /root/study/github_repository/pbftconsensus/network/routine_dispatchMsg.go:80: [into prepare]
[dispatch PrepareMsg]2021/10/12 18:02:43.470721 /root/study/github_repository/pbftconsensus/network/routine_dispatchMsg.go:80: [into prepare]
[dispatch PrepareMsg]2021/10/12 18:02:43.478793 /root/study/github_repository/pbftconsensus/network/routine_dispatchMsg.go:80: [into prepare]
[dispatch PrepareMsg]2021/10/12 18:02:43.494793 /root/study/github_repository/pbftconsensus/network/routine_dispatchMsg.go:80: [into prepare]
[dispatch CommitMsg]2021/10/12 18:02:43.501523 /root/study/github_repository/pbftconsensus/network/routine_dispatchMsg.go:95: [into commit]
[dispatch CommitMsg]2021/10/12 18:02:43.508080 /root/study/github_repository/pbftconsensus/network/routine_dispatchMsg.go:95: [into commit]
[dispatch CommitMsg]2021/10/12 18:02:43.513423 /root/study/github_repository/pbftconsensus/network/routine_dispatchMsg.go:95: [into commit]
[dispatch CommitMsg]2021/10/12 18:02:43.529400 /root/study/github_repository/pbftconsensus/network/routine_dispatchMsg.go:95: [into commit]
[dispatch CommitMsg]2021/10/12 18:02:43.549496 /root/study/github_repository/pbftconsensus/network/routine_dispatchMsg.go:95: [into commit]
[dispatch CommitMsg]2021/10/12 18:02:43.555877 /root/study/github_repository/pbftconsensus/network/routine_dispatchMsg.go:95: [into commit]
[dispatch CommitMsg]2021/10/12 18:02:43.561909 /root/study/github_repository/pbftconsensus/network/routine_dispatchMsg.go:95: [into commit]
[dispatch CommitMsg]2021/10/12 18:02:43.567338 /root/study/github_repository/pbftconsensus/network/routine_dispatchMsg.go:95: [into commit]
[dispatch CommitMsg]2021/10/12 18:02:43.591312 /root/study/github_repository/pbftconsensus/network/routine_dispatchMsg.go:95: [into commit]
[dispatch CommitMsg]2021/10/12 18:02:43.597859 /root/study/github_repository/pbftconsensus/network/routine_dispatchMsg.go:95: [into commit]
[dispatch CommitMsg]2021/10/12 18:02:43.604751 /root/study/github_repository/pbftconsensus/network/routine_dispatchMsg.go:95: [into commit]
[dispatch PrePrepareMsg]2021/10/12 18:02:53.403201 /root/study/github_repository/pbftconsensus/network/routine_dispatchMsg.go:63: [into pbft]
[dispatch PrepareMsg]2021/10/12 18:02:53.430592 /root/study/github_repository/pbftconsensus/network/routine_dispatchMsg.go:80: [into prepare]
[dispatch PrepareMsg]2021/10/12 18:02:53.460252 /root/study/github_repository/pbftconsensus/network/routine_dispatchMsg.go:80: [into prepare]
[dispatch PrepareMsg]2021/10/12 18:02:53.471180 /root/study/github_repository/pbftconsensus/network/routine_dispatchMsg.go:80: [into prepare]
[dispatch PrepareMsg]2021/10/12 18:02:53.471623 /root/study/github_repository/pbftconsensus/network/routine_dispatchMsg.go:80: [into prepare]
[dispatch PrepareMsg]2021/10/12 18:02:53.476528 /root/study/github_repository/pbftconsensus/network/routine_dispatchMsg.go:80: [into prepare]
[dispatch PrepareMsg]2021/10/12 18:02:53.496388 /root/study/github_repository/pbftconsensus/network/routine_dispatchMsg.go:80: [into prepare]
[dispatch CommitMsg]2021/10/12 18:02:53.497895 /root/study/github_repository/pbftconsensus/network/routine_dispatchMsg.go:95: [into commit]
[dispatch CommitMsg]2021/10/12 18:02:53.514801 /root/study/github_repository/pbftconsensus/network/routine_dispatchMsg.go:95: [into commit]
[dispatch CommitMsg]2021/10/12 18:02:53.524637 /root/study/github_repository/pbftconsensus/network/routine_dispatchMsg.go:95: [into commit]
[dispatch CommitMsg]2021/10/12 18:02:53.537580 /root/study/github_repository/pbftconsensus/network/routine_dispatchMsg.go:95: [into commit]
[dispatch CommitMsg]2021/10/12 18:02:53.554031 /root/study/github_repository/pbftconsensus/network/routine_dispatchMsg.go:95: [into commit]
[dispatch CommitMsg]2021/10/12 18:02:53.565614 /root/study/github_repository/pbftconsensus/network/routine_dispatchMsg.go:95: [into commit]
[dispatch CommitMsg]2021/10/12 18:02:53.574303 /root/study/github_repository/pbftconsensus/network/routine_dispatchMsg.go:95: [into commit]
[dispatch CommitMsg]2021/10/12 18:02:53.581683 /root/study/github_repository/pbftconsensus/network/routine_dispatchMsg.go:95: [into commit]
[dispatch CommitMsg]2021/10/12 18:02:53.592303 /root/study/github_repository/pbftconsensus/network/routine_dispatchMsg.go:95: [into commit]
[dispatch CommitMsg]2021/10/12 18:02:53.600611 /root/study/github_repository/pbftconsensus/network/routine_dispatchMsg.go:95: [into commit]
[dispatch PrePrepareMsg]2021/10/12 18:03:08.394158 /root/study/github_repository/pbftconsensus/network/routine_dispatchMsg.go:63: [into pbft]
[dispatch PrepareMsg]2021/10/12 18:03:08.417729 /root/study/github_repository/pbftconsensus/network/routine_dispatchMsg.go:80: [into prepare]
[dispatch PrepareMsg]2021/10/12 18:03:08.441030 /root/study/github_repository/pbftconsensus/network/routine_dispatchMsg.go:80: [into prepare]
[dispatch PrepareMsg]2021/10/12 18:03:08.467394 /root/study/github_repository/pbftconsensus/network/routine_dispatchMsg.go:80: [into prepare]
[dispatch PrepareMsg]2021/10/12 18:03:08.477932 /root/study/github_repository/pbftconsensus/network/routine_dispatchMsg.go:80: [into prepare]
[dispatch PrepareMsg]2021/10/12 18:03:08.483267 /root/study/github_repository/pbftconsensus/network/routine_dispatchMsg.go:80: [into prepare]
[dispatch PrepareMsg]2021/10/12 18:03:08.489151 /root/study/github_repository/pbftconsensus/network/routine_dispatchMsg.go:80: [into prepare]
[dispatch PrepareMsg]2021/10/12 18:03:08.505519 /root/study/github_repository/pbftconsensus/network/routine_dispatchMsg.go:80: [into prepare]
[dispatch PrepareMsg]2021/10/12 18:03:08.530100 /root/study/github_repository/pbftconsensus/network/routine_dispatchMsg.go:80: [into prepare]
[dispatch CommitMsg]2021/10/12 18:03:08.536313 /root/study/github_repository/pbftconsensus/network/routine_dispatchMsg.go:95: [into commit]
[dispatch CommitMsg]2021/10/12 18:03:08.549070 /root/study/github_repository/pbftconsensus/network/routine_dispatchMsg.go:95: [into commit]
[dispatch CommitMsg]2021/10/12 18:03:08.555991 /root/study/github_repository/pbftconsensus/network/routine_dispatchMsg.go:95: [into commit]
[dispatch CommitMsg]2021/10/12 18:03:08.561684 /root/study/github_repository/pbftconsensus/network/routine_dispatchMsg.go:95: [into commit]
[dispatch CommitMsg]2021/10/12 18:03:08.568078 /root/study/github_repository/pbftconsensus/network/routine_dispatchMsg.go:95: [into commit]
[dispatch CommitMsg]2021/10/12 18:03:08.573674 /root/study/github_repository/pbftconsensus/network/routine_dispatchMsg.go:95: [into commit]
[dispatch CommitMsg]2021/10/12 18:03:08.578781 /root/study/github_repository/pbftconsensus/network/routine_dispatchMsg.go:95: [into commit]
[dispatch CommitMsg]2021/10/12 18:03:08.585007 /root/study/github_repository/pbftconsensus/network/routine_dispatchMsg.go:95: [into commit]
[dispatch CommitMsg]2021/10/12 18:03:08.603429 /root/study/github_repository/pbftconsensus/network/routine_dispatchMsg.go:95: [into commit]
[dispatch CommitMsg]2021/10/12 18:03:08.608862 /root/study/github_repository/pbftconsensus/network/routine_dispatchMsg.go:95: [into commit]
[dispatch CommitMsg]2021/10/12 18:03:08.617069 /root/study/github_repository/pbftconsensus/network/routine_dispatchMsg.go:95: [into commit]
[dispatch PrePrepareMsg]2021/10/12 18:03:18.393525 /root/study/github_repository/pbftconsensus/network/routine_dispatchMsg.go:63: [into pbft]
[dispatch PrepareMsg]2021/10/12 18:03:18.412365 /root/study/github_repository/pbftconsensus/network/routine_dispatchMsg.go:80: [into prepare]
[dispatch PrepareMsg]2021/10/12 18:03:18.419175 /root/study/github_repository/pbftconsensus/network/routine_dispatchMsg.go:80: [into prepare]
[dispatch PrepareMsg]2021/10/12 18:03:18.425899 /root/study/github_repository/pbftconsensus/network/routine_dispatchMsg.go:80: [into prepare]
[dispatch PrepareMsg]2021/10/12 18:03:18.433473 /root/study/github_repository/pbftconsensus/network/routine_dispatchMsg.go:80: [into prepare]
[dispatch PrepareMsg]2021/10/12 18:03:18.446666 /root/study/github_repository/pbftconsensus/network/routine_dispatchMsg.go:80: [into prepare]
[dispatch PrepareMsg]2021/10/12 18:03:18.451845 /root/study/github_repository/pbftconsensus/network/routine_dispatchMsg.go:80: [into prepare]
[dispatch PrepareMsg]2021/10/12 18:03:18.475287 /root/study/github_repository/pbftconsensus/network/routine_dispatchMsg.go:80: [into prepare]
[dispatch PrepareMsg]2021/10/12 18:03:18.507096 /root/study/github_repository/pbftconsensus/network/routine_dispatchMsg.go:80: [into prepare]
[dispatch PrepareMsg]2021/10/12 18:03:18.515738 /root/study/github_repository/pbftconsensus/network/routine_dispatchMsg.go:80: [into prepare]
[dispatch CommitMsg]2021/10/12 18:03:18.541519 /root/study/github_repository/pbftconsensus/network/routine_dispatchMsg.go:95: [into commit]
[dispatch CommitMsg]2021/10/12 18:03:18.560106 /root/study/github_repository/pbftconsensus/network/routine_dispatchMsg.go:95: [into commit]
[dispatch CommitMsg]2021/10/12 18:03:18.564838 /root/study/github_repository/pbftconsensus/network/routine_dispatchMsg.go:95: [into commit]
[dispatch CommitMsg]2021/10/12 18:03:18.571170 /root/study/github_repository/pbftconsensus/network/routine_dispatchMsg.go:95: [into commit]
[dispatch CommitMsg]2021/10/12 18:03:18.577148 /root/study/github_repository/pbftconsensus/network/routine_dispatchMsg.go:95: [into commit]
[dispatch CommitMsg]2021/10/12 18:03:18.589324 /root/study/github_repository/pbftconsensus/network/routine_dispatchMsg.go:95: [into commit]
[dispatch CommitMsg]2021/10/12 18:03:18.599811 /root/study/github_repository/pbftconsensus/network/routine_dispatchMsg.go:95: [into commit]
[dispatch CommitMsg]2021/10/12 18:03:18.620303 /root/study/github_repository/pbftconsensus/network/routine_dispatchMsg.go:95: [into commit]
[dispatch CommitMsg]2021/10/12 18:03:18.624511 /root/study/github_repository/pbftconsensus/network/routine_dispatchMsg.go:95: [into commit]
[dispatch PrePrepareMsg]2021/10/12 18:03:28.398878 /root/study/github_repository/pbftconsensus/network/routine_dispatchMsg.go:63: [into pbft]
[dispatch PrepareMsg]2021/10/12 18:03:28.413225 /root/study/github_repository/pbftconsensus/network/routine_dispatchMsg.go:80: [into prepare]
[dispatch PrepareMsg]2021/10/12 18:03:28.426441 /root/study/github_repository/pbftconsensus/network/routine_dispatchMsg.go:80: [into prepare]
[dispatch PrepareMsg]2021/10/12 18:03:28.429912 /root/study/github_repository/pbftconsensus/network/routine_dispatchMsg.go:80: [into prepare]
[dispatch PrepareMsg]2021/10/12 18:03:28.433872 /root/study/github_repository/pbftconsensus/network/routine_dispatchMsg.go:80: [into prepare]
[dispatch PrepareMsg]2021/10/12 18:03:28.436855 /root/study/github_repository/pbftconsensus/network/routine_dispatchMsg.go:80: [into prepare]
[dispatch PrepareMsg]2021/10/12 18:03:28.444509 /root/study/github_repository/pbftconsensus/network/routine_dispatchMsg.go:80: [into prepare]
[dispatch PrepareMsg]2021/10/12 18:03:28.455842 /root/study/github_repository/pbftconsensus/network/routine_dispatchMsg.go:80: [into prepare]
[dispatch PrepareMsg]2021/10/12 18:03:28.468023 /root/study/github_repository/pbftconsensus/network/routine_dispatchMsg.go:80: [into prepare]
[dispatch CommitMsg]2021/10/12 18:03:28.476247 /root/study/github_repository/pbftconsensus/network/routine_dispatchMsg.go:95: [into commit]
[dispatch CommitMsg]2021/10/12 18:03:28.480196 /root/study/github_repository/pbftconsensus/network/routine_dispatchMsg.go:95: [into commit]
[dispatch CommitMsg]2021/10/12 18:03:28.484277 /root/study/github_repository/pbftconsensus/network/routine_dispatchMsg.go:95: [into commit]
[dispatch CommitMsg]2021/10/12 18:03:28.488399 /root/study/github_repository/pbftconsensus/network/routine_dispatchMsg.go:95: [into commit]
[dispatch CommitMsg]2021/10/12 18:03:28.491288 /root/study/github_repository/pbftconsensus/network/routine_dispatchMsg.go:95: [into commit]
[dispatch CommitMsg]2021/10/12 18:03:28.504062 /root/study/github_repository/pbftconsensus/network/routine_dispatchMsg.go:95: [into commit]
[dispatch CommitMsg]2021/10/12 18:03:28.507919 /root/study/github_repository/pbftconsensus/network/routine_dispatchMsg.go:95: [into commit]
[dispatch CommitMsg]2021/10/12 18:03:28.512275 /root/study/github_repository/pbftconsensus/network/routine_dispatchMsg.go:95: [into commit]
[dispatch CommitMsg]2021/10/12 18:03:28.529448 /root/study/github_repository/pbftconsensus/network/routine_dispatchMsg.go:95: [into commit]
