[dispatch PrePrepareMsg]2021/10/11 23:19:52.349832 /root/study/github_repository/pbftconsensus/network/routine_dispatchMsg.go:63: [into pbft]
[dispatch PrepareMsg]2021/10/11 23:19:52.385154 /root/study/github_repository/pbftconsensus/network/routine_dispatchMsg.go:80: [collect enough preparemsg]
[dispatch CommitMsg]2021/10/11 23:19:52.520528 /root/study/github_repository/pbftconsensus/network/routine_dispatchMsg.go:97: [collect enough commitmsg]
[dispatch PrePrepareMsg]2021/10/11 23:22:37.507900 /root/study/github_repository/pbftconsensus/network/routine_dispatchMsg.go:63: [into pbft]
[dispatch PrepareMsg]2021/10/11 23:22:37.546615 /root/study/github_repository/pbftconsensus/network/routine_dispatchMsg.go:80: [collect enough preparemsg]
[dispatch CommitMsg]2021/10/11 23:22:37.668831 /root/study/github_repository/pbftconsensus/network/routine_dispatchMsg.go:97: [collect enough commitmsg]
[dispatch PrePrepareMsg]2021/10/11 23:25:28.730430 /root/study/github_repository/pbftconsensus/network/routine_dispatchMsg.go:63: [into pbft]
[dispatch PrepareMsg]2021/10/11 23:25:28.755841 /root/study/github_repository/pbftconsensus/network/routine_dispatchMsg.go:80: [collect enough preparemsg]
[dispatch CommitMsg]2021/10/11 23:25:28.879500 /root/study/github_repository/pbftconsensus/network/routine_dispatchMsg.go:97: [collect enough commitmsg]
[dispatch PrePrepareMsg]2021/10/11 23:30:51.779099 /root/study/github_repository/pbftconsensus/network/routine_dispatchMsg.go:63: [into pbft]
[dispatch PrepareMsg]2021/10/11 23:30:51.813825 /root/study/github_repository/pbftconsensus/network/routine_dispatchMsg.go:80: [collect enough preparemsg]
[dispatch CommitMsg]2021/10/11 23:30:51.943546 /root/study/github_repository/pbftconsensus/network/routine_dispatchMsg.go:97: [collect enough commitmsg]
[dispatch PrePrepareMsg]2021/10/12 17:07:14.743272 /root/study/github_repository/pbftconsensus/network/routine_dispatchMsg.go:63: [into pbft]
[dispatch PrepareMsg]2021/10/12 17:07:14.772849 /root/study/github_repository/pbftconsensus/network/routine_dispatchMsg.go:80: [collect enough preparemsg]
[dispatch CommitMsg]2021/10/12 17:07:14.859079 /root/study/github_repository/pbftconsensus/network/routine_dispatchMsg.go:97: [collect enough commitmsg]
[dispatch PrePrepareMsg]2021/10/12 17:52:07.141467 /root/study/github_repository/pbftconsensus/network/routine_dispatchMsg.go:63: [into pbft]
[dispatch PrepareMsg]2021/10/12 17:52:07.224046 /root/study/github_repository/pbftconsensus/network/routine_dispatchMsg.go:80: [into prepare]
[dispatch PrepareMsg]2021/10/12 17:52:07.230215 /root/study/github_repository/pbftconsensus/network/routine_dispatchMsg.go:80: [into prepare]
[dispatch PrepareMsg]2021/10/12 17:52:07.235647 /root/study/github_repository/pbftconsensus/network/routine_dispatchMsg.go:80: [into prepare]
[dispatch PrepareMsg]2021/10/12 17:52:07.243203 /root/study/github_repository/pbftconsensus/network/routine_dispatchMsg.go:80: [into prepare]
[dispatch PrepareMsg]2021/10/12 17:52:07.253693 /root/study/github_repository/pbftconsensus/network/routine_dispatchMsg.go:80: [into prepare]
[dispatch PrepareMsg]2021/10/12 17:52:07.262130 /root/study/github_repository/pbftconsensus/network/routine_dispatchMsg.go:80: [into prepare]
[dispatch PrepareMsg]2021/10/12 17:52:07.289261 /root/study/github_repository/pbftconsensus/network/routine_dispatchMsg.go:80: [into prepare]
[dispatch CommitMsg]2021/10/12 17:52:07.294038 /root/study/github_repository/pbftconsensus/network/routine_dispatchMsg.go:95: [into commit]
[dispatch CommitMsg]2021/10/12 17:52:07.299612 /root/study/github_repository/pbftconsensus/network/routine_dispatchMsg.go:95: [into commit]
[dispatch CommitMsg]2021/10/12 17:52:07.305187 /root/study/github_repository/pbftconsensus/network/routine_dispatchMsg.go:95: [into commit]
[dispatch CommitMsg]2021/10/12 17:52:07.313159 /root/study/github_repository/pbftconsensus/network/routine_dispatchMsg.go:95: [into commit]
[dispatch CommitMsg]2021/10/12 17:52:07.319977 /root/study/github_repository/pbftconsensus/network/routine_dispatchMsg.go:95: [into commit]
[dispatch CommitMsg]2021/10/12 17:52:07.322754 /root/study/github_repository/pbftconsensus/network/routine_dispatchMsg.go:95: [into commit]
[dispatch CommitMsg]2021/10/12 17:52:07.335802 /root/study/github_repository/pbftconsensus/network/routine_dispatchMsg.go:95: [into commit]
[dispatch CommitMsg]2021/10/12 17:52:07.343945 /root/study/github_repository/pbftconsensus/network/routine_dispatchMsg.go:95: [into commit]
[dispatch CommitMsg]2021/10/12 17:52:07.351912 /root/study/github_repository/pbftconsensus/network/routine_dispatchMsg.go:95: [into commit]
[dispatch CommitMsg]2021/10/12 17:52:07.358336 /root/study/github_repository/pbftconsensus/network/routine_dispatchMsg.go:95: [into commit]
[dispatch CommitMsg]2021/10/12 17:52:07.366058 /root/study/github_repository/pbftconsensus/network/routine_dispatchMsg.go:95: [into commit]
[dispatch PrePrepareMsg]2021/10/12 17:53:17.185389 /root/study/github_repository/pbftconsensus/network/routine_dispatchMsg.go:63: [into pbft]
[dispatch PrepareMsg]2021/10/12 17:53:17.203678 /root/study/github_repository/pbftconsensus/network/routine_dispatchMsg.go:80: [into prepare]
[dispatch PrepareMsg]2021/10/12 17:53:17.233501 /root/study/github_repository/pbftconsensus/network/routine_dispatchMsg.go:80: [into prepare]
[dispatch PrepareMsg]2021/10/12 17:53:17.241451 /root/study/github_repository/pbftconsensus/network/routine_dispatchMsg.go:80: [into prepare]
[dispatch PrepareMsg]2021/10/12 17:53:17.246101 /root/study/github_repository/pbftconsensus/network/routine_dispatchMsg.go:80: [into prepare]
[dispatch PrepareMsg]2021/10/12 17:53:17.250300 /root/study/github_repository/pbftconsensus/network/routine_dispatchMsg.go:80: [into prepare]
[dispatch PrepareMsg]2021/10/12 17:53:17.269164 /root/study/github_repository/pbftconsensus/network/routine_dispatchMsg.go:80: [into prepare]
[dispatch PrepareMsg]2021/10/12 17:53:17.272293 /root/study/github_repository/pbftconsensus/network/routine_dispatchMsg.go:80: [into prepare]
[dispatch CommitMsg]2021/10/12 17:53:17.292682 /root/study/github_repository/pbftconsensus/network/routine_dispatchMsg.go:95: [into commit]
[dispatch CommitMsg]2021/10/12 17:53:17.324521 /root/study/github_repository/pbftconsensus/network/routine_dispatchMsg.go:95: [into commit]
[dispatch CommitMsg]2021/10/12 17:53:17.329330 /root/study/github_repository/pbftconsensus/network/routine_dispatchMsg.go:95: [into commit]
[dispatch CommitMsg]2021/10/12 17:53:17.342669 /root/study/github_repository/pbftconsensus/network/routine_dispatchMsg.go:95: [into commit]
[dispatch CommitMsg]2021/10/12 17:53:17.354208 /root/study/github_repository/pbftconsensus/network/routine_dispatchMsg.go:95: [into commit]
[dispatch CommitMsg]2021/10/12 17:53:17.359488 /root/study/github_repository/pbftconsensus/network/routine_dispatchMsg.go:95: [into commit]
[dispatch CommitMsg]2021/10/12 17:53:17.365330 /root/study/github_repository/pbftconsensus/network/routine_dispatchMsg.go:95: [into commit]
[dispatch CommitMsg]2021/10/12 17:53:17.378346 /root/study/github_repository/pbftconsensus/network/routine_dispatchMsg.go:95: [into commit]
[dispatch CommitMsg]2021/10/12 17:53:17.385170 /root/study/github_repository/pbftconsensus/network/routine_dispatchMsg.go:95: [into commit]
[dispatch PrePrepareMsg]2021/10/12 17:53:42.194585 /root/study/github_repository/pbftconsensus/network/routine_dispatchMsg.go:63: [into pbft]
[dispatch PrepareMsg]2021/10/12 17:53:42.216855 /root/study/github_repository/pbftconsensus/network/routine_dispatchMsg.go:80: [into prepare]
[dispatch PrepareMsg]2021/10/12 17:53:42.233487 /root/study/github_repository/pbftconsensus/network/routine_dispatchMsg.go:80: [into prepare]
[dispatch PrepareMsg]2021/10/12 17:53:42.240464 /root/study/github_repository/pbftconsensus/network/routine_dispatchMsg.go:80: [into prepare]
[dispatch PrepareMsg]2021/10/12 17:53:42.255103 /root/study/github_repository/pbftconsensus/network/routine_dispatchMsg.go:80: [into prepare]
[dispatch PrepareMsg]2021/10/12 17:53:42.265993 /root/study/github_repository/pbftconsensus/network/routine_dispatchMsg.go:80: [into prepare]
[dispatch PrepareMsg]2021/10/12 17:53:42.273477 /root/study/github_repository/pbftconsensus/network/routine_dispatchMsg.go:80: [into prepare]
[dispatch PrepareMsg]2021/10/12 17:53:42.289611 /root/study/github_repository/pbftconsensus/network/routine_dispatchMsg.go:80: [into prepare]
[dispatch PrepareMsg]2021/10/12 17:53:42.295260 /root/study/github_repository/pbftconsensus/network/routine_dispatchMsg.go:80: [into prepare]
[dispatch PrepareMsg]2021/10/12 17:53:42.303946 /root/study/github_repository/pbftconsensus/network/routine_dispatchMsg.go:80: [into prepare]
[dispatch PrepareMsg]2021/10/12 17:53:42.315912 /root/study/github_repository/pbftconsensus/network/routine_dispatchMsg.go:80: [into prepare]
[dispatch CommitMsg]2021/10/12 17:53:42.332959 /root/study/github_repository/pbftconsensus/network/routine_dispatchMsg.go:95: [into commit]
[dispatch CommitMsg]2021/10/12 17:53:42.342824 /root/study/github_repository/pbftconsensus/network/routine_dispatchMsg.go:95: [into commit]
[dispatch CommitMsg]2021/10/12 17:53:42.344687 /root/study/github_repository/pbftconsensus/network/routine_dispatchMsg.go:95: [into commit]
[dispatch CommitMsg]2021/10/12 17:53:42.360101 /root/study/github_repository/pbftconsensus/network/routine_dispatchMsg.go:95: [into commit]
[dispatch CommitMsg]2021/10/12 17:53:42.364767 /root/study/github_repository/pbftconsensus/network/routine_dispatchMsg.go:95: [into commit]
[dispatch CommitMsg]2021/10/12 17:53:42.371896 /root/study/github_repository/pbftconsensus/network/routine_dispatchMsg.go:95: [into commit]
[dispatch CommitMsg]2021/10/12 17:53:42.384185 /root/study/github_repository/pbftconsensus/network/routine_dispatchMsg.go:95: [into commit]
[dispatch CommitMsg]2021/10/12 17:53:42.388326 /root/study/github_repository/pbftconsensus/network/routine_dispatchMsg.go:95: [into commit]
[dispatch CommitMsg]2021/10/12 17:53:42.393949 /root/study/github_repository/pbftconsensus/network/routine_dispatchMsg.go:95: [into commit]
[dispatch CommitMsg]2021/10/12 17:53:42.405646 /root/study/github_repository/pbftconsensus/network/routine_dispatchMsg.go:95: [into commit]
[dispatch PrePrepareMsg]2021/10/12 17:54:07.215117 /root/study/github_repository/pbftconsensus/network/routine_dispatchMsg.go:63: [into pbft]
[dispatch PrepareMsg]2021/10/12 17:54:07.245255 /root/study/github_repository/pbftconsensus/network/routine_dispatchMsg.go:80: [into prepare]
[dispatch PrepareMsg]2021/10/12 17:54:07.285361 /root/study/github_repository/pbftconsensus/network/routine_dispatchMsg.go:80: [into prepare]
[dispatch PrepareMsg]2021/10/12 17:54:07.291342 /root/study/github_repository/pbftconsensus/network/routine_dispatchMsg.go:80: [into prepare]
[dispatch PrepareMsg]2021/10/12 17:54:07.298041 /root/study/github_repository/pbftconsensus/network/routine_dispatchMsg.go:80: [into prepare]
[dispatch PrepareMsg]2021/10/12 17:54:07.313807 /root/study/github_repository/pbftconsensus/network/routine_dispatchMsg.go:80: [into prepare]
[dispatch CommitMsg]2021/10/12 17:54:07.324692 /root/study/github_repository/pbftconsensus/network/routine_dispatchMsg.go:95: [into commit]
[dispatch CommitMsg]2021/10/12 17:54:07.332760 /root/study/github_repository/pbftconsensus/network/routine_dispatchMsg.go:95: [into commit]
[dispatch CommitMsg]2021/10/12 17:54:07.344277 /root/study/github_repository/pbftconsensus/network/routine_dispatchMsg.go:95: [into commit]
[dispatch CommitMsg]2021/10/12 17:54:07.355385 /root/study/github_repository/pbftconsensus/network/routine_dispatchMsg.go:95: [into commit]
[dispatch CommitMsg]2021/10/12 17:54:07.361587 /root/study/github_repository/pbftconsensus/network/routine_dispatchMsg.go:95: [into commit]
[dispatch CommitMsg]2021/10/12 17:54:07.370134 /root/study/github_repository/pbftconsensus/network/routine_dispatchMsg.go:95: [into commit]
[dispatch CommitMsg]2021/10/12 17:54:07.398236 /root/study/github_repository/pbftconsensus/network/routine_dispatchMsg.go:95: [into commit]
[dispatch CommitMsg]2021/10/12 17:54:07.411805 /root/study/github_repository/pbftconsensus/network/routine_dispatchMsg.go:95: [into commit]
[dispatch CommitMsg]2021/10/12 17:54:07.417259 /root/study/github_repository/pbftconsensus/network/routine_dispatchMsg.go:95: [into commit]
[dispatch CommitMsg]2021/10/12 17:54:07.423561 /root/study/github_repository/pbftconsensus/network/routine_dispatchMsg.go:95: [into commit]
[dispatch PrePrepareMsg]2021/10/12 17:54:35.114083 /root/study/github_repository/pbftconsensus/network/routine_dispatchMsg.go:63: [into pbft]
[dispatch PrepareMsg]2021/10/12 17:54:35.134803 /root/study/github_repository/pbftconsensus/network/routine_dispatchMsg.go:80: [into prepare]
[dispatch PrepareMsg]2021/10/12 17:54:35.145381 /root/study/github_repository/pbftconsensus/network/routine_dispatchMsg.go:80: [into prepare]
[dispatch PrepareMsg]2021/10/12 17:54:35.153919 /root/study/github_repository/pbftconsensus/network/routine_dispatchMsg.go:80: [into prepare]
[dispatch PrepareMsg]2021/10/12 17:54:35.160028 /root/study/github_repository/pbftconsensus/network/routine_dispatchMsg.go:80: [into prepare]
[dispatch PrepareMsg]2021/10/12 17:54:35.180623 /root/study/github_repository/pbftconsensus/network/routine_dispatchMsg.go:80: [into prepare]
[dispatch PrepareMsg]2021/10/12 17:54:35.189330 /root/study/github_repository/pbftconsensus/network/routine_dispatchMsg.go:80: [into prepare]
[dispatch PrepareMsg]2021/10/12 17:54:35.196256 /root/study/github_repository/pbftconsensus/network/routine_dispatchMsg.go:80: [into prepare]
[dispatch PrepareMsg]2021/10/12 17:54:35.201675 /root/study/github_repository/pbftconsensus/network/routine_dispatchMsg.go:80: [into prepare]
[dispatch PrepareMsg]2021/10/12 17:54:35.207603 /root/study/github_repository/pbftconsensus/network/routine_dispatchMsg.go:80: [into prepare]
[dispatch PrepareMsg]2021/10/12 17:54:35.225232 /root/study/github_repository/pbftconsensus/network/routine_dispatchMsg.go:80: [into prepare]
[dispatch CommitMsg]2021/10/12 17:54:35.237736 /root/study/github_repository/pbftconsensus/network/routine_dispatchMsg.go:95: [into commit]
[dispatch CommitMsg]2021/10/12 17:54:35.265695 /root/study/github_repository/pbftconsensus/network/routine_dispatchMsg.go:95: [into commit]
[dispatch CommitMsg]2021/10/12 17:54:35.280384 /root/study/github_repository/pbftconsensus/network/routine_dispatchMsg.go:95: [into commit]
[dispatch CommitMsg]2021/10/12 17:54:35.286004 /root/study/github_repository/pbftconsensus/network/routine_dispatchMsg.go:95: [into commit]
[dispatch CommitMsg]2021/10/12 17:54:35.292972 /root/study/github_repository/pbftconsensus/network/routine_dispatchMsg.go:95: [into commit]
[dispatch CommitMsg]2021/10/12 17:54:35.298262 /root/study/github_repository/pbftconsensus/network/routine_dispatchMsg.go:95: [into commit]
[dispatch CommitMsg]2021/10/12 17:54:35.317177 /root/study/github_repository/pbftconsensus/network/routine_dispatchMsg.go:95: [into commit]
[dispatch CommitMsg]2021/10/12 17:54:35.321508 /root/study/github_repository/pbftconsensus/network/routine_dispatchMsg.go:95: [into commit]
[dispatch PrePrepareMsg]2021/10/12 17:54:50.135262 /root/study/github_repository/pbftconsensus/network/routine_dispatchMsg.go:63: [into pbft]
[dispatch PrepareMsg]2021/10/12 17:54:50.156257 /root/study/github_repository/pbftconsensus/network/routine_dispatchMsg.go:80: [into prepare]
[dispatch PrepareMsg]2021/10/12 17:54:50.169929 /root/study/github_repository/pbftconsensus/network/routine_dispatchMsg.go:80: [into prepare]
[dispatch PrepareMsg]2021/10/12 17:54:50.176472 /root/study/github_repository/pbftconsensus/network/routine_dispatchMsg.go:80: [into prepare]
[dispatch PrepareMsg]2021/10/12 17:54:50.184527 /root/study/github_repository/pbftconsensus/network/routine_dispatchMsg.go:80: [into prepare]
[dispatch PrepareMsg]2021/10/12 17:54:50.190992 /root/study/github_repository/pbftconsensus/network/routine_dispatchMsg.go:80: [into prepare]
[dispatch PrepareMsg]2021/10/12 17:54:50.196012 /root/study/github_repository/pbftconsensus/network/routine_dispatchMsg.go:80: [into prepare]
[dispatch PrepareMsg]2021/10/12 17:54:50.202942 /root/study/github_repository/pbftconsensus/network/routine_dispatchMsg.go:80: [into prepare]
[dispatch PrepareMsg]2021/10/12 17:54:50.222604 /root/study/github_repository/pbftconsensus/network/routine_dispatchMsg.go:80: [into prepare]
[dispatch CommitMsg]2021/10/12 17:54:50.240597 /root/study/github_repository/pbftconsensus/network/routine_dispatchMsg.go:95: [into commit]
[dispatch CommitMsg]2021/10/12 17:54:50.260396 /root/study/github_repository/pbftconsensus/network/routine_dispatchMsg.go:95: [into commit]
[dispatch CommitMsg]2021/10/12 17:54:50.277199 /root/study/github_repository/pbftconsensus/network/routine_dispatchMsg.go:95: [into commit]
[dispatch CommitMsg]2021/10/12 17:54:50.296150 /root/study/github_repository/pbftconsensus/network/routine_dispatchMsg.go:95: [into commit]
[dispatch CommitMsg]2021/10/12 17:54:50.302660 /root/study/github_repository/pbftconsensus/network/routine_dispatchMsg.go:95: [into commit]
[dispatch CommitMsg]2021/10/12 17:54:50.313080 /root/study/github_repository/pbftconsensus/network/routine_dispatchMsg.go:95: [into commit]
[dispatch CommitMsg]2021/10/12 17:54:50.326014 /root/study/github_repository/pbftconsensus/network/routine_dispatchMsg.go:95: [into commit]
[dispatch CommitMsg]2021/10/12 17:54:50.334028 /root/study/github_repository/pbftconsensus/network/routine_dispatchMsg.go:95: [into commit]
[dispatch CommitMsg]2021/10/12 17:54:50.344757 /root/study/github_repository/pbftconsensus/network/routine_dispatchMsg.go:95: [into commit]
[dispatch CommitMsg]2021/10/12 17:54:50.350540 /root/study/github_repository/pbftconsensus/network/routine_dispatchMsg.go:95: [into commit]
[dispatch PrePrepareMsg]2021/10/12 17:55:00.134242 /root/study/github_repository/pbftconsensus/network/routine_dispatchMsg.go:63: [into pbft]
[dispatch PrepareMsg]2021/10/12 17:55:00.153585 /root/study/github_repository/pbftconsensus/network/routine_dispatchMsg.go:80: [into prepare]
[dispatch PrepareMsg]2021/10/12 17:55:00.192700 /root/study/github_repository/pbftconsensus/network/routine_dispatchMsg.go:80: [into prepare]
[dispatch PrepareMsg]2021/10/12 17:55:00.201692 /root/study/github_repository/pbftconsensus/network/routine_dispatchMsg.go:80: [into prepare]
[dispatch PrepareMsg]2021/10/12 17:55:00.205242 /root/study/github_repository/pbftconsensus/network/routine_dispatchMsg.go:80: [into prepare]
[dispatch PrepareMsg]2021/10/12 17:55:00.219745 /root/study/github_repository/pbftconsensus/network/routine_dispatchMsg.go:80: [into prepare]
[dispatch CommitMsg]2021/10/12 17:55:00.229565 /root/study/github_repository/pbftconsensus/network/routine_dispatchMsg.go:95: [into commit]
[dispatch CommitMsg]2021/10/12 17:55:00.238775 /root/study/github_repository/pbftconsensus/network/routine_dispatchMsg.go:95: [into commit]
[dispatch CommitMsg]2021/10/12 17:55:00.249905 /root/study/github_repository/pbftconsensus/network/routine_dispatchMsg.go:95: [into commit]
[dispatch CommitMsg]2021/10/12 17:55:00.255088 /root/study/github_repository/pbftconsensus/network/routine_dispatchMsg.go:95: [into commit]
[dispatch CommitMsg]2021/10/12 17:55:00.277472 /root/study/github_repository/pbftconsensus/network/routine_dispatchMsg.go:95: [into commit]
[dispatch CommitMsg]2021/10/12 17:55:00.284140 /root/study/github_repository/pbftconsensus/network/routine_dispatchMsg.go:95: [into commit]
[dispatch CommitMsg]2021/10/12 17:55:00.293992 /root/study/github_repository/pbftconsensus/network/routine_dispatchMsg.go:95: [into commit]
[dispatch CommitMsg]2021/10/12 17:55:00.302429 /root/study/github_repository/pbftconsensus/network/routine_dispatchMsg.go:95: [into commit]
[dispatch CommitMsg]2021/10/12 17:55:00.320866 /root/study/github_repository/pbftconsensus/network/routine_dispatchMsg.go:95: [into commit]
[dispatch CommitMsg]2021/10/12 17:55:00.340531 /root/study/github_repository/pbftconsensus/network/routine_dispatchMsg.go:95: [into commit]
[dispatch CommitMsg]2021/10/12 17:55:00.343937 /root/study/github_repository/pbftconsensus/network/routine_dispatchMsg.go:95: [into commit]
[dispatch PrePrepareMsg]2021/10/12 17:55:10.132136 /root/study/github_repository/pbftconsensus/network/routine_dispatchMsg.go:63: [into pbft]
[dispatch PrepareMsg]2021/10/12 17:55:10.150717 /root/study/github_repository/pbftconsensus/network/routine_dispatchMsg.go:80: [into prepare]
[dispatch PrepareMsg]2021/10/12 17:55:10.161700 /root/study/github_repository/pbftconsensus/network/routine_dispatchMsg.go:80: [into prepare]
[dispatch PrepareMsg]2021/10/12 17:55:10.167272 /root/study/github_repository/pbftconsensus/network/routine_dispatchMsg.go:80: [into prepare]
[dispatch PrepareMsg]2021/10/12 17:55:10.173159 /root/study/github_repository/pbftconsensus/network/routine_dispatchMsg.go:80: [into prepare]
[dispatch PrepareMsg]2021/10/12 17:55:10.179365 /root/study/github_repository/pbftconsensus/network/routine_dispatchMsg.go:80: [into prepare]
[dispatch PrepareMsg]2021/10/12 17:55:10.184956 /root/study/github_repository/pbftconsensus/network/routine_dispatchMsg.go:80: [into prepare]
[dispatch PrepareMsg]2021/10/12 17:55:10.191645 /root/study/github_repository/pbftconsensus/network/routine_dispatchMsg.go:80: [into prepare]
[dispatch PrepareMsg]2021/10/12 17:55:10.202602 /root/study/github_repository/pbftconsensus/network/routine_dispatchMsg.go:80: [into prepare]
[dispatch PrepareMsg]2021/10/12 17:55:10.210343 /root/study/github_repository/pbftconsensus/network/routine_dispatchMsg.go:80: [into prepare]
[dispatch PrepareMsg]2021/10/12 17:55:10.228535 /root/study/github_repository/pbftconsensus/network/routine_dispatchMsg.go:80: [into prepare]
[dispatch CommitMsg]2021/10/12 17:55:10.241785 /root/study/github_repository/pbftconsensus/network/routine_dispatchMsg.go:95: [into commit]
[dispatch CommitMsg]2021/10/12 17:55:10.249981 /root/study/github_repository/pbftconsensus/network/routine_dispatchMsg.go:95: [into commit]
[dispatch CommitMsg]2021/10/12 17:55:10.258736 /root/study/github_repository/pbftconsensus/network/routine_dispatchMsg.go:95: [into commit]
[dispatch CommitMsg]2021/10/12 17:55:10.265002 /root/study/github_repository/pbftconsensus/network/routine_dispatchMsg.go:95: [into commit]
[dispatch CommitMsg]2021/10/12 17:55:10.272810 /root/study/github_repository/pbftconsensus/network/routine_dispatchMsg.go:95: [into commit]
[dispatch CommitMsg]2021/10/12 17:55:10.280252 /root/study/github_repository/pbftconsensus/network/routine_dispatchMsg.go:95: [into commit]
[dispatch CommitMsg]2021/10/12 17:55:10.284513 /root/study/github_repository/pbftconsensus/network/routine_dispatchMsg.go:95: [into commit]
[dispatch CommitMsg]2021/10/12 17:55:10.302851 /root/study/github_repository/pbftconsensus/network/routine_dispatchMsg.go:95: [into commit]
[dispatch CommitMsg]2021/10/12 17:55:10.314826 /root/study/github_repository/pbftconsensus/network/routine_dispatchMsg.go:95: [into commit]
[dispatch CommitMsg]2021/10/12 17:55:10.335841 /root/study/github_repository/pbftconsensus/network/routine_dispatchMsg.go:95: [into commit]
[dispatch CommitMsg]2021/10/12 17:55:10.354686 /root/study/github_repository/pbftconsensus/network/routine_dispatchMsg.go:95: [into commit]
[dispatch PrePrepareMsg]2021/10/12 18:00:20.474500 /root/study/github_repository/pbftconsensus/network/routine_dispatchMsg.go:63: [into pbft]
[dispatch PrepareMsg]2021/10/12 18:00:20.500588 /root/study/github_repository/pbftconsensus/network/routine_dispatchMsg.go:80: [into prepare]
[dispatch PrepareMsg]2021/10/12 18:00:20.515679 /root/study/github_repository/pbftconsensus/network/routine_dispatchMsg.go:80: [into prepare]
[dispatch PrepareMsg]2021/10/12 18:00:20.520087 /root/study/github_repository/pbftconsensus/network/routine_dispatchMsg.go:80: [into prepare]
[dispatch PrepareMsg]2021/10/12 18:00:20.540789 /root/study/github_repository/pbftconsensus/network/routine_dispatchMsg.go:80: [into prepare]
[dispatch PrepareMsg]2021/10/12 18:00:20.547895 /root/study/github_repository/pbftconsensus/network/routine_dispatchMsg.go:80: [into prepare]
[dispatch PrepareMsg]2021/10/12 18:00:20.551813 /root/study/github_repository/pbftconsensus/network/routine_dispatchMsg.go:80: [into prepare]
[dispatch PrepareMsg]2021/10/12 18:00:20.570064 /root/study/github_repository/pbftconsensus/network/routine_dispatchMsg.go:80: [into prepare]
[dispatch PrepareMsg]2021/10/12 18:00:20.592205 /root/study/github_repository/pbftconsensus/network/routine_dispatchMsg.go:80: [into prepare]
[dispatch CommitMsg]2021/10/12 18:00:20.594439 /root/study/github_repository/pbftconsensus/network/routine_dispatchMsg.go:95: [into commit]
[dispatch CommitMsg]2021/10/12 18:00:20.623770 /root/study/github_repository/pbftconsensus/network/routine_dispatchMsg.go:95: [into commit]
[dispatch CommitMsg]2021/10/12 18:00:20.638756 /root/study/github_repository/pbftconsensus/network/routine_dispatchMsg.go:95: [into commit]
[dispatch CommitMsg]2021/10/12 18:00:20.638774 /root/study/github_repository/pbftconsensus/network/routine_dispatchMsg.go:95: [into commit]
[dispatch CommitMsg]2021/10/12 18:00:20.643477 /root/study/github_repository/pbftconsensus/network/routine_dispatchMsg.go:95: [into commit]
[dispatch CommitMsg]2021/10/12 18:00:20.648328 /root/study/github_repository/pbftconsensus/network/routine_dispatchMsg.go:95: [into commit]
[dispatch CommitMsg]2021/10/12 18:00:20.651282 /root/study/github_repository/pbftconsensus/network/routine_dispatchMsg.go:95: [into commit]
[dispatch CommitMsg]2021/10/12 18:00:20.656276 /root/study/github_repository/pbftconsensus/network/routine_dispatchMsg.go:95: [into commit]
[dispatch PrePrepareMsg]2021/10/12 18:00:35.473030 /root/study/github_repository/pbftconsensus/network/routine_dispatchMsg.go:63: [into pbft]
[dispatch PrepareMsg]2021/10/12 18:00:35.510641 /root/study/github_repository/pbftconsensus/network/routine_dispatchMsg.go:80: [into prepare]
[dispatch PrepareMsg]2021/10/12 18:00:35.537460 /root/study/github_repository/pbftconsensus/network/routine_dispatchMsg.go:80: [into prepare]
[dispatch PrepareMsg]2021/10/12 18:00:35.541672 /root/study/github_repository/pbftconsensus/network/routine_dispatchMsg.go:80: [into prepare]
[dispatch PrepareMsg]2021/10/12 18:00:35.557632 /root/study/github_repository/pbftconsensus/network/routine_dispatchMsg.go:80: [into prepare]
[dispatch CommitMsg]2021/10/12 18:00:35.563860 /root/study/github_repository/pbftconsensus/network/routine_dispatchMsg.go:95: [into commit]
[dispatch CommitMsg]2021/10/12 18:00:35.567665 /root/study/github_repository/pbftconsensus/network/routine_dispatchMsg.go:95: [into commit]
[dispatch CommitMsg]2021/10/12 18:00:35.571008 /root/study/github_repository/pbftconsensus/network/routine_dispatchMsg.go:95: [into commit]
[dispatch CommitMsg]2021/10/12 18:00:35.578090 /root/study/github_repository/pbftconsensus/network/routine_dispatchMsg.go:95: [into commit]
[dispatch CommitMsg]2021/10/12 18:00:35.578909 /root/study/github_repository/pbftconsensus/network/routine_dispatchMsg.go:95: [into commit]
[dispatch CommitMsg]2021/10/12 18:00:35.582408 /root/study/github_repository/pbftconsensus/network/routine_dispatchMsg.go:95: [into commit]
[dispatch CommitMsg]2021/10/12 18:00:35.586047 /root/study/github_repository/pbftconsensus/network/routine_dispatchMsg.go:95: [into commit]
[dispatch CommitMsg]2021/10/12 18:00:35.588842 /root/study/github_repository/pbftconsensus/network/routine_dispatchMsg.go:95: [into commit]
[dispatch CommitMsg]2021/10/12 18:00:35.599930 /root/study/github_repository/pbftconsensus/network/routine_dispatchMsg.go:95: [into commit]
[dispatch CommitMsg]2021/10/12 18:00:35.601474 /root/study/github_repository/pbftconsensus/network/routine_dispatchMsg.go:95: [into commit]
[dispatch CommitMsg]2021/10/12 18:00:35.605104 /root/study/github_repository/pbftconsensus/network/routine_dispatchMsg.go:95: [into commit]
[dispatch PrePrepareMsg]2021/10/12 18:01:43.368406 /root/study/github_repository/pbftconsensus/network/routine_dispatchMsg.go:63: [into pbft]
[dispatch PrepareMsg]2021/10/12 18:01:43.386835 /root/study/github_repository/pbftconsensus/network/routine_dispatchMsg.go:80: [into prepare]
[dispatch PrepareMsg]2021/10/12 18:01:43.421490 /root/study/github_repository/pbftconsensus/network/routine_dispatchMsg.go:80: [into prepare]
[dispatch PrepareMsg]2021/10/12 18:01:43.421510 /root/study/github_repository/pbftconsensus/network/routine_dispatchMsg.go:80: [into prepare]
[dispatch PrepareMsg]2021/10/12 18:01:43.428359 /root/study/github_repository/pbftconsensus/network/routine_dispatchMsg.go:80: [into prepare]
[dispatch PrepareMsg]2021/10/12 18:01:43.441151 /root/study/github_repository/pbftconsensus/network/routine_dispatchMsg.go:80: [into prepare]
[dispatch PrepareMsg]2021/10/12 18:01:43.448314 /root/study/github_repository/pbftconsensus/network/routine_dispatchMsg.go:80: [into prepare]
[dispatch PrepareMsg]2021/10/12 18:01:43.464680 /root/study/github_repository/pbftconsensus/network/routine_dispatchMsg.go:80: [into prepare]
[dispatch CommitMsg]2021/10/12 18:01:43.487536 /root/study/github_repository/pbftconsensus/network/routine_dispatchMsg.go:95: [into commit]
[dispatch CommitMsg]2021/10/12 18:01:43.495073 /root/study/github_repository/pbftconsensus/network/routine_dispatchMsg.go:95: [into commit]
[dispatch CommitMsg]2021/10/12 18:01:43.508076 /root/study/github_repository/pbftconsensus/network/routine_dispatchMsg.go:95: [into commit]
[dispatch CommitMsg]2021/10/12 18:01:43.540337 /root/study/github_repository/pbftconsensus/network/routine_dispatchMsg.go:95: [into commit]
[dispatch CommitMsg]2021/10/12 18:01:43.546179 /root/study/github_repository/pbftconsensus/network/routine_dispatchMsg.go:95: [into commit]
[dispatch CommitMsg]2021/10/12 18:01:43.552030 /root/study/github_repository/pbftconsensus/network/routine_dispatchMsg.go:95: [into commit]
[dispatch CommitMsg]2021/10/12 18:01:43.557182 /root/study/github_repository/pbftconsensus/network/routine_dispatchMsg.go:95: [into commit]
[dispatch CommitMsg]2021/10/12 18:01:43.562753 /root/study/github_repository/pbftconsensus/network/routine_dispatchMsg.go:95: [into commit]
[dispatch CommitMsg]2021/10/12 18:01:43.569911 /root/study/github_repository/pbftconsensus/network/routine_dispatchMsg.go:95: [into commit]
[dispatch CommitMsg]2021/10/12 18:01:43.587693 /root/study/github_repository/pbftconsensus/network/routine_dispatchMsg.go:95: [into commit]
[dispatch CommitMsg]2021/10/12 18:01:43.595833 /root/study/github_repository/pbftconsensus/network/routine_dispatchMsg.go:95: [into commit]
[dispatch PrePrepareMsg]2021/10/12 18:01:53.361304 /root/study/github_repository/pbftconsensus/network/routine_dispatchMsg.go:63: [into pbft]
[dispatch PrepareMsg]2021/10/12 18:01:53.385235 /root/study/github_repository/pbftconsensus/network/routine_dispatchMsg.go:80: [into prepare]
[dispatch PrepareMsg]2021/10/12 18:01:53.392550 /root/study/github_repository/pbftconsensus/network/routine_dispatchMsg.go:80: [into prepare]
[dispatch PrepareMsg]2021/10/12 18:01:53.398721 /root/study/github_repository/pbftconsensus/network/routine_dispatchMsg.go:80: [into prepare]
[dispatch PrepareMsg]2021/10/12 18:01:53.405337 /root/study/github_repository/pbftconsensus/network/routine_dispatchMsg.go:80: [into prepare]
[dispatch PrepareMsg]2021/10/12 18:01:53.411256 /root/study/github_repository/pbftconsensus/network/routine_dispatchMsg.go:80: [into prepare]
[dispatch PrepareMsg]2021/10/12 18:01:53.417230 /root/study/github_repository/pbftconsensus/network/routine_dispatchMsg.go:80: [into prepare]
[dispatch PrepareMsg]2021/10/12 18:01:53.432291 /root/study/github_repository/pbftconsensus/network/routine_dispatchMsg.go:80: [into prepare]
[dispatch PrepareMsg]2021/10/12 18:01:53.440491 /root/study/github_repository/pbftconsensus/network/routine_dispatchMsg.go:80: [into prepare]
[dispatch PrepareMsg]2021/10/12 18:01:53.446730 /root/study/github_repository/pbftconsensus/network/routine_dispatchMsg.go:80: [into prepare]
[dispatch PrepareMsg]2021/10/12 18:01:53.463627 /root/study/github_repository/pbftconsensus/network/routine_dispatchMsg.go:80: [into prepare]
[dispatch CommitMsg]2021/10/12 18:01:53.473068 /root/study/github_repository/pbftconsensus/network/routine_dispatchMsg.go:95: [into commit]
[dispatch CommitMsg]2021/10/12 18:01:53.481494 /root/study/github_repository/pbftconsensus/network/routine_dispatchMsg.go:95: [into commit]
[dispatch CommitMsg]2021/10/12 18:01:53.489879 /root/study/github_repository/pbftconsensus/network/routine_dispatchMsg.go:95: [into commit]
[dispatch CommitMsg]2021/10/12 18:01:53.497074 /root/study/github_repository/pbftconsensus/network/routine_dispatchMsg.go:95: [into commit]
[dispatch CommitMsg]2021/10/12 18:01:53.512320 /root/study/github_repository/pbftconsensus/network/routine_dispatchMsg.go:95: [into commit]
[dispatch CommitMsg]2021/10/12 18:01:53.529439 /root/study/github_repository/pbftconsensus/network/routine_dispatchMsg.go:95: [into commit]
[dispatch CommitMsg]2021/10/12 18:01:53.534485 /root/study/github_repository/pbftconsensus/network/routine_dispatchMsg.go:95: [into commit]
[dispatch CommitMsg]2021/10/12 18:01:53.549428 /root/study/github_repository/pbftconsensus/network/routine_dispatchMsg.go:95: [into commit]
[dispatch CommitMsg]2021/10/12 18:01:53.561110 /root/study/github_repository/pbftconsensus/network/routine_dispatchMsg.go:95: [into commit]
[dispatch CommitMsg]2021/10/12 18:01:53.572642 /root/study/github_repository/pbftconsensus/network/routine_dispatchMsg.go:95: [into commit]
[dispatch CommitMsg]2021/10/12 18:01:53.587107 /root/study/github_repository/pbftconsensus/network/routine_dispatchMsg.go:95: [into commit]
[dispatch PrePrepareMsg]2021/10/12 18:02:03.381980 /root/study/github_repository/pbftconsensus/network/routine_dispatchMsg.go:63: [into pbft]
[dispatch PrepareMsg]2021/10/12 18:02:03.416306 /root/study/github_repository/pbftconsensus/network/routine_dispatchMsg.go:80: [into prepare]
[dispatch PrepareMsg]2021/10/12 18:02:03.451986 /root/study/github_repository/pbftconsensus/network/routine_dispatchMsg.go:80: [into prepare]
[dispatch PrepareMsg]2021/10/12 18:02:03.458994 /root/study/github_repository/pbftconsensus/network/routine_dispatchMsg.go:80: [into prepare]
[dispatch PrepareMsg]2021/10/12 18:02:03.466523 /root/study/github_repository/pbftconsensus/network/routine_dispatchMsg.go:80: [into prepare]
[dispatch PrepareMsg]2021/10/12 18:02:03.480430 /root/study/github_repository/pbftconsensus/network/routine_dispatchMsg.go:80: [into prepare]
[dispatch CommitMsg]2021/10/12 18:02:03.488266 /root/study/github_repository/pbftconsensus/network/routine_dispatchMsg.go:95: [into commit]
[dispatch CommitMsg]2021/10/12 18:02:03.494537 /root/study/github_repository/pbftconsensus/network/routine_dispatchMsg.go:95: [into commit]
[dispatch CommitMsg]2021/10/12 18:02:03.506790 /root/study/github_repository/pbftconsensus/network/routine_dispatchMsg.go:95: [into commit]
[dispatch CommitMsg]2021/10/12 18:02:03.512246 /root/study/github_repository/pbftconsensus/network/routine_dispatchMsg.go:95: [into commit]
[dispatch CommitMsg]2021/10/12 18:02:03.518454 /root/study/github_repository/pbftconsensus/network/routine_dispatchMsg.go:95: [into commit]
[dispatch CommitMsg]2021/10/12 18:02:03.525120 /root/study/github_repository/pbftconsensus/network/routine_dispatchMsg.go:95: [into commit]
[dispatch CommitMsg]2021/10/12 18:02:03.530111 /root/study/github_repository/pbftconsensus/network/routine_dispatchMsg.go:95: [into commit]
[dispatch CommitMsg]2021/10/12 18:02:03.535011 /root/study/github_repository/pbftconsensus/network/routine_dispatchMsg.go:95: [into commit]
[dispatch CommitMsg]2021/10/12 18:02:03.548507 /root/study/github_repository/pbftconsensus/network/routine_dispatchMsg.go:95: [into commit]
[dispatch CommitMsg]2021/10/12 18:02:03.567686 /root/study/github_repository/pbftconsensus/network/routine_dispatchMsg.go:95: [into commit]
[dispatch PrePrepareMsg]2021/10/12 18:02:13.383497 /root/study/github_repository/pbftconsensus/network/routine_dispatchMsg.go:63: [into pbft]
[dispatch PrepareMsg]2021/10/12 18:02:13.414572 /root/study/github_repository/pbftconsensus/network/routine_dispatchMsg.go:80: [into prepare]
[dispatch PrepareMsg]2021/10/12 18:02:13.484500 /root/study/github_repository/pbftconsensus/network/routine_dispatchMsg.go:80: [into prepare]
[dispatch PrepareMsg]2021/10/12 18:02:13.507895 /root/study/github_repository/pbftconsensus/network/routine_dispatchMsg.go:80: [into prepare]
[dispatch CommitMsg]2021/10/12 18:02:13.519427 /root/study/github_repository/pbftconsensus/network/routine_dispatchMsg.go:95: [into commit]
[dispatch CommitMsg]2021/10/12 18:02:13.527007 /root/study/github_repository/pbftconsensus/network/routine_dispatchMsg.go:95: [into commit]
[dispatch CommitMsg]2021/10/12 18:02:13.532620 /root/study/github_repository/pbftconsensus/network/routine_dispatchMsg.go:95: [into commit]
[dispatch CommitMsg]2021/10/12 18:02:13.538298 /root/study/github_repository/pbftconsensus/network/routine_dispatchMsg.go:95: [into commit]
[dispatch CommitMsg]2021/10/12 18:02:13.544150 /root/study/github_repository/pbftconsensus/network/routine_dispatchMsg.go:95: [into commit]
[dispatch CommitMsg]2021/10/12 18:02:13.548783 /root/study/github_repository/pbftconsensus/network/routine_dispatchMsg.go:95: [into commit]
[dispatch CommitMsg]2021/10/12 18:02:13.555576 /root/study/github_repository/pbftconsensus/network/routine_dispatchMsg.go:95: [into commit]
[dispatch CommitMsg]2021/10/12 18:02:13.560188 /root/study/github_repository/pbftconsensus/network/routine_dispatchMsg.go:95: [into commit]
[dispatch CommitMsg]2021/10/12 18:02:13.566778 /root/study/github_repository/pbftconsensus/network/routine_dispatchMsg.go:95: [into commit]
[dispatch CommitMsg]2021/10/12 18:02:13.572115 /root/study/github_repository/pbftconsensus/network/routine_dispatchMsg.go:95: [into commit]
[dispatch CommitMsg]2021/10/12 18:02:13.580413 /root/study/github_repository/pbftconsensus/network/routine_dispatchMsg.go:95: [into commit]
[dispatch PrePrepareMsg]2021/10/12 18:02:23.376986 /root/study/github_repository/pbftconsensus/network/routine_dispatchMsg.go:63: [into pbft]
[dispatch PrepareMsg]2021/10/12 18:02:23.397015 /root/study/github_repository/pbftconsensus/network/routine_dispatchMsg.go:80: [into prepare]
[dispatch PrepareMsg]2021/10/12 18:02:23.404417 /root/study/github_repository/pbftconsensus/network/routine_dispatchMsg.go:80: [into prepare]
[dispatch PrepareMsg]2021/10/12 18:02:23.410669 /root/study/github_repository/pbftconsensus/network/routine_dispatchMsg.go:80: [into prepare]
[dispatch PrepareMsg]2021/10/12 18:02:23.416988 /root/study/github_repository/pbftconsensus/network/routine_dispatchMsg.go:80: [into prepare]
[dispatch PrepareMsg]2021/10/12 18:02:23.423113 /root/study/github_repository/pbftconsensus/network/routine_dispatchMsg.go:80: [into prepare]
[dispatch PrepareMsg]2021/10/12 18:02:23.429314 /root/study/github_repository/pbftconsensus/network/routine_dispatchMsg.go:80: [into prepare]
[dispatch PrepareMsg]2021/10/12 18:02:23.437660 /root/study/github_repository/pbftconsensus/network/routine_dispatchMsg.go:80: [into prepare]
[dispatch PrepareMsg]2021/10/12 18:02:23.445673 /root/study/github_repository/pbftconsensus/network/routine_dispatchMsg.go:80: [into prepare]
[dispatch PrepareMsg]2021/10/12 18:02:23.460665 /root/study/github_repository/pbftconsensus/network/routine_dispatchMsg.go:80: [into prepare]
[dispatch PrepareMsg]2021/10/12 18:02:23.476513 /root/study/github_repository/pbftconsensus/network/routine_dispatchMsg.go:80: [into prepare]
[dispatch CommitMsg]2021/10/12 18:02:23.481816 /root/study/github_repository/pbftconsensus/network/routine_dispatchMsg.go:95: [into commit]
[dispatch CommitMsg]2021/10/12 18:02:23.508935 /root/study/github_repository/pbftconsensus/network/routine_dispatchMsg.go:95: [into commit]
[dispatch CommitMsg]2021/10/12 18:02:23.516086 /root/study/github_repository/pbftconsensus/network/routine_dispatchMsg.go:95: [into commit]
[dispatch CommitMsg]2021/10/12 18:02:23.524024 /root/study/github_repository/pbftconsensus/network/routine_dispatchMsg.go:95: [into commit]
[dispatch CommitMsg]2021/10/12 18:02:23.533917 /root/study/github_repository/pbftconsensus/network/routine_dispatchMsg.go:95: [into commit]
[dispatch CommitMsg]2021/10/12 18:02:23.539851 /root/study/github_repository/pbftconsensus/network/routine_dispatchMsg.go:95: [into commit]
[dispatch CommitMsg]2021/10/12 18:02:23.546387 /root/study/github_repository/pbftconsensus/network/routine_dispatchMsg.go:95: [into commit]
[dispatch CommitMsg]2021/10/12 18:02:23.566926 /root/study/github_repository/pbftconsensus/network/routine_dispatchMsg.go:95: [into commit]
[dispatch CommitMsg]2021/10/12 18:02:23.574286 /root/study/github_repository/pbftconsensus/network/routine_dispatchMsg.go:95: [into commit]
[dispatch PrePrepareMsg]2021/10/12 18:02:33.378882 /root/study/github_repository/pbftconsensus/network/routine_dispatchMsg.go:63: [into pbft]
[dispatch PrepareMsg]2021/10/12 18:02:33.402521 /root/study/github_repository/pbftconsensus/network/routine_dispatchMsg.go:80: [into prepare]
[dispatch PrepareMsg]2021/10/12 18:02:33.439296 /root/study/github_repository/pbftconsensus/network/routine_dispatchMsg.go:80: [into prepare]
[dispatch PrepareMsg]2021/10/12 18:02:33.443755 /root/study/github_repository/pbftconsensus/network/routine_dispatchMsg.go:80: [into prepare]
[dispatch PrepareMsg]2021/10/12 18:02:33.449813 /root/study/github_repository/pbftconsensus/network/routine_dispatchMsg.go:80: [into prepare]
[dispatch PrepareMsg]2021/10/12 18:02:33.455029 /root/study/github_repository/pbftconsensus/network/routine_dispatchMsg.go:80: [into prepare]
[dispatch PrepareMsg]2021/10/12 18:02:33.463212 /root/study/github_repository/pbftconsensus/network/routine_dispatchMsg.go:80: [into prepare]
[dispatch PrepareMsg]2021/10/12 18:02:33.499415 /root/study/github_repository/pbftconsensus/network/routine_dispatchMsg.go:80: [into prepare]
[dispatch CommitMsg]2021/10/12 18:02:33.505075 /root/study/github_repository/pbftconsensus/network/routine_dispatchMsg.go:95: [into commit]
[dispatch CommitMsg]2021/10/12 18:02:33.512862 /root/study/github_repository/pbftconsensus/network/routine_dispatchMsg.go:95: [into commit]
[dispatch CommitMsg]2021/10/12 18:02:33.518563 /root/study/github_repository/pbftconsensus/network/routine_dispatchMsg.go:95: [into commit]
[dispatch CommitMsg]2021/10/12 18:02:33.523929 /root/study/github_repository/pbftconsensus/network/routine_dispatchMsg.go:95: [into commit]
[dispatch CommitMsg]2021/10/12 18:02:33.529362 /root/study/github_repository/pbftconsensus/network/routine_dispatchMsg.go:95: [into commit]
[dispatch CommitMsg]2021/10/12 18:02:33.535360 /root/study/github_repository/pbftconsensus/network/routine_dispatchMsg.go:95: [into commit]
[dispatch CommitMsg]2021/10/12 18:02:33.540327 /root/study/github_repository/pbftconsensus/network/routine_dispatchMsg.go:95: [into commit]
[dispatch CommitMsg]2021/10/12 18:02:33.546091 /root/study/github_repository/pbftconsensus/network/routine_dispatchMsg.go:95: [into commit]
[dispatch CommitMsg]2021/10/12 18:02:33.559608 /root/study/github_repository/pbftconsensus/network/routine_dispatchMsg.go:95: [into commit]
[dispatch CommitMsg]2021/10/12 18:02:33.571291 /root/study/github_repository/pbftconsensus/network/routine_dispatchMsg.go:95: [into commit]
[dispatch CommitMsg]2021/10/12 18:02:33.578678 /root/study/github_repository/pbftconsensus/network/routine_dispatchMsg.go:95: [into commit]
[dispatch PrePrepareMsg]2021/10/12 18:02:43.395562 /root/study/github_repository/pbftconsensus/network/routine_dispatchMsg.go:63: [into pbft]
[dispatch PrepareMsg]2021/10/12 18:02:43.417668 /root/study/github_repository/pbftconsensus/network/routine_dispatchMsg.go:80: [into prepare]
[dispatch PrepareMsg]2021/10/12 18:02:43.462751 /root/study/github_repository/pbftconsensus/network/routine_dispatchMsg.go:80: [into prepare]
[dispatch PrepareMsg]2021/10/12 18:02:43.468551 /root/study/github_repository/pbftconsensus/network/routine_dispatchMsg.go:80: [into prepare]
[dispatch PrepareMsg]2021/10/12 18:02:43.479605 /root/study/github_repository/pbftconsensus/network/routine_dispatchMsg.go:80: [into prepare]
[dispatch PrepareMsg]2021/10/12 18:02:43.492794 /root/study/github_repository/pbftconsensus/network/routine_dispatchMsg.go:80: [into prepare]
[dispatch CommitMsg]2021/10/12 18:02:43.501790 /root/study/github_repository/pbftconsensus/network/routine_dispatchMsg.go:95: [into commit]
[dispatch CommitMsg]2021/10/12 18:02:43.508707 /root/study/github_repository/pbftconsensus/network/routine_dispatchMsg.go:95: [into commit]
[dispatch CommitMsg]2021/10/12 18:02:43.515928 /root/study/github_repository/pbftconsensus/network/routine_dispatchMsg.go:95: [into commit]
[dispatch CommitMsg]2021/10/12 18:02:43.521487 /root/study/github_repository/pbftconsensus/network/routine_dispatchMsg.go:95: [into commit]
[dispatch CommitMsg]2021/10/12 18:02:43.528210 /root/study/github_repository/pbftconsensus/network/routine_dispatchMsg.go:95: [into commit]
[dispatch CommitMsg]2021/10/12 18:02:43.533911 /root/study/github_repository/pbftconsensus/network/routine_dispatchMsg.go:95: [into commit]
[dispatch CommitMsg]2021/10/12 18:02:43.553501 /root/study/github_repository/pbftconsensus/network/routine_dispatchMsg.go:95: [into commit]
[dispatch CommitMsg]2021/10/12 18:02:43.559357 /root/study/github_repository/pbftconsensus/network/routine_dispatchMsg.go:95: [into commit]
[dispatch CommitMsg]2021/10/12 18:02:43.564499 /root/study/github_repository/pbftconsensus/network/routine_dispatchMsg.go:95: [into commit]
[dispatch CommitMsg]2021/10/12 18:02:43.575801 /root/study/github_repository/pbftconsensus/network/routine_dispatchMsg.go:95: [into commit]
[dispatch PrePrepareMsg]2021/10/12 18:02:53.391431 /root/study/github_repository/pbftconsensus/network/routine_dispatchMsg.go:63: [into pbft]
[dispatch PrepareMsg]2021/10/12 18:02:53.408974 /root/study/github_repository/pbftconsensus/network/routine_dispatchMsg.go:80: [into prepare]
[dispatch PrepareMsg]2021/10/12 18:02:53.414942 /root/study/github_repository/pbftconsensus/network/routine_dispatchMsg.go:80: [into prepare]
[dispatch PrepareMsg]2021/10/12 18:02:53.420328 /root/study/github_repository/pbftconsensus/network/routine_dispatchMsg.go:80: [into prepare]
[dispatch PrepareMsg]2021/10/12 18:02:53.436272 /root/study/github_repository/pbftconsensus/network/routine_dispatchMsg.go:80: [into prepare]
[dispatch PrepareMsg]2021/10/12 18:02:53.442315 /root/study/github_repository/pbftconsensus/network/routine_dispatchMsg.go:80: [into prepare]
[dispatch PrepareMsg]2021/10/12 18:02:53.448445 /root/study/github_repository/pbftconsensus/network/routine_dispatchMsg.go:80: [into prepare]
[dispatch PrepareMsg]2021/10/12 18:02:53.455913 /root/study/github_repository/pbftconsensus/network/routine_dispatchMsg.go:80: [into prepare]
[dispatch PrepareMsg]2021/10/12 18:02:53.465329 /root/study/github_repository/pbftconsensus/network/routine_dispatchMsg.go:80: [into prepare]
[dispatch PrepareMsg]2021/10/12 18:02:53.491207 /root/study/github_repository/pbftconsensus/network/routine_dispatchMsg.go:80: [into prepare]
[dispatch PrepareMsg]2021/10/12 18:02:53.515420 /root/study/github_repository/pbftconsensus/network/routine_dispatchMsg.go:80: [into prepare]
[dispatch CommitMsg]2021/10/12 18:02:53.523693 /root/study/github_repository/pbftconsensus/network/routine_dispatchMsg.go:95: [into commit]
[dispatch CommitMsg]2021/10/12 18:02:53.529343 /root/study/github_repository/pbftconsensus/network/routine_dispatchMsg.go:95: [into commit]
[dispatch CommitMsg]2021/10/12 18:02:53.535698 /root/study/github_repository/pbftconsensus/network/routine_dispatchMsg.go:95: [into commit]
[dispatch CommitMsg]2021/10/12 18:02:53.544213 /root/study/github_repository/pbftconsensus/network/routine_dispatchMsg.go:95: [into commit]
[dispatch CommitMsg]2021/10/12 18:02:53.549644 /root/study/github_repository/pbftconsensus/network/routine_dispatchMsg.go:95: [into commit]
[dispatch CommitMsg]2021/10/12 18:02:53.556019 /root/study/github_repository/pbftconsensus/network/routine_dispatchMsg.go:95: [into commit]
[dispatch CommitMsg]2021/10/12 18:02:53.562644 /root/study/github_repository/pbftconsensus/network/routine_dispatchMsg.go:95: [into commit]
[dispatch CommitMsg]2021/10/12 18:02:53.568581 /root/study/github_repository/pbftconsensus/network/routine_dispatchMsg.go:95: [into commit]
[dispatch CommitMsg]2021/10/12 18:02:53.574439 /root/study/github_repository/pbftconsensus/network/routine_dispatchMsg.go:95: [into commit]
[dispatch CommitMsg]2021/10/12 18:02:53.580198 /root/study/github_repository/pbftconsensus/network/routine_dispatchMsg.go:95: [into commit]
[dispatch CommitMsg]2021/10/12 18:02:53.586934 /root/study/github_repository/pbftconsensus/network/routine_dispatchMsg.go:95: [into commit]
[dispatch PrePrepareMsg]2021/10/12 18:03:08.400855 /root/study/github_repository/pbftconsensus/network/routine_dispatchMsg.go:63: [into pbft]
[dispatch PrepareMsg]2021/10/12 18:03:08.425476 /root/study/github_repository/pbftconsensus/network/routine_dispatchMsg.go:80: [into prepare]
[dispatch PrepareMsg]2021/10/12 18:03:08.455171 /root/study/github_repository/pbftconsensus/network/routine_dispatchMsg.go:80: [into prepare]
[dispatch PrepareMsg]2021/10/12 18:03:08.462541 /root/study/github_repository/pbftconsensus/network/routine_dispatchMsg.go:80: [into prepare]
[dispatch PrepareMsg]2021/10/12 18:03:08.473107 /root/study/github_repository/pbftconsensus/network/routine_dispatchMsg.go:80: [into prepare]
[dispatch PrepareMsg]2021/10/12 18:03:08.478872 /root/study/github_repository/pbftconsensus/network/routine_dispatchMsg.go:80: [into prepare]
[dispatch PrepareMsg]2021/10/12 18:03:08.494842 /root/study/github_repository/pbftconsensus/network/routine_dispatchMsg.go:80: [into prepare]
[dispatch CommitMsg]2021/10/12 18:03:08.500889 /root/study/github_repository/pbftconsensus/network/routine_dispatchMsg.go:95: [into commit]
[dispatch CommitMsg]2021/10/12 18:03:08.512367 /root/study/github_repository/pbftconsensus/network/routine_dispatchMsg.go:95: [into commit]
[dispatch CommitMsg]2021/10/12 18:03:08.520456 /root/study/github_repository/pbftconsensus/network/routine_dispatchMsg.go:95: [into commit]
[dispatch CommitMsg]2021/10/12 18:03:08.527954 /root/study/github_repository/pbftconsensus/network/routine_dispatchMsg.go:95: [into commit]
[dispatch CommitMsg]2021/10/12 18:03:08.535079 /root/study/github_repository/pbftconsensus/network/routine_dispatchMsg.go:95: [into commit]
[dispatch CommitMsg]2021/10/12 18:03:08.541578 /root/study/github_repository/pbftconsensus/network/routine_dispatchMsg.go:95: [into commit]
[dispatch CommitMsg]2021/10/12 18:03:08.552459 /root/study/github_repository/pbftconsensus/network/routine_dispatchMsg.go:95: [into commit]
[dispatch CommitMsg]2021/10/12 18:03:08.558210 /root/study/github_repository/pbftconsensus/network/routine_dispatchMsg.go:95: [into commit]
[dispatch CommitMsg]2021/10/12 18:03:08.569443 /root/study/github_repository/pbftconsensus/network/routine_dispatchMsg.go:95: [into commit]
[dispatch CommitMsg]2021/10/12 18:03:08.588764 /root/study/github_repository/pbftconsensus/network/routine_dispatchMsg.go:95: [into commit]
[dispatch CommitMsg]2021/10/12 18:03:08.596348 /root/study/github_repository/pbftconsensus/network/routine_dispatchMsg.go:95: [into commit]
[dispatch PrePrepareMsg]2021/10/12 18:03:18.407587 /root/study/github_repository/pbftconsensus/network/routine_dispatchMsg.go:63: [into pbft]
[dispatch PrepareMsg]2021/10/12 18:03:18.464654 /root/study/github_repository/pbftconsensus/network/routine_dispatchMsg.go:80: [into prepare]
[dispatch PrepareMsg]2021/10/12 18:03:18.508744 /root/study/github_repository/pbftconsensus/network/routine_dispatchMsg.go:80: [into prepare]
[dispatch PrepareMsg]2021/10/12 18:03:18.514243 /root/study/github_repository/pbftconsensus/network/routine_dispatchMsg.go:80: [into prepare]
[dispatch PrepareMsg]2021/10/12 18:03:18.530398 /root/study/github_repository/pbftconsensus/network/routine_dispatchMsg.go:80: [into prepare]
[dispatch CommitMsg]2021/10/12 18:03:18.536417 /root/study/github_repository/pbftconsensus/network/routine_dispatchMsg.go:95: [into commit]
[dispatch CommitMsg]2021/10/12 18:03:18.541513 /root/study/github_repository/pbftconsensus/network/routine_dispatchMsg.go:95: [into commit]
[dispatch CommitMsg]2021/10/12 18:03:18.547784 /root/study/github_repository/pbftconsensus/network/routine_dispatchMsg.go:95: [into commit]
[dispatch CommitMsg]2021/10/12 18:03:18.558674 /root/study/github_repository/pbftconsensus/network/routine_dispatchMsg.go:95: [into commit]
[dispatch CommitMsg]2021/10/12 18:03:18.558692 /root/study/github_repository/pbftconsensus/network/routine_dispatchMsg.go:95: [into commit]
[dispatch CommitMsg]2021/10/12 18:03:18.563720 /root/study/github_repository/pbftconsensus/network/routine_dispatchMsg.go:95: [into commit]
[dispatch CommitMsg]2021/10/12 18:03:18.570383 /root/study/github_repository/pbftconsensus/network/routine_dispatchMsg.go:95: [into commit]
[dispatch CommitMsg]2021/10/12 18:03:18.577209 /root/study/github_repository/pbftconsensus/network/routine_dispatchMsg.go:95: [into commit]
[dispatch CommitMsg]2021/10/12 18:03:18.582748 /root/study/github_repository/pbftconsensus/network/routine_dispatchMsg.go:95: [into commit]
[dispatch CommitMsg]2021/10/12 18:03:18.594825 /root/study/github_repository/pbftconsensus/network/routine_dispatchMsg.go:95: [into commit]
[dispatch PrePrepareMsg]2021/10/12 18:03:28.405387 /root/study/github_repository/pbftconsensus/network/routine_dispatchMsg.go:63: [into pbft]
[dispatch PrepareMsg]2021/10/12 18:03:28.426731 /root/study/github_repository/pbftconsensus/network/routine_dispatchMsg.go:80: [into prepare]
[dispatch PrepareMsg]2021/10/12 18:03:28.444278 /root/study/github_repository/pbftconsensus/network/routine_dispatchMsg.go:80: [into prepare]
[dispatch PrepareMsg]2021/10/12 18:03:28.448107 /root/study/github_repository/pbftconsensus/network/routine_dispatchMsg.go:80: [into prepare]
[dispatch PrepareMsg]2021/10/12 18:03:28.450227 /root/study/github_repository/pbftconsensus/network/routine_dispatchMsg.go:80: [into prepare]
[dispatch PrepareMsg]2021/10/12 18:03:28.454655 /root/study/github_repository/pbftconsensus/network/routine_dispatchMsg.go:80: [into prepare]
[dispatch PrepareMsg]2021/10/12 18:03:28.458097 /root/study/github_repository/pbftconsensus/network/routine_dispatchMsg.go:80: [into prepare]
[dispatch PrepareMsg]2021/10/12 18:03:28.472036 /root/study/github_repository/pbftconsensus/network/routine_dispatchMsg.go:80: [into prepare]
[dispatch CommitMsg]2021/10/12 18:03:28.477227 /root/study/github_repository/pbftconsensus/network/routine_dispatchMsg.go:95: [into commit]
[dispatch CommitMsg]2021/10/12 18:03:28.485160 /root/study/github_repository/pbftconsensus/network/routine_dispatchMsg.go:95: [into commit]
[dispatch CommitMsg]2021/10/12 18:03:28.493717 /root/study/github_repository/pbftconsensus/network/routine_dispatchMsg.go:95: [into commit]
[dispatch CommitMsg]2021/10/12 18:03:28.512398 /root/study/github_repository/pbftconsensus/network/routine_dispatchMsg.go:95: [into commit]
[dispatch CommitMsg]2021/10/12 18:03:28.516364 /root/study/github_repository/pbftconsensus/network/routine_dispatchMsg.go:95: [into commit]
[dispatch CommitMsg]2021/10/12 18:03:28.520001 /root/study/github_repository/pbftconsensus/network/routine_dispatchMsg.go:95: [into commit]
[dispatch CommitMsg]2021/10/12 18:03:28.524154 /root/study/github_repository/pbftconsensus/network/routine_dispatchMsg.go:95: [into commit]
[dispatch CommitMsg]2021/10/12 18:03:28.527427 /root/study/github_repository/pbftconsensus/network/routine_dispatchMsg.go:95: [into commit]
[dispatch CommitMsg]2021/10/12 18:03:28.531898 /root/study/github_repository/pbftconsensus/network/routine_dispatchMsg.go:95: [into commit]
[dispatch CommitMsg]2021/10/12 18:03:28.535190 /root/study/github_repository/pbftconsensus/network/routine_dispatchMsg.go:95: [into commit]
[dispatch CommitMsg]2021/10/12 18:03:28.540762 /root/study/github_repository/pbftconsensus/network/routine_dispatchMsg.go:95: [into commit]
