[listen pre-prepare]2021/10/11 23:19:52.345161 /root/study/github_repository/pbftconsensus/network/network_http.go:64: receive a preprepare message
[listen prepare]2021/10/11 23:19:52.370901 /root/study/github_repository/pbftconsensus/network/network_http.go:82: receive a prepare message
[listen prepare]2021/10/11 23:19:52.371096 /root/study/github_repository/pbftconsensus/network/network_http.go:82: receive a prepare message
[listen prepare]2021/10/11 23:19:52.376699 /root/study/github_repository/pbftconsensus/network/network_http.go:82: receive a prepare message
[listen prepare]2021/10/11 23:19:52.377877 /root/study/github_repository/pbftconsensus/network/network_http.go:82: receive a prepare message
[listen prepare]2021/10/11 23:19:52.379048 /root/study/github_repository/pbftconsensus/network/network_http.go:82: receive a prepare message
[listen prepare]2021/10/11 23:19:52.379242 /root/study/github_repository/pbftconsensus/network/network_http.go:82: receive a prepare message
[listen prepare]2021/10/11 23:19:52.381295 /root/study/github_repository/pbftconsensus/network/network_http.go:82: receive a prepare message
[listen prepare]2021/10/11 23:19:52.383343 /root/study/github_repository/pbftconsensus/network/network_http.go:82: receive a prepare message
[listen prepare]2021/10/11 23:19:52.387202 /root/study/github_repository/pbftconsensus/network/network_http.go:82: receive a prepare message
[listen prepare]2021/10/11 23:19:52.388337 /root/study/github_repository/pbftconsensus/network/network_http.go:82: receive a prepare message
[listen prepare]2021/10/11 23:19:52.388588 /root/study/github_repository/pbftconsensus/network/network_http.go:82: receive a prepare message
[listen prepare]2021/10/11 23:19:52.388895 /root/study/github_repository/pbftconsensus/network/network_http.go:82: receive a prepare message
[listen prepare]2021/10/11 23:19:52.422457 /root/study/github_repository/pbftconsensus/network/network_http.go:82: receive a prepare message
[listen prepare]2021/10/11 23:19:52.426984 /root/study/github_repository/pbftconsensus/network/network_http.go:82: receive a prepare message
[listen commit]2021/10/11 23:19:52.460874 /root/study/github_repository/pbftconsensus/network/network_http.go:99: receive a commit message
[listen commit]2021/10/11 23:19:52.466829 /root/study/github_repository/pbftconsensus/network/network_http.go:99: receive a commit message
[listen commit]2021/10/11 23:19:52.469470 /root/study/github_repository/pbftconsensus/network/network_http.go:99: receive a commit message
[listen commit]2021/10/11 23:19:52.479730 /root/study/github_repository/pbftconsensus/network/network_http.go:99: receive a commit message
[listen commit]2021/10/11 23:19:52.487407 /root/study/github_repository/pbftconsensus/network/network_http.go:99: receive a commit message
[listen commit]2021/10/11 23:19:52.487554 /root/study/github_repository/pbftconsensus/network/network_http.go:99: receive a commit message
[listen commit]2021/10/11 23:19:52.496270 /root/study/github_repository/pbftconsensus/network/network_http.go:99: receive a commit message
[listen commit]2021/10/11 23:19:52.498365 /root/study/github_repository/pbftconsensus/network/network_http.go:99: receive a commit message
[listen commit]2021/10/11 23:19:52.498778 /root/study/github_repository/pbftconsensus/network/network_http.go:99: receive a commit message
[listen commit]2021/10/11 23:19:52.501364 /root/study/github_repository/pbftconsensus/network/network_http.go:99: receive a commit message
[listen commit]2021/10/11 23:19:52.509653 /root/study/github_repository/pbftconsensus/network/network_http.go:99: receive a commit message
[listen commit]2021/10/11 23:19:52.532079 /root/study/github_repository/pbftconsensus/network/network_http.go:99: receive a commit message
[listen commit]2021/10/11 23:19:52.559613 /root/study/github_repository/pbftconsensus/network/network_http.go:99: receive a commit message
[listen commit]2021/10/11 23:19:52.567333 /root/study/github_repository/pbftconsensus/network/network_http.go:99: receive a commit message
[listen pre-prepare]2021/10/11 23:22:37.509787 /root/study/github_repository/pbftconsensus/network/network_http.go:64: receive a preprepare message
[listen prepare]2021/10/11 23:22:37.522351 /root/study/github_repository/pbftconsensus/network/network_http.go:82: receive a prepare message
[listen prepare]2021/10/11 23:22:37.529304 /root/study/github_repository/pbftconsensus/network/network_http.go:82: receive a prepare message
[listen prepare]2021/10/11 23:22:37.529597 /root/study/github_repository/pbftconsensus/network/network_http.go:82: receive a prepare message
[listen prepare]2021/10/11 23:22:37.530383 /root/study/github_repository/pbftconsensus/network/network_http.go:82: receive a prepare message
[listen prepare]2021/10/11 23:22:37.531923 /root/study/github_repository/pbftconsensus/network/network_http.go:82: receive a prepare message
[listen prepare]2021/10/11 23:22:37.538608 /root/study/github_repository/pbftconsensus/network/network_http.go:82: receive a prepare message
[listen prepare]2021/10/11 23:22:37.539591 /root/study/github_repository/pbftconsensus/network/network_http.go:82: receive a prepare message
[listen prepare]2021/10/11 23:22:37.539935 /root/study/github_repository/pbftconsensus/network/network_http.go:82: receive a prepare message
[listen prepare]2021/10/11 23:22:37.541644 /root/study/github_repository/pbftconsensus/network/network_http.go:82: receive a prepare message
[listen prepare]2021/10/11 23:22:37.548333 /root/study/github_repository/pbftconsensus/network/network_http.go:82: receive a prepare message
[listen prepare]2021/10/11 23:22:37.553007 /root/study/github_repository/pbftconsensus/network/network_http.go:82: receive a prepare message
[listen prepare]2021/10/11 23:22:37.572043 /root/study/github_repository/pbftconsensus/network/network_http.go:82: receive a prepare message
[listen prepare]2021/10/11 23:22:37.587620 /root/study/github_repository/pbftconsensus/network/network_http.go:82: receive a prepare message
[listen prepare]2021/10/11 23:22:37.588251 /root/study/github_repository/pbftconsensus/network/network_http.go:82: receive a prepare message
[listen commit]2021/10/11 23:22:37.623391 /root/study/github_repository/pbftconsensus/network/network_http.go:99: receive a commit message
[listen commit]2021/10/11 23:22:37.625050 /root/study/github_repository/pbftconsensus/network/network_http.go:99: receive a commit message
[listen commit]2021/10/11 23:22:37.632177 /root/study/github_repository/pbftconsensus/network/network_http.go:99: receive a commit message
[listen commit]2021/10/11 23:22:37.635613 /root/study/github_repository/pbftconsensus/network/network_http.go:99: receive a commit message
[listen commit]2021/10/11 23:22:37.637173 /root/study/github_repository/pbftconsensus/network/network_http.go:99: receive a commit message
[listen commit]2021/10/11 23:22:37.639974 /root/study/github_repository/pbftconsensus/network/network_http.go:99: receive a commit message
[listen commit]2021/10/11 23:22:37.654947 /root/study/github_repository/pbftconsensus/network/network_http.go:99: receive a commit message
[listen commit]2021/10/11 23:22:37.663949 /root/study/github_repository/pbftconsensus/network/network_http.go:99: receive a commit message
[listen commit]2021/10/11 23:22:37.664369 /root/study/github_repository/pbftconsensus/network/network_http.go:99: receive a commit message
[listen commit]2021/10/11 23:22:37.668054 /root/study/github_repository/pbftconsensus/network/network_http.go:99: receive a commit message
[listen commit]2021/10/11 23:22:37.673883 /root/study/github_repository/pbftconsensus/network/network_http.go:99: receive a commit message
[listen commit]2021/10/11 23:22:37.680282 /root/study/github_repository/pbftconsensus/network/network_http.go:99: receive a commit message
[listen commit]2021/10/11 23:22:37.681316 /root/study/github_repository/pbftconsensus/network/network_http.go:99: receive a commit message
[listen commit]2021/10/11 23:22:37.699582 /root/study/github_repository/pbftconsensus/network/network_http.go:99: receive a commit message
[listen commit]2021/10/11 23:22:37.715944 /root/study/github_repository/pbftconsensus/network/network_http.go:99: receive a commit message
[listen pre-prepare]2021/10/11 23:25:28.736159 /root/study/github_repository/pbftconsensus/network/network_http.go:64: receive a preprepare message
[listen prepare]2021/10/11 23:25:28.739101 /root/study/github_repository/pbftconsensus/network/network_http.go:82: receive a prepare message
[listen prepare]2021/10/11 23:25:28.739237 /root/study/github_repository/pbftconsensus/network/network_http.go:82: receive a prepare message
[listen prepare]2021/10/11 23:25:28.744254 /root/study/github_repository/pbftconsensus/network/network_http.go:82: receive a prepare message
[listen prepare]2021/10/11 23:25:28.744766 /root/study/github_repository/pbftconsensus/network/network_http.go:82: receive a prepare message
[listen prepare]2021/10/11 23:25:28.747390 /root/study/github_repository/pbftconsensus/network/network_http.go:82: receive a prepare message
[listen prepare]2021/10/11 23:25:28.747818 /root/study/github_repository/pbftconsensus/network/network_http.go:82: receive a prepare message
[listen prepare]2021/10/11 23:25:28.748588 /root/study/github_repository/pbftconsensus/network/network_http.go:82: receive a prepare message
[listen prepare]2021/10/11 23:25:28.751373 /root/study/github_repository/pbftconsensus/network/network_http.go:82: receive a prepare message
[listen prepare]2021/10/11 23:25:28.751979 /root/study/github_repository/pbftconsensus/network/network_http.go:82: receive a prepare message
[listen prepare]2021/10/11 23:25:28.752352 /root/study/github_repository/pbftconsensus/network/network_http.go:82: receive a prepare message
[listen prepare]2021/10/11 23:25:28.754055 /root/study/github_repository/pbftconsensus/network/network_http.go:82: receive a prepare message
[listen prepare]2021/10/11 23:25:28.774421 /root/study/github_repository/pbftconsensus/network/network_http.go:82: receive a prepare message
[listen prepare]2021/10/11 23:25:28.815700 /root/study/github_repository/pbftconsensus/network/network_http.go:82: receive a prepare message
[listen prepare]2021/10/11 23:25:28.819557 /root/study/github_repository/pbftconsensus/network/network_http.go:82: receive a prepare message
[listen commit]2021/10/11 23:25:28.836343 /root/study/github_repository/pbftconsensus/network/network_http.go:99: receive a commit message
[listen commit]2021/10/11 23:25:28.850913 /root/study/github_repository/pbftconsensus/network/network_http.go:99: receive a commit message
[listen commit]2021/10/11 23:25:28.851054 /root/study/github_repository/pbftconsensus/network/network_http.go:99: receive a commit message
[listen commit]2021/10/11 23:25:28.851281 /root/study/github_repository/pbftconsensus/network/network_http.go:99: receive a commit message
[listen commit]2021/10/11 23:25:28.859626 /root/study/github_repository/pbftconsensus/network/network_http.go:99: receive a commit message
[listen commit]2021/10/11 23:25:28.865832 /root/study/github_repository/pbftconsensus/network/network_http.go:99: receive a commit message
[listen commit]2021/10/11 23:25:28.867631 /root/study/github_repository/pbftconsensus/network/network_http.go:99: receive a commit message
[listen commit]2021/10/11 23:25:28.869042 /root/study/github_repository/pbftconsensus/network/network_http.go:99: receive a commit message
[listen commit]2021/10/11 23:25:28.871200 /root/study/github_repository/pbftconsensus/network/network_http.go:99: receive a commit message
[listen commit]2021/10/11 23:25:28.872087 /root/study/github_repository/pbftconsensus/network/network_http.go:99: receive a commit message
[listen commit]2021/10/11 23:25:28.872209 /root/study/github_repository/pbftconsensus/network/network_http.go:99: receive a commit message
[listen commit]2021/10/11 23:25:28.873556 /root/study/github_repository/pbftconsensus/network/network_http.go:99: receive a commit message
[listen commit]2021/10/11 23:25:28.883994 /root/study/github_repository/pbftconsensus/network/network_http.go:99: receive a commit message
[listen commit]2021/10/11 23:25:28.884087 /root/study/github_repository/pbftconsensus/network/network_http.go:99: receive a commit message
[listen commit]2021/10/11 23:25:28.887942 /root/study/github_repository/pbftconsensus/network/network_http.go:99: receive a commit message
[listen pre-prepare]2021/10/11 23:30:51.781347 /root/study/github_repository/pbftconsensus/network/network_http.go:64: receive a preprepare message
[listen prepare]2021/10/11 23:30:51.792535 /root/study/github_repository/pbftconsensus/network/network_http.go:82: receive a prepare message
[listen prepare]2021/10/11 23:30:51.794204 /root/study/github_repository/pbftconsensus/network/network_http.go:82: receive a prepare message
[listen prepare]2021/10/11 23:30:51.802947 /root/study/github_repository/pbftconsensus/network/network_http.go:82: receive a prepare message
[listen prepare]2021/10/11 23:30:51.803354 /root/study/github_repository/pbftconsensus/network/network_http.go:82: receive a prepare message
[listen prepare]2021/10/11 23:30:51.805376 /root/study/github_repository/pbftconsensus/network/network_http.go:82: receive a prepare message
[listen prepare]2021/10/11 23:30:51.805432 /root/study/github_repository/pbftconsensus/network/network_http.go:82: receive a prepare message
[listen prepare]2021/10/11 23:30:51.807655 /root/study/github_repository/pbftconsensus/network/network_http.go:82: receive a prepare message
[listen prepare]2021/10/11 23:30:51.808218 /root/study/github_repository/pbftconsensus/network/network_http.go:82: receive a prepare message
[listen prepare]2021/10/11 23:30:51.808695 /root/study/github_repository/pbftconsensus/network/network_http.go:82: receive a prepare message
[listen prepare]2021/10/11 23:30:51.810442 /root/study/github_repository/pbftconsensus/network/network_http.go:82: receive a prepare message
[listen prepare]2021/10/11 23:30:51.816026 /root/study/github_repository/pbftconsensus/network/network_http.go:82: receive a prepare message
[listen prepare]2021/10/11 23:30:51.825285 /root/study/github_repository/pbftconsensus/network/network_http.go:82: receive a prepare message
[listen prepare]2021/10/11 23:30:51.825466 /root/study/github_repository/pbftconsensus/network/network_http.go:82: receive a prepare message
[listen prepare]2021/10/11 23:30:51.828849 /root/study/github_repository/pbftconsensus/network/network_http.go:82: receive a prepare message
[listen commit]2021/10/11 23:30:51.918828 /root/study/github_repository/pbftconsensus/network/network_http.go:99: receive a commit message
[listen commit]2021/10/11 23:30:51.923697 /root/study/github_repository/pbftconsensus/network/network_http.go:99: receive a commit message
[listen commit]2021/10/11 23:30:51.924069 /root/study/github_repository/pbftconsensus/network/network_http.go:99: receive a commit message
[listen commit]2021/10/11 23:30:51.924205 /root/study/github_repository/pbftconsensus/network/network_http.go:99: receive a commit message
[listen commit]2021/10/11 23:30:51.925455 /root/study/github_repository/pbftconsensus/network/network_http.go:99: receive a commit message
[listen commit]2021/10/11 23:30:51.925581 /root/study/github_repository/pbftconsensus/network/network_http.go:99: receive a commit message
[listen commit]2021/10/11 23:30:51.928243 /root/study/github_repository/pbftconsensus/network/network_http.go:99: receive a commit message
[listen commit]2021/10/11 23:30:51.941080 /root/study/github_repository/pbftconsensus/network/network_http.go:99: receive a commit message
[listen commit]2021/10/11 23:30:51.941391 /root/study/github_repository/pbftconsensus/network/network_http.go:99: receive a commit message
[listen commit]2021/10/11 23:30:51.942211 /root/study/github_repository/pbftconsensus/network/network_http.go:99: receive a commit message
[listen commit]2021/10/11 23:30:51.944000 /root/study/github_repository/pbftconsensus/network/network_http.go:99: receive a commit message
[listen commit]2021/10/11 23:30:51.944404 /root/study/github_repository/pbftconsensus/network/network_http.go:99: receive a commit message
[listen commit]2021/10/11 23:30:51.996941 /root/study/github_repository/pbftconsensus/network/network_http.go:99: receive a commit message
[listen commit]2021/10/11 23:30:52.022183 /root/study/github_repository/pbftconsensus/network/network_http.go:99: receive a commit message
[listen commit]2021/10/11 23:30:52.022443 /root/study/github_repository/pbftconsensus/network/network_http.go:99: receive a commit message
[listen pre-prepare]2021/10/12 17:07:14.723224 /root/study/github_repository/pbftconsensus/network/network_http.go:64: receive a preprepare message
[listen prepare]2021/10/12 17:07:14.745764 /root/study/github_repository/pbftconsensus/network/network_http.go:82: receive a prepare message
[listen prepare]2021/10/12 17:07:14.746399 /root/study/github_repository/pbftconsensus/network/network_http.go:82: receive a prepare message
[listen prepare]2021/10/12 17:07:14.747722 /root/study/github_repository/pbftconsensus/network/network_http.go:82: receive a prepare message
[listen prepare]2021/10/12 17:07:14.749370 /root/study/github_repository/pbftconsensus/network/network_http.go:82: receive a prepare message
[listen prepare]2021/10/12 17:07:14.753280 /root/study/github_repository/pbftconsensus/network/network_http.go:82: receive a prepare message
[listen prepare]2021/10/12 17:07:14.753916 /root/study/github_repository/pbftconsensus/network/network_http.go:82: receive a prepare message
[listen prepare]2021/10/12 17:07:14.756536 /root/study/github_repository/pbftconsensus/network/network_http.go:82: receive a prepare message
[listen prepare]2021/10/12 17:07:14.757665 /root/study/github_repository/pbftconsensus/network/network_http.go:82: receive a prepare message
[listen prepare]2021/10/12 17:07:14.758821 /root/study/github_repository/pbftconsensus/network/network_http.go:82: receive a prepare message
[listen prepare]2021/10/12 17:07:14.760101 /root/study/github_repository/pbftconsensus/network/network_http.go:82: receive a prepare message
[listen prepare]2021/10/12 17:07:14.760547 /root/study/github_repository/pbftconsensus/network/network_http.go:82: receive a prepare message
[listen prepare]2021/10/12 17:07:14.773794 /root/study/github_repository/pbftconsensus/network/network_http.go:82: receive a prepare message
[listen prepare]2021/10/12 17:07:14.776127 /root/study/github_repository/pbftconsensus/network/network_http.go:82: receive a prepare message
[listen prepare]2021/10/12 17:07:14.778359 /root/study/github_repository/pbftconsensus/network/network_http.go:82: receive a prepare message
[listen commit]2021/10/12 17:07:14.818261 /root/study/github_repository/pbftconsensus/network/network_http.go:99: receive a commit message
[listen commit]2021/10/12 17:07:14.821049 /root/study/github_repository/pbftconsensus/network/network_http.go:99: receive a commit message
[listen commit]2021/10/12 17:07:14.834552 /root/study/github_repository/pbftconsensus/network/network_http.go:99: receive a commit message
[listen commit]2021/10/12 17:07:14.835353 /root/study/github_repository/pbftconsensus/network/network_http.go:99: receive a commit message
[listen commit]2021/10/12 17:07:14.838865 /root/study/github_repository/pbftconsensus/network/network_http.go:99: receive a commit message
[listen commit]2021/10/12 17:07:14.840675 /root/study/github_repository/pbftconsensus/network/network_http.go:99: receive a commit message
[listen commit]2021/10/12 17:07:14.843287 /root/study/github_repository/pbftconsensus/network/network_http.go:99: receive a commit message
[listen commit]2021/10/12 17:07:14.845802 /root/study/github_repository/pbftconsensus/network/network_http.go:99: receive a commit message
[listen commit]2021/10/12 17:07:14.846639 /root/study/github_repository/pbftconsensus/network/network_http.go:99: receive a commit message
[listen commit]2021/10/12 17:07:14.847686 /root/study/github_repository/pbftconsensus/network/network_http.go:99: receive a commit message
[listen commit]2021/10/12 17:07:14.848307 /root/study/github_repository/pbftconsensus/network/network_http.go:99: receive a commit message
[listen commit]2021/10/12 17:07:14.849192 /root/study/github_repository/pbftconsensus/network/network_http.go:99: receive a commit message
[listen commit]2021/10/12 17:07:14.866913 /root/study/github_repository/pbftconsensus/network/network_http.go:99: receive a commit message
[listen commit]2021/10/12 17:07:14.868075 /root/study/github_repository/pbftconsensus/network/network_http.go:99: receive a commit message
[listen commit]2021/10/12 17:07:14.872031 /root/study/github_repository/pbftconsensus/network/network_http.go:99: receive a commit message
[listen pre-prepare]2021/10/12 17:52:07.127689 /root/study/github_repository/pbftconsensus/network/network_http.go:52: receive a preprepare message
[listen prepare]2021/10/12 17:52:07.150848 /root/study/github_repository/pbftconsensus/network/network_http.go:70: receive a prepare message
[listen prepare]2021/10/12 17:52:07.155737 /root/study/github_repository/pbftconsensus/network/network_http.go:70: receive a prepare message
[listen prepare]2021/10/12 17:52:07.157068 /root/study/github_repository/pbftconsensus/network/network_http.go:70: receive a prepare message
[listen prepare]2021/10/12 17:52:07.184499 /root/study/github_repository/pbftconsensus/network/network_http.go:70: receive a prepare message
[listen prepare]2021/10/12 17:52:07.196857 /root/study/github_repository/pbftconsensus/network/network_http.go:70: receive a prepare message
[listen prepare]2021/10/12 17:52:07.198115 /root/study/github_repository/pbftconsensus/network/network_http.go:70: receive a prepare message
[listen prepare]2021/10/12 17:52:07.208983 /root/study/github_repository/pbftconsensus/network/network_http.go:70: receive a prepare message
[listen prepare]2021/10/12 17:52:07.215315 /root/study/github_repository/pbftconsensus/network/network_http.go:70: receive a prepare message
[listen prepare]2021/10/12 17:52:07.221477 /root/study/github_repository/pbftconsensus/network/network_http.go:70: receive a prepare message
[listen prepare]2021/10/12 17:52:07.232995 /root/study/github_repository/pbftconsensus/network/network_http.go:70: receive a prepare message
[listen commit]2021/10/12 17:52:07.251075 /root/study/github_repository/pbftconsensus/network/network_http.go:87: receive a commit message
[listen commit]2021/10/12 17:52:07.255790 /root/study/github_repository/pbftconsensus/network/network_http.go:87: receive a commit message
[listen prepare]2021/10/12 17:52:07.255843 /root/study/github_repository/pbftconsensus/network/network_http.go:70: receive a prepare message
[listen prepare]2021/10/12 17:52:07.255873 /root/study/github_repository/pbftconsensus/network/network_http.go:70: receive a prepare message
[listen commit]2021/10/12 17:52:07.268326 /root/study/github_repository/pbftconsensus/network/network_http.go:87: receive a commit message
[listen commit]2021/10/12 17:52:07.276765 /root/study/github_repository/pbftconsensus/network/network_http.go:87: receive a commit message
[listen commit]2021/10/12 17:52:07.283111 /root/study/github_repository/pbftconsensus/network/network_http.go:87: receive a commit message
[listen commit]2021/10/12 17:52:07.289211 /root/study/github_repository/pbftconsensus/network/network_http.go:87: receive a commit message
[listen commit]2021/10/12 17:52:07.295082 /root/study/github_repository/pbftconsensus/network/network_http.go:87: receive a commit message
[listen commit]2021/10/12 17:52:07.301403 /root/study/github_repository/pbftconsensus/network/network_http.go:87: receive a commit message
[listen commit]2021/10/12 17:52:07.307784 /root/study/github_repository/pbftconsensus/network/network_http.go:87: receive a commit message
[listen commit]2021/10/12 17:52:07.319864 /root/study/github_repository/pbftconsensus/network/network_http.go:87: receive a commit message
[listen commit]2021/10/12 17:52:07.325355 /root/study/github_repository/pbftconsensus/network/network_http.go:87: receive a commit message
[listen prepare]2021/10/12 17:52:07.330516 /root/study/github_repository/pbftconsensus/network/network_http.go:70: receive a prepare message
[listen commit]2021/10/12 17:52:07.330567 /root/study/github_repository/pbftconsensus/network/network_http.go:87: receive a commit message
[listen commit]2021/10/12 17:52:07.330597 /root/study/github_repository/pbftconsensus/network/network_http.go:87: receive a commit message
[listen commit]2021/10/12 17:52:07.332246 /root/study/github_repository/pbftconsensus/network/network_http.go:87: receive a commit message
[listen commit]2021/10/12 17:52:07.354988 /root/study/github_repository/pbftconsensus/network/network_http.go:87: receive a commit message
[listen prepare]2021/10/12 17:52:07.364261 /root/study/github_repository/pbftconsensus/network/network_http.go:70: receive a prepare message
[listen pre-prepare]2021/10/12 17:53:17.179690 /root/study/github_repository/pbftconsensus/network/network_http.go:52: receive a preprepare message
[listen prepare]2021/10/12 17:53:17.194233 /root/study/github_repository/pbftconsensus/network/network_http.go:70: receive a prepare message
[listen prepare]2021/10/12 17:53:17.201961 /root/study/github_repository/pbftconsensus/network/network_http.go:70: receive a prepare message
[listen prepare]2021/10/12 17:53:17.202065 /root/study/github_repository/pbftconsensus/network/network_http.go:70: receive a prepare message
[listen prepare]2021/10/12 17:53:17.214281 /root/study/github_repository/pbftconsensus/network/network_http.go:70: receive a prepare message
[listen prepare]2021/10/12 17:53:17.239727 /root/study/github_repository/pbftconsensus/network/network_http.go:70: receive a prepare message
[listen prepare]2021/10/12 17:53:17.248775 /root/study/github_repository/pbftconsensus/network/network_http.go:70: receive a prepare message
[listen prepare]2021/10/12 17:53:17.252562 /root/study/github_repository/pbftconsensus/network/network_http.go:70: receive a prepare message
[listen prepare]2021/10/12 17:53:17.255824 /root/study/github_repository/pbftconsensus/network/network_http.go:70: receive a prepare message
[listen prepare]2021/10/12 17:53:17.266408 /root/study/github_repository/pbftconsensus/network/network_http.go:70: receive a prepare message
[listen prepare]2021/10/12 17:53:17.271901 /root/study/github_repository/pbftconsensus/network/network_http.go:70: receive a prepare message
[listen commit]2021/10/12 17:53:17.296380 /root/study/github_repository/pbftconsensus/network/network_http.go:87: receive a commit message
[listen prepare]2021/10/12 17:53:17.296893 /root/study/github_repository/pbftconsensus/network/network_http.go:70: receive a prepare message
[listen commit]2021/10/12 17:53:17.300828 /root/study/github_repository/pbftconsensus/network/network_http.go:87: receive a commit message
[listen prepare]2021/10/12 17:53:17.306820 /root/study/github_repository/pbftconsensus/network/network_http.go:70: receive a prepare message
[listen commit]2021/10/12 17:53:17.311016 /root/study/github_repository/pbftconsensus/network/network_http.go:87: receive a commit message
[listen prepare]2021/10/12 17:53:17.312803 /root/study/github_repository/pbftconsensus/network/network_http.go:70: receive a prepare message
[listen commit]2021/10/12 17:53:17.313337 /root/study/github_repository/pbftconsensus/network/network_http.go:87: receive a commit message
[listen commit]2021/10/12 17:53:17.320299 /root/study/github_repository/pbftconsensus/network/network_http.go:87: receive a commit message
[listen commit]2021/10/12 17:53:17.325753 /root/study/github_repository/pbftconsensus/network/network_http.go:87: receive a commit message
[listen commit]2021/10/12 17:53:17.332768 /root/study/github_repository/pbftconsensus/network/network_http.go:87: receive a commit message
[listen commit]2021/10/12 17:53:17.348038 /root/study/github_repository/pbftconsensus/network/network_http.go:87: receive a commit message
[listen commit]2021/10/12 17:53:17.353698 /root/study/github_repository/pbftconsensus/network/network_http.go:87: receive a commit message
[listen commit]2021/10/12 17:53:17.369803 /root/study/github_repository/pbftconsensus/network/network_http.go:87: receive a commit message
[listen commit]2021/10/12 17:53:17.376877 /root/study/github_repository/pbftconsensus/network/network_http.go:87: receive a commit message
[listen prepare]2021/10/12 17:53:17.386535 /root/study/github_repository/pbftconsensus/network/network_http.go:70: receive a prepare message
[listen commit]2021/10/12 17:53:17.402921 /root/study/github_repository/pbftconsensus/network/network_http.go:87: receive a commit message
[listen commit]2021/10/12 17:53:17.403180 /root/study/github_repository/pbftconsensus/network/network_http.go:87: receive a commit message
[listen commit]2021/10/12 17:53:17.403628 /root/study/github_repository/pbftconsensus/network/network_http.go:87: receive a commit message
[listen commit]2021/10/12 17:53:17.404406 /root/study/github_repository/pbftconsensus/network/network_http.go:87: receive a commit message
[listen pre-prepare]2021/10/12 17:53:42.200880 /root/study/github_repository/pbftconsensus/network/network_http.go:52: receive a preprepare message
[listen prepare]2021/10/12 17:53:42.207897 /root/study/github_repository/pbftconsensus/network/network_http.go:70: receive a prepare message
[listen prepare]2021/10/12 17:53:42.210806 /root/study/github_repository/pbftconsensus/network/network_http.go:70: receive a prepare message
[listen prepare]2021/10/12 17:53:42.217275 /root/study/github_repository/pbftconsensus/network/network_http.go:70: receive a prepare message
[listen prepare]2021/10/12 17:53:42.220647 /root/study/github_repository/pbftconsensus/network/network_http.go:70: receive a prepare message
[listen prepare]2021/10/12 17:53:42.236839 /root/study/github_repository/pbftconsensus/network/network_http.go:70: receive a prepare message
[listen prepare]2021/10/12 17:53:42.244415 /root/study/github_repository/pbftconsensus/network/network_http.go:70: receive a prepare message
[listen prepare]2021/10/12 17:53:42.251155 /root/study/github_repository/pbftconsensus/network/network_http.go:70: receive a prepare message
[listen prepare]2021/10/12 17:53:42.264590 /root/study/github_repository/pbftconsensus/network/network_http.go:70: receive a prepare message
[listen prepare]2021/10/12 17:53:42.274206 /root/study/github_repository/pbftconsensus/network/network_http.go:70: receive a prepare message
[listen commit]2021/10/12 17:53:42.294665 /root/study/github_repository/pbftconsensus/network/network_http.go:87: receive a commit message
[listen commit]2021/10/12 17:53:42.295107 /root/study/github_repository/pbftconsensus/network/network_http.go:87: receive a commit message
[listen commit]2021/10/12 17:53:42.312553 /root/study/github_repository/pbftconsensus/network/network_http.go:87: receive a commit message
[listen commit]2021/10/12 17:53:42.318933 /root/study/github_repository/pbftconsensus/network/network_http.go:87: receive a commit message
[listen prepare]2021/10/12 17:53:42.319009 /root/study/github_repository/pbftconsensus/network/network_http.go:70: receive a prepare message
[listen prepare]2021/10/12 17:53:42.323735 /root/study/github_repository/pbftconsensus/network/network_http.go:70: receive a prepare message
[listen prepare]2021/10/12 17:53:42.323779 /root/study/github_repository/pbftconsensus/network/network_http.go:70: receive a prepare message
[listen commit]2021/10/12 17:53:42.346997 /root/study/github_repository/pbftconsensus/network/network_http.go:87: receive a commit message
[listen commit]2021/10/12 17:53:42.347088 /root/study/github_repository/pbftconsensus/network/network_http.go:87: receive a commit message
[listen commit]2021/10/12 17:53:42.353862 /root/study/github_repository/pbftconsensus/network/network_http.go:87: receive a commit message
[listen prepare]2021/10/12 17:53:42.353941 /root/study/github_repository/pbftconsensus/network/network_http.go:70: receive a prepare message
[listen commit]2021/10/12 17:53:42.363586 /root/study/github_repository/pbftconsensus/network/network_http.go:87: receive a commit message
[listen commit]2021/10/12 17:53:42.365104 /root/study/github_repository/pbftconsensus/network/network_http.go:87: receive a commit message
[listen commit]2021/10/12 17:53:42.378533 /root/study/github_repository/pbftconsensus/network/network_http.go:87: receive a commit message
[listen commit]2021/10/12 17:53:42.385994 /root/study/github_repository/pbftconsensus/network/network_http.go:87: receive a commit message
[listen prepare]2021/10/12 17:53:42.393944 /root/study/github_repository/pbftconsensus/network/network_http.go:70: receive a prepare message
[listen commit]2021/10/12 17:53:42.394511 /root/study/github_repository/pbftconsensus/network/network_http.go:87: receive a commit message
[listen commit]2021/10/12 17:53:42.407997 /root/study/github_repository/pbftconsensus/network/network_http.go:87: receive a commit message
[listen commit]2021/10/12 17:53:42.420020 /root/study/github_repository/pbftconsensus/network/network_http.go:87: receive a commit message
[listen commit]2021/10/12 17:53:42.421602 /root/study/github_repository/pbftconsensus/network/network_http.go:87: receive a commit message
[listen pre-prepare]2021/10/12 17:54:07.218477 /root/study/github_repository/pbftconsensus/network/network_http.go:52: receive a preprepare message
[listen prepare]2021/10/12 17:54:07.232513 /root/study/github_repository/pbftconsensus/network/network_http.go:70: receive a prepare message
[listen prepare]2021/10/12 17:54:07.232667 /root/study/github_repository/pbftconsensus/network/network_http.go:70: receive a prepare message
[listen prepare]2021/10/12 17:54:07.234194 /root/study/github_repository/pbftconsensus/network/network_http.go:70: receive a prepare message
[listen prepare]2021/10/12 17:54:07.295495 /root/study/github_repository/pbftconsensus/network/network_http.go:70: receive a prepare message
[listen prepare]2021/10/12 17:54:07.301005 /root/study/github_repository/pbftconsensus/network/network_http.go:70: receive a prepare message
[listen prepare]2021/10/12 17:54:07.307326 /root/study/github_repository/pbftconsensus/network/network_http.go:70: receive a prepare message
[listen prepare]2021/10/12 17:54:07.322312 /root/study/github_repository/pbftconsensus/network/network_http.go:70: receive a prepare message
[listen prepare]2021/10/12 17:54:07.328153 /root/study/github_repository/pbftconsensus/network/network_http.go:70: receive a prepare message
[listen prepare]2021/10/12 17:54:07.350265 /root/study/github_repository/pbftconsensus/network/network_http.go:70: receive a prepare message
[listen commit]2021/10/12 17:54:07.350293 /root/study/github_repository/pbftconsensus/network/network_http.go:87: receive a commit message
[listen prepare]2021/10/12 17:54:07.355759 /root/study/github_repository/pbftconsensus/network/network_http.go:70: receive a prepare message
[listen commit]2021/10/12 17:54:07.379379 /root/study/github_repository/pbftconsensus/network/network_http.go:87: receive a commit message
[listen prepare]2021/10/12 17:54:07.379407 /root/study/github_repository/pbftconsensus/network/network_http.go:70: receive a prepare message
[listen prepare]2021/10/12 17:54:07.379448 /root/study/github_repository/pbftconsensus/network/network_http.go:70: receive a prepare message
[listen commit]2021/10/12 17:54:07.385563 /root/study/github_repository/pbftconsensus/network/network_http.go:87: receive a commit message
[listen commit]2021/10/12 17:54:07.396152 /root/study/github_repository/pbftconsensus/network/network_http.go:87: receive a commit message
[listen commit]2021/10/12 17:54:07.401859 /root/study/github_repository/pbftconsensus/network/network_http.go:87: receive a commit message
[listen commit]2021/10/12 17:54:07.408106 /root/study/github_repository/pbftconsensus/network/network_http.go:87: receive a commit message
[listen prepare]2021/10/12 17:54:07.408128 /root/study/github_repository/pbftconsensus/network/network_http.go:70: receive a prepare message
[listen commit]2021/10/12 17:54:07.420206 /root/study/github_repository/pbftconsensus/network/network_http.go:87: receive a commit message
[listen commit]2021/10/12 17:54:07.423573 /root/study/github_repository/pbftconsensus/network/network_http.go:87: receive a commit message
[listen commit]2021/10/12 17:54:07.429501 /root/study/github_repository/pbftconsensus/network/network_http.go:87: receive a commit message
[listen commit]2021/10/12 17:54:07.435012 /root/study/github_repository/pbftconsensus/network/network_http.go:87: receive a commit message
[listen commit]2021/10/12 17:54:07.440632 /root/study/github_repository/pbftconsensus/network/network_http.go:87: receive a commit message
[listen commit]2021/10/12 17:54:07.450904 /root/study/github_repository/pbftconsensus/network/network_http.go:87: receive a commit message
[listen prepare]2021/10/12 17:54:07.450959 /root/study/github_repository/pbftconsensus/network/network_http.go:70: receive a prepare message
[listen commit]2021/10/12 17:54:07.450989 /root/study/github_repository/pbftconsensus/network/network_http.go:87: receive a commit message
[listen commit]2021/10/12 17:54:07.451014 /root/study/github_repository/pbftconsensus/network/network_http.go:87: receive a commit message
[listen commit]2021/10/12 17:54:07.451038 /root/study/github_repository/pbftconsensus/network/network_http.go:87: receive a commit message
[listen pre-prepare]2021/10/12 17:54:35.123895 /root/study/github_repository/pbftconsensus/network/network_http.go:52: receive a preprepare message
[listen prepare]2021/10/12 17:54:35.130172 /root/study/github_repository/pbftconsensus/network/network_http.go:70: receive a prepare message
[listen prepare]2021/10/12 17:54:35.132073 /root/study/github_repository/pbftconsensus/network/network_http.go:70: receive a prepare message
[listen prepare]2021/10/12 17:54:35.132266 /root/study/github_repository/pbftconsensus/network/network_http.go:70: receive a prepare message
[listen prepare]2021/10/12 17:54:35.133756 /root/study/github_repository/pbftconsensus/network/network_http.go:70: receive a prepare message
[listen prepare]2021/10/12 17:54:35.134943 /root/study/github_repository/pbftconsensus/network/network_http.go:70: receive a prepare message
[listen prepare]2021/10/12 17:54:35.166335 /root/study/github_repository/pbftconsensus/network/network_http.go:70: receive a prepare message
[listen prepare]2021/10/12 17:54:35.176633 /root/study/github_repository/pbftconsensus/network/network_http.go:70: receive a prepare message
[listen prepare]2021/10/12 17:54:35.208483 /root/study/github_repository/pbftconsensus/network/network_http.go:70: receive a prepare message
[listen prepare]2021/10/12 17:54:35.210205 /root/study/github_repository/pbftconsensus/network/network_http.go:70: receive a prepare message
[listen prepare]2021/10/12 17:54:35.213786 /root/study/github_repository/pbftconsensus/network/network_http.go:70: receive a prepare message
[listen commit]2021/10/12 17:54:35.233282 /root/study/github_repository/pbftconsensus/network/network_http.go:87: receive a commit message
[listen prepare]2021/10/12 17:54:35.233332 /root/study/github_repository/pbftconsensus/network/network_http.go:70: receive a prepare message
[listen prepare]2021/10/12 17:54:35.233366 /root/study/github_repository/pbftconsensus/network/network_http.go:70: receive a prepare message
[listen prepare]2021/10/12 17:54:35.233386 /root/study/github_repository/pbftconsensus/network/network_http.go:70: receive a prepare message
[listen prepare]2021/10/12 17:54:35.236923 /root/study/github_repository/pbft/pbft_impl.go:372: the sequenceID of commit message is wrong!
[listen commit]2021/10/12 17:54:35.239374 /root/study/github_repository/pbftconsensus/network/network_http.go:87: receive a commit message
[listen commit]2021/10/12 17:54:35.243013 /root/study/github_repository/pbftconsensus/network/network_http.go:87: receive a commit message
[listen commit]2021/10/12 17:54:35.261560 /root/study/github_repository/pbftconsensus/network/network_http.go:87: receive a commit message
[listen commit]2021/10/12 17:54:35.268177 /root/study/github_repository/pbftconsensus/network/network_http.go:87: receive a commit message
[listen commit]2021/10/12 17:54:35.276733 /root/study/github_repository/pbftconsensus/network/network_http.go:87: receive a commit message
[listen commit]2021/10/12 17:54:35.288520 /root/study/github_repository/pbftconsensus/network/network_http.go:87: receive a commit message
[listen commit]2021/10/12 17:54:35.299463 /root/study/github_repository/pbftconsensus/network/network_http.go:87: receive a commit message
[listen commit]2021/10/12 17:54:35.302499 /root/study/github_repository/pbftconsensus/network/network_http.go:87: receive a commit message
[listen commit]2021/10/12 17:54:35.315304 /root/study/github_repository/pbftconsensus/network/network_http.go:87: receive a commit message
[listen commit]2021/10/12 17:54:35.315631 /root/study/github_repository/pbftconsensus/network/network_http.go:87: receive a commit message
[listen commit]2021/10/12 17:54:35.323338 /root/study/github_repository/pbftconsensus/network/network_http.go:87: receive a commit message
[listen commit]2021/10/12 17:54:35.342805 /root/study/github_repository/pbftconsensus/network/network_http.go:87: receive a commit message
[listen commit]2021/10/12 17:54:35.349186 /root/study/github_repository/pbftconsensus/network/network_http.go:87: receive a commit message
[listen commit]2021/10/12 17:54:35.349459 /root/study/github_repository/pbftconsensus/network/network_http.go:87: receive a commit message
[listen pre-prepare]2021/10/12 17:54:50.139962 /root/study/github_repository/pbftconsensus/network/network_http.go:52: receive a preprepare message
[listen prepare]2021/10/12 17:54:50.149162 /root/study/github_repository/pbftconsensus/network/network_http.go:70: receive a prepare message
[listen prepare]2021/10/12 17:54:50.151802 /root/study/github_repository/pbftconsensus/network/network_http.go:70: receive a prepare message
[listen prepare]2021/10/12 17:54:50.159091 /root/study/github_repository/pbftconsensus/network/network_http.go:70: receive a prepare message
[listen prepare]2021/10/12 17:54:50.169773 /root/study/github_repository/pbftconsensus/network/network_http.go:70: receive a prepare message
[listen prepare]2021/10/12 17:54:50.187029 /root/study/github_repository/pbftconsensus/network/network_http.go:70: receive a prepare message
[listen prepare]2021/10/12 17:54:50.192570 /root/study/github_repository/pbftconsensus/network/network_http.go:70: receive a prepare message
[listen prepare]2021/10/12 17:54:50.219990 /root/study/github_repository/pbftconsensus/network/network_http.go:70: receive a prepare message
[listen prepare]2021/10/12 17:54:50.236980 /root/study/github_repository/pbftconsensus/network/network_http.go:70: receive a prepare message
[listen prepare]2021/10/12 17:54:50.244065 /root/study/github_repository/pbftconsensus/network/network_http.go:70: receive a prepare message
[listen prepare]2021/10/12 17:54:50.257105 /root/study/github_repository/pbftconsensus/network/network_http.go:70: receive a prepare message
[listen commit]2021/10/12 17:54:50.275479 /root/study/github_repository/pbftconsensus/network/network_http.go:87: receive a commit message
[listen prepare]2021/10/12 17:54:50.275521 /root/study/github_repository/pbftconsensus/network/network_http.go:70: receive a prepare message
[listen prepare]2021/10/12 17:54:50.275552 /root/study/github_repository/pbftconsensus/network/network_http.go:70: receive a prepare message
[listen commit]2021/10/12 17:54:50.283986 /root/study/github_repository/pbftconsensus/network/network_http.go:87: receive a commit message
[listen commit]2021/10/12 17:54:50.290906 /root/study/github_repository/pbftconsensus/network/network_http.go:87: receive a commit message
[listen prepare]2021/10/12 17:54:50.290970 /root/study/github_repository/pbftconsensus/network/network_http.go:70: receive a prepare message
[listen commit]2021/10/12 17:54:50.295764 /root/study/github_repository/pbftconsensus/network/network_http.go:87: receive a commit message
[listen commit]2021/10/12 17:54:50.300341 /root/study/github_repository/pbftconsensus/network/network_http.go:87: receive a commit message
[listen commit]2021/10/12 17:54:50.313125 /root/study/github_repository/pbftconsensus/network/network_http.go:87: receive a commit message
[listen commit]2021/10/12 17:54:50.317878 /root/study/github_repository/pbftconsensus/network/network_http.go:87: receive a commit message
[listen prepare]2021/10/12 17:54:50.317947 /root/study/github_repository/pbftconsensus/network/network_http.go:70: receive a prepare message
[listen commit]2021/10/12 17:54:50.323789 /root/study/github_repository/pbftconsensus/network/network_http.go:87: receive a commit message
[listen commit]2021/10/12 17:54:50.339079 /root/study/github_repository/pbftconsensus/network/network_http.go:87: receive a commit message
[listen commit]2021/10/12 17:54:50.343568 /root/study/github_repository/pbftconsensus/network/network_http.go:87: receive a commit message
[listen commit]2021/10/12 17:54:50.349076 /root/study/github_repository/pbftconsensus/network/network_http.go:87: receive a commit message
[listen commit]2021/10/12 17:54:50.359646 /root/study/github_repository/pbftconsensus/network/network_http.go:87: receive a commit message
[listen commit]2021/10/12 17:54:50.359647 /root/study/github_repository/pbftconsensus/network/network_http.go:87: receive a commit message
[listen commit]2021/10/12 17:54:50.361226 /root/study/github_repository/pbftconsensus/network/network_http.go:87: receive a commit message
[listen commit]2021/10/12 17:54:50.373902 /root/study/github_repository/pbftconsensus/network/network_http.go:87: receive a commit message
[listen pre-prepare]2021/10/12 17:55:00.125026 /root/study/github_repository/pbftconsensus/network/network_http.go:52: receive a preprepare message
[listen prepare]2021/10/12 17:55:00.150489 /root/study/github_repository/pbftconsensus/network/network_http.go:70: receive a prepare message
[listen prepare]2021/10/12 17:55:00.153132 /root/study/github_repository/pbftconsensus/network/network_http.go:70: receive a prepare message
[listen prepare]2021/10/12 17:55:00.158150 /root/study/github_repository/pbftconsensus/network/network_http.go:70: receive a prepare message
[listen prepare]2021/10/12 17:55:00.164113 /root/study/github_repository/pbftconsensus/network/network_http.go:70: receive a prepare message
[listen prepare]2021/10/12 17:55:00.174583 /root/study/github_repository/pbftconsensus/network/network_http.go:70: receive a prepare message
[listen prepare]2021/10/12 17:55:00.188884 /root/study/github_repository/pbftconsensus/network/network_http.go:70: receive a prepare message
[listen prepare]2021/10/12 17:55:00.193469 /root/study/github_repository/pbftconsensus/network/network_http.go:70: receive a prepare message
[listen prepare]2021/10/12 17:55:00.197150 /root/study/github_repository/pbftconsensus/network/network_http.go:70: receive a prepare message
[listen prepare]2021/10/12 17:55:00.202205 /root/study/github_repository/pbftconsensus/network/network_http.go:70: receive a prepare message
[listen prepare]2021/10/12 17:55:00.211567 /root/study/github_repository/pbftconsensus/network/network_http.go:70: receive a prepare message
[listen prepare]2021/10/12 17:55:00.236655 /root/study/github_repository/pbftconsensus/network/network_http.go:70: receive a prepare message
[listen prepare]2021/10/12 17:55:00.243034 /root/study/github_repository/pbftconsensus/network/network_http.go:70: receive a prepare message
[listen commit]2021/10/12 17:55:00.251842 /root/study/github_repository/pbftconsensus/network/network_http.go:87: receive a commit message
[listen commit]2021/10/12 17:55:00.272261 /root/study/github_repository/pbftconsensus/network/network_http.go:87: receive a commit message
[listen commit]2021/10/12 17:55:00.272526 /root/study/github_repository/pbftconsensus/network/network_http.go:87: receive a commit message
[listen commit]2021/10/12 17:55:00.286070 /root/study/github_repository/pbftconsensus/network/network_http.go:87: receive a commit message
[listen commit]2021/10/12 17:55:00.295586 /root/study/github_repository/pbftconsensus/network/network_http.go:87: receive a commit message
[listen commit]2021/10/12 17:55:00.299860 /root/study/github_repository/pbftconsensus/network/network_http.go:87: receive a commit message
[listen commit]2021/10/12 17:55:00.305246 /root/study/github_repository/pbftconsensus/network/network_http.go:87: receive a commit message
[listen commit]2021/10/12 17:55:00.312189 /root/study/github_repository/pbftconsensus/network/network_http.go:87: receive a commit message
[listen commit]2021/10/12 17:55:00.316701 /root/study/github_repository/pbftconsensus/network/network_http.go:87: receive a commit message
[listen prepare]2021/10/12 17:55:00.323769 /root/study/github_repository/pbftconsensus/network/network_http.go:70: receive a prepare message
[listen commit]2021/10/12 17:55:00.327337 /root/study/github_repository/pbftconsensus/network/network_http.go:87: receive a commit message
[listen commit]2021/10/12 17:55:00.349311 /root/study/github_repository/pbftconsensus/network/network_http.go:87: receive a commit message
[listen prepare]2021/10/12 17:55:00.349410 /root/study/github_repository/pbftconsensus/network/network_http.go:70: receive a prepare message
[listen commit]2021/10/12 17:55:00.358514 /root/study/github_repository/pbftconsensus/network/network_http.go:87: receive a commit message
[listen commit]2021/10/12 17:55:00.358524 /root/study/github_repository/pbftconsensus/network/network_http.go:87: receive a commit message
[listen commit]2021/10/12 17:55:00.370592 /root/study/github_repository/pbftconsensus/network/network_http.go:87: receive a commit message
[listen commit]2021/10/12 17:55:00.370961 /root/study/github_repository/pbftconsensus/network/network_http.go:87: receive a commit message
[listen pre-prepare]2021/10/12 17:55:10.140122 /root/study/github_repository/pbftconsensus/network/network_http.go:52: receive a preprepare message
[listen prepare]2021/10/12 17:55:10.149502 /root/study/github_repository/pbftconsensus/network/network_http.go:70: receive a prepare message
[listen prepare]2021/10/12 17:55:10.153162 /root/study/github_repository/pbftconsensus/network/network_http.go:70: receive a prepare message
[listen prepare]2021/10/12 17:55:10.155972 /root/study/github_repository/pbftconsensus/network/network_http.go:70: receive a prepare message
[listen prepare]2021/10/12 17:55:10.169086 /root/study/github_repository/pbftconsensus/network/network_http.go:70: receive a prepare message
[listen prepare]2021/10/12 17:55:10.175318 /root/study/github_repository/pbftconsensus/network/network_http.go:70: receive a prepare message
[listen prepare]2021/10/12 17:55:10.194215 /root/study/github_repository/pbftconsensus/network/network_http.go:70: receive a prepare message
[listen prepare]2021/10/12 17:55:10.200714 /root/study/github_repository/pbftconsensus/network/network_http.go:70: receive a prepare message
[listen prepare]2021/10/12 17:55:10.211270 /root/study/github_repository/pbftconsensus/network/network_http.go:70: receive a prepare message
[listen prepare]2021/10/12 17:55:10.220926 /root/study/github_repository/pbftconsensus/network/network_http.go:70: receive a prepare message
[listen prepare]2021/10/12 17:55:10.222424 /root/study/github_repository/pbftconsensus/network/network_http.go:70: receive a prepare message
[listen commit]2021/10/12 17:55:10.250150 /root/study/github_repository/pbftconsensus/network/network_http.go:87: receive a commit message
[listen commit]2021/10/12 17:55:10.250807 /root/study/github_repository/pbftconsensus/network/network_http.go:87: receive a commit message
[listen prepare]2021/10/12 17:55:10.250846 /root/study/github_repository/pbftconsensus/network/network_http.go:70: receive a prepare message
[listen prepare]2021/10/12 17:55:10.250875 /root/study/github_repository/pbftconsensus/network/network_http.go:70: receive a prepare message
[listen commit]2021/10/12 17:55:10.257854 /root/study/github_repository/pbftconsensus/network/network_http.go:87: receive a commit message
[listen commit]2021/10/12 17:55:10.277016 /root/study/github_repository/pbftconsensus/network/network_http.go:87: receive a commit message
[listen prepare]2021/10/12 17:55:10.279209 /root/study/github_repository/pbftconsensus/network/network_http.go:70: receive a prepare message
[listen commit]2021/10/12 17:55:10.279364 /root/study/github_repository/pbftconsensus/network/network_http.go:87: receive a commit message
[listen commit]2021/10/12 17:55:10.297660 /root/study/github_repository/pbftconsensus/network/network_http.go:87: receive a commit message
[listen commit]2021/10/12 17:55:10.312653 /root/study/github_repository/pbftconsensus/network/network_http.go:87: receive a commit message
[listen commit]2021/10/12 17:55:10.318256 /root/study/github_repository/pbftconsensus/network/network_http.go:87: receive a commit message
[listen commit]2021/10/12 17:55:10.325434 /root/study/github_repository/pbftconsensus/network/network_http.go:87: receive a commit message
[listen commit]2021/10/12 17:55:10.329339 /root/study/github_repository/pbftconsensus/network/network_http.go:87: receive a commit message
[listen commit]2021/10/12 17:55:10.334667 /root/study/github_repository/pbftconsensus/network/network_http.go:87: receive a commit message
[listen commit]2021/10/12 17:55:10.340928 /root/study/github_repository/pbftconsensus/network/network_http.go:87: receive a commit message
[listen prepare]2021/10/12 17:55:10.340976 /root/study/github_repository/pbftconsensus/network/network_http.go:70: receive a prepare message
[listen commit]2021/10/12 17:55:10.348229 /root/study/github_repository/pbftconsensus/network/network_http.go:87: receive a commit message
[listen commit]2021/10/12 17:55:10.360923 /root/study/github_repository/pbftconsensus/network/network_http.go:87: receive a commit message
[listen commit]2021/10/12 17:55:10.362027 /root/study/github_repository/pbftconsensus/network/network_http.go:87: receive a commit message
[listen pre-prepare]2021/10/12 17:55:20.135160 /root/study/github_repository/pbftconsensus/network/network_http.go:52: receive a preprepare message
[listen prepare]2021/10/12 17:55:20.149618 /root/study/github_repository/pbftconsensus/network/network_http.go:70: receive a prepare message
[listen prepare]2021/10/12 17:55:20.149755 /root/study/github_repository/pbftconsensus/network/network_http.go:70: receive a prepare message
[listen prepare]2021/10/12 17:55:20.155156 /root/study/github_repository/pbftconsensus/network/network_http.go:70: receive a prepare message
[listen prepare]2021/10/12 17:55:20.159292 /root/study/github_repository/pbftconsensus/network/network_http.go:70: receive a prepare message
[listen prepare]2021/10/12 17:55:20.177070 /root/study/github_repository/pbftconsensus/network/network_http.go:70: receive a prepare message
[listen prepare]2021/10/12 17:55:20.183039 /root/study/github_repository/pbftconsensus/network/network_http.go:70: receive a prepare message
[listen prepare]2021/10/12 17:55:20.192097 /root/study/github_repository/pbftconsensus/network/network_http.go:70: receive a prepare message
[listen prepare]2021/10/12 17:55:20.198230 /root/study/github_repository/pbftconsensus/network/network_http.go:70: receive a prepare message
[listen prepare]2021/10/12 17:55:20.213023 /root/study/github_repository/pbftconsensus/network/network_http.go:70: receive a prepare message
[listen prepare]2021/10/12 17:55:20.225028 /root/study/github_repository/pbftconsensus/network/network_http.go:70: receive a prepare message
[listen prepare]2021/10/12 17:55:20.229380 /root/study/github_repository/pbftconsensus/network/network_http.go:70: receive a prepare message
[listen prepare]2021/10/12 17:55:20.229401 /root/study/github_repository/pbftconsensus/network/network_http.go:70: receive a prepare message
[listen commit]2021/10/12 17:55:20.248737 /root/study/github_repository/pbftconsensus/network/network_http.go:87: receive a commit message
[listen prepare]2021/10/12 17:55:20.266210 /root/study/github_repository/pbftconsensus/network/network_http.go:70: receive a prepare message
[listen commit]2021/10/12 17:55:20.273939 /root/study/github_repository/pbftconsensus/network/network_http.go:87: receive a commit message
[listen commit]2021/10/12 17:55:20.276391 /root/study/github_repository/pbftconsensus/network/network_http.go:87: receive a commit message
[listen commit]2021/10/12 17:55:20.301649 /root/study/github_repository/pbftconsensus/network/network_http.go:87: receive a commit message
[listen commit]2021/10/12 17:55:20.301692 /root/study/github_repository/pbftconsensus/network/network_http.go:87: receive a commit message
[listen commit]2021/10/12 17:55:20.318061 /root/study/github_repository/pbftconsensus/network/network_http.go:87: receive a commit message
[listen commit]2021/10/12 17:55:20.327713 /root/study/github_repository/pbftconsensus/network/network_http.go:87: receive a commit message
[listen commit]2021/10/12 17:55:20.337889 /root/study/github_repository/pbftconsensus/network/network_http.go:87: receive a commit message
[listen commit]2021/10/12 17:55:20.343081 /root/study/github_repository/pbftconsensus/network/network_http.go:87: receive a commit message
[listen commit]2021/10/12 17:55:20.347032 /root/study/github_repository/pbftconsensus/network/network_http.go:87: receive a commit message
[listen commit]2021/10/12 17:55:20.356440 /root/study/github_repository/pbftconsensus/network/network_http.go:87: receive a commit message
[listen commit]2021/10/12 17:55:20.363037 /root/study/github_repository/pbftconsensus/network/network_http.go:87: receive a commit message
[listen commit]2021/10/12 17:55:20.363102 /root/study/github_repository/pbftconsensus/network/network_http.go:87: receive a commit message
[listen commit]2021/10/12 17:55:20.365899 /root/study/github_repository/pbftconsensus/network/network_http.go:87: receive a commit message
[listen pre-prepare]2021/10/12 17:55:30.144914 /root/study/github_repository/pbftconsensus/network/network_http.go:52: receive a preprepare message
[listen prepare]2021/10/12 17:55:30.160026 /root/study/github_repository/pbftconsensus/network/network_http.go:70: receive a prepare message
[listen prepare]2021/10/12 17:55:30.160952 /root/study/github_repository/pbftconsensus/network/network_http.go:70: receive a prepare message
[listen prepare]2021/10/12 17:55:30.176026 /root/study/github_repository/pbftconsensus/network/network_http.go:70: receive a prepare message
[listen prepare]2021/10/12 17:55:30.181666 /root/study/github_repository/pbftconsensus/network/network_http.go:70: receive a prepare message
[listen prepare]2021/10/12 17:55:30.192198 /root/study/github_repository/pbftconsensus/network/network_http.go:70: receive a prepare message
[listen prepare]2021/10/12 17:55:30.193782 /root/study/github_repository/pbftconsensus/network/network_http.go:70: receive a prepare message
[listen prepare]2021/10/12 17:55:30.204676 /root/study/github_repository/pbftconsensus/network/network_http.go:70: receive a prepare message
[listen prepare]2021/10/12 17:55:30.211818 /root/study/github_repository/pbftconsensus/network/network_http.go:70: receive a prepare message
[listen prepare]2021/10/12 17:55:30.217086 /root/study/github_repository/pbftconsensus/network/network_http.go:70: receive a prepare message
[listen prepare]2021/10/12 17:55:30.223161 /root/study/github_repository/pbftconsensus/network/network_http.go:70: receive a prepare message
[listen prepare]2021/10/12 17:55:30.246143 /root/study/github_repository/pbftconsensus/network/network_http.go:70: receive a prepare message
[listen prepare]2021/10/12 17:55:30.246215 /root/study/github_repository/pbftconsensus/network/network_http.go:70: receive a prepare message
[listen commit]2021/10/12 17:55:30.249131 /root/study/github_repository/pbftconsensus/network/network_http.go:87: receive a commit message
[listen commit]2021/10/12 17:55:30.256838 /root/study/github_repository/pbftconsensus/network/network_http.go:87: receive a commit message
[listen commit]2021/10/12 17:55:30.264795 /root/study/github_repository/pbftconsensus/network/network_http.go:87: receive a commit message
[listen commit]2021/10/12 17:55:30.265771 /root/study/github_repository/pbftconsensus/network/network_http.go:87: receive a commit message
[listen commit]2021/10/12 17:55:30.270919 /root/study/github_repository/pbftconsensus/network/network_http.go:87: receive a commit message
[listen commit]2021/10/12 17:55:30.277308 /root/study/github_repository/pbftconsensus/network/network_http.go:87: receive a commit message
[listen commit]2021/10/12 17:55:30.292799 /root/study/github_repository/pbftconsensus/network/network_http.go:87: receive a commit message
[listen commit]2021/10/12 17:55:30.298389 /root/study/github_repository/pbftconsensus/network/network_http.go:87: receive a commit message
[listen commit]2021/10/12 17:55:30.305031 /root/study/github_repository/pbftconsensus/network/network_http.go:87: receive a commit message
[listen commit]2021/10/12 17:55:30.311502 /root/study/github_repository/pbftconsensus/network/network_http.go:87: receive a commit message
[listen commit]2021/10/12 17:55:30.318070 /root/study/github_repository/pbftconsensus/network/network_http.go:87: receive a commit message
[listen prepare]2021/10/12 17:55:30.330121 /root/study/github_repository/pbftconsensus/network/network_http.go:70: receive a prepare message
[listen commit]2021/10/12 17:55:30.345009 /root/study/github_repository/pbftconsensus/network/network_http.go:87: receive a commit message
[listen commit]2021/10/12 17:55:30.356006 /root/study/github_repository/pbftconsensus/network/network_http.go:87: receive a commit message
[listen commit]2021/10/12 17:55:30.369293 /root/study/github_repository/pbftconsensus/network/network_http.go:87: receive a commit message
[listen pre-prepare]2021/10/12 17:55:40.145756 /root/study/github_repository/pbftconsensus/network/network_http.go:52: receive a preprepare message
[listen prepare]2021/10/12 17:55:40.158422 /root/study/github_repository/pbftconsensus/network/network_http.go:70: receive a prepare message
[listen prepare]2021/10/12 17:55:40.162151 /root/study/github_repository/pbftconsensus/network/network_http.go:70: receive a prepare message
[listen prepare]2021/10/12 17:55:40.165082 /root/study/github_repository/pbftconsensus/network/network_http.go:70: receive a prepare message
[listen prepare]2021/10/12 17:55:40.177427 /root/study/github_repository/pbftconsensus/network/network_http.go:70: receive a prepare message
[listen prepare]2021/10/12 17:55:40.183655 /root/study/github_repository/pbftconsensus/network/network_http.go:70: receive a prepare message
[listen prepare]2021/10/12 17:55:40.184111 /root/study/github_repository/pbftconsensus/network/network_http.go:70: receive a prepare message
[listen prepare]2021/10/12 17:55:40.199654 /root/study/github_repository/pbftconsensus/network/network_http.go:70: receive a prepare message
[listen prepare]2021/10/12 17:55:40.200239 /root/study/github_repository/pbftconsensus/network/network_http.go:70: receive a prepare message
[listen prepare]2021/10/12 17:55:40.212322 /root/study/github_repository/pbftconsensus/network/network_http.go:70: receive a prepare message
[listen prepare]2021/10/12 17:55:40.227659 /root/study/github_repository/pbftconsensus/network/network_http.go:70: receive a prepare message
[listen commit]2021/10/12 17:55:40.227736 /root/study/github_repository/pbftconsensus/network/network_http.go:87: receive a commit message
[listen commit]2021/10/12 17:55:40.236684 /root/study/github_repository/pbftconsensus/network/network_http.go:87: receive a commit message
[listen commit]2021/10/12 17:55:40.237550 /root/study/github_repository/pbftconsensus/network/network_http.go:87: receive a commit message
[listen commit]2021/10/12 17:55:40.240868 /root/study/github_repository/pbftconsensus/network/network_http.go:87: receive a commit message
[listen commit]2021/10/12 17:55:40.244641 /root/study/github_repository/pbftconsensus/network/network_http.go:87: receive a commit message
[listen commit]2021/10/12 17:55:40.247130 /root/study/github_repository/pbftconsensus/network/network_http.go:87: receive a commit message
[listen commit]2021/10/12 17:55:40.250914 /root/study/github_repository/pbftconsensus/network/network_http.go:87: receive a commit message
[listen prepare]2021/10/12 17:55:40.250979 /root/study/github_repository/pbftconsensus/network/network_http.go:70: receive a prepare message
[listen prepare]2021/10/12 17:55:40.251015 /root/study/github_repository/pbftconsensus/network/network_http.go:70: receive a prepare message
[listen prepare]2021/10/12 17:55:40.251045 /root/study/github_repository/pbftconsensus/network/network_http.go:70: receive a prepare message
[listen commit]2021/10/12 17:55:40.257864 /root/study/github_repository/pbftconsensus/network/network_http.go:87: receive a commit message
[listen commit]2021/10/12 17:55:40.261134 /root/study/github_repository/pbftconsensus/network/network_http.go:87: receive a commit message
[listen commit]2021/10/12 17:55:40.267168 /root/study/github_repository/pbftconsensus/network/network_http.go:87: receive a commit message
[listen commit]2021/10/12 17:55:40.271209 /root/study/github_repository/pbftconsensus/network/network_http.go:87: receive a commit message
[listen commit]2021/10/12 17:55:40.279274 /root/study/github_repository/pbftconsensus/network/network_http.go:87: receive a commit message
[listen commit]2021/10/12 17:55:40.283621 /root/study/github_repository/pbftconsensus/network/network_http.go:87: receive a commit message
[listen commit]2021/10/12 17:55:40.287645 /root/study/github_repository/pbftconsensus/network/network_http.go:87: receive a commit message
[listen pre-prepare]2021/10/12 18:00:20.470284 /root/study/github_repository/pbftconsensus/network/network_http.go:52: receive a preprepare message
[listen prepare]2021/10/12 18:00:20.481119 /root/study/github_repository/pbftconsensus/network/network_http.go:70: receive a prepare message
[listen prepare]2021/10/12 18:00:20.481678 /root/study/github_repository/pbftconsensus/network/network_http.go:70: receive a prepare message
[listen prepare]2021/10/12 18:00:20.482420 /root/study/github_repository/pbftconsensus/network/network_http.go:70: receive a prepare message
[listen prepare]2021/10/12 18:00:20.492016 /root/study/github_repository/pbftconsensus/network/network_http.go:70: receive a prepare message
[listen prepare]2021/10/12 18:00:20.504176 /root/study/github_repository/pbftconsensus/network/network_http.go:70: receive a prepare message
[listen prepare]2021/10/12 18:00:20.514393 /root/study/github_repository/pbftconsensus/network/network_http.go:70: receive a prepare message
[listen prepare]2021/10/12 18:00:20.517647 /root/study/github_repository/pbftconsensus/network/network_http.go:70: receive a prepare message
[listen prepare]2021/10/12 18:00:20.525182 /root/study/github_repository/pbftconsensus/network/network_http.go:70: receive a prepare message
[listen prepare]2021/10/12 18:00:20.533150 /root/study/github_repository/pbftconsensus/network/network_http.go:70: receive a prepare message
[listen prepare]2021/10/12 18:00:20.537390 /root/study/github_repository/pbftconsensus/network/network_http.go:70: receive a prepare message
[listen commit]2021/10/12 18:00:20.546966 /root/study/github_repository/pbftconsensus/network/network_http.go:87: receive a commit message
[listen commit]2021/10/12 18:00:20.551303 /root/study/github_repository/pbftconsensus/network/network_http.go:87: receive a commit message
[listen commit]2021/10/12 18:00:20.558129 /root/study/github_repository/pbftconsensus/network/network_http.go:87: receive a commit message
[listen commit]2021/10/12 18:00:20.559654 /root/study/github_repository/pbftconsensus/network/network_http.go:87: receive a commit message
[listen commit]2021/10/12 18:00:20.592753 /root/study/github_repository/pbftconsensus/network/network_http.go:87: receive a commit message
[listen prepare]2021/10/12 18:00:20.596825 /root/study/github_repository/pbftconsensus/network/network_http.go:70: receive a prepare message
[listen commit]2021/10/12 18:00:20.604850 /root/study/github_repository/pbftconsensus/network/network_http.go:87: receive a commit message
[listen commit]2021/10/12 18:00:20.604970 /root/study/github_repository/pbftconsensus/network/network_http.go:87: receive a commit message
[listen commit]2021/10/12 18:00:20.612347 /root/study/github_repository/pbftconsensus/network/network_http.go:87: receive a commit message
[listen commit]2021/10/12 18:00:20.631937 /root/study/github_repository/pbftconsensus/network/network_http.go:87: receive a commit message
[listen commit]2021/10/12 18:00:20.638142 /root/study/github_repository/pbftconsensus/network/network_http.go:87: receive a commit message
[listen prepare]2021/10/12 18:00:20.642576 /root/study/github_repository/pbftconsensus/network/network_http.go:70: receive a prepare message
[listen commit]2021/10/12 18:00:20.642815 /root/study/github_repository/pbftconsensus/network/network_http.go:87: receive a commit message
[listen commit]2021/10/12 18:00:20.644324 /root/study/github_repository/pbftconsensus/network/network_http.go:87: receive a commit message
[listen prepare]2021/10/12 18:00:20.649487 /root/study/github_repository/pbftconsensus/network/network_http.go:70: receive a prepare message
[listen commit]2021/10/12 18:00:20.651600 /root/study/github_repository/pbftconsensus/network/network_http.go:87: receive a commit message
[listen commit]2021/10/12 18:00:20.652951 /root/study/github_repository/pbftconsensus/network/network_http.go:87: receive a commit message
[listen commit]2021/10/12 18:00:20.653124 /root/study/github_repository/pbftconsensus/network/network_http.go:87: receive a commit message
[listen prepare]2021/10/12 18:00:20.654282 /root/study/github_repository/pbftconsensus/network/network_http.go:70: receive a prepare message
[listen pre-prepare]2021/10/12 18:00:35.469714 /root/study/github_repository/pbftconsensus/network/network_http.go:52: receive a preprepare message
[listen prepare]2021/10/12 18:00:35.483864 /root/study/github_repository/pbftconsensus/network/network_http.go:70: receive a prepare message
[listen prepare]2021/10/12 18:00:35.487863 /root/study/github_repository/pbftconsensus/network/network_http.go:70: receive a prepare message
[listen prepare]2021/10/12 18:00:35.491685 /root/study/github_repository/pbftconsensus/network/network_http.go:70: receive a prepare message
[listen prepare]2021/10/12 18:00:35.494082 /root/study/github_repository/pbftconsensus/network/network_http.go:70: receive a prepare message
[listen prepare]2021/10/12 18:00:35.497149 /root/study/github_repository/pbftconsensus/network/network_http.go:70: receive a prepare message
[listen prepare]2021/10/12 18:00:35.500137 /root/study/github_repository/pbftconsensus/network/network_http.go:70: receive a prepare message
[listen prepare]2021/10/12 18:00:35.511993 /root/study/github_repository/pbftconsensus/network/network_http.go:70: receive a prepare message
[listen prepare]2021/10/12 18:00:35.512035 /root/study/github_repository/pbftconsensus/network/network_http.go:70: receive a prepare message
[listen prepare]2021/10/12 18:00:35.515882 /root/study/github_repository/pbftconsensus/network/network_http.go:70: receive a prepare message
[listen prepare]2021/10/12 18:00:35.519244 /root/study/github_repository/pbftconsensus/network/network_http.go:70: receive a prepare message
[listen prepare]2021/10/12 18:00:35.533988 /root/study/github_repository/pbftconsensus/network/network_http.go:70: receive a prepare message
[listen prepare]2021/10/12 18:00:35.534040 /root/study/github_repository/pbftconsensus/network/network_http.go:70: receive a prepare message
[listen commit]2021/10/12 18:00:35.534261 /root/study/github_repository/pbftconsensus/network/network_http.go:87: receive a commit message
[listen prepare]2021/10/12 18:00:35.550057 /root/study/github_repository/pbftconsensus/network/network_http.go:70: receive a prepare message
[listen commit]2021/10/12 18:00:35.570721 /root/study/github_repository/pbftconsensus/network/network_http.go:87: receive a commit message
[listen commit]2021/10/12 18:00:35.574492 /root/study/github_repository/pbftconsensus/network/network_http.go:87: receive a commit message
[listen commit]2021/10/12 18:00:35.574524 /root/study/github_repository/pbftconsensus/network/network_http.go:87: receive a commit message
[listen commit]2021/10/12 18:00:35.578267 /root/study/github_repository/pbftconsensus/network/network_http.go:87: receive a commit message
[listen commit]2021/10/12 18:00:35.582093 /root/study/github_repository/pbftconsensus/network/network_http.go:87: receive a commit message
[listen commit]2021/10/12 18:00:35.585721 /root/study/github_repository/pbftconsensus/network/network_http.go:87: receive a commit message
[listen commit]2021/10/12 18:00:35.589478 /root/study/github_repository/pbftconsensus/network/network_http.go:87: receive a commit message
[listen commit]2021/10/12 18:00:35.593224 /root/study/github_repository/pbftconsensus/network/network_http.go:87: receive a commit message
[listen prepare]2021/10/12 18:00:35.593253 /root/study/github_repository/pbftconsensus/network/network_http.go:70: receive a prepare message
[listen commit]2021/10/12 18:00:35.605263 /root/study/github_repository/pbftconsensus/network/network_http.go:87: receive a commit message
[listen commit]2021/10/12 18:00:35.605346 /root/study/github_repository/pbftconsensus/network/network_http.go:87: receive a commit message
[listen commit]2021/10/12 18:00:35.609595 /root/study/github_repository/pbftconsensus/network/network_http.go:87: receive a commit message
[listen commit]2021/10/12 18:00:35.612184 /root/study/github_repository/pbftconsensus/network/network_http.go:87: receive a commit message
[listen commit]2021/10/12 18:00:35.618485 /root/study/github_repository/pbftconsensus/network/network_http.go:87: receive a commit message
[listen commit]2021/10/12 18:00:35.628235 /root/study/github_repository/pbftconsensus/network/network_http.go:87: receive a commit message
[listen pre-prepare]2021/10/12 18:01:43.361792 /root/study/github_repository/pbftconsensus/network/network_http.go:52: receive a preprepare message
[listen prepare]2021/10/12 18:01:43.369768 /root/study/github_repository/pbftconsensus/network/network_http.go:70: receive a prepare message
[listen prepare]2021/10/12 18:01:43.373820 /root/study/github_repository/pbftconsensus/network/network_http.go:70: receive a prepare message
[listen prepare]2021/10/12 18:01:43.377422 /root/study/github_repository/pbftconsensus/network/network_http.go:70: receive a prepare message
[listen prepare]2021/10/12 18:01:43.382879 /root/study/github_repository/pbftconsensus/network/network_http.go:70: receive a prepare message
[listen prepare]2021/10/12 18:01:43.421873 /root/study/github_repository/pbftconsensus/network/network_http.go:70: receive a prepare message
[listen prepare]2021/10/12 18:01:43.428285 /root/study/github_repository/pbftconsensus/network/network_http.go:70: receive a prepare message
[listen prepare]2021/10/12 18:01:43.445242 /root/study/github_repository/pbftconsensus/network/network_http.go:70: receive a prepare message
[listen prepare]2021/10/12 18:01:43.449268 /root/study/github_repository/pbftconsensus/network/network_http.go:70: receive a prepare message
[listen prepare]2021/10/12 18:01:43.453810 /root/study/github_repository/pbftconsensus/network/network_http.go:70: receive a prepare message
[listen prepare]2021/10/12 18:01:43.459322 /root/study/github_repository/pbftconsensus/network/network_http.go:70: receive a prepare message
[listen commit]2021/10/12 18:01:43.476037 /root/study/github_repository/pbftconsensus/network/network_http.go:87: receive a commit message
[listen prepare]2021/10/12 18:01:43.476111 /root/study/github_repository/pbftconsensus/network/network_http.go:70: receive a prepare message
[listen prepare]2021/10/12 18:01:43.476156 /root/study/github_repository/pbftconsensus/network/network_http.go:70: receive a prepare message
[listen commit]2021/10/12 18:01:43.482198 /root/study/github_repository/pbftconsensus/network/network_http.go:87: receive a commit message
[listen commit]2021/10/12 18:01:43.487124 /root/study/github_repository/pbftconsensus/network/network_http.go:87: receive a commit message
[listen commit]2021/10/12 18:01:43.493780 /root/study/github_repository/pbftconsensus/network/network_http.go:87: receive a commit message
[listen commit]2021/10/12 18:01:43.504093 /root/study/github_repository/pbftconsensus/network/network_http.go:87: receive a commit message
[listen prepare]2021/10/12 18:01:43.504145 /root/study/github_repository/pbftconsensus/network/network_http.go:70: receive a prepare message
[listen prepare]2021/10/12 18:01:43.508219 /root/study/github_repository/pbftconsensus/network/network_http.go:70: receive a prepare message
[listen commit]2021/10/12 18:01:43.518504 /root/study/github_repository/pbftconsensus/network/network_http.go:87: receive a commit message
[listen commit]2021/10/12 18:01:43.527413 /root/study/github_repository/pbftconsensus/network/network_http.go:87: receive a commit message
[listen commit]2021/10/12 18:01:43.542733 /root/study/github_repository/pbftconsensus/network/network_http.go:87: receive a commit message
[listen commit]2021/10/12 18:01:43.542878 /root/study/github_repository/pbftconsensus/network/network_http.go:87: receive a commit message
[listen commit]2021/10/12 18:01:43.547950 /root/study/github_repository/pbftconsensus/network/network_http.go:87: receive a commit message
[listen commit]2021/10/12 18:01:43.553268 /root/study/github_repository/pbftconsensus/network/network_http.go:87: receive a commit message
[listen commit]2021/10/12 18:01:43.562975 /root/study/github_repository/pbftconsensus/network/network_http.go:87: receive a commit message
[listen commit]2021/10/12 18:01:43.589885 /root/study/github_repository/pbftconsensus/network/network_http.go:87: receive a commit message
[listen commit]2021/10/12 18:01:43.592935 /root/study/github_repository/pbftconsensus/network/network_http.go:87: receive a commit message
[listen commit]2021/10/12 18:01:43.594839 /root/study/github_repository/pbftconsensus/network/network_http.go:87: receive a commit message
[listen pre-prepare]2021/10/12 18:01:53.372489 /root/study/github_repository/pbftconsensus/network/network_http.go:52: receive a preprepare message
[listen prepare]2021/10/12 18:01:53.384275 /root/study/github_repository/pbftconsensus/network/network_http.go:70: receive a prepare message
[listen prepare]2021/10/12 18:01:53.386882 /root/study/github_repository/pbftconsensus/network/network_http.go:70: receive a prepare message
[listen prepare]2021/10/12 18:01:53.387402 /root/study/github_repository/pbftconsensus/network/network_http.go:70: receive a prepare message
[listen prepare]2021/10/12 18:01:53.394071 /root/study/github_repository/pbftconsensus/network/network_http.go:70: receive a prepare message
[listen prepare]2021/10/12 18:01:53.402603 /root/study/github_repository/pbftconsensus/network/network_http.go:70: receive a prepare message
[listen prepare]2021/10/12 18:01:53.442704 /root/study/github_repository/pbftconsensus/network/network_http.go:70: receive a prepare message
[listen prepare]2021/10/12 18:01:53.447806 /root/study/github_repository/pbftconsensus/network/network_http.go:70: receive a prepare message
[listen prepare]2021/10/12 18:01:53.464634 /root/study/github_repository/pbftconsensus/network/network_http.go:70: receive a prepare message
[listen prepare]2021/10/12 18:01:53.468514 /root/study/github_repository/pbftconsensus/network/network_http.go:70: receive a prepare message
[listen prepare]2021/10/12 18:01:53.473895 /root/study/github_repository/pbftconsensus/network/network_http.go:70: receive a prepare message
[listen commit]2021/10/12 18:01:53.489689 /root/study/github_repository/pbftconsensus/network/network_http.go:87: receive a commit message
[listen commit]2021/10/12 18:01:53.496368 /root/study/github_repository/pbftconsensus/network/network_http.go:87: receive a commit message
[listen prepare]2021/10/12 18:01:53.497299 /root/study/github_repository/pbftconsensus/network/network_http.go:70: receive a prepare message
[listen prepare]2021/10/12 18:01:53.502053 /root/study/github_repository/pbftconsensus/network/network_http.go:70: receive a prepare message
[listen prepare]2021/10/12 18:01:53.505608 /root/study/github_repository/pbftconsensus/network/network_http.go:70: receive a prepare message
[listen prepare]2021/10/12 18:01:53.519854 /root/study/github_repository/pbftconsensus/network/network_http.go:70: receive a prepare message
[listen commit]2021/10/12 18:01:53.519876 /root/study/github_repository/pbftconsensus/network/routine_dispatchMsg.go:95: [into commit]
[listen commit]2021/10/12 18:01:53.519989 /root/study/github_repository/pbftconsensus/network/network_http.go:87: receive a commit message
[listen commit]2021/10/12 18:01:53.525724 /root/study/github_repository/pbftconsensus/network/network_http.go:87: receive a commit message
[listen commit]2021/10/12 18:01:53.531009 /root/study/github_repository/pbftconsensus/network/network_http.go:87: receive a commit message
[listen commit]2021/10/12 18:01:53.549250 /root/study/github_repository/pbftconsensus/network/network_http.go:87: receive a commit message
[listen commit]2021/10/12 18:01:53.555413 /root/study/github_repository/pbftconsensus/network/network_http.go:87: receive a commit message
[listen commit]2021/10/12 18:01:53.567040 /root/study/github_repository/pbftconsensus/network/network_http.go:87: receive a commit message
[listen commit]2021/10/12 18:01:53.569158 /root/study/github_repository/pbftconsensus/network/network_http.go:87: receive a commit message
[listen commit]2021/10/12 18:01:53.574187 /root/study/github_repository/pbftconsensus/network/network_http.go:87: receive a commit message
