[dispatch PrePrepareMsg]2021/11/13 22:42:58.153556 /root/study/github_repository/pbftconsensus/network/routine_dispatchMsg.go:63: [receive preprepare message, and prepare to resolve it]
[resolve pre-prepareMsg success]2021/11/13 22:42:58.177897 /root/study/github_repository/pbftconsensus/network/routine_resolveMsg.go:145: put prepare message into broadcast channel
[dispatch PrepareMsg]2021/11/13 22:42:58.775460 /root/study/github_repository/pbftconsensus/network/routine_dispatchMsg.go:80: [receive prepare message, and prepare to resolve it]
[dispatch PrepareMsg]2021/11/13 22:42:58.941453 /root/study/github_repository/pbftconsensus/network/routine_dispatchMsg.go:80: [receive prepare message, and prepare to resolve it]
[dispatch PrepareMsg]2021/11/13 22:42:58.944274 /root/study/github_repository/pbftconsensus/network/routine_dispatchMsg.go:80: [receive prepare message, and prepare to resolve it]
[dispatch PrepareMsg]2021/11/13 22:42:58.979025 /root/study/github_repository/pbftconsensus/network/routine_dispatchMsg.go:80: [receive prepare message, and prepare to resolve it]
[dispatch PrepareMsg]2021/11/13 22:42:59.013280 /root/study/github_repository/pbftconsensus/network/routine_dispatchMsg.go:80: [receive prepare message, and prepare to resolve it]
[dispatch PrepareMsg]2021/11/13 22:42:59.040286 /root/study/github_repository/pbftconsensus/network/routine_dispatchMsg.go:80: [receive prepare message, and prepare to resolve it]
[dispatch PrepareMsg]2021/11/13 22:42:59.065774 /root/study/github_repository/pbftconsensus/network/routine_dispatchMsg.go:80: [receive prepare message, and prepare to resolve it]
[dispatch PrepareMsg]2021/11/13 22:42:59.081117 /root/study/github_repository/pbftconsensus/network/routine_dispatchMsg.go:80: [receive prepare message, and prepare to resolve it]
[resolve prepareMsg success]2021/11/13 22:42:59.100167 /root/study/github_repository/pbftconsensus/network/routine_resolveMsg.go:183: put commit message into broadcast channel
[dispatch PrepareMsg]2021/11/13 22:42:59.159736 /root/study/github_repository/pbftconsensus/network/routine_dispatchMsg.go:80: [receive prepare message, and prepare to resolve it]
[dispatch PrepareMsg]2021/11/13 22:42:59.257949 /root/study/github_repository/pbftconsensus/network/routine_dispatchMsg.go:80: [receive prepare message, and prepare to resolve it]
[dispatch PrepareMsg]2021/11/13 22:42:59.297881 /root/study/github_repository/pbftconsensus/network/routine_dispatchMsg.go:80: [receive prepare message, and prepare to resolve it]
[dispatch CommitMsg]2021/11/13 22:42:59.450725 /root/study/github_repository/pbftconsensus/network/routine_dispatchMsg.go:95: [receive commit message, and prepare to resolve it]
[dispatch CommitMsg]2021/11/13 22:42:59.464171 /root/study/github_repository/pbftconsensus/network/routine_dispatchMsg.go:95: [receive commit message, and prepare to resolve it]
[dispatch CommitMsg]2021/11/13 22:42:59.465858 /root/study/github_repository/pbftconsensus/network/routine_dispatchMsg.go:95: [receive commit message, and prepare to resolve it]
[dispatch CommitMsg]2021/11/13 22:42:59.528503 /root/study/github_repository/pbftconsensus/network/routine_dispatchMsg.go:95: [receive commit message, and prepare to resolve it]
[dispatch CommitMsg]2021/11/13 22:42:59.553449 /root/study/github_repository/pbftconsensus/network/routine_dispatchMsg.go:95: [receive commit message, and prepare to resolve it]
[dispatch CommitMsg]2021/11/13 22:42:59.563991 /root/study/github_repository/pbftconsensus/network/routine_dispatchMsg.go:95: [receive commit message, and prepare to resolve it]
[dispatch CommitMsg]2021/11/13 22:42:59.657018 /root/study/github_repository/pbftconsensus/network/routine_dispatchMsg.go:95: [receive commit message, and prepare to resolve it]
[resolve commitMsg success]2021/11/13 22:42:59.658580 /root/study/github_repository/pbftconsensus/network/routine_resolveMsg.go:229: put reply message into broadcast channel
[dispatch PrePrepareMsg]2021/11/13 22:43:01.101465 /root/study/github_repository/pbftconsensus/network/routine_dispatchMsg.go:63: [receive preprepare message, and prepare to resolve it]
[resolve pre-prepareMsg success]2021/11/13 22:43:01.124674 /root/study/github_repository/pbftconsensus/network/routine_resolveMsg.go:145: put prepare message into broadcast channel
[dispatch PrepareMsg]2021/11/13 22:43:01.389444 /root/study/github_repository/pbftconsensus/network/routine_dispatchMsg.go:80: [receive prepare message, and prepare to resolve it]
[dispatch PrepareMsg]2021/11/13 22:43:01.488421 /root/study/github_repository/pbftconsensus/network/routine_dispatchMsg.go:80: [receive prepare message, and prepare to resolve it]
[dispatch PrepareMsg]2021/11/13 22:43:01.500383 /root/study/github_repository/pbftconsensus/network/routine_dispatchMsg.go:80: [receive prepare message, and prepare to resolve it]
[dispatch PrepareMsg]2021/11/13 22:43:01.501995 /root/study/github_repository/pbftconsensus/network/routine_dispatchMsg.go:80: [receive prepare message, and prepare to resolve it]
[dispatch PrepareMsg]2021/11/13 22:43:01.540031 /root/study/github_repository/pbftconsensus/network/routine_dispatchMsg.go:80: [receive prepare message, and prepare to resolve it]
[dispatch PrepareMsg]2021/11/13 22:43:01.556490 /root/study/github_repository/pbftconsensus/network/routine_dispatchMsg.go:80: [receive prepare message, and prepare to resolve it]
[dispatch PrepareMsg]2021/11/13 22:43:01.774735 /root/study/github_repository/pbftconsensus/network/routine_dispatchMsg.go:80: [receive prepare message, and prepare to resolve it]
[resolve prepareMsg success]2021/11/13 22:43:01.793530 /root/study/github_repository/pbftconsensus/network/routine_resolveMsg.go:183: put commit message into broadcast channel
[dispatch PrepareMsg]2021/11/13 22:43:01.793759 /root/study/github_repository/pbftconsensus/network/routine_dispatchMsg.go:80: [receive prepare message, and prepare to resolve it]
[dispatch PrepareMsg]2021/11/13 22:43:01.817989 /root/study/github_repository/pbftconsensus/network/routine_dispatchMsg.go:80: [receive prepare message, and prepare to resolve it]
[dispatch PrepareMsg]2021/11/13 22:43:01.863645 /root/study/github_repository/pbftconsensus/network/routine_dispatchMsg.go:80: [receive prepare message, and prepare to resolve it]
[dispatch PrepareMsg]2021/11/13 22:43:01.876438 /root/study/github_repository/pbftconsensus/network/routine_dispatchMsg.go:80: [receive prepare message, and prepare to resolve it]
[dispatch PrepareMsg]2021/11/13 22:43:01.974286 /root/study/github_repository/pbftconsensus/network/routine_dispatchMsg.go:80: [receive prepare message, and prepare to resolve it]
[dispatch PrepareMsg]2021/11/13 22:43:02.132496 /root/study/github_repository/pbftconsensus/network/routine_dispatchMsg.go:80: [receive prepare message, and prepare to resolve it]
[resolve commitMsg success]2021/11/13 22:43:02.332252 /root/study/github_repository/pbftconsensus/network/routine_resolveMsg.go:229: put reply message into broadcast channel
[dispatch PrePrepareMsg]2021/11/13 22:55:31.691162 /root/study/github_repository/pbftconsensus/network/routine_dispatchMsg.go:63: [receive preprepare message, and prepare to resolve it]
[resolve pre-prepareMsg success]2021/11/13 22:55:31.718836 /root/study/github_repository/pbftconsensus/network/routine_resolveMsg.go:145: put prepare message into broadcast channel
[dispatch PrepareMsg]2021/11/13 22:55:32.137025 /root/study/github_repository/pbftconsensus/network/routine_dispatchMsg.go:80: [receive prepare message, and prepare to resolve it]
[dispatch PrepareMsg]2021/11/13 22:55:32.146555 /root/study/github_repository/pbftconsensus/network/routine_dispatchMsg.go:80: [receive prepare message, and prepare to resolve it]
[dispatch PrepareMsg]2021/11/13 22:55:32.177133 /root/study/github_repository/pbftconsensus/network/routine_dispatchMsg.go:80: [receive prepare message, and prepare to resolve it]
[dispatch PrepareMsg]2021/11/13 22:55:32.191325 /root/study/github_repository/pbftconsensus/network/routine_dispatchMsg.go:80: [receive prepare message, and prepare to resolve it]
[dispatch PrepareMsg]2021/11/13 22:55:32.324791 /root/study/github_repository/pbftconsensus/network/routine_dispatchMsg.go:80: [receive prepare message, and prepare to resolve it]
[dispatch PrepareMsg]2021/11/13 22:55:32.406679 /root/study/github_repository/pbftconsensus/network/routine_dispatchMsg.go:80: [receive prepare message, and prepare to resolve it]
[dispatch PrepareMsg]2021/11/13 22:55:32.410309 /root/study/github_repository/pbftconsensus/network/routine_dispatchMsg.go:80: [receive prepare message, and prepare to resolve it]
[dispatch PrepareMsg]2021/11/13 22:55:32.423944 /root/study/github_repository/pbftconsensus/network/routine_dispatchMsg.go:80: [receive prepare message, and prepare to resolve it]
[resolve prepareMsg success]2021/11/13 22:55:32.443270 /root/study/github_repository/pbftconsensus/network/routine_resolveMsg.go:183: put commit message into broadcast channel
[dispatch PrepareMsg]2021/11/13 22:55:32.458143 /root/study/github_repository/pbftconsensus/network/routine_dispatchMsg.go:80: [receive prepare message, and prepare to resolve it]
[dispatch PrepareMsg]2021/11/13 22:55:32.484439 /root/study/github_repository/pbftconsensus/network/routine_dispatchMsg.go:80: [receive prepare message, and prepare to resolve it]
[dispatch PrepareMsg]2021/11/13 22:55:32.605138 /root/study/github_repository/pbftconsensus/network/routine_dispatchMsg.go:80: [receive prepare message, and prepare to resolve it]
[dispatch PrepareMsg]2021/11/13 22:55:32.657617 /root/study/github_repository/pbftconsensus/network/routine_dispatchMsg.go:80: [receive prepare message, and prepare to resolve it]
[dispatch PrepareMsg]2021/11/13 22:55:32.848283 /root/study/github_repository/pbftconsensus/network/routine_dispatchMsg.go:80: [receive prepare message, and prepare to resolve it]
[dispatch CommitMsg]2021/11/13 22:55:32.936633 /root/study/github_repository/pbftconsensus/network/routine_dispatchMsg.go:95: [receive commit message, and prepare to resolve it]
[dispatch CommitMsg]2021/11/13 22:55:32.952098 /root/study/github_repository/pbftconsensus/network/routine_dispatchMsg.go:95: [receive commit message, and prepare to resolve it]
[dispatch CommitMsg]2021/11/13 22:55:33.014948 /root/study/github_repository/pbftconsensus/network/routine_dispatchMsg.go:95: [receive commit message, and prepare to resolve it]
[dispatch CommitMsg]2021/11/13 22:55:33.161767 /root/study/github_repository/pbftconsensus/network/routine_dispatchMsg.go:95: [receive commit message, and prepare to resolve it]
[dispatch CommitMsg]2021/11/13 22:55:33.196431 /root/study/github_repository/pbftconsensus/network/routine_dispatchMsg.go:95: [receive commit message, and prepare to resolve it]
[resolve commitMsg success]2021/11/13 22:55:33.198330 /root/study/github_repository/pbftconsensus/network/routine_resolveMsg.go:229: put reply message into broadcast channel
[dispatch CommitMsg]2021/11/13 22:55:33.198737 /root/study/github_repository/pbftconsensus/network/routine_dispatchMsg.go:95: [receive commit message, and prepare to resolve it]
[dispatch PrePrepareMsg]2021/11/13 22:56:01.792233 /root/study/github_repository/pbftconsensus/network/routine_dispatchMsg.go:63: [receive preprepare message, and prepare to resolve it]
[resolve pre-prepareMsg success]2021/11/13 22:56:01.814585 /root/study/github_repository/pbftconsensus/network/routine_resolveMsg.go:145: put prepare message into broadcast channel
[dispatch PrepareMsg]2021/11/13 22:56:02.204934 /root/study/github_repository/pbftconsensus/network/routine_dispatchMsg.go:80: [receive prepare message, and prepare to resolve it]
[dispatch PrepareMsg]2021/11/13 22:56:02.226481 /root/study/github_repository/pbftconsensus/network/routine_dispatchMsg.go:80: [receive prepare message, and prepare to resolve it]
[dispatch PrepareMsg]2021/11/13 22:56:02.228270 /root/study/github_repository/pbftconsensus/network/routine_dispatchMsg.go:80: [receive prepare message, and prepare to resolve it]
[dispatch PrepareMsg]2021/11/13 22:56:02.250103 /root/study/github_repository/pbftconsensus/network/routine_dispatchMsg.go:80: [receive prepare message, and prepare to resolve it]
[dispatch PrepareMsg]2021/11/13 22:56:02.291222 /root/study/github_repository/pbftconsensus/network/routine_dispatchMsg.go:80: [receive prepare message, and prepare to resolve it]
[dispatch PrepareMsg]2021/11/13 22:56:02.292872 /root/study/github_repository/pbftconsensus/network/routine_dispatchMsg.go:80: [receive prepare message, and prepare to resolve it]
[resolve prepareMsg success]2021/11/13 22:56:02.312225 /root/study/github_repository/pbftconsensus/network/routine_resolveMsg.go:183: put commit message into broadcast channel
[dispatch PrepareMsg]2021/11/13 22:56:02.312434 /root/study/github_repository/pbftconsensus/network/routine_dispatchMsg.go:80: [receive prepare message, and prepare to resolve it]
[dispatch PrepareMsg]2021/11/13 22:56:02.373156 /root/study/github_repository/pbftconsensus/network/routine_dispatchMsg.go:80: [receive prepare message, and prepare to resolve it]
[dispatch PrepareMsg]2021/11/13 22:56:02.481137 /root/study/github_repository/pbftconsensus/network/routine_dispatchMsg.go:80: [receive prepare message, and prepare to resolve it]
[dispatch PrepareMsg]2021/11/13 22:56:02.482674 /root/study/github_repository/pbftconsensus/network/routine_dispatchMsg.go:80: [receive prepare message, and prepare to resolve it]
[dispatch PrepareMsg]2021/11/13 22:56:02.584484 /root/study/github_repository/pbftconsensus/network/routine_dispatchMsg.go:80: [receive prepare message, and prepare to resolve it]
[dispatch PrepareMsg]2021/11/13 22:56:02.620740 /root/study/github_repository/pbftconsensus/network/routine_dispatchMsg.go:80: [receive prepare message, and prepare to resolve it]
[dispatch PrepareMsg]2021/11/13 22:56:02.676894 /root/study/github_repository/pbftconsensus/network/routine_dispatchMsg.go:80: [receive prepare message, and prepare to resolve it]
[dispatch CommitMsg]2021/11/13 22:56:02.807948 /root/study/github_repository/pbftconsensus/network/routine_dispatchMsg.go:95: [receive commit message, and prepare to resolve it]
[dispatch CommitMsg]2021/11/13 22:56:02.893813 /root/study/github_repository/pbftconsensus/network/routine_dispatchMsg.go:95: [receive commit message, and prepare to resolve it]
[resolve commitMsg success]2021/11/13 22:56:02.895295 /root/study/github_repository/pbftconsensus/network/routine_resolveMsg.go:229: put reply message into broadcast channel
[dispatch PrePrepareMsg]2021/11/13 22:56:04.889941 /root/study/github_repository/pbftconsensus/network/routine_dispatchMsg.go:63: [receive preprepare message, and prepare to resolve it]
[resolve pre-prepareMsg success]2021/11/13 22:56:04.916766 /root/study/github_repository/pbftconsensus/network/routine_resolveMsg.go:145: put prepare message into broadcast channel
[dispatch PrepareMsg]2021/11/13 22:56:05.455268 /root/study/github_repository/pbftconsensus/network/routine_dispatchMsg.go:80: [receive prepare message, and prepare to resolve it]
[resolve prepareMsg success]2021/11/13 22:56:05.492307 /root/study/github_repository/pbftconsensus/network/routine_resolveMsg.go:183: put commit message into broadcast channel
[dispatch PrepareMsg]2021/11/13 22:56:05.629497 /root/study/github_repository/pbftconsensus/network/routine_dispatchMsg.go:80: [receive prepare message, and prepare to resolve it]
[dispatch PrepareMsg]2021/11/13 22:56:05.684360 /root/study/github_repository/pbftconsensus/network/routine_dispatchMsg.go:80: [receive prepare message, and prepare to resolve it]
[dispatch PrepareMsg]2021/11/13 22:56:05.742669 /root/study/github_repository/pbftconsensus/network/routine_dispatchMsg.go:80: [receive prepare message, and prepare to resolve it]
[dispatch CommitMsg]2021/11/13 22:56:05.974458 /root/study/github_repository/pbftconsensus/network/routine_dispatchMsg.go:95: [receive commit message, and prepare to resolve it]
[resolve commitMsg success]2021/11/13 22:56:05.994569 /root/study/github_repository/pbftconsensus/network/routine_resolveMsg.go:229: put reply message into broadcast channel
[dispatch CommitMsg]2021/11/13 22:56:05.999521 /root/study/github_repository/pbftconsensus/network/routine_dispatchMsg.go:95: [receive commit message, and prepare to resolve it]
[dispatch PrePrepareMsg]2021/11/26 12:43:09.913002 /root/study/github_repository/pbftconsensus/network/routine_dispatchMsg.go:63: [receive preprepare message, and prepare to resolve it]
[resolve pre-prepareMsg success]2021/11/26 12:43:09.950926 /root/study/github_repository/pbftconsensus/network/routine_resolveMsg.go:145: put prepare message into broadcast channel
[resolve prepareMsg success]2021/11/26 12:43:11.018485 /root/study/github_repository/pbftconsensus/network/routine_resolveMsg.go:183: put commit message into broadcast channel
[dispatch CommitMsg]2021/11/26 12:43:11.670378 /root/study/github_repository/pbftconsensus/network/routine_dispatchMsg.go:95: [receive commit message, and prepare to resolve it]
[resolve commitMsg success]2021/11/26 12:43:11.690540 /root/study/github_repository/pbftconsensus/network/routine_resolveMsg.go:229: put reply message into broadcast channel
[dispatch PrePrepareMsg]2021/11/26 12:58:30.586803 /root/study/github_repository/pbftconsensus/network/routine_dispatchMsg.go:65: [receive preprepare message, and prepare to resolve it]
[resolve pre-prepareMsg success]2021/11/26 12:58:30.612130 /root/study/github_repository/pbftconsensus/network/routine_resolveMsg.go:145: put prepare message into broadcast channel
[dispatch PrepareMsg]2021/11/26 12:58:31.465305 /root/study/github_repository/pbftconsensus/network/routine_dispatchMsg.go:82: [receive prepare message, and prepare to resolve it]
[resolve prepareMsg success]2021/11/26 12:58:31.501499 /root/study/github_repository/pbftconsensus/network/routine_resolveMsg.go:183: put commit message into broadcast channel
[dispatch PrepareMsg]2021/11/26 12:58:31.560709 /root/study/github_repository/pbftconsensus/network/routine_dispatchMsg.go:82: [receive prepare message, and prepare to resolve it]
[dispatch PrepareMsg]2021/11/26 12:58:31.693708 /root/study/github_repository/pbftconsensus/network/routine_dispatchMsg.go:82: [receive prepare message, and prepare to resolve it]
[dispatch PrepareMsg]2021/11/26 12:58:31.730053 /root/study/github_repository/pbftconsensus/network/routine_dispatchMsg.go:82: [receive prepare message, and prepare to resolve it]
[dispatch PrepareMsg]2021/11/26 12:58:31.805449 /root/study/github_repository/pbftconsensus/network/routine_dispatchMsg.go:82: [receive prepare message, and prepare to resolve it]
[dispatch PrepareMsg]2021/11/26 12:58:31.945441 /root/study/github_repository/pbftconsensus/network/routine_dispatchMsg.go:82: [receive prepare message, and prepare to resolve it]
[dispatch CommitMsg]2021/11/26 12:58:31.998621 /root/study/github_repository/pbftconsensus/network/routine_dispatchMsg.go:97: [receive commit message, and prepare to resolve it]
[dispatch CommitMsg]2021/11/26 12:58:32.014129 /root/study/github_repository/pbftconsensus/network/routine_dispatchMsg.go:97: [receive commit message, and prepare to resolve it]
[dispatch CommitMsg]2021/11/26 12:58:32.109757 /root/study/github_repository/pbftconsensus/network/routine_dispatchMsg.go:97: [receive commit message, and prepare to resolve it]
[dispatch CommitMsg]2021/11/26 12:58:32.117046 /root/study/github_repository/pbftconsensus/network/routine_dispatchMsg.go:97: [receive commit message, and prepare to resolve it]
[dispatch CommitMsg]2021/11/26 12:58:32.141458 /root/study/github_repository/pbftconsensus/network/routine_dispatchMsg.go:97: [receive commit message, and prepare to resolve it]
[resolve commitMsg success]2021/11/26 12:58:32.144223 /root/study/github_repository/pbftconsensus/network/routine_resolveMsg.go:229: put reply message into broadcast channel
[dispatch PrePrepareMsg]2021/11/26 13:01:32.857806 /root/study/github_repository/pbftconsensus/network/routine_dispatchMsg.go:65: [receive preprepare message, and prepare to resolve it]
[resolve pre-prepareMsg success]2021/11/26 13:01:32.882531 /root/study/github_repository/pbftconsensus/network/routine_resolveMsg.go:145: put prepare message into broadcast channel
[dispatch PrepareMsg]2021/11/26 13:01:34.168218 /root/study/github_repository/pbftconsensus/network/routine_dispatchMsg.go:82: [receive prepare message, and prepare to resolve it]
[dispatch PrepareMsg]2021/11/26 13:01:34.555992 /root/study/github_repository/pbftconsensus/network/routine_dispatchMsg.go:82: [receive prepare message, and prepare to resolve it]
[dispatch PrepareMsg]2021/11/26 13:01:34.710021 /root/study/github_repository/pbftconsensus/network/routine_dispatchMsg.go:82: [receive prepare message, and prepare to resolve it]
[dispatch PrepareMsg]2021/11/26 13:01:34.786256 /root/study/github_repository/pbftconsensus/network/routine_dispatchMsg.go:82: [receive prepare message, and prepare to resolve it]
[dispatch PrepareMsg]2021/11/26 13:01:34.854711 /root/study/github_repository/pbftconsensus/network/routine_dispatchMsg.go:82: [receive prepare message, and prepare to resolve it]
[dispatch PrepareMsg]2021/11/26 13:01:35.596943 /root/study/github_repository/pbftconsensus/network/routine_dispatchMsg.go:82: [receive prepare message, and prepare to resolve it]
[dispatch PrepareMsg]2021/11/26 13:01:35.604728 /root/study/github_repository/pbftconsensus/network/routine_dispatchMsg.go:82: [receive prepare message, and prepare to resolve it]
[dispatch PrepareMsg]2021/11/26 13:01:35.637276 /root/study/github_repository/pbftconsensus/network/routine_dispatchMsg.go:82: [receive prepare message, and prepare to resolve it]
[resolve prepareMsg success]2021/11/26 13:01:35.656914 /root/study/github_repository/pbftconsensus/network/routine_resolveMsg.go:183: put commit message into broadcast channel
[dispatch PrepareMsg]2021/11/26 13:01:35.683402 /root/study/github_repository/pbftconsensus/network/routine_dispatchMsg.go:82: [receive prepare message, and prepare to resolve it]
[dispatch PrepareMsg]2021/11/26 13:01:35.695709 /root/study/github_repository/pbftconsensus/network/routine_dispatchMsg.go:82: [receive prepare message, and prepare to resolve it]
[dispatch PrepareMsg]2021/11/26 13:01:35.904811 /root/study/github_repository/pbftconsensus/network/routine_dispatchMsg.go:82: [receive prepare message, and prepare to resolve it]
[dispatch PrepareMsg]2021/11/26 13:01:36.096068 /root/study/github_repository/pbftconsensus/network/routine_dispatchMsg.go:82: [receive prepare message, and prepare to resolve it]
[dispatch PrepareMsg]2021/11/26 13:01:36.099154 /root/study/github_repository/pbftconsensus/network/routine_dispatchMsg.go:82: [receive prepare message, and prepare to resolve it]
[dispatch PrepareMsg]2021/11/26 13:01:36.118212 /root/study/github_repository/pbftconsensus/network/routine_dispatchMsg.go:82: [receive prepare message, and prepare to resolve it]
[dispatch CommitMsg]2021/11/26 13:01:36.132774 /root/study/github_repository/pbftconsensus/network/routine_dispatchMsg.go:97: [receive commit message, and prepare to resolve it]
[dispatch CommitMsg]2021/11/26 13:01:36.236390 /root/study/github_repository/pbftconsensus/network/routine_dispatchMsg.go:97: [receive commit message, and prepare to resolve it]
[dispatch CommitMsg]2021/11/26 13:01:36.299564 /root/study/github_repository/pbftconsensus/network/routine_dispatchMsg.go:97: [receive commit message, and prepare to resolve it]
[dispatch CommitMsg]2021/11/26 13:01:36.397258 /root/study/github_repository/pbftconsensus/network/routine_dispatchMsg.go:97: [receive commit message, and prepare to resolve it]
[dispatch CommitMsg]2021/11/26 13:01:36.399642 /root/study/github_repository/pbftconsensus/network/routine_dispatchMsg.go:97: [receive commit message, and prepare to resolve it]
[dispatch CommitMsg]2021/11/26 13:01:36.522824 /root/study/github_repository/pbftconsensus/network/routine_dispatchMsg.go:97: [receive commit message, and prepare to resolve it]
[resolve commitMsg success]2021/11/26 13:01:36.525908 /root/study/github_repository/pbftconsensus/network/routine_resolveMsg.go:229: put reply message into broadcast channel
[dispatch PrePrepareMsg]2021/11/26 13:05:13.283101 /root/study/github_repository/pbftconsensus/network/routine_dispatchMsg.go:65: [receive preprepare message, and prepare to resolve it]
[resolve pre-prepareMsg success]2021/11/26 13:05:13.311002 /root/study/github_repository/pbftconsensus/network/routine_resolveMsg.go:145: put prepare message into broadcast channel
[dispatch PrepareMsg]2021/11/26 13:05:15.398956 /root/study/github_repository/pbftconsensus/network/routine_dispatchMsg.go:82: [receive prepare message, and prepare to resolve it]
[dispatch PrepareMsg]2021/11/26 13:05:15.459419 /root/study/github_repository/pbftconsensus/network/routine_dispatchMsg.go:82: [receive prepare message, and prepare to resolve it]
[resolve prepareMsg success]2021/11/26 13:05:15.478072 /root/study/github_repository/pbftconsensus/network/routine_resolveMsg.go:183: put commit message into broadcast channel
[dispatch PrepareMsg]2021/11/26 13:05:15.518354 /root/study/github_repository/pbftconsensus/network/routine_dispatchMsg.go:82: [receive prepare message, and prepare to resolve it]
[dispatch PrepareMsg]2021/11/26 13:05:15.754325 /root/study/github_repository/pbftconsensus/network/routine_dispatchMsg.go:82: [receive prepare message, and prepare to resolve it]
[dispatch PrepareMsg]2021/11/26 13:05:15.848181 /root/study/github_repository/pbftconsensus/network/routine_dispatchMsg.go:82: [receive prepare message, and prepare to resolve it]
[dispatch CommitMsg]2021/11/26 13:05:15.963388 /root/study/github_repository/pbftconsensus/network/routine_dispatchMsg.go:97: [receive commit message, and prepare to resolve it]
[dispatch CommitMsg]2021/11/26 13:05:15.992670 /root/study/github_repository/pbftconsensus/network/routine_dispatchMsg.go:97: [receive commit message, and prepare to resolve it]
[dispatch CommitMsg]2021/11/26 13:05:15.994738 /root/study/github_repository/pbftconsensus/network/routine_dispatchMsg.go:97: [receive commit message, and prepare to resolve it]
[dispatch CommitMsg]2021/11/26 13:05:16.102186 /root/study/github_repository/pbftconsensus/network/routine_dispatchMsg.go:97: [receive commit message, and prepare to resolve it]
[dispatch CommitMsg]2021/11/26 13:05:16.121817 /root/study/github_repository/pbftconsensus/network/routine_dispatchMsg.go:97: [receive commit message, and prepare to resolve it]
[dispatch CommitMsg]2021/11/26 13:05:16.144409 /root/study/github_repository/pbftconsensus/network/routine_dispatchMsg.go:97: [receive commit message, and prepare to resolve it]
[resolve commitMsg success]2021/11/26 13:05:16.146577 /root/study/github_repository/pbftconsensus/network/routine_resolveMsg.go:229: put reply message into broadcast channel
[dispatch PrePrepareMsg]2021/11/26 13:09:31.557306 /root/study/github_repository/pbftconsensus/network/routine_dispatchMsg.go:66: [receive preprepare message, and prepare to resolve it]
[resolve pre-prepareMsg success]2021/11/26 13:09:31.581108 /root/study/github_repository/pbftconsensus/network/routine_resolveMsg.go:145: put prepare message into broadcast channel
[dispatch PrepareMsg]2021/11/26 13:09:32.717569 /root/study/github_repository/pbftconsensus/network/routine_dispatchMsg.go:83: [receive prepare message, and prepare to resolve it]
[dispatch PrepareMsg]2021/11/26 13:09:32.824010 /root/study/github_repository/pbftconsensus/network/routine_dispatchMsg.go:83: [receive prepare message, and prepare to resolve it]
[dispatch PrepareMsg]2021/11/26 13:09:32.855358 /root/study/github_repository/pbftconsensus/network/routine_dispatchMsg.go:83: [receive prepare message, and prepare to resolve it]
[resolve prepareMsg success]2021/11/26 13:09:32.873704 /root/study/github_repository/pbftconsensus/network/routine_resolveMsg.go:183: put commit message into broadcast channel
[dispatch PrepareMsg]2021/11/26 13:09:32.983827 /root/study/github_repository/pbftconsensus/network/routine_dispatchMsg.go:83: [receive prepare message, and prepare to resolve it]
[dispatch PrepareMsg]2021/11/26 13:09:33.024840 /root/study/github_repository/pbftconsensus/network/routine_dispatchMsg.go:83: [receive prepare message, and prepare to resolve it]
[dispatch PrepareMsg]2021/11/26 13:09:33.207302 /root/study/github_repository/pbftconsensus/network/routine_dispatchMsg.go:83: [receive prepare message, and prepare to resolve it]
[dispatch PrepareMsg]2021/11/26 13:09:33.416564 /root/study/github_repository/pbftconsensus/network/routine_dispatchMsg.go:83: [receive prepare message, and prepare to resolve it]
[dispatch PrepareMsg]2021/11/26 13:09:33.457602 /root/study/github_repository/pbftconsensus/network/routine_dispatchMsg.go:83: [receive prepare message, and prepare to resolve it]
[dispatch CommitMsg]2021/11/26 13:09:33.626601 /root/study/github_repository/pbftconsensus/network/routine_dispatchMsg.go:98: [receive commit message, and prepare to resolve it]
[dispatch CommitMsg]2021/11/26 13:09:33.656299 /root/study/github_repository/pbftconsensus/network/routine_dispatchMsg.go:98: [receive commit message, and prepare to resolve it]
[dispatch CommitMsg]2021/11/26 13:09:33.760212 /root/study/github_repository/pbftconsensus/network/routine_dispatchMsg.go:98: [receive commit message, and prepare to resolve it]
[dispatch CommitMsg]2021/11/26 13:09:33.762505 /root/study/github_repository/pbftconsensus/network/routine_dispatchMsg.go:98: [receive commit message, and prepare to resolve it]
[resolve commitMsg success]2021/11/26 13:09:33.764182 /root/study/github_repository/pbftconsensus/network/routine_resolveMsg.go:229: put reply message into broadcast channel
[dispatch PrePrepareMsg]2021/11/26 13:12:27.862157 /root/study/github_repository/pbftconsensus/network/routine_dispatchMsg.go:63: [receive preprepare message, and prepare to resolve it]
[resolve pre-prepareMsg success]2021/11/26 13:12:27.887942 /root/study/github_repository/pbftconsensus/network/routine_resolveMsg.go:145: put prepare message into broadcast channel
[dispatch PrepareMsg]2021/11/26 13:12:29.274357 /root/study/github_repository/pbftconsensus/network/routine_dispatchMsg.go:80: [receive prepare message, and prepare to resolve it]
[dispatch PrepareMsg]2021/11/26 13:12:29.327864 /root/study/github_repository/pbftconsensus/network/routine_dispatchMsg.go:80: [receive prepare message, and prepare to resolve it]
[dispatch PrepareMsg]2021/11/26 13:12:29.380082 /root/study/github_repository/pbftconsensus/network/routine_dispatchMsg.go:80: [receive prepare message, and prepare to resolve it]
[dispatch PrepareMsg]2021/11/26 13:12:29.684302 /root/study/github_repository/pbftconsensus/network/routine_dispatchMsg.go:80: [receive prepare message, and prepare to resolve it]
[dispatch PrepareMsg]2021/11/26 13:12:30.046868 /root/study/github_repository/pbftconsensus/network/routine_dispatchMsg.go:80: [receive prepare message, and prepare to resolve it]
[dispatch PrepareMsg]2021/11/26 13:12:30.049294 /root/study/github_repository/pbftconsensus/network/routine_dispatchMsg.go:80: [receive prepare message, and prepare to resolve it]
[dispatch PrepareMsg]2021/11/26 13:12:30.051360 /root/study/github_repository/pbftconsensus/network/routine_dispatchMsg.go:80: [receive prepare message, and prepare to resolve it]
[resolve prepareMsg success]2021/11/26 13:12:30.069354 /root/study/github_repository/pbftconsensus/network/routine_resolveMsg.go:183: put commit message into broadcast channel
[dispatch PrepareMsg]2021/11/26 13:12:30.178788 /root/study/github_repository/pbftconsensus/network/routine_dispatchMsg.go:80: [receive prepare message, and prepare to resolve it]
[dispatch PrepareMsg]2021/11/26 13:12:30.350797 /root/study/github_repository/pbftconsensus/network/routine_dispatchMsg.go:80: [receive prepare message, and prepare to resolve it]
[dispatch PrepareMsg]2021/11/26 13:12:30.525167 /root/study/github_repository/pbftconsensus/network/routine_dispatchMsg.go:80: [receive prepare message, and prepare to resolve it]
[dispatch CommitMsg]2021/11/26 13:12:30.888589 /root/study/github_repository/pbftconsensus/network/routine_dispatchMsg.go:95: [receive commit message, and prepare to resolve it]
[resolve commitMsg success]2021/11/26 13:12:30.890558 /root/study/github_repository/pbftconsensus/network/routine_resolveMsg.go:229: put reply message into broadcast channel
[dispatch PrePrepareMsg]2021/11/26 13:13:58.156467 /root/study/github_repository/pbftconsensus/network/routine_dispatchMsg.go:63: [receive preprepare message, and prepare to resolve it]
[resolve pre-prepareMsg success]2021/11/26 13:13:58.180300 /root/study/github_repository/pbftconsensus/network/routine_resolveMsg.go:145: put prepare message into broadcast channel
[dispatch PrepareMsg]2021/11/26 13:13:59.734105 /root/study/github_repository/pbftconsensus/network/routine_dispatchMsg.go:80: [receive prepare message, and prepare to resolve it]
[dispatch PrepareMsg]2021/11/26 13:13:59.812422 /root/study/github_repository/pbftconsensus/network/routine_dispatchMsg.go:80: [receive prepare message, and prepare to resolve it]
[dispatch PrepareMsg]2021/11/26 13:13:59.901633 /root/study/github_repository/pbftconsensus/network/routine_dispatchMsg.go:80: [receive prepare message, and prepare to resolve it]
[dispatch PrepareMsg]2021/11/26 13:13:59.913061 /root/study/github_repository/pbftconsensus/network/routine_dispatchMsg.go:80: [receive prepare message, and prepare to resolve it]
[resolve prepareMsg success]2021/11/26 13:13:59.932323 /root/study/github_repository/pbftconsensus/network/routine_resolveMsg.go:183: put commit message into broadcast channel
[dispatch PrepareMsg]2021/11/26 13:13:59.935871 /root/study/github_repository/pbftconsensus/network/routine_dispatchMsg.go:80: [receive prepare message, and prepare to resolve it]
[dispatch PrepareMsg]2021/11/26 13:14:00.068090 /root/study/github_repository/pbftconsensus/network/routine_dispatchMsg.go:80: [receive prepare message, and prepare to resolve it]
[dispatch PrepareMsg]2021/11/26 13:14:00.126034 /root/study/github_repository/pbftconsensus/network/routine_dispatchMsg.go:80: [receive prepare message, and prepare to resolve it]
[dispatch PrepareMsg]2021/11/26 13:14:00.262929 /root/study/github_repository/pbftconsensus/network/routine_dispatchMsg.go:80: [receive prepare message, and prepare to resolve it]
[dispatch PrepareMsg]2021/11/26 13:14:00.598713 /root/study/github_repository/pbftconsensus/network/routine_dispatchMsg.go:80: [receive prepare message, and prepare to resolve it]
[dispatch PrepareMsg]2021/11/26 13:14:00.631442 /root/study/github_repository/pbftconsensus/network/routine_dispatchMsg.go:80: [receive prepare message, and prepare to resolve it]
[dispatch CommitMsg]2021/11/26 13:14:00.680353 /root/study/github_repository/pbftconsensus/network/routine_dispatchMsg.go:95: [receive commit message, and prepare to resolve it]
[dispatch CommitMsg]2021/11/26 13:14:00.771726 /root/study/github_repository/pbftconsensus/network/routine_dispatchMsg.go:95: [receive commit message, and prepare to resolve it]
[dispatch CommitMsg]2021/11/26 13:14:00.799992 /root/study/github_repository/pbftconsensus/network/routine_dispatchMsg.go:95: [receive commit message, and prepare to resolve it]
[resolve commitMsg success]2021/11/26 13:14:00.801533 /root/study/github_repository/pbftconsensus/network/routine_resolveMsg.go:229: put reply message into broadcast channel
[dispatch CommitMsg]2021/11/26 13:14:00.801845 /root/study/github_repository/pbftconsensus/network/routine_dispatchMsg.go:95: [receive commit message, and prepare to resolve it]
[dispatch PrePrepareMsg]2021/11/26 13:15:14.372922 /root/study/github_repository/pbftconsensus/network/routine_dispatchMsg.go:63: [receive preprepare message, and prepare to resolve it]
[resolve pre-prepareMsg success]2021/11/26 13:15:14.398728 /root/study/github_repository/pbftconsensus/network/routine_resolveMsg.go:145: put prepare message into broadcast channel
[resolve prepareMsg success]2021/11/26 13:15:17.103142 /root/study/github_repository/pbftconsensus/network/routine_resolveMsg.go:183: put commit message into broadcast channel
[dispatch PrepareMsg]2021/11/26 13:15:17.260613 /root/study/github_repository/pbftconsensus/network/routine_dispatchMsg.go:80: [receive prepare message, and prepare to resolve it]
[dispatch PrepareMsg]2021/11/26 13:15:17.354488 /root/study/github_repository/pbftconsensus/network/routine_dispatchMsg.go:80: [receive prepare message, and prepare to resolve it]
[dispatch PrepareMsg]2021/11/26 13:15:17.407715 /root/study/github_repository/pbftconsensus/network/routine_dispatchMsg.go:80: [receive prepare message, and prepare to resolve it]
[dispatch PrepareMsg]2021/11/26 13:15:17.464343 /root/study/github_repository/pbftconsensus/network/routine_dispatchMsg.go:80: [receive prepare message, and prepare to resolve it]
[dispatch PrepareMsg]2021/11/26 13:15:17.476457 /root/study/github_repository/pbftconsensus/network/routine_dispatchMsg.go:80: [receive prepare message, and prepare to resolve it]
[dispatch PrepareMsg]2021/11/26 13:15:17.494933 /root/study/github_repository/pbftconsensus/network/routine_dispatchMsg.go:80: [receive prepare message, and prepare to resolve it]
[dispatch PrepareMsg]2021/11/26 13:15:17.565973 /root/study/github_repository/pbftconsensus/network/routine_dispatchMsg.go:80: [receive prepare message, and prepare to resolve it]
[dispatch CommitMsg]2021/11/26 13:15:17.780092 /root/study/github_repository/pbftconsensus/network/routine_dispatchMsg.go:95: [receive commit message, and prepare to resolve it]
[dispatch CommitMsg]2021/11/26 13:15:17.795635 /root/study/github_repository/pbftconsensus/network/routine_dispatchMsg.go:95: [receive commit message, and prepare to resolve it]
[dispatch PrePrepareMsg]2021/11/26 13:15:17.797833 /root/study/github_repository/pbftconsensus/network/routine_dispatchMsg.go:63: [receive preprepare message, and prepare to resolve it]
[resolve pre-prepareMsg success]2021/11/26 13:15:17.820956 /root/study/github_repository/pbftconsensus/network/routine_resolveMsg.go:145: put prepare message into broadcast channel
[dispatch PrepareMsg]2021/11/26 13:15:18.312687 /root/study/github_repository/pbftconsensus/network/routine_dispatchMsg.go:80: [receive prepare message, and prepare to resolve it]
[dispatch PrepareMsg]2021/11/26 13:15:18.375001 /root/study/github_repository/pbftconsensus/network/routine_dispatchMsg.go:80: [receive prepare message, and prepare to resolve it]
[dispatch PrepareMsg]2021/11/26 13:15:18.527175 /root/study/github_repository/pbftconsensus/network/routine_dispatchMsg.go:80: [receive prepare message, and prepare to resolve it]
[resolve prepareMsg success]2021/11/26 13:15:18.545477 /root/study/github_repository/pbftconsensus/network/routine_resolveMsg.go:183: put commit message into broadcast channel
[dispatch PrepareMsg]2021/11/26 13:15:18.597189 /root/study/github_repository/pbftconsensus/network/routine_dispatchMsg.go:80: [receive prepare message, and prepare to resolve it]
[dispatch CommitMsg]2021/11/26 13:15:18.944125 /root/study/github_repository/pbftconsensus/network/routine_dispatchMsg.go:95: [receive commit message, and prepare to resolve it]
[resolve commitMsg success]2021/11/26 13:15:18.962794 /root/study/github_repository/pbftconsensus/network/routine_resolveMsg.go:229: put reply message into broadcast channel
[dispatch PrePrepareMsg]2021/11/26 13:16:56.803185 /root/study/github_repository/pbftconsensus/network/routine_dispatchMsg.go:63: [receive preprepare message, and prepare to resolve it]
[resolve pre-prepareMsg success]2021/11/26 13:16:56.829148 /root/study/github_repository/pbftconsensus/network/routine_resolveMsg.go:145: put prepare message into broadcast channel
[dispatch PrepareMsg]2021/11/26 13:16:57.596105 /root/study/github_repository/pbftconsensus/network/routine_dispatchMsg.go:80: [receive prepare message, and prepare to resolve it]
[dispatch PrepareMsg]2021/11/26 13:16:57.665970 /root/study/github_repository/pbftconsensus/network/routine_dispatchMsg.go:80: [receive prepare message, and prepare to resolve it]
[dispatch PrepareMsg]2021/11/26 13:16:57.711293 /root/study/github_repository/pbftconsensus/network/routine_dispatchMsg.go:80: [receive prepare message, and prepare to resolve it]
[dispatch PrepareMsg]2021/11/26 13:16:57.721006 /root/study/github_repository/pbftconsensus/network/routine_dispatchMsg.go:80: [receive prepare message, and prepare to resolve it]
[dispatch PrepareMsg]2021/11/26 13:16:57.769959 /root/study/github_repository/pbftconsensus/network/routine_dispatchMsg.go:80: [receive prepare message, and prepare to resolve it]
[dispatch PrepareMsg]2021/11/26 13:16:57.905872 /root/study/github_repository/pbftconsensus/network/routine_dispatchMsg.go:80: [receive prepare message, and prepare to resolve it]
[dispatch PrepareMsg]2021/11/26 13:16:58.017310 /root/study/github_repository/pbftconsensus/network/routine_dispatchMsg.go:80: [receive prepare message, and prepare to resolve it]
[dispatch PrepareMsg]2021/11/26 13:16:58.072565 /root/study/github_repository/pbftconsensus/network/routine_dispatchMsg.go:80: [receive prepare message, and prepare to resolve it]
[dispatch PrepareMsg]2021/11/26 13:16:58.074338 /root/study/github_repository/pbftconsensus/network/routine_dispatchMsg.go:80: [receive prepare message, and prepare to resolve it]
[dispatch PrepareMsg]2021/11/26 13:16:58.295302 /root/study/github_repository/pbftconsensus/network/routine_dispatchMsg.go:80: [receive prepare message, and prepare to resolve it]
[resolve prepareMsg success]2021/11/26 13:16:58.314856 /root/study/github_repository/pbftconsensus/network/routine_resolveMsg.go:183: put commit message into broadcast channel
[dispatch PrepareMsg]2021/11/26 13:16:58.376670 /root/study/github_repository/pbftconsensus/network/routine_dispatchMsg.go:80: [receive prepare message, and prepare to resolve it]
[dispatch PrepareMsg]2021/11/26 13:16:58.415867 /root/study/github_repository/pbftconsensus/network/routine_dispatchMsg.go:80: [receive prepare message, and prepare to resolve it]
[dispatch PrepareMsg]2021/11/26 13:16:58.552000 /root/study/github_repository/pbftconsensus/network/routine_dispatchMsg.go:80: [receive prepare message, and prepare to resolve it]
[dispatch PrepareMsg]2021/11/26 13:16:58.601525 /root/study/github_repository/pbftconsensus/network/routine_dispatchMsg.go:80: [receive prepare message, and prepare to resolve it]
[dispatch PrepareMsg]2021/11/26 13:16:58.650155 /root/study/github_repository/pbftconsensus/network/routine_dispatchMsg.go:80: [receive prepare message, and prepare to resolve it]
[dispatch CommitMsg]2021/11/26 13:16:58.842164 /root/study/github_repository/pbftconsensus/network/routine_dispatchMsg.go:95: [receive commit message, and prepare to resolve it]
[dispatch CommitMsg]2021/11/26 13:16:58.890943 /root/study/github_repository/pbftconsensus/network/routine_dispatchMsg.go:95: [receive commit message, and prepare to resolve it]
[dispatch CommitMsg]2021/11/26 13:16:58.893689 /root/study/github_repository/pbftconsensus/network/routine_dispatchMsg.go:95: [receive commit message, and prepare to resolve it]
[dispatch CommitMsg]2021/11/26 13:16:58.895063 /root/study/github_repository/pbftconsensus/network/routine_dispatchMsg.go:95: [receive commit message, and prepare to resolve it]
[resolve commitMsg success]2021/11/26 13:16:58.896649 /root/study/github_repository/pbftconsensus/network/routine_resolveMsg.go:229: put reply message into broadcast channel
[dispatch PrePrepareMsg]2021/11/26 13:17:32.827650 /root/study/github_repository/pbftconsensus/network/routine_dispatchMsg.go:63: [receive preprepare message, and prepare to resolve it]
[resolve pre-prepareMsg success]2021/11/26 13:17:32.852608 /root/study/github_repository/pbftconsensus/network/routine_resolveMsg.go:145: put prepare message into broadcast channel
[dispatch PrepareMsg]2021/11/26 13:17:33.077367 /root/study/github_repository/pbftconsensus/network/routine_dispatchMsg.go:80: [receive prepare message, and prepare to resolve it]
[dispatch PrepareMsg]2021/11/26 13:17:33.152852 /root/study/github_repository/pbftconsensus/network/routine_dispatchMsg.go:80: [receive prepare message, and prepare to resolve it]
[dispatch PrepareMsg]2021/11/26 13:17:33.188085 /root/study/github_repository/pbftconsensus/network/routine_dispatchMsg.go:80: [receive prepare message, and prepare to resolve it]
[dispatch PrepareMsg]2021/11/26 13:17:33.249377 /root/study/github_repository/pbftconsensus/network/routine_dispatchMsg.go:80: [receive prepare message, and prepare to resolve it]
[dispatch PrepareMsg]2021/11/26 13:17:33.297553 /root/study/github_repository/pbftconsensus/network/routine_dispatchMsg.go:80: [receive prepare message, and prepare to resolve it]
[dispatch PrepareMsg]2021/11/26 13:17:33.319970 /root/study/github_repository/pbftconsensus/network/routine_dispatchMsg.go:80: [receive prepare message, and prepare to resolve it]
[dispatch PrepareMsg]2021/11/26 13:17:33.331088 /root/study/github_repository/pbftconsensus/network/routine_dispatchMsg.go:80: [receive prepare message, and prepare to resolve it]
[dispatch PrepareMsg]2021/11/26 13:17:33.386304 /root/study/github_repository/pbftconsensus/network/routine_dispatchMsg.go:80: [receive prepare message, and prepare to resolve it]
[dispatch PrepareMsg]2021/11/26 13:17:33.450130 /root/study/github_repository/pbftconsensus/network/routine_dispatchMsg.go:80: [receive prepare message, and prepare to resolve it]
[resolve prepareMsg success]2021/11/26 13:17:33.468613 /root/study/github_repository/pbftconsensus/network/routine_resolveMsg.go:183: put commit message into broadcast channel
[dispatch PrepareMsg]2021/11/26 13:17:33.468789 /root/study/github_repository/pbftconsensus/network/routine_dispatchMsg.go:80: [receive prepare message, and prepare to resolve it]
[dispatch PrepareMsg]2021/11/26 13:17:33.475247 /root/study/github_repository/pbftconsensus/network/routine_dispatchMsg.go:80: [receive prepare message, and prepare to resolve it]
[dispatch PrepareMsg]2021/11/26 13:17:33.489391 /root/study/github_repository/pbftconsensus/network/routine_dispatchMsg.go:80: [receive prepare message, and prepare to resolve it]
[dispatch PrepareMsg]2021/11/26 13:17:33.638847 /root/study/github_repository/pbftconsensus/network/routine_dispatchMsg.go:80: [receive prepare message, and prepare to resolve it]
[dispatch PrepareMsg]2021/11/26 13:17:33.668312 /root/study/github_repository/pbftconsensus/network/routine_dispatchMsg.go:80: [receive prepare message, and prepare to resolve it]
[dispatch PrepareMsg]2021/11/26 13:17:33.686119 /root/study/github_repository/pbftconsensus/network/routine_dispatchMsg.go:80: [receive prepare message, and prepare to resolve it]
[dispatch PrepareMsg]2021/11/26 13:17:33.843023 /root/study/github_repository/pbftconsensus/network/routine_dispatchMsg.go:80: [receive prepare message, and prepare to resolve it]
[dispatch CommitMsg]2021/11/26 13:17:33.922273 /root/study/github_repository/pbftconsensus/network/routine_dispatchMsg.go:95: [receive commit message, and prepare to resolve it]
[dispatch CommitMsg]2021/11/26 13:17:33.942793 /root/study/github_repository/pbftconsensus/network/routine_dispatchMsg.go:95: [receive commit message, and prepare to resolve it]
[resolve commitMsg success]2021/11/26 13:17:33.944143 /root/study/github_repository/pbftconsensus/network/routine_resolveMsg.go:229: put reply message into broadcast channel
[dispatch PrePrepareMsg]2021/11/26 13:18:08.854901 /root/study/github_repository/pbftconsensus/network/routine_dispatchMsg.go:63: [receive preprepare message, and prepare to resolve it]
[resolve pre-prepareMsg success]2021/11/26 13:18:08.880041 /root/study/github_repository/pbftconsensus/network/routine_resolveMsg.go:145: put prepare message into broadcast channel
[dispatch PrepareMsg]2021/11/26 13:18:09.898926 /root/study/github_repository/pbftconsensus/network/routine_dispatchMsg.go:80: [receive prepare message, and prepare to resolve it]
[dispatch PrepareMsg]2021/11/26 13:18:09.915084 /root/study/github_repository/pbftconsensus/network/routine_dispatchMsg.go:80: [receive prepare message, and prepare to resolve it]
[dispatch PrepareMsg]2021/11/26 13:18:10.055052 /root/study/github_repository/pbftconsensus/network/routine_dispatchMsg.go:80: [receive prepare message, and prepare to resolve it]
[dispatch PrepareMsg]2021/11/26 13:18:10.108168 /root/study/github_repository/pbftconsensus/network/routine_dispatchMsg.go:80: [receive prepare message, and prepare to resolve it]
[dispatch PrepareMsg]2021/11/26 13:18:10.125897 /root/study/github_repository/pbftconsensus/network/routine_dispatchMsg.go:80: [receive prepare message, and prepare to resolve it]
[dispatch PrepareMsg]2021/11/26 13:18:10.129775 /root/study/github_repository/pbftconsensus/network/routine_dispatchMsg.go:80: [receive prepare message, and prepare to resolve it]
[dispatch PrepareMsg]2021/11/26 13:18:10.283846 /root/study/github_repository/pbftconsensus/network/routine_dispatchMsg.go:80: [receive prepare message, and prepare to resolve it]
[dispatch PrepareMsg]2021/11/26 13:18:10.314612 /root/study/github_repository/pbftconsensus/network/routine_dispatchMsg.go:80: [receive prepare message, and prepare to resolve it]
[dispatch PrepareMsg]2021/11/26 13:18:10.338844 /root/study/github_repository/pbftconsensus/network/routine_dispatchMsg.go:80: [receive prepare message, and prepare to resolve it]
[resolve prepareMsg success]2021/11/26 13:18:10.360612 /root/study/github_repository/pbftconsensus/network/routine_resolveMsg.go:183: put commit message into broadcast channel
[dispatch PrepareMsg]2021/11/26 13:18:10.386302 /root/study/github_repository/pbftconsensus/network/routine_dispatchMsg.go:80: [receive prepare message, and prepare to resolve it]
[dispatch PrepareMsg]2021/11/26 13:18:10.448847 /root/study/github_repository/pbftconsensus/network/routine_dispatchMsg.go:80: [receive prepare message, and prepare to resolve it]
[dispatch PrepareMsg]2021/11/26 13:18:10.458250 /root/study/github_repository/pbftconsensus/network/routine_dispatchMsg.go:80: [receive prepare message, and prepare to resolve it]
[dispatch PrepareMsg]2021/11/26 13:18:10.506904 /root/study/github_repository/pbftconsensus/network/routine_dispatchMsg.go:80: [receive prepare message, and prepare to resolve it]
[dispatch PrepareMsg]2021/11/26 13:18:10.541106 /root/study/github_repository/pbftconsensus/network/routine_dispatchMsg.go:80: [receive prepare message, and prepare to resolve it]
[dispatch PrepareMsg]2021/11/26 13:18:10.616493 /root/study/github_repository/pbftconsensus/network/routine_dispatchMsg.go:80: [receive prepare message, and prepare to resolve it]
[dispatch PrepareMsg]2021/11/26 13:18:10.618447 /root/study/github_repository/pbftconsensus/network/routine_dispatchMsg.go:80: [receive prepare message, and prepare to resolve it]
[resolve commitMsg success]2021/11/26 13:18:11.031032 /root/study/github_repository/pbftconsensus/network/routine_resolveMsg.go:229: put reply message into broadcast channel
[dispatch PrePrepareMsg]2021/11/26 13:18:24.645666 /root/study/github_repository/pbftconsensus/network/routine_dispatchMsg.go:63: [receive preprepare message, and prepare to resolve it]
[resolve pre-prepareMsg success]2021/11/26 13:18:24.670715 /root/study/github_repository/pbftconsensus/network/routine_resolveMsg.go:145: put prepare message into broadcast channel
[dispatch PrepareMsg]2021/11/26 13:18:25.043954 /root/study/github_repository/pbftconsensus/network/routine_dispatchMsg.go:80: [receive prepare message, and prepare to resolve it]
[dispatch PrepareMsg]2021/11/26 13:18:25.074136 /root/study/github_repository/pbftconsensus/network/routine_dispatchMsg.go:80: [receive prepare message, and prepare to resolve it]
[resolve prepareMsg success]2021/11/26 13:18:25.093172 /root/study/github_repository/pbftconsensus/network/routine_resolveMsg.go:183: put commit message into broadcast channel
[dispatch PrepareMsg]2021/11/26 13:18:25.104745 /root/study/github_repository/pbftconsensus/network/routine_dispatchMsg.go:80: [receive prepare message, and prepare to resolve it]
[dispatch PrepareMsg]2021/11/26 13:18:25.119995 /root/study/github_repository/pbftconsensus/network/routine_dispatchMsg.go:80: [receive prepare message, and prepare to resolve it]
[dispatch PrepareMsg]2021/11/26 13:18:25.176182 /root/study/github_repository/pbftconsensus/network/routine_dispatchMsg.go:80: [receive prepare message, and prepare to resolve it]
[dispatch PrepareMsg]2021/11/26 13:18:25.264394 /root/study/github_repository/pbftconsensus/network/routine_dispatchMsg.go:80: [receive prepare message, and prepare to resolve it]
[dispatch PrepareMsg]2021/11/26 13:18:25.314707 /root/study/github_repository/pbftconsensus/network/routine_dispatchMsg.go:80: [receive prepare message, and prepare to resolve it]
[dispatch PrepareMsg]2021/11/26 13:18:25.454758 /root/study/github_repository/pbftconsensus/network/routine_dispatchMsg.go:80: [receive prepare message, and prepare to resolve it]
[dispatch PrepareMsg]2021/11/26 13:18:25.483431 /root/study/github_repository/pbftconsensus/network/routine_dispatchMsg.go:80: [receive prepare message, and prepare to resolve it]
[dispatch CommitMsg]2021/11/26 13:18:25.639569 /root/study/github_repository/pbftconsensus/network/routine_dispatchMsg.go:95: [receive commit message, and prepare to resolve it]
[resolve commitMsg success]2021/11/26 13:18:25.661394 /root/study/github_repository/pbftconsensus/network/routine_resolveMsg.go:229: put reply message into broadcast channel
[dispatch CommitMsg]2021/11/26 13:18:25.661590 /root/study/github_repository/pbftconsensus/network/routine_dispatchMsg.go:95: [receive commit message, and prepare to resolve it]
[dispatch PrePrepareMsg]2021/11/26 13:18:39.219320 /root/study/github_repository/pbftconsensus/network/routine_dispatchMsg.go:63: [receive preprepare message, and prepare to resolve it]
[resolve pre-prepareMsg success]2021/11/26 13:18:39.244899 /root/study/github_repository/pbftconsensus/network/routine_resolveMsg.go:145: put prepare message into broadcast channel
[dispatch PrepareMsg]2021/11/26 13:18:39.528744 /root/study/github_repository/pbftconsensus/network/routine_dispatchMsg.go:80: [receive prepare message, and prepare to resolve it]
[resolve prepareMsg success]2021/11/26 13:18:39.564020 /root/study/github_repository/pbftconsensus/network/routine_resolveMsg.go:183: put commit message into broadcast channel
[dispatch PrepareMsg]2021/11/26 13:18:39.564897 /root/study/github_repository/pbftconsensus/network/routine_dispatchMsg.go:80: [receive prepare message, and prepare to resolve it]
[dispatch PrepareMsg]2021/11/26 13:18:39.685989 /root/study/github_repository/pbftconsensus/network/routine_dispatchMsg.go:80: [receive prepare message, and prepare to resolve it]
[dispatch PrepareMsg]2021/11/26 13:18:39.753058 /root/study/github_repository/pbftconsensus/network/routine_dispatchMsg.go:80: [receive prepare message, and prepare to resolve it]
[dispatch PrepareMsg]2021/11/26 13:18:39.788974 /root/study/github_repository/pbftconsensus/network/routine_dispatchMsg.go:80: [receive prepare message, and prepare to resolve it]
[dispatch PrepareMsg]2021/11/26 13:18:39.843122 /root/study/github_repository/pbftconsensus/network/routine_dispatchMsg.go:80: [receive prepare message, and prepare to resolve it]
[dispatch PrepareMsg]2021/11/26 13:18:39.963370 /root/study/github_repository/pbftconsensus/network/routine_dispatchMsg.go:80: [receive prepare message, and prepare to resolve it]
[dispatch PrepareMsg]2021/11/26 13:18:39.965509 /root/study/github_repository/pbftconsensus/network/routine_dispatchMsg.go:80: [receive prepare message, and prepare to resolve it]
[resolve commitMsg success]2021/11/26 13:18:40.191281 /root/study/github_repository/pbftconsensus/network/routine_resolveMsg.go:229: put reply message into broadcast channel
[dispatch PrePrepareMsg]2021/11/26 13:18:50.873723 /root/study/github_repository/pbftconsensus/network/routine_dispatchMsg.go:63: [receive preprepare message, and prepare to resolve it]
[resolve pre-prepareMsg success]2021/11/26 13:18:50.899228 /root/study/github_repository/pbftconsensus/network/routine_resolveMsg.go:145: put prepare message into broadcast channel
[dispatch PrepareMsg]2021/11/26 13:18:51.103254 /root/study/github_repository/pbftconsensus/network/routine_dispatchMsg.go:80: [receive prepare message, and prepare to resolve it]
[dispatch PrepareMsg]2021/11/26 13:18:51.116450 /root/study/github_repository/pbftconsensus/network/routine_dispatchMsg.go:80: [receive prepare message, and prepare to resolve it]
[dispatch PrepareMsg]2021/11/26 13:18:51.126816 /root/study/github_repository/pbftconsensus/network/routine_dispatchMsg.go:80: [receive prepare message, and prepare to resolve it]
[dispatch PrepareMsg]2021/11/26 13:18:51.130333 /root/study/github_repository/pbftconsensus/network/routine_dispatchMsg.go:80: [receive prepare message, and prepare to resolve it]
[dispatch PrepareMsg]2021/11/26 13:18:51.131330 /root/study/github_repository/pbftconsensus/network/routine_dispatchMsg.go:80: [receive prepare message, and prepare to resolve it]
[dispatch PrepareMsg]2021/11/26 13:18:51.162867 /root/study/github_repository/pbftconsensus/network/routine_dispatchMsg.go:80: [receive prepare message, and prepare to resolve it]
[dispatch PrepareMsg]2021/11/26 13:18:51.172895 /root/study/github_repository/pbftconsensus/network/routine_dispatchMsg.go:80: [receive prepare message, and prepare to resolve it]
[dispatch PrepareMsg]2021/11/26 13:18:51.177034 /root/study/github_repository/pbftconsensus/network/routine_dispatchMsg.go:80: [receive prepare message, and prepare to resolve it]
[dispatch PrepareMsg]2021/11/26 13:18:51.354759 /root/study/github_repository/pbftconsensus/network/routine_dispatchMsg.go:80: [receive prepare message, and prepare to resolve it]
[dispatch PrepareMsg]2021/11/26 13:18:51.407044 /root/study/github_repository/pbftconsensus/network/routine_dispatchMsg.go:80: [receive prepare message, and prepare to resolve it]
[dispatch PrepareMsg]2021/11/26 13:18:51.420279 /root/study/github_repository/pbftconsensus/network/routine_dispatchMsg.go:80: [receive prepare message, and prepare to resolve it]
[dispatch PrepareMsg]2021/11/26 13:18:51.470635 /root/study/github_repository/pbftconsensus/network/routine_dispatchMsg.go:80: [receive prepare message, and prepare to resolve it]
[dispatch PrepareMsg]2021/11/26 13:18:51.493674 /root/study/github_repository/pbftconsensus/network/routine_dispatchMsg.go:80: [receive prepare message, and prepare to resolve it]
[resolve prepareMsg success]2021/11/26 13:18:51.513465 /root/study/github_repository/pbftconsensus/network/routine_resolveMsg.go:183: put commit message into broadcast channel
[dispatch PrepareMsg]2021/11/26 13:18:51.513850 /root/study/github_repository/pbftconsensus/network/routine_dispatchMsg.go:80: [receive prepare message, and prepare to resolve it]
[dispatch PrepareMsg]2021/11/26 13:18:51.516130 /root/study/github_repository/pbftconsensus/network/routine_dispatchMsg.go:80: [receive prepare message, and prepare to resolve it]
[dispatch PrepareMsg]2021/11/26 13:18:51.517291 /root/study/github_repository/pbftconsensus/network/routine_dispatchMsg.go:80: [receive prepare message, and prepare to resolve it]
[dispatch PrepareMsg]2021/11/26 13:18:51.707048 /root/study/github_repository/pbftconsensus/network/routine_dispatchMsg.go:80: [receive prepare message, and prepare to resolve it]
[dispatch PrepareMsg]2021/11/26 13:18:51.850014 /root/study/github_repository/pbftconsensus/network/routine_dispatchMsg.go:80: [receive prepare message, and prepare to resolve it]
[dispatch PrepareMsg]2021/11/26 13:18:52.051553 /root/study/github_repository/pbftconsensus/network/routine_dispatchMsg.go:80: [receive prepare message, and prepare to resolve it]
[dispatch CommitMsg]2021/11/26 13:18:52.053706 /root/study/github_repository/pbftconsensus/network/routine_dispatchMsg.go:95: [receive commit message, and prepare to resolve it]
[resolve commitMsg success]2021/11/26 13:18:52.075418 /root/study/github_repository/pbftconsensus/network/routine_resolveMsg.go:229: put reply message into broadcast channel
[dispatch PrePrepareMsg]2021/11/26 13:18:59.877984 /root/study/github_repository/pbftconsensus/network/routine_dispatchMsg.go:63: [receive preprepare message, and prepare to resolve it]
[resolve pre-prepareMsg success]2021/11/26 13:18:59.902694 /root/study/github_repository/pbftconsensus/network/routine_resolveMsg.go:145: put prepare message into broadcast channel
[dispatch PrepareMsg]2021/11/26 13:19:00.203921 /root/study/github_repository/pbftconsensus/network/routine_dispatchMsg.go:80: [receive prepare message, and prepare to resolve it]
[dispatch PrepareMsg]2021/11/26 13:19:00.267654 /root/study/github_repository/pbftconsensus/network/routine_dispatchMsg.go:80: [receive prepare message, and prepare to resolve it]
[dispatch PrepareMsg]2021/11/26 13:19:00.324551 /root/study/github_repository/pbftconsensus/network/routine_dispatchMsg.go:80: [receive prepare message, and prepare to resolve it]
[dispatch PrepareMsg]2021/11/26 13:19:00.344329 /root/study/github_repository/pbftconsensus/network/routine_dispatchMsg.go:80: [receive prepare message, and prepare to resolve it]
[dispatch PrepareMsg]2021/11/26 13:19:00.351585 /root/study/github_repository/pbftconsensus/network/routine_dispatchMsg.go:80: [receive prepare message, and prepare to resolve it]
[dispatch PrepareMsg]2021/11/26 13:19:00.362634 /root/study/github_repository/pbftconsensus/network/routine_dispatchMsg.go:80: [receive prepare message, and prepare to resolve it]
[dispatch PrepareMsg]2021/11/26 13:19:00.366057 /root/study/github_repository/pbftconsensus/network/routine_dispatchMsg.go:80: [receive prepare message, and prepare to resolve it]
[dispatch PrepareMsg]2021/11/26 13:19:00.415463 /root/study/github_repository/pbftconsensus/network/routine_dispatchMsg.go:80: [receive prepare message, and prepare to resolve it]
[dispatch PrepareMsg]2021/11/26 13:19:00.418711 /root/study/github_repository/pbftconsensus/network/routine_dispatchMsg.go:80: [receive prepare message, and prepare to resolve it]
[resolve prepareMsg success]2021/11/26 13:19:00.437377 /root/study/github_repository/pbftconsensus/network/routine_resolveMsg.go:183: put commit message into broadcast channel
[dispatch PrepareMsg]2021/11/26 13:19:00.513454 /root/study/github_repository/pbftconsensus/network/routine_dispatchMsg.go:80: [receive prepare message, and prepare to resolve it]
[dispatch PrepareMsg]2021/11/26 13:19:00.639946 /root/study/github_repository/pbftconsensus/network/routine_dispatchMsg.go:80: [receive prepare message, and prepare to resolve it]
[dispatch PrepareMsg]2021/11/26 13:19:00.642521 /root/study/github_repository/pbftconsensus/network/routine_dispatchMsg.go:80: [receive prepare message, and prepare to resolve it]
[dispatch PrepareMsg]2021/11/26 13:19:00.649481 /root/study/github_repository/pbftconsensus/network/routine_dispatchMsg.go:80: [receive prepare message, and prepare to resolve it]
[dispatch PrepareMsg]2021/11/26 13:19:00.719853 /root/study/github_repository/pbftconsensus/network/routine_dispatchMsg.go:80: [receive prepare message, and prepare to resolve it]
[dispatch PrepareMsg]2021/11/26 13:19:00.778741 /root/study/github_repository/pbftconsensus/network/routine_dispatchMsg.go:80: [receive prepare message, and prepare to resolve it]
[dispatch PrepareMsg]2021/11/26 13:19:00.847560 /root/study/github_repository/pbftconsensus/network/routine_dispatchMsg.go:80: [receive prepare message, and prepare to resolve it]
[resolve commitMsg success]2021/11/26 13:19:00.897710 /root/study/github_repository/pbftconsensus/network/routine_resolveMsg.go:229: put reply message into broadcast channel
[dispatch PrePrepareMsg]2021/11/26 13:19:15.257600 /root/study/github_repository/pbftconsensus/network/routine_dispatchMsg.go:63: [receive preprepare message, and prepare to resolve it]
[resolve pre-prepareMsg success]2021/11/26 13:19:15.282802 /root/study/github_repository/pbftconsensus/network/routine_resolveMsg.go:145: put prepare message into broadcast channel
[dispatch PrepareMsg]2021/11/26 13:19:15.673797 /root/study/github_repository/pbftconsensus/network/routine_dispatchMsg.go:80: [receive prepare message, and prepare to resolve it]
[resolve prepareMsg success]2021/11/26 13:19:15.711749 /root/study/github_repository/pbftconsensus/network/routine_resolveMsg.go:183: put commit message into broadcast channel
[dispatch PrepareMsg]2021/11/26 13:19:15.847560 /root/study/github_repository/pbftconsensus/network/routine_dispatchMsg.go:80: [receive prepare message, and prepare to resolve it]
[dispatch PrepareMsg]2021/11/26 13:19:16.053038 /root/study/github_repository/pbftconsensus/network/routine_dispatchMsg.go:80: [receive prepare message, and prepare to resolve it]
[dispatch PrepareMsg]2021/11/26 13:19:16.118047 /root/study/github_repository/pbftconsensus/network/routine_dispatchMsg.go:80: [receive prepare message, and prepare to resolve it]
[dispatch PrepareMsg]2021/11/26 13:19:16.120722 /root/study/github_repository/pbftconsensus/network/routine_dispatchMsg.go:80: [receive prepare message, and prepare to resolve it]
[dispatch PrepareMsg]2021/11/26 13:19:16.122795 /root/study/github_repository/pbftconsensus/network/routine_dispatchMsg.go:80: [receive prepare message, and prepare to resolve it]
[dispatch PrepareMsg]2021/11/26 13:19:16.171298 /root/study/github_repository/pbftconsensus/network/routine_dispatchMsg.go:80: [receive prepare message, and prepare to resolve it]
[dispatch CommitMsg]2021/11/26 13:19:16.273984 /root/study/github_repository/pbftconsensus/network/routine_dispatchMsg.go:95: [receive commit message, and prepare to resolve it]
[resolve commitMsg success]2021/11/26 13:19:16.297729 /root/study/github_repository/pbftconsensus/network/routine_resolveMsg.go:229: put reply message into broadcast channel
[dispatch PrePrepareMsg]2021/11/26 13:19:24.524469 /root/study/github_repository/pbftconsensus/network/routine_dispatchMsg.go:63: [receive preprepare message, and prepare to resolve it]
[resolve pre-prepareMsg success]2021/11/26 13:19:24.553643 /root/study/github_repository/pbftconsensus/network/routine_resolveMsg.go:145: put prepare message into broadcast channel
[dispatch PrepareMsg]2021/11/26 13:19:25.081112 /root/study/github_repository/pbftconsensus/network/routine_dispatchMsg.go:80: [receive prepare message, and prepare to resolve it]
[resolve prepareMsg success]2021/11/26 13:19:25.121131 /root/study/github_repository/pbftconsensus/network/routine_resolveMsg.go:183: put commit message into broadcast channel
[dispatch CommitMsg]2021/11/26 13:19:25.531206 /root/study/github_repository/pbftconsensus/network/routine_dispatchMsg.go:95: [receive commit message, and prepare to resolve it]
[resolve commitMsg success]2021/11/26 13:19:25.553824 /root/study/github_repository/pbftconsensus/network/routine_resolveMsg.go:229: put reply message into broadcast channel
[dispatch PrePrepareMsg]2021/11/26 13:19:32.893510 /root/study/github_repository/pbftconsensus/network/routine_dispatchMsg.go:63: [receive preprepare message, and prepare to resolve it]
[resolve pre-prepareMsg success]2021/11/26 13:19:32.918407 /root/study/github_repository/pbftconsensus/network/routine_resolveMsg.go:145: put prepare message into broadcast channel
[dispatch PrepareMsg]2021/11/26 13:19:33.109837 /root/study/github_repository/pbftconsensus/network/routine_dispatchMsg.go:80: [receive prepare message, and prepare to resolve it]
[dispatch PrepareMsg]2021/11/26 13:19:33.112042 /root/study/github_repository/pbftconsensus/network/routine_dispatchMsg.go:80: [receive prepare message, and prepare to resolve it]
[dispatch PrepareMsg]2021/11/26 13:19:33.167590 /root/study/github_repository/pbftconsensus/network/routine_dispatchMsg.go:80: [receive prepare message, and prepare to resolve it]
[dispatch PrepareMsg]2021/11/26 13:19:33.191744 /root/study/github_repository/pbftconsensus/network/routine_dispatchMsg.go:80: [receive prepare message, and prepare to resolve it]
[dispatch PrepareMsg]2021/11/26 13:19:33.212747 /root/study/github_repository/pbftconsensus/network/routine_dispatchMsg.go:80: [receive prepare message, and prepare to resolve it]
[dispatch PrepareMsg]2021/11/26 13:19:33.222658 /root/study/github_repository/pbftconsensus/network/routine_dispatchMsg.go:80: [receive prepare message, and prepare to resolve it]
[dispatch PrepareMsg]2021/11/26 13:19:33.239886 /root/study/github_repository/pbftconsensus/network/routine_dispatchMsg.go:80: [receive prepare message, and prepare to resolve it]
[dispatch PrepareMsg]2021/11/26 13:19:33.251115 /root/study/github_repository/pbftconsensus/network/routine_dispatchMsg.go:80: [receive prepare message, and prepare to resolve it]
[dispatch PrepareMsg]2021/11/26 13:19:33.268647 /root/study/github_repository/pbftconsensus/network/routine_dispatchMsg.go:80: [receive prepare message, and prepare to resolve it]
[dispatch PrepareMsg]2021/11/26 13:19:33.270409 /root/study/github_repository/pbftconsensus/network/routine_dispatchMsg.go:80: [receive prepare message, and prepare to resolve it]
[dispatch PrepareMsg]2021/11/26 13:19:33.324322 /root/study/github_repository/pbftconsensus/network/routine_dispatchMsg.go:80: [receive prepare message, and prepare to resolve it]
[resolve prepareMsg success]2021/11/26 13:19:33.343170 /root/study/github_repository/pbftconsensus/network/routine_resolveMsg.go:183: put commit message into broadcast channel
[dispatch PrepareMsg]2021/11/26 13:19:33.450738 /root/study/github_repository/pbftconsensus/network/routine_dispatchMsg.go:80: [receive prepare message, and prepare to resolve it]
[dispatch PrepareMsg]2021/11/26 13:19:33.506372 /root/study/github_repository/pbftconsensus/network/routine_dispatchMsg.go:80: [receive prepare message, and prepare to resolve it]
[dispatch PrepareMsg]2021/11/26 13:19:33.541024 /root/study/github_repository/pbftconsensus/network/routine_dispatchMsg.go:80: [receive prepare message, and prepare to resolve it]
[dispatch PrepareMsg]2021/11/26 13:19:33.613240 /root/study/github_repository/pbftconsensus/network/routine_dispatchMsg.go:80: [receive prepare message, and prepare to resolve it]
[dispatch PrepareMsg]2021/11/26 13:19:33.615755 /root/study/github_repository/pbftconsensus/network/routine_dispatchMsg.go:80: [receive prepare message, and prepare to resolve it]
[dispatch CommitMsg]2021/11/26 13:19:33.779280 /root/study/github_repository/pbftconsensus/network/routine_dispatchMsg.go:95: [receive commit message, and prepare to resolve it]
[dispatch CommitMsg]2021/11/26 13:19:33.797765 /root/study/github_repository/pbftconsensus/network/routine_dispatchMsg.go:95: [receive commit message, and prepare to resolve it]
[dispatch CommitMsg]2021/11/26 13:19:33.878898 /root/study/github_repository/pbftconsensus/network/routine_dispatchMsg.go:95: [receive commit message, and prepare to resolve it]
[dispatch CommitMsg]2021/11/26 13:19:33.898781 /root/study/github_repository/pbftconsensus/network/routine_dispatchMsg.go:95: [receive commit message, and prepare to resolve it]
[resolve commitMsg success]2021/11/26 13:19:33.901221 /root/study/github_repository/pbftconsensus/network/routine_resolveMsg.go:229: put reply message into broadcast channel
[dispatch CommitMsg]2021/11/26 13:19:33.901705 /root/study/github_repository/pbftconsensus/network/routine_dispatchMsg.go:95: [receive commit message, and prepare to resolve it]
