[dispatch PrePrepareMsg]2021/10/17 16:51:50.300530 /root/study/github_repository/pbftconsensus/network/routine_dispatchMsg.go:63: [receive preprepare message, and prepare to resolve it]
[resolve pre-prepareMsg success]2021/10/17 16:51:50.333471 /root/study/github_repository/pbftconsensus/network/routine_resolveMsg.go:145: put prepare message into broadcast channel
[dispatch PrepareMsg]2021/10/17 16:51:50.360144 /root/study/github_repository/pbftconsensus/network/routine_dispatchMsg.go:80: [receive prepare message, and prepare to resolve it]
[dispatch PrepareMsg]2021/10/17 16:51:50.496954 /root/study/github_repository/pbftconsensus/network/routine_dispatchMsg.go:80: [receive prepare message, and prepare to resolve it]
[dispatch PrepareMsg]2021/10/17 16:51:50.506264 /root/study/github_repository/pbftconsensus/network/routine_dispatchMsg.go:80: [receive prepare message, and prepare to resolve it]
[dispatch PrepareMsg]2021/10/17 16:51:50.516973 /root/study/github_repository/pbftconsensus/network/routine_dispatchMsg.go:80: [receive prepare message, and prepare to resolve it]
[dispatch PrepareMsg]2021/10/17 16:51:50.524533 /root/study/github_repository/pbftconsensus/network/routine_dispatchMsg.go:80: [receive prepare message, and prepare to resolve it]
[dispatch PrepareMsg]2021/10/17 16:51:50.535211 /root/study/github_repository/pbftconsensus/network/routine_dispatchMsg.go:80: [receive prepare message, and prepare to resolve it]
[resolve prepareMsg success]2021/10/17 16:51:50.569739 /root/study/github_repository/pbftconsensus/network/routine_resolveMsg.go:183: put commit message into broadcast channel
[dispatch PrepareMsg]2021/10/17 16:51:50.569920 /root/study/github_repository/pbftconsensus/network/routine_dispatchMsg.go:80: [receive prepare message, and prepare to resolve it]
[dispatch CommitMsg]2021/10/17 16:51:50.579285 /root/study/github_repository/pbftconsensus/network/routine_dispatchMsg.go:95: [receive commit message, and prepare to resolve it]
[dispatch CommitMsg]2021/10/17 16:51:50.588585 /root/study/github_repository/pbftconsensus/network/routine_dispatchMsg.go:95: [receive commit message, and prepare to resolve it]
[dispatch CommitMsg]2021/10/17 16:51:50.600053 /root/study/github_repository/pbftconsensus/network/routine_dispatchMsg.go:95: [receive commit message, and prepare to resolve it]
[dispatch CommitMsg]2021/10/17 16:51:50.612332 /root/study/github_repository/pbftconsensus/network/routine_dispatchMsg.go:95: [receive commit message, and prepare to resolve it]
[dispatch CommitMsg]2021/10/17 16:51:50.619118 /root/study/github_repository/pbftconsensus/network/routine_dispatchMsg.go:95: [receive commit message, and prepare to resolve it]
[dispatch CommitMsg]2021/10/17 16:51:50.657833 /root/study/github_repository/pbftconsensus/network/routine_dispatchMsg.go:95: [receive commit message, and prepare to resolve it]
[dispatch CommitMsg]2021/10/17 16:51:50.686579 /root/study/github_repository/pbftconsensus/network/routine_dispatchMsg.go:95: [receive commit message, and prepare to resolve it]
[dispatch CommitMsg]2021/10/17 16:51:50.699161 /root/study/github_repository/pbftconsensus/network/routine_dispatchMsg.go:95: [receive commit message, and prepare to resolve it]
[dispatch CommitMsg]2021/10/17 16:51:50.717855 /root/study/github_repository/pbftconsensus/network/routine_dispatchMsg.go:95: [receive commit message, and prepare to resolve it]
[dispatch CommitMsg]2021/10/17 16:51:50.743293 /root/study/github_repository/pbftconsensus/network/routine_dispatchMsg.go:95: [receive commit message, and prepare to resolve it]
[dispatch CommitMsg]2021/10/17 16:51:50.753457 /root/study/github_repository/pbftconsensus/network/routine_dispatchMsg.go:95: [receive commit message, and prepare to resolve it]
[dispatch CommitMsg]2021/10/17 16:51:50.763628 /root/study/github_repository/pbftconsensus/network/routine_dispatchMsg.go:95: [receive commit message, and prepare to resolve it]
[dispatch CommitMsg]2021/10/17 16:51:50.775698 /root/study/github_repository/pbftconsensus/network/routine_dispatchMsg.go:95: [receive commit message, and prepare to resolve it]
[dispatch CommitMsg]2021/10/17 16:51:50.790596 /root/study/github_repository/pbftconsensus/network/routine_dispatchMsg.go:95: [receive commit message, and prepare to resolve it]
[resolve commitMsg success]2021/10/17 16:51:50.807978 /root/study/github_repository/pbftconsensus/network/routine_resolveMsg.go:229: put reply message into broadcast channel
[dispatch PrePrepareMsg]2021/10/17 16:59:24.725830 /root/study/github_repository/pbftconsensus/network/routine_dispatchMsg.go:63: [receive preprepare message, and prepare to resolve it]
[resolve pre-prepareMsg success]2021/10/17 16:59:24.747953 /root/study/github_repository/pbftconsensus/network/routine_resolveMsg.go:145: put prepare message into broadcast channel
[dispatch PrepareMsg]2021/10/17 16:59:24.749766 /root/study/github_repository/pbftconsensus/network/routine_dispatchMsg.go:80: [receive prepare message, and prepare to resolve it]
[dispatch PrepareMsg]2021/10/17 16:59:24.763488 /root/study/github_repository/pbftconsensus/network/routine_dispatchMsg.go:80: [receive prepare message, and prepare to resolve it]
[dispatch PrepareMsg]2021/10/17 16:59:24.772991 /root/study/github_repository/pbftconsensus/network/routine_dispatchMsg.go:80: [receive prepare message, and prepare to resolve it]
[dispatch PrepareMsg]2021/10/17 16:59:24.831377 /root/study/github_repository/pbftconsensus/network/routine_dispatchMsg.go:80: [receive prepare message, and prepare to resolve it]
[dispatch PrepareMsg]2021/10/17 16:59:24.848407 /root/study/github_repository/pbftconsensus/network/routine_dispatchMsg.go:80: [receive prepare message, and prepare to resolve it]
[dispatch PrepareMsg]2021/10/17 16:59:24.869714 /root/study/github_repository/pbftconsensus/network/routine_dispatchMsg.go:80: [receive prepare message, and prepare to resolve it]
[dispatch PrepareMsg]2021/10/17 16:59:24.878392 /root/study/github_repository/pbftconsensus/network/routine_dispatchMsg.go:80: [receive prepare message, and prepare to resolve it]
[dispatch PrepareMsg]2021/10/17 16:59:24.902741 /root/study/github_repository/pbftconsensus/network/routine_dispatchMsg.go:80: [receive prepare message, and prepare to resolve it]
[dispatch PrepareMsg]2021/10/17 16:59:24.911252 /root/study/github_repository/pbftconsensus/network/routine_dispatchMsg.go:80: [receive prepare message, and prepare to resolve it]
[dispatch PrepareMsg]2021/10/17 16:59:24.933376 /root/study/github_repository/pbftconsensus/network/routine_dispatchMsg.go:80: [receive prepare message, and prepare to resolve it]
[dispatch PrepareMsg]2021/10/17 16:59:25.000150 /root/study/github_repository/pbftconsensus/network/routine_dispatchMsg.go:80: [receive prepare message, and prepare to resolve it]
[dispatch PrepareMsg]2021/10/17 16:59:25.086993 /root/study/github_repository/pbftconsensus/network/routine_dispatchMsg.go:80: [receive prepare message, and prepare to resolve it]
[dispatch PrepareMsg]2021/10/17 16:59:25.106908 /root/study/github_repository/pbftconsensus/network/routine_dispatchMsg.go:80: [receive prepare message, and prepare to resolve it]
[resolve prepareMsg success]2021/10/17 16:59:25.153830 /root/study/github_repository/pbftconsensus/network/routine_resolveMsg.go:183: put commit message into broadcast channel
[dispatch PrepareMsg]2021/10/17 16:59:25.156703 /root/study/github_repository/pbftconsensus/network/routine_dispatchMsg.go:80: [receive prepare message, and prepare to resolve it]
[dispatch CommitMsg]2021/10/17 16:59:25.171573 /root/study/github_repository/pbftconsensus/network/routine_dispatchMsg.go:95: [receive commit message, and prepare to resolve it]
[dispatch CommitMsg]2021/10/17 16:59:25.240949 /root/study/github_repository/pbftconsensus/network/routine_dispatchMsg.go:95: [receive commit message, and prepare to resolve it]
[dispatch CommitMsg]2021/10/17 16:59:25.250402 /root/study/github_repository/pbftconsensus/network/routine_dispatchMsg.go:95: [receive commit message, and prepare to resolve it]
[dispatch CommitMsg]2021/10/17 16:59:25.274495 /root/study/github_repository/pbftconsensus/network/routine_dispatchMsg.go:95: [receive commit message, and prepare to resolve it]
[dispatch CommitMsg]2021/10/17 16:59:25.290972 /root/study/github_repository/pbftconsensus/network/routine_dispatchMsg.go:95: [receive commit message, and prepare to resolve it]
[dispatch CommitMsg]2021/10/17 16:59:25.303452 /root/study/github_repository/pbftconsensus/network/routine_dispatchMsg.go:95: [receive commit message, and prepare to resolve it]
[dispatch CommitMsg]2021/10/17 16:59:25.331716 /root/study/github_repository/pbftconsensus/network/routine_dispatchMsg.go:95: [receive commit message, and prepare to resolve it]
[dispatch CommitMsg]2021/10/17 16:59:25.347807 /root/study/github_repository/pbftconsensus/network/routine_dispatchMsg.go:95: [receive commit message, and prepare to resolve it]
[dispatch CommitMsg]2021/10/17 16:59:25.363453 /root/study/github_repository/pbftconsensus/network/routine_dispatchMsg.go:95: [receive commit message, and prepare to resolve it]
[resolve commitMsg success]2021/10/17 16:59:25.375809 /root/study/github_repository/pbftconsensus/network/routine_resolveMsg.go:229: put reply message into broadcast channel
[dispatch CommitMsg]2021/10/17 16:59:25.377728 /root/study/github_repository/pbftconsensus/network/routine_dispatchMsg.go:95: [receive commit message, and prepare to resolve it]
[dispatch PrePrepareMsg]2021/10/17 17:04:46.227923 /root/study/github_repository/pbftconsensus/network/routine_dispatchMsg.go:63: [receive preprepare message, and prepare to resolve it]
[resolve pre-prepareMsg success]2021/10/17 17:04:46.265686 /root/study/github_repository/pbftconsensus/network/routine_resolveMsg.go:145: put prepare message into broadcast channel
[dispatch PrepareMsg]2021/10/17 17:04:46.276686 /root/study/github_repository/pbftconsensus/network/routine_dispatchMsg.go:80: [receive prepare message, and prepare to resolve it]
[dispatch PrepareMsg]2021/10/17 17:04:46.353031 /root/study/github_repository/pbftconsensus/network/routine_dispatchMsg.go:80: [receive prepare message, and prepare to resolve it]
[dispatch PrepareMsg]2021/10/17 17:04:46.360693 /root/study/github_repository/pbftconsensus/network/routine_dispatchMsg.go:80: [receive prepare message, and prepare to resolve it]
[dispatch PrepareMsg]2021/10/17 17:04:46.401665 /root/study/github_repository/pbftconsensus/network/routine_dispatchMsg.go:80: [receive prepare message, and prepare to resolve it]
[dispatch PrepareMsg]2021/10/17 17:04:46.412978 /root/study/github_repository/pbftconsensus/network/routine_dispatchMsg.go:80: [receive prepare message, and prepare to resolve it]
[dispatch PrepareMsg]2021/10/17 17:04:46.431478 /root/study/github_repository/pbftconsensus/network/routine_dispatchMsg.go:80: [receive prepare message, and prepare to resolve it]
[dispatch PrepareMsg]2021/10/17 17:04:46.433385 /root/study/github_repository/pbftconsensus/network/routine_dispatchMsg.go:80: [receive prepare message, and prepare to resolve it]
[dispatch PrepareMsg]2021/10/17 17:04:46.462826 /root/study/github_repository/pbftconsensus/network/routine_dispatchMsg.go:80: [receive prepare message, and prepare to resolve it]
[dispatch PrepareMsg]2021/10/17 17:04:46.470637 /root/study/github_repository/pbftconsensus/network/routine_dispatchMsg.go:80: [receive prepare message, and prepare to resolve it]
[dispatch PrepareMsg]2021/10/17 17:04:46.521027 /root/study/github_repository/pbftconsensus/network/routine_dispatchMsg.go:80: [receive prepare message, and prepare to resolve it]
[resolve prepareMsg success]2021/10/17 17:04:46.558610 /root/study/github_repository/pbftconsensus/network/routine_resolveMsg.go:183: put commit message into broadcast channel
[dispatch PrepareMsg]2021/10/17 17:04:46.559791 /root/study/github_repository/pbftconsensus/network/routine_dispatchMsg.go:80: [receive prepare message, and prepare to resolve it]
[dispatch CommitMsg]2021/10/17 17:04:46.587133 /root/study/github_repository/pbftconsensus/network/routine_dispatchMsg.go:95: [receive commit message, and prepare to resolve it]
[dispatch CommitMsg]2021/10/17 17:04:46.594107 /root/study/github_repository/pbftconsensus/network/routine_dispatchMsg.go:95: [receive commit message, and prepare to resolve it]
[dispatch CommitMsg]2021/10/17 17:04:46.605507 /root/study/github_repository/pbftconsensus/network/routine_dispatchMsg.go:95: [receive commit message, and prepare to resolve it]
[dispatch CommitMsg]2021/10/17 17:04:46.612535 /root/study/github_repository/pbftconsensus/network/routine_dispatchMsg.go:95: [receive commit message, and prepare to resolve it]
[dispatch CommitMsg]2021/10/17 17:04:46.630038 /root/study/github_repository/pbftconsensus/network/routine_dispatchMsg.go:95: [receive commit message, and prepare to resolve it]
[dispatch CommitMsg]2021/10/17 17:04:46.638499 /root/study/github_repository/pbftconsensus/network/routine_dispatchMsg.go:95: [receive commit message, and prepare to resolve it]
[dispatch CommitMsg]2021/10/17 17:04:46.649875 /root/study/github_repository/pbftconsensus/network/routine_dispatchMsg.go:95: [receive commit message, and prepare to resolve it]
[dispatch CommitMsg]2021/10/17 17:04:46.659363 /root/study/github_repository/pbftconsensus/network/routine_dispatchMsg.go:95: [receive commit message, and prepare to resolve it]
[dispatch CommitMsg]2021/10/17 17:04:46.668168 /root/study/github_repository/pbftconsensus/network/routine_dispatchMsg.go:95: [receive commit message, and prepare to resolve it]
[dispatch CommitMsg]2021/10/17 17:04:46.679319 /root/study/github_repository/pbftconsensus/network/routine_dispatchMsg.go:95: [receive commit message, and prepare to resolve it]
[dispatch CommitMsg]2021/10/17 17:04:46.687020 /root/study/github_repository/pbftconsensus/network/routine_dispatchMsg.go:95: [receive commit message, and prepare to resolve it]
[dispatch CommitMsg]2021/10/17 17:04:46.715818 /root/study/github_repository/pbftconsensus/network/routine_dispatchMsg.go:95: [receive commit message, and prepare to resolve it]
[dispatch CommitMsg]2021/10/17 17:04:46.723515 /root/study/github_repository/pbftconsensus/network/routine_dispatchMsg.go:95: [receive commit message, and prepare to resolve it]
[dispatch CommitMsg]2021/10/17 17:04:46.739145 /root/study/github_repository/pbftconsensus/network/routine_dispatchMsg.go:95: [receive commit message, and prepare to resolve it]
[resolve commitMsg success]2021/10/17 17:04:46.746858 /root/study/github_repository/pbftconsensus/network/routine_resolveMsg.go:229: put reply message into broadcast channel
[dispatch CommitMsg]2021/10/17 17:04:46.748650 /root/study/github_repository/pbftconsensus/network/routine_dispatchMsg.go:95: [receive commit message, and prepare to resolve it]
[dispatch PrePrepareMsg]2021/10/17 18:49:20.100897 /root/study/github_repository/pbftconsensus/network/routine_dispatchMsg.go:63: [receive preprepare message, and prepare to resolve it]
[resolve pre-prepareMsg success]2021/10/17 18:49:20.124893 /root/study/github_repository/pbftconsensus/network/routine_resolveMsg.go:145: put prepare message into broadcast channel
[dispatch PrepareMsg]2021/10/17 18:49:20.128784 /root/study/github_repository/pbftconsensus/network/routine_dispatchMsg.go:80: [receive prepare message, and prepare to resolve it]
[dispatch PrepareMsg]2021/10/17 18:49:20.144002 /root/study/github_repository/pbftconsensus/network/routine_dispatchMsg.go:80: [receive prepare message, and prepare to resolve it]
[dispatch PrepareMsg]2021/10/17 18:49:20.172073 /root/study/github_repository/pbftconsensus/network/routine_dispatchMsg.go:80: [receive prepare message, and prepare to resolve it]
[dispatch PrepareMsg]2021/10/17 18:49:20.184975 /root/study/github_repository/pbftconsensus/network/routine_dispatchMsg.go:80: [receive prepare message, and prepare to resolve it]
[dispatch PrepareMsg]2021/10/17 18:49:20.197682 /root/study/github_repository/pbftconsensus/network/routine_dispatchMsg.go:80: [receive prepare message, and prepare to resolve it]
[dispatch PrepareMsg]2021/10/17 18:49:20.208770 /root/study/github_repository/pbftconsensus/network/routine_dispatchMsg.go:80: [receive prepare message, and prepare to resolve it]
[dispatch PrepareMsg]2021/10/17 18:49:20.214403 /root/study/github_repository/pbftconsensus/network/routine_dispatchMsg.go:80: [receive prepare message, and prepare to resolve it]
[dispatch PrepareMsg]2021/10/17 18:49:20.220640 /root/study/github_repository/pbftconsensus/network/routine_dispatchMsg.go:80: [receive prepare message, and prepare to resolve it]
[dispatch PrepareMsg]2021/10/17 18:49:20.244741 /root/study/github_repository/pbftconsensus/network/routine_dispatchMsg.go:80: [receive prepare message, and prepare to resolve it]
[dispatch PrepareMsg]2021/10/17 18:49:20.254070 /root/study/github_repository/pbftconsensus/network/routine_dispatchMsg.go:80: [receive prepare message, and prepare to resolve it]
[dispatch PrepareMsg]2021/10/17 18:49:20.270517 /root/study/github_repository/pbftconsensus/network/routine_dispatchMsg.go:80: [receive prepare message, and prepare to resolve it]
[dispatch PrepareMsg]2021/10/17 18:49:20.278528 /root/study/github_repository/pbftconsensus/network/routine_dispatchMsg.go:80: [receive prepare message, and prepare to resolve it]
[dispatch PrepareMsg]2021/10/17 18:49:20.289086 /root/study/github_repository/pbftconsensus/network/routine_dispatchMsg.go:80: [receive prepare message, and prepare to resolve it]
[resolve prepareMsg success]2021/10/17 18:49:20.331793 /root/study/github_repository/pbftconsensus/network/routine_resolveMsg.go:183: put commit message into broadcast channel
[dispatch CommitMsg]2021/10/17 18:49:20.333523 /root/study/github_repository/pbftconsensus/network/routine_dispatchMsg.go:95: [receive commit message, and prepare to resolve it]
[dispatch CommitMsg]2021/10/17 18:49:20.355350 /root/study/github_repository/pbftconsensus/network/routine_dispatchMsg.go:95: [receive commit message, and prepare to resolve it]
[dispatch CommitMsg]2021/10/17 18:49:20.368081 /root/study/github_repository/pbftconsensus/network/routine_dispatchMsg.go:95: [receive commit message, and prepare to resolve it]
[dispatch CommitMsg]2021/10/17 18:49:20.370922 /root/study/github_repository/pbftconsensus/network/routine_dispatchMsg.go:95: [receive commit message, and prepare to resolve it]
[dispatch CommitMsg]2021/10/17 18:49:20.385263 /root/study/github_repository/pbftconsensus/network/routine_dispatchMsg.go:95: [receive commit message, and prepare to resolve it]
[dispatch CommitMsg]2021/10/17 18:49:20.406739 /root/study/github_repository/pbftconsensus/network/routine_dispatchMsg.go:95: [receive commit message, and prepare to resolve it]
[dispatch CommitMsg]2021/10/17 18:49:20.422834 /root/study/github_repository/pbftconsensus/network/routine_dispatchMsg.go:95: [receive commit message, and prepare to resolve it]
[dispatch CommitMsg]2021/10/17 18:49:20.434515 /root/study/github_repository/pbftconsensus/network/routine_dispatchMsg.go:95: [receive commit message, and prepare to resolve it]
[dispatch CommitMsg]2021/10/17 18:49:20.437950 /root/study/github_repository/pbftconsensus/network/routine_dispatchMsg.go:95: [receive commit message, and prepare to resolve it]
[dispatch CommitMsg]2021/10/17 18:49:20.448242 /root/study/github_repository/pbftconsensus/network/routine_dispatchMsg.go:95: [receive commit message, and prepare to resolve it]
[dispatch CommitMsg]2021/10/17 18:49:20.451233 /root/study/github_repository/pbftconsensus/network/routine_dispatchMsg.go:95: [receive commit message, and prepare to resolve it]
[dispatch CommitMsg]2021/10/17 18:49:20.456268 /root/study/github_repository/pbftconsensus/network/routine_dispatchMsg.go:95: [receive commit message, and prepare to resolve it]
[resolve commitMsg success]2021/10/17 18:49:20.473253 /root/study/github_repository/pbftconsensus/network/routine_resolveMsg.go:229: put reply message into broadcast channel
[dispatch CommitMsg]2021/10/17 18:49:20.473706 /root/study/github_repository/pbftconsensus/network/routine_dispatchMsg.go:95: [receive commit message, and prepare to resolve it]
[dispatch PrePrepareMsg]2021/10/17 18:49:22.114378 /root/study/github_repository/pbftconsensus/network/routine_dispatchMsg.go:63: [receive preprepare message, and prepare to resolve it]
[resolve pre-prepareMsg success]2021/10/17 18:49:22.138584 /root/study/github_repository/pbftconsensus/network/routine_resolveMsg.go:145: put prepare message into broadcast channel
[dispatch PrepareMsg]2021/10/17 18:49:22.151203 /root/study/github_repository/pbftconsensus/network/routine_dispatchMsg.go:80: [receive prepare message, and prepare to resolve it]
[dispatch PrepareMsg]2021/10/17 18:49:22.189217 /root/study/github_repository/pbftconsensus/network/routine_dispatchMsg.go:80: [receive prepare message, and prepare to resolve it]
[dispatch PrepareMsg]2021/10/17 18:49:22.200121 /root/study/github_repository/pbftconsensus/network/routine_dispatchMsg.go:80: [receive prepare message, and prepare to resolve it]
[dispatch PrepareMsg]2021/10/17 18:49:22.207565 /root/study/github_repository/pbftconsensus/network/routine_dispatchMsg.go:80: [receive prepare message, and prepare to resolve it]
[dispatch PrepareMsg]2021/10/17 18:49:22.214256 /root/study/github_repository/pbftconsensus/network/routine_dispatchMsg.go:80: [receive prepare message, and prepare to resolve it]
[dispatch PrepareMsg]2021/10/17 18:49:22.224430 /root/study/github_repository/pbftconsensus/network/routine_dispatchMsg.go:80: [receive prepare message, and prepare to resolve it]
[dispatch PrepareMsg]2021/10/17 18:49:22.307395 /root/study/github_repository/pbftconsensus/network/routine_dispatchMsg.go:80: [receive prepare message, and prepare to resolve it]
[dispatch PrepareMsg]2021/10/17 18:49:22.320300 /root/study/github_repository/pbftconsensus/network/routine_dispatchMsg.go:80: [receive prepare message, and prepare to resolve it]
[dispatch PrepareMsg]2021/10/17 18:49:22.333688 /root/study/github_repository/pbftconsensus/network/routine_dispatchMsg.go:80: [receive prepare message, and prepare to resolve it]
[resolve prepareMsg success]2021/10/17 18:49:22.365384 /root/study/github_repository/pbftconsensus/network/routine_resolveMsg.go:183: put commit message into broadcast channel
[dispatch PrepareMsg]2021/10/17 18:49:22.368418 /root/study/github_repository/pbftconsensus/network/routine_dispatchMsg.go:80: [receive prepare message, and prepare to resolve it]
[dispatch CommitMsg]2021/10/17 18:49:22.374167 /root/study/github_repository/pbftconsensus/network/routine_dispatchMsg.go:95: [receive commit message, and prepare to resolve it]
[dispatch CommitMsg]2021/10/17 18:49:22.415772 /root/study/github_repository/pbftconsensus/network/routine_dispatchMsg.go:95: [receive commit message, and prepare to resolve it]
[dispatch CommitMsg]2021/10/17 18:49:22.437617 /root/study/github_repository/pbftconsensus/network/routine_dispatchMsg.go:95: [receive commit message, and prepare to resolve it]
[dispatch CommitMsg]2021/10/17 18:49:22.445504 /root/study/github_repository/pbftconsensus/network/routine_dispatchMsg.go:95: [receive commit message, and prepare to resolve it]
[dispatch CommitMsg]2021/10/17 18:49:22.468977 /root/study/github_repository/pbftconsensus/network/routine_dispatchMsg.go:95: [receive commit message, and prepare to resolve it]
[dispatch CommitMsg]2021/10/17 18:49:22.484456 /root/study/github_repository/pbftconsensus/network/routine_dispatchMsg.go:95: [receive commit message, and prepare to resolve it]
[dispatch CommitMsg]2021/10/17 18:49:22.492283 /root/study/github_repository/pbftconsensus/network/routine_dispatchMsg.go:95: [receive commit message, and prepare to resolve it]
[dispatch CommitMsg]2021/10/17 18:49:22.499156 /root/study/github_repository/pbftconsensus/network/routine_dispatchMsg.go:95: [receive commit message, and prepare to resolve it]
[dispatch CommitMsg]2021/10/17 18:49:22.520712 /root/study/github_repository/pbftconsensus/network/routine_dispatchMsg.go:95: [receive commit message, and prepare to resolve it]
[dispatch CommitMsg]2021/10/17 18:49:22.542482 /root/study/github_repository/pbftconsensus/network/routine_dispatchMsg.go:95: [receive commit message, and prepare to resolve it]
[dispatch CommitMsg]2021/10/17 18:49:22.563406 /root/study/github_repository/pbftconsensus/network/routine_dispatchMsg.go:95: [receive commit message, and prepare to resolve it]
[dispatch CommitMsg]2021/10/17 18:49:22.587072 /root/study/github_repository/pbftconsensus/network/routine_dispatchMsg.go:95: [receive commit message, and prepare to resolve it]
[dispatch CommitMsg]2021/10/17 18:49:22.601493 /root/study/github_repository/pbftconsensus/network/routine_dispatchMsg.go:95: [receive commit message, and prepare to resolve it]
[resolve commitMsg success]2021/10/17 18:49:22.607856 /root/study/github_repository/pbftconsensus/network/routine_resolveMsg.go:229: put reply message into broadcast channel
[dispatch CommitMsg]2021/10/17 18:49:22.608219 /root/study/github_repository/pbftconsensus/network/routine_dispatchMsg.go:95: [receive commit message, and prepare to resolve it]
[dispatch PrePrepareMsg]2021/10/17 18:50:42.561599 /root/study/github_repository/pbftconsensus/network/routine_dispatchMsg.go:63: [receive preprepare message, and prepare to resolve it]
[resolve pre-prepareMsg success]2021/10/17 18:50:42.587298 /root/study/github_repository/pbftconsensus/network/routine_resolveMsg.go:145: put prepare message into broadcast channel
[dispatch PrepareMsg]2021/10/17 18:50:42.628409 /root/study/github_repository/pbftconsensus/network/routine_dispatchMsg.go:80: [receive prepare message, and prepare to resolve it]
[dispatch PrepareMsg]2021/10/17 18:50:42.657147 /root/study/github_repository/pbftconsensus/network/routine_dispatchMsg.go:80: [receive prepare message, and prepare to resolve it]
[dispatch PrepareMsg]2021/10/17 18:50:42.665195 /root/study/github_repository/pbftconsensus/network/routine_dispatchMsg.go:80: [receive prepare message, and prepare to resolve it]
[dispatch PrepareMsg]2021/10/17 18:50:42.689965 /root/study/github_repository/pbftconsensus/network/routine_dispatchMsg.go:80: [receive prepare message, and prepare to resolve it]
[dispatch PrepareMsg]2021/10/17 18:50:42.700174 /root/study/github_repository/pbftconsensus/network/routine_dispatchMsg.go:80: [receive prepare message, and prepare to resolve it]
[dispatch PrepareMsg]2021/10/17 18:50:42.741402 /root/study/github_repository/pbftconsensus/network/routine_dispatchMsg.go:80: [receive prepare message, and prepare to resolve it]
[dispatch PrepareMsg]2021/10/17 18:50:42.764279 /root/study/github_repository/pbftconsensus/network/routine_dispatchMsg.go:80: [receive prepare message, and prepare to resolve it]
[dispatch PrepareMsg]2021/10/17 18:50:42.769154 /root/study/github_repository/pbftconsensus/network/routine_dispatchMsg.go:80: [receive prepare message, and prepare to resolve it]
[dispatch PrepareMsg]2021/10/17 18:50:42.781317 /root/study/github_repository/pbftconsensus/network/routine_dispatchMsg.go:80: [receive prepare message, and prepare to resolve it]
[dispatch PrepareMsg]2021/10/17 18:50:42.793282 /root/study/github_repository/pbftconsensus/network/routine_dispatchMsg.go:80: [receive prepare message, and prepare to resolve it]
[dispatch PrepareMsg]2021/10/17 18:50:42.810138 /root/study/github_repository/pbftconsensus/network/routine_dispatchMsg.go:80: [receive prepare message, and prepare to resolve it]
[resolve prepareMsg success]2021/10/17 18:50:42.851023 /root/study/github_repository/pbftconsensus/network/routine_resolveMsg.go:183: put commit message into broadcast channel
[dispatch PrepareMsg]2021/10/17 18:50:42.852154 /root/study/github_repository/pbftconsensus/network/routine_dispatchMsg.go:80: [receive prepare message, and prepare to resolve it]
[dispatch CommitMsg]2021/10/17 18:50:42.859391 /root/study/github_repository/pbftconsensus/network/routine_dispatchMsg.go:95: [receive commit message, and prepare to resolve it]
[dispatch CommitMsg]2021/10/17 18:50:42.908721 /root/study/github_repository/pbftconsensus/network/routine_dispatchMsg.go:95: [receive commit message, and prepare to resolve it]
[dispatch CommitMsg]2021/10/17 18:50:42.908753 /root/study/github_repository/pbftconsensus/network/routine_dispatchMsg.go:95: [receive commit message, and prepare to resolve it]
[dispatch CommitMsg]2021/10/17 18:50:42.919985 /root/study/github_repository/pbftconsensus/network/routine_dispatchMsg.go:95: [receive commit message, and prepare to resolve it]
[dispatch CommitMsg]2021/10/17 18:50:42.936331 /root/study/github_repository/pbftconsensus/network/routine_dispatchMsg.go:95: [receive commit message, and prepare to resolve it]
[dispatch CommitMsg]2021/10/17 18:50:42.971970 /root/study/github_repository/pbftconsensus/network/routine_dispatchMsg.go:95: [receive commit message, and prepare to resolve it]
[dispatch CommitMsg]2021/10/17 18:50:42.983793 /root/study/github_repository/pbftconsensus/network/routine_dispatchMsg.go:95: [receive commit message, and prepare to resolve it]
[dispatch CommitMsg]2021/10/17 18:50:43.000459 /root/study/github_repository/pbftconsensus/network/routine_dispatchMsg.go:95: [receive commit message, and prepare to resolve it]
[dispatch CommitMsg]2021/10/17 18:50:43.024465 /root/study/github_repository/pbftconsensus/network/routine_dispatchMsg.go:95: [receive commit message, and prepare to resolve it]
[dispatch CommitMsg]2021/10/17 18:50:43.048087 /root/study/github_repository/pbftconsensus/network/routine_dispatchMsg.go:95: [receive commit message, and prepare to resolve it]
[dispatch CommitMsg]2021/10/17 18:50:43.056581 /root/study/github_repository/pbftconsensus/network/routine_dispatchMsg.go:95: [receive commit message, and prepare to resolve it]
[dispatch CommitMsg]2021/10/17 18:50:43.074691 /root/study/github_repository/pbftconsensus/network/routine_dispatchMsg.go:95: [receive commit message, and prepare to resolve it]
[dispatch CommitMsg]2021/10/17 18:50:43.105003 /root/study/github_repository/pbftconsensus/network/routine_dispatchMsg.go:95: [receive commit message, and prepare to resolve it]
[resolve commitMsg success]2021/10/17 18:50:43.114271 /root/study/github_repository/pbftconsensus/network/routine_resolveMsg.go:229: put reply message into broadcast channel
[dispatch PrePrepareMsg]2021/10/17 18:57:58.956715 /root/study/github_repository/pbftconsensus/network/routine_dispatchMsg.go:63: [receive preprepare message, and prepare to resolve it]
[resolve pre-prepareMsg success]2021/10/17 18:57:59.002709 /root/study/github_repository/pbftconsensus/network/routine_resolveMsg.go:145: put prepare message into broadcast channel
[dispatch PrepareMsg]2021/10/17 18:57:59.062615 /root/study/github_repository/pbftconsensus/network/routine_dispatchMsg.go:80: [receive prepare message, and prepare to resolve it]
[dispatch PrepareMsg]2021/10/17 18:57:59.161201 /root/study/github_repository/pbftconsensus/network/routine_dispatchMsg.go:80: [receive prepare message, and prepare to resolve it]
[dispatch PrepareMsg]2021/10/17 18:57:59.197923 /root/study/github_repository/pbftconsensus/network/routine_dispatchMsg.go:80: [receive prepare message, and prepare to resolve it]
[dispatch PrepareMsg]2021/10/17 18:57:59.212166 /root/study/github_repository/pbftconsensus/network/routine_dispatchMsg.go:80: [receive prepare message, and prepare to resolve it]
[dispatch PrepareMsg]2021/10/17 18:57:59.225051 /root/study/github_repository/pbftconsensus/network/routine_dispatchMsg.go:80: [receive prepare message, and prepare to resolve it]
[dispatch PrepareMsg]2021/10/17 18:57:59.236457 /root/study/github_repository/pbftconsensus/network/routine_dispatchMsg.go:80: [receive prepare message, and prepare to resolve it]
[resolve prepareMsg success]2021/10/17 18:57:59.278860 /root/study/github_repository/pbftconsensus/network/routine_resolveMsg.go:183: put commit message into broadcast channel
[dispatch PrepareMsg]2021/10/17 18:57:59.281842 /root/study/github_repository/pbftconsensus/network/routine_dispatchMsg.go:80: [receive prepare message, and prepare to resolve it]
[dispatch CommitMsg]2021/10/17 18:57:59.300256 /root/study/github_repository/pbftconsensus/network/routine_dispatchMsg.go:95: [receive commit message, and prepare to resolve it]
[dispatch CommitMsg]2021/10/17 18:57:59.316920 /root/study/github_repository/pbftconsensus/network/routine_dispatchMsg.go:95: [receive commit message, and prepare to resolve it]
[dispatch CommitMsg]2021/10/17 18:57:59.323447 /root/study/github_repository/pbftconsensus/network/routine_dispatchMsg.go:95: [receive commit message, and prepare to resolve it]
[dispatch CommitMsg]2021/10/17 18:57:59.333231 /root/study/github_repository/pbftconsensus/network/routine_dispatchMsg.go:95: [receive commit message, and prepare to resolve it]
[dispatch CommitMsg]2021/10/17 18:57:59.354189 /root/study/github_repository/pbftconsensus/network/routine_dispatchMsg.go:95: [receive commit message, and prepare to resolve it]
[dispatch CommitMsg]2021/10/17 18:57:59.364950 /root/study/github_repository/pbftconsensus/network/routine_dispatchMsg.go:95: [receive commit message, and prepare to resolve it]
[dispatch CommitMsg]2021/10/17 18:57:59.373751 /root/study/github_repository/pbftconsensus/network/routine_dispatchMsg.go:95: [receive commit message, and prepare to resolve it]
[dispatch CommitMsg]2021/10/17 18:57:59.404184 /root/study/github_repository/pbftconsensus/network/routine_dispatchMsg.go:95: [receive commit message, and prepare to resolve it]
[dispatch CommitMsg]2021/10/17 18:57:59.428612 /root/study/github_repository/pbftconsensus/network/routine_dispatchMsg.go:95: [receive commit message, and prepare to resolve it]
[dispatch CommitMsg]2021/10/17 18:57:59.448139 /root/study/github_repository/pbftconsensus/network/routine_dispatchMsg.go:95: [receive commit message, and prepare to resolve it]
[dispatch CommitMsg]2021/10/17 18:57:59.466138 /root/study/github_repository/pbftconsensus/network/routine_dispatchMsg.go:95: [receive commit message, and prepare to resolve it]
[dispatch CommitMsg]2021/10/17 18:57:59.479181 /root/study/github_repository/pbftconsensus/network/routine_dispatchMsg.go:95: [receive commit message, and prepare to resolve it]
[dispatch CommitMsg]2021/10/17 18:57:59.496534 /root/study/github_repository/pbftconsensus/network/routine_dispatchMsg.go:95: [receive commit message, and prepare to resolve it]
[dispatch CommitMsg]2021/10/17 18:57:59.503812 /root/study/github_repository/pbftconsensus/network/routine_dispatchMsg.go:95: [receive commit message, and prepare to resolve it]
[resolve commitMsg success]2021/10/17 18:57:59.511293 /root/study/github_repository/pbftconsensus/network/routine_resolveMsg.go:229: put reply message into broadcast channel
[dispatch CommitMsg]2021/10/17 18:57:59.511740 /root/study/github_repository/pbftconsensus/network/routine_dispatchMsg.go:95: [receive commit message, and prepare to resolve it]
[dispatch PrePrepareMsg]2021/10/17 19:11:35.766070 /root/study/github_repository/pbftconsensus/network/routine_dispatchMsg.go:63: [receive preprepare message, and prepare to resolve it]
[resolve pre-prepareMsg success]2021/10/17 19:11:35.797148 /root/study/github_repository/pbftconsensus/network/routine_resolveMsg.go:145: put prepare message into broadcast channel
[dispatch PrepareMsg]2021/10/17 19:11:35.821788 /root/study/github_repository/pbftconsensus/network/routine_dispatchMsg.go:80: [receive prepare message, and prepare to resolve it]
[dispatch PrepareMsg]2021/10/17 19:11:35.885457 /root/study/github_repository/pbftconsensus/network/routine_dispatchMsg.go:80: [receive prepare message, and prepare to resolve it]
[dispatch PrepareMsg]2021/10/17 19:11:35.912156 /root/study/github_repository/pbftconsensus/network/routine_dispatchMsg.go:80: [receive prepare message, and prepare to resolve it]
[dispatch PrepareMsg]2021/10/17 19:11:35.929731 /root/study/github_repository/pbftconsensus/network/routine_dispatchMsg.go:80: [receive prepare message, and prepare to resolve it]
[dispatch PrepareMsg]2021/10/17 19:11:35.933695 /root/study/github_repository/pbftconsensus/network/routine_dispatchMsg.go:80: [receive prepare message, and prepare to resolve it]
[dispatch PrepareMsg]2021/10/17 19:11:35.961475 /root/study/github_repository/pbftconsensus/network/routine_dispatchMsg.go:80: [receive prepare message, and prepare to resolve it]
[dispatch PrepareMsg]2021/10/17 19:11:35.976509 /root/study/github_repository/pbftconsensus/network/routine_dispatchMsg.go:80: [receive prepare message, and prepare to resolve it]
[dispatch PrepareMsg]2021/10/17 19:11:36.017090 /root/study/github_repository/pbftconsensus/network/routine_dispatchMsg.go:80: [receive prepare message, and prepare to resolve it]
[dispatch PrepareMsg]2021/10/17 19:11:36.036241 /root/study/github_repository/pbftconsensus/network/routine_dispatchMsg.go:80: [receive prepare message, and prepare to resolve it]
[dispatch PrepareMsg]2021/10/17 19:11:36.081029 /root/study/github_repository/pbftconsensus/network/routine_dispatchMsg.go:80: [receive prepare message, and prepare to resolve it]
[dispatch PrepareMsg]2021/10/17 19:11:36.167516 /root/study/github_repository/pbftconsensus/network/routine_dispatchMsg.go:80: [receive prepare message, and prepare to resolve it]
[resolve prepareMsg success]2021/10/17 19:11:36.210138 /root/study/github_repository/pbftconsensus/network/routine_resolveMsg.go:183: put commit message into broadcast channel
[dispatch PrepareMsg]2021/10/17 19:11:36.210665 /root/study/github_repository/pbftconsensus/network/routine_dispatchMsg.go:80: [receive prepare message, and prepare to resolve it]
[dispatch CommitMsg]2021/10/17 19:11:36.237133 /root/study/github_repository/pbftconsensus/network/routine_dispatchMsg.go:95: [receive commit message, and prepare to resolve it]
[dispatch CommitMsg]2021/10/17 19:11:36.329021 /root/study/github_repository/pbftconsensus/network/routine_dispatchMsg.go:95: [receive commit message, and prepare to resolve it]
[dispatch CommitMsg]2021/10/17 19:11:36.341692 /root/study/github_repository/pbftconsensus/network/routine_dispatchMsg.go:95: [receive commit message, and prepare to resolve it]
[dispatch CommitMsg]2021/10/17 19:11:36.359964 /root/study/github_repository/pbftconsensus/network/routine_dispatchMsg.go:95: [receive commit message, and prepare to resolve it]
[dispatch CommitMsg]2021/10/17 19:11:36.367329 /root/study/github_repository/pbftconsensus/network/routine_dispatchMsg.go:95: [receive commit message, and prepare to resolve it]
[dispatch CommitMsg]2021/10/17 19:11:36.389264 /root/study/github_repository/pbftconsensus/network/routine_dispatchMsg.go:95: [receive commit message, and prepare to resolve it]
[dispatch CommitMsg]2021/10/17 19:11:36.412861 /root/study/github_repository/pbftconsensus/network/routine_dispatchMsg.go:95: [receive commit message, and prepare to resolve it]
[resolve commitMsg success]2021/10/17 19:11:36.427820 /root/study/github_repository/pbftconsensus/network/routine_resolveMsg.go:229: put reply message into broadcast channel
[dispatch CommitMsg]2021/10/17 19:11:36.428706 /root/study/github_repository/pbftconsensus/network/routine_dispatchMsg.go:95: [receive commit message, and prepare to resolve it]
[dispatch PrePrepareMsg]2021/10/17 19:40:39.548935 /root/study/github_repository/pbftconsensus/network/routine_dispatchMsg.go:63: [receive preprepare message, and prepare to resolve it]
[resolve pre-prepareMsg success]2021/10/17 19:40:39.578848 /root/study/github_repository/pbftconsensus/network/routine_resolveMsg.go:145: put prepare message into broadcast channel
[dispatch PrepareMsg]2021/10/17 19:40:39.602297 /root/study/github_repository/pbftconsensus/network/routine_dispatchMsg.go:80: [receive prepare message, and prepare to resolve it]
[dispatch PrepareMsg]2021/10/17 19:40:39.682340 /root/study/github_repository/pbftconsensus/network/routine_dispatchMsg.go:80: [receive prepare message, and prepare to resolve it]
[dispatch PrepareMsg]2021/10/17 19:40:39.692812 /root/study/github_repository/pbftconsensus/network/routine_dispatchMsg.go:80: [receive prepare message, and prepare to resolve it]
[dispatch PrepareMsg]2021/10/17 19:40:39.698991 /root/study/github_repository/pbftconsensus/network/routine_dispatchMsg.go:80: [receive prepare message, and prepare to resolve it]
[dispatch PrepareMsg]2021/10/17 19:40:39.707057 /root/study/github_repository/pbftconsensus/network/routine_dispatchMsg.go:80: [receive prepare message, and prepare to resolve it]
[resolve prepareMsg success]2021/10/17 19:40:39.750514 /root/study/github_repository/pbftconsensus/network/routine_resolveMsg.go:183: put commit message into broadcast channel
[dispatch PrepareMsg]2021/10/17 19:40:39.752444 /root/study/github_repository/pbftconsensus/network/routine_dispatchMsg.go:80: [receive prepare message, and prepare to resolve it]
[dispatch CommitMsg]2021/10/17 19:40:39.793764 /root/study/github_repository/pbftconsensus/network/routine_dispatchMsg.go:95: [receive commit message, and prepare to resolve it]
[dispatch CommitMsg]2021/10/17 19:40:39.810897 /root/study/github_repository/pbftconsensus/network/routine_dispatchMsg.go:95: [receive commit message, and prepare to resolve it]
[dispatch CommitMsg]2021/10/17 19:40:39.826506 /root/study/github_repository/pbftconsensus/network/routine_dispatchMsg.go:95: [receive commit message, and prepare to resolve it]
[dispatch CommitMsg]2021/10/17 19:40:39.836069 /root/study/github_repository/pbftconsensus/network/routine_dispatchMsg.go:95: [receive commit message, and prepare to resolve it]
[dispatch CommitMsg]2021/10/17 19:40:39.883760 /root/study/github_repository/pbftconsensus/network/routine_dispatchMsg.go:95: [receive commit message, and prepare to resolve it]
[dispatch CommitMsg]2021/10/17 19:40:39.900755 /root/study/github_repository/pbftconsensus/network/routine_dispatchMsg.go:95: [receive commit message, and prepare to resolve it]
[dispatch CommitMsg]2021/10/17 19:40:39.905885 /root/study/github_repository/pbftconsensus/network/routine_dispatchMsg.go:95: [receive commit message, and prepare to resolve it]
[dispatch CommitMsg]2021/10/17 19:40:39.933077 /root/study/github_repository/pbftconsensus/network/routine_dispatchMsg.go:95: [receive commit message, and prepare to resolve it]
[dispatch CommitMsg]2021/10/17 19:40:39.955445 /root/study/github_repository/pbftconsensus/network/routine_dispatchMsg.go:95: [receive commit message, and prepare to resolve it]
[dispatch CommitMsg]2021/10/17 19:40:39.957517 /root/study/github_repository/pbftconsensus/network/routine_dispatchMsg.go:95: [receive commit message, and prepare to resolve it]
[resolve commitMsg success]2021/10/17 19:40:39.962256 /root/study/github_repository/pbftconsensus/network/routine_resolveMsg.go:229: put reply message into broadcast channel
[dispatch CommitMsg]2021/10/17 19:40:39.962873 /root/study/github_repository/pbftconsensus/network/routine_dispatchMsg.go:95: [receive commit message, and prepare to resolve it]
[dispatch PrePrepareMsg]2021/10/17 19:40:41.475746 /root/study/github_repository/pbftconsensus/network/routine_dispatchMsg.go:63: [receive preprepare message, and prepare to resolve it]
[resolve pre-prepareMsg success]2021/10/17 19:40:41.504364 /root/study/github_repository/pbftconsensus/network/routine_resolveMsg.go:145: put prepare message into broadcast channel
[dispatch PrepareMsg]2021/10/17 19:40:41.510201 /root/study/github_repository/pbftconsensus/network/routine_dispatchMsg.go:80: [receive prepare message, and prepare to resolve it]
[dispatch PrepareMsg]2021/10/17 19:40:41.526041 /root/study/github_repository/pbftconsensus/network/routine_dispatchMsg.go:80: [receive prepare message, and prepare to resolve it]
[dispatch PrepareMsg]2021/10/17 19:40:41.538719 /root/study/github_repository/pbftconsensus/network/routine_dispatchMsg.go:80: [receive prepare message, and prepare to resolve it]
[dispatch PrepareMsg]2021/10/17 19:40:41.543925 /root/study/github_repository/pbftconsensus/network/routine_dispatchMsg.go:80: [receive prepare message, and prepare to resolve it]
[dispatch PrepareMsg]2021/10/17 19:40:41.548471 /root/study/github_repository/pbftconsensus/network/routine_dispatchMsg.go:80: [receive prepare message, and prepare to resolve it]
[dispatch PrepareMsg]2021/10/17 19:40:41.585791 /root/study/github_repository/pbftconsensus/network/routine_dispatchMsg.go:80: [receive prepare message, and prepare to resolve it]
[dispatch PrepareMsg]2021/10/17 19:40:41.592266 /root/study/github_repository/pbftconsensus/network/routine_dispatchMsg.go:80: [receive prepare message, and prepare to resolve it]
[dispatch PrepareMsg]2021/10/17 19:40:41.634416 /root/study/github_repository/pbftconsensus/network/routine_dispatchMsg.go:80: [receive prepare message, and prepare to resolve it]
[dispatch PrepareMsg]2021/10/17 19:40:41.641436 /root/study/github_repository/pbftconsensus/network/routine_dispatchMsg.go:80: [receive prepare message, and prepare to resolve it]
[dispatch PrepareMsg]2021/10/17 19:40:41.651862 /root/study/github_repository/pbftconsensus/network/routine_dispatchMsg.go:80: [receive prepare message, and prepare to resolve it]
[dispatch PrepareMsg]2021/10/17 19:40:41.653044 /root/study/github_repository/pbftconsensus/network/routine_dispatchMsg.go:80: [receive prepare message, and prepare to resolve it]
[dispatch PrepareMsg]2021/10/17 19:40:41.665385 /root/study/github_repository/pbftconsensus/network/routine_dispatchMsg.go:80: [receive prepare message, and prepare to resolve it]
[resolve prepareMsg success]2021/10/17 19:40:41.691489 /root/study/github_repository/pbftconsensus/network/routine_resolveMsg.go:183: put commit message into broadcast channel
[dispatch PrepareMsg]2021/10/17 19:40:41.694605 /root/study/github_repository/pbftconsensus/network/routine_dispatchMsg.go:80: [receive prepare message, and prepare to resolve it]
[dispatch CommitMsg]2021/10/17 19:40:41.716018 /root/study/github_repository/pbftconsensus/network/routine_dispatchMsg.go:95: [receive commit message, and prepare to resolve it]
[dispatch CommitMsg]2021/10/17 19:40:41.728263 /root/study/github_repository/pbftconsensus/network/routine_dispatchMsg.go:95: [receive commit message, and prepare to resolve it]
[dispatch CommitMsg]2021/10/17 19:40:41.743592 /root/study/github_repository/pbftconsensus/network/routine_dispatchMsg.go:95: [receive commit message, and prepare to resolve it]
[dispatch CommitMsg]2021/10/17 19:40:41.768586 /root/study/github_repository/pbftconsensus/network/routine_dispatchMsg.go:95: [receive commit message, and prepare to resolve it]
[dispatch CommitMsg]2021/10/17 19:40:41.779972 /root/study/github_repository/pbftconsensus/network/routine_dispatchMsg.go:95: [receive commit message, and prepare to resolve it]
[dispatch CommitMsg]2021/10/17 19:40:41.787184 /root/study/github_repository/pbftconsensus/network/routine_dispatchMsg.go:95: [receive commit message, and prepare to resolve it]
[dispatch CommitMsg]2021/10/17 19:40:41.793322 /root/study/github_repository/pbftconsensus/network/routine_dispatchMsg.go:95: [receive commit message, and prepare to resolve it]
[dispatch CommitMsg]2021/10/17 19:40:41.815166 /root/study/github_repository/pbftconsensus/network/routine_dispatchMsg.go:95: [receive commit message, and prepare to resolve it]
[dispatch CommitMsg]2021/10/17 19:40:41.820523 /root/study/github_repository/pbftconsensus/network/routine_dispatchMsg.go:95: [receive commit message, and prepare to resolve it]
[dispatch CommitMsg]2021/10/17 19:40:41.846293 /root/study/github_repository/pbftconsensus/network/routine_dispatchMsg.go:95: [receive commit message, and prepare to resolve it]
[dispatch CommitMsg]2021/10/17 19:40:41.858897 /root/study/github_repository/pbftconsensus/network/routine_dispatchMsg.go:95: [receive commit message, and prepare to resolve it]
[dispatch CommitMsg]2021/10/17 19:40:41.868015 /root/study/github_repository/pbftconsensus/network/routine_dispatchMsg.go:95: [receive commit message, and prepare to resolve it]
[dispatch CommitMsg]2021/10/17 19:40:41.888160 /root/study/github_repository/pbftconsensus/network/routine_dispatchMsg.go:95: [receive commit message, and prepare to resolve it]
[dispatch CommitMsg]2021/10/17 19:40:41.899653 /root/study/github_repository/pbftconsensus/network/routine_dispatchMsg.go:95: [receive commit message, and prepare to resolve it]
[resolve commitMsg success]2021/10/17 19:40:41.909133 /root/study/github_repository/pbftconsensus/network/routine_resolveMsg.go:229: put reply message into broadcast channel
[dispatch PrePrepareMsg]2021/10/17 19:46:36.332104 /root/study/github_repository/pbftconsensus/network/routine_dispatchMsg.go:63: [receive preprepare message, and prepare to resolve it]
[resolve pre-prepareMsg success]2021/10/17 19:46:36.356828 /root/study/github_repository/pbftconsensus/network/routine_resolveMsg.go:145: put prepare message into broadcast channel
[dispatch PrepareMsg]2021/10/17 19:46:36.369027 /root/study/github_repository/pbftconsensus/network/routine_dispatchMsg.go:80: [receive prepare message, and prepare to resolve it]
[dispatch PrepareMsg]2021/10/17 19:46:36.465146 /root/study/github_repository/pbftconsensus/network/routine_dispatchMsg.go:80: [receive prepare message, and prepare to resolve it]
[dispatch PrepareMsg]2021/10/17 19:46:36.479420 /root/study/github_repository/pbftconsensus/network/routine_dispatchMsg.go:80: [receive prepare message, and prepare to resolve it]
[dispatch PrepareMsg]2021/10/17 19:46:36.485740 /root/study/github_repository/pbftconsensus/network/routine_dispatchMsg.go:80: [receive prepare message, and prepare to resolve it]
[dispatch PrepareMsg]2021/10/17 19:46:36.509012 /root/study/github_repository/pbftconsensus/network/routine_dispatchMsg.go:80: [receive prepare message, and prepare to resolve it]
[dispatch PrepareMsg]2021/10/17 19:46:36.523286 /root/study/github_repository/pbftconsensus/network/routine_dispatchMsg.go:80: [receive prepare message, and prepare to resolve it]
[dispatch PrepareMsg]2021/10/17 19:46:36.545542 /root/study/github_repository/pbftconsensus/network/routine_dispatchMsg.go:80: [receive prepare message, and prepare to resolve it]
[dispatch PrepareMsg]2021/10/17 19:46:36.598256 /root/study/github_repository/pbftconsensus/network/routine_dispatchMsg.go:80: [receive prepare message, and prepare to resolve it]
[resolve prepareMsg success]2021/10/17 19:46:36.646498 /root/study/github_repository/pbftconsensus/network/routine_resolveMsg.go:183: put commit message into broadcast channel
[dispatch PrepareMsg]2021/10/17 19:46:36.649298 /root/study/github_repository/pbftconsensus/network/routine_dispatchMsg.go:80: [receive prepare message, and prepare to resolve it]
[dispatch CommitMsg]2021/10/17 19:46:36.665948 /root/study/github_repository/pbftconsensus/network/routine_dispatchMsg.go:95: [receive commit message, and prepare to resolve it]
[dispatch CommitMsg]2021/10/17 19:46:36.682090 /root/study/github_repository/pbftconsensus/network/routine_dispatchMsg.go:95: [receive commit message, and prepare to resolve it]
[dispatch CommitMsg]2021/10/17 19:46:36.699437 /root/study/github_repository/pbftconsensus/network/routine_dispatchMsg.go:95: [receive commit message, and prepare to resolve it]
[dispatch CommitMsg]2021/10/17 19:46:36.706637 /root/study/github_repository/pbftconsensus/network/routine_dispatchMsg.go:95: [receive commit message, and prepare to resolve it]
[dispatch CommitMsg]2021/10/17 19:46:36.720288 /root/study/github_repository/pbftconsensus/network/routine_dispatchMsg.go:95: [receive commit message, and prepare to resolve it]
[dispatch CommitMsg]2021/10/17 19:46:36.727861 /root/study/github_repository/pbftconsensus/network/routine_dispatchMsg.go:95: [receive commit message, and prepare to resolve it]
[dispatch CommitMsg]2021/10/17 19:46:36.749139 /root/study/github_repository/pbftconsensus/network/routine_dispatchMsg.go:95: [receive commit message, and prepare to resolve it]
[dispatch CommitMsg]2021/10/17 19:46:36.759936 /root/study/github_repository/pbftconsensus/network/routine_dispatchMsg.go:95: [receive commit message, and prepare to resolve it]
[dispatch CommitMsg]2021/10/17 19:46:36.776325 /root/study/github_repository/pbftconsensus/network/routine_dispatchMsg.go:95: [receive commit message, and prepare to resolve it]
[dispatch CommitMsg]2021/10/17 19:46:36.814686 /root/study/github_repository/pbftconsensus/network/routine_dispatchMsg.go:95: [receive commit message, and prepare to resolve it]
[dispatch CommitMsg]2021/10/17 19:46:36.829581 /root/study/github_repository/pbftconsensus/network/routine_dispatchMsg.go:95: [receive commit message, and prepare to resolve it]
[dispatch CommitMsg]2021/10/17 19:46:36.850656 /root/study/github_repository/pbftconsensus/network/routine_dispatchMsg.go:95: [receive commit message, and prepare to resolve it]
[dispatch CommitMsg]2021/10/17 19:46:36.864800 /root/study/github_repository/pbftconsensus/network/routine_dispatchMsg.go:95: [receive commit message, and prepare to resolve it]
[dispatch CommitMsg]2021/10/17 19:46:36.869853 /root/study/github_repository/pbftconsensus/network/routine_dispatchMsg.go:95: [receive commit message, and prepare to resolve it]
[resolve commitMsg success]2021/10/17 19:46:36.881152 /root/study/github_repository/pbftconsensus/network/routine_resolveMsg.go:229: put reply message into broadcast channel
[dispatch CommitMsg]2021/10/17 19:46:36.883304 /root/study/github_repository/pbftconsensus/network/routine_dispatchMsg.go:95: [receive commit message, and prepare to resolve it]
[dispatch PrePrepareMsg]2021/10/17 20:18:47.313369 /root/study/github_repository/pbftconsensus/network/routine_dispatchMsg.go:63: [receive preprepare message, and prepare to resolve it]
[resolve pre-prepareMsg success]2021/10/17 20:18:47.341177 /root/study/github_repository/pbftconsensus/network/routine_resolveMsg.go:145: put prepare message into broadcast channel
[dispatch PrepareMsg]2021/10/17 20:18:47.435773 /root/study/github_repository/pbftconsensus/network/routine_dispatchMsg.go:80: [receive prepare message, and prepare to resolve it]
[dispatch PrepareMsg]2021/10/17 20:18:47.443095 /root/study/github_repository/pbftconsensus/network/routine_dispatchMsg.go:80: [receive prepare message, and prepare to resolve it]
[dispatch PrepareMsg]2021/10/17 20:18:47.461022 /root/study/github_repository/pbftconsensus/network/routine_dispatchMsg.go:80: [receive prepare message, and prepare to resolve it]
[dispatch PrepareMsg]2021/10/17 20:18:47.463398 /root/study/github_repository/pbftconsensus/network/routine_dispatchMsg.go:80: [receive prepare message, and prepare to resolve it]
[dispatch PrepareMsg]2021/10/17 20:18:47.474996 /root/study/github_repository/pbftconsensus/network/routine_dispatchMsg.go:80: [receive prepare message, and prepare to resolve it]
[dispatch PrepareMsg]2021/10/17 20:18:47.495522 /root/study/github_repository/pbftconsensus/network/routine_dispatchMsg.go:80: [receive prepare message, and prepare to resolve it]
[dispatch PrepareMsg]2021/10/17 20:18:47.532763 /root/study/github_repository/pbftconsensus/network/routine_dispatchMsg.go:80: [receive prepare message, and prepare to resolve it]
[dispatch PrepareMsg]2021/10/17 20:18:47.532812 /root/study/github_repository/pbftconsensus/network/routine_dispatchMsg.go:80: [receive prepare message, and prepare to resolve it]
[dispatch PrepareMsg]2021/10/17 20:18:47.542819 /root/study/github_repository/pbftconsensus/network/routine_dispatchMsg.go:80: [receive prepare message, and prepare to resolve it]
[dispatch PrepareMsg]2021/10/17 20:18:47.554272 /root/study/github_repository/pbftconsensus/network/routine_dispatchMsg.go:80: [receive prepare message, and prepare to resolve it]
[resolve prepareMsg success]2021/10/17 20:18:47.599939 /root/study/github_repository/pbftconsensus/network/routine_resolveMsg.go:183: put commit message into broadcast channel
[dispatch PrepareMsg]2021/10/17 20:18:47.603732 /root/study/github_repository/pbftconsensus/network/routine_dispatchMsg.go:80: [receive prepare message, and prepare to resolve it]
[dispatch CommitMsg]2021/10/17 20:18:47.617285 /root/study/github_repository/pbftconsensus/network/routine_dispatchMsg.go:95: [receive commit message, and prepare to resolve it]
[dispatch CommitMsg]2021/10/17 20:18:47.653540 /root/study/github_repository/pbftconsensus/network/routine_dispatchMsg.go:95: [receive commit message, and prepare to resolve it]
[dispatch CommitMsg]2021/10/17 20:18:47.719914 /root/study/github_repository/pbftconsensus/network/routine_dispatchMsg.go:95: [receive commit message, and prepare to resolve it]
[dispatch CommitMsg]2021/10/17 20:18:47.740101 /root/study/github_repository/pbftconsensus/network/routine_dispatchMsg.go:95: [receive commit message, and prepare to resolve it]
[dispatch CommitMsg]2021/10/17 20:18:47.777626 /root/study/github_repository/pbftconsensus/network/routine_dispatchMsg.go:95: [receive commit message, and prepare to resolve it]
[dispatch CommitMsg]2021/10/17 20:18:47.804720 /root/study/github_repository/pbftconsensus/network/routine_dispatchMsg.go:95: [receive commit message, and prepare to resolve it]
[dispatch CommitMsg]2021/10/17 20:18:47.906595 /root/study/github_repository/pbftconsensus/network/routine_dispatchMsg.go:95: [receive commit message, and prepare to resolve it]
[dispatch CommitMsg]2021/10/17 20:18:47.923579 /root/study/github_repository/pbftconsensus/network/routine_dispatchMsg.go:95: [receive commit message, and prepare to resolve it]
[dispatch CommitMsg]2021/10/17 20:18:47.935577 /root/study/github_repository/pbftconsensus/network/routine_dispatchMsg.go:95: [receive commit message, and prepare to resolve it]
[dispatch CommitMsg]2021/10/17 20:18:47.953169 /root/study/github_repository/pbftconsensus/network/routine_dispatchMsg.go:95: [receive commit message, and prepare to resolve it]
[dispatch CommitMsg]2021/10/17 20:18:47.963696 /root/study/github_repository/pbftconsensus/network/routine_dispatchMsg.go:95: [receive commit message, and prepare to resolve it]
[dispatch CommitMsg]2021/10/17 20:18:47.992091 /root/study/github_repository/pbftconsensus/network/routine_dispatchMsg.go:95: [receive commit message, and prepare to resolve it]
[dispatch CommitMsg]2021/10/17 20:18:48.009121 /root/study/github_repository/pbftconsensus/network/routine_dispatchMsg.go:95: [receive commit message, and prepare to resolve it]
[dispatch CommitMsg]2021/10/17 20:18:48.020184 /root/study/github_repository/pbftconsensus/network/routine_dispatchMsg.go:95: [receive commit message, and prepare to resolve it]
[resolve commitMsg success]2021/10/17 20:18:48.030192 /root/study/github_repository/pbftconsensus/network/routine_resolveMsg.go:229: put reply message into broadcast channel
[dispatch CommitMsg]2021/10/17 20:18:48.036097 /root/study/github_repository/pbftconsensus/network/routine_dispatchMsg.go:95: [receive commit message, and prepare to resolve it]
[dispatch PrePrepareMsg]2021/10/17 20:22:07.744287 /root/study/github_repository/pbftconsensus/network/routine_dispatchMsg.go:63: [receive preprepare message, and prepare to resolve it]
[resolve pre-prepareMsg success]2021/10/17 20:22:07.790256 /root/study/github_repository/pbftconsensus/network/routine_resolveMsg.go:145: put prepare message into broadcast channel
[dispatch PrepareMsg]2021/10/17 20:22:07.794552 /root/study/github_repository/pbftconsensus/network/routine_dispatchMsg.go:80: [receive prepare message, and prepare to resolve it]
[dispatch PrepareMsg]2021/10/17 20:22:07.817284 /root/study/github_repository/pbftconsensus/network/routine_dispatchMsg.go:80: [receive prepare message, and prepare to resolve it]
[dispatch PrepareMsg]2021/10/17 20:22:07.831752 /root/study/github_repository/pbftconsensus/network/routine_dispatchMsg.go:80: [receive prepare message, and prepare to resolve it]
[dispatch PrepareMsg]2021/10/17 20:22:07.903900 /root/study/github_repository/pbftconsensus/network/routine_dispatchMsg.go:80: [receive prepare message, and prepare to resolve it]
[dispatch PrepareMsg]2021/10/17 20:22:07.909678 /root/study/github_repository/pbftconsensus/network/routine_dispatchMsg.go:80: [receive prepare message, and prepare to resolve it]
[dispatch PrepareMsg]2021/10/17 20:22:07.940513 /root/study/github_repository/pbftconsensus/network/routine_dispatchMsg.go:80: [receive prepare message, and prepare to resolve it]
[dispatch PrepareMsg]2021/10/17 20:22:07.956838 /root/study/github_repository/pbftconsensus/network/routine_dispatchMsg.go:80: [receive prepare message, and prepare to resolve it]
[dispatch PrepareMsg]2021/10/17 20:22:07.975903 /root/study/github_repository/pbftconsensus/network/routine_dispatchMsg.go:80: [receive prepare message, and prepare to resolve it]
[dispatch PrepareMsg]2021/10/17 20:22:07.988740 /root/study/github_repository/pbftconsensus/network/routine_dispatchMsg.go:80: [receive prepare message, and prepare to resolve it]
[dispatch PrepareMsg]2021/10/17 20:22:08.005509 /root/study/github_repository/pbftconsensus/network/routine_dispatchMsg.go:80: [receive prepare message, and prepare to resolve it]
[dispatch PrepareMsg]2021/10/17 20:22:08.014755 /root/study/github_repository/pbftconsensus/network/routine_dispatchMsg.go:80: [receive prepare message, and prepare to resolve it]
[dispatch PrepareMsg]2021/10/17 20:22:08.050087 /root/study/github_repository/pbftconsensus/network/routine_dispatchMsg.go:80: [receive prepare message, and prepare to resolve it]
[dispatch PrepareMsg]2021/10/17 20:22:08.071430 /root/study/github_repository/pbftconsensus/network/routine_dispatchMsg.go:80: [receive prepare message, and prepare to resolve it]
[resolve prepareMsg success]2021/10/17 20:22:08.104116 /root/study/github_repository/pbftconsensus/network/routine_resolveMsg.go:183: put commit message into broadcast channel
[dispatch CommitMsg]2021/10/17 20:22:08.185812 /root/study/github_repository/pbftconsensus/network/routine_dispatchMsg.go:95: [receive commit message, and prepare to resolve it]
[dispatch CommitMsg]2021/10/17 20:22:08.197351 /root/study/github_repository/pbftconsensus/network/routine_dispatchMsg.go:95: [receive commit message, and prepare to resolve it]
[dispatch CommitMsg]2021/10/17 20:22:08.212937 /root/study/github_repository/pbftconsensus/network/routine_dispatchMsg.go:95: [receive commit message, and prepare to resolve it]
[dispatch CommitMsg]2021/10/17 20:22:08.243498 /root/study/github_repository/pbftconsensus/network/routine_dispatchMsg.go:95: [receive commit message, and prepare to resolve it]
[dispatch CommitMsg]2021/10/17 20:22:08.256604 /root/study/github_repository/pbftconsensus/network/routine_dispatchMsg.go:95: [receive commit message, and prepare to resolve it]
[dispatch CommitMsg]2021/10/17 20:22:08.303621 /root/study/github_repository/pbftconsensus/network/routine_dispatchMsg.go:95: [receive commit message, and prepare to resolve it]
[dispatch CommitMsg]2021/10/17 20:22:08.329179 /root/study/github_repository/pbftconsensus/network/routine_dispatchMsg.go:95: [receive commit message, and prepare to resolve it]
[dispatch CommitMsg]2021/10/17 20:22:08.342884 /root/study/github_repository/pbftconsensus/network/routine_dispatchMsg.go:95: [receive commit message, and prepare to resolve it]
[dispatch CommitMsg]2021/10/17 20:22:08.392898 /root/study/github_repository/pbftconsensus/network/routine_dispatchMsg.go:95: [receive commit message, and prepare to resolve it]
[dispatch CommitMsg]2021/10/17 20:22:08.405244 /root/study/github_repository/pbftconsensus/network/routine_dispatchMsg.go:95: [receive commit message, and prepare to resolve it]
[dispatch CommitMsg]2021/10/17 20:22:08.437117 /root/study/github_repository/pbftconsensus/network/routine_dispatchMsg.go:95: [receive commit message, and prepare to resolve it]
[dispatch CommitMsg]2021/10/17 20:22:08.446177 /root/study/github_repository/pbftconsensus/network/routine_dispatchMsg.go:95: [receive commit message, and prepare to resolve it]
[dispatch CommitMsg]2021/10/17 20:22:08.453466 /root/study/github_repository/pbftconsensus/network/routine_dispatchMsg.go:95: [receive commit message, and prepare to resolve it]
[resolve commitMsg success]2021/10/17 20:22:08.461661 /root/study/github_repository/pbftconsensus/network/routine_resolveMsg.go:229: put reply message into broadcast channel
[dispatch CommitMsg]2021/10/17 20:22:08.461888 /root/study/github_repository/pbftconsensus/network/routine_dispatchMsg.go:95: [receive commit message, and prepare to resolve it]
[dispatch PrePrepareMsg]2021/10/17 20:28:05.233966 /root/study/github_repository/pbftconsensus/network/routine_dispatchMsg.go:63: [receive preprepare message, and prepare to resolve it]
[resolve pre-prepareMsg success]2021/10/17 20:28:05.263223 /root/study/github_repository/pbftconsensus/network/routine_resolveMsg.go:145: put prepare message into broadcast channel
[dispatch PrepareMsg]2021/10/17 20:28:05.435083 /root/study/github_repository/pbftconsensus/network/routine_dispatchMsg.go:80: [receive prepare message, and prepare to resolve it]
[resolve prepareMsg success]2021/10/17 20:28:05.605608 /root/study/github_repository/pbftconsensus/network/routine_resolveMsg.go:183: put commit message into broadcast channel
[dispatch PrepareMsg]2021/10/17 20:28:05.636254 /root/study/github_repository/pbftconsensus/network/routine_dispatchMsg.go:80: [receive prepare message, and prepare to resolve it]
[dispatch PrepareMsg]2021/10/17 20:28:05.646620 /root/study/github_repository/pbftconsensus/network/routine_dispatchMsg.go:80: [receive prepare message, and prepare to resolve it]
[dispatch PrepareMsg]2021/10/17 20:28:05.656065 /root/study/github_repository/pbftconsensus/network/routine_dispatchMsg.go:80: [receive prepare message, and prepare to resolve it]
[dispatch PrepareMsg]2021/10/17 20:28:05.804490 /root/study/github_repository/pbftconsensus/network/routine_dispatchMsg.go:80: [receive prepare message, and prepare to resolve it]
[dispatch CommitMsg]2021/10/17 20:28:05.903734 /root/study/github_repository/pbftconsensus/network/routine_dispatchMsg.go:95: [receive commit message, and prepare to resolve it]
[resolve commitMsg success]2021/10/17 20:28:06.047486 /root/study/github_repository/pbftconsensus/network/routine_resolveMsg.go:229: put reply message into broadcast channel
[dispatch CommitMsg]2021/10/17 20:28:06.057074 /root/study/github_repository/pbftconsensus/network/routine_dispatchMsg.go:95: [receive commit message, and prepare to resolve it]
[dispatch PrePrepareMsg]2021/10/17 20:29:59.896162 /root/study/github_repository/pbftconsensus/network/routine_dispatchMsg.go:63: [receive preprepare message, and prepare to resolve it]
[resolve pre-prepareMsg success]2021/10/17 20:29:59.925273 /root/study/github_repository/pbftconsensus/network/routine_resolveMsg.go:145: put prepare message into broadcast channel
[dispatch PrepareMsg]2021/10/17 20:30:00.043413 /root/study/github_repository/pbftconsensus/network/routine_dispatchMsg.go:80: [receive prepare message, and prepare to resolve it]
[dispatch PrepareMsg]2021/10/17 20:30:00.123333 /root/study/github_repository/pbftconsensus/network/routine_dispatchMsg.go:80: [receive prepare message, and prepare to resolve it]
[resolve prepareMsg success]2021/10/17 20:30:00.148407 /root/study/github_repository/pbftconsensus/network/routine_resolveMsg.go:183: put commit message into broadcast channel
[dispatch PrepareMsg]2021/10/17 20:30:00.149729 /root/study/github_repository/pbftconsensus/network/routine_dispatchMsg.go:80: [receive prepare message, and prepare to resolve it]
[dispatch PrepareMsg]2021/10/17 20:30:00.153909 /root/study/github_repository/pbftconsensus/network/routine_dispatchMsg.go:80: [receive prepare message, and prepare to resolve it]
[dispatch PrepareMsg]2021/10/17 20:30:00.158294 /root/study/github_repository/pbftconsensus/network/routine_dispatchMsg.go:80: [receive prepare message, and prepare to resolve it]
[dispatch PrepareMsg]2021/10/17 20:30:00.164818 /root/study/github_repository/pbftconsensus/network/routine_dispatchMsg.go:80: [receive prepare message, and prepare to resolve it]
[dispatch PrepareMsg]2021/10/17 20:30:00.170016 /root/study/github_repository/pbftconsensus/network/routine_dispatchMsg.go:80: [receive prepare message, and prepare to resolve it]
[dispatch PrepareMsg]2021/10/17 20:30:00.177335 /root/study/github_repository/pbftconsensus/network/routine_dispatchMsg.go:80: [receive prepare message, and prepare to resolve it]
[dispatch PrepareMsg]2021/10/17 20:30:00.198245 /root/study/github_repository/pbftconsensus/network/routine_dispatchMsg.go:80: [receive prepare message, and prepare to resolve it]
[dispatch CommitMsg]2021/10/17 20:30:00.335949 /root/study/github_repository/pbftconsensus/network/routine_dispatchMsg.go:95: [receive commit message, and prepare to resolve it]
[dispatch CommitMsg]2021/10/17 20:30:00.404017 /root/study/github_repository/pbftconsensus/network/routine_dispatchMsg.go:95: [receive commit message, and prepare to resolve it]
[dispatch CommitMsg]2021/10/17 20:30:00.417359 /root/study/github_repository/pbftconsensus/network/routine_dispatchMsg.go:95: [receive commit message, and prepare to resolve it]
[resolve commitMsg success]2021/10/17 20:30:00.422162 /root/study/github_repository/pbftconsensus/network/routine_resolveMsg.go:229: put reply message into broadcast channel
[dispatch CommitMsg]2021/10/17 20:30:00.424834 /root/study/github_repository/pbftconsensus/network/routine_dispatchMsg.go:95: [receive commit message, and prepare to resolve it]
[dispatch PrePrepareMsg]2021/10/17 20:30:01.885140 /root/study/github_repository/pbftconsensus/network/routine_dispatchMsg.go:63: [receive preprepare message, and prepare to resolve it]
[resolve pre-prepareMsg success]2021/10/17 20:30:01.914900 /root/study/github_repository/pbftconsensus/network/routine_resolveMsg.go:145: put prepare message into broadcast channel
[dispatch PrepareMsg]2021/10/17 20:30:02.076107 /root/study/github_repository/pbftconsensus/network/routine_dispatchMsg.go:80: [receive prepare message, and prepare to resolve it]
[resolve prepareMsg success]2021/10/17 20:30:02.179325 /root/study/github_repository/pbftconsensus/network/routine_resolveMsg.go:183: put commit message into broadcast channel
[dispatch PrepareMsg]2021/10/17 20:30:02.215313 /root/study/github_repository/pbftconsensus/network/routine_dispatchMsg.go:80: [receive prepare message, and prepare to resolve it]
[dispatch PrepareMsg]2021/10/17 20:30:02.220059 /root/study/github_repository/pbftconsensus/network/routine_dispatchMsg.go:80: [receive prepare message, and prepare to resolve it]
[dispatch CommitMsg]2021/10/17 20:30:02.399402 /root/study/github_repository/pbftconsensus/network/routine_dispatchMsg.go:95: [receive commit message, and prepare to resolve it]
[resolve commitMsg success]2021/10/17 20:30:02.473829 /root/study/github_repository/pbftconsensus/network/routine_resolveMsg.go:229: put reply message into broadcast channel
[dispatch CommitMsg]2021/10/17 20:30:02.494966 /root/study/github_repository/pbftconsensus/network/routine_dispatchMsg.go:95: [receive commit message, and prepare to resolve it]
[dispatch PrePrepareMsg]2021/10/17 20:30:07.889919 /root/study/github_repository/pbftconsensus/network/routine_dispatchMsg.go:63: [receive preprepare message, and prepare to resolve it]
[resolve pre-prepareMsg success]2021/10/17 20:30:07.914877 /root/study/github_repository/pbftconsensus/network/routine_resolveMsg.go:145: put prepare message into broadcast channel
[dispatch PrepareMsg]2021/10/17 20:30:07.965396 /root/study/github_repository/pbftconsensus/network/routine_dispatchMsg.go:80: [receive prepare message, and prepare to resolve it]
[dispatch PrepareMsg]2021/10/17 20:30:08.033945 /root/study/github_repository/pbftconsensus/network/routine_dispatchMsg.go:80: [receive prepare message, and prepare to resolve it]
[dispatch PrepareMsg]2021/10/17 20:30:08.042707 /root/study/github_repository/pbftconsensus/network/routine_dispatchMsg.go:80: [receive prepare message, and prepare to resolve it]
[dispatch PrepareMsg]2021/10/17 20:30:08.051174 /root/study/github_repository/pbftconsensus/network/routine_dispatchMsg.go:80: [receive prepare message, and prepare to resolve it]
[dispatch PrepareMsg]2021/10/17 20:30:08.060190 /root/study/github_repository/pbftconsensus/network/routine_dispatchMsg.go:80: [receive prepare message, and prepare to resolve it]
[dispatch PrepareMsg]2021/10/17 20:30:08.069601 /root/study/github_repository/pbftconsensus/network/routine_dispatchMsg.go:80: [receive prepare message, and prepare to resolve it]
[resolve prepareMsg success]2021/10/17 20:30:08.098135 /root/study/github_repository/pbftconsensus/network/routine_resolveMsg.go:183: put commit message into broadcast channel
[dispatch PrepareMsg]2021/10/17 20:30:08.099429 /root/study/github_repository/pbftconsensus/network/routine_dispatchMsg.go:80: [receive prepare message, and prepare to resolve it]
[dispatch PrepareMsg]2021/10/17 20:30:08.108241 /root/study/github_repository/pbftconsensus/network/routine_dispatchMsg.go:80: [receive prepare message, and prepare to resolve it]
[dispatch PrepareMsg]2021/10/17 20:30:08.116855 /root/study/github_repository/pbftconsensus/network/routine_dispatchMsg.go:80: [receive prepare message, and prepare to resolve it]
[dispatch PrepareMsg]2021/10/17 20:30:08.124623 /root/study/github_repository/pbftconsensus/network/routine_dispatchMsg.go:80: [receive prepare message, and prepare to resolve it]
[dispatch PrepareMsg]2021/10/17 20:30:08.132785 /root/study/github_repository/pbftconsensus/network/routine_dispatchMsg.go:80: [receive prepare message, and prepare to resolve it]
[dispatch PrepareMsg]2021/10/17 20:30:08.200046 /root/study/github_repository/pbftconsensus/network/routine_dispatchMsg.go:80: [receive prepare message, and prepare to resolve it]
[dispatch PrepareMsg]2021/10/17 20:30:08.246573 /root/study/github_repository/pbftconsensus/network/routine_dispatchMsg.go:80: [receive prepare message, and prepare to resolve it]
[dispatch CommitMsg]2021/10/17 20:30:08.444103 /root/study/github_repository/pbftconsensus/network/routine_dispatchMsg.go:95: [receive commit message, and prepare to resolve it]
[dispatch CommitMsg]2021/10/17 20:30:08.559795 /root/study/github_repository/pbftconsensus/network/routine_dispatchMsg.go:95: [receive commit message, and prepare to resolve it]
[dispatch CommitMsg]2021/10/17 20:30:08.580432 /root/study/github_repository/pbftconsensus/network/routine_dispatchMsg.go:95: [receive commit message, and prepare to resolve it]
[dispatch CommitMsg]2021/10/17 20:30:08.600471 /root/study/github_repository/pbftconsensus/network/routine_dispatchMsg.go:95: [receive commit message, and prepare to resolve it]
[dispatch CommitMsg]2021/10/17 20:30:08.606875 /root/study/github_repository/pbftconsensus/network/routine_dispatchMsg.go:95: [receive commit message, and prepare to resolve it]
[dispatch CommitMsg]2021/10/17 20:30:08.617537 /root/study/github_repository/pbftconsensus/network/routine_dispatchMsg.go:95: [receive commit message, and prepare to resolve it]
[resolve commitMsg success]2021/10/17 20:30:08.627280 /root/study/github_repository/pbftconsensus/network/routine_resolveMsg.go:229: put reply message into broadcast channel
[dispatch CommitMsg]2021/10/17 20:30:08.627835 /root/study/github_repository/pbftconsensus/network/routine_dispatchMsg.go:95: [receive commit message, and prepare to resolve it]
[dispatch PrePrepareMsg]2021/10/17 20:31:56.352511 /root/study/github_repository/pbftconsensus/network/routine_dispatchMsg.go:63: [receive preprepare message, and prepare to resolve it]
[resolve pre-prepareMsg success]2021/10/17 20:31:56.377622 /root/study/github_repository/pbftconsensus/network/routine_resolveMsg.go:145: put prepare message into broadcast channel
[dispatch PrepareMsg]2021/10/17 20:31:56.510261 /root/study/github_repository/pbftconsensus/network/routine_dispatchMsg.go:80: [receive prepare message, and prepare to resolve it]
[resolve prepareMsg success]2021/10/17 20:31:56.645205 /root/study/github_repository/pbftconsensus/network/routine_resolveMsg.go:183: put commit message into broadcast channel
[dispatch PrepareMsg]2021/10/17 20:31:56.668958 /root/study/github_repository/pbftconsensus/network/routine_dispatchMsg.go:80: [receive prepare message, and prepare to resolve it]
[dispatch PrepareMsg]2021/10/17 20:31:56.676950 /root/study/github_repository/pbftconsensus/network/routine_dispatchMsg.go:80: [receive prepare message, and prepare to resolve it]
[dispatch PrepareMsg]2021/10/17 20:31:56.685547 /root/study/github_repository/pbftconsensus/network/routine_dispatchMsg.go:80: [receive prepare message, and prepare to resolve it]
[dispatch PrepareMsg]2021/10/17 20:31:56.712478 /root/study/github_repository/pbftconsensus/network/routine_dispatchMsg.go:80: [receive prepare message, and prepare to resolve it]
[resolve commitMsg success]2021/10/17 20:31:57.189264 /root/study/github_repository/pbftconsensus/network/routine_resolveMsg.go:229: put reply message into broadcast channel
[dispatch CommitMsg]2021/10/17 20:31:57.205804 /root/study/github_repository/pbftconsensus/network/routine_dispatchMsg.go:95: [receive commit message, and prepare to resolve it]
[dispatch PrePrepareMsg]2021/10/17 20:33:28.713285 /root/study/github_repository/pbftconsensus/network/routine_dispatchMsg.go:63: [receive preprepare message, and prepare to resolve it]
[resolve pre-prepareMsg success]2021/10/17 20:33:28.735942 /root/study/github_repository/pbftconsensus/network/routine_resolveMsg.go:145: put prepare message into broadcast channel
[dispatch PrepareMsg]2021/10/17 20:33:28.999393 /root/study/github_repository/pbftconsensus/network/routine_dispatchMsg.go:80: [receive prepare message, and prepare to resolve it]
[resolve prepareMsg success]2021/10/17 20:33:29.119822 /root/study/github_repository/pbftconsensus/network/routine_resolveMsg.go:183: put commit message into broadcast channel
[dispatch PrepareMsg]2021/10/17 20:33:29.145963 /root/study/github_repository/pbftconsensus/network/routine_dispatchMsg.go:80: [receive prepare message, and prepare to resolve it]
[dispatch PrepareMsg]2021/10/17 20:33:29.153599 /root/study/github_repository/pbftconsensus/network/routine_dispatchMsg.go:80: [receive prepare message, and prepare to resolve it]
[dispatch PrepareMsg]2021/10/17 20:33:29.160642 /root/study/github_repository/pbftconsensus/network/routine_dispatchMsg.go:80: [receive prepare message, and prepare to resolve it]
[dispatch PrepareMsg]2021/10/17 20:33:29.169440 /root/study/github_repository/pbftconsensus/network/routine_dispatchMsg.go:80: [receive prepare message, and prepare to resolve it]
[dispatch CommitMsg]2021/10/17 20:33:29.488924 /root/study/github_repository/pbftconsensus/network/routine_dispatchMsg.go:95: [receive commit message, and prepare to resolve it]
[resolve commitMsg success]2021/10/17 20:33:29.597810 /root/study/github_repository/pbftconsensus/network/routine_resolveMsg.go:229: put reply message into broadcast channel
[dispatch CommitMsg]2021/10/17 20:33:29.627601 /root/study/github_repository/pbftconsensus/network/routine_dispatchMsg.go:95: [receive commit message, and prepare to resolve it]
[dispatch PrePrepareMsg]2021/10/17 20:33:36.668673 /root/study/github_repository/pbftconsensus/network/routine_dispatchMsg.go:63: [receive preprepare message, and prepare to resolve it]
[resolve pre-prepareMsg success]2021/10/17 20:33:36.701301 /root/study/github_repository/pbftconsensus/network/routine_resolveMsg.go:145: put prepare message into broadcast channel
[resolve prepareMsg success]2021/10/17 20:33:37.432095 /root/study/github_repository/pbftconsensus/network/routine_resolveMsg.go:183: put commit message into broadcast channel
[resolve commitMsg success]2021/10/17 20:33:37.780164 /root/study/github_repository/pbftconsensus/network/routine_resolveMsg.go:229: put reply message into broadcast channel
[dispatch PrePrepareMsg]2021/10/17 20:46:08.452929 /root/study/github_repository/pbftconsensus/network/routine_dispatchMsg.go:63: [receive preprepare message, and prepare to resolve it]
[resolve pre-prepareMsg success]2021/10/17 20:46:08.482687 /root/study/github_repository/pbftconsensus/network/routine_resolveMsg.go:145: put prepare message into broadcast channel
[dispatch PrepareMsg]2021/10/17 20:46:08.689320 /root/study/github_repository/pbftconsensus/network/routine_dispatchMsg.go:80: [receive prepare message, and prepare to resolve it]
[resolve prepareMsg success]2021/10/17 20:46:08.828697 /root/study/github_repository/pbftconsensus/network/routine_resolveMsg.go:183: put commit message into broadcast channel
[dispatch PrepareMsg]2021/10/17 20:46:08.875657 /root/study/github_repository/pbftconsensus/network/routine_dispatchMsg.go:80: [receive prepare message, and prepare to resolve it]
[dispatch PrepareMsg]2021/10/17 20:46:08.932487 /root/study/github_repository/pbftconsensus/network/routine_dispatchMsg.go:80: [receive prepare message, and prepare to resolve it]
[dispatch CommitMsg]2021/10/17 20:46:09.118271 /root/study/github_repository/pbftconsensus/network/routine_dispatchMsg.go:95: [receive commit message, and prepare to resolve it]
[resolve commitMsg success]2021/10/17 20:46:09.269312 /root/study/github_repository/pbftconsensus/network/routine_resolveMsg.go:229: put reply message into broadcast channel
[dispatch CommitMsg]2021/10/17 20:46:09.269768 /root/study/github_repository/pbftconsensus/network/routine_dispatchMsg.go:95: [receive commit message, and prepare to resolve it]
[dispatch PrePrepareMsg]2021/10/17 20:46:14.454927 /root/study/github_repository/pbftconsensus/network/routine_dispatchMsg.go:63: [receive preprepare message, and prepare to resolve it]
[resolve pre-prepareMsg success]2021/10/17 20:46:14.480168 /root/study/github_repository/pbftconsensus/network/routine_resolveMsg.go:145: put prepare message into broadcast channel
[dispatch PrepareMsg]2021/10/17 20:46:14.583829 /root/study/github_repository/pbftconsensus/network/routine_dispatchMsg.go:80: [receive prepare message, and prepare to resolve it]
[resolve prepareMsg success]2021/10/17 20:46:14.725148 /root/study/github_repository/pbftconsensus/network/routine_resolveMsg.go:183: put commit message into broadcast channel
[dispatch PrepareMsg]2021/10/17 20:46:14.725827 /root/study/github_repository/pbftconsensus/network/routine_dispatchMsg.go:80: [receive prepare message, and prepare to resolve it]
[dispatch PrepareMsg]2021/10/17 20:46:14.736919 /root/study/github_repository/pbftconsensus/network/routine_dispatchMsg.go:80: [receive prepare message, and prepare to resolve it]
[dispatch PrepareMsg]2021/10/17 20:46:14.744346 /root/study/github_repository/pbftconsensus/network/routine_dispatchMsg.go:80: [receive prepare message, and prepare to resolve it]
[dispatch PrepareMsg]2021/10/17 20:46:14.773956 /root/study/github_repository/pbftconsensus/network/routine_dispatchMsg.go:80: [receive prepare message, and prepare to resolve it]
[dispatch PrepareMsg]2021/10/17 20:46:14.790846 /root/study/github_repository/pbftconsensus/network/routine_dispatchMsg.go:80: [receive prepare message, and prepare to resolve it]
[dispatch PrepareMsg]2021/10/17 20:46:14.805350 /root/study/github_repository/pbftconsensus/network/routine_dispatchMsg.go:80: [receive prepare message, and prepare to resolve it]
[dispatch PrepareMsg]2021/10/17 20:46:14.870801 /root/study/github_repository/pbftconsensus/network/routine_dispatchMsg.go:80: [receive prepare message, and prepare to resolve it]
[dispatch CommitMsg]2021/10/17 20:46:15.079805 /root/study/github_repository/pbftconsensus/network/routine_dispatchMsg.go:95: [receive commit message, and prepare to resolve it]
[dispatch CommitMsg]2021/10/17 20:46:15.183341 /root/study/github_repository/pbftconsensus/network/routine_dispatchMsg.go:95: [receive commit message, and prepare to resolve it]
[dispatch CommitMsg]2021/10/17 20:46:15.219473 /root/study/github_repository/pbftconsensus/network/routine_dispatchMsg.go:95: [receive commit message, and prepare to resolve it]
[dispatch CommitMsg]2021/10/17 20:46:15.252132 /root/study/github_repository/pbftconsensus/network/routine_dispatchMsg.go:95: [receive commit message, and prepare to resolve it]
[dispatch CommitMsg]2021/10/17 20:46:15.264634 /root/study/github_repository/pbftconsensus/network/routine_dispatchMsg.go:95: [receive commit message, and prepare to resolve it]
[resolve commitMsg success]2021/10/17 20:46:15.273292 /root/study/github_repository/pbftconsensus/network/routine_resolveMsg.go:229: put reply message into broadcast channel
[dispatch CommitMsg]2021/10/17 20:46:15.273593 /root/study/github_repository/pbftconsensus/network/routine_dispatchMsg.go:95: [receive commit message, and prepare to resolve it]
