[dispatch PrePrepareMsg]2021/10/17 16:51:50.260429 /root/study/github_repository/pbftconsensus/network/routine_dispatchMsg.go:63: [receive preprepare message, and prepare to resolve it]
[resolve pre-prepareMsg success]2021/10/17 16:51:50.323646 /root/study/github_repository/pbftconsensus/network/routine_resolveMsg.go:145: put prepare message into broadcast channel
[dispatch PrepareMsg]2021/10/17 16:51:50.328609 /root/study/github_repository/pbftconsensus/network/routine_dispatchMsg.go:80: [receive prepare message, and prepare to resolve it]
[dispatch PrepareMsg]2021/10/17 16:51:50.431321 /root/study/github_repository/pbftconsensus/network/routine_dispatchMsg.go:80: [receive prepare message, and prepare to resolve it]
[dispatch PrepareMsg]2021/10/17 16:51:50.446761 /root/study/github_repository/pbftconsensus/network/routine_dispatchMsg.go:80: [receive prepare message, and prepare to resolve it]
[dispatch PrepareMsg]2021/10/17 16:51:50.492623 /root/study/github_repository/pbftconsensus/network/routine_dispatchMsg.go:80: [receive prepare message, and prepare to resolve it]
[dispatch PrepareMsg]2021/10/17 16:51:50.508086 /root/study/github_repository/pbftconsensus/network/routine_dispatchMsg.go:80: [receive prepare message, and prepare to resolve it]
[dispatch PrepareMsg]2021/10/17 16:51:50.525212 /root/study/github_repository/pbftconsensus/network/routine_dispatchMsg.go:80: [receive prepare message, and prepare to resolve it]
[dispatch PrepareMsg]2021/10/17 16:51:50.537071 /root/study/github_repository/pbftconsensus/network/routine_dispatchMsg.go:80: [receive prepare message, and prepare to resolve it]
[resolve prepareMsg success]2021/10/17 16:51:50.585368 /root/study/github_repository/pbftconsensus/network/routine_resolveMsg.go:183: put commit message into broadcast channel
[dispatch PrepareMsg]2021/10/17 16:51:50.585865 /root/study/github_repository/pbftconsensus/network/routine_dispatchMsg.go:80: [receive prepare message, and prepare to resolve it]
[dispatch CommitMsg]2021/10/17 16:51:50.611138 /root/study/github_repository/pbftconsensus/network/routine_dispatchMsg.go:95: [receive commit message, and prepare to resolve it]
[dispatch CommitMsg]2021/10/17 16:51:50.619236 /root/study/github_repository/pbftconsensus/network/routine_dispatchMsg.go:95: [receive commit message, and prepare to resolve it]
[dispatch CommitMsg]2021/10/17 16:51:50.634314 /root/study/github_repository/pbftconsensus/network/routine_dispatchMsg.go:95: [receive commit message, and prepare to resolve it]
[dispatch CommitMsg]2021/10/17 16:51:50.648078 /root/study/github_repository/pbftconsensus/network/routine_dispatchMsg.go:95: [receive commit message, and prepare to resolve it]
[dispatch CommitMsg]2021/10/17 16:51:50.657029 /root/study/github_repository/pbftconsensus/network/routine_dispatchMsg.go:95: [receive commit message, and prepare to resolve it]
[dispatch CommitMsg]2021/10/17 16:51:50.678095 /root/study/github_repository/pbftconsensus/network/routine_dispatchMsg.go:95: [receive commit message, and prepare to resolve it]
[dispatch CommitMsg]2021/10/17 16:51:50.707673 /root/study/github_repository/pbftconsensus/network/routine_dispatchMsg.go:95: [receive commit message, and prepare to resolve it]
[dispatch CommitMsg]2021/10/17 16:51:50.763652 /root/study/github_repository/pbftconsensus/network/routine_dispatchMsg.go:95: [receive commit message, and prepare to resolve it]
[dispatch CommitMsg]2021/10/17 16:51:50.778856 /root/study/github_repository/pbftconsensus/network/routine_dispatchMsg.go:95: [receive commit message, and prepare to resolve it]
[dispatch CommitMsg]2021/10/17 16:51:50.800708 /root/study/github_repository/pbftconsensus/network/routine_dispatchMsg.go:95: [receive commit message, and prepare to resolve it]
[dispatch CommitMsg]2021/10/17 16:51:50.826884 /root/study/github_repository/pbftconsensus/network/routine_dispatchMsg.go:95: [receive commit message, and prepare to resolve it]
[dispatch CommitMsg]2021/10/17 16:51:50.835391 /root/study/github_repository/pbftconsensus/network/routine_dispatchMsg.go:95: [receive commit message, and prepare to resolve it]
[dispatch CommitMsg]2021/10/17 16:51:50.847416 /root/study/github_repository/pbftconsensus/network/routine_dispatchMsg.go:95: [receive commit message, and prepare to resolve it]
[dispatch CommitMsg]2021/10/17 16:51:50.862304 /root/study/github_repository/pbftconsensus/network/routine_dispatchMsg.go:95: [receive commit message, and prepare to resolve it]
[resolve commitMsg success]2021/10/17 16:51:50.870311 /root/study/github_repository/pbftconsensus/network/routine_resolveMsg.go:229: put reply message into broadcast channel
[dispatch CommitMsg]2021/10/17 16:51:50.870534 /root/study/github_repository/pbftconsensus/network/routine_dispatchMsg.go:95: [receive commit message, and prepare to resolve it]
[dispatch PrePrepareMsg]2021/10/17 16:59:24.741391 /root/study/github_repository/pbftconsensus/network/routine_dispatchMsg.go:63: [receive preprepare message, and prepare to resolve it]
[resolve pre-prepareMsg success]2021/10/17 16:59:24.766910 /root/study/github_repository/pbftconsensus/network/routine_resolveMsg.go:145: put prepare message into broadcast channel
[dispatch PrepareMsg]2021/10/17 16:59:24.768284 /root/study/github_repository/pbftconsensus/network/routine_dispatchMsg.go:80: [receive prepare message, and prepare to resolve it]
[dispatch PrepareMsg]2021/10/17 16:59:24.806004 /root/study/github_repository/pbftconsensus/network/routine_dispatchMsg.go:80: [receive prepare message, and prepare to resolve it]
[dispatch PrepareMsg]2021/10/17 16:59:24.812031 /root/study/github_repository/pbftconsensus/network/routine_dispatchMsg.go:80: [receive prepare message, and prepare to resolve it]
[dispatch PrepareMsg]2021/10/17 16:59:24.822696 /root/study/github_repository/pbftconsensus/network/routine_dispatchMsg.go:80: [receive prepare message, and prepare to resolve it]
[dispatch PrepareMsg]2021/10/17 16:59:24.834879 /root/study/github_repository/pbftconsensus/network/routine_dispatchMsg.go:80: [receive prepare message, and prepare to resolve it]
[dispatch PrepareMsg]2021/10/17 16:59:24.844878 /root/study/github_repository/pbftconsensus/network/routine_dispatchMsg.go:80: [receive prepare message, and prepare to resolve it]
[dispatch PrepareMsg]2021/10/17 16:59:24.861501 /root/study/github_repository/pbftconsensus/network/routine_dispatchMsg.go:80: [receive prepare message, and prepare to resolve it]
[dispatch PrepareMsg]2021/10/17 16:59:24.941103 /root/study/github_repository/pbftconsensus/network/routine_dispatchMsg.go:80: [receive prepare message, and prepare to resolve it]
[dispatch PrepareMsg]2021/10/17 16:59:24.979697 /root/study/github_repository/pbftconsensus/network/routine_dispatchMsg.go:80: [receive prepare message, and prepare to resolve it]
[dispatch PrepareMsg]2021/10/17 16:59:24.989217 /root/study/github_repository/pbftconsensus/network/routine_dispatchMsg.go:80: [receive prepare message, and prepare to resolve it]
[dispatch PrepareMsg]2021/10/17 16:59:25.009252 /root/study/github_repository/pbftconsensus/network/routine_dispatchMsg.go:80: [receive prepare message, and prepare to resolve it]
[resolve prepareMsg success]2021/10/17 16:59:25.049806 /root/study/github_repository/pbftconsensus/network/routine_resolveMsg.go:183: put commit message into broadcast channel
[dispatch PrepareMsg]2021/10/17 16:59:25.050752 /root/study/github_repository/pbftconsensus/network/routine_dispatchMsg.go:80: [receive prepare message, and prepare to resolve it]
[dispatch CommitMsg]2021/10/17 16:59:25.061408 /root/study/github_repository/pbftconsensus/network/routine_dispatchMsg.go:95: [receive commit message, and prepare to resolve it]
[dispatch CommitMsg]2021/10/17 16:59:25.091436 /root/study/github_repository/pbftconsensus/network/routine_dispatchMsg.go:95: [receive commit message, and prepare to resolve it]
[dispatch CommitMsg]2021/10/17 16:59:25.111295 /root/study/github_repository/pbftconsensus/network/routine_dispatchMsg.go:95: [receive commit message, and prepare to resolve it]
[dispatch CommitMsg]2021/10/17 16:59:25.135422 /root/study/github_repository/pbftconsensus/network/routine_dispatchMsg.go:95: [receive commit message, and prepare to resolve it]
[dispatch CommitMsg]2021/10/17 16:59:25.144877 /root/study/github_repository/pbftconsensus/network/routine_dispatchMsg.go:95: [receive commit message, and prepare to resolve it]
[dispatch CommitMsg]2021/10/17 16:59:25.167628 /root/study/github_repository/pbftconsensus/network/routine_dispatchMsg.go:95: [receive commit message, and prepare to resolve it]
[dispatch CommitMsg]2021/10/17 16:59:25.201377 /root/study/github_repository/pbftconsensus/network/routine_dispatchMsg.go:95: [receive commit message, and prepare to resolve it]
[dispatch CommitMsg]2021/10/17 16:59:25.226986 /root/study/github_repository/pbftconsensus/network/routine_dispatchMsg.go:95: [receive commit message, and prepare to resolve it]
[dispatch CommitMsg]2021/10/17 16:59:25.232689 /root/study/github_repository/pbftconsensus/network/routine_dispatchMsg.go:95: [receive commit message, and prepare to resolve it]
[dispatch CommitMsg]2021/10/17 16:59:25.264007 /root/study/github_repository/pbftconsensus/network/routine_dispatchMsg.go:95: [receive commit message, and prepare to resolve it]
[dispatch CommitMsg]2021/10/17 16:59:25.285606 /root/study/github_repository/pbftconsensus/network/routine_dispatchMsg.go:95: [receive commit message, and prepare to resolve it]
[dispatch CommitMsg]2021/10/17 16:59:25.297478 /root/study/github_repository/pbftconsensus/network/routine_dispatchMsg.go:95: [receive commit message, and prepare to resolve it]
[dispatch CommitMsg]2021/10/17 16:59:25.322138 /root/study/github_repository/pbftconsensus/network/routine_dispatchMsg.go:95: [receive commit message, and prepare to resolve it]
[dispatch CommitMsg]2021/10/17 16:59:25.364019 /root/study/github_repository/pbftconsensus/network/routine_dispatchMsg.go:95: [receive commit message, and prepare to resolve it]
[resolve commitMsg success]2021/10/17 16:59:25.372934 /root/study/github_repository/pbftconsensus/network/routine_resolveMsg.go:229: put reply message into broadcast channel
[dispatch PrePrepareMsg]2021/10/17 17:04:46.230799 /root/study/github_repository/pbftconsensus/network/routine_dispatchMsg.go:63: [receive preprepare message, and prepare to resolve it]
[resolve pre-prepareMsg success]2021/10/17 17:04:46.255407 /root/study/github_repository/pbftconsensus/network/routine_resolveMsg.go:145: put prepare message into broadcast channel
[dispatch PrepareMsg]2021/10/17 17:04:46.258367 /root/study/github_repository/pbftconsensus/network/routine_dispatchMsg.go:80: [receive prepare message, and prepare to resolve it]
[dispatch PrepareMsg]2021/10/17 17:04:46.284091 /root/study/github_repository/pbftconsensus/network/routine_dispatchMsg.go:80: [receive prepare message, and prepare to resolve it]
[dispatch PrepareMsg]2021/10/17 17:04:46.293071 /root/study/github_repository/pbftconsensus/network/routine_dispatchMsg.go:80: [receive prepare message, and prepare to resolve it]
[dispatch PrepareMsg]2021/10/17 17:04:46.308451 /root/study/github_repository/pbftconsensus/network/routine_dispatchMsg.go:80: [receive prepare message, and prepare to resolve it]
[dispatch PrepareMsg]2021/10/17 17:04:46.320394 /root/study/github_repository/pbftconsensus/network/routine_dispatchMsg.go:80: [receive prepare message, and prepare to resolve it]
[dispatch PrepareMsg]2021/10/17 17:04:46.338761 /root/study/github_repository/pbftconsensus/network/routine_dispatchMsg.go:80: [receive prepare message, and prepare to resolve it]
[dispatch PrepareMsg]2021/10/17 17:04:46.346541 /root/study/github_repository/pbftconsensus/network/routine_dispatchMsg.go:80: [receive prepare message, and prepare to resolve it]
[dispatch PrepareMsg]2021/10/17 17:04:46.380728 /root/study/github_repository/pbftconsensus/network/routine_dispatchMsg.go:80: [receive prepare message, and prepare to resolve it]
[dispatch PrepareMsg]2021/10/17 17:04:46.409344 /root/study/github_repository/pbftconsensus/network/routine_dispatchMsg.go:80: [receive prepare message, and prepare to resolve it]
[dispatch PrepareMsg]2021/10/17 17:04:46.423503 /root/study/github_repository/pbftconsensus/network/routine_dispatchMsg.go:80: [receive prepare message, and prepare to resolve it]
[dispatch PrepareMsg]2021/10/17 17:04:46.435230 /root/study/github_repository/pbftconsensus/network/routine_dispatchMsg.go:80: [receive prepare message, and prepare to resolve it]
[dispatch PrepareMsg]2021/10/17 17:04:46.446105 /root/study/github_repository/pbftconsensus/network/routine_dispatchMsg.go:80: [receive prepare message, and prepare to resolve it]
[resolve prepareMsg success]2021/10/17 17:04:46.504250 /root/study/github_repository/pbftconsensus/network/routine_resolveMsg.go:183: put commit message into broadcast channel
[dispatch PrepareMsg]2021/10/17 17:04:46.504627 /root/study/github_repository/pbftconsensus/network/routine_dispatchMsg.go:80: [receive prepare message, and prepare to resolve it]
[dispatch CommitMsg]2021/10/17 17:04:46.540793 /root/study/github_repository/pbftconsensus/network/routine_dispatchMsg.go:95: [receive commit message, and prepare to resolve it]
[dispatch CommitMsg]2021/10/17 17:04:46.549875 /root/study/github_repository/pbftconsensus/network/routine_dispatchMsg.go:95: [receive commit message, and prepare to resolve it]
[dispatch CommitMsg]2021/10/17 17:04:46.563701 /root/study/github_repository/pbftconsensus/network/routine_dispatchMsg.go:95: [receive commit message, and prepare to resolve it]
[dispatch CommitMsg]2021/10/17 17:04:46.573006 /root/study/github_repository/pbftconsensus/network/routine_dispatchMsg.go:95: [receive commit message, and prepare to resolve it]
[dispatch CommitMsg]2021/10/17 17:04:46.582889 /root/study/github_repository/pbftconsensus/network/routine_dispatchMsg.go:95: [receive commit message, and prepare to resolve it]
[dispatch CommitMsg]2021/10/17 17:04:46.623291 /root/study/github_repository/pbftconsensus/network/routine_dispatchMsg.go:95: [receive commit message, and prepare to resolve it]
[dispatch CommitMsg]2021/10/17 17:04:46.640233 /root/study/github_repository/pbftconsensus/network/routine_dispatchMsg.go:95: [receive commit message, and prepare to resolve it]
[dispatch CommitMsg]2021/10/17 17:04:46.675072 /root/study/github_repository/pbftconsensus/network/routine_dispatchMsg.go:95: [receive commit message, and prepare to resolve it]
[dispatch CommitMsg]2021/10/17 17:04:46.687999 /root/study/github_repository/pbftconsensus/network/routine_dispatchMsg.go:95: [receive commit message, and prepare to resolve it]
[dispatch CommitMsg]2021/10/17 17:04:46.700787 /root/study/github_repository/pbftconsensus/network/routine_dispatchMsg.go:95: [receive commit message, and prepare to resolve it]
[dispatch CommitMsg]2021/10/17 17:04:46.708797 /root/study/github_repository/pbftconsensus/network/routine_dispatchMsg.go:95: [receive commit message, and prepare to resolve it]
[dispatch CommitMsg]2021/10/17 17:04:46.741675 /root/study/github_repository/pbftconsensus/network/routine_dispatchMsg.go:95: [receive commit message, and prepare to resolve it]
[dispatch CommitMsg]2021/10/17 17:04:46.766178 /root/study/github_repository/pbftconsensus/network/routine_dispatchMsg.go:95: [receive commit message, and prepare to resolve it]
[dispatch CommitMsg]2021/10/17 17:04:46.773007 /root/study/github_repository/pbftconsensus/network/routine_dispatchMsg.go:95: [receive commit message, and prepare to resolve it]
[resolve commitMsg success]2021/10/17 17:04:46.791762 /root/study/github_repository/pbftconsensus/network/routine_resolveMsg.go:229: put reply message into broadcast channel
[dispatch CommitMsg]2021/10/17 17:04:46.808794 /root/study/github_repository/pbftconsensus/network/routine_dispatchMsg.go:95: [receive commit message, and prepare to resolve it]
[dispatch PrePrepareMsg]2021/10/17 18:49:20.110221 /root/study/github_repository/pbftconsensus/network/routine_dispatchMsg.go:63: [receive preprepare message, and prepare to resolve it]
[resolve pre-prepareMsg success]2021/10/17 18:49:20.134711 /root/study/github_repository/pbftconsensus/network/routine_resolveMsg.go:145: put prepare message into broadcast channel
[dispatch PrepareMsg]2021/10/17 18:49:20.141018 /root/study/github_repository/pbftconsensus/network/routine_dispatchMsg.go:80: [receive prepare message, and prepare to resolve it]
[dispatch PrepareMsg]2021/10/17 18:49:20.153208 /root/study/github_repository/pbftconsensus/network/routine_dispatchMsg.go:80: [receive prepare message, and prepare to resolve it]
[dispatch PrepareMsg]2021/10/17 18:49:20.166186 /root/study/github_repository/pbftconsensus/network/routine_dispatchMsg.go:80: [receive prepare message, and prepare to resolve it]
[dispatch PrepareMsg]2021/10/17 18:49:20.171828 /root/study/github_repository/pbftconsensus/network/routine_dispatchMsg.go:80: [receive prepare message, and prepare to resolve it]
[dispatch PrepareMsg]2021/10/17 18:49:20.176720 /root/study/github_repository/pbftconsensus/network/routine_dispatchMsg.go:80: [receive prepare message, and prepare to resolve it]
[dispatch PrepareMsg]2021/10/17 18:49:20.191912 /root/study/github_repository/pbftconsensus/network/routine_dispatchMsg.go:80: [receive prepare message, and prepare to resolve it]
[dispatch PrepareMsg]2021/10/17 18:49:20.198169 /root/study/github_repository/pbftconsensus/network/routine_dispatchMsg.go:80: [receive prepare message, and prepare to resolve it]
[dispatch PrepareMsg]2021/10/17 18:49:20.212069 /root/study/github_repository/pbftconsensus/network/routine_dispatchMsg.go:80: [receive prepare message, and prepare to resolve it]
[dispatch PrepareMsg]2021/10/17 18:49:20.215648 /root/study/github_repository/pbftconsensus/network/routine_dispatchMsg.go:80: [receive prepare message, and prepare to resolve it]
[dispatch PrepareMsg]2021/10/17 18:49:20.218059 /root/study/github_repository/pbftconsensus/network/routine_dispatchMsg.go:80: [receive prepare message, and prepare to resolve it]
[dispatch PrepareMsg]2021/10/17 18:49:20.247617 /root/study/github_repository/pbftconsensus/network/routine_dispatchMsg.go:80: [receive prepare message, and prepare to resolve it]
[dispatch PrepareMsg]2021/10/17 18:49:20.253277 /root/study/github_repository/pbftconsensus/network/routine_dispatchMsg.go:80: [receive prepare message, and prepare to resolve it]
[dispatch PrepareMsg]2021/10/17 18:49:20.272578 /root/study/github_repository/pbftconsensus/network/routine_dispatchMsg.go:80: [receive prepare message, and prepare to resolve it]
[resolve prepareMsg success]2021/10/17 18:49:20.309174 /root/study/github_repository/pbftconsensus/network/routine_resolveMsg.go:183: put commit message into broadcast channel
[dispatch PrepareMsg]2021/10/17 18:49:20.309598 /root/study/github_repository/pbftconsensus/network/routine_dispatchMsg.go:80: [receive prepare message, and prepare to resolve it]
[dispatch CommitMsg]2021/10/17 18:49:20.312177 /root/study/github_repository/pbftconsensus/network/routine_dispatchMsg.go:95: [receive commit message, and prepare to resolve it]
[dispatch CommitMsg]2021/10/17 18:49:20.340014 /root/study/github_repository/pbftconsensus/network/routine_dispatchMsg.go:95: [receive commit message, and prepare to resolve it]
[dispatch CommitMsg]2021/10/17 18:49:20.387156 /root/study/github_repository/pbftconsensus/network/routine_dispatchMsg.go:95: [receive commit message, and prepare to resolve it]
[dispatch CommitMsg]2021/10/17 18:49:20.393524 /root/study/github_repository/pbftconsensus/network/routine_dispatchMsg.go:95: [receive commit message, and prepare to resolve it]
[dispatch CommitMsg]2021/10/17 18:49:20.400724 /root/study/github_repository/pbftconsensus/network/routine_dispatchMsg.go:95: [receive commit message, and prepare to resolve it]
[dispatch CommitMsg]2021/10/17 18:49:20.404525 /root/study/github_repository/pbftconsensus/network/routine_dispatchMsg.go:95: [receive commit message, and prepare to resolve it]
[dispatch CommitMsg]2021/10/17 18:49:20.409969 /root/study/github_repository/pbftconsensus/network/routine_dispatchMsg.go:95: [receive commit message, and prepare to resolve it]
[dispatch CommitMsg]2021/10/17 18:49:20.426129 /root/study/github_repository/pbftconsensus/network/routine_dispatchMsg.go:95: [receive commit message, and prepare to resolve it]
[dispatch CommitMsg]2021/10/17 18:49:20.439571 /root/study/github_repository/pbftconsensus/network/routine_dispatchMsg.go:95: [receive commit message, and prepare to resolve it]
[dispatch CommitMsg]2021/10/17 18:49:20.448182 /root/study/github_repository/pbftconsensus/network/routine_dispatchMsg.go:95: [receive commit message, and prepare to resolve it]
[dispatch CommitMsg]2021/10/17 18:49:20.452438 /root/study/github_repository/pbftconsensus/network/routine_dispatchMsg.go:95: [receive commit message, and prepare to resolve it]
[dispatch CommitMsg]2021/10/17 18:49:20.456691 /root/study/github_repository/pbftconsensus/network/routine_dispatchMsg.go:95: [receive commit message, and prepare to resolve it]
[dispatch CommitMsg]2021/10/17 18:49:20.462705 /root/study/github_repository/pbftconsensus/network/routine_dispatchMsg.go:95: [receive commit message, and prepare to resolve it]
[resolve commitMsg success]2021/10/17 18:49:20.469074 /root/study/github_repository/pbftconsensus/network/routine_resolveMsg.go:229: put reply message into broadcast channel
[dispatch CommitMsg]2021/10/17 18:49:20.472473 /root/study/github_repository/pbftconsensus/network/routine_dispatchMsg.go:95: [receive commit message, and prepare to resolve it]
[dispatch PrePrepareMsg]2021/10/17 18:49:22.121319 /root/study/github_repository/pbftconsensus/network/routine_dispatchMsg.go:63: [receive preprepare message, and prepare to resolve it]
[resolve pre-prepareMsg success]2021/10/17 18:49:22.148026 /root/study/github_repository/pbftconsensus/network/routine_resolveMsg.go:145: put prepare message into broadcast channel
[dispatch PrepareMsg]2021/10/17 18:49:22.168025 /root/study/github_repository/pbftconsensus/network/routine_dispatchMsg.go:80: [receive prepare message, and prepare to resolve it]
[dispatch PrepareMsg]2021/10/17 18:49:22.237453 /root/study/github_repository/pbftconsensus/network/routine_dispatchMsg.go:80: [receive prepare message, and prepare to resolve it]
[dispatch PrepareMsg]2021/10/17 18:49:22.255859 /root/study/github_repository/pbftconsensus/network/routine_dispatchMsg.go:80: [receive prepare message, and prepare to resolve it]
[dispatch PrepareMsg]2021/10/17 18:49:22.280386 /root/study/github_repository/pbftconsensus/network/routine_dispatchMsg.go:80: [receive prepare message, and prepare to resolve it]
[dispatch PrepareMsg]2021/10/17 18:49:22.307328 /root/study/github_repository/pbftconsensus/network/routine_dispatchMsg.go:80: [receive prepare message, and prepare to resolve it]
[dispatch PrepareMsg]2021/10/17 18:49:22.325191 /root/study/github_repository/pbftconsensus/network/routine_dispatchMsg.go:80: [receive prepare message, and prepare to resolve it]
[dispatch PrepareMsg]2021/10/17 18:49:22.336822 /root/study/github_repository/pbftconsensus/network/routine_dispatchMsg.go:80: [receive prepare message, and prepare to resolve it]
[dispatch PrepareMsg]2021/10/17 18:49:22.342914 /root/study/github_repository/pbftconsensus/network/routine_dispatchMsg.go:80: [receive prepare message, and prepare to resolve it]
[dispatch PrepareMsg]2021/10/17 18:49:22.350482 /root/study/github_repository/pbftconsensus/network/routine_dispatchMsg.go:80: [receive prepare message, and prepare to resolve it]
[resolve prepareMsg success]2021/10/17 18:49:22.428602 /root/study/github_repository/pbftconsensus/network/routine_resolveMsg.go:183: put commit message into broadcast channel
[dispatch PrepareMsg]2021/10/17 18:49:22.429994 /root/study/github_repository/pbftconsensus/network/routine_dispatchMsg.go:80: [receive prepare message, and prepare to resolve it]
[dispatch CommitMsg]2021/10/17 18:49:22.460574 /root/study/github_repository/pbftconsensus/network/routine_dispatchMsg.go:95: [receive commit message, and prepare to resolve it]
[dispatch CommitMsg]2021/10/17 18:49:22.466331 /root/study/github_repository/pbftconsensus/network/routine_dispatchMsg.go:95: [receive commit message, and prepare to resolve it]
[dispatch CommitMsg]2021/10/17 18:49:22.474521 /root/study/github_repository/pbftconsensus/network/routine_dispatchMsg.go:95: [receive commit message, and prepare to resolve it]
[dispatch CommitMsg]2021/10/17 18:49:22.491974 /root/study/github_repository/pbftconsensus/network/routine_dispatchMsg.go:95: [receive commit message, and prepare to resolve it]
[dispatch CommitMsg]2021/10/17 18:49:22.497693 /root/study/github_repository/pbftconsensus/network/routine_dispatchMsg.go:95: [receive commit message, and prepare to resolve it]
[dispatch CommitMsg]2021/10/17 18:49:22.515196 /root/study/github_repository/pbftconsensus/network/routine_dispatchMsg.go:95: [receive commit message, and prepare to resolve it]
[dispatch CommitMsg]2021/10/17 18:49:22.531773 /root/study/github_repository/pbftconsensus/network/routine_dispatchMsg.go:95: [receive commit message, and prepare to resolve it]
[dispatch CommitMsg]2021/10/17 18:49:22.538003 /root/study/github_repository/pbftconsensus/network/routine_dispatchMsg.go:95: [receive commit message, and prepare to resolve it]
[dispatch CommitMsg]2021/10/17 18:49:22.560526 /root/study/github_repository/pbftconsensus/network/routine_dispatchMsg.go:95: [receive commit message, and prepare to resolve it]
[dispatch CommitMsg]2021/10/17 18:49:22.580224 /root/study/github_repository/pbftconsensus/network/routine_dispatchMsg.go:95: [receive commit message, and prepare to resolve it]
[dispatch CommitMsg]2021/10/17 18:49:22.616501 /root/study/github_repository/pbftconsensus/network/routine_dispatchMsg.go:95: [receive commit message, and prepare to resolve it]
[resolve commitMsg success]2021/10/17 18:49:22.623864 /root/study/github_repository/pbftconsensus/network/routine_resolveMsg.go:229: put reply message into broadcast channel
[dispatch CommitMsg]2021/10/17 18:49:22.624470 /root/study/github_repository/pbftconsensus/network/routine_dispatchMsg.go:95: [receive commit message, and prepare to resolve it]
[dispatch PrePrepareMsg]2021/10/17 18:50:42.527865 /root/study/github_repository/pbftconsensus/network/routine_dispatchMsg.go:63: [receive preprepare message, and prepare to resolve it]
[resolve pre-prepareMsg success]2021/10/17 18:50:42.551202 /root/study/github_repository/pbftconsensus/network/routine_resolveMsg.go:145: put prepare message into broadcast channel
[dispatch PrepareMsg]2021/10/17 18:50:42.554742 /root/study/github_repository/pbftconsensus/network/routine_dispatchMsg.go:80: [receive prepare message, and prepare to resolve it]
[dispatch PrepareMsg]2021/10/17 18:50:42.566101 /root/study/github_repository/pbftconsensus/network/routine_dispatchMsg.go:80: [receive prepare message, and prepare to resolve it]
[dispatch PrepareMsg]2021/10/17 18:50:42.672652 /root/study/github_repository/pbftconsensus/network/routine_dispatchMsg.go:80: [receive prepare message, and prepare to resolve it]
[dispatch PrepareMsg]2021/10/17 18:50:42.683084 /root/study/github_repository/pbftconsensus/network/routine_dispatchMsg.go:80: [receive prepare message, and prepare to resolve it]
[dispatch PrepareMsg]2021/10/17 18:50:42.692037 /root/study/github_repository/pbftconsensus/network/routine_dispatchMsg.go:80: [receive prepare message, and prepare to resolve it]
[dispatch PrepareMsg]2021/10/17 18:50:42.706079 /root/study/github_repository/pbftconsensus/network/routine_dispatchMsg.go:80: [receive prepare message, and prepare to resolve it]
[dispatch PrepareMsg]2021/10/17 18:50:42.713945 /root/study/github_repository/pbftconsensus/network/routine_dispatchMsg.go:80: [receive prepare message, and prepare to resolve it]
[dispatch PrepareMsg]2021/10/17 18:50:42.731674 /root/study/github_repository/pbftconsensus/network/routine_dispatchMsg.go:80: [receive prepare message, and prepare to resolve it]
[dispatch PrepareMsg]2021/10/17 18:50:42.742420 /root/study/github_repository/pbftconsensus/network/routine_dispatchMsg.go:80: [receive prepare message, and prepare to resolve it]
[dispatch PrepareMsg]2021/10/17 18:50:42.764605 /root/study/github_repository/pbftconsensus/network/routine_dispatchMsg.go:80: [receive prepare message, and prepare to resolve it]
[dispatch PrepareMsg]2021/10/17 18:50:42.780042 /root/study/github_repository/pbftconsensus/network/routine_dispatchMsg.go:80: [receive prepare message, and prepare to resolve it]
[dispatch PrepareMsg]2021/10/17 18:50:42.788511 /root/study/github_repository/pbftconsensus/network/routine_dispatchMsg.go:80: [receive prepare message, and prepare to resolve it]
[dispatch PrepareMsg]2021/10/17 18:50:42.798967 /root/study/github_repository/pbftconsensus/network/routine_dispatchMsg.go:80: [receive prepare message, and prepare to resolve it]
[resolve prepareMsg success]2021/10/17 18:50:42.854362 /root/study/github_repository/pbftconsensus/network/routine_resolveMsg.go:183: put commit message into broadcast channel
[dispatch PrepareMsg]2021/10/17 18:50:42.857137 /root/study/github_repository/pbftconsensus/network/routine_dispatchMsg.go:80: [receive prepare message, and prepare to resolve it]
[dispatch CommitMsg]2021/10/17 18:50:42.886161 /root/study/github_repository/pbftconsensus/network/routine_dispatchMsg.go:95: [receive commit message, and prepare to resolve it]
[dispatch CommitMsg]2021/10/17 18:50:42.906025 /root/study/github_repository/pbftconsensus/network/routine_dispatchMsg.go:95: [receive commit message, and prepare to resolve it]
[dispatch CommitMsg]2021/10/17 18:50:42.915149 /root/study/github_repository/pbftconsensus/network/routine_dispatchMsg.go:95: [receive commit message, and prepare to resolve it]
[dispatch CommitMsg]2021/10/17 18:50:42.952253 /root/study/github_repository/pbftconsensus/network/routine_dispatchMsg.go:95: [receive commit message, and prepare to resolve it]
[dispatch CommitMsg]2021/10/17 18:50:42.961833 /root/study/github_repository/pbftconsensus/network/routine_dispatchMsg.go:95: [receive commit message, and prepare to resolve it]
[dispatch CommitMsg]2021/10/17 18:50:42.973077 /root/study/github_repository/pbftconsensus/network/routine_dispatchMsg.go:95: [receive commit message, and prepare to resolve it]
[dispatch CommitMsg]2021/10/17 18:50:42.983661 /root/study/github_repository/pbftconsensus/network/routine_dispatchMsg.go:95: [receive commit message, and prepare to resolve it]
[dispatch CommitMsg]2021/10/17 18:50:42.996245 /root/study/github_repository/pbftconsensus/network/routine_dispatchMsg.go:95: [receive commit message, and prepare to resolve it]
[dispatch CommitMsg]2021/10/17 18:50:43.004839 /root/study/github_repository/pbftconsensus/network/routine_dispatchMsg.go:95: [receive commit message, and prepare to resolve it]
[dispatch CommitMsg]2021/10/17 18:50:43.019020 /root/study/github_repository/pbftconsensus/network/routine_dispatchMsg.go:95: [receive commit message, and prepare to resolve it]
[dispatch CommitMsg]2021/10/17 18:50:43.053836 /root/study/github_repository/pbftconsensus/network/routine_dispatchMsg.go:95: [receive commit message, and prepare to resolve it]
[dispatch CommitMsg]2021/10/17 18:50:43.063760 /root/study/github_repository/pbftconsensus/network/routine_dispatchMsg.go:95: [receive commit message, and prepare to resolve it]
[dispatch CommitMsg]2021/10/17 18:50:43.073559 /root/study/github_repository/pbftconsensus/network/routine_dispatchMsg.go:95: [receive commit message, and prepare to resolve it]
[resolve commitMsg success]2021/10/17 18:50:43.083172 /root/study/github_repository/pbftconsensus/network/routine_resolveMsg.go:229: put reply message into broadcast channel
[dispatch PrePrepareMsg]2021/10/17 18:57:58.900418 /root/study/github_repository/pbftconsensus/network/routine_dispatchMsg.go:63: [receive preprepare message, and prepare to resolve it]
[resolve pre-prepareMsg success]2021/10/17 18:57:58.923914 /root/study/github_repository/pbftconsensus/network/routine_resolveMsg.go:145: put prepare message into broadcast channel
[dispatch PrepareMsg]2021/10/17 18:57:58.942739 /root/study/github_repository/pbftconsensus/network/routine_dispatchMsg.go:80: [receive prepare message, and prepare to resolve it]
[dispatch PrepareMsg]2021/10/17 18:57:58.973879 /root/study/github_repository/pbftconsensus/network/routine_dispatchMsg.go:80: [receive prepare message, and prepare to resolve it]
[dispatch PrepareMsg]2021/10/17 18:57:58.984838 /root/study/github_repository/pbftconsensus/network/routine_dispatchMsg.go:80: [receive prepare message, and prepare to resolve it]
[dispatch PrepareMsg]2021/10/17 18:57:59.037927 /root/study/github_repository/pbftconsensus/network/routine_dispatchMsg.go:80: [receive prepare message, and prepare to resolve it]
[dispatch PrepareMsg]2021/10/17 18:57:59.063676 /root/study/github_repository/pbftconsensus/network/routine_dispatchMsg.go:80: [receive prepare message, and prepare to resolve it]
[dispatch PrepareMsg]2021/10/17 18:57:59.072624 /root/study/github_repository/pbftconsensus/network/routine_dispatchMsg.go:80: [receive prepare message, and prepare to resolve it]
[dispatch PrepareMsg]2021/10/17 18:57:59.097377 /root/study/github_repository/pbftconsensus/network/routine_dispatchMsg.go:80: [receive prepare message, and prepare to resolve it]
[dispatch PrepareMsg]2021/10/17 18:57:59.116542 /root/study/github_repository/pbftconsensus/network/routine_dispatchMsg.go:80: [receive prepare message, and prepare to resolve it]
[dispatch PrepareMsg]2021/10/17 18:57:59.123447 /root/study/github_repository/pbftconsensus/network/routine_dispatchMsg.go:80: [receive prepare message, and prepare to resolve it]
[dispatch PrepareMsg]2021/10/17 18:57:59.131547 /root/study/github_repository/pbftconsensus/network/routine_dispatchMsg.go:80: [receive prepare message, and prepare to resolve it]
[dispatch PrepareMsg]2021/10/17 18:57:59.140165 /root/study/github_repository/pbftconsensus/network/routine_dispatchMsg.go:80: [receive prepare message, and prepare to resolve it]
[dispatch PrepareMsg]2021/10/17 18:57:59.167543 /root/study/github_repository/pbftconsensus/network/routine_dispatchMsg.go:80: [receive prepare message, and prepare to resolve it]
[resolve prepareMsg success]2021/10/17 18:57:59.201807 /root/study/github_repository/pbftconsensus/network/routine_resolveMsg.go:183: put commit message into broadcast channel
[dispatch PrepareMsg]2021/10/17 18:57:59.203125 /root/study/github_repository/pbftconsensus/network/routine_dispatchMsg.go:80: [receive prepare message, and prepare to resolve it]
[dispatch CommitMsg]2021/10/17 18:57:59.240716 /root/study/github_repository/pbftconsensus/network/routine_dispatchMsg.go:95: [receive commit message, and prepare to resolve it]
[dispatch CommitMsg]2021/10/17 18:57:59.248081 /root/study/github_repository/pbftconsensus/network/routine_dispatchMsg.go:95: [receive commit message, and prepare to resolve it]
[dispatch CommitMsg]2021/10/17 18:57:59.257768 /root/study/github_repository/pbftconsensus/network/routine_dispatchMsg.go:95: [receive commit message, and prepare to resolve it]
[dispatch CommitMsg]2021/10/17 18:57:59.291991 /root/study/github_repository/pbftconsensus/network/routine_dispatchMsg.go:95: [receive commit message, and prepare to resolve it]
[dispatch CommitMsg]2021/10/17 18:57:59.326504 /root/study/github_repository/pbftconsensus/network/routine_dispatchMsg.go:95: [receive commit message, and prepare to resolve it]
[dispatch CommitMsg]2021/10/17 18:57:59.353696 /root/study/github_repository/pbftconsensus/network/routine_dispatchMsg.go:95: [receive commit message, and prepare to resolve it]
[dispatch CommitMsg]2021/10/17 18:57:59.375226 /root/study/github_repository/pbftconsensus/network/routine_dispatchMsg.go:95: [receive commit message, and prepare to resolve it]
[dispatch CommitMsg]2021/10/17 18:57:59.404697 /root/study/github_repository/pbftconsensus/network/routine_dispatchMsg.go:95: [receive commit message, and prepare to resolve it]
[dispatch CommitMsg]2021/10/17 18:57:59.428445 /root/study/github_repository/pbftconsensus/network/routine_dispatchMsg.go:95: [receive commit message, and prepare to resolve it]
[dispatch CommitMsg]2021/10/17 18:57:59.445225 /root/study/github_repository/pbftconsensus/network/routine_dispatchMsg.go:95: [receive commit message, and prepare to resolve it]
[dispatch CommitMsg]2021/10/17 18:57:59.454169 /root/study/github_repository/pbftconsensus/network/routine_dispatchMsg.go:95: [receive commit message, and prepare to resolve it]
[resolve commitMsg success]2021/10/17 18:57:59.461687 /root/study/github_repository/pbftconsensus/network/routine_resolveMsg.go:229: put reply message into broadcast channel
[dispatch PrePrepareMsg]2021/10/17 19:11:35.878531 /root/study/github_repository/pbftconsensus/network/routine_dispatchMsg.go:63: [receive preprepare message, and prepare to resolve it]
[resolve pre-prepareMsg success]2021/10/17 19:11:35.903941 /root/study/github_repository/pbftconsensus/network/routine_resolveMsg.go:145: put prepare message into broadcast channel
[dispatch PrepareMsg]2021/10/17 19:11:35.930494 /root/study/github_repository/pbftconsensus/network/routine_dispatchMsg.go:80: [receive prepare message, and prepare to resolve it]
[dispatch PrepareMsg]2021/10/17 19:11:36.096009 /root/study/github_repository/pbftconsensus/network/routine_dispatchMsg.go:80: [receive prepare message, and prepare to resolve it]
[dispatch PrepareMsg]2021/10/17 19:11:36.104432 /root/study/github_repository/pbftconsensus/network/routine_dispatchMsg.go:80: [receive prepare message, and prepare to resolve it]
[dispatch PrepareMsg]2021/10/17 19:11:36.123105 /root/study/github_repository/pbftconsensus/network/routine_dispatchMsg.go:80: [receive prepare message, and prepare to resolve it]
[resolve prepareMsg success]2021/10/17 19:11:36.154128 /root/study/github_repository/pbftconsensus/network/routine_resolveMsg.go:183: put commit message into broadcast channel
[dispatch PrepareMsg]2021/10/17 19:11:36.154393 /root/study/github_repository/pbftconsensus/network/routine_dispatchMsg.go:80: [receive prepare message, and prepare to resolve it]
[dispatch CommitMsg]2021/10/17 19:11:36.163398 /root/study/github_repository/pbftconsensus/network/routine_dispatchMsg.go:95: [receive commit message, and prepare to resolve it]
[dispatch CommitMsg]2021/10/17 19:11:36.171966 /root/study/github_repository/pbftconsensus/network/routine_dispatchMsg.go:95: [receive commit message, and prepare to resolve it]
[dispatch CommitMsg]2021/10/17 19:11:36.181182 /root/study/github_repository/pbftconsensus/network/routine_dispatchMsg.go:95: [receive commit message, and prepare to resolve it]
[dispatch CommitMsg]2021/10/17 19:11:36.190889 /root/study/github_repository/pbftconsensus/network/routine_dispatchMsg.go:95: [receive commit message, and prepare to resolve it]
[dispatch CommitMsg]2021/10/17 19:11:36.198890 /root/study/github_repository/pbftconsensus/network/routine_dispatchMsg.go:95: [receive commit message, and prepare to resolve it]
[dispatch CommitMsg]2021/10/17 19:11:36.249633 /root/study/github_repository/pbftconsensus/network/routine_dispatchMsg.go:95: [receive commit message, and prepare to resolve it]
[dispatch CommitMsg]2021/10/17 19:11:36.255153 /root/study/github_repository/pbftconsensus/network/routine_dispatchMsg.go:95: [receive commit message, and prepare to resolve it]
[dispatch CommitMsg]2021/10/17 19:11:36.267732 /root/study/github_repository/pbftconsensus/network/routine_dispatchMsg.go:95: [receive commit message, and prepare to resolve it]
[dispatch CommitMsg]2021/10/17 19:11:36.278143 /root/study/github_repository/pbftconsensus/network/routine_dispatchMsg.go:95: [receive commit message, and prepare to resolve it]
[dispatch CommitMsg]2021/10/17 19:11:36.288812 /root/study/github_repository/pbftconsensus/network/routine_dispatchMsg.go:95: [receive commit message, and prepare to resolve it]
[dispatch CommitMsg]2021/10/17 19:11:36.311872 /root/study/github_repository/pbftconsensus/network/routine_dispatchMsg.go:95: [receive commit message, and prepare to resolve it]
[dispatch CommitMsg]2021/10/17 19:11:36.347626 /root/study/github_repository/pbftconsensus/network/routine_dispatchMsg.go:95: [receive commit message, and prepare to resolve it]
[dispatch CommitMsg]2021/10/17 19:11:36.354604 /root/study/github_repository/pbftconsensus/network/routine_dispatchMsg.go:95: [receive commit message, and prepare to resolve it]
[dispatch CommitMsg]2021/10/17 19:11:36.364445 /root/study/github_repository/pbftconsensus/network/routine_dispatchMsg.go:95: [receive commit message, and prepare to resolve it]
[resolve commitMsg success]2021/10/17 19:11:36.386118 /root/study/github_repository/pbftconsensus/network/routine_resolveMsg.go:229: put reply message into broadcast channel
[dispatch CommitMsg]2021/10/17 19:11:36.391355 /root/study/github_repository/pbftconsensus/network/routine_dispatchMsg.go:95: [receive commit message, and prepare to resolve it]
[dispatch PrePrepareMsg]2021/10/17 19:40:39.500334 /root/study/github_repository/pbftconsensus/network/routine_dispatchMsg.go:63: [receive preprepare message, and prepare to resolve it]
[resolve pre-prepareMsg success]2021/10/17 19:40:39.528631 /root/study/github_repository/pbftconsensus/network/routine_resolveMsg.go:145: put prepare message into broadcast channel
[dispatch PrepareMsg]2021/10/17 19:40:39.552517 /root/study/github_repository/pbftconsensus/network/routine_dispatchMsg.go:80: [receive prepare message, and prepare to resolve it]
[dispatch PrepareMsg]2021/10/17 19:40:39.587684 /root/study/github_repository/pbftconsensus/network/routine_dispatchMsg.go:80: [receive prepare message, and prepare to resolve it]
[dispatch PrepareMsg]2021/10/17 19:40:39.592315 /root/study/github_repository/pbftconsensus/network/routine_dispatchMsg.go:80: [receive prepare message, and prepare to resolve it]
[dispatch PrepareMsg]2021/10/17 19:40:39.599121 /root/study/github_repository/pbftconsensus/network/routine_dispatchMsg.go:80: [receive prepare message, and prepare to resolve it]
[dispatch PrepareMsg]2021/10/17 19:40:39.603133 /root/study/github_repository/pbftconsensus/network/routine_dispatchMsg.go:80: [receive prepare message, and prepare to resolve it]
[dispatch PrepareMsg]2021/10/17 19:40:39.620649 /root/study/github_repository/pbftconsensus/network/routine_dispatchMsg.go:80: [receive prepare message, and prepare to resolve it]
[dispatch PrepareMsg]2021/10/17 19:40:39.634022 /root/study/github_repository/pbftconsensus/network/routine_dispatchMsg.go:80: [receive prepare message, and prepare to resolve it]
[dispatch PrepareMsg]2021/10/17 19:40:39.639249 /root/study/github_repository/pbftconsensus/network/routine_dispatchMsg.go:80: [receive prepare message, and prepare to resolve it]
[dispatch PrepareMsg]2021/10/17 19:40:39.669546 /root/study/github_repository/pbftconsensus/network/routine_dispatchMsg.go:80: [receive prepare message, and prepare to resolve it]
[resolve prepareMsg success]2021/10/17 19:40:39.729139 /root/study/github_repository/pbftconsensus/network/routine_resolveMsg.go:183: put commit message into broadcast channel
[dispatch PrepareMsg]2021/10/17 19:40:39.729336 /root/study/github_repository/pbftconsensus/network/routine_dispatchMsg.go:80: [receive prepare message, and prepare to resolve it]
[dispatch CommitMsg]2021/10/17 19:40:39.750876 /root/study/github_repository/pbftconsensus/network/routine_dispatchMsg.go:95: [receive commit message, and prepare to resolve it]
[dispatch CommitMsg]2021/10/17 19:40:39.763636 /root/study/github_repository/pbftconsensus/network/routine_dispatchMsg.go:95: [receive commit message, and prepare to resolve it]
[dispatch CommitMsg]2021/10/17 19:40:39.763650 /root/study/github_repository/pbftconsensus/network/routine_dispatchMsg.go:95: [receive commit message, and prepare to resolve it]
[dispatch CommitMsg]2021/10/17 19:40:39.771814 /root/study/github_repository/pbftconsensus/network/routine_dispatchMsg.go:95: [receive commit message, and prepare to resolve it]
[dispatch CommitMsg]2021/10/17 19:40:39.777243 /root/study/github_repository/pbftconsensus/network/routine_dispatchMsg.go:95: [receive commit message, and prepare to resolve it]
[dispatch CommitMsg]2021/10/17 19:40:39.784744 /root/study/github_repository/pbftconsensus/network/routine_dispatchMsg.go:95: [receive commit message, and prepare to resolve it]
[dispatch CommitMsg]2021/10/17 19:40:39.798040 /root/study/github_repository/pbftconsensus/network/routine_dispatchMsg.go:95: [receive commit message, and prepare to resolve it]
[dispatch CommitMsg]2021/10/17 19:40:39.813341 /root/study/github_repository/pbftconsensus/network/routine_dispatchMsg.go:95: [receive commit message, and prepare to resolve it]
[dispatch CommitMsg]2021/10/17 19:40:39.829243 /root/study/github_repository/pbftconsensus/network/routine_dispatchMsg.go:95: [receive commit message, and prepare to resolve it]
[dispatch CommitMsg]2021/10/17 19:40:39.880579 /root/study/github_repository/pbftconsensus/network/routine_dispatchMsg.go:95: [receive commit message, and prepare to resolve it]
[dispatch CommitMsg]2021/10/17 19:40:39.886503 /root/study/github_repository/pbftconsensus/network/routine_dispatchMsg.go:95: [receive commit message, and prepare to resolve it]
[dispatch CommitMsg]2021/10/17 19:40:39.938276 /root/study/github_repository/pbftconsensus/network/routine_dispatchMsg.go:95: [receive commit message, and prepare to resolve it]
[dispatch CommitMsg]2021/10/17 19:40:39.945582 /root/study/github_repository/pbftconsensus/network/routine_dispatchMsg.go:95: [receive commit message, and prepare to resolve it]
[resolve commitMsg success]2021/10/17 19:40:39.952637 /root/study/github_repository/pbftconsensus/network/routine_resolveMsg.go:229: put reply message into broadcast channel
[dispatch CommitMsg]2021/10/17 19:40:39.953326 /root/study/github_repository/pbftconsensus/network/routine_dispatchMsg.go:95: [receive commit message, and prepare to resolve it]
[dispatch PrePrepareMsg]2021/10/17 19:40:41.497711 /root/study/github_repository/pbftconsensus/network/routine_dispatchMsg.go:63: [receive preprepare message, and prepare to resolve it]
[resolve pre-prepareMsg success]2021/10/17 19:40:41.525753 /root/study/github_repository/pbftconsensus/network/routine_resolveMsg.go:145: put prepare message into broadcast channel
[dispatch PrepareMsg]2021/10/17 19:40:41.540968 /root/study/github_repository/pbftconsensus/network/routine_dispatchMsg.go:80: [receive prepare message, and prepare to resolve it]
[dispatch PrepareMsg]2021/10/17 19:40:41.583129 /root/study/github_repository/pbftconsensus/network/routine_dispatchMsg.go:80: [receive prepare message, and prepare to resolve it]
[dispatch PrepareMsg]2021/10/17 19:40:41.600232 /root/study/github_repository/pbftconsensus/network/routine_dispatchMsg.go:80: [receive prepare message, and prepare to resolve it]
[dispatch PrepareMsg]2021/10/17 19:40:41.606944 /root/study/github_repository/pbftconsensus/network/routine_dispatchMsg.go:80: [receive prepare message, and prepare to resolve it]
[dispatch PrepareMsg]2021/10/17 19:40:41.629579 /root/study/github_repository/pbftconsensus/network/routine_dispatchMsg.go:80: [receive prepare message, and prepare to resolve it]
[dispatch PrepareMsg]2021/10/17 19:40:41.629600 /root/study/github_repository/pbftconsensus/network/routine_dispatchMsg.go:80: [receive prepare message, and prepare to resolve it]
[dispatch PrepareMsg]2021/10/17 19:40:41.636642 /root/study/github_repository/pbftconsensus/network/routine_dispatchMsg.go:80: [receive prepare message, and prepare to resolve it]
[dispatch PrepareMsg]2021/10/17 19:40:41.641724 /root/study/github_repository/pbftconsensus/network/routine_dispatchMsg.go:80: [receive prepare message, and prepare to resolve it]
[dispatch PrepareMsg]2021/10/17 19:40:41.659521 /root/study/github_repository/pbftconsensus/network/routine_dispatchMsg.go:80: [receive prepare message, and prepare to resolve it]
[dispatch PrepareMsg]2021/10/17 19:40:41.688685 /root/study/github_repository/pbftconsensus/network/routine_dispatchMsg.go:80: [receive prepare message, and prepare to resolve it]
[resolve prepareMsg success]2021/10/17 19:40:41.719115 /root/study/github_repository/pbftconsensus/network/routine_resolveMsg.go:183: put commit message into broadcast channel
[dispatch PrepareMsg]2021/10/17 19:40:41.719878 /root/study/github_repository/pbftconsensus/network/routine_dispatchMsg.go:80: [receive prepare message, and prepare to resolve it]
[dispatch CommitMsg]2021/10/17 19:40:41.729391 /root/study/github_repository/pbftconsensus/network/routine_dispatchMsg.go:95: [receive commit message, and prepare to resolve it]
[dispatch CommitMsg]2021/10/17 19:40:41.741660 /root/study/github_repository/pbftconsensus/network/routine_dispatchMsg.go:95: [receive commit message, and prepare to resolve it]
[dispatch CommitMsg]2021/10/17 19:40:41.748157 /root/study/github_repository/pbftconsensus/network/routine_dispatchMsg.go:95: [receive commit message, and prepare to resolve it]
[dispatch CommitMsg]2021/10/17 19:40:41.767709 /root/study/github_repository/pbft/pbft_preprepare.go:78: verify of uss:708ba8af781090dce0b0c6cb7b376084 is true
[dispatch CommitMsg]2021/10/17 19:40:41.767710 /root/study/github_repository/pbftconsensus/network/routine_dispatchMsg.go:95: [receive commit message, and prepare to resolve it]
[dispatch CommitMsg]2021/10/17 19:40:41.772291 /root/study/github_repository/pbftconsensus/network/routine_dispatchMsg.go:95: [receive commit message, and prepare to resolve it]
[dispatch CommitMsg]2021/10/17 19:40:41.794439 /root/study/github_repository/pbftconsensus/network/routine_dispatchMsg.go:95: [receive commit message, and prepare to resolve it]
[dispatch CommitMsg]2021/10/17 19:40:41.801460 /root/study/github_repository/pbftconsensus/network/routine_dispatchMsg.go:95: [receive commit message, and prepare to resolve it]
[dispatch CommitMsg]2021/10/17 19:40:41.818048 /root/study/github_repository/pbftconsensus/network/routine_dispatchMsg.go:95: [receive commit message, and prepare to resolve it]
[dispatch CommitMsg]2021/10/17 19:40:41.825515 /root/study/github_repository/pbftconsensus/network/routine_dispatchMsg.go:95: [receive commit message, and prepare to resolve it]
[dispatch CommitMsg]2021/10/17 19:40:41.830865 /root/study/github_repository/pbftconsensus/network/routine_dispatchMsg.go:95: [receive commit message, and prepare to resolve it]
[dispatch CommitMsg]2021/10/17 19:40:41.841947 /root/study/github_repository/pbftconsensus/network/routine_dispatchMsg.go:95: [receive commit message, and prepare to resolve it]
[dispatch CommitMsg]2021/10/17 19:40:41.848410 /root/study/github_repository/pbftconsensus/network/routine_dispatchMsg.go:95: [receive commit message, and prepare to resolve it]
[dispatch CommitMsg]2021/10/17 19:40:41.854359 /root/study/github_repository/pbftconsensus/network/routine_dispatchMsg.go:95: [receive commit message, and prepare to resolve it]
[resolve commitMsg success]2021/10/17 19:40:41.858803 /root/study/github_repository/pbftconsensus/network/routine_resolveMsg.go:229: put reply message into broadcast channel
[dispatch PrePrepareMsg]2021/10/17 19:46:36.289270 /root/study/github_repository/pbftconsensus/network/routine_dispatchMsg.go:63: [receive preprepare message, and prepare to resolve it]
[resolve pre-prepareMsg success]2021/10/17 19:46:36.320695 /root/study/github_repository/pbftconsensus/network/routine_resolveMsg.go:145: put prepare message into broadcast channel
[dispatch PrepareMsg]2021/10/17 19:46:36.323391 /root/study/github_repository/pbftconsensus/network/routine_dispatchMsg.go:80: [receive prepare message, and prepare to resolve it]
[dispatch PrepareMsg]2021/10/17 19:46:36.375603 /root/study/github_repository/pbftconsensus/network/routine_dispatchMsg.go:80: [receive prepare message, and prepare to resolve it]
[dispatch PrepareMsg]2021/10/17 19:46:36.391472 /root/study/github_repository/pbftconsensus/network/routine_dispatchMsg.go:80: [receive prepare message, and prepare to resolve it]
[dispatch PrepareMsg]2021/10/17 19:46:36.414429 /root/study/github_repository/pbftconsensus/network/routine_dispatchMsg.go:80: [receive prepare message, and prepare to resolve it]
[dispatch PrepareMsg]2021/10/17 19:46:36.424532 /root/study/github_repository/pbftconsensus/network/routine_dispatchMsg.go:80: [receive prepare message, and prepare to resolve it]
[dispatch PrepareMsg]2021/10/17 19:46:36.434598 /root/study/github_repository/pbftconsensus/network/routine_dispatchMsg.go:80: [receive prepare message, and prepare to resolve it]
[dispatch PrepareMsg]2021/10/17 19:46:36.443072 /root/study/github_repository/pbftconsensus/network/routine_dispatchMsg.go:80: [receive prepare message, and prepare to resolve it]
[dispatch PrepareMsg]2021/10/17 19:46:36.451490 /root/study/github_repository/pbftconsensus/network/routine_dispatchMsg.go:80: [receive prepare message, and prepare to resolve it]
[dispatch PrepareMsg]2021/10/17 19:46:36.471919 /root/study/github_repository/pbftconsensus/network/routine_dispatchMsg.go:80: [receive prepare message, and prepare to resolve it]
[dispatch PrepareMsg]2021/10/17 19:46:36.488343 /root/study/github_repository/pbftconsensus/network/routine_dispatchMsg.go:80: [receive prepare message, and prepare to resolve it]
[dispatch PrepareMsg]2021/10/17 19:46:36.508583 /root/study/github_repository/pbftconsensus/network/routine_dispatchMsg.go:80: [receive prepare message, and prepare to resolve it]
[resolve prepareMsg success]2021/10/17 19:46:36.545232 /root/study/github_repository/pbftconsensus/network/routine_resolveMsg.go:183: put commit message into broadcast channel
[dispatch PrepareMsg]2021/10/17 19:46:36.546969 /root/study/github_repository/pbftconsensus/network/routine_dispatchMsg.go:80: [receive prepare message, and prepare to resolve it]
[dispatch CommitMsg]2021/10/17 19:46:36.565860 /root/study/github_repository/pbftconsensus/network/routine_dispatchMsg.go:95: [receive commit message, and prepare to resolve it]
[dispatch CommitMsg]2021/10/17 19:46:36.597559 /root/study/github_repository/pbftconsensus/network/routine_dispatchMsg.go:95: [receive commit message, and prepare to resolve it]
[dispatch CommitMsg]2021/10/17 19:46:36.608396 /root/study/github_repository/pbftconsensus/network/routine_dispatchMsg.go:95: [receive commit message, and prepare to resolve it]
[dispatch CommitMsg]2021/10/17 19:46:36.629356 /root/study/github_repository/pbftconsensus/network/routine_dispatchMsg.go:95: [receive commit message, and prepare to resolve it]
[dispatch CommitMsg]2021/10/17 19:46:36.679328 /root/study/github_repository/pbftconsensus/network/routine_dispatchMsg.go:95: [receive commit message, and prepare to resolve it]
[dispatch CommitMsg]2021/10/17 19:46:36.690138 /root/study/github_repository/pbftconsensus/network/routine_dispatchMsg.go:95: [receive commit message, and prepare to resolve it]
[dispatch CommitMsg]2021/10/17 19:46:36.728771 /root/study/github_repository/pbftconsensus/network/routine_dispatchMsg.go:95: [receive commit message, and prepare to resolve it]
[dispatch CommitMsg]2021/10/17 19:46:36.747148 /root/study/github_repository/pbftconsensus/network/routine_dispatchMsg.go:95: [receive commit message, and prepare to resolve it]
[dispatch CommitMsg]2021/10/17 19:46:36.759913 /root/study/github_repository/pbftconsensus/network/routine_dispatchMsg.go:95: [receive commit message, and prepare to resolve it]
[dispatch CommitMsg]2021/10/17 19:46:36.769757 /root/study/github_repository/pbftconsensus/network/routine_dispatchMsg.go:95: [receive commit message, and prepare to resolve it]
[dispatch CommitMsg]2021/10/17 19:46:36.796337 /root/study/github_repository/pbftconsensus/network/routine_dispatchMsg.go:95: [receive commit message, and prepare to resolve it]
[dispatch CommitMsg]2021/10/17 19:46:36.818233 /root/study/github_repository/pbftconsensus/network/routine_dispatchMsg.go:95: [receive commit message, and prepare to resolve it]
[dispatch CommitMsg]2021/10/17 19:46:36.831770 /root/study/github_repository/pbftconsensus/network/routine_dispatchMsg.go:95: [receive commit message, and prepare to resolve it]
[dispatch CommitMsg]2021/10/17 19:46:36.876078 /root/study/github_repository/pbftconsensus/network/routine_dispatchMsg.go:95: [receive commit message, and prepare to resolve it]
[resolve commitMsg success]2021/10/17 19:46:36.886997 /root/study/github_repository/pbftconsensus/network/routine_resolveMsg.go:229: put reply message into broadcast channel
[dispatch CommitMsg]2021/10/17 19:46:36.887551 /root/study/github_repository/pbftconsensus/network/routine_dispatchMsg.go:95: [receive commit message, and prepare to resolve it]
[dispatch PrePrepareMsg]2021/10/17 20:18:47.292458 /root/study/github_repository/pbftconsensus/network/routine_dispatchMsg.go:63: [receive preprepare message, and prepare to resolve it]
[resolve pre-prepareMsg success]2021/10/17 20:18:47.318007 /root/study/github_repository/pbftconsensus/network/routine_resolveMsg.go:145: put prepare message into broadcast channel
[dispatch PrepareMsg]2021/10/17 20:18:47.370638 /root/study/github_repository/pbftconsensus/network/routine_dispatchMsg.go:80: [receive prepare message, and prepare to resolve it]
[dispatch PrepareMsg]2021/10/17 20:18:47.390872 /root/study/github_repository/pbftconsensus/network/routine_dispatchMsg.go:80: [receive prepare message, and prepare to resolve it]
[dispatch PrepareMsg]2021/10/17 20:18:47.407212 /root/study/github_repository/pbftconsensus/network/routine_dispatchMsg.go:80: [receive prepare message, and prepare to resolve it]
[dispatch PrepareMsg]2021/10/17 20:18:47.420005 /root/study/github_repository/pbftconsensus/network/routine_dispatchMsg.go:80: [receive prepare message, and prepare to resolve it]
[dispatch PrepareMsg]2021/10/17 20:18:47.430207 /root/study/github_repository/pbftconsensus/network/routine_dispatchMsg.go:80: [receive prepare message, and prepare to resolve it]
[dispatch PrepareMsg]2021/10/17 20:18:47.444094 /root/study/github_repository/pbftconsensus/network/routine_dispatchMsg.go:80: [receive prepare message, and prepare to resolve it]
[dispatch PrepareMsg]2021/10/17 20:18:47.489393 /root/study/github_repository/pbftconsensus/network/routine_dispatchMsg.go:80: [receive prepare message, and prepare to resolve it]
[dispatch PrepareMsg]2021/10/17 20:18:47.500223 /root/study/github_repository/pbftconsensus/network/routine_dispatchMsg.go:80: [receive prepare message, and prepare to resolve it]
[dispatch PrepareMsg]2021/10/17 20:18:47.520222 /root/study/github_repository/pbftconsensus/network/routine_dispatchMsg.go:80: [receive prepare message, and prepare to resolve it]
[dispatch PrepareMsg]2021/10/17 20:18:47.543776 /root/study/github_repository/pbftconsensus/network/routine_dispatchMsg.go:80: [receive prepare message, and prepare to resolve it]
[dispatch PrepareMsg]2021/10/17 20:18:47.561735 /root/study/github_repository/pbftconsensus/network/routine_dispatchMsg.go:80: [receive prepare message, and prepare to resolve it]
[dispatch PrepareMsg]2021/10/17 20:18:47.570157 /root/study/github_repository/pbftconsensus/network/routine_dispatchMsg.go:80: [receive prepare message, and prepare to resolve it]
[resolve prepareMsg success]2021/10/17 20:18:47.614511 /root/study/github_repository/pbftconsensus/network/routine_resolveMsg.go:183: put commit message into broadcast channel
[dispatch PrepareMsg]2021/10/17 20:18:47.617593 /root/study/github_repository/pbftconsensus/network/routine_dispatchMsg.go:80: [receive prepare message, and prepare to resolve it]
[dispatch CommitMsg]2021/10/17 20:18:47.625048 /root/study/github_repository/pbftconsensus/network/routine_dispatchMsg.go:95: [receive commit message, and prepare to resolve it]
[dispatch CommitMsg]2021/10/17 20:18:47.662876 /root/study/github_repository/pbftconsensus/network/routine_dispatchMsg.go:95: [receive commit message, and prepare to resolve it]
[dispatch CommitMsg]2021/10/17 20:18:47.699613 /root/study/github_repository/pbftconsensus/network/routine_dispatchMsg.go:95: [receive commit message, and prepare to resolve it]
[dispatch CommitMsg]2021/10/17 20:18:47.725667 /root/study/github_repository/pbftconsensus/network/routine_dispatchMsg.go:95: [receive commit message, and prepare to resolve it]
[dispatch CommitMsg]2021/10/17 20:18:47.740706 /root/study/github_repository/pbftconsensus/network/routine_dispatchMsg.go:95: [receive commit message, and prepare to resolve it]
[dispatch CommitMsg]2021/10/17 20:18:47.762336 /root/study/github_repository/pbftconsensus/network/routine_dispatchMsg.go:95: [receive commit message, and prepare to resolve it]
[dispatch CommitMsg]2021/10/17 20:18:47.765701 /root/study/github_repository/pbftconsensus/network/routine_dispatchMsg.go:95: [receive commit message, and prepare to resolve it]
[dispatch CommitMsg]2021/10/17 20:18:47.799201 /root/study/github_repository/pbftconsensus/network/routine_dispatchMsg.go:95: [receive commit message, and prepare to resolve it]
[dispatch CommitMsg]2021/10/17 20:18:47.812466 /root/study/github_repository/pbftconsensus/network/routine_dispatchMsg.go:95: [receive commit message, and prepare to resolve it]
[dispatch CommitMsg]2021/10/17 20:18:47.839328 /root/study/github_repository/pbftconsensus/network/routine_dispatchMsg.go:95: [receive commit message, and prepare to resolve it]
[dispatch CommitMsg]2021/10/17 20:18:47.852833 /root/study/github_repository/pbftconsensus/network/routine_dispatchMsg.go:95: [receive commit message, and prepare to resolve it]
[dispatch CommitMsg]2021/10/17 20:18:47.871538 /root/study/github_repository/pbftconsensus/network/routine_dispatchMsg.go:95: [receive commit message, and prepare to resolve it]
[dispatch CommitMsg]2021/10/17 20:18:47.881765 /root/study/github_repository/pbftconsensus/network/routine_dispatchMsg.go:95: [receive commit message, and prepare to resolve it]
[dispatch CommitMsg]2021/10/17 20:18:47.894167 /root/study/github_repository/pbftconsensus/network/routine_dispatchMsg.go:95: [receive commit message, and prepare to resolve it]
[resolve commitMsg success]2021/10/17 20:18:47.902430 /root/study/github_repository/pbftconsensus/network/routine_resolveMsg.go:229: put reply message into broadcast channel
[dispatch PrePrepareMsg]2021/10/17 20:22:07.741190 /root/study/github_repository/pbftconsensus/network/routine_dispatchMsg.go:63: [receive preprepare message, and prepare to resolve it]
[resolve pre-prepareMsg success]2021/10/17 20:22:07.764575 /root/study/github_repository/pbftconsensus/network/routine_resolveMsg.go:145: put prepare message into broadcast channel
[dispatch PrepareMsg]2021/10/17 20:22:07.776480 /root/study/github_repository/pbftconsensus/network/routine_dispatchMsg.go:80: [receive prepare message, and prepare to resolve it]
[dispatch PrepareMsg]2021/10/17 20:22:07.820658 /root/study/github_repository/pbftconsensus/network/routine_dispatchMsg.go:80: [receive prepare message, and prepare to resolve it]
[dispatch PrepareMsg]2021/10/17 20:22:07.837394 /root/study/github_repository/pbftconsensus/network/routine_dispatchMsg.go:80: [receive prepare message, and prepare to resolve it]
[dispatch PrepareMsg]2021/10/17 20:22:07.853746 /root/study/github_repository/pbftconsensus/network/routine_dispatchMsg.go:80: [receive prepare message, and prepare to resolve it]
[dispatch PrepareMsg]2021/10/17 20:22:07.864890 /root/study/github_repository/pbftconsensus/network/routine_dispatchMsg.go:80: [receive prepare message, and prepare to resolve it]
[dispatch PrepareMsg]2021/10/17 20:22:07.903976 /root/study/github_repository/pbftconsensus/network/routine_dispatchMsg.go:80: [receive prepare message, and prepare to resolve it]
[dispatch PrepareMsg]2021/10/17 20:22:07.969327 /root/study/github_repository/pbftconsensus/network/routine_dispatchMsg.go:80: [receive prepare message, and prepare to resolve it]
[dispatch PrepareMsg]2021/10/17 20:22:08.019888 /root/study/github_repository/pbftconsensus/network/routine_dispatchMsg.go:80: [receive prepare message, and prepare to resolve it]
[dispatch PrepareMsg]2021/10/17 20:22:08.021950 /root/study/github_repository/pbftconsensus/network/routine_dispatchMsg.go:80: [receive prepare message, and prepare to resolve it]
[dispatch PrepareMsg]2021/10/17 20:22:08.035835 /root/study/github_repository/pbftconsensus/network/routine_dispatchMsg.go:80: [receive prepare message, and prepare to resolve it]
[dispatch PrepareMsg]2021/10/17 20:22:08.047757 /root/study/github_repository/pbftconsensus/network/routine_dispatchMsg.go:80: [receive prepare message, and prepare to resolve it]
[dispatch PrepareMsg]2021/10/17 20:22:08.096196 /root/study/github_repository/pbftconsensus/network/routine_dispatchMsg.go:80: [receive prepare message, and prepare to resolve it]
[resolve prepareMsg success]2021/10/17 20:22:08.167062 /root/study/github_repository/pbftconsensus/network/routine_resolveMsg.go:183: put commit message into broadcast channel
[dispatch PrepareMsg]2021/10/17 20:22:08.167793 /root/study/github_repository/pbftconsensus/network/routine_dispatchMsg.go:80: [receive prepare message, and prepare to resolve it]
[dispatch CommitMsg]2021/10/17 20:22:08.188964 /root/study/github_repository/pbftconsensus/network/routine_dispatchMsg.go:95: [receive commit message, and prepare to resolve it]
[dispatch CommitMsg]2021/10/17 20:22:08.236856 /root/study/github_repository/pbftconsensus/network/routine_dispatchMsg.go:95: [receive commit message, and prepare to resolve it]
[dispatch CommitMsg]2021/10/17 20:22:08.246782 /root/study/github_repository/pbftconsensus/network/routine_dispatchMsg.go:95: [receive commit message, and prepare to resolve it]
[dispatch CommitMsg]2021/10/17 20:22:08.256414 /root/study/github_repository/pbftconsensus/network/routine_dispatchMsg.go:95: [receive commit message, and prepare to resolve it]
[dispatch CommitMsg]2021/10/17 20:22:08.273673 /root/study/github_repository/pbftconsensus/network/routine_dispatchMsg.go:95: [receive commit message, and prepare to resolve it]
[dispatch CommitMsg]2021/10/17 20:22:08.286834 /root/study/github_repository/pbftconsensus/network/routine_dispatchMsg.go:95: [receive commit message, and prepare to resolve it]
[dispatch CommitMsg]2021/10/17 20:22:08.299228 /root/study/github_repository/pbftconsensus/network/routine_dispatchMsg.go:95: [receive commit message, and prepare to resolve it]
[dispatch CommitMsg]2021/10/17 20:22:08.335192 /root/study/github_repository/pbftconsensus/network/routine_dispatchMsg.go:95: [receive commit message, and prepare to resolve it]
[dispatch CommitMsg]2021/10/17 20:22:08.346664 /root/study/github_repository/pbftconsensus/network/routine_dispatchMsg.go:95: [receive commit message, and prepare to resolve it]
[dispatch CommitMsg]2021/10/17 20:22:08.354865 /root/study/github_repository/pbftconsensus/network/routine_dispatchMsg.go:95: [receive commit message, and prepare to resolve it]
[dispatch CommitMsg]2021/10/17 20:22:08.363178 /root/study/github_repository/pbftconsensus/network/routine_dispatchMsg.go:95: [receive commit message, and prepare to resolve it]
[resolve commitMsg success]2021/10/17 20:22:08.390695 /root/study/github_repository/pbftconsensus/network/routine_resolveMsg.go:229: put reply message into broadcast channel
[dispatch CommitMsg]2021/10/17 20:22:08.391363 /root/study/github_repository/pbftconsensus/network/routine_dispatchMsg.go:95: [receive commit message, and prepare to resolve it]
[dispatch PrePrepareMsg]2021/10/17 20:28:05.194840 /root/study/github_repository/pbftconsensus/network/routine_dispatchMsg.go:63: [receive preprepare message, and prepare to resolve it]
[resolve pre-prepareMsg success]2021/10/17 20:28:05.222722 /root/study/github_repository/pbftconsensus/network/routine_resolveMsg.go:145: put prepare message into broadcast channel
[resolve prepareMsg success]2021/10/17 20:28:05.901022 /root/study/github_repository/pbftconsensus/network/routine_resolveMsg.go:183: put commit message into broadcast channel
[dispatch CommitMsg]2021/10/17 20:28:06.186982 /root/study/github_repository/pbftconsensus/network/routine_dispatchMsg.go:95: [receive commit message, and prepare to resolve it]
[resolve commitMsg success]2021/10/17 20:28:06.284662 /root/study/github_repository/pbftconsensus/network/routine_resolveMsg.go:229: put reply message into broadcast channel
[dispatch PrePrepareMsg]2021/10/17 20:29:59.897433 /root/study/github_repository/pbftconsensus/network/routine_dispatchMsg.go:63: [receive preprepare message, and prepare to resolve it]
[resolve pre-prepareMsg success]2021/10/17 20:29:59.927988 /root/study/github_repository/pbftconsensus/network/routine_resolveMsg.go:145: put prepare message into broadcast channel
[resolve prepareMsg success]2021/10/17 20:30:00.282588 /root/study/github_repository/pbftconsensus/network/routine_resolveMsg.go:183: put commit message into broadcast channel
[dispatch PrepareMsg]2021/10/17 20:30:00.310744 /root/study/github_repository/pbftconsensus/network/routine_dispatchMsg.go:80: [receive prepare message, and prepare to resolve it]
[dispatch PrepareMsg]2021/10/17 20:30:00.318923 /root/study/github_repository/pbftconsensus/network/routine_dispatchMsg.go:80: [receive prepare message, and prepare to resolve it]
[resolve commitMsg success]2021/10/17 20:30:00.656275 /root/study/github_repository/pbftconsensus/network/routine_resolveMsg.go:229: put reply message into broadcast channel
[dispatch CommitMsg]2021/10/17 20:30:00.680978 /root/study/github_repository/pbftconsensus/network/routine_dispatchMsg.go:95: [receive commit message, and prepare to resolve it]
[dispatch PrePrepareMsg]2021/10/17 20:30:01.885938 /root/study/github_repository/pbftconsensus/network/routine_dispatchMsg.go:63: [receive preprepare message, and prepare to resolve it]
[resolve pre-prepareMsg success]2021/10/17 20:30:01.913597 /root/study/github_repository/pbftconsensus/network/routine_resolveMsg.go:145: put prepare message into broadcast channel
[dispatch PrepareMsg]2021/10/17 20:30:01.944298 /root/study/github_repository/pbftconsensus/network/routine_dispatchMsg.go:80: [receive prepare message, and prepare to resolve it]
[resolve prepareMsg success]2021/10/17 20:30:02.042886 /root/study/github_repository/pbftconsensus/network/routine_resolveMsg.go:183: put commit message into broadcast channel
[dispatch PrepareMsg]2021/10/17 20:30:02.043340 /root/study/github_repository/pbftconsensus/network/routine_dispatchMsg.go:80: [receive prepare message, and prepare to resolve it]
[dispatch PrepareMsg]2021/10/17 20:30:02.047291 /root/study/github_repository/pbftconsensus/network/routine_dispatchMsg.go:80: [receive prepare message, and prepare to resolve it]
[dispatch PrepareMsg]2021/10/17 20:30:02.052267 /root/study/github_repository/pbftconsensus/network/routine_dispatchMsg.go:80: [receive prepare message, and prepare to resolve it]
[dispatch PrepareMsg]2021/10/17 20:30:02.057722 /root/study/github_repository/pbftconsensus/network/routine_dispatchMsg.go:80: [receive prepare message, and prepare to resolve it]
[dispatch PrepareMsg]2021/10/17 20:30:02.062495 /root/study/github_repository/pbftconsensus/network/routine_dispatchMsg.go:80: [receive prepare message, and prepare to resolve it]
[dispatch PrepareMsg]2021/10/17 20:30:02.072271 /root/study/github_repository/pbftconsensus/network/routine_dispatchMsg.go:80: [receive prepare message, and prepare to resolve it]
[dispatch PrepareMsg]2021/10/17 20:30:02.106881 /root/study/github_repository/pbftconsensus/network/routine_dispatchMsg.go:80: [receive prepare message, and prepare to resolve it]
[dispatch CommitMsg]2021/10/17 20:30:02.216310 /root/study/github_repository/pbftconsensus/network/routine_dispatchMsg.go:95: [receive commit message, and prepare to resolve it]
[dispatch CommitMsg]2021/10/17 20:30:02.268954 /root/study/github_repository/pbftconsensus/network/routine_dispatchMsg.go:95: [receive commit message, and prepare to resolve it]
[dispatch CommitMsg]2021/10/17 20:30:02.275132 /root/study/github_repository/pbftconsensus/network/routine_dispatchMsg.go:95: [receive commit message, and prepare to resolve it]
[dispatch CommitMsg]2021/10/17 20:30:02.284721 /root/study/github_repository/pbftconsensus/network/routine_dispatchMsg.go:95: [receive commit message, and prepare to resolve it]
[dispatch CommitMsg]2021/10/17 20:30:02.296027 /root/study/github_repository/pbftconsensus/network/routine_dispatchMsg.go:95: [receive commit message, and prepare to resolve it]
[dispatch CommitMsg]2021/10/17 20:30:02.314823 /root/study/github_repository/pbftconsensus/network/routine_dispatchMsg.go:95: [receive commit message, and prepare to resolve it]
[resolve commitMsg success]2021/10/17 20:30:02.319165 /root/study/github_repository/pbftconsensus/network/routine_resolveMsg.go:229: put reply message into broadcast channel
[dispatch CommitMsg]2021/10/17 20:30:02.319245 /root/study/github_repository/pbftconsensus/network/routine_dispatchMsg.go:95: [receive commit message, and prepare to resolve it]
[dispatch PrePrepareMsg]2021/10/17 20:30:07.890991 /root/study/github_repository/pbftconsensus/network/routine_dispatchMsg.go:63: [receive preprepare message, and prepare to resolve it]
[resolve pre-prepareMsg success]2021/10/17 20:30:07.915668 /root/study/github_repository/pbftconsensus/network/routine_resolveMsg.go:145: put prepare message into broadcast channel
[dispatch PrepareMsg]2021/10/17 20:30:08.003473 /root/study/github_repository/pbftconsensus/network/routine_dispatchMsg.go:80: [receive prepare message, and prepare to resolve it]
[dispatch PrepareMsg]2021/10/17 20:30:08.107530 /root/study/github_repository/pbftconsensus/network/routine_dispatchMsg.go:80: [receive prepare message, and prepare to resolve it]
[dispatch PrepareMsg]2021/10/17 20:30:08.117023 /root/study/github_repository/pbftconsensus/network/routine_dispatchMsg.go:80: [receive prepare message, and prepare to resolve it]
[resolve prepareMsg success]2021/10/17 20:30:08.157870 /root/study/github_repository/pbftconsensus/network/routine_resolveMsg.go:183: put commit message into broadcast channel
[dispatch PrepareMsg]2021/10/17 20:30:08.158067 /root/study/github_repository/pbftconsensus/network/routine_dispatchMsg.go:80: [receive prepare message, and prepare to resolve it]
[dispatch PrepareMsg]2021/10/17 20:30:08.166782 /root/study/github_repository/pbftconsensus/network/routine_dispatchMsg.go:80: [receive prepare message, and prepare to resolve it]
[dispatch PrepareMsg]2021/10/17 20:30:08.177391 /root/study/github_repository/pbftconsensus/network/routine_dispatchMsg.go:80: [receive prepare message, and prepare to resolve it]
[dispatch PrepareMsg]2021/10/17 20:30:08.185662 /root/study/github_repository/pbftconsensus/network/routine_dispatchMsg.go:80: [receive prepare message, and prepare to resolve it]
[dispatch PrepareMsg]2021/10/17 20:30:08.195527 /root/study/github_repository/pbftconsensus/network/routine_dispatchMsg.go:80: [receive prepare message, and prepare to resolve it]
[dispatch PrepareMsg]2021/10/17 20:30:08.246926 /root/study/github_repository/pbftconsensus/network/routine_dispatchMsg.go:80: [receive prepare message, and prepare to resolve it]
[dispatch PrepareMsg]2021/10/17 20:30:08.421392 /root/study/github_repository/pbftconsensus/network/routine_dispatchMsg.go:80: [receive prepare message, and prepare to resolve it]
[dispatch CommitMsg]2021/10/17 20:30:08.456168 /root/study/github_repository/pbftconsensus/network/routine_dispatchMsg.go:95: [receive commit message, and prepare to resolve it]
[dispatch CommitMsg]2021/10/17 20:30:08.578975 /root/study/github_repository/pbftconsensus/network/routine_dispatchMsg.go:95: [receive commit message, and prepare to resolve it]
[dispatch CommitMsg]2021/10/17 20:30:08.588355 /root/study/github_repository/pbftconsensus/network/routine_dispatchMsg.go:95: [receive commit message, and prepare to resolve it]
[resolve commitMsg success]2021/10/17 20:30:08.597927 /root/study/github_repository/pbftconsensus/network/routine_resolveMsg.go:229: put reply message into broadcast channel
[dispatch CommitMsg]2021/10/17 20:30:08.608140 /root/study/github_repository/pbftconsensus/network/routine_dispatchMsg.go:95: [receive commit message, and prepare to resolve it]
[dispatch PrePrepareMsg]2021/10/17 20:31:56.366109 /root/study/github_repository/pbftconsensus/network/routine_dispatchMsg.go:63: [receive preprepare message, and prepare to resolve it]
[resolve pre-prepareMsg success]2021/10/17 20:31:56.390400 /root/study/github_repository/pbftconsensus/network/routine_resolveMsg.go:145: put prepare message into broadcast channel
[resolve prepareMsg success]2021/10/17 20:31:56.811030 /root/study/github_repository/pbftconsensus/network/routine_resolveMsg.go:183: put commit message into broadcast channel
[dispatch PrepareMsg]2021/10/17 20:31:56.845049 /root/study/github_repository/pbftconsensus/network/routine_dispatchMsg.go:80: [receive prepare message, and prepare to resolve it]
[dispatch CommitMsg]2021/10/17 20:31:56.853440 /root/study/github_repository/pbftconsensus/network/routine_dispatchMsg.go:95: [receive commit message, and prepare to resolve it]
[dispatch CommitMsg]2021/10/17 20:31:56.869521 /root/study/github_repository/pbftconsensus/network/routine_dispatchMsg.go:95: [receive commit message, and prepare to resolve it]
[dispatch CommitMsg]2021/10/17 20:31:56.890358 /root/study/github_repository/pbftconsensus/network/routine_dispatchMsg.go:95: [receive commit message, and prepare to resolve it]
[dispatch CommitMsg]2021/10/17 20:31:56.909444 /root/study/github_repository/pbftconsensus/network/routine_dispatchMsg.go:95: [receive commit message, and prepare to resolve it]
[dispatch CommitMsg]2021/10/17 20:31:56.919482 /root/study/github_repository/pbftconsensus/network/routine_dispatchMsg.go:95: [receive commit message, and prepare to resolve it]
[dispatch CommitMsg]2021/10/17 20:31:56.927336 /root/study/github_repository/pbftconsensus/network/routine_dispatchMsg.go:95: [receive commit message, and prepare to resolve it]
[dispatch CommitMsg]2021/10/17 20:31:56.936351 /root/study/github_repository/pbftconsensus/network/routine_dispatchMsg.go:95: [receive commit message, and prepare to resolve it]
[dispatch CommitMsg]2021/10/17 20:31:56.944700 /root/study/github_repository/pbftconsensus/network/routine_dispatchMsg.go:95: [receive commit message, and prepare to resolve it]
[dispatch CommitMsg]2021/10/17 20:31:56.952771 /root/study/github_repository/pbftconsensus/network/routine_dispatchMsg.go:95: [receive commit message, and prepare to resolve it]
[dispatch CommitMsg]2021/10/17 20:31:56.961063 /root/study/github_repository/pbftconsensus/network/routine_dispatchMsg.go:95: [receive commit message, and prepare to resolve it]
[dispatch CommitMsg]2021/10/17 20:31:56.970276 /root/study/github_repository/pbftconsensus/network/routine_dispatchMsg.go:95: [receive commit message, and prepare to resolve it]
[dispatch CommitMsg]2021/10/17 20:31:56.977931 /root/study/github_repository/pbftconsensus/network/routine_dispatchMsg.go:95: [receive commit message, and prepare to resolve it]
[dispatch CommitMsg]2021/10/17 20:31:56.988212 /root/study/github_repository/pbftconsensus/network/routine_dispatchMsg.go:95: [receive commit message, and prepare to resolve it]
[resolve commitMsg success]2021/10/17 20:31:56.995871 /root/study/github_repository/pbftconsensus/network/routine_resolveMsg.go:229: put reply message into broadcast channel
[dispatch CommitMsg]2021/10/17 20:31:56.996197 /root/study/github_repository/pbftconsensus/network/routine_dispatchMsg.go:95: [receive commit message, and prepare to resolve it]
[dispatch PrePrepareMsg]2021/10/17 20:33:28.655487 /root/study/github_repository/pbftconsensus/network/routine_dispatchMsg.go:63: [receive preprepare message, and prepare to resolve it]
[resolve pre-prepareMsg success]2021/10/17 20:33:28.681205 /root/study/github_repository/pbftconsensus/network/routine_resolveMsg.go:145: put prepare message into broadcast channel
[dispatch PrepareMsg]2021/10/17 20:33:28.811948 /root/study/github_repository/pbftconsensus/network/routine_dispatchMsg.go:80: [receive prepare message, and prepare to resolve it]
[dispatch PrepareMsg]2021/10/17 20:33:28.919378 /root/study/github_repository/pbftconsensus/network/routine_dispatchMsg.go:80: [receive prepare message, and prepare to resolve it]
[resolve prepareMsg success]2021/10/17 20:33:28.948694 /root/study/github_repository/pbftconsensus/network/routine_resolveMsg.go:183: put commit message into broadcast channel
[dispatch PrepareMsg]2021/10/17 20:33:28.950137 /root/study/github_repository/pbftconsensus/network/routine_dispatchMsg.go:80: [receive prepare message, and prepare to resolve it]
[dispatch PrepareMsg]2021/10/17 20:33:28.958565 /root/study/github_repository/pbftconsensus/network/routine_dispatchMsg.go:80: [receive prepare message, and prepare to resolve it]
[dispatch PrepareMsg]2021/10/17 20:33:28.965539 /root/study/github_repository/pbftconsensus/network/routine_dispatchMsg.go:80: [receive prepare message, and prepare to resolve it]
[dispatch PrepareMsg]2021/10/17 20:33:28.974511 /root/study/github_repository/pbftconsensus/network/routine_dispatchMsg.go:80: [receive prepare message, and prepare to resolve it]
[dispatch PrepareMsg]2021/10/17 20:33:29.003283 /root/study/github_repository/pbftconsensus/network/routine_dispatchMsg.go:80: [receive prepare message, and prepare to resolve it]
[dispatch PrepareMsg]2021/10/17 20:33:29.003343 /root/study/github_repository/pbftconsensus/network/routine_dispatchMsg.go:80: [receive prepare message, and prepare to resolve it]
[dispatch PrepareMsg]2021/10/17 20:33:29.012970 /root/study/github_repository/pbftconsensus/network/routine_dispatchMsg.go:80: [receive prepare message, and prepare to resolve it]
[dispatch CommitMsg]2021/10/17 20:33:29.229075 /root/study/github_repository/pbftconsensus/network/routine_dispatchMsg.go:95: [receive commit message, and prepare to resolve it]
[dispatch CommitMsg]2021/10/17 20:33:29.313154 /root/study/github_repository/pbftconsensus/network/routine_dispatchMsg.go:95: [receive commit message, and prepare to resolve it]
[dispatch CommitMsg]2021/10/17 20:33:29.321220 /root/study/github_repository/pbftconsensus/network/routine_dispatchMsg.go:95: [receive commit message, and prepare to resolve it]
[dispatch CommitMsg]2021/10/17 20:33:29.330619 /root/study/github_repository/pbftconsensus/network/routine_dispatchMsg.go:95: [receive commit message, and prepare to resolve it]
[dispatch CommitMsg]2021/10/17 20:33:29.338808 /root/study/github_repository/pbftconsensus/network/routine_dispatchMsg.go:95: [receive commit message, and prepare to resolve it]
[resolve commitMsg success]2021/10/17 20:33:29.346779 /root/study/github_repository/pbftconsensus/network/routine_resolveMsg.go:229: put reply message into broadcast channel
[dispatch CommitMsg]2021/10/17 20:33:29.347520 /root/study/github_repository/pbftconsensus/network/routine_dispatchMsg.go:95: [receive commit message, and prepare to resolve it]
[dispatch PrePrepareMsg]2021/10/17 20:33:36.648766 /root/study/github_repository/pbftconsensus/network/routine_dispatchMsg.go:63: [receive preprepare message, and prepare to resolve it]
[resolve pre-prepareMsg success]2021/10/17 20:33:36.673334 /root/study/github_repository/pbftconsensus/network/routine_resolveMsg.go:145: put prepare message into broadcast channel
[dispatch PrepareMsg]2021/10/17 20:33:36.720050 /root/study/github_repository/pbftconsensus/network/routine_dispatchMsg.go:80: [receive prepare message, and prepare to resolve it]
[dispatch PrepareMsg]2021/10/17 20:33:36.791742 /root/study/github_repository/pbftconsensus/network/routine_dispatchMsg.go:80: [receive prepare message, and prepare to resolve it]
[dispatch PrepareMsg]2021/10/17 20:33:36.799058 /root/study/github_repository/pbftconsensus/network/routine_dispatchMsg.go:80: [receive prepare message, and prepare to resolve it]
[dispatch PrepareMsg]2021/10/17 20:33:36.809014 /root/study/github_repository/pbftconsensus/network/routine_dispatchMsg.go:80: [receive prepare message, and prepare to resolve it]
[dispatch PrepareMsg]2021/10/17 20:33:36.816414 /root/study/github_repository/pbftconsensus/network/routine_dispatchMsg.go:80: [receive prepare message, and prepare to resolve it]
[dispatch PrepareMsg]2021/10/17 20:33:36.823797 /root/study/github_repository/pbftconsensus/network/routine_dispatchMsg.go:80: [receive prepare message, and prepare to resolve it]
[resolve prepareMsg success]2021/10/17 20:33:36.851054 /root/study/github_repository/pbftconsensus/network/routine_resolveMsg.go:183: put commit message into broadcast channel
[dispatch PrepareMsg]2021/10/17 20:33:36.852554 /root/study/github_repository/pbftconsensus/network/routine_dispatchMsg.go:80: [receive prepare message, and prepare to resolve it]
[dispatch PrepareMsg]2021/10/17 20:33:36.880187 /root/study/github_repository/pbftconsensus/network/routine_dispatchMsg.go:80: [receive prepare message, and prepare to resolve it]
[dispatch PrepareMsg]2021/10/17 20:33:36.888350 /root/study/github_repository/pbftconsensus/network/routine_dispatchMsg.go:80: [receive prepare message, and prepare to resolve it]
[dispatch PrepareMsg]2021/10/17 20:33:36.897314 /root/study/github_repository/pbftconsensus/network/routine_dispatchMsg.go:80: [receive prepare message, and prepare to resolve it]
[dispatch PrepareMsg]2021/10/17 20:33:36.906224 /root/study/github_repository/pbftconsensus/network/routine_dispatchMsg.go:80: [receive prepare message, and prepare to resolve it]
[dispatch PrepareMsg]2021/10/17 20:33:36.913513 /root/study/github_repository/pbftconsensus/network/routine_dispatchMsg.go:80: [receive prepare message, and prepare to resolve it]
[dispatch PrepareMsg]2021/10/17 20:33:36.922815 /root/study/github_repository/pbftconsensus/network/routine_dispatchMsg.go:80: [receive prepare message, and prepare to resolve it]
[dispatch CommitMsg]2021/10/17 20:33:37.124059 /root/study/github_repository/pbftconsensus/network/routine_dispatchMsg.go:95: [receive commit message, and prepare to resolve it]
[dispatch CommitMsg]2021/10/17 20:33:37.201823 /root/study/github_repository/pbftconsensus/network/routine_dispatchMsg.go:95: [receive commit message, and prepare to resolve it]
[dispatch CommitMsg]2021/10/17 20:33:37.213452 /root/study/github_repository/pbftconsensus/network/routine_dispatchMsg.go:95: [receive commit message, and prepare to resolve it]
[dispatch CommitMsg]2021/10/17 20:33:37.221284 /root/study/github_repository/pbftconsensus/network/routine_dispatchMsg.go:95: [receive commit message, and prepare to resolve it]
[dispatch CommitMsg]2021/10/17 20:33:37.241469 /root/study/github_repository/pbftconsensus/network/routine_dispatchMsg.go:95: [receive commit message, and prepare to resolve it]
[dispatch CommitMsg]2021/10/17 20:33:37.251029 /root/study/github_repository/pbftconsensus/network/routine_dispatchMsg.go:95: [receive commit message, and prepare to resolve it]
[resolve commitMsg success]2021/10/17 20:33:37.258042 /root/study/github_repository/pbftconsensus/network/routine_resolveMsg.go:229: put reply message into broadcast channel
[dispatch CommitMsg]2021/10/17 20:33:37.264483 /root/study/github_repository/pbftconsensus/network/routine_dispatchMsg.go:95: [receive commit message, and prepare to resolve it]
[dispatch PrePrepareMsg]2021/10/17 20:46:08.466349 /root/study/github_repository/pbftconsensus/network/routine_dispatchMsg.go:63: [receive preprepare message, and prepare to resolve it]
[resolve pre-prepareMsg success]2021/10/17 20:46:08.497143 /root/study/github_repository/pbftconsensus/network/routine_resolveMsg.go:145: put prepare message into broadcast channel
[resolve prepareMsg success]2021/10/17 20:46:09.257520 /root/study/github_repository/pbftconsensus/network/routine_resolveMsg.go:183: put commit message into broadcast channel
[resolve commitMsg success]2021/10/17 20:46:09.604075 /root/study/github_repository/pbftconsensus/network/routine_resolveMsg.go:229: put reply message into broadcast channel
[dispatch PrePrepareMsg]2021/10/17 20:46:14.508429 /root/study/github_repository/pbftconsensus/network/routine_dispatchMsg.go:63: [receive preprepare message, and prepare to resolve it]
[resolve pre-prepareMsg success]2021/10/17 20:46:14.534402 /root/study/github_repository/pbftconsensus/network/routine_resolveMsg.go:145: put prepare message into broadcast channel
[resolve prepareMsg success]2021/10/17 20:46:15.248181 /root/study/github_repository/pbftconsensus/network/routine_resolveMsg.go:183: put commit message into broadcast channel
[dispatch CommitMsg]2021/10/17 20:46:15.463060 /root/study/github_repository/pbftconsensus/network/routine_dispatchMsg.go:95: [receive commit message, and prepare to resolve it]
[resolve commitMsg success]2021/10/17 20:46:15.590265 /root/study/github_repository/pbftconsensus/network/routine_resolveMsg.go:229: put reply message into broadcast channel
[dispatch CommitMsg]2021/10/17 20:46:15.637044 /root/study/github_repository/pbftconsensus/network/routine_dispatchMsg.go:95: [receive commit message, and prepare to resolve it]
