[dispatch PrePrepareMsg]2021/10/17 16:51:50.262296 /root/study/github_repository/pbftconsensus/network/routine_dispatchMsg.go:63: [receive preprepare message, and prepare to resolve it]
[resolve pre-prepareMsg success]2021/10/17 16:51:50.289466 /root/study/github_repository/pbftconsensus/network/routine_resolveMsg.go:145: put prepare message into broadcast channel
[dispatch PrepareMsg]2021/10/17 16:51:50.289493 /root/study/github_repository/pbftconsensus/network/routine_dispatchMsg.go:80: [receive prepare message, and prepare to resolve it]
[dispatch PrepareMsg]2021/10/17 16:51:50.344691 /root/study/github_repository/pbftconsensus/network/routine_dispatchMsg.go:80: [receive prepare message, and prepare to resolve it]
[dispatch PrepareMsg]2021/10/17 16:51:50.362884 /root/study/github_repository/pbftconsensus/network/routine_dispatchMsg.go:80: [receive prepare message, and prepare to resolve it]
[dispatch PrepareMsg]2021/10/17 16:51:50.380139 /root/study/github_repository/pbftconsensus/network/routine_dispatchMsg.go:80: [receive prepare message, and prepare to resolve it]
[dispatch PrepareMsg]2021/10/17 16:51:50.418140 /root/study/github_repository/pbftconsensus/network/routine_dispatchMsg.go:80: [receive prepare message, and prepare to resolve it]
[dispatch PrepareMsg]2021/10/17 16:51:50.432878 /root/study/github_repository/pbftconsensus/network/routine_dispatchMsg.go:80: [receive prepare message, and prepare to resolve it]
[dispatch PrepareMsg]2021/10/17 16:51:50.463537 /root/study/github_repository/pbftconsensus/network/routine_dispatchMsg.go:80: [receive prepare message, and prepare to resolve it]
[dispatch PrepareMsg]2021/10/17 16:51:50.473682 /root/study/github_repository/pbftconsensus/network/routine_dispatchMsg.go:80: [receive prepare message, and prepare to resolve it]
[dispatch PrepareMsg]2021/10/17 16:51:50.481909 /root/study/github_repository/pbftconsensus/network/routine_dispatchMsg.go:80: [receive prepare message, and prepare to resolve it]
[dispatch PrepareMsg]2021/10/17 16:51:50.498855 /root/study/github_repository/pbftconsensus/network/routine_dispatchMsg.go:80: [receive prepare message, and prepare to resolve it]
[resolve prepareMsg success]2021/10/17 16:51:50.547893 /root/study/github_repository/pbftconsensus/network/routine_resolveMsg.go:183: put commit message into broadcast channel
[dispatch PrepareMsg]2021/10/17 16:51:50.548646 /root/study/github_repository/pbftconsensus/network/routine_dispatchMsg.go:80: [receive prepare message, and prepare to resolve it]
[dispatch CommitMsg]2021/10/17 16:51:50.558959 /root/study/github_repository/pbftconsensus/network/routine_dispatchMsg.go:95: [receive commit message, and prepare to resolve it]
[dispatch CommitMsg]2021/10/17 16:51:50.598445 /root/study/github_repository/pbftconsensus/network/routine_dispatchMsg.go:95: [receive commit message, and prepare to resolve it]
[dispatch CommitMsg]2021/10/17 16:51:50.605340 /root/study/github_repository/pbftconsensus/network/routine_dispatchMsg.go:95: [receive commit message, and prepare to resolve it]
[dispatch CommitMsg]2021/10/17 16:51:50.629279 /root/study/github_repository/pbftconsensus/network/routine_dispatchMsg.go:95: [receive commit message, and prepare to resolve it]
[dispatch CommitMsg]2021/10/17 16:51:50.681150 /root/study/github_repository/pbftconsensus/network/routine_dispatchMsg.go:95: [receive commit message, and prepare to resolve it]
[dispatch CommitMsg]2021/10/17 16:51:50.696084 /root/study/github_repository/pbftconsensus/network/routine_dispatchMsg.go:95: [receive commit message, and prepare to resolve it]
[dispatch CommitMsg]2021/10/17 16:51:50.710576 /root/study/github_repository/pbftconsensus/network/routine_dispatchMsg.go:95: [receive commit message, and prepare to resolve it]
[dispatch CommitMsg]2021/10/17 16:51:50.724539 /root/study/github_repository/pbftconsensus/network/routine_dispatchMsg.go:95: [receive commit message, and prepare to resolve it]
[dispatch CommitMsg]2021/10/17 16:51:50.737787 /root/study/github_repository/pbftconsensus/network/routine_dispatchMsg.go:95: [receive commit message, and prepare to resolve it]
[dispatch CommitMsg]2021/10/17 16:51:50.745513 /root/study/github_repository/pbftconsensus/network/routine_dispatchMsg.go:95: [receive commit message, and prepare to resolve it]
[dispatch CommitMsg]2021/10/17 16:51:50.781405 /root/study/github_repository/pbftconsensus/network/routine_dispatchMsg.go:95: [receive commit message, and prepare to resolve it]
[dispatch CommitMsg]2021/10/17 16:51:50.792467 /root/study/github_repository/pbftconsensus/network/routine_dispatchMsg.go:95: [receive commit message, and prepare to resolve it]
[dispatch CommitMsg]2021/10/17 16:51:50.820281 /root/study/github_repository/pbftconsensus/network/routine_dispatchMsg.go:95: [receive commit message, and prepare to resolve it]
[dispatch CommitMsg]2021/10/17 16:51:50.829394 /root/study/github_repository/pbftconsensus/network/routine_dispatchMsg.go:95: [receive commit message, and prepare to resolve it]
[resolve commitMsg success]2021/10/17 16:51:50.838541 /root/study/github_repository/pbftconsensus/network/routine_resolveMsg.go:229: put reply message into broadcast channel
[dispatch CommitMsg]2021/10/17 16:51:50.839685 /root/study/github_repository/pbftconsensus/network/routine_dispatchMsg.go:95: [receive commit message, and prepare to resolve it]
[dispatch PrePrepareMsg]2021/10/17 16:59:24.760373 /root/study/github_repository/pbftconsensus/network/routine_dispatchMsg.go:63: [receive preprepare message, and prepare to resolve it]
[resolve pre-prepareMsg success]2021/10/17 16:59:24.790333 /root/study/github_repository/pbftconsensus/network/routine_resolveMsg.go:145: put prepare message into broadcast channel
[dispatch PrepareMsg]2021/10/17 16:59:24.903432 /root/study/github_repository/pbftconsensus/network/routine_dispatchMsg.go:80: [receive prepare message, and prepare to resolve it]
[dispatch PrepareMsg]2021/10/17 16:59:24.917287 /root/study/github_repository/pbftconsensus/network/routine_dispatchMsg.go:80: [receive prepare message, and prepare to resolve it]
[dispatch PrepareMsg]2021/10/17 16:59:24.932268 /root/study/github_repository/pbftconsensus/network/routine_dispatchMsg.go:80: [receive prepare message, and prepare to resolve it]
[dispatch PrepareMsg]2021/10/17 16:59:24.953190 /root/study/github_repository/pbftconsensus/network/routine_dispatchMsg.go:80: [receive prepare message, and prepare to resolve it]
[dispatch PrepareMsg]2021/10/17 16:59:24.963394 /root/study/github_repository/pbftconsensus/network/routine_dispatchMsg.go:80: [receive prepare message, and prepare to resolve it]
[dispatch PrepareMsg]2021/10/17 16:59:25.000177 /root/study/github_repository/pbftconsensus/network/routine_dispatchMsg.go:80: [receive prepare message, and prepare to resolve it]
[dispatch PrepareMsg]2021/10/17 16:59:25.010057 /root/study/github_repository/pbftconsensus/network/routine_dispatchMsg.go:80: [receive prepare message, and prepare to resolve it]
[dispatch PrepareMsg]2021/10/17 16:59:25.047724 /root/study/github_repository/pbftconsensus/network/routine_dispatchMsg.go:80: [receive prepare message, and prepare to resolve it]
[resolve prepareMsg success]2021/10/17 16:59:25.087396 /root/study/github_repository/pbftconsensus/network/routine_resolveMsg.go:183: put commit message into broadcast channel
[dispatch PrepareMsg]2021/10/17 16:59:25.087774 /root/study/github_repository/pbftconsensus/network/routine_dispatchMsg.go:80: [receive prepare message, and prepare to resolve it]
[dispatch CommitMsg]2021/10/17 16:59:25.097771 /root/study/github_repository/pbftconsensus/network/routine_dispatchMsg.go:95: [receive commit message, and prepare to resolve it]
[dispatch CommitMsg]2021/10/17 16:59:25.179613 /root/study/github_repository/pbftconsensus/network/routine_dispatchMsg.go:95: [receive commit message, and prepare to resolve it]
[dispatch CommitMsg]2021/10/17 16:59:25.209010 /root/study/github_repository/pbftconsensus/network/routine_dispatchMsg.go:95: [receive commit message, and prepare to resolve it]
[dispatch CommitMsg]2021/10/17 16:59:25.215417 /root/study/github_repository/pbftconsensus/network/routine_dispatchMsg.go:95: [receive commit message, and prepare to resolve it]
[dispatch CommitMsg]2021/10/17 16:59:25.226812 /root/study/github_repository/pbftconsensus/network/routine_dispatchMsg.go:95: [receive commit message, and prepare to resolve it]
[dispatch CommitMsg]2021/10/17 16:59:25.237415 /root/study/github_repository/pbftconsensus/network/routine_dispatchMsg.go:95: [receive commit message, and prepare to resolve it]
[dispatch CommitMsg]2021/10/17 16:59:25.257557 /root/study/github_repository/pbftconsensus/network/routine_dispatchMsg.go:95: [receive commit message, and prepare to resolve it]
[dispatch CommitMsg]2021/10/17 16:59:25.271778 /root/study/github_repository/pbftconsensus/network/routine_dispatchMsg.go:95: [receive commit message, and prepare to resolve it]
[dispatch CommitMsg]2021/10/17 16:59:25.284943 /root/study/github_repository/pbftconsensus/network/routine_dispatchMsg.go:95: [receive commit message, and prepare to resolve it]
[dispatch CommitMsg]2021/10/17 16:59:25.304685 /root/study/github_repository/pbftconsensus/network/routine_dispatchMsg.go:95: [receive commit message, and prepare to resolve it]
[resolve commitMsg success]2021/10/17 16:59:25.314666 /root/study/github_repository/pbftconsensus/network/routine_resolveMsg.go:229: put reply message into broadcast channel
[dispatch PrePrepareMsg]2021/10/17 17:04:46.219852 /root/study/github_repository/pbftconsensus/network/routine_dispatchMsg.go:63: [receive preprepare message, and prepare to resolve it]
[resolve pre-prepareMsg success]2021/10/17 17:04:46.242399 /root/study/github_repository/pbftconsensus/network/routine_resolveMsg.go:145: put prepare message into broadcast channel
[dispatch PrepareMsg]2021/10/17 17:04:46.261876 /root/study/github_repository/pbftconsensus/network/routine_dispatchMsg.go:80: [receive prepare message, and prepare to resolve it]
[dispatch PrepareMsg]2021/10/17 17:04:46.291597 /root/study/github_repository/pbftconsensus/network/routine_dispatchMsg.go:80: [receive prepare message, and prepare to resolve it]
[dispatch PrepareMsg]2021/10/17 17:04:46.327274 /root/study/github_repository/pbftconsensus/network/routine_dispatchMsg.go:80: [receive prepare message, and prepare to resolve it]
[dispatch PrepareMsg]2021/10/17 17:04:46.350943 /root/study/github_repository/pbftconsensus/network/routine_dispatchMsg.go:80: [receive prepare message, and prepare to resolve it]
[dispatch PrepareMsg]2021/10/17 17:04:46.359318 /root/study/github_repository/pbftconsensus/network/routine_dispatchMsg.go:80: [receive prepare message, and prepare to resolve it]
[dispatch PrepareMsg]2021/10/17 17:04:46.370400 /root/study/github_repository/pbftconsensus/network/routine_dispatchMsg.go:80: [receive prepare message, and prepare to resolve it]
[dispatch PrepareMsg]2021/10/17 17:04:46.383260 /root/study/github_repository/pbftconsensus/network/routine_dispatchMsg.go:80: [receive prepare message, and prepare to resolve it]
[dispatch PrepareMsg]2021/10/17 17:04:46.411416 /root/study/github_repository/pbftconsensus/network/routine_dispatchMsg.go:80: [receive prepare message, and prepare to resolve it]
[dispatch PrepareMsg]2021/10/17 17:04:46.439777 /root/study/github_repository/pbftconsensus/network/routine_dispatchMsg.go:80: [receive prepare message, and prepare to resolve it]
[dispatch PrepareMsg]2021/10/17 17:04:46.454670 /root/study/github_repository/pbftconsensus/network/routine_dispatchMsg.go:80: [receive prepare message, and prepare to resolve it]
[dispatch PrepareMsg]2021/10/17 17:04:46.476186 /root/study/github_repository/pbftconsensus/network/routine_dispatchMsg.go:80: [receive prepare message, and prepare to resolve it]
[dispatch PrepareMsg]2021/10/17 17:04:46.485244 /root/study/github_repository/pbftconsensus/network/routine_dispatchMsg.go:80: [receive prepare message, and prepare to resolve it]
[dispatch PrepareMsg]2021/10/17 17:04:46.495051 /root/study/github_repository/pbftconsensus/network/routine_dispatchMsg.go:80: [receive prepare message, and prepare to resolve it]
[resolve prepareMsg success]2021/10/17 17:04:46.544750 /root/study/github_repository/pbftconsensus/network/routine_resolveMsg.go:183: put commit message into broadcast channel
[dispatch PrepareMsg]2021/10/17 17:04:46.547966 /root/study/github_repository/pbftconsensus/network/routine_dispatchMsg.go:80: [receive prepare message, and prepare to resolve it]
[dispatch CommitMsg]2021/10/17 17:04:46.555822 /root/study/github_repository/pbftconsensus/network/routine_dispatchMsg.go:95: [receive commit message, and prepare to resolve it]
[dispatch CommitMsg]2021/10/17 17:04:46.574226 /root/study/github_repository/pbftconsensus/network/routine_dispatchMsg.go:95: [receive commit message, and prepare to resolve it]
[dispatch CommitMsg]2021/10/17 17:04:46.586744 /root/study/github_repository/pbftconsensus/network/routine_dispatchMsg.go:95: [receive commit message, and prepare to resolve it]
[dispatch CommitMsg]2021/10/17 17:04:46.597294 /root/study/github_repository/pbftconsensus/network/routine_dispatchMsg.go:95: [receive commit message, and prepare to resolve it]
[dispatch CommitMsg]2021/10/17 17:04:46.619598 /root/study/github_repository/pbftconsensus/network/routine_dispatchMsg.go:95: [receive commit message, and prepare to resolve it]
[dispatch CommitMsg]2021/10/17 17:04:46.636290 /root/study/github_repository/pbftconsensus/network/routine_dispatchMsg.go:95: [receive commit message, and prepare to resolve it]
[dispatch CommitMsg]2021/10/17 17:04:46.639463 /root/study/github_repository/pbftconsensus/network/routine_dispatchMsg.go:95: [receive commit message, and prepare to resolve it]
[dispatch CommitMsg]2021/10/17 17:04:46.649101 /root/study/github_repository/pbftconsensus/network/routine_dispatchMsg.go:95: [receive commit message, and prepare to resolve it]
[dispatch CommitMsg]2021/10/17 17:04:46.657402 /root/study/github_repository/pbftconsensus/network/routine_dispatchMsg.go:95: [receive commit message, and prepare to resolve it]
[dispatch CommitMsg]2021/10/17 17:04:46.681369 /root/study/github_repository/pbftconsensus/network/routine_dispatchMsg.go:95: [receive commit message, and prepare to resolve it]
[dispatch CommitMsg]2021/10/17 17:04:46.697660 /root/study/github_repository/pbftconsensus/network/routine_dispatchMsg.go:95: [receive commit message, and prepare to resolve it]
[dispatch CommitMsg]2021/10/17 17:04:46.707994 /root/study/github_repository/pbftconsensus/network/routine_dispatchMsg.go:95: [receive commit message, and prepare to resolve it]
[dispatch CommitMsg]2021/10/17 17:04:46.718605 /root/study/github_repository/pbftconsensus/network/routine_dispatchMsg.go:95: [receive commit message, and prepare to resolve it]
[dispatch CommitMsg]2021/10/17 17:04:46.727882 /root/study/github_repository/pbftconsensus/network/routine_dispatchMsg.go:95: [receive commit message, and prepare to resolve it]
[resolve commitMsg success]2021/10/17 17:04:46.736695 /root/study/github_repository/pbftconsensus/network/routine_resolveMsg.go:229: put reply message into broadcast channel
[dispatch PrePrepareMsg]2021/10/17 18:49:20.139113 /root/study/github_repository/pbftconsensus/network/routine_dispatchMsg.go:63: [receive preprepare message, and prepare to resolve it]
[resolve pre-prepareMsg success]2021/10/17 18:49:20.172431 /root/study/github_repository/pbftconsensus/network/routine_resolveMsg.go:145: put prepare message into broadcast channel
[dispatch PrepareMsg]2021/10/17 18:49:20.178210 /root/study/github_repository/pbftconsensus/network/routine_dispatchMsg.go:80: [receive prepare message, and prepare to resolve it]
[dispatch PrepareMsg]2021/10/17 18:49:20.206840 /root/study/github_repository/pbftconsensus/network/routine_dispatchMsg.go:80: [receive prepare message, and prepare to resolve it]
[dispatch PrepareMsg]2021/10/17 18:49:20.224349 /root/study/github_repository/pbftconsensus/network/routine_dispatchMsg.go:80: [receive prepare message, and prepare to resolve it]
[dispatch PrepareMsg]2021/10/17 18:49:20.236489 /root/study/github_repository/pbftconsensus/network/routine_dispatchMsg.go:80: [receive prepare message, and prepare to resolve it]
[dispatch PrepareMsg]2021/10/17 18:49:20.236518 /root/study/github_repository/pbftconsensus/network/routine_dispatchMsg.go:80: [receive prepare message, and prepare to resolve it]
[dispatch PrepareMsg]2021/10/17 18:49:20.241306 /root/study/github_repository/pbftconsensus/network/routine_dispatchMsg.go:80: [receive prepare message, and prepare to resolve it]
[dispatch PrepareMsg]2021/10/17 18:49:20.243960 /root/study/github_repository/pbftconsensus/network/routine_dispatchMsg.go:80: [receive prepare message, and prepare to resolve it]
[dispatch PrepareMsg]2021/10/17 18:49:20.247443 /root/study/github_repository/pbftconsensus/network/routine_dispatchMsg.go:80: [receive prepare message, and prepare to resolve it]
[dispatch PrepareMsg]2021/10/17 18:49:20.250947 /root/study/github_repository/pbftconsensus/network/routine_dispatchMsg.go:80: [receive prepare message, and prepare to resolve it]
[resolve prepareMsg success]2021/10/17 18:49:20.274327 /root/study/github_repository/pbftconsensus/network/routine_resolveMsg.go:183: put commit message into broadcast channel
[dispatch PrepareMsg]2021/10/17 18:49:20.275482 /root/study/github_repository/pbftconsensus/network/routine_dispatchMsg.go:80: [receive prepare message, and prepare to resolve it]
[dispatch CommitMsg]2021/10/17 18:49:20.298916 /root/study/github_repository/pbftconsensus/network/routine_dispatchMsg.go:95: [receive commit message, and prepare to resolve it]
[dispatch CommitMsg]2021/10/17 18:49:20.317048 /root/study/github_repository/pbftconsensus/network/routine_dispatchMsg.go:95: [receive commit message, and prepare to resolve it]
[dispatch CommitMsg]2021/10/17 18:49:20.342022 /root/study/github_repository/pbftconsensus/network/routine_dispatchMsg.go:95: [receive commit message, and prepare to resolve it]
[dispatch CommitMsg]2021/10/17 18:49:20.346305 /root/study/github_repository/pbftconsensus/network/routine_dispatchMsg.go:95: [receive commit message, and prepare to resolve it]
[dispatch CommitMsg]2021/10/17 18:49:20.357038 /root/study/github_repository/pbftconsensus/network/routine_dispatchMsg.go:95: [receive commit message, and prepare to resolve it]
[dispatch CommitMsg]2021/10/17 18:49:20.364909 /root/study/github_repository/pbftconsensus/network/routine_dispatchMsg.go:95: [receive commit message, and prepare to resolve it]
[dispatch CommitMsg]2021/10/17 18:49:20.375987 /root/study/github_repository/pbftconsensus/network/routine_dispatchMsg.go:95: [receive commit message, and prepare to resolve it]
[dispatch CommitMsg]2021/10/17 18:49:20.395151 /root/study/github_repository/pbftconsensus/network/routine_dispatchMsg.go:95: [receive commit message, and prepare to resolve it]
[dispatch CommitMsg]2021/10/17 18:49:20.405057 /root/study/github_repository/pbftconsensus/network/routine_dispatchMsg.go:95: [receive commit message, and prepare to resolve it]
[dispatch CommitMsg]2021/10/17 18:49:20.408461 /root/study/github_repository/pbftconsensus/network/routine_dispatchMsg.go:95: [receive commit message, and prepare to resolve it]
[dispatch CommitMsg]2021/10/17 18:49:20.416699 /root/study/github_repository/pbftconsensus/network/routine_dispatchMsg.go:95: [receive commit message, and prepare to resolve it]
[dispatch CommitMsg]2021/10/17 18:49:20.444486 /root/study/github_repository/pbftconsensus/network/routine_dispatchMsg.go:95: [receive commit message, and prepare to resolve it]
[dispatch CommitMsg]2021/10/17 18:49:20.460903 /root/study/github_repository/pbftconsensus/network/routine_dispatchMsg.go:95: [receive commit message, and prepare to resolve it]
[dispatch CommitMsg]2021/10/17 18:49:20.468053 /root/study/github_repository/pbftconsensus/network/routine_dispatchMsg.go:95: [receive commit message, and prepare to resolve it]
[resolve commitMsg success]2021/10/17 18:49:20.472452 /root/study/github_repository/pbftconsensus/network/routine_resolveMsg.go:229: put reply message into broadcast channel
[dispatch PrePrepareMsg]2021/10/17 18:49:22.100504 /root/study/github_repository/pbftconsensus/network/routine_dispatchMsg.go:63: [receive preprepare message, and prepare to resolve it]
[resolve pre-prepareMsg success]2021/10/17 18:49:22.137206 /root/study/github_repository/pbftconsensus/network/routine_resolveMsg.go:145: put prepare message into broadcast channel
[dispatch PrepareMsg]2021/10/17 18:49:22.138595 /root/study/github_repository/pbftconsensus/network/routine_dispatchMsg.go:80: [receive prepare message, and prepare to resolve it]
[dispatch PrepareMsg]2021/10/17 18:49:22.188005 /root/study/github_repository/pbftconsensus/network/routine_dispatchMsg.go:80: [receive prepare message, and prepare to resolve it]
[dispatch PrepareMsg]2021/10/17 18:49:22.221296 /root/study/github_repository/pbftconsensus/network/routine_dispatchMsg.go:80: [receive prepare message, and prepare to resolve it]
[dispatch PrepareMsg]2021/10/17 18:49:22.229540 /root/study/github_repository/pbftconsensus/network/routine_dispatchMsg.go:80: [receive prepare message, and prepare to resolve it]
[dispatch PrepareMsg]2021/10/17 18:49:22.236919 /root/study/github_repository/pbftconsensus/network/routine_dispatchMsg.go:80: [receive prepare message, and prepare to resolve it]
[dispatch PrepareMsg]2021/10/17 18:49:22.253247 /root/study/github_repository/pbftconsensus/network/routine_dispatchMsg.go:80: [receive prepare message, and prepare to resolve it]
[dispatch PrepareMsg]2021/10/17 18:49:22.282092 /root/study/github_repository/pbftconsensus/network/routine_dispatchMsg.go:80: [receive prepare message, and prepare to resolve it]
[dispatch PrepareMsg]2021/10/17 18:49:22.287439 /root/study/github_repository/pbftconsensus/network/routine_dispatchMsg.go:80: [receive prepare message, and prepare to resolve it]
[dispatch PrepareMsg]2021/10/17 18:49:22.295606 /root/study/github_repository/pbftconsensus/network/routine_dispatchMsg.go:80: [receive prepare message, and prepare to resolve it]
[dispatch PrepareMsg]2021/10/17 18:49:22.300249 /root/study/github_repository/pbftconsensus/network/routine_dispatchMsg.go:80: [receive prepare message, and prepare to resolve it]
[dispatch PrepareMsg]2021/10/17 18:49:22.321284 /root/study/github_repository/pbftconsensus/network/routine_dispatchMsg.go:80: [receive prepare message, and prepare to resolve it]
[dispatch PrepareMsg]2021/10/17 18:49:22.333977 /root/study/github_repository/pbftconsensus/network/routine_dispatchMsg.go:80: [receive prepare message, and prepare to resolve it]
[resolve prepareMsg success]2021/10/17 18:49:22.362654 /root/study/github_repository/pbftconsensus/network/routine_resolveMsg.go:183: put commit message into broadcast channel
[dispatch PrepareMsg]2021/10/17 18:49:22.363430 /root/study/github_repository/pbftconsensus/network/routine_dispatchMsg.go:80: [receive prepare message, and prepare to resolve it]
[dispatch CommitMsg]2021/10/17 18:49:22.372656 /root/study/github_repository/pbftconsensus/network/routine_dispatchMsg.go:95: [receive commit message, and prepare to resolve it]
[dispatch CommitMsg]2021/10/17 18:49:22.378987 /root/study/github_repository/pbftconsensus/network/routine_dispatchMsg.go:95: [receive commit message, and prepare to resolve it]
[dispatch CommitMsg]2021/10/17 18:49:22.385244 /root/study/github_repository/pbftconsensus/network/routine_dispatchMsg.go:95: [receive commit message, and prepare to resolve it]
[dispatch CommitMsg]2021/10/17 18:49:22.394363 /root/study/github_repository/pbftconsensus/network/routine_dispatchMsg.go:95: [receive commit message, and prepare to resolve it]
[dispatch CommitMsg]2021/10/17 18:49:22.415526 /root/study/github_repository/pbftconsensus/network/routine_dispatchMsg.go:95: [receive commit message, and prepare to resolve it]
[dispatch CommitMsg]2021/10/17 18:49:22.448741 /root/study/github_repository/pbftconsensus/network/routine_dispatchMsg.go:95: [receive commit message, and prepare to resolve it]
[dispatch CommitMsg]2021/10/17 18:49:22.468046 /root/study/github_repository/pbftconsensus/network/routine_dispatchMsg.go:95: [receive commit message, and prepare to resolve it]
[dispatch CommitMsg]2021/10/17 18:49:22.475692 /root/study/github_repository/pbftconsensus/network/routine_dispatchMsg.go:95: [receive commit message, and prepare to resolve it]
[dispatch CommitMsg]2021/10/17 18:49:22.492761 /root/study/github_repository/pbftconsensus/network/routine_dispatchMsg.go:95: [receive commit message, and prepare to resolve it]
[dispatch CommitMsg]2021/10/17 18:49:22.504284 /root/study/github_repository/pbftconsensus/network/routine_dispatchMsg.go:95: [receive commit message, and prepare to resolve it]
[dispatch CommitMsg]2021/10/17 18:49:22.511395 /root/study/github_repository/pbftconsensus/network/routine_dispatchMsg.go:95: [receive commit message, and prepare to resolve it]
[dispatch CommitMsg]2021/10/17 18:49:22.527163 /root/study/github_repository/pbftconsensus/network/routine_dispatchMsg.go:95: [receive commit message, and prepare to resolve it]
[dispatch CommitMsg]2021/10/17 18:49:22.537813 /root/study/github_repository/pbftconsensus/network/routine_dispatchMsg.go:95: [receive commit message, and prepare to resolve it]
[dispatch CommitMsg]2021/10/17 18:49:22.547919 /root/study/github_repository/pbftconsensus/network/routine_dispatchMsg.go:95: [receive commit message, and prepare to resolve it]
[resolve commitMsg success]2021/10/17 18:49:22.553602 /root/study/github_repository/pbftconsensus/network/routine_resolveMsg.go:229: put reply message into broadcast channel
[dispatch PrePrepareMsg]2021/10/17 18:50:42.576536 /root/study/github_repository/pbftconsensus/network/routine_dispatchMsg.go:63: [receive preprepare message, and prepare to resolve it]
[resolve pre-prepareMsg success]2021/10/17 18:50:42.602141 /root/study/github_repository/pbftconsensus/network/routine_resolveMsg.go:145: put prepare message into broadcast channel
[dispatch PrepareMsg]2021/10/17 18:50:42.606701 /root/study/github_repository/pbftconsensus/network/routine_dispatchMsg.go:80: [receive prepare message, and prepare to resolve it]
[dispatch PrepareMsg]2021/10/17 18:50:42.705224 /root/study/github_repository/pbftconsensus/network/routine_dispatchMsg.go:80: [receive prepare message, and prepare to resolve it]
[dispatch PrepareMsg]2021/10/17 18:50:42.721611 /root/study/github_repository/pbftconsensus/network/routine_dispatchMsg.go:80: [receive prepare message, and prepare to resolve it]
[dispatch PrepareMsg]2021/10/17 18:50:42.739894 /root/study/github_repository/pbftconsensus/network/routine_dispatchMsg.go:80: [receive prepare message, and prepare to resolve it]
[dispatch PrepareMsg]2021/10/17 18:50:42.752385 /root/study/github_repository/pbftconsensus/network/routine_dispatchMsg.go:80: [receive prepare message, and prepare to resolve it]
[dispatch PrepareMsg]2021/10/17 18:50:42.767786 /root/study/github_repository/pbftconsensus/network/routine_dispatchMsg.go:80: [receive prepare message, and prepare to resolve it]
[dispatch PrepareMsg]2021/10/17 18:50:42.787062 /root/study/github_repository/pbftconsensus/network/routine_dispatchMsg.go:80: [receive prepare message, and prepare to resolve it]
[dispatch PrepareMsg]2021/10/17 18:50:42.808471 /root/study/github_repository/pbftconsensus/network/routine_dispatchMsg.go:80: [receive prepare message, and prepare to resolve it]
[resolve prepareMsg success]2021/10/17 18:50:42.844005 /root/study/github_repository/pbftconsensus/network/routine_resolveMsg.go:183: put commit message into broadcast channel
[dispatch PrepareMsg]2021/10/17 18:50:42.846958 /root/study/github_repository/pbftconsensus/network/routine_dispatchMsg.go:80: [receive prepare message, and prepare to resolve it]
[dispatch CommitMsg]2021/10/17 18:50:42.880279 /root/study/github_repository/pbftconsensus/network/routine_dispatchMsg.go:95: [receive commit message, and prepare to resolve it]
[dispatch CommitMsg]2021/10/17 18:50:42.894041 /root/study/github_repository/pbftconsensus/network/routine_dispatchMsg.go:95: [receive commit message, and prepare to resolve it]
[dispatch CommitMsg]2021/10/17 18:50:42.906030 /root/study/github_repository/pbftconsensus/network/routine_dispatchMsg.go:95: [receive commit message, and prepare to resolve it]
[dispatch CommitMsg]2021/10/17 18:50:42.937147 /root/study/github_repository/pbftconsensus/network/routine_dispatchMsg.go:95: [receive commit message, and prepare to resolve it]
[dispatch CommitMsg]2021/10/17 18:50:42.946897 /root/study/github_repository/pbftconsensus/network/routine_dispatchMsg.go:95: [receive commit message, and prepare to resolve it]
[dispatch CommitMsg]2021/10/17 18:50:42.964313 /root/study/github_repository/pbftconsensus/network/routine_dispatchMsg.go:95: [receive commit message, and prepare to resolve it]
[dispatch CommitMsg]2021/10/17 18:50:42.995836 /root/study/github_repository/pbftconsensus/network/routine_dispatchMsg.go:95: [receive commit message, and prepare to resolve it]
[dispatch CommitMsg]2021/10/17 18:50:42.998753 /root/study/github_repository/pbftconsensus/network/routine_dispatchMsg.go:95: [receive commit message, and prepare to resolve it]
[dispatch CommitMsg]2021/10/17 18:50:43.042652 /root/study/github_repository/pbftconsensus/network/routine_dispatchMsg.go:95: [receive commit message, and prepare to resolve it]
[dispatch CommitMsg]2021/10/17 18:50:43.047945 /root/study/github_repository/pbftconsensus/network/routine_dispatchMsg.go:95: [receive commit message, and prepare to resolve it]
[dispatch CommitMsg]2021/10/17 18:50:43.063650 /root/study/github_repository/pbftconsensus/network/routine_dispatchMsg.go:95: [receive commit message, and prepare to resolve it]
[dispatch CommitMsg]2021/10/17 18:50:43.074267 /root/study/github_repository/pbftconsensus/network/routine_dispatchMsg.go:95: [receive commit message, and prepare to resolve it]
[dispatch CommitMsg]2021/10/17 18:50:43.108089 /root/study/github_repository/pbftconsensus/network/routine_dispatchMsg.go:95: [receive commit message, and prepare to resolve it]
[dispatch CommitMsg]2021/10/17 18:50:43.123486 /root/study/github_repository/pbftconsensus/network/routine_dispatchMsg.go:95: [receive commit message, and prepare to resolve it]
[resolve commitMsg success]2021/10/17 18:50:43.134382 /root/study/github_repository/pbftconsensus/network/routine_resolveMsg.go:229: put reply message into broadcast channel
[dispatch CommitMsg]2021/10/17 18:50:43.134530 /root/study/github_repository/pbftconsensus/network/routine_dispatchMsg.go:95: [receive commit message, and prepare to resolve it]
[dispatch PrePrepareMsg]2021/10/17 18:57:58.910326 /root/study/github_repository/pbftconsensus/network/routine_dispatchMsg.go:63: [receive preprepare message, and prepare to resolve it]
[resolve pre-prepareMsg success]2021/10/17 18:57:58.938023 /root/study/github_repository/pbftconsensus/network/routine_resolveMsg.go:145: put prepare message into broadcast channel
[dispatch PrepareMsg]2021/10/17 18:57:58.947134 /root/study/github_repository/pbftconsensus/network/routine_dispatchMsg.go:80: [receive prepare message, and prepare to resolve it]
[dispatch PrepareMsg]2021/10/17 18:57:58.990666 /root/study/github_repository/pbftconsensus/network/routine_dispatchMsg.go:80: [receive prepare message, and prepare to resolve it]
[dispatch PrepareMsg]2021/10/17 18:57:59.012530 /root/study/github_repository/pbftconsensus/network/routine_dispatchMsg.go:80: [receive prepare message, and prepare to resolve it]
[dispatch PrepareMsg]2021/10/17 18:57:59.027636 /root/study/github_repository/pbftconsensus/network/routine_dispatchMsg.go:80: [receive prepare message, and prepare to resolve it]
[dispatch PrepareMsg]2021/10/17 18:57:59.035348 /root/study/github_repository/pbftconsensus/network/routine_dispatchMsg.go:80: [receive prepare message, and prepare to resolve it]
[dispatch PrepareMsg]2021/10/17 18:57:59.044373 /root/study/github_repository/pbftconsensus/network/routine_dispatchMsg.go:80: [receive prepare message, and prepare to resolve it]
[dispatch PrepareMsg]2021/10/17 18:57:59.052481 /root/study/github_repository/pbftconsensus/network/routine_dispatchMsg.go:80: [receive prepare message, and prepare to resolve it]
[dispatch PrepareMsg]2021/10/17 18:57:59.068183 /root/study/github_repository/pbftconsensus/network/routine_dispatchMsg.go:80: [receive prepare message, and prepare to resolve it]
[dispatch PrepareMsg]2021/10/17 18:57:59.091352 /root/study/github_repository/pbftconsensus/network/routine_dispatchMsg.go:80: [receive prepare message, and prepare to resolve it]
[dispatch PrepareMsg]2021/10/17 18:57:59.152378 /root/study/github_repository/pbftconsensus/network/routine_dispatchMsg.go:80: [receive prepare message, and prepare to resolve it]
[dispatch PrepareMsg]2021/10/17 18:57:59.200570 /root/study/github_repository/pbftconsensus/network/routine_dispatchMsg.go:80: [receive prepare message, and prepare to resolve it]
[resolve prepareMsg success]2021/10/17 18:57:59.244811 /root/study/github_repository/pbftconsensus/network/routine_resolveMsg.go:183: put commit message into broadcast channel
[dispatch PrepareMsg]2021/10/17 18:57:59.245114 /root/study/github_repository/pbftconsensus/network/routine_dispatchMsg.go:80: [receive prepare message, and prepare to resolve it]
[dispatch CommitMsg]2021/10/17 18:57:59.297844 /root/study/github_repository/pbftconsensus/network/routine_dispatchMsg.go:95: [receive commit message, and prepare to resolve it]
[dispatch CommitMsg]2021/10/17 18:57:59.308516 /root/study/github_repository/pbftconsensus/network/routine_dispatchMsg.go:95: [receive commit message, and prepare to resolve it]
[dispatch CommitMsg]2021/10/17 18:57:59.318892 /root/study/github_repository/pbftconsensus/network/routine_dispatchMsg.go:95: [receive commit message, and prepare to resolve it]
[dispatch CommitMsg]2021/10/17 18:57:59.327746 /root/study/github_repository/pbftconsensus/network/routine_dispatchMsg.go:95: [receive commit message, and prepare to resolve it]
[dispatch CommitMsg]2021/10/17 18:57:59.345474 /root/study/github_repository/pbftconsensus/network/routine_dispatchMsg.go:95: [receive commit message, and prepare to resolve it]
[dispatch CommitMsg]2021/10/17 18:57:59.363962 /root/study/github_repository/pbftconsensus/network/routine_dispatchMsg.go:95: [receive commit message, and prepare to resolve it]
[dispatch CommitMsg]2021/10/17 18:57:59.363989 /root/study/github_repository/pbftconsensus/network/routine_dispatchMsg.go:95: [receive commit message, and prepare to resolve it]
[dispatch CommitMsg]2021/10/17 18:57:59.391583 /root/study/github_repository/pbftconsensus/network/routine_dispatchMsg.go:95: [receive commit message, and prepare to resolve it]
[dispatch CommitMsg]2021/10/17 18:57:59.391611 /root/study/github_repository/pbftconsensus/network/routine_dispatchMsg.go:95: [receive commit message, and prepare to resolve it]
[dispatch CommitMsg]2021/10/17 18:57:59.409977 /root/study/github_repository/pbftconsensus/network/routine_dispatchMsg.go:95: [receive commit message, and prepare to resolve it]
[dispatch CommitMsg]2021/10/17 18:57:59.418183 /root/study/github_repository/pbftconsensus/network/routine_dispatchMsg.go:95: [receive commit message, and prepare to resolve it]
[resolve commitMsg success]2021/10/17 18:57:59.428723 /root/study/github_repository/pbftconsensus/network/routine_resolveMsg.go:229: put reply message into broadcast channel
[dispatch CommitMsg]2021/10/17 18:57:59.429948 /root/study/github_repository/pbftconsensus/network/routine_dispatchMsg.go:95: [receive commit message, and prepare to resolve it]
[dispatch PrePrepareMsg]2021/10/17 19:11:35.758524 /root/study/github_repository/pbftconsensus/network/routine_dispatchMsg.go:63: [receive preprepare message, and prepare to resolve it]
[resolve pre-prepareMsg success]2021/10/17 19:11:35.783422 /root/study/github_repository/pbftconsensus/network/routine_resolveMsg.go:145: put prepare message into broadcast channel
[dispatch PrepareMsg]2021/10/17 19:11:35.783873 /root/study/github_repository/pbftconsensus/network/routine_dispatchMsg.go:80: [receive prepare message, and prepare to resolve it]
[dispatch PrepareMsg]2021/10/17 19:11:35.835943 /root/study/github_repository/pbftconsensus/network/routine_dispatchMsg.go:80: [receive prepare message, and prepare to resolve it]
[dispatch PrepareMsg]2021/10/17 19:11:35.844294 /root/study/github_repository/pbftconsensus/network/routine_dispatchMsg.go:80: [receive prepare message, and prepare to resolve it]
[dispatch PrepareMsg]2021/10/17 19:11:35.900911 /root/study/github_repository/pbftconsensus/network/routine_dispatchMsg.go:80: [receive prepare message, and prepare to resolve it]
[dispatch PrepareMsg]2021/10/17 19:11:35.917093 /root/study/github_repository/pbftconsensus/network/routine_dispatchMsg.go:80: [receive prepare message, and prepare to resolve it]
[dispatch PrepareMsg]2021/10/17 19:11:35.943664 /root/study/github_repository/pbftconsensus/network/routine_dispatchMsg.go:80: [receive prepare message, and prepare to resolve it]
[dispatch PrepareMsg]2021/10/17 19:11:35.951757 /root/study/github_repository/pbftconsensus/network/routine_dispatchMsg.go:80: [receive prepare message, and prepare to resolve it]
[dispatch PrepareMsg]2021/10/17 19:11:35.960524 /root/study/github_repository/pbftconsensus/network/routine_dispatchMsg.go:80: [receive prepare message, and prepare to resolve it]
[dispatch PrepareMsg]2021/10/17 19:11:35.968963 /root/study/github_repository/pbftconsensus/network/routine_dispatchMsg.go:80: [receive prepare message, and prepare to resolve it]
[dispatch PrepareMsg]2021/10/17 19:11:35.989726 /root/study/github_repository/pbftconsensus/network/routine_dispatchMsg.go:80: [receive prepare message, and prepare to resolve it]
[resolve prepareMsg success]2021/10/17 19:11:36.032509 /root/study/github_repository/pbftconsensus/network/routine_resolveMsg.go:183: put commit message into broadcast channel
[dispatch CommitMsg]2021/10/17 19:11:36.075649 /root/study/github_repository/pbftconsensus/network/routine_dispatchMsg.go:95: [receive commit message, and prepare to resolve it]
[dispatch CommitMsg]2021/10/17 19:11:36.104282 /root/study/github_repository/pbftconsensus/network/routine_dispatchMsg.go:95: [receive commit message, and prepare to resolve it]
[dispatch CommitMsg]2021/10/17 19:11:36.137509 /root/study/github_repository/pbftconsensus/network/routine_dispatchMsg.go:95: [receive commit message, and prepare to resolve it]
[dispatch CommitMsg]2021/10/17 19:11:36.155133 /root/study/github_repository/pbftconsensus/network/routine_dispatchMsg.go:95: [receive commit message, and prepare to resolve it]
[dispatch CommitMsg]2021/10/17 19:11:36.166701 /root/study/github_repository/pbftconsensus/network/routine_dispatchMsg.go:95: [receive commit message, and prepare to resolve it]
[dispatch CommitMsg]2021/10/17 19:11:36.188314 /root/study/github_repository/pbftconsensus/network/routine_dispatchMsg.go:95: [receive commit message, and prepare to resolve it]
[dispatch CommitMsg]2021/10/17 19:11:36.199009 /root/study/github_repository/pbftconsensus/network/routine_dispatchMsg.go:95: [receive commit message, and prepare to resolve it]
[dispatch CommitMsg]2021/10/17 19:11:36.217265 /root/study/github_repository/pbftconsensus/network/routine_dispatchMsg.go:95: [receive commit message, and prepare to resolve it]
[dispatch CommitMsg]2021/10/17 19:11:36.236856 /root/study/github_repository/pbftconsensus/network/routine_dispatchMsg.go:95: [receive commit message, and prepare to resolve it]
[dispatch CommitMsg]2021/10/17 19:11:36.257020 /root/study/github_repository/pbftconsensus/network/routine_dispatchMsg.go:95: [receive commit message, and prepare to resolve it]
[dispatch CommitMsg]2021/10/17 19:11:36.288486 /root/study/github_repository/pbftconsensus/network/routine_dispatchMsg.go:95: [receive commit message, and prepare to resolve it]
[dispatch CommitMsg]2021/10/17 19:11:36.298908 /root/study/github_repository/pbftconsensus/network/routine_dispatchMsg.go:95: [receive commit message, and prepare to resolve it]
[dispatch CommitMsg]2021/10/17 19:11:36.310415 /root/study/github_repository/pbftconsensus/network/routine_dispatchMsg.go:95: [receive commit message, and prepare to resolve it]
[dispatch CommitMsg]2021/10/17 19:11:36.323021 /root/study/github_repository/pbftconsensus/network/routine_dispatchMsg.go:95: [receive commit message, and prepare to resolve it]
[resolve commitMsg success]2021/10/17 19:11:36.332795 /root/study/github_repository/pbftconsensus/network/routine_resolveMsg.go:229: put reply message into broadcast channel
[dispatch PrePrepareMsg]2021/10/17 19:40:39.504509 /root/study/github_repository/pbftconsensus/network/routine_dispatchMsg.go:63: [receive preprepare message, and prepare to resolve it]
[resolve pre-prepareMsg success]2021/10/17 19:40:39.530954 /root/study/github_repository/pbftconsensus/network/routine_resolveMsg.go:145: put prepare message into broadcast channel
[dispatch PrepareMsg]2021/10/17 19:40:39.553597 /root/study/github_repository/pbftconsensus/network/routine_dispatchMsg.go:80: [receive prepare message, and prepare to resolve it]
[dispatch PrepareMsg]2021/10/17 19:40:39.587767 /root/study/github_repository/pbftconsensus/network/routine_dispatchMsg.go:80: [receive prepare message, and prepare to resolve it]
[dispatch PrepareMsg]2021/10/17 19:40:39.594796 /root/study/github_repository/pbftconsensus/network/routine_dispatchMsg.go:80: [receive prepare message, and prepare to resolve it]
[dispatch PrepareMsg]2021/10/17 19:40:39.604142 /root/study/github_repository/pbftconsensus/network/routine_dispatchMsg.go:80: [receive prepare message, and prepare to resolve it]
[dispatch PrepareMsg]2021/10/17 19:40:39.609294 /root/study/github_repository/pbftconsensus/network/routine_dispatchMsg.go:80: [receive prepare message, and prepare to resolve it]
[dispatch PrepareMsg]2021/10/17 19:40:39.628078 /root/study/github_repository/pbftconsensus/network/routine_dispatchMsg.go:80: [receive prepare message, and prepare to resolve it]
[dispatch PrepareMsg]2021/10/17 19:40:39.645398 /root/study/github_repository/pbftconsensus/network/routine_dispatchMsg.go:80: [receive prepare message, and prepare to resolve it]
[dispatch PrepareMsg]2021/10/17 19:40:39.647566 /root/study/github_repository/pbftconsensus/network/routine_dispatchMsg.go:80: [receive prepare message, and prepare to resolve it]
[dispatch PrepareMsg]2021/10/17 19:40:39.653281 /root/study/github_repository/pbftconsensus/network/routine_dispatchMsg.go:80: [receive prepare message, and prepare to resolve it]
[dispatch PrepareMsg]2021/10/17 19:40:39.662232 /root/study/github_repository/pbftconsensus/network/routine_dispatchMsg.go:80: [receive prepare message, and prepare to resolve it]
[resolve prepareMsg success]2021/10/17 19:40:39.691976 /root/study/github_repository/pbftconsensus/network/routine_resolveMsg.go:183: put commit message into broadcast channel
[dispatch PrepareMsg]2021/10/17 19:40:39.694036 /root/study/github_repository/pbftconsensus/network/routine_dispatchMsg.go:80: [receive prepare message, and prepare to resolve it]
[dispatch CommitMsg]2021/10/17 19:40:39.698452 /root/study/github_repository/pbftconsensus/network/routine_dispatchMsg.go:95: [receive commit message, and prepare to resolve it]
[dispatch CommitMsg]2021/10/17 19:40:39.732302 /root/study/github_repository/pbftconsensus/network/routine_dispatchMsg.go:95: [receive commit message, and prepare to resolve it]
[dispatch CommitMsg]2021/10/17 19:40:39.739947 /root/study/github_repository/pbftconsensus/network/routine_dispatchMsg.go:95: [receive commit message, and prepare to resolve it]
[dispatch CommitMsg]2021/10/17 19:40:39.768882 /root/study/github_repository/pbftconsensus/network/routine_dispatchMsg.go:95: [receive commit message, and prepare to resolve it]
[dispatch CommitMsg]2021/10/17 19:40:39.774443 /root/study/github_repository/pbftconsensus/network/routine_dispatchMsg.go:95: [receive commit message, and prepare to resolve it]
[dispatch CommitMsg]2021/10/17 19:40:39.783772 /root/study/github_repository/pbftconsensus/network/routine_dispatchMsg.go:95: [receive commit message, and prepare to resolve it]
[dispatch CommitMsg]2021/10/17 19:40:39.816676 /root/study/github_repository/pbftconsensus/network/routine_dispatchMsg.go:95: [receive commit message, and prepare to resolve it]
[dispatch CommitMsg]2021/10/17 19:40:39.821840 /root/study/github_repository/pbftconsensus/network/routine_dispatchMsg.go:95: [receive commit message, and prepare to resolve it]
[dispatch CommitMsg]2021/10/17 19:40:39.836429 /root/study/github_repository/pbftconsensus/network/routine_dispatchMsg.go:95: [receive commit message, and prepare to resolve it]
[dispatch CommitMsg]2021/10/17 19:40:39.856055 /root/study/github_repository/pbftconsensus/network/routine_dispatchMsg.go:95: [receive commit message, and prepare to resolve it]
[dispatch CommitMsg]2021/10/17 19:40:39.856082 /root/study/github_repository/pbftconsensus/network/routine_dispatchMsg.go:95: [receive commit message, and prepare to resolve it]
[dispatch CommitMsg]2021/10/17 19:40:39.861063 /root/study/github_repository/pbftconsensus/network/routine_dispatchMsg.go:95: [receive commit message, and prepare to resolve it]
[dispatch CommitMsg]2021/10/17 19:40:39.868969 /root/study/github_repository/pbftconsensus/network/routine_dispatchMsg.go:95: [receive commit message, and prepare to resolve it]
[resolve commitMsg success]2021/10/17 19:40:39.885760 /root/study/github_repository/pbftconsensus/network/routine_resolveMsg.go:229: put reply message into broadcast channel
[dispatch CommitMsg]2021/10/17 19:40:39.886487 /root/study/github_repository/pbftconsensus/network/routine_dispatchMsg.go:95: [receive commit message, and prepare to resolve it]
[dispatch PrePrepareMsg]2021/10/17 19:40:41.510415 /root/study/github_repository/pbftconsensus/network/routine_dispatchMsg.go:63: [receive preprepare message, and prepare to resolve it]
[resolve pre-prepareMsg success]2021/10/17 19:40:41.534877 /root/study/github_repository/pbftconsensus/network/routine_resolveMsg.go:145: put prepare message into broadcast channel
[dispatch PrepareMsg]2021/10/17 19:40:41.554203 /root/study/github_repository/pbftconsensus/network/routine_dispatchMsg.go:80: [receive prepare message, and prepare to resolve it]
[dispatch PrepareMsg]2021/10/17 19:40:41.578527 /root/study/github_repository/pbftconsensus/network/routine_dispatchMsg.go:80: [receive prepare message, and prepare to resolve it]
[dispatch PrepareMsg]2021/10/17 19:40:41.583015 /root/study/github_repository/pbftconsensus/network/routine_dispatchMsg.go:80: [receive prepare message, and prepare to resolve it]
[dispatch PrepareMsg]2021/10/17 19:40:41.597528 /root/study/github_repository/pbftconsensus/network/routine_dispatchMsg.go:80: [receive prepare message, and prepare to resolve it]
[dispatch PrepareMsg]2021/10/17 19:40:41.611525 /root/study/github_repository/pbftconsensus/network/routine_dispatchMsg.go:80: [receive prepare message, and prepare to resolve it]
[dispatch PrepareMsg]2021/10/17 19:40:41.617058 /root/study/github_repository/pbftconsensus/network/routine_dispatchMsg.go:80: [receive prepare message, and prepare to resolve it]
[dispatch PrepareMsg]2021/10/17 19:40:41.641520 /root/study/github_repository/pbftconsensus/network/routine_dispatchMsg.go:80: [receive prepare message, and prepare to resolve it]
[dispatch PrepareMsg]2021/10/17 19:40:41.649514 /root/study/github_repository/pbftconsensus/network/routine_dispatchMsg.go:80: [receive prepare message, and prepare to resolve it]
[dispatch PrepareMsg]2021/10/17 19:40:41.672277 /root/study/github_repository/pbftconsensus/network/routine_dispatchMsg.go:80: [receive prepare message, and prepare to resolve it]
[dispatch PrepareMsg]2021/10/17 19:40:41.678708 /root/study/github_repository/pbftconsensus/network/routine_dispatchMsg.go:80: [receive prepare message, and prepare to resolve it]
[resolve prepareMsg success]2021/10/17 19:40:41.705928 /root/study/github_repository/pbftconsensus/network/routine_resolveMsg.go:183: put commit message into broadcast channel
[dispatch PrepareMsg]2021/10/17 19:40:41.706385 /root/study/github_repository/pbftconsensus/network/routine_dispatchMsg.go:80: [receive prepare message, and prepare to resolve it]
[dispatch CommitMsg]2021/10/17 19:40:41.725367 /root/study/github_repository/pbftconsensus/network/routine_dispatchMsg.go:95: [receive commit message, and prepare to resolve it]
[dispatch CommitMsg]2021/10/17 19:40:41.735765 /root/study/github_repository/pbftconsensus/network/routine_dispatchMsg.go:95: [receive commit message, and prepare to resolve it]
[dispatch CommitMsg]2021/10/17 19:40:41.744695 /root/study/github_repository/pbftconsensus/network/routine_dispatchMsg.go:95: [receive commit message, and prepare to resolve it]
[dispatch CommitMsg]2021/10/17 19:40:41.759803 /root/study/github_repository/pbftconsensus/network/routine_dispatchMsg.go:95: [receive commit message, and prepare to resolve it]
[dispatch CommitMsg]2021/10/17 19:40:41.783818 /root/study/github_repository/pbftconsensus/network/routine_dispatchMsg.go:95: [receive commit message, and prepare to resolve it]
[dispatch CommitMsg]2021/10/17 19:40:41.792095 /root/study/github_repository/pbftconsensus/network/routine_dispatchMsg.go:95: [receive commit message, and prepare to resolve it]
[dispatch CommitMsg]2021/10/17 19:40:41.799706 /root/study/github_repository/pbftconsensus/network/routine_dispatchMsg.go:95: [receive commit message, and prepare to resolve it]
[dispatch CommitMsg]2021/10/17 19:40:41.810889 /root/study/github_repository/pbftconsensus/network/routine_dispatchMsg.go:95: [receive commit message, and prepare to resolve it]
[dispatch CommitMsg]2021/10/17 19:40:41.820026 /root/study/github_repository/pbftconsensus/network/routine_dispatchMsg.go:95: [receive commit message, and prepare to resolve it]
[dispatch CommitMsg]2021/10/17 19:40:41.836668 /root/study/github_repository/pbftconsensus/network/routine_dispatchMsg.go:95: [receive commit message, and prepare to resolve it]
[dispatch CommitMsg]2021/10/17 19:40:41.846376 /root/study/github_repository/pbftconsensus/network/routine_dispatchMsg.go:95: [receive commit message, and prepare to resolve it]
[dispatch CommitMsg]2021/10/17 19:40:41.859529 /root/study/github_repository/pbftconsensus/network/routine_dispatchMsg.go:95: [receive commit message, and prepare to resolve it]
[dispatch CommitMsg]2021/10/17 19:40:41.868417 /root/study/github_repository/pbftconsensus/network/routine_dispatchMsg.go:95: [receive commit message, and prepare to resolve it]
[resolve commitMsg success]2021/10/17 19:40:41.879851 /root/study/github_repository/pbftconsensus/network/routine_resolveMsg.go:229: put reply message into broadcast channel
[dispatch PrePrepareMsg]2021/10/17 19:46:36.300482 /root/study/github_repository/pbftconsensus/network/routine_dispatchMsg.go:63: [receive preprepare message, and prepare to resolve it]
[resolve pre-prepareMsg success]2021/10/17 19:46:36.323718 /root/study/github_repository/pbftconsensus/network/routine_resolveMsg.go:145: put prepare message into broadcast channel
[dispatch PrepareMsg]2021/10/17 19:46:36.324263 /root/study/github_repository/pbftconsensus/network/routine_dispatchMsg.go:80: [receive prepare message, and prepare to resolve it]
[dispatch PrepareMsg]2021/10/17 19:46:36.413336 /root/study/github_repository/pbftconsensus/network/routine_dispatchMsg.go:80: [receive prepare message, and prepare to resolve it]
[dispatch PrepareMsg]2021/10/17 19:46:36.429085 /root/study/github_repository/pbftconsensus/network/routine_dispatchMsg.go:80: [receive prepare message, and prepare to resolve it]
[dispatch PrepareMsg]2021/10/17 19:46:36.454501 /root/study/github_repository/pbftconsensus/network/routine_dispatchMsg.go:80: [receive prepare message, and prepare to resolve it]
[dispatch PrepareMsg]2021/10/17 19:46:36.480135 /root/study/github_repository/pbftconsensus/network/routine_dispatchMsg.go:80: [receive prepare message, and prepare to resolve it]
[dispatch PrepareMsg]2021/10/17 19:46:36.494393 /root/study/github_repository/pbftconsensus/network/routine_dispatchMsg.go:80: [receive prepare message, and prepare to resolve it]
[dispatch PrepareMsg]2021/10/17 19:46:36.502377 /root/study/github_repository/pbftconsensus/network/routine_dispatchMsg.go:80: [receive prepare message, and prepare to resolve it]
[dispatch PrepareMsg]2021/10/17 19:46:36.525058 /root/study/github_repository/pbftconsensus/network/routine_dispatchMsg.go:80: [receive prepare message, and prepare to resolve it]
[dispatch PrepareMsg]2021/10/17 19:46:36.554273 /root/study/github_repository/pbftconsensus/network/routine_dispatchMsg.go:80: [receive prepare message, and prepare to resolve it]
[dispatch PrepareMsg]2021/10/17 19:46:36.559188 /root/study/github_repository/pbftconsensus/network/routine_dispatchMsg.go:80: [receive prepare message, and prepare to resolve it]
[resolve prepareMsg success]2021/10/17 19:46:36.639521 /root/study/github_repository/pbftconsensus/network/routine_resolveMsg.go:183: put commit message into broadcast channel
[dispatch PrepareMsg]2021/10/17 19:46:36.640014 /root/study/github_repository/pbftconsensus/network/routine_dispatchMsg.go:80: [receive prepare message, and prepare to resolve it]
[dispatch CommitMsg]2021/10/17 19:46:36.666949 /root/study/github_repository/pbftconsensus/network/routine_dispatchMsg.go:95: [receive commit message, and prepare to resolve it]
[dispatch CommitMsg]2021/10/17 19:46:36.703426 /root/study/github_repository/pbftconsensus/network/routine_dispatchMsg.go:95: [receive commit message, and prepare to resolve it]
[dispatch CommitMsg]2021/10/17 19:46:36.712227 /root/study/github_repository/pbftconsensus/network/routine_dispatchMsg.go:95: [receive commit message, and prepare to resolve it]
[dispatch CommitMsg]2021/10/17 19:46:36.724933 /root/study/github_repository/pbftconsensus/network/routine_dispatchMsg.go:95: [receive commit message, and prepare to resolve it]
[dispatch CommitMsg]2021/10/17 19:46:36.734621 /root/study/github_repository/pbftconsensus/network/routine_dispatchMsg.go:95: [receive commit message, and prepare to resolve it]
[dispatch CommitMsg]2021/10/17 19:46:36.742707 /root/study/github_repository/pbftconsensus/network/routine_dispatchMsg.go:95: [receive commit message, and prepare to resolve it]
[dispatch CommitMsg]2021/10/17 19:46:36.777832 /root/study/github_repository/pbftconsensus/network/routine_dispatchMsg.go:95: [receive commit message, and prepare to resolve it]
[dispatch CommitMsg]2021/10/17 19:46:36.785925 /root/study/github_repository/pbftconsensus/network/routine_dispatchMsg.go:95: [receive commit message, and prepare to resolve it]
[dispatch CommitMsg]2021/10/17 19:46:36.808480 /root/study/github_repository/pbftconsensus/network/routine_dispatchMsg.go:95: [receive commit message, and prepare to resolve it]
[dispatch CommitMsg]2021/10/17 19:46:36.815502 /root/study/github_repository/pbftconsensus/network/routine_dispatchMsg.go:95: [receive commit message, and prepare to resolve it]
[dispatch CommitMsg]2021/10/17 19:46:36.837588 /root/study/github_repository/pbftconsensus/network/routine_dispatchMsg.go:95: [receive commit message, and prepare to resolve it]
[dispatch CommitMsg]2021/10/17 19:46:36.846392 /root/study/github_repository/pbftconsensus/network/routine_dispatchMsg.go:95: [receive commit message, and prepare to resolve it]
[dispatch CommitMsg]2021/10/17 19:46:36.862340 /root/study/github_repository/pbftconsensus/network/routine_dispatchMsg.go:95: [receive commit message, and prepare to resolve it]
[resolve commitMsg success]2021/10/17 19:46:36.870809 /root/study/github_repository/pbftconsensus/network/routine_resolveMsg.go:229: put reply message into broadcast channel
[dispatch CommitMsg]2021/10/17 19:46:36.871668 /root/study/github_repository/pbftconsensus/network/routine_dispatchMsg.go:95: [receive commit message, and prepare to resolve it]
[dispatch PrePrepareMsg]2021/10/17 20:18:47.340790 /root/study/github_repository/pbftconsensus/network/routine_dispatchMsg.go:63: [receive preprepare message, and prepare to resolve it]
[resolve pre-prepareMsg success]2021/10/17 20:18:47.366957 /root/study/github_repository/pbftconsensus/network/routine_resolveMsg.go:145: put prepare message into broadcast channel
[dispatch PrepareMsg]2021/10/17 20:18:47.423021 /root/study/github_repository/pbftconsensus/network/routine_dispatchMsg.go:80: [receive prepare message, and prepare to resolve it]
[dispatch PrepareMsg]2021/10/17 20:18:47.520970 /root/study/github_repository/pbftconsensus/network/routine_dispatchMsg.go:80: [receive prepare message, and prepare to resolve it]
[dispatch PrepareMsg]2021/10/17 20:18:47.547417 /root/study/github_repository/pbftconsensus/network/routine_dispatchMsg.go:80: [receive prepare message, and prepare to resolve it]
[dispatch PrepareMsg]2021/10/17 20:18:47.566178 /root/study/github_repository/pbftconsensus/network/routine_dispatchMsg.go:80: [receive prepare message, and prepare to resolve it]
[dispatch PrepareMsg]2021/10/17 20:18:47.574352 /root/study/github_repository/pbftconsensus/network/routine_dispatchMsg.go:80: [receive prepare message, and prepare to resolve it]
[dispatch PrepareMsg]2021/10/17 20:18:47.619714 /root/study/github_repository/pbftconsensus/network/routine_dispatchMsg.go:80: [receive prepare message, and prepare to resolve it]
[dispatch PrepareMsg]2021/10/17 20:18:47.625100 /root/study/github_repository/pbftconsensus/network/routine_dispatchMsg.go:80: [receive prepare message, and prepare to resolve it]
[dispatch PrepareMsg]2021/10/17 20:18:47.640478 /root/study/github_repository/pbftconsensus/network/routine_dispatchMsg.go:80: [receive prepare message, and prepare to resolve it]
[dispatch PrepareMsg]2021/10/17 20:18:47.653590 /root/study/github_repository/pbftconsensus/network/routine_dispatchMsg.go:80: [receive prepare message, and prepare to resolve it]
[dispatch PrepareMsg]2021/10/17 20:18:47.676456 /root/study/github_repository/pbftconsensus/network/routine_dispatchMsg.go:80: [receive prepare message, and prepare to resolve it]
[resolve prepareMsg success]2021/10/17 20:18:47.711862 /root/study/github_repository/pbftconsensus/network/routine_resolveMsg.go:183: put commit message into broadcast channel
[dispatch PrepareMsg]2021/10/17 20:18:47.713411 /root/study/github_repository/pbftconsensus/network/routine_dispatchMsg.go:80: [receive prepare message, and prepare to resolve it]
[dispatch CommitMsg]2021/10/17 20:18:47.721098 /root/study/github_repository/pbftconsensus/network/routine_dispatchMsg.go:95: [receive commit message, and prepare to resolve it]
[dispatch CommitMsg]2021/10/17 20:18:47.740874 /root/study/github_repository/pbftconsensus/network/routine_dispatchMsg.go:95: [receive commit message, and prepare to resolve it]
[dispatch CommitMsg]2021/10/17 20:18:47.751217 /root/study/github_repository/pbftconsensus/network/routine_dispatchMsg.go:95: [receive commit message, and prepare to resolve it]
[dispatch CommitMsg]2021/10/17 20:18:47.776889 /root/study/github_repository/pbftconsensus/network/routine_dispatchMsg.go:95: [receive commit message, and prepare to resolve it]
[dispatch CommitMsg]2021/10/17 20:18:47.780331 /root/study/github_repository/pbftconsensus/network/routine_dispatchMsg.go:95: [receive commit message, and prepare to resolve it]
[dispatch CommitMsg]2021/10/17 20:18:47.791127 /root/study/github_repository/pbftconsensus/network/routine_dispatchMsg.go:95: [receive commit message, and prepare to resolve it]
[dispatch CommitMsg]2021/10/17 20:18:47.805282 /root/study/github_repository/pbftconsensus/network/routine_dispatchMsg.go:95: [receive commit message, and prepare to resolve it]
[dispatch CommitMsg]2021/10/17 20:18:47.814532 /root/study/github_repository/pbftconsensus/network/routine_dispatchMsg.go:95: [receive commit message, and prepare to resolve it]
[dispatch CommitMsg]2021/10/17 20:18:47.830024 /root/study/github_repository/pbftconsensus/network/routine_dispatchMsg.go:95: [receive commit message, and prepare to resolve it]
[dispatch CommitMsg]2021/10/17 20:18:47.841158 /root/study/github_repository/pbftconsensus/network/routine_dispatchMsg.go:95: [receive commit message, and prepare to resolve it]
[dispatch CommitMsg]2021/10/17 20:18:47.860747 /root/study/github_repository/pbftconsensus/network/routine_dispatchMsg.go:95: [receive commit message, and prepare to resolve it]
[dispatch CommitMsg]2021/10/17 20:18:47.890889 /root/study/github_repository/pbftconsensus/network/routine_dispatchMsg.go:95: [receive commit message, and prepare to resolve it]
[dispatch CommitMsg]2021/10/17 20:18:47.901714 /root/study/github_repository/pbftconsensus/network/routine_dispatchMsg.go:95: [receive commit message, and prepare to resolve it]
[dispatch CommitMsg]2021/10/17 20:18:47.910307 /root/study/github_repository/pbftconsensus/network/routine_dispatchMsg.go:95: [receive commit message, and prepare to resolve it]
[resolve commitMsg success]2021/10/17 20:18:47.928992 /root/study/github_repository/pbftconsensus/network/routine_resolveMsg.go:229: put reply message into broadcast channel
[dispatch CommitMsg]2021/10/17 20:18:47.931752 /root/study/github_repository/pbftconsensus/network/routine_dispatchMsg.go:95: [receive commit message, and prepare to resolve it]
[dispatch PrePrepareMsg]2021/10/17 20:22:07.778016 /root/study/github_repository/pbftconsensus/network/routine_dispatchMsg.go:63: [receive preprepare message, and prepare to resolve it]
[resolve pre-prepareMsg success]2021/10/17 20:22:07.805612 /root/study/github_repository/pbftconsensus/network/routine_resolveMsg.go:145: put prepare message into broadcast channel
[dispatch PrepareMsg]2021/10/17 20:22:07.806848 /root/study/github_repository/pbftconsensus/network/routine_dispatchMsg.go:80: [receive prepare message, and prepare to resolve it]
[dispatch PrepareMsg]2021/10/17 20:22:07.875820 /root/study/github_repository/pbftconsensus/network/routine_dispatchMsg.go:80: [receive prepare message, and prepare to resolve it]
[dispatch PrepareMsg]2021/10/17 20:22:07.907973 /root/study/github_repository/pbftconsensus/network/routine_dispatchMsg.go:80: [receive prepare message, and prepare to resolve it]
[dispatch PrepareMsg]2021/10/17 20:22:07.921105 /root/study/github_repository/pbftconsensus/network/routine_dispatchMsg.go:80: [receive prepare message, and prepare to resolve it]
[dispatch PrepareMsg]2021/10/17 20:22:07.940582 /root/study/github_repository/pbftconsensus/network/routine_dispatchMsg.go:80: [receive prepare message, and prepare to resolve it]
[dispatch PrepareMsg]2021/10/17 20:22:07.970309 /root/study/github_repository/pbftconsensus/network/routine_dispatchMsg.go:80: [receive prepare message, and prepare to resolve it]
[dispatch PrepareMsg]2021/10/17 20:22:07.989539 /root/study/github_repository/pbftconsensus/network/routine_dispatchMsg.go:80: [receive prepare message, and prepare to resolve it]
[dispatch PrepareMsg]2021/10/17 20:22:08.001100 /root/study/github_repository/pbftconsensus/network/routine_dispatchMsg.go:80: [receive prepare message, and prepare to resolve it]
[dispatch PrepareMsg]2021/10/17 20:22:08.011287 /root/study/github_repository/pbftconsensus/network/routine_dispatchMsg.go:80: [receive prepare message, and prepare to resolve it]
[resolve prepareMsg success]2021/10/17 20:22:08.056843 /root/study/github_repository/pbftconsensus/network/routine_resolveMsg.go:183: put commit message into broadcast channel
[dispatch PrepareMsg]2021/10/17 20:22:08.059411 /root/study/github_repository/pbftconsensus/network/routine_dispatchMsg.go:80: [receive prepare message, and prepare to resolve it]
[dispatch CommitMsg]2021/10/17 20:22:08.096119 /root/study/github_repository/pbftconsensus/network/routine_dispatchMsg.go:95: [receive commit message, and prepare to resolve it]
[dispatch CommitMsg]2021/10/17 20:22:08.105562 /root/study/github_repository/pbftconsensus/network/routine_dispatchMsg.go:95: [receive commit message, and prepare to resolve it]
[dispatch CommitMsg]2021/10/17 20:22:08.152245 /root/study/github_repository/pbftconsensus/network/routine_dispatchMsg.go:95: [receive commit message, and prepare to resolve it]
[dispatch CommitMsg]2021/10/17 20:22:08.180797 /root/study/github_repository/pbftconsensus/network/routine_dispatchMsg.go:95: [receive commit message, and prepare to resolve it]
[dispatch CommitMsg]2021/10/17 20:22:08.190395 /root/study/github_repository/pbftconsensus/network/routine_dispatchMsg.go:95: [receive commit message, and prepare to resolve it]
[dispatch CommitMsg]2021/10/17 20:22:08.201355 /root/study/github_repository/pbftconsensus/network/routine_dispatchMsg.go:95: [receive commit message, and prepare to resolve it]
[dispatch CommitMsg]2021/10/17 20:22:08.269353 /root/study/github_repository/pbftconsensus/network/routine_dispatchMsg.go:95: [receive commit message, and prepare to resolve it]
[dispatch CommitMsg]2021/10/17 20:22:08.280160 /root/study/github_repository/pbftconsensus/network/routine_dispatchMsg.go:95: [receive commit message, and prepare to resolve it]
[dispatch CommitMsg]2021/10/17 20:22:08.288883 /root/study/github_repository/pbftconsensus/network/routine_dispatchMsg.go:95: [receive commit message, and prepare to resolve it]
[dispatch CommitMsg]2021/10/17 20:22:08.308117 /root/study/github_repository/pbftconsensus/network/routine_dispatchMsg.go:95: [receive commit message, and prepare to resolve it]
[dispatch CommitMsg]2021/10/17 20:22:08.324457 /root/study/github_repository/pbftconsensus/network/routine_dispatchMsg.go:95: [receive commit message, and prepare to resolve it]
[dispatch CommitMsg]2021/10/17 20:22:08.333748 /root/study/github_repository/pbftconsensus/network/routine_dispatchMsg.go:95: [receive commit message, and prepare to resolve it]
[dispatch CommitMsg]2021/10/17 20:22:08.347633 /root/study/github_repository/pbftconsensus/network/routine_dispatchMsg.go:95: [receive commit message, and prepare to resolve it]
[dispatch CommitMsg]2021/10/17 20:22:08.373298 /root/study/github_repository/pbftconsensus/network/routine_dispatchMsg.go:95: [receive commit message, and prepare to resolve it]
[resolve commitMsg success]2021/10/17 20:22:08.381174 /root/study/github_repository/pbftconsensus/network/routine_resolveMsg.go:229: put reply message into broadcast channel
[dispatch CommitMsg]2021/10/17 20:22:08.382515 /root/study/github_repository/pbftconsensus/network/routine_dispatchMsg.go:95: [receive commit message, and prepare to resolve it]
[dispatch PrePrepareMsg]2021/10/17 20:28:05.177340 /root/study/github_repository/pbftconsensus/network/routine_dispatchMsg.go:63: [receive preprepare message, and prepare to resolve it]
[resolve pre-prepareMsg success]2021/10/17 20:28:05.201284 /root/study/github_repository/pbftconsensus/network/routine_resolveMsg.go:145: put prepare message into broadcast channel
[dispatch PrepareMsg]2021/10/17 20:28:05.335774 /root/study/github_repository/pbftconsensus/network/routine_dispatchMsg.go:80: [receive prepare message, and prepare to resolve it]
[resolve prepareMsg success]2021/10/17 20:28:05.495220 /root/study/github_repository/pbftconsensus/network/routine_resolveMsg.go:183: put commit message into broadcast channel
[dispatch PrepareMsg]2021/10/17 20:28:05.512121 /root/study/github_repository/pbftconsensus/network/routine_dispatchMsg.go:80: [receive prepare message, and prepare to resolve it]
[dispatch PrepareMsg]2021/10/17 20:28:05.519853 /root/study/github_repository/pbftconsensus/network/routine_dispatchMsg.go:80: [receive prepare message, and prepare to resolve it]
[dispatch PrepareMsg]2021/10/17 20:28:05.529140 /root/study/github_repository/pbftconsensus/network/routine_dispatchMsg.go:80: [receive prepare message, and prepare to resolve it]
[dispatch PrepareMsg]2021/10/17 20:28:05.538077 /root/study/github_repository/pbftconsensus/network/routine_dispatchMsg.go:80: [receive prepare message, and prepare to resolve it]
[dispatch PrepareMsg]2021/10/17 20:28:05.647732 /root/study/github_repository/pbftconsensus/network/routine_dispatchMsg.go:80: [receive prepare message, and prepare to resolve it]
[dispatch CommitMsg]2021/10/17 20:28:05.797062 /root/study/github_repository/pbftconsensus/network/routine_dispatchMsg.go:95: [receive commit message, and prepare to resolve it]
[dispatch CommitMsg]2021/10/17 20:28:05.923285 /root/study/github_repository/pbftconsensus/network/routine_dispatchMsg.go:95: [receive commit message, and prepare to resolve it]
[dispatch CommitMsg]2021/10/17 20:28:05.947478 /root/study/github_repository/pbftconsensus/network/routine_dispatchMsg.go:95: [receive commit message, and prepare to resolve it]
[dispatch CommitMsg]2021/10/17 20:28:05.959134 /root/study/github_repository/pbftconsensus/network/routine_dispatchMsg.go:95: [receive commit message, and prepare to resolve it]
[resolve commitMsg success]2021/10/17 20:28:05.976882 /root/study/github_repository/pbftconsensus/network/routine_resolveMsg.go:229: put reply message into broadcast channel
[dispatch CommitMsg]2021/10/17 20:28:05.979778 /root/study/github_repository/pbftconsensus/network/routine_dispatchMsg.go:95: [receive commit message, and prepare to resolve it]
[dispatch PrePrepareMsg]2021/10/17 20:29:59.880900 /root/study/github_repository/pbftconsensus/network/routine_dispatchMsg.go:63: [receive preprepare message, and prepare to resolve it]
[resolve pre-prepareMsg success]2021/10/17 20:29:59.905425 /root/study/github_repository/pbftconsensus/network/routine_resolveMsg.go:145: put prepare message into broadcast channel
[dispatch PrepareMsg]2021/10/17 20:29:59.978421 /root/study/github_repository/pbftconsensus/network/routine_dispatchMsg.go:80: [receive prepare message, and prepare to resolve it]
[dispatch PrepareMsg]2021/10/17 20:30:00.026841 /root/study/github_repository/pbftconsensus/network/routine_dispatchMsg.go:80: [receive prepare message, and prepare to resolve it]
[dispatch PrepareMsg]2021/10/17 20:30:00.031926 /root/study/github_repository/pbftconsensus/network/routine_dispatchMsg.go:80: [receive prepare message, and prepare to resolve it]
[dispatch PrepareMsg]2021/10/17 20:30:00.039381 /root/study/github_repository/pbftconsensus/network/routine_dispatchMsg.go:80: [receive prepare message, and prepare to resolve it]
[dispatch PrepareMsg]2021/10/17 20:30:00.043806 /root/study/github_repository/pbftconsensus/network/routine_dispatchMsg.go:80: [receive prepare message, and prepare to resolve it]
[dispatch PrepareMsg]2021/10/17 20:30:00.050832 /root/study/github_repository/pbftconsensus/network/routine_dispatchMsg.go:80: [receive prepare message, and prepare to resolve it]
[dispatch PrepareMsg]2021/10/17 20:30:00.055991 /root/study/github_repository/pbftconsensus/network/routine_dispatchMsg.go:80: [receive prepare message, and prepare to resolve it]
[resolve prepareMsg success]2021/10/17 20:30:00.082107 /root/study/github_repository/pbftconsensus/network/routine_resolveMsg.go:183: put commit message into broadcast channel
[dispatch PrepareMsg]2021/10/17 20:30:00.083657 /root/study/github_repository/pbftconsensus/network/routine_dispatchMsg.go:80: [receive prepare message, and prepare to resolve it]
[dispatch PrepareMsg]2021/10/17 20:30:00.089902 /root/study/github_repository/pbftconsensus/network/routine_dispatchMsg.go:80: [receive prepare message, and prepare to resolve it]
[dispatch PrepareMsg]2021/10/17 20:30:00.096111 /root/study/github_repository/pbftconsensus/network/routine_dispatchMsg.go:80: [receive prepare message, and prepare to resolve it]
[dispatch PrepareMsg]2021/10/17 20:30:00.165608 /root/study/github_repository/pbftconsensus/network/routine_dispatchMsg.go:80: [receive prepare message, and prepare to resolve it]
[dispatch PrepareMsg]2021/10/17 20:30:00.172536 /root/study/github_repository/pbftconsensus/network/routine_dispatchMsg.go:80: [receive prepare message, and prepare to resolve it]
[dispatch PrepareMsg]2021/10/17 20:30:00.178964 /root/study/github_repository/pbftconsensus/network/routine_dispatchMsg.go:80: [receive prepare message, and prepare to resolve it]
[dispatch PrepareMsg]2021/10/17 20:30:00.183771 /root/study/github_repository/pbftconsensus/network/routine_dispatchMsg.go:80: [receive prepare message, and prepare to resolve it]
[dispatch CommitMsg]2021/10/17 20:30:00.308373 /root/study/github_repository/pbftconsensus/network/routine_dispatchMsg.go:95: [receive commit message, and prepare to resolve it]
[dispatch CommitMsg]2021/10/17 20:30:00.348899 /root/study/github_repository/pbftconsensus/network/routine_dispatchMsg.go:95: [receive commit message, and prepare to resolve it]
[dispatch CommitMsg]2021/10/17 20:30:00.360138 /root/study/github_repository/pbftconsensus/network/routine_dispatchMsg.go:95: [receive commit message, and prepare to resolve it]
[dispatch CommitMsg]2021/10/17 20:30:00.363995 /root/study/github_repository/pbftconsensus/network/routine_dispatchMsg.go:95: [receive commit message, and prepare to resolve it]
[dispatch CommitMsg]2021/10/17 20:30:00.369095 /root/study/github_repository/pbftconsensus/network/routine_dispatchMsg.go:95: [receive commit message, and prepare to resolve it]
[dispatch CommitMsg]2021/10/17 20:30:00.374437 /root/study/github_repository/pbftconsensus/network/routine_dispatchMsg.go:95: [receive commit message, and prepare to resolve it]
[dispatch CommitMsg]2021/10/17 20:30:00.379154 /root/study/github_repository/pbftconsensus/network/routine_dispatchMsg.go:95: [receive commit message, and prepare to resolve it]
[dispatch CommitMsg]2021/10/17 20:30:00.384664 /root/study/github_repository/pbftconsensus/network/routine_dispatchMsg.go:95: [receive commit message, and prepare to resolve it]
[dispatch CommitMsg]2021/10/17 20:30:00.389834 /root/study/github_repository/pbftconsensus/network/routine_dispatchMsg.go:95: [receive commit message, and prepare to resolve it]
[resolve commitMsg success]2021/10/17 20:30:00.393579 /root/study/github_repository/pbftconsensus/network/routine_resolveMsg.go:229: put reply message into broadcast channel
[dispatch PrePrepareMsg]2021/10/17 20:30:01.880582 /root/study/github_repository/pbftconsensus/network/routine_dispatchMsg.go:63: [receive preprepare message, and prepare to resolve it]
[resolve pre-prepareMsg success]2021/10/17 20:30:01.908105 /root/study/github_repository/pbftconsensus/network/routine_resolveMsg.go:145: put prepare message into broadcast channel
[dispatch PrepareMsg]2021/10/17 20:30:02.077124 /root/study/github_repository/pbftconsensus/network/routine_dispatchMsg.go:80: [receive prepare message, and prepare to resolve it]
[resolve prepareMsg success]2021/10/17 20:30:02.165072 /root/study/github_repository/pbftconsensus/network/routine_resolveMsg.go:183: put commit message into broadcast channel
[dispatch PrepareMsg]2021/10/17 20:30:02.185520 /root/study/github_repository/pbftconsensus/network/routine_dispatchMsg.go:80: [receive prepare message, and prepare to resolve it]
[dispatch PrepareMsg]2021/10/17 20:30:02.194148 /root/study/github_repository/pbftconsensus/network/routine_dispatchMsg.go:80: [receive prepare message, and prepare to resolve it]
[dispatch PrepareMsg]2021/10/17 20:30:02.215869 /root/study/github_repository/pbftconsensus/network/routine_dispatchMsg.go:80: [receive prepare message, and prepare to resolve it]
[dispatch CommitMsg]2021/10/17 20:30:02.342756 /root/study/github_repository/pbftconsensus/network/routine_dispatchMsg.go:95: [receive commit message, and prepare to resolve it]
[resolve commitMsg success]2021/10/17 20:30:02.439068 /root/study/github_repository/pbftconsensus/network/routine_resolveMsg.go:229: put reply message into broadcast channel
[dispatch CommitMsg]2021/10/17 20:30:02.449871 /root/study/github_repository/pbftconsensus/network/routine_dispatchMsg.go:95: [receive commit message, and prepare to resolve it]
[dispatch PrePrepareMsg]2021/10/17 20:30:07.957372 /root/study/github_repository/pbftconsensus/network/routine_dispatchMsg.go:63: [receive preprepare message, and prepare to resolve it]
[resolve pre-prepareMsg success]2021/10/17 20:30:07.982772 /root/study/github_repository/pbftconsensus/network/routine_resolveMsg.go:145: put prepare message into broadcast channel
[resolve prepareMsg success]2021/10/17 20:30:08.632932 /root/study/github_repository/pbftconsensus/network/routine_resolveMsg.go:183: put commit message into broadcast channel
[resolve commitMsg success]2021/10/17 20:30:09.182262 /root/study/github_repository/pbftconsensus/network/routine_resolveMsg.go:229: put reply message into broadcast channel
[dispatch PrePrepareMsg]2021/10/17 20:31:56.376385 /root/study/github_repository/pbftconsensus/network/routine_dispatchMsg.go:63: [receive preprepare message, and prepare to resolve it]
[resolve pre-prepareMsg success]2021/10/17 20:31:56.402102 /root/study/github_repository/pbftconsensus/network/routine_resolveMsg.go:145: put prepare message into broadcast channel
[dispatch PrepareMsg]2021/10/17 20:31:56.716137 /root/study/github_repository/pbftconsensus/network/routine_dispatchMsg.go:80: [receive prepare message, and prepare to resolve it]
[resolve prepareMsg success]2021/10/17 20:31:56.849144 /root/study/github_repository/pbftconsensus/network/routine_resolveMsg.go:183: put commit message into broadcast channel
[dispatch PrepareMsg]2021/10/17 20:31:56.915474 /root/study/github_repository/pbftconsensus/network/routine_dispatchMsg.go:80: [receive prepare message, and prepare to resolve it]
[dispatch PrepareMsg]2021/10/17 20:31:56.929423 /root/study/github_repository/pbftconsensus/network/routine_dispatchMsg.go:80: [receive prepare message, and prepare to resolve it]
[dispatch CommitMsg]2021/10/17 20:31:57.170591 /root/study/github_repository/pbftconsensus/network/routine_dispatchMsg.go:95: [receive commit message, and prepare to resolve it]
[resolve commitMsg success]2021/10/17 20:31:57.279040 /root/study/github_repository/pbftconsensus/network/routine_resolveMsg.go:229: put reply message into broadcast channel
[dispatch CommitMsg]2021/10/17 20:31:57.304228 /root/study/github_repository/pbftconsensus/network/routine_dispatchMsg.go:95: [receive commit message, and prepare to resolve it]
[dispatch PrePrepareMsg]2021/10/17 20:33:28.656538 /root/study/github_repository/pbftconsensus/network/routine_dispatchMsg.go:63: [receive preprepare message, and prepare to resolve it]
[resolve pre-prepareMsg success]2021/10/17 20:33:28.687549 /root/study/github_repository/pbftconsensus/network/routine_resolveMsg.go:145: put prepare message into broadcast channel
[dispatch PrepareMsg]2021/10/17 20:33:28.833419 /root/study/github_repository/pbftconsensus/network/routine_dispatchMsg.go:80: [receive prepare message, and prepare to resolve it]
[resolve prepareMsg success]2021/10/17 20:33:28.968516 /root/study/github_repository/pbftconsensus/network/routine_resolveMsg.go:183: put commit message into broadcast channel
[dispatch PrepareMsg]2021/10/17 20:33:29.026127 /root/study/github_repository/pbftconsensus/network/routine_dispatchMsg.go:80: [receive prepare message, and prepare to resolve it]
[dispatch PrepareMsg]2021/10/17 20:33:29.035615 /root/study/github_repository/pbftconsensus/network/routine_dispatchMsg.go:80: [receive prepare message, and prepare to resolve it]
[dispatch CommitMsg]2021/10/17 20:33:29.188090 /root/study/github_repository/pbftconsensus/network/routine_dispatchMsg.go:95: [receive commit message, and prepare to resolve it]
[dispatch CommitMsg]2021/10/17 20:33:29.259306 /root/study/github_repository/pbftconsensus/network/routine_dispatchMsg.go:95: [receive commit message, and prepare to resolve it]
[dispatch CommitMsg]2021/10/17 20:33:29.268263 /root/study/github_repository/pbftconsensus/network/routine_dispatchMsg.go:95: [receive commit message, and prepare to resolve it]
[dispatch CommitMsg]2021/10/17 20:33:29.276202 /root/study/github_repository/pbftconsensus/network/routine_dispatchMsg.go:95: [receive commit message, and prepare to resolve it]
[dispatch CommitMsg]2021/10/17 20:33:29.284925 /root/study/github_repository/pbftconsensus/network/routine_dispatchMsg.go:95: [receive commit message, and prepare to resolve it]
[dispatch CommitMsg]2021/10/17 20:33:29.292568 /root/study/github_repository/pbftconsensus/network/routine_dispatchMsg.go:95: [receive commit message, and prepare to resolve it]
[dispatch CommitMsg]2021/10/17 20:33:29.302007 /root/study/github_repository/pbftconsensus/network/routine_dispatchMsg.go:95: [receive commit message, and prepare to resolve it]
[resolve commitMsg success]2021/10/17 20:33:29.311021 /root/study/github_repository/pbftconsensus/network/routine_resolveMsg.go:229: put reply message into broadcast channel
[dispatch PrePrepareMsg]2021/10/17 20:33:36.649705 /root/study/github_repository/pbftconsensus/network/routine_dispatchMsg.go:63: [receive preprepare message, and prepare to resolve it]
[resolve pre-prepareMsg success]2021/10/17 20:33:36.674756 /root/study/github_repository/pbftconsensus/network/routine_resolveMsg.go:145: put prepare message into broadcast channel
[dispatch PrepareMsg]2021/10/17 20:33:36.801762 /root/study/github_repository/pbftconsensus/network/routine_dispatchMsg.go:80: [receive prepare message, and prepare to resolve it]
[dispatch PrepareMsg]2021/10/17 20:33:36.895276 /root/study/github_repository/pbftconsensus/network/routine_dispatchMsg.go:80: [receive prepare message, and prepare to resolve it]
[dispatch PrepareMsg]2021/10/17 20:33:36.903738 /root/study/github_repository/pbftconsensus/network/routine_dispatchMsg.go:80: [receive prepare message, and prepare to resolve it]
[dispatch PrepareMsg]2021/10/17 20:33:36.913056 /root/study/github_repository/pbftconsensus/network/routine_dispatchMsg.go:80: [receive prepare message, and prepare to resolve it]
[resolve prepareMsg success]2021/10/17 20:33:36.941912 /root/study/github_repository/pbftconsensus/network/routine_resolveMsg.go:183: put commit message into broadcast channel
[dispatch PrepareMsg]2021/10/17 20:33:36.942397 /root/study/github_repository/pbftconsensus/network/routine_dispatchMsg.go:80: [receive prepare message, and prepare to resolve it]
[dispatch PrepareMsg]2021/10/17 20:33:36.953324 /root/study/github_repository/pbftconsensus/network/routine_dispatchMsg.go:80: [receive prepare message, and prepare to resolve it]
[dispatch PrepareMsg]2021/10/17 20:33:36.962128 /root/study/github_repository/pbftconsensus/network/routine_dispatchMsg.go:80: [receive prepare message, and prepare to resolve it]
[dispatch PrepareMsg]2021/10/17 20:33:36.996099 /root/study/github_repository/pbftconsensus/network/routine_dispatchMsg.go:80: [receive prepare message, and prepare to resolve it]
[dispatch PrepareMsg]2021/10/17 20:33:37.009613 /root/study/github_repository/pbftconsensus/network/routine_dispatchMsg.go:80: [receive prepare message, and prepare to resolve it]
[dispatch PrepareMsg]2021/10/17 20:33:37.068123 /root/study/github_repository/pbftconsensus/network/routine_dispatchMsg.go:80: [receive prepare message, and prepare to resolve it]
[dispatch PrepareMsg]2021/10/17 20:33:37.203680 /root/study/github_repository/pbftconsensus/network/routine_dispatchMsg.go:80: [receive prepare message, and prepare to resolve it]
[dispatch CommitMsg]2021/10/17 20:33:37.432420 /root/study/github_repository/pbftconsensus/network/routine_dispatchMsg.go:95: [receive commit message, and prepare to resolve it]
[resolve commitMsg success]2021/10/17 20:33:37.591241 /root/study/github_repository/pbftconsensus/network/routine_resolveMsg.go:229: put reply message into broadcast channel
[dispatch CommitMsg]2021/10/17 20:33:37.614496 /root/study/github_repository/pbftconsensus/network/routine_dispatchMsg.go:95: [receive commit message, and prepare to resolve it]
[dispatch PrePrepareMsg]2021/10/17 20:46:08.467715 /root/study/github_repository/pbftconsensus/network/routine_dispatchMsg.go:63: [receive preprepare message, and prepare to resolve it]
[resolve pre-prepareMsg success]2021/10/17 20:46:08.493717 /root/study/github_repository/pbftconsensus/network/routine_resolveMsg.go:145: put prepare message into broadcast channel
[resolve prepareMsg success]2021/10/17 20:46:08.877606 /root/study/github_repository/pbftconsensus/network/routine_resolveMsg.go:183: put commit message into broadcast channel
[dispatch PrepareMsg]2021/10/17 20:46:08.911728 /root/study/github_repository/pbftconsensus/network/routine_dispatchMsg.go:80: [receive prepare message, and prepare to resolve it]
[dispatch PrepareMsg]2021/10/17 20:46:08.923095 /root/study/github_repository/pbftconsensus/network/routine_dispatchMsg.go:80: [receive prepare message, and prepare to resolve it]
[dispatch PrepareMsg]2021/10/17 20:46:08.935572 /root/study/github_repository/pbftconsensus/network/routine_dispatchMsg.go:80: [receive prepare message, and prepare to resolve it]
[dispatch CommitMsg]2021/10/17 20:46:09.416208 /root/study/github_repository/pbftconsensus/network/routine_dispatchMsg.go:95: [receive commit message, and prepare to resolve it]
[resolve commitMsg success]2021/10/17 20:46:09.525579 /root/study/github_repository/pbftconsensus/network/routine_resolveMsg.go:229: put reply message into broadcast channel
[dispatch CommitMsg]2021/10/17 20:46:09.577313 /root/study/github_repository/pbftconsensus/network/routine_dispatchMsg.go:95: [receive commit message, and prepare to resolve it]
[dispatch PrePrepareMsg]2021/10/17 20:46:14.496979 /root/study/github_repository/pbftconsensus/network/routine_dispatchMsg.go:63: [receive preprepare message, and prepare to resolve it]
[resolve pre-prepareMsg success]2021/10/17 20:46:14.525895 /root/study/github_repository/pbftconsensus/network/routine_resolveMsg.go:145: put prepare message into broadcast channel
[dispatch PrepareMsg]2021/10/17 20:46:14.737347 /root/study/github_repository/pbftconsensus/network/routine_dispatchMsg.go:80: [receive prepare message, and prepare to resolve it]
[resolve prepareMsg success]2021/10/17 20:46:14.875190 /root/study/github_repository/pbftconsensus/network/routine_resolveMsg.go:183: put commit message into broadcast channel
[dispatch PrepareMsg]2021/10/17 20:46:14.905857 /root/study/github_repository/pbftconsensus/network/routine_dispatchMsg.go:80: [receive prepare message, and prepare to resolve it]
[dispatch PrepareMsg]2021/10/17 20:46:14.923695 /root/study/github_repository/pbftconsensus/network/routine_dispatchMsg.go:80: [receive prepare message, and prepare to resolve it]
[dispatch PrepareMsg]2021/10/17 20:46:14.931395 /root/study/github_repository/pbftconsensus/network/routine_dispatchMsg.go:80: [receive prepare message, and prepare to resolve it]
[dispatch PrepareMsg]2021/10/17 20:46:14.942291 /root/study/github_repository/pbftconsensus/network/routine_dispatchMsg.go:80: [receive prepare message, and prepare to resolve it]
[dispatch CommitMsg]2021/10/17 20:46:15.397566 /root/study/github_repository/pbftconsensus/network/routine_dispatchMsg.go:95: [receive commit message, and prepare to resolve it]
[resolve commitMsg success]2021/10/17 20:46:15.517172 /root/study/github_repository/pbftconsensus/network/routine_resolveMsg.go:229: put reply message into broadcast channel
[dispatch CommitMsg]2021/10/17 20:46:15.579716 /root/study/github_repository/pbftconsensus/network/routine_dispatchMsg.go:95: [receive commit message, and prepare to resolve it]
