[dispatch PrePrepareMsg]2021/10/17 16:51:50.304841 /root/study/github_repository/pbftconsensus/network/routine_dispatchMsg.go:63: [receive preprepare message, and prepare to resolve it]
[resolve pre-prepareMsg success]2021/10/17 16:51:50.333810 /root/study/github_repository/pbftconsensus/network/routine_resolveMsg.go:145: put prepare message into broadcast channel
[dispatch PrepareMsg]2021/10/17 16:51:50.395872 /root/study/github_repository/pbftconsensus/network/routine_dispatchMsg.go:80: [receive prepare message, and prepare to resolve it]
[dispatch PrepareMsg]2021/10/17 16:51:50.420451 /root/study/github_repository/pbftconsensus/network/routine_dispatchMsg.go:80: [receive prepare message, and prepare to resolve it]
[dispatch PrepareMsg]2021/10/17 16:51:50.451757 /root/study/github_repository/pbftconsensus/network/routine_dispatchMsg.go:80: [receive prepare message, and prepare to resolve it]
[dispatch PrepareMsg]2021/10/17 16:51:50.454140 /root/study/github_repository/pbftconsensus/network/routine_dispatchMsg.go:80: [receive prepare message, and prepare to resolve it]
[dispatch PrepareMsg]2021/10/17 16:51:50.462690 /root/study/github_repository/pbftconsensus/network/routine_dispatchMsg.go:80: [receive prepare message, and prepare to resolve it]
[dispatch PrepareMsg]2021/10/17 16:51:50.472947 /root/study/github_repository/pbftconsensus/network/routine_dispatchMsg.go:80: [receive prepare message, and prepare to resolve it]
[dispatch PrepareMsg]2021/10/17 16:51:50.504897 /root/study/github_repository/pbftconsensus/network/routine_dispatchMsg.go:80: [receive prepare message, and prepare to resolve it]
[dispatch PrepareMsg]2021/10/17 16:51:50.527551 /root/study/github_repository/pbftconsensus/network/routine_dispatchMsg.go:80: [receive prepare message, and prepare to resolve it]
[dispatch PrepareMsg]2021/10/17 16:51:50.537745 /root/study/github_repository/pbftconsensus/network/routine_dispatchMsg.go:80: [receive prepare message, and prepare to resolve it]
[resolve prepareMsg success]2021/10/17 16:51:50.577802 /root/study/github_repository/pbftconsensus/network/routine_resolveMsg.go:183: put commit message into broadcast channel
[dispatch PrepareMsg]2021/10/17 16:51:50.579148 /root/study/github_repository/pbftconsensus/network/routine_dispatchMsg.go:80: [receive prepare message, and prepare to resolve it]
[dispatch CommitMsg]2021/10/17 16:51:50.600616 /root/study/github_repository/pbftconsensus/network/routine_dispatchMsg.go:95: [receive commit message, and prepare to resolve it]
[dispatch CommitMsg]2021/10/17 16:51:50.639264 /root/study/github_repository/pbftconsensus/network/routine_dispatchMsg.go:95: [receive commit message, and prepare to resolve it]
[dispatch CommitMsg]2021/10/17 16:51:50.655391 /root/study/github_repository/pbftconsensus/network/routine_dispatchMsg.go:95: [receive commit message, and prepare to resolve it]
[dispatch CommitMsg]2021/10/17 16:51:50.680150 /root/study/github_repository/pbftconsensus/network/routine_dispatchMsg.go:95: [receive commit message, and prepare to resolve it]
[dispatch CommitMsg]2021/10/17 16:51:50.697121 /root/study/github_repository/pbftconsensus/network/routine_dispatchMsg.go:95: [receive commit message, and prepare to resolve it]
[dispatch CommitMsg]2021/10/17 16:51:50.706408 /root/study/github_repository/pbftconsensus/network/routine_dispatchMsg.go:95: [receive commit message, and prepare to resolve it]
[dispatch CommitMsg]2021/10/17 16:51:50.734703 /root/study/github_repository/pbftconsensus/network/routine_dispatchMsg.go:95: [receive commit message, and prepare to resolve it]
[dispatch CommitMsg]2021/10/17 16:51:50.745494 /root/study/github_repository/pbftconsensus/network/routine_dispatchMsg.go:95: [receive commit message, and prepare to resolve it]
[dispatch CommitMsg]2021/10/17 16:51:50.751808 /root/study/github_repository/pbftconsensus/network/routine_dispatchMsg.go:95: [receive commit message, and prepare to resolve it]
[dispatch CommitMsg]2021/10/17 16:51:50.761877 /root/study/github_repository/pbftconsensus/network/routine_dispatchMsg.go:95: [receive commit message, and prepare to resolve it]
[dispatch CommitMsg]2021/10/17 16:51:50.796447 /root/study/github_repository/pbftconsensus/network/routine_dispatchMsg.go:95: [receive commit message, and prepare to resolve it]
[dispatch CommitMsg]2021/10/17 16:51:50.813326 /root/study/github_repository/pbftconsensus/network/routine_dispatchMsg.go:95: [receive commit message, and prepare to resolve it]
[dispatch CommitMsg]2021/10/17 16:51:50.838257 /root/study/github_repository/pbftconsensus/network/routine_dispatchMsg.go:95: [receive commit message, and prepare to resolve it]
[resolve commitMsg success]2021/10/17 16:51:50.845904 /root/study/github_repository/pbftconsensus/network/routine_resolveMsg.go:229: put reply message into broadcast channel
[dispatch CommitMsg]2021/10/17 16:51:50.847046 /root/study/github_repository/pbftconsensus/network/routine_dispatchMsg.go:95: [receive commit message, and prepare to resolve it]
[dispatch PrePrepareMsg]2021/10/17 16:59:24.797825 /root/study/github_repository/pbftconsensus/network/routine_dispatchMsg.go:63: [receive preprepare message, and prepare to resolve it]
[resolve pre-prepareMsg success]2021/10/17 16:59:24.823679 /root/study/github_repository/pbftconsensus/network/routine_resolveMsg.go:145: put prepare message into broadcast channel
[dispatch PrepareMsg]2021/10/17 16:59:24.836101 /root/study/github_repository/pbftconsensus/network/routine_dispatchMsg.go:80: [receive prepare message, and prepare to resolve it]
[dispatch PrepareMsg]2021/10/17 16:59:24.923239 /root/study/github_repository/pbftconsensus/network/routine_dispatchMsg.go:80: [receive prepare message, and prepare to resolve it]
[dispatch PrepareMsg]2021/10/17 16:59:24.934635 /root/study/github_repository/pbftconsensus/network/routine_dispatchMsg.go:80: [receive prepare message, and prepare to resolve it]
[dispatch PrepareMsg]2021/10/17 16:59:24.959744 /root/study/github_repository/pbftconsensus/network/routine_dispatchMsg.go:80: [receive prepare message, and prepare to resolve it]
[dispatch PrepareMsg]2021/10/17 16:59:24.972986 /root/study/github_repository/pbftconsensus/network/routine_dispatchMsg.go:80: [receive prepare message, and prepare to resolve it]
[dispatch PrepareMsg]2021/10/17 16:59:24.981598 /root/study/github_repository/pbftconsensus/network/routine_dispatchMsg.go:80: [receive prepare message, and prepare to resolve it]
[dispatch PrepareMsg]2021/10/17 16:59:24.994392 /root/study/github_repository/pbftconsensus/network/routine_dispatchMsg.go:80: [receive prepare message, and prepare to resolve it]
[resolve prepareMsg success]2021/10/17 16:59:25.022380 /root/study/github_repository/pbftconsensus/network/routine_resolveMsg.go:183: put commit message into broadcast channel
[dispatch PrepareMsg]2021/10/17 16:59:25.023800 /root/study/github_repository/pbftconsensus/network/routine_dispatchMsg.go:80: [receive prepare message, and prepare to resolve it]
[dispatch CommitMsg]2021/10/17 16:59:25.050996 /root/study/github_repository/pbftconsensus/network/routine_dispatchMsg.go:95: [receive commit message, and prepare to resolve it]
[dispatch CommitMsg]2021/10/17 16:59:25.060310 /root/study/github_repository/pbftconsensus/network/routine_dispatchMsg.go:95: [receive commit message, and prepare to resolve it]
[dispatch CommitMsg]2021/10/17 16:59:25.087981 /root/study/github_repository/pbftconsensus/network/routine_dispatchMsg.go:95: [receive commit message, and prepare to resolve it]
[dispatch CommitMsg]2021/10/17 16:59:25.112299 /root/study/github_repository/pbftconsensus/network/routine_dispatchMsg.go:95: [receive commit message, and prepare to resolve it]
[dispatch CommitMsg]2021/10/17 16:59:25.129560 /root/study/github_repository/pbftconsensus/network/routine_dispatchMsg.go:95: [receive commit message, and prepare to resolve it]
[dispatch CommitMsg]2021/10/17 16:59:25.148659 /root/study/github_repository/pbftconsensus/network/routine_dispatchMsg.go:95: [receive commit message, and prepare to resolve it]
[dispatch CommitMsg]2021/10/17 16:59:25.181926 /root/study/github_repository/pbftconsensus/network/routine_dispatchMsg.go:95: [receive commit message, and prepare to resolve it]
[dispatch CommitMsg]2021/10/17 16:59:25.209384 /root/study/github_repository/pbftconsensus/network/routine_dispatchMsg.go:95: [receive commit message, and prepare to resolve it]
[dispatch CommitMsg]2021/10/17 16:59:25.223568 /root/study/github_repository/pbftconsensus/network/routine_dispatchMsg.go:95: [receive commit message, and prepare to resolve it]
[dispatch CommitMsg]2021/10/17 16:59:25.240972 /root/study/github_repository/pbftconsensus/network/routine_dispatchMsg.go:95: [receive commit message, and prepare to resolve it]
[dispatch CommitMsg]2021/10/17 16:59:25.266875 /root/study/github_repository/pbftconsensus/network/routine_dispatchMsg.go:95: [receive commit message, and prepare to resolve it]
[dispatch CommitMsg]2021/10/17 16:59:25.327521 /root/study/github_repository/pbftconsensus/network/routine_dispatchMsg.go:95: [receive commit message, and prepare to resolve it]
[dispatch CommitMsg]2021/10/17 16:59:25.343623 /root/study/github_repository/pbftconsensus/network/routine_dispatchMsg.go:95: [receive commit message, and prepare to resolve it]
[dispatch CommitMsg]2021/10/17 16:59:25.353480 /root/study/github_repository/pbftconsensus/network/routine_dispatchMsg.go:95: [receive commit message, and prepare to resolve it]
[resolve commitMsg success]2021/10/17 16:59:25.363197 /root/study/github_repository/pbftconsensus/network/routine_resolveMsg.go:229: put reply message into broadcast channel
[dispatch PrePrepareMsg]2021/10/17 17:04:46.246860 /root/study/github_repository/pbftconsensus/network/routine_dispatchMsg.go:63: [receive preprepare message, and prepare to resolve it]
[resolve pre-prepareMsg success]2021/10/17 17:04:46.276726 /root/study/github_repository/pbftconsensus/network/routine_resolveMsg.go:145: put prepare message into broadcast channel
[dispatch PrepareMsg]2021/10/17 17:04:46.280383 /root/study/github_repository/pbftconsensus/network/routine_dispatchMsg.go:80: [receive prepare message, and prepare to resolve it]
[dispatch PrepareMsg]2021/10/17 17:04:46.344475 /root/study/github_repository/pbftconsensus/network/routine_dispatchMsg.go:80: [receive prepare message, and prepare to resolve it]
[dispatch PrepareMsg]2021/10/17 17:04:46.368306 /root/study/github_repository/pbftconsensus/network/routine_dispatchMsg.go:80: [receive prepare message, and prepare to resolve it]
[dispatch PrepareMsg]2021/10/17 17:04:46.373401 /root/study/github_repository/pbftconsensus/network/routine_dispatchMsg.go:80: [receive prepare message, and prepare to resolve it]
[dispatch PrepareMsg]2021/10/17 17:04:46.380259 /root/study/github_repository/pbftconsensus/network/routine_dispatchMsg.go:80: [receive prepare message, and prepare to resolve it]
[dispatch PrepareMsg]2021/10/17 17:04:46.399244 /root/study/github_repository/pbftconsensus/network/routine_dispatchMsg.go:80: [receive prepare message, and prepare to resolve it]
[dispatch PrepareMsg]2021/10/17 17:04:46.405312 /root/study/github_repository/pbftconsensus/network/routine_dispatchMsg.go:80: [receive prepare message, and prepare to resolve it]
[dispatch PrepareMsg]2021/10/17 17:04:46.413203 /root/study/github_repository/pbftconsensus/network/routine_dispatchMsg.go:80: [receive prepare message, and prepare to resolve it]
[dispatch PrepareMsg]2021/10/17 17:04:46.468057 /root/study/github_repository/pbftconsensus/network/routine_dispatchMsg.go:80: [receive prepare message, and prepare to resolve it]
[dispatch PrepareMsg]2021/10/17 17:04:46.478491 /root/study/github_repository/pbftconsensus/network/routine_dispatchMsg.go:80: [receive prepare message, and prepare to resolve it]
[resolve prepareMsg success]2021/10/17 17:04:46.512751 /root/study/github_repository/pbftconsensus/network/routine_resolveMsg.go:183: put commit message into broadcast channel
[dispatch PrepareMsg]2021/10/17 17:04:46.513245 /root/study/github_repository/pbftconsensus/network/routine_dispatchMsg.go:80: [receive prepare message, and prepare to resolve it]
[dispatch CommitMsg]2021/10/17 17:04:46.554986 /root/study/github_repository/pbftconsensus/network/routine_dispatchMsg.go:95: [receive commit message, and prepare to resolve it]
[dispatch CommitMsg]2021/10/17 17:04:46.567905 /root/study/github_repository/pbftconsensus/network/routine_dispatchMsg.go:95: [receive commit message, and prepare to resolve it]
[dispatch CommitMsg]2021/10/17 17:04:46.582828 /root/study/github_repository/pbftconsensus/network/routine_dispatchMsg.go:95: [receive commit message, and prepare to resolve it]
[dispatch CommitMsg]2021/10/17 17:04:46.611145 /root/study/github_repository/pbftconsensus/network/routine_dispatchMsg.go:95: [receive commit message, and prepare to resolve it]
[dispatch CommitMsg]2021/10/17 17:04:46.620523 /root/study/github_repository/pbftconsensus/network/routine_dispatchMsg.go:95: [receive commit message, and prepare to resolve it]
[dispatch CommitMsg]2021/10/17 17:04:46.655649 /root/study/github_repository/pbftconsensus/network/routine_dispatchMsg.go:95: [receive commit message, and prepare to resolve it]
[dispatch CommitMsg]2021/10/17 17:04:46.683157 /root/study/github_repository/pbftconsensus/network/routine_dispatchMsg.go:95: [receive commit message, and prepare to resolve it]
[dispatch CommitMsg]2021/10/17 17:04:46.692260 /root/study/github_repository/pbftconsensus/network/routine_dispatchMsg.go:95: [receive commit message, and prepare to resolve it]
[dispatch CommitMsg]2021/10/17 17:04:46.711607 /root/study/github_repository/pbftconsensus/network/routine_dispatchMsg.go:95: [receive commit message, and prepare to resolve it]
[dispatch CommitMsg]2021/10/17 17:04:46.722139 /root/study/github_repository/pbftconsensus/network/routine_dispatchMsg.go:95: [receive commit message, and prepare to resolve it]
[dispatch CommitMsg]2021/10/17 17:04:46.730766 /root/study/github_repository/pbftconsensus/network/routine_dispatchMsg.go:95: [receive commit message, and prepare to resolve it]
[dispatch CommitMsg]2021/10/17 17:04:46.746895 /root/study/github_repository/pbftconsensus/network/routine_dispatchMsg.go:95: [receive commit message, and prepare to resolve it]
[dispatch CommitMsg]2021/10/17 17:04:46.760783 /root/study/github_repository/pbftconsensus/network/routine_dispatchMsg.go:95: [receive commit message, and prepare to resolve it]
[dispatch CommitMsg]2021/10/17 17:04:46.795807 /root/study/github_repository/pbftconsensus/network/routine_dispatchMsg.go:95: [receive commit message, and prepare to resolve it]
[resolve commitMsg success]2021/10/17 17:04:46.805372 /root/study/github_repository/pbftconsensus/network/routine_resolveMsg.go:229: put reply message into broadcast channel
[dispatch CommitMsg]2021/10/17 17:04:46.806572 /root/study/github_repository/pbftconsensus/network/routine_dispatchMsg.go:95: [receive commit message, and prepare to resolve it]
[dispatch PrePrepareMsg]2021/10/17 18:49:20.175083 /root/study/github_repository/pbftconsensus/network/routine_dispatchMsg.go:63: [receive preprepare message, and prepare to resolve it]
[resolve pre-prepareMsg success]2021/10/17 18:49:20.199106 /root/study/github_repository/pbftconsensus/network/routine_resolveMsg.go:145: put prepare message into broadcast channel
[dispatch PrepareMsg]2021/10/17 18:49:20.248444 /root/study/github_repository/pbftconsensus/network/routine_dispatchMsg.go:80: [receive prepare message, and prepare to resolve it]
[dispatch PrepareMsg]2021/10/17 18:49:20.302680 /root/study/github_repository/pbftconsensus/network/routine_dispatchMsg.go:80: [receive prepare message, and prepare to resolve it]
[dispatch PrepareMsg]2021/10/17 18:49:20.306370 /root/study/github_repository/pbftconsensus/network/routine_dispatchMsg.go:80: [receive prepare message, and prepare to resolve it]
[resolve prepareMsg success]2021/10/17 18:49:20.334755 /root/study/github_repository/pbftconsensus/network/routine_resolveMsg.go:183: put commit message into broadcast channel
[dispatch PrepareMsg]2021/10/17 18:49:20.335162 /root/study/github_repository/pbftconsensus/network/routine_dispatchMsg.go:80: [receive prepare message, and prepare to resolve it]
[dispatch CommitMsg]2021/10/17 18:49:20.340042 /root/study/github_repository/pbftconsensus/network/routine_dispatchMsg.go:95: [receive commit message, and prepare to resolve it]
[dispatch CommitMsg]2021/10/17 18:49:20.356578 /root/study/github_repository/pbftconsensus/network/routine_dispatchMsg.go:95: [receive commit message, and prepare to resolve it]
[dispatch CommitMsg]2021/10/17 18:49:20.363509 /root/study/github_repository/pbftconsensus/network/routine_dispatchMsg.go:95: [receive commit message, and prepare to resolve it]
[dispatch CommitMsg]2021/10/17 18:49:20.375491 /root/study/github_repository/pbftconsensus/network/routine_dispatchMsg.go:95: [receive commit message, and prepare to resolve it]
[dispatch CommitMsg]2021/10/17 18:49:20.379014 /root/study/github_repository/pbftconsensus/network/routine_dispatchMsg.go:95: [receive commit message, and prepare to resolve it]
[dispatch CommitMsg]2021/10/17 18:49:20.388112 /root/study/github_repository/pbftconsensus/network/routine_dispatchMsg.go:95: [receive commit message, and prepare to resolve it]
[dispatch CommitMsg]2021/10/17 18:49:20.392443 /root/study/github_repository/pbftconsensus/network/routine_dispatchMsg.go:95: [receive commit message, and prepare to resolve it]
[dispatch CommitMsg]2021/10/17 18:49:20.396119 /root/study/github_repository/pbftconsensus/network/routine_dispatchMsg.go:95: [receive commit message, and prepare to resolve it]
[dispatch CommitMsg]2021/10/17 18:49:20.400358 /root/study/github_repository/pbftconsensus/network/routine_dispatchMsg.go:95: [receive commit message, and prepare to resolve it]
[dispatch CommitMsg]2021/10/17 18:49:20.403701 /root/study/github_repository/pbftconsensus/network/routine_dispatchMsg.go:95: [receive commit message, and prepare to resolve it]
[dispatch CommitMsg]2021/10/17 18:49:20.408345 /root/study/github_repository/pbftconsensus/network/routine_dispatchMsg.go:95: [receive commit message, and prepare to resolve it]
[dispatch CommitMsg]2021/10/17 18:49:20.410591 /root/study/github_repository/pbftconsensus/network/routine_dispatchMsg.go:95: [receive commit message, and prepare to resolve it]
[dispatch CommitMsg]2021/10/17 18:49:20.433953 /root/study/github_repository/pbftconsensus/network/routine_dispatchMsg.go:95: [receive commit message, and prepare to resolve it]
[resolve commitMsg success]2021/10/17 18:49:20.437072 /root/study/github_repository/pbftconsensus/network/routine_resolveMsg.go:229: put reply message into broadcast channel
[dispatch PrePrepareMsg]2021/10/17 18:49:22.099320 /root/study/github_repository/pbftconsensus/network/routine_dispatchMsg.go:63: [receive preprepare message, and prepare to resolve it]
[resolve pre-prepareMsg success]2021/10/17 18:49:22.123174 /root/study/github_repository/pbftconsensus/network/routine_resolveMsg.go:145: put prepare message into broadcast channel
[dispatch PrepareMsg]2021/10/17 18:49:22.127239 /root/study/github_repository/pbftconsensus/network/routine_dispatchMsg.go:80: [receive prepare message, and prepare to resolve it]
[dispatch PrepareMsg]2021/10/17 18:49:22.138901 /root/study/github_repository/pbftconsensus/network/routine_dispatchMsg.go:80: [receive prepare message, and prepare to resolve it]
[dispatch PrepareMsg]2021/10/17 18:49:22.162452 /root/study/github_repository/pbftconsensus/network/routine_dispatchMsg.go:80: [receive prepare message, and prepare to resolve it]
[dispatch PrepareMsg]2021/10/17 18:49:22.174093 /root/study/github_repository/pbftconsensus/network/routine_dispatchMsg.go:80: [receive prepare message, and prepare to resolve it]
[dispatch PrepareMsg]2021/10/17 18:49:22.182060 /root/study/github_repository/pbftconsensus/network/routine_dispatchMsg.go:80: [receive prepare message, and prepare to resolve it]
[dispatch PrepareMsg]2021/10/17 18:49:22.191802 /root/study/github_repository/pbftconsensus/network/routine_dispatchMsg.go:80: [receive prepare message, and prepare to resolve it]
[dispatch PrepareMsg]2021/10/17 18:49:22.211897 /root/study/github_repository/pbftconsensus/network/routine_dispatchMsg.go:80: [receive prepare message, and prepare to resolve it]
[dispatch PrepareMsg]2021/10/17 18:49:22.216611 /root/study/github_repository/pbftconsensus/network/routine_dispatchMsg.go:80: [receive prepare message, and prepare to resolve it]
[dispatch PrepareMsg]2021/10/17 18:49:22.241181 /root/study/github_repository/pbftconsensus/network/routine_dispatchMsg.go:80: [receive prepare message, and prepare to resolve it]
[dispatch PrepareMsg]2021/10/17 18:49:22.283587 /root/study/github_repository/pbftconsensus/network/routine_dispatchMsg.go:80: [receive prepare message, and prepare to resolve it]
[dispatch PrepareMsg]2021/10/17 18:49:22.306358 /root/study/github_repository/pbftconsensus/network/routine_dispatchMsg.go:80: [receive prepare message, and prepare to resolve it]
[dispatch PrepareMsg]2021/10/17 18:49:22.336829 /root/study/github_repository/pbftconsensus/network/routine_dispatchMsg.go:80: [receive prepare message, and prepare to resolve it]
[dispatch PrepareMsg]2021/10/17 18:49:22.368702 /root/study/github_repository/pbftconsensus/network/routine_dispatchMsg.go:80: [receive prepare message, and prepare to resolve it]
[resolve prepareMsg success]2021/10/17 18:49:22.404642 /root/study/github_repository/pbftconsensus/network/routine_resolveMsg.go:183: put commit message into broadcast channel
[dispatch PrepareMsg]2021/10/17 18:49:22.405019 /root/study/github_repository/pbftconsensus/network/routine_dispatchMsg.go:80: [receive prepare message, and prepare to resolve it]
[dispatch CommitMsg]2021/10/17 18:49:22.417613 /root/study/github_repository/pbftconsensus/network/routine_dispatchMsg.go:95: [receive commit message, and prepare to resolve it]
[dispatch CommitMsg]2021/10/17 18:49:22.443902 /root/study/github_repository/pbftconsensus/network/routine_dispatchMsg.go:95: [receive commit message, and prepare to resolve it]
[dispatch CommitMsg]2021/10/17 18:49:22.454198 /root/study/github_repository/pbftconsensus/network/routine_dispatchMsg.go:95: [receive commit message, and prepare to resolve it]
[dispatch CommitMsg]2021/10/17 18:49:22.457418 /root/study/github_repository/pbftconsensus/network/routine_dispatchMsg.go:95: [receive commit message, and prepare to resolve it]
[dispatch CommitMsg]2021/10/17 18:49:22.481422 /root/study/github_repository/pbftconsensus/network/routine_dispatchMsg.go:95: [receive commit message, and prepare to resolve it]
[dispatch CommitMsg]2021/10/17 18:49:22.481698 /root/study/github_repository/pbftconsensus/network/routine_dispatchMsg.go:95: [receive commit message, and prepare to resolve it]
[dispatch CommitMsg]2021/10/17 18:49:22.513445 /root/study/github_repository/pbftconsensus/network/routine_dispatchMsg.go:95: [receive commit message, and prepare to resolve it]
[dispatch CommitMsg]2021/10/17 18:49:22.520701 /root/study/github_repository/pbftconsensus/network/routine_dispatchMsg.go:95: [receive commit message, and prepare to resolve it]
[dispatch CommitMsg]2021/10/17 18:49:22.537814 /root/study/github_repository/pbftconsensus/network/routine_dispatchMsg.go:95: [receive commit message, and prepare to resolve it]
[dispatch CommitMsg]2021/10/17 18:49:22.567288 /root/study/github_repository/pbftconsensus/network/routine_dispatchMsg.go:95: [receive commit message, and prepare to resolve it]
[dispatch CommitMsg]2021/10/17 18:49:22.577050 /root/study/github_repository/pbftconsensus/network/routine_dispatchMsg.go:95: [receive commit message, and prepare to resolve it]
[dispatch CommitMsg]2021/10/17 18:49:22.600285 /root/study/github_repository/pbftconsensus/network/routine_dispatchMsg.go:95: [receive commit message, and prepare to resolve it]
[dispatch CommitMsg]2021/10/17 18:49:22.619990 /root/study/github_repository/pbftconsensus/network/routine_dispatchMsg.go:95: [receive commit message, and prepare to resolve it]
[resolve commitMsg success]2021/10/17 18:49:22.644984 /root/study/github_repository/pbftconsensus/network/routine_resolveMsg.go:229: put reply message into broadcast channel
[dispatch CommitMsg]2021/10/17 18:49:22.646053 /root/study/github_repository/pbftconsensus/network/routine_dispatchMsg.go:95: [receive commit message, and prepare to resolve it]
[dispatch PrePrepareMsg]2021/10/17 18:50:42.560152 /root/study/github_repository/pbftconsensus/network/routine_dispatchMsg.go:63: [receive preprepare message, and prepare to resolve it]
[resolve pre-prepareMsg success]2021/10/17 18:50:42.584471 /root/study/github_repository/pbftconsensus/network/routine_resolveMsg.go:145: put prepare message into broadcast channel
[dispatch PrepareMsg]2021/10/17 18:50:42.588555 /root/study/github_repository/pbftconsensus/network/routine_dispatchMsg.go:80: [receive prepare message, and prepare to resolve it]
[dispatch PrepareMsg]2021/10/17 18:50:42.652265 /root/study/github_repository/pbftconsensus/network/routine_dispatchMsg.go:80: [receive prepare message, and prepare to resolve it]
[dispatch PrepareMsg]2021/10/17 18:50:42.669553 /root/study/github_repository/pbftconsensus/network/routine_dispatchMsg.go:80: [receive prepare message, and prepare to resolve it]
[dispatch PrepareMsg]2021/10/17 18:50:42.686611 /root/study/github_repository/pbftconsensus/network/routine_dispatchMsg.go:80: [receive prepare message, and prepare to resolve it]
[dispatch PrepareMsg]2021/10/17 18:50:42.694062 /root/study/github_repository/pbftconsensus/network/routine_dispatchMsg.go:80: [receive prepare message, and prepare to resolve it]
[dispatch PrepareMsg]2021/10/17 18:50:42.730334 /root/study/github_repository/pbftconsensus/network/routine_dispatchMsg.go:80: [receive prepare message, and prepare to resolve it]
[dispatch PrepareMsg]2021/10/17 18:50:42.739866 /root/study/github_repository/pbftconsensus/network/routine_dispatchMsg.go:80: [receive prepare message, and prepare to resolve it]
[dispatch PrepareMsg]2021/10/17 18:50:42.750988 /root/study/github_repository/pbftconsensus/network/routine_dispatchMsg.go:80: [receive prepare message, and prepare to resolve it]
[dispatch PrepareMsg]2021/10/17 18:50:42.761363 /root/study/github_repository/pbftconsensus/network/routine_dispatchMsg.go:80: [receive prepare message, and prepare to resolve it]
[dispatch PrepareMsg]2021/10/17 18:50:42.779047 /root/study/github_repository/pbftconsensus/network/routine_dispatchMsg.go:80: [receive prepare message, and prepare to resolve it]
[resolve prepareMsg success]2021/10/17 18:50:42.839030 /root/study/github_repository/pbftconsensus/network/routine_resolveMsg.go:183: put commit message into broadcast channel
[dispatch PrepareMsg]2021/10/17 18:50:42.839176 /root/study/github_repository/pbftconsensus/network/routine_dispatchMsg.go:80: [receive prepare message, and prepare to resolve it]
[dispatch CommitMsg]2021/10/17 18:50:42.847406 /root/study/github_repository/pbftconsensus/network/routine_dispatchMsg.go:95: [receive commit message, and prepare to resolve it]
[dispatch CommitMsg]2021/10/17 18:50:42.856193 /root/study/github_repository/pbftconsensus/network/routine_dispatchMsg.go:95: [receive commit message, and prepare to resolve it]
[dispatch CommitMsg]2021/10/17 18:50:42.867685 /root/study/github_repository/pbftconsensus/network/routine_dispatchMsg.go:95: [receive commit message, and prepare to resolve it]
[dispatch CommitMsg]2021/10/17 18:50:42.888241 /root/study/github_repository/pbftconsensus/network/routine_dispatchMsg.go:95: [receive commit message, and prepare to resolve it]
[dispatch CommitMsg]2021/10/17 18:50:42.898749 /root/study/github_repository/pbftconsensus/network/routine_dispatchMsg.go:95: [receive commit message, and prepare to resolve it]
[dispatch CommitMsg]2021/10/17 18:50:42.932930 /root/study/github_repository/pbftconsensus/network/routine_dispatchMsg.go:95: [receive commit message, and prepare to resolve it]
[dispatch CommitMsg]2021/10/17 18:50:42.951727 /root/study/github_repository/pbftconsensus/network/routine_dispatchMsg.go:95: [receive commit message, and prepare to resolve it]
[dispatch CommitMsg]2021/10/17 18:50:42.972239 /root/study/github_repository/pbftconsensus/network/routine_dispatchMsg.go:95: [receive commit message, and prepare to resolve it]
[dispatch CommitMsg]2021/10/17 18:50:42.987341 /root/study/github_repository/pbftconsensus/network/routine_dispatchMsg.go:95: [receive commit message, and prepare to resolve it]
[dispatch CommitMsg]2021/10/17 18:50:42.995806 /root/study/github_repository/pbftconsensus/network/routine_dispatchMsg.go:95: [receive commit message, and prepare to resolve it]
[dispatch CommitMsg]2021/10/17 18:50:43.031296 /root/study/github_repository/pbftconsensus/network/routine_dispatchMsg.go:95: [receive commit message, and prepare to resolve it]
[dispatch CommitMsg]2021/10/17 18:50:43.073861 /root/study/github_repository/pbftconsensus/network/routine_dispatchMsg.go:95: [receive commit message, and prepare to resolve it]
[dispatch CommitMsg]2021/10/17 18:50:43.088689 /root/study/github_repository/pbftconsensus/network/routine_dispatchMsg.go:95: [receive commit message, and prepare to resolve it]
[dispatch CommitMsg]2021/10/17 18:50:43.114062 /root/study/github_repository/pbftconsensus/network/routine_dispatchMsg.go:95: [receive commit message, and prepare to resolve it]
[resolve commitMsg success]2021/10/17 18:50:43.122515 /root/study/github_repository/pbftconsensus/network/routine_resolveMsg.go:229: put reply message into broadcast channel
[dispatch CommitMsg]2021/10/17 18:50:43.124313 /root/study/github_repository/pbftconsensus/network/routine_dispatchMsg.go:95: [receive commit message, and prepare to resolve it]
[dispatch PrePrepareMsg]2021/10/17 18:57:58.939562 /root/study/github_repository/pbftconsensus/network/routine_dispatchMsg.go:63: [receive preprepare message, and prepare to resolve it]
[resolve pre-prepareMsg success]2021/10/17 18:57:58.965915 /root/study/github_repository/pbftconsensus/network/routine_resolveMsg.go:145: put prepare message into broadcast channel
[dispatch PrepareMsg]2021/10/17 18:57:58.967986 /root/study/github_repository/pbftconsensus/network/routine_dispatchMsg.go:80: [receive prepare message, and prepare to resolve it]
[dispatch PrepareMsg]2021/10/17 18:57:59.072623 /root/study/github_repository/pbftconsensus/network/routine_dispatchMsg.go:80: [receive prepare message, and prepare to resolve it]
[dispatch PrepareMsg]2021/10/17 18:57:59.077759 /root/study/github_repository/pbftconsensus/network/routine_dispatchMsg.go:80: [receive prepare message, and prepare to resolve it]
[dispatch PrepareMsg]2021/10/17 18:57:59.089428 /root/study/github_repository/pbftconsensus/network/routine_dispatchMsg.go:80: [receive prepare message, and prepare to resolve it]
[dispatch PrepareMsg]2021/10/17 18:57:59.107429 /root/study/github_repository/pbftconsensus/network/routine_dispatchMsg.go:80: [receive prepare message, and prepare to resolve it]
[dispatch PrepareMsg]2021/10/17 18:57:59.116811 /root/study/github_repository/pbftconsensus/network/routine_dispatchMsg.go:80: [receive prepare message, and prepare to resolve it]
[dispatch PrepareMsg]2021/10/17 18:57:59.136681 /root/study/github_repository/pbftconsensus/network/routine_dispatchMsg.go:80: [receive prepare message, and prepare to resolve it]
[dispatch PrepareMsg]2021/10/17 18:57:59.149442 /root/study/github_repository/pbftconsensus/network/routine_dispatchMsg.go:80: [receive prepare message, and prepare to resolve it]
[resolve prepareMsg success]2021/10/17 18:57:59.181369 /root/study/github_repository/pbftconsensus/network/routine_resolveMsg.go:183: put commit message into broadcast channel
[dispatch PrepareMsg]2021/10/17 18:57:59.184417 /root/study/github_repository/pbftconsensus/network/routine_dispatchMsg.go:80: [receive prepare message, and prepare to resolve it]
[dispatch CommitMsg]2021/10/17 18:57:59.191801 /root/study/github_repository/pbftconsensus/network/routine_dispatchMsg.go:95: [receive commit message, and prepare to resolve it]
[dispatch CommitMsg]2021/10/17 18:57:59.236537 /root/study/github_repository/pbftconsensus/network/routine_dispatchMsg.go:95: [receive commit message, and prepare to resolve it]
[dispatch CommitMsg]2021/10/17 18:57:59.247788 /root/study/github_repository/pbftconsensus/network/routine_dispatchMsg.go:95: [receive commit message, and prepare to resolve it]
[dispatch CommitMsg]2021/10/17 18:57:59.286283 /root/study/github_repository/pbftconsensus/network/routine_dispatchMsg.go:95: [receive commit message, and prepare to resolve it]
[dispatch CommitMsg]2021/10/17 18:57:59.325885 /root/study/github_repository/pbftconsensus/network/routine_dispatchMsg.go:95: [receive commit message, and prepare to resolve it]
[dispatch CommitMsg]2021/10/17 18:57:59.336878 /root/study/github_repository/pbftconsensus/network/routine_dispatchMsg.go:95: [receive commit message, and prepare to resolve it]
[dispatch CommitMsg]2021/10/17 18:57:59.345577 /root/study/github_repository/pbftconsensus/network/routine_dispatchMsg.go:95: [receive commit message, and prepare to resolve it]
[dispatch CommitMsg]2021/10/17 18:57:59.357034 /root/study/github_repository/pbftconsensus/network/routine_dispatchMsg.go:95: [receive commit message, and prepare to resolve it]
[dispatch CommitMsg]2021/10/17 18:57:59.371158 /root/study/github_repository/pbftconsensus/network/routine_dispatchMsg.go:95: [receive commit message, and prepare to resolve it]
[dispatch CommitMsg]2021/10/17 18:57:59.382721 /root/study/github_repository/pbftconsensus/network/routine_dispatchMsg.go:95: [receive commit message, and prepare to resolve it]
[dispatch CommitMsg]2021/10/17 18:57:59.395592 /root/study/github_repository/pbftconsensus/network/routine_dispatchMsg.go:95: [receive commit message, and prepare to resolve it]
[dispatch CommitMsg]2021/10/17 18:57:59.417870 /root/study/github_repository/pbftconsensus/network/routine_dispatchMsg.go:95: [receive commit message, and prepare to resolve it]
[dispatch CommitMsg]2021/10/17 18:57:59.432408 /root/study/github_repository/pbftconsensus/network/routine_dispatchMsg.go:95: [receive commit message, and prepare to resolve it]
[dispatch CommitMsg]2021/10/17 18:57:59.462598 /root/study/github_repository/pbftconsensus/network/routine_dispatchMsg.go:95: [receive commit message, and prepare to resolve it]
[resolve commitMsg success]2021/10/17 18:57:59.483255 /root/study/github_repository/pbftconsensus/network/routine_resolveMsg.go:229: put reply message into broadcast channel
[dispatch PrePrepareMsg]2021/10/17 19:11:35.749632 /root/study/github_repository/pbftconsensus/network/routine_dispatchMsg.go:63: [receive preprepare message, and prepare to resolve it]
[resolve pre-prepareMsg success]2021/10/17 19:11:35.776164 /root/study/github_repository/pbftconsensus/network/routine_resolveMsg.go:145: put prepare message into broadcast channel
[dispatch PrepareMsg]2021/10/17 19:11:35.797134 /root/study/github_repository/pbftconsensus/network/routine_dispatchMsg.go:80: [receive prepare message, and prepare to resolve it]
[dispatch PrepareMsg]2021/10/17 19:11:35.817452 /root/study/github_repository/pbftconsensus/network/routine_dispatchMsg.go:80: [receive prepare message, and prepare to resolve it]
[dispatch PrepareMsg]2021/10/17 19:11:35.829250 /root/study/github_repository/pbftconsensus/network/routine_dispatchMsg.go:80: [receive prepare message, and prepare to resolve it]
[dispatch PrepareMsg]2021/10/17 19:11:35.838906 /root/study/github_repository/pbftconsensus/network/routine_dispatchMsg.go:80: [receive prepare message, and prepare to resolve it]
[dispatch PrepareMsg]2021/10/17 19:11:35.851647 /root/study/github_repository/pbftconsensus/network/routine_dispatchMsg.go:80: [receive prepare message, and prepare to resolve it]
[dispatch PrepareMsg]2021/10/17 19:11:35.892813 /root/study/github_repository/pbftconsensus/network/routine_dispatchMsg.go:80: [receive prepare message, and prepare to resolve it]
[dispatch PrepareMsg]2021/10/17 19:11:35.940038 /root/study/github_repository/pbftconsensus/network/routine_dispatchMsg.go:80: [receive prepare message, and prepare to resolve it]
[dispatch PrepareMsg]2021/10/17 19:11:35.960339 /root/study/github_repository/pbftconsensus/network/routine_dispatchMsg.go:80: [receive prepare message, and prepare to resolve it]
[dispatch PrepareMsg]2021/10/17 19:11:35.966094 /root/study/github_repository/pbftconsensus/network/routine_dispatchMsg.go:80: [receive prepare message, and prepare to resolve it]
[dispatch PrepareMsg]2021/10/17 19:11:35.976309 /root/study/github_repository/pbftconsensus/network/routine_dispatchMsg.go:80: [receive prepare message, and prepare to resolve it]
[dispatch PrepareMsg]2021/10/17 19:11:35.985825 /root/study/github_repository/pbftconsensus/network/routine_dispatchMsg.go:80: [receive prepare message, and prepare to resolve it]
[dispatch PrepareMsg]2021/10/17 19:11:36.015620 /root/study/github_repository/pbftconsensus/network/routine_dispatchMsg.go:80: [receive prepare message, and prepare to resolve it]
[resolve prepareMsg success]2021/10/17 19:11:36.047015 /root/study/github_repository/pbftconsensus/network/routine_resolveMsg.go:183: put commit message into broadcast channel
[dispatch CommitMsg]2021/10/17 19:11:36.088964 /root/study/github_repository/pbftconsensus/network/routine_dispatchMsg.go:95: [receive commit message, and prepare to resolve it]
[dispatch CommitMsg]2021/10/17 19:11:36.112415 /root/study/github_repository/pbftconsensus/network/routine_dispatchMsg.go:95: [receive commit message, and prepare to resolve it]
[dispatch CommitMsg]2021/10/17 19:11:36.139073 /root/study/github_repository/pbftconsensus/network/routine_dispatchMsg.go:95: [receive commit message, and prepare to resolve it]
[dispatch CommitMsg]2021/10/17 19:11:36.147023 /root/study/github_repository/pbftconsensus/network/routine_dispatchMsg.go:95: [receive commit message, and prepare to resolve it]
[dispatch CommitMsg]2021/10/17 19:11:36.164022 /root/study/github_repository/pbftconsensus/network/routine_dispatchMsg.go:95: [receive commit message, and prepare to resolve it]
[dispatch CommitMsg]2021/10/17 19:11:36.176131 /root/study/github_repository/pbftconsensus/network/routine_dispatchMsg.go:95: [receive commit message, and prepare to resolve it]
[dispatch CommitMsg]2021/10/17 19:11:36.207688 /root/study/github_repository/pbftconsensus/network/routine_dispatchMsg.go:95: [receive commit message, and prepare to resolve it]
[dispatch CommitMsg]2021/10/17 19:11:36.238499 /root/study/github_repository/pbftconsensus/network/routine_dispatchMsg.go:95: [receive commit message, and prepare to resolve it]
[dispatch CommitMsg]2021/10/17 19:11:36.246836 /root/study/github_repository/pbftconsensus/network/routine_dispatchMsg.go:95: [receive commit message, and prepare to resolve it]
[dispatch CommitMsg]2021/10/17 19:11:36.269019 /root/study/github_repository/pbftconsensus/network/routine_dispatchMsg.go:95: [receive commit message, and prepare to resolve it]
[dispatch CommitMsg]2021/10/17 19:11:36.280358 /root/study/github_repository/pbftconsensus/network/routine_dispatchMsg.go:95: [receive commit message, and prepare to resolve it]
[dispatch CommitMsg]2021/10/17 19:11:36.298182 /root/study/github_repository/pbftconsensus/network/routine_dispatchMsg.go:95: [receive commit message, and prepare to resolve it]
[dispatch CommitMsg]2021/10/17 19:11:36.308571 /root/study/github_repository/pbftconsensus/network/routine_dispatchMsg.go:95: [receive commit message, and prepare to resolve it]
[dispatch CommitMsg]2021/10/17 19:11:36.383656 /root/study/github_repository/pbftconsensus/network/routine_dispatchMsg.go:95: [receive commit message, and prepare to resolve it]
[resolve commitMsg success]2021/10/17 19:11:36.404664 /root/study/github_repository/pbftconsensus/network/routine_resolveMsg.go:229: put reply message into broadcast channel
[dispatch CommitMsg]2021/10/17 19:11:36.405964 /root/study/github_repository/pbftconsensus/network/routine_dispatchMsg.go:95: [receive commit message, and prepare to resolve it]
[dispatch PrePrepareMsg]2021/10/17 19:40:39.533829 /root/study/github_repository/pbftconsensus/network/routine_dispatchMsg.go:63: [receive preprepare message, and prepare to resolve it]
[resolve pre-prepareMsg success]2021/10/17 19:40:39.561464 /root/study/github_repository/pbftconsensus/network/routine_resolveMsg.go:145: put prepare message into broadcast channel
[dispatch PrepareMsg]2021/10/17 19:40:39.569669 /root/study/github_repository/pbftconsensus/network/routine_dispatchMsg.go:80: [receive prepare message, and prepare to resolve it]
[dispatch PrepareMsg]2021/10/17 19:40:39.671549 /root/study/github_repository/pbftconsensus/network/routine_dispatchMsg.go:80: [receive prepare message, and prepare to resolve it]
[dispatch PrepareMsg]2021/10/17 19:40:39.673532 /root/study/github_repository/pbftconsensus/network/routine_dispatchMsg.go:80: [receive prepare message, and prepare to resolve it]
[dispatch PrepareMsg]2021/10/17 19:40:39.703868 /root/study/github_repository/pbftconsensus/network/routine_dispatchMsg.go:80: [receive prepare message, and prepare to resolve it]
[resolve prepareMsg success]2021/10/17 19:40:39.736107 /root/study/github_repository/pbftconsensus/network/routine_resolveMsg.go:183: put commit message into broadcast channel
[dispatch PrepareMsg]2021/10/17 19:40:39.743918 /root/study/github_repository/pbftconsensus/network/routine_dispatchMsg.go:80: [receive prepare message, and prepare to resolve it]
[dispatch CommitMsg]2021/10/17 19:40:39.744885 /root/study/github_repository/pbftconsensus/network/routine_dispatchMsg.go:95: [receive commit message, and prepare to resolve it]
[dispatch CommitMsg]2021/10/17 19:40:39.765992 /root/study/github_repository/pbftconsensus/network/routine_dispatchMsg.go:95: [receive commit message, and prepare to resolve it]
[dispatch CommitMsg]2021/10/17 19:40:39.767105 /root/study/github_repository/pbftconsensus/network/routine_dispatchMsg.go:95: [receive commit message, and prepare to resolve it]
[dispatch CommitMsg]2021/10/17 19:40:39.777846 /root/study/github_repository/pbftconsensus/network/routine_dispatchMsg.go:95: [receive commit message, and prepare to resolve it]
[dispatch CommitMsg]2021/10/17 19:40:39.777858 /root/study/github_repository/pbftconsensus/network/routine_dispatchMsg.go:95: [receive commit message, and prepare to resolve it]
[dispatch CommitMsg]2021/10/17 19:40:39.823530 /root/study/github_repository/pbftconsensus/network/routine_dispatchMsg.go:95: [receive commit message, and prepare to resolve it]
[dispatch CommitMsg]2021/10/17 19:40:39.832736 /root/study/github_repository/pbftconsensus/network/routine_dispatchMsg.go:95: [receive commit message, and prepare to resolve it]
[dispatch CommitMsg]2021/10/17 19:40:39.839706 /root/study/github_repository/pbftconsensus/network/routine_dispatchMsg.go:95: [receive commit message, and prepare to resolve it]
[dispatch CommitMsg]2021/10/17 19:40:39.863578 /root/study/github_repository/pbftconsensus/network/routine_dispatchMsg.go:95: [receive commit message, and prepare to resolve it]
[dispatch CommitMsg]2021/10/17 19:40:39.877961 /root/study/github_repository/pbftconsensus/network/routine_dispatchMsg.go:95: [receive commit message, and prepare to resolve it]
[dispatch CommitMsg]2021/10/17 19:40:39.883497 /root/study/github_repository/pbftconsensus/network/routine_dispatchMsg.go:95: [receive commit message, and prepare to resolve it]
[dispatch CommitMsg]2021/10/17 19:40:39.887398 /root/study/github_repository/pbftconsensus/network/routine_dispatchMsg.go:95: [receive commit message, and prepare to resolve it]
[dispatch CommitMsg]2021/10/17 19:40:39.911730 /root/study/github_repository/pbftconsensus/network/routine_dispatchMsg.go:95: [receive commit message, and prepare to resolve it]
[dispatch CommitMsg]2021/10/17 19:40:39.917244 /root/study/github_repository/pbftconsensus/network/routine_dispatchMsg.go:95: [receive commit message, and prepare to resolve it]
[resolve commitMsg success]2021/10/17 19:40:39.945914 /root/study/github_repository/pbftconsensus/network/routine_resolveMsg.go:229: put reply message into broadcast channel
[dispatch PrePrepareMsg]2021/10/17 19:40:41.475091 /root/study/github_repository/pbftconsensus/network/routine_dispatchMsg.go:63: [receive preprepare message, and prepare to resolve it]
[resolve pre-prepareMsg success]2021/10/17 19:40:41.499757 /root/study/github_repository/pbftconsensus/network/routine_resolveMsg.go:145: put prepare message into broadcast channel
[dispatch PrepareMsg]2021/10/17 19:40:41.513648 /root/study/github_repository/pbftconsensus/network/routine_dispatchMsg.go:80: [receive prepare message, and prepare to resolve it]
[dispatch PrepareMsg]2021/10/17 19:40:41.522602 /root/study/github_repository/pbftconsensus/network/routine_dispatchMsg.go:80: [receive prepare message, and prepare to resolve it]
[dispatch PrepareMsg]2021/10/17 19:40:41.535568 /root/study/github_repository/pbftconsensus/network/routine_dispatchMsg.go:80: [receive prepare message, and prepare to resolve it]
[dispatch PrepareMsg]2021/10/17 19:40:41.547820 /root/study/github_repository/pbftconsensus/network/routine_dispatchMsg.go:80: [receive prepare message, and prepare to resolve it]
[dispatch PrepareMsg]2021/10/17 19:40:41.569324 /root/study/github_repository/pbftconsensus/network/routine_dispatchMsg.go:80: [receive prepare message, and prepare to resolve it]
[dispatch PrepareMsg]2021/10/17 19:40:41.584867 /root/study/github_repository/pbftconsensus/network/routine_dispatchMsg.go:80: [receive prepare message, and prepare to resolve it]
[dispatch PrepareMsg]2021/10/17 19:40:41.591439 /root/study/github_repository/pbftconsensus/network/routine_dispatchMsg.go:80: [receive prepare message, and prepare to resolve it]
[dispatch PrepareMsg]2021/10/17 19:40:41.623035 /root/study/github_repository/pbftconsensus/network/routine_dispatchMsg.go:80: [receive prepare message, and prepare to resolve it]
[dispatch PrepareMsg]2021/10/17 19:40:41.627902 /root/study/github_repository/pbftconsensus/network/routine_dispatchMsg.go:80: [receive prepare message, and prepare to resolve it]
[dispatch PrepareMsg]2021/10/17 19:40:41.649724 /root/study/github_repository/pbftconsensus/network/routine_dispatchMsg.go:80: [receive prepare message, and prepare to resolve it]
[dispatch PrepareMsg]2021/10/17 19:40:41.656586 /root/study/github_repository/pbftconsensus/network/routine_dispatchMsg.go:80: [receive prepare message, and prepare to resolve it]
[dispatch PrepareMsg]2021/10/17 19:40:41.670946 /root/study/github_repository/pbftconsensus/network/routine_dispatchMsg.go:80: [receive prepare message, and prepare to resolve it]
[dispatch PrepareMsg]2021/10/17 19:40:41.683971 /root/study/github_repository/pbftconsensus/network/routine_dispatchMsg.go:80: [receive prepare message, and prepare to resolve it]
[resolve prepareMsg success]2021/10/17 19:40:41.717068 /root/study/github_repository/pbftconsensus/network/routine_resolveMsg.go:183: put commit message into broadcast channel
[dispatch PrepareMsg]2021/10/17 19:40:41.718004 /root/study/github_repository/pbftconsensus/network/routine_dispatchMsg.go:80: [receive prepare message, and prepare to resolve it]
[dispatch CommitMsg]2021/10/17 19:40:41.723443 /root/study/github_repository/pbftconsensus/network/routine_dispatchMsg.go:95: [receive commit message, and prepare to resolve it]
[dispatch CommitMsg]2021/10/17 19:40:41.739881 /root/study/github_repository/pbftconsensus/network/routine_dispatchMsg.go:95: [receive commit message, and prepare to resolve it]
[dispatch CommitMsg]2021/10/17 19:40:41.744925 /root/study/github_repository/pbftconsensus/network/routine_dispatchMsg.go:95: [receive commit message, and prepare to resolve it]
[dispatch CommitMsg]2021/10/17 19:40:41.752913 /root/study/github_repository/pbftconsensus/network/routine_dispatchMsg.go:95: [receive commit message, and prepare to resolve it]
[dispatch CommitMsg]2021/10/17 19:40:41.761150 /root/study/github_repository/pbftconsensus/network/routine_dispatchMsg.go:95: [receive commit message, and prepare to resolve it]
[dispatch CommitMsg]2021/10/17 19:40:41.778096 /root/study/github_repository/pbftconsensus/network/routine_dispatchMsg.go:95: [receive commit message, and prepare to resolve it]
[dispatch CommitMsg]2021/10/17 19:40:41.786854 /root/study/github_repository/pbftconsensus/network/routine_dispatchMsg.go:95: [receive commit message, and prepare to resolve it]
[dispatch CommitMsg]2021/10/17 19:40:41.793205 /root/study/github_repository/pbftconsensus/network/routine_dispatchMsg.go:95: [receive commit message, and prepare to resolve it]
[dispatch CommitMsg]2021/10/17 19:40:41.798547 /root/study/github_repository/pbftconsensus/network/routine_dispatchMsg.go:95: [receive commit message, and prepare to resolve it]
[dispatch CommitMsg]2021/10/17 19:40:41.821297 /root/study/github_repository/pbftconsensus/network/routine_dispatchMsg.go:95: [receive commit message, and prepare to resolve it]
[dispatch CommitMsg]2021/10/17 19:40:41.836002 /root/study/github_repository/pbftconsensus/network/routine_dispatchMsg.go:95: [receive commit message, and prepare to resolve it]
[dispatch CommitMsg]2021/10/17 19:40:41.863237 /root/study/github_repository/pbftconsensus/network/routine_dispatchMsg.go:95: [receive commit message, and prepare to resolve it]
[dispatch CommitMsg]2021/10/17 19:40:41.871392 /root/study/github_repository/pbftconsensus/network/routine_dispatchMsg.go:95: [receive commit message, and prepare to resolve it]
[resolve commitMsg success]2021/10/17 19:40:41.881090 /root/study/github_repository/pbftconsensus/network/routine_resolveMsg.go:229: put reply message into broadcast channel
[dispatch CommitMsg]2021/10/17 19:40:41.888305 /root/study/github_repository/pbftconsensus/network/routine_dispatchMsg.go:95: [receive commit message, and prepare to resolve it]
[dispatch PrePrepareMsg]2021/10/17 19:46:36.306754 /root/study/github_repository/pbftconsensus/network/routine_dispatchMsg.go:63: [receive preprepare message, and prepare to resolve it]
[resolve pre-prepareMsg success]2021/10/17 19:46:36.339877 /root/study/github_repository/pbftconsensus/network/routine_resolveMsg.go:145: put prepare message into broadcast channel
[dispatch PrepareMsg]2021/10/17 19:46:36.344526 /root/study/github_repository/pbftconsensus/network/routine_dispatchMsg.go:80: [receive prepare message, and prepare to resolve it]
[dispatch PrepareMsg]2021/10/17 19:46:36.395636 /root/study/github_repository/pbftconsensus/network/routine_dispatchMsg.go:80: [receive prepare message, and prepare to resolve it]
[dispatch PrepareMsg]2021/10/17 19:46:36.422377 /root/study/github_repository/pbftconsensus/network/routine_dispatchMsg.go:80: [receive prepare message, and prepare to resolve it]
[dispatch PrepareMsg]2021/10/17 19:46:36.452508 /root/study/github_repository/pbftconsensus/network/routine_dispatchMsg.go:80: [receive prepare message, and prepare to resolve it]
[dispatch PrepareMsg]2021/10/17 19:46:36.462530 /root/study/github_repository/pbftconsensus/network/routine_dispatchMsg.go:80: [receive prepare message, and prepare to resolve it]
[dispatch PrepareMsg]2021/10/17 19:46:36.480834 /root/study/github_repository/pbftconsensus/network/routine_dispatchMsg.go:80: [receive prepare message, and prepare to resolve it]
[dispatch PrepareMsg]2021/10/17 19:46:36.493647 /root/study/github_repository/pbftconsensus/network/routine_dispatchMsg.go:80: [receive prepare message, and prepare to resolve it]
[dispatch PrepareMsg]2021/10/17 19:46:36.507844 /root/study/github_repository/pbftconsensus/network/routine_dispatchMsg.go:80: [receive prepare message, and prepare to resolve it]
[dispatch PrepareMsg]2021/10/17 19:46:36.514654 /root/study/github_repository/pbftconsensus/network/routine_dispatchMsg.go:80: [receive prepare message, and prepare to resolve it]
[dispatch PrepareMsg]2021/10/17 19:46:36.525409 /root/study/github_repository/pbftconsensus/network/routine_dispatchMsg.go:80: [receive prepare message, and prepare to resolve it]
[resolve prepareMsg success]2021/10/17 19:46:36.578503 /root/study/github_repository/pbftconsensus/network/routine_resolveMsg.go:183: put commit message into broadcast channel
[dispatch PrepareMsg]2021/10/17 19:46:36.591482 /root/study/github_repository/pbftconsensus/network/routine_dispatchMsg.go:80: [receive prepare message, and prepare to resolve it]
[dispatch CommitMsg]2021/10/17 19:46:36.612633 /root/study/github_repository/pbftconsensus/network/routine_dispatchMsg.go:95: [receive commit message, and prepare to resolve it]
[dispatch CommitMsg]2021/10/17 19:46:36.642472 /root/study/github_repository/pbftconsensus/network/routine_dispatchMsg.go:95: [receive commit message, and prepare to resolve it]
[dispatch CommitMsg]2021/10/17 19:46:36.660517 /root/study/github_repository/pbftconsensus/network/routine_dispatchMsg.go:95: [receive commit message, and prepare to resolve it]
[dispatch CommitMsg]2021/10/17 19:46:36.728121 /root/study/github_repository/pbftconsensus/network/routine_dispatchMsg.go:95: [receive commit message, and prepare to resolve it]
[dispatch CommitMsg]2021/10/17 19:46:36.744405 /root/study/github_repository/pbftconsensus/network/routine_dispatchMsg.go:95: [receive commit message, and prepare to resolve it]
[dispatch CommitMsg]2021/10/17 19:46:36.772640 /root/study/github_repository/pbftconsensus/network/routine_dispatchMsg.go:95: [receive commit message, and prepare to resolve it]
[dispatch CommitMsg]2021/10/17 19:46:36.784386 /root/study/github_repository/pbftconsensus/network/routine_dispatchMsg.go:95: [receive commit message, and prepare to resolve it]
[dispatch CommitMsg]2021/10/17 19:46:36.803403 /root/study/github_repository/pbftconsensus/network/routine_dispatchMsg.go:95: [receive commit message, and prepare to resolve it]
[dispatch CommitMsg]2021/10/17 19:46:36.846099 /root/study/github_repository/pbftconsensus/network/routine_dispatchMsg.go:95: [receive commit message, and prepare to resolve it]
[dispatch CommitMsg]2021/10/17 19:46:36.879742 /root/study/github_repository/pbftconsensus/network/routine_dispatchMsg.go:95: [receive commit message, and prepare to resolve it]
[dispatch CommitMsg]2021/10/17 19:46:36.893650 /root/study/github_repository/pbftconsensus/network/routine_dispatchMsg.go:95: [receive commit message, and prepare to resolve it]
[dispatch CommitMsg]2021/10/17 19:46:36.903484 /root/study/github_repository/pbftconsensus/network/routine_dispatchMsg.go:95: [receive commit message, and prepare to resolve it]
[dispatch CommitMsg]2021/10/17 19:46:36.919322 /root/study/github_repository/pbftconsensus/network/routine_dispatchMsg.go:95: [receive commit message, and prepare to resolve it]
[resolve commitMsg success]2021/10/17 19:46:36.935032 /root/study/github_repository/pbftconsensus/network/routine_resolveMsg.go:229: put reply message into broadcast channel
[dispatch CommitMsg]2021/10/17 19:46:36.935103 /root/study/github_repository/pbftconsensus/network/routine_dispatchMsg.go:95: [receive commit message, and prepare to resolve it]
[dispatch PrePrepareMsg]2021/10/17 20:18:47.300326 /root/study/github_repository/pbftconsensus/network/routine_dispatchMsg.go:63: [receive preprepare message, and prepare to resolve it]
[resolve pre-prepareMsg success]2021/10/17 20:18:47.324041 /root/study/github_repository/pbftconsensus/network/routine_resolveMsg.go:145: put prepare message into broadcast channel
[dispatch PrepareMsg]2021/10/17 20:18:47.332846 /root/study/github_repository/pbftconsensus/network/routine_dispatchMsg.go:80: [receive prepare message, and prepare to resolve it]
[dispatch PrepareMsg]2021/10/17 20:18:47.346650 /root/study/github_repository/pbftconsensus/network/routine_dispatchMsg.go:80: [receive prepare message, and prepare to resolve it]
[dispatch PrepareMsg]2021/10/17 20:18:47.360409 /root/study/github_repository/pbftconsensus/network/routine_dispatchMsg.go:80: [receive prepare message, and prepare to resolve it]
[dispatch PrepareMsg]2021/10/17 20:18:47.399832 /root/study/github_repository/pbftconsensus/network/routine_dispatchMsg.go:80: [receive prepare message, and prepare to resolve it]
[dispatch PrepareMsg]2021/10/17 20:18:47.416135 /root/study/github_repository/pbftconsensus/network/routine_dispatchMsg.go:80: [receive prepare message, and prepare to resolve it]
[dispatch PrepareMsg]2021/10/17 20:18:47.452669 /root/study/github_repository/pbftconsensus/network/routine_dispatchMsg.go:80: [receive prepare message, and prepare to resolve it]
[dispatch PrepareMsg]2021/10/17 20:18:47.452733 /root/study/github_repository/pbftconsensus/network/routine_dispatchMsg.go:80: [receive prepare message, and prepare to resolve it]
[dispatch PrepareMsg]2021/10/17 20:18:47.555247 /root/study/github_repository/pbftconsensus/network/routine_dispatchMsg.go:80: [receive prepare message, and prepare to resolve it]
[dispatch PrepareMsg]2021/10/17 20:18:47.567790 /root/study/github_repository/pbftconsensus/network/routine_dispatchMsg.go:80: [receive prepare message, and prepare to resolve it]
[dispatch PrepareMsg]2021/10/17 20:18:47.588158 /root/study/github_repository/pbftconsensus/network/routine_dispatchMsg.go:80: [receive prepare message, and prepare to resolve it]
[dispatch PrepareMsg]2021/10/17 20:18:47.680548 /root/study/github_repository/pbftconsensus/network/routine_dispatchMsg.go:80: [receive prepare message, and prepare to resolve it]
[dispatch PrepareMsg]2021/10/17 20:18:47.696690 /root/study/github_repository/pbftconsensus/network/routine_dispatchMsg.go:80: [receive prepare message, and prepare to resolve it]
[dispatch PrepareMsg]2021/10/17 20:18:47.716173 /root/study/github_repository/pbftconsensus/network/routine_dispatchMsg.go:80: [receive prepare message, and prepare to resolve it]
[resolve prepareMsg success]2021/10/17 20:18:47.761668 /root/study/github_repository/pbftconsensus/network/routine_resolveMsg.go:183: put commit message into broadcast channel
[dispatch PrepareMsg]2021/10/17 20:18:47.762526 /root/study/github_repository/pbftconsensus/network/routine_dispatchMsg.go:80: [receive prepare message, and prepare to resolve it]
[dispatch CommitMsg]2021/10/17 20:18:47.772210 /root/study/github_repository/pbftconsensus/network/routine_dispatchMsg.go:95: [receive commit message, and prepare to resolve it]
[dispatch CommitMsg]2021/10/17 20:18:47.880890 /root/study/github_repository/pbftconsensus/network/routine_dispatchMsg.go:95: [receive commit message, and prepare to resolve it]
[dispatch CommitMsg]2021/10/17 20:18:47.904859 /root/study/github_repository/pbftconsensus/network/routine_dispatchMsg.go:95: [receive commit message, and prepare to resolve it]
[dispatch CommitMsg]2021/10/17 20:18:47.911806 /root/study/github_repository/pbftconsensus/network/routine_dispatchMsg.go:95: [receive commit message, and prepare to resolve it]
[dispatch CommitMsg]2021/10/17 20:18:47.955217 /root/study/github_repository/pbftconsensus/network/routine_dispatchMsg.go:95: [receive commit message, and prepare to resolve it]
[dispatch CommitMsg]2021/10/17 20:18:47.969641 /root/study/github_repository/pbftconsensus/network/routine_dispatchMsg.go:95: [receive commit message, and prepare to resolve it]
[dispatch CommitMsg]2021/10/17 20:18:47.993853 /root/study/github_repository/pbftconsensus/network/routine_dispatchMsg.go:95: [receive commit message, and prepare to resolve it]
[resolve commitMsg success]2021/10/17 20:18:48.002457 /root/study/github_repository/pbftconsensus/network/routine_resolveMsg.go:229: put reply message into broadcast channel
[dispatch CommitMsg]2021/10/17 20:18:48.002652 /root/study/github_repository/pbftconsensus/network/routine_dispatchMsg.go:95: [receive commit message, and prepare to resolve it]
[dispatch PrePrepareMsg]2021/10/17 20:22:07.783522 /root/study/github_repository/pbftconsensus/network/routine_dispatchMsg.go:63: [receive preprepare message, and prepare to resolve it]
[resolve pre-prepareMsg success]2021/10/17 20:22:07.816748 /root/study/github_repository/pbftconsensus/network/routine_resolveMsg.go:145: put prepare message into broadcast channel
[dispatch PrepareMsg]2021/10/17 20:22:07.942248 /root/study/github_repository/pbftconsensus/network/routine_dispatchMsg.go:80: [receive prepare message, and prepare to resolve it]
[dispatch PrepareMsg]2021/10/17 20:22:07.951058 /root/study/github_repository/pbftconsensus/network/routine_dispatchMsg.go:80: [receive prepare message, and prepare to resolve it]
[dispatch PrepareMsg]2021/10/17 20:22:07.975998 /root/study/github_repository/pbftconsensus/network/routine_dispatchMsg.go:80: [receive prepare message, and prepare to resolve it]
[dispatch PrepareMsg]2021/10/17 20:22:07.985964 /root/study/github_repository/pbftconsensus/network/routine_dispatchMsg.go:80: [receive prepare message, and prepare to resolve it]
[dispatch PrepareMsg]2021/10/17 20:22:08.026639 /root/study/github_repository/pbftconsensus/network/routine_dispatchMsg.go:80: [receive prepare message, and prepare to resolve it]
[dispatch PrepareMsg]2021/10/17 20:22:08.026664 /root/study/github_repository/pbftconsensus/network/routine_dispatchMsg.go:80: [receive prepare message, and prepare to resolve it]
[dispatch PrepareMsg]2021/10/17 20:22:08.048772 /root/study/github_repository/pbftconsensus/network/routine_dispatchMsg.go:80: [receive prepare message, and prepare to resolve it]
[resolve prepareMsg success]2021/10/17 20:22:08.078248 /root/study/github_repository/pbftconsensus/network/routine_resolveMsg.go:183: put commit message into broadcast channel
[dispatch PrepareMsg]2021/10/17 20:22:08.079050 /root/study/github_repository/pbftconsensus/network/routine_dispatchMsg.go:80: [receive prepare message, and prepare to resolve it]
[dispatch CommitMsg]2021/10/17 20:22:08.108578 /root/study/github_repository/pbftconsensus/network/routine_dispatchMsg.go:95: [receive commit message, and prepare to resolve it]
[dispatch CommitMsg]2021/10/17 20:22:08.141596 /root/study/github_repository/pbftconsensus/network/routine_dispatchMsg.go:95: [receive commit message, and prepare to resolve it]
[dispatch CommitMsg]2021/10/17 20:22:08.151784 /root/study/github_repository/pbftconsensus/network/routine_dispatchMsg.go:95: [receive commit message, and prepare to resolve it]
[dispatch CommitMsg]2021/10/17 20:22:08.158391 /root/study/github_repository/pbftconsensus/network/routine_dispatchMsg.go:95: [receive commit message, and prepare to resolve it]
[dispatch CommitMsg]2021/10/17 20:22:08.167456 /root/study/github_repository/pbftconsensus/network/routine_dispatchMsg.go:95: [receive commit message, and prepare to resolve it]
[dispatch CommitMsg]2021/10/17 20:22:08.176794 /root/study/github_repository/pbftconsensus/network/routine_dispatchMsg.go:95: [receive commit message, and prepare to resolve it]
[dispatch CommitMsg]2021/10/17 20:22:08.193402 /root/study/github_repository/pbftconsensus/network/routine_dispatchMsg.go:95: [receive commit message, and prepare to resolve it]
[dispatch CommitMsg]2021/10/17 20:22:08.210674 /root/study/github_repository/pbftconsensus/network/routine_dispatchMsg.go:95: [receive commit message, and prepare to resolve it]
[dispatch CommitMsg]2021/10/17 20:22:08.226738 /root/study/github_repository/pbftconsensus/network/routine_dispatchMsg.go:95: [receive commit message, and prepare to resolve it]
[dispatch CommitMsg]2021/10/17 20:22:08.251986 /root/study/github_repository/pbftconsensus/network/routine_dispatchMsg.go:95: [receive commit message, and prepare to resolve it]
[dispatch CommitMsg]2021/10/17 20:22:08.276411 /root/study/github_repository/pbftconsensus/network/routine_dispatchMsg.go:95: [receive commit message, and prepare to resolve it]
[dispatch CommitMsg]2021/10/17 20:22:08.287477 /root/study/github_repository/pbftconsensus/network/routine_dispatchMsg.go:95: [receive commit message, and prepare to resolve it]
[dispatch CommitMsg]2021/10/17 20:22:08.298387 /root/study/github_repository/pbftconsensus/network/routine_dispatchMsg.go:95: [receive commit message, and prepare to resolve it]
[dispatch CommitMsg]2021/10/17 20:22:08.315359 /root/study/github_repository/pbftconsensus/network/routine_dispatchMsg.go:95: [receive commit message, and prepare to resolve it]
[resolve commitMsg success]2021/10/17 20:22:08.323130 /root/study/github_repository/pbftconsensus/network/routine_resolveMsg.go:229: put reply message into broadcast channel
[dispatch CommitMsg]2021/10/17 20:22:08.324023 /root/study/github_repository/pbftconsensus/network/routine_dispatchMsg.go:95: [receive commit message, and prepare to resolve it]
[dispatch PrePrepareMsg]2021/10/17 20:28:05.229960 /root/study/github_repository/pbftconsensus/network/routine_dispatchMsg.go:63: [receive preprepare message, and prepare to resolve it]
[resolve pre-prepareMsg success]2021/10/17 20:28:05.257671 /root/study/github_repository/pbftconsensus/network/routine_resolveMsg.go:145: put prepare message into broadcast channel
[dispatch PrepareMsg]2021/10/17 20:28:05.592086 /root/study/github_repository/pbftconsensus/network/routine_dispatchMsg.go:80: [receive prepare message, and prepare to resolve it]
[resolve prepareMsg success]2021/10/17 20:28:05.746185 /root/study/github_repository/pbftconsensus/network/routine_resolveMsg.go:183: put commit message into broadcast channel
[dispatch PrepareMsg]2021/10/17 20:28:05.796203 /root/study/github_repository/pbftconsensus/network/routine_dispatchMsg.go:80: [receive prepare message, and prepare to resolve it]
[dispatch PrepareMsg]2021/10/17 20:28:05.815385 /root/study/github_repository/pbftconsensus/network/routine_dispatchMsg.go:80: [receive prepare message, and prepare to resolve it]
[resolve commitMsg success]2021/10/17 20:28:06.131602 /root/study/github_repository/pbftconsensus/network/routine_resolveMsg.go:229: put reply message into broadcast channel
[dispatch CommitMsg]2021/10/17 20:28:06.140186 /root/study/github_repository/pbftconsensus/network/routine_dispatchMsg.go:95: [receive commit message, and prepare to resolve it]
[dispatch PrePrepareMsg]2021/10/17 20:29:59.883989 /root/study/github_repository/pbftconsensus/network/routine_dispatchMsg.go:63: [receive preprepare message, and prepare to resolve it]
[resolve pre-prepareMsg success]2021/10/17 20:29:59.914464 /root/study/github_repository/pbftconsensus/network/routine_resolveMsg.go:145: put prepare message into broadcast channel
[dispatch PrepareMsg]2021/10/17 20:29:59.963931 /root/study/github_repository/pbftconsensus/network/routine_dispatchMsg.go:80: [receive prepare message, and prepare to resolve it]
[dispatch PrepareMsg]2021/10/17 20:30:00.016626 /root/study/github_repository/pbftconsensus/network/routine_dispatchMsg.go:80: [receive prepare message, and prepare to resolve it]
[dispatch PrepareMsg]2021/10/17 20:30:00.020874 /root/study/github_repository/pbftconsensus/network/routine_dispatchMsg.go:80: [receive prepare message, and prepare to resolve it]
[dispatch PrepareMsg]2021/10/17 20:30:00.027605 /root/study/github_repository/pbftconsensus/network/routine_dispatchMsg.go:80: [receive prepare message, and prepare to resolve it]
[resolve prepareMsg success]2021/10/17 20:30:00.055033 /root/study/github_repository/pbftconsensus/network/routine_resolveMsg.go:183: put commit message into broadcast channel
[dispatch PrepareMsg]2021/10/17 20:30:00.055343 /root/study/github_repository/pbftconsensus/network/routine_dispatchMsg.go:80: [receive prepare message, and prepare to resolve it]
[dispatch PrepareMsg]2021/10/17 20:30:00.060767 /root/study/github_repository/pbftconsensus/network/routine_dispatchMsg.go:80: [receive prepare message, and prepare to resolve it]
[dispatch PrepareMsg]2021/10/17 20:30:00.066556 /root/study/github_repository/pbftconsensus/network/routine_dispatchMsg.go:80: [receive prepare message, and prepare to resolve it]
[dispatch PrepareMsg]2021/10/17 20:30:00.074079 /root/study/github_repository/pbftconsensus/network/routine_dispatchMsg.go:80: [receive prepare message, and prepare to resolve it]
[dispatch PrepareMsg]2021/10/17 20:30:00.080749 /root/study/github_repository/pbftconsensus/network/routine_dispatchMsg.go:80: [receive prepare message, and prepare to resolve it]
[dispatch PrepareMsg]2021/10/17 20:30:00.083688 /root/study/github_repository/pbftconsensus/network/routine_dispatchMsg.go:80: [receive prepare message, and prepare to resolve it]
[dispatch PrepareMsg]2021/10/17 20:30:00.159508 /root/study/github_repository/pbftconsensus/network/routine_dispatchMsg.go:80: [receive prepare message, and prepare to resolve it]
[dispatch CommitMsg]2021/10/17 20:30:00.370418 /root/study/github_repository/pbftconsensus/network/routine_dispatchMsg.go:95: [receive commit message, and prepare to resolve it]
[resolve commitMsg success]2021/10/17 20:30:00.455450 /root/study/github_repository/pbftconsensus/network/routine_resolveMsg.go:229: put reply message into broadcast channel
[dispatch CommitMsg]2021/10/17 20:30:00.455689 /root/study/github_repository/pbftconsensus/network/routine_dispatchMsg.go:95: [receive commit message, and prepare to resolve it]
[dispatch PrePrepareMsg]2021/10/17 20:30:01.883020 /root/study/github_repository/pbftconsensus/network/routine_dispatchMsg.go:63: [receive preprepare message, and prepare to resolve it]
[resolve pre-prepareMsg success]2021/10/17 20:30:01.911831 /root/study/github_repository/pbftconsensus/network/routine_resolveMsg.go:145: put prepare message into broadcast channel
[dispatch PrepareMsg]2021/10/17 20:30:02.005472 /root/study/github_repository/pbftconsensus/network/routine_dispatchMsg.go:80: [receive prepare message, and prepare to resolve it]
[resolve prepareMsg success]2021/10/17 20:30:02.099282 /root/study/github_repository/pbftconsensus/network/routine_resolveMsg.go:183: put commit message into broadcast channel
[dispatch PrepareMsg]2021/10/17 20:30:02.105201 /root/study/github_repository/pbftconsensus/network/routine_dispatchMsg.go:80: [receive prepare message, and prepare to resolve it]
[dispatch PrepareMsg]2021/10/17 20:30:02.113470 /root/study/github_repository/pbftconsensus/network/routine_dispatchMsg.go:80: [receive prepare message, and prepare to resolve it]
[dispatch PrepareMsg]2021/10/17 20:30:02.117438 /root/study/github_repository/pbftconsensus/network/routine_dispatchMsg.go:80: [receive prepare message, and prepare to resolve it]
[dispatch PrepareMsg]2021/10/17 20:30:02.122508 /root/study/github_repository/pbftconsensus/network/routine_dispatchMsg.go:80: [receive prepare message, and prepare to resolve it]
[dispatch PrepareMsg]2021/10/17 20:30:02.151546 /root/study/github_repository/pbftconsensus/network/routine_dispatchMsg.go:80: [receive prepare message, and prepare to resolve it]
[dispatch PrepareMsg]2021/10/17 20:30:02.208904 /root/study/github_repository/pbftconsensus/network/routine_dispatchMsg.go:80: [receive prepare message, and prepare to resolve it]
[dispatch CommitMsg]2021/10/17 20:30:02.215749 /root/study/github_repository/pbftconsensus/network/routine_dispatchMsg.go:95: [receive commit message, and prepare to resolve it]
[dispatch CommitMsg]2021/10/17 20:30:02.315059 /root/study/github_repository/pbftconsensus/network/routine_dispatchMsg.go:95: [receive commit message, and prepare to resolve it]
[dispatch CommitMsg]2021/10/17 20:30:02.325973 /root/study/github_repository/pbftconsensus/network/routine_dispatchMsg.go:95: [receive commit message, and prepare to resolve it]
[resolve commitMsg success]2021/10/17 20:30:02.334464 /root/study/github_repository/pbftconsensus/network/routine_resolveMsg.go:229: put reply message into broadcast channel
[dispatch CommitMsg]2021/10/17 20:30:02.335867 /root/study/github_repository/pbftconsensus/network/routine_dispatchMsg.go:95: [receive commit message, and prepare to resolve it]
[dispatch PrePrepareMsg]2021/10/17 20:30:07.886352 /root/study/github_repository/pbftconsensus/network/routine_dispatchMsg.go:63: [receive preprepare message, and prepare to resolve it]
[resolve pre-prepareMsg success]2021/10/17 20:30:07.910584 /root/study/github_repository/pbftconsensus/network/routine_resolveMsg.go:145: put prepare message into broadcast channel
[dispatch PrepareMsg]2021/10/17 20:30:08.039845 /root/study/github_repository/pbftconsensus/network/routine_dispatchMsg.go:80: [receive prepare message, and prepare to resolve it]
[resolve prepareMsg success]2021/10/17 20:30:08.182799 /root/study/github_repository/pbftconsensus/network/routine_resolveMsg.go:183: put commit message into broadcast channel
[dispatch PrepareMsg]2021/10/17 20:30:08.208639 /root/study/github_repository/pbftconsensus/network/routine_dispatchMsg.go:80: [receive prepare message, and prepare to resolve it]
[dispatch PrepareMsg]2021/10/17 20:30:08.214885 /root/study/github_repository/pbftconsensus/network/routine_dispatchMsg.go:80: [receive prepare message, and prepare to resolve it]
[dispatch PrepareMsg]2021/10/17 20:30:08.227328 /root/study/github_repository/pbftconsensus/network/routine_dispatchMsg.go:80: [receive prepare message, and prepare to resolve it]
[dispatch PrepareMsg]2021/10/17 20:30:08.236223 /root/study/github_repository/pbftconsensus/network/routine_dispatchMsg.go:80: [receive prepare message, and prepare to resolve it]
[dispatch PrepareMsg]2021/10/17 20:30:08.296488 /root/study/github_repository/pbftconsensus/network/routine_dispatchMsg.go:80: [receive prepare message, and prepare to resolve it]
[dispatch CommitMsg]2021/10/17 20:30:08.349396 /root/study/github_repository/pbftconsensus/network/routine_dispatchMsg.go:95: [receive commit message, and prepare to resolve it]
[dispatch CommitMsg]2021/10/17 20:30:08.412302 /root/study/github_repository/pbftconsensus/network/routine_dispatchMsg.go:95: [receive commit message, and prepare to resolve it]
[dispatch CommitMsg]2021/10/17 20:30:08.428662 /root/study/github_repository/pbftconsensus/network/routine_dispatchMsg.go:95: [receive commit message, and prepare to resolve it]
[dispatch CommitMsg]2021/10/17 20:30:08.436661 /root/study/github_repository/pbftconsensus/network/routine_dispatchMsg.go:95: [receive commit message, and prepare to resolve it]
[dispatch CommitMsg]2021/10/17 20:30:08.445538 /root/study/github_repository/pbftconsensus/network/routine_dispatchMsg.go:95: [receive commit message, and prepare to resolve it]
[dispatch CommitMsg]2021/10/17 20:30:08.454988 /root/study/github_repository/pbftconsensus/network/routine_dispatchMsg.go:95: [receive commit message, and prepare to resolve it]
[dispatch CommitMsg]2021/10/17 20:30:08.465593 /root/study/github_repository/pbftconsensus/network/routine_dispatchMsg.go:95: [receive commit message, and prepare to resolve it]
[dispatch CommitMsg]2021/10/17 20:30:08.583696 /root/study/github_repository/pbftconsensus/network/routine_dispatchMsg.go:95: [receive commit message, and prepare to resolve it]
[resolve commitMsg success]2021/10/17 20:30:08.594379 /root/study/github_repository/pbftconsensus/network/routine_resolveMsg.go:229: put reply message into broadcast channel
[dispatch PrePrepareMsg]2021/10/17 20:31:56.356609 /root/study/github_repository/pbftconsensus/network/routine_dispatchMsg.go:63: [receive preprepare message, and prepare to resolve it]
[resolve pre-prepareMsg success]2021/10/17 20:31:56.384019 /root/study/github_repository/pbftconsensus/network/routine_resolveMsg.go:145: put prepare message into broadcast channel
[resolve prepareMsg success]2021/10/17 20:31:57.249353 /root/study/github_repository/pbftconsensus/network/routine_resolveMsg.go:183: put commit message into broadcast channel
[resolve commitMsg success]2021/10/17 20:31:57.430658 /root/study/github_repository/pbftconsensus/network/routine_resolveMsg.go:229: put reply message into broadcast channel
[dispatch CommitMsg]2021/10/17 20:31:57.477249 /root/study/github_repository/pbftconsensus/network/routine_dispatchMsg.go:95: [receive commit message, and prepare to resolve it]
[dispatch PrePrepareMsg]2021/10/17 20:33:28.669299 /root/study/github_repository/pbftconsensus/network/routine_dispatchMsg.go:63: [receive preprepare message, and prepare to resolve it]
[resolve pre-prepareMsg success]2021/10/17 20:33:28.697557 /root/study/github_repository/pbftconsensus/network/routine_resolveMsg.go:145: put prepare message into broadcast channel
[resolve prepareMsg success]2021/10/17 20:33:29.251712 /root/study/github_repository/pbftconsensus/network/routine_resolveMsg.go:183: put commit message into broadcast channel
[dispatch PrepareMsg]2021/10/17 20:33:29.293917 /root/study/github_repository/pbftconsensus/network/routine_dispatchMsg.go:80: [receive prepare message, and prepare to resolve it]
[dispatch PrepareMsg]2021/10/17 20:33:29.311245 /root/study/github_repository/pbftconsensus/network/routine_dispatchMsg.go:80: [receive prepare message, and prepare to resolve it]
[dispatch CommitMsg]2021/10/17 20:33:29.491933 /root/study/github_repository/pbftconsensus/network/routine_dispatchMsg.go:95: [receive commit message, and prepare to resolve it]
[resolve commitMsg success]2021/10/17 20:33:29.602508 /root/study/github_repository/pbftconsensus/network/routine_resolveMsg.go:229: put reply message into broadcast channel
[dispatch CommitMsg]2021/10/17 20:33:29.633666 /root/study/github_repository/pbftconsensus/network/routine_dispatchMsg.go:95: [receive commit message, and prepare to resolve it]
[dispatch PrePrepareMsg]2021/10/17 20:33:36.650929 /root/study/github_repository/pbftconsensus/network/routine_dispatchMsg.go:63: [receive preprepare message, and prepare to resolve it]
[resolve pre-prepareMsg success]2021/10/17 20:33:36.675996 /root/study/github_repository/pbftconsensus/network/routine_resolveMsg.go:145: put prepare message into broadcast channel
[dispatch PrepareMsg]2021/10/17 20:33:36.755645 /root/study/github_repository/pbftconsensus/network/routine_dispatchMsg.go:80: [receive prepare message, and prepare to resolve it]
[dispatch PrepareMsg]2021/10/17 20:33:36.845611 /root/study/github_repository/pbftconsensus/network/routine_dispatchMsg.go:80: [receive prepare message, and prepare to resolve it]
[dispatch PrepareMsg]2021/10/17 20:33:36.859298 /root/study/github_repository/pbftconsensus/network/routine_dispatchMsg.go:80: [receive prepare message, and prepare to resolve it]
[resolve prepareMsg success]2021/10/17 20:33:36.888232 /root/study/github_repository/pbftconsensus/network/routine_resolveMsg.go:183: put commit message into broadcast channel
[dispatch PrepareMsg]2021/10/17 20:33:36.888375 /root/study/github_repository/pbftconsensus/network/routine_dispatchMsg.go:80: [receive prepare message, and prepare to resolve it]
[dispatch PrepareMsg]2021/10/17 20:33:36.898533 /root/study/github_repository/pbftconsensus/network/routine_dispatchMsg.go:80: [receive prepare message, and prepare to resolve it]
[dispatch PrepareMsg]2021/10/17 20:33:36.908265 /root/study/github_repository/pbftconsensus/network/routine_dispatchMsg.go:80: [receive prepare message, and prepare to resolve it]
[dispatch PrepareMsg]2021/10/17 20:33:37.020676 /root/study/github_repository/pbftconsensus/network/routine_dispatchMsg.go:80: [receive prepare message, and prepare to resolve it]
[dispatch PrepareMsg]2021/10/17 20:33:37.038256 /root/study/github_repository/pbftconsensus/network/routine_dispatchMsg.go:80: [receive prepare message, and prepare to resolve it]
[dispatch PrepareMsg]2021/10/17 20:33:37.061065 /root/study/github_repository/pbftconsensus/network/routine_dispatchMsg.go:80: [receive prepare message, and prepare to resolve it]
[dispatch PrepareMsg]2021/10/17 20:33:37.199410 /root/study/github_repository/pbftconsensus/network/routine_dispatchMsg.go:80: [receive prepare message, and prepare to resolve it]
[dispatch CommitMsg]2021/10/17 20:33:37.354067 /root/study/github_repository/pbftconsensus/network/routine_dispatchMsg.go:95: [receive commit message, and prepare to resolve it]
[resolve commitMsg success]2021/10/17 20:33:37.510598 /root/study/github_repository/pbftconsensus/network/routine_resolveMsg.go:229: put reply message into broadcast channel
[dispatch CommitMsg]2021/10/17 20:33:37.536053 /root/study/github_repository/pbftconsensus/network/routine_dispatchMsg.go:95: [receive commit message, and prepare to resolve it]
[dispatch PrePrepareMsg]2021/10/17 20:46:08.444496 /root/study/github_repository/pbftconsensus/network/routine_dispatchMsg.go:63: [receive preprepare message, and prepare to resolve it]
[resolve pre-prepareMsg success]2021/10/17 20:46:08.467428 /root/study/github_repository/pbftconsensus/network/routine_resolveMsg.go:145: put prepare message into broadcast channel
[dispatch PrepareMsg]2021/10/17 20:46:08.496901 /root/study/github_repository/pbftconsensus/network/routine_dispatchMsg.go:80: [receive prepare message, and prepare to resolve it]
[dispatch PrepareMsg]2021/10/17 20:46:08.534418 /root/study/github_repository/pbftconsensus/network/routine_dispatchMsg.go:80: [receive prepare message, and prepare to resolve it]
[dispatch PrepareMsg]2021/10/17 20:46:08.542685 /root/study/github_repository/pbftconsensus/network/routine_dispatchMsg.go:80: [receive prepare message, and prepare to resolve it]
[dispatch PrepareMsg]2021/10/17 20:46:08.549520 /root/study/github_repository/pbftconsensus/network/routine_dispatchMsg.go:80: [receive prepare message, and prepare to resolve it]
[dispatch PrepareMsg]2021/10/17 20:46:08.556932 /root/study/github_repository/pbftconsensus/network/routine_dispatchMsg.go:80: [receive prepare message, and prepare to resolve it]
[dispatch PrepareMsg]2021/10/17 20:46:08.563677 /root/study/github_repository/pbftconsensus/network/routine_dispatchMsg.go:80: [receive prepare message, and prepare to resolve it]
[dispatch PrepareMsg]2021/10/17 20:46:08.571921 /root/study/github_repository/pbftconsensus/network/routine_dispatchMsg.go:80: [receive prepare message, and prepare to resolve it]
[dispatch PrepareMsg]2021/10/17 20:46:08.578840 /root/study/github_repository/pbftconsensus/network/routine_dispatchMsg.go:80: [receive prepare message, and prepare to resolve it]
[dispatch PrepareMsg]2021/10/17 20:46:08.586957 /root/study/github_repository/pbftconsensus/network/routine_dispatchMsg.go:80: [receive prepare message, and prepare to resolve it]
[dispatch PrepareMsg]2021/10/17 20:46:08.595596 /root/study/github_repository/pbftconsensus/network/routine_dispatchMsg.go:80: [receive prepare message, and prepare to resolve it]
[resolve prepareMsg success]2021/10/17 20:46:08.622010 /root/study/github_repository/pbftconsensus/network/routine_resolveMsg.go:183: put commit message into broadcast channel
[dispatch PrepareMsg]2021/10/17 20:46:08.622210 /root/study/github_repository/pbftconsensus/network/routine_dispatchMsg.go:80: [receive prepare message, and prepare to resolve it]
[dispatch PrepareMsg]2021/10/17 20:46:08.631191 /root/study/github_repository/pbftconsensus/network/routine_dispatchMsg.go:80: [receive prepare message, and prepare to resolve it]
[dispatch PrepareMsg]2021/10/17 20:46:08.679291 /root/study/github_repository/pbftconsensus/network/routine_dispatchMsg.go:80: [receive prepare message, and prepare to resolve it]
[dispatch PrepareMsg]2021/10/17 20:46:08.699010 /root/study/github_repository/pbftconsensus/network/routine_dispatchMsg.go:80: [receive prepare message, and prepare to resolve it]
[dispatch PrepareMsg]2021/10/17 20:46:08.710415 /root/study/github_repository/pbftconsensus/network/routine_dispatchMsg.go:80: [receive prepare message, and prepare to resolve it]
[dispatch PrepareMsg]2021/10/17 20:46:08.726879 /root/study/github_repository/pbftconsensus/network/routine_dispatchMsg.go:80: [receive prepare message, and prepare to resolve it]
[dispatch PrepareMsg]2021/10/17 20:46:08.761376 /root/study/github_repository/pbftconsensus/network/routine_dispatchMsg.go:80: [receive prepare message, and prepare to resolve it]
[resolve commitMsg success]2021/10/17 20:46:09.398809 /root/study/github_repository/pbftconsensus/network/routine_resolveMsg.go:229: put reply message into broadcast channel
[dispatch CommitMsg]2021/10/17 20:46:09.439369 /root/study/github_repository/pbftconsensus/network/routine_dispatchMsg.go:95: [receive commit message, and prepare to resolve it]
[dispatch PrePrepareMsg]2021/10/17 20:46:14.461474 /root/study/github_repository/pbftconsensus/network/routine_dispatchMsg.go:63: [receive preprepare message, and prepare to resolve it]
[resolve pre-prepareMsg success]2021/10/17 20:46:14.486812 /root/study/github_repository/pbftconsensus/network/routine_resolveMsg.go:145: put prepare message into broadcast channel
[dispatch PrepareMsg]2021/10/17 20:46:14.610057 /root/study/github_repository/pbftconsensus/network/routine_dispatchMsg.go:80: [receive prepare message, and prepare to resolve it]
[resolve prepareMsg success]2021/10/17 20:46:14.748130 /root/study/github_repository/pbftconsensus/network/routine_resolveMsg.go:183: put commit message into broadcast channel
[dispatch PrepareMsg]2021/10/17 20:46:14.758774 /root/study/github_repository/pbftconsensus/network/routine_dispatchMsg.go:80: [receive prepare message, and prepare to resolve it]
[dispatch PrepareMsg]2021/10/17 20:46:14.773023 /root/study/github_repository/pbftconsensus/network/routine_dispatchMsg.go:80: [receive prepare message, and prepare to resolve it]
[dispatch PrepareMsg]2021/10/17 20:46:14.781181 /root/study/github_repository/pbftconsensus/network/routine_dispatchMsg.go:80: [receive prepare message, and prepare to resolve it]
[dispatch PrepareMsg]2021/10/17 20:46:14.789736 /root/study/github_repository/pbftconsensus/network/routine_dispatchMsg.go:80: [receive prepare message, and prepare to resolve it]
[dispatch PrepareMsg]2021/10/17 20:46:14.799416 /root/study/github_repository/pbftconsensus/network/routine_dispatchMsg.go:80: [receive prepare message, and prepare to resolve it]
[dispatch PrepareMsg]2021/10/17 20:46:14.824059 /root/study/github_repository/pbftconsensus/network/routine_dispatchMsg.go:80: [receive prepare message, and prepare to resolve it]
[dispatch CommitMsg]2021/10/17 20:46:15.114157 /root/study/github_repository/pbftconsensus/network/routine_dispatchMsg.go:95: [receive commit message, and prepare to resolve it]
[resolve commitMsg success]2021/10/17 20:46:15.237586 /root/study/github_repository/pbftconsensus/network/routine_resolveMsg.go:229: put reply message into broadcast channel
[dispatch CommitMsg]2021/10/17 20:46:15.251021 /root/study/github_repository/pbftconsensus/network/routine_dispatchMsg.go:95: [receive commit message, and prepare to resolve it]
