[Commit error]2021/10/12 17:53:17.198480 /root/study/github_repository/pbft/pbft_impl.go:270: the sequenceID of prepare message is wrong!
[Commit error]2021/10/12 17:53:17.198556 /root/study/github_repository/pbft/pbft_impl.go:271: Last_sequence_number= 1634032327117303083
[Commit error]2021/10/12 17:53:17.198603 /root/study/github_repository/pbft/pbft_impl.go:272: prepare.Sequence_number= 1634032327117303083
[Commit error]2021/10/12 17:53:17.198748 /root/study/github_repository/pbft/pbft_impl.go:270: the sequenceID of prepare message is wrong!
[Commit error]2021/10/12 17:53:17.198763 /root/study/github_repository/pbft/pbft_impl.go:271: Last_sequence_number= 1634032327117303083
[Commit error]2021/10/12 17:53:17.198768 /root/study/github_repository/pbft/pbft_impl.go:272: prepare.Sequence_number= 1634032327117303083
[Commit error]2021/10/12 17:53:17.198941 /root/study/github_repository/pbft/pbft_impl.go:270: the sequenceID of prepare message is wrong!
[Commit error]2021/10/12 17:53:17.198953 /root/study/github_repository/pbft/pbft_impl.go:271: Last_sequence_number= 1634032327117303083
[Commit error]2021/10/12 17:53:17.198958 /root/study/github_repository/pbft/pbft_impl.go:272: prepare.Sequence_number= 1634032327117303083
[Commit error]2021/10/12 17:53:17.199082 /root/study/github_repository/pbft/pbft_impl.go:270: the sequenceID of prepare message is wrong!
[Commit error]2021/10/12 17:53:17.199093 /root/study/github_repository/pbft/pbft_impl.go:271: Last_sequence_number= 1634032327117303083
[Commit error]2021/10/12 17:53:17.199097 /root/study/github_repository/pbft/pbft_impl.go:272: prepare.Sequence_number= 1634032327117303083
[Commit error]2021/10/12 17:53:17.248810 /root/study/github_repository/pbftconsensus/network/routine_dispatchMsg.go:80: [into prepare]
[Reply error]2021/10/12 17:53:17.312576 /root/study/github_repository/pbft/pbft_impl.go:372: the sequenceID of commit message is wrong!
[Reply error]2021/10/12 17:53:17.312740 /root/study/github_repository/pbft/pbft_impl.go:372: the sequenceID of commit message is wrong!
[Commit error]2021/10/12 17:53:42.223785 /root/study/github_repository/pbft/pbft_impl.go:270: the sequenceID of prepare message is wrong!
[Commit error]2021/10/12 17:53:42.223797 /root/study/github_repository/pbft/pbft_impl.go:271: Last_sequence_number= 1634032327117303084
[Commit error]2021/10/12 17:53:42.223801 /root/study/github_repository/pbft/pbft_impl.go:272: prepare.Sequence_number= 1634032327117303084
[Commit error]2021/10/12 17:53:42.223916 /root/study/github_repository/pbft/pbft_impl.go:270: the sequenceID of prepare message is wrong!
[Commit error]2021/10/12 17:53:42.223923 /root/study/github_repository/pbft/pbft_impl.go:271: Last_sequence_number= 1634032327117303084
[Commit error]2021/10/12 17:53:42.223927 /root/study/github_repository/pbft/pbft_impl.go:272: prepare.Sequence_number= 1634032327117303084
[Commit error]2021/10/12 17:53:42.224056 /root/study/github_repository/pbft/pbft_impl.go:270: the sequenceID of prepare message is wrong!
[Commit error]2021/10/12 17:53:42.224067 /root/study/github_repository/pbft/pbft_impl.go:271: Last_sequence_number= 1634032327117303084
[Commit error]2021/10/12 17:53:42.224071 /root/study/github_repository/pbft/pbft_impl.go:272: prepare.Sequence_number= 1634032327117303084
[Commit error]2021/10/12 17:53:42.224246 /root/study/github_repository/pbft/pbft_impl.go:270: the sequenceID of prepare message is wrong!
[Commit error]2021/10/12 17:53:42.224256 /root/study/github_repository/pbft/pbft_impl.go:271: Last_sequence_number= 1634032327117303084
[Commit error]2021/10/12 17:53:42.224260 /root/study/github_repository/pbft/pbft_impl.go:272: prepare.Sequence_number= 1634032327117303084
[Reply error]2021/10/12 17:53:42.295715 /root/study/github_repository/pbft/pbft_impl.go:372: the sequenceID of commit message is wrong!
[Reply error]2021/10/12 17:53:42.300370 /root/study/github_repository/pbft/pbft_impl.go:372: the sequenceID of commit message is wrong!
[Reply error]2021/10/12 17:53:42.300535 /root/study/github_repository/pbft/pbft_impl.go:372: the sequenceID of commit message is wrong!
[Commit error]2021/10/12 17:54:07.258925 /root/study/github_repository/pbft/pbft_impl.go:270: the sequenceID of prepare message is wrong!
[Commit error]2021/10/12 17:54:07.258939 /root/study/github_repository/pbft/pbft_impl.go:271: Last_sequence_number= 1634032327117303085
[Commit error]2021/10/12 17:54:07.258944 /root/study/github_repository/pbft/pbft_impl.go:272: prepare.Sequence_number= 1634032327117303085
[Commit error]2021/10/12 17:54:07.259076 /root/study/github_repository/pbft/pbft_impl.go:270: the sequenceID of prepare message is wrong!
[Commit error]2021/10/12 17:54:07.259086 /root/study/github_repository/pbft/pbft_impl.go:271: Last_sequence_number= 1634032327117303085
[Commit error]2021/10/12 17:54:07.259089 /root/study/github_repository/pbft/pbft_impl.go:272: prepare.Sequence_number= 1634032327117303085
[Commit error]2021/10/12 17:54:07.259220 /root/study/github_repository/pbft/pbft_impl.go:270: the sequenceID of prepare message is wrong!
[Commit error]2021/10/12 17:54:07.259225 /root/study/github_repository/pbft/pbft_impl.go:271: Last_sequence_number= 1634032327117303085
[Commit error]2021/10/12 17:54:07.259229 /root/study/github_repository/pbft/pbft_impl.go:272: prepare.Sequence_number= 1634032327117303085
[Commit error]2021/10/12 17:54:07.259333 /root/study/github_repository/pbft/pbft_impl.go:270: the sequenceID of prepare message is wrong!
[Commit error]2021/10/12 17:54:07.259338 /root/study/github_repository/pbft/pbft_impl.go:271: Last_sequence_number= 1634032327117303085
[Commit error]2021/10/12 17:54:07.259342 /root/study/github_repository/pbft/pbft_impl.go:272: prepare.Sequence_number= 1634032327117303085
[Commit error]2021/10/12 17:54:07.259473 /root/study/github_repository/pbft/pbft_impl.go:270: the sequenceID of prepare message is wrong!
[Commit error]2021/10/12 17:54:07.259482 /root/study/github_repository/pbft/pbft_impl.go:271: Last_sequence_number= 1634032327117303085
[Commit error]2021/10/12 17:54:07.259487 /root/study/github_repository/pbft/pbft_impl.go:272: prepare.Sequence_number= 1634032327117303085
[Reply error]2021/10/12 17:54:07.336690 /root/study/github_repository/pbft/pbft_impl.go:372: the sequenceID of commit message is wrong!
[Reply error]2021/10/12 17:54:07.336794 /root/study/github_repository/pbft/pbft_impl.go:372: the sequenceID of commit message is wrong!
[Reply error]2021/10/12 17:54:07.336873 /root/study/github_repository/pbft/pbft_impl.go:372: the sequenceID of commit message is wrong!
[Reply error]2021/10/12 17:54:07.336965 /root/study/github_repository/pbft/pbft_impl.go:372: the sequenceID of commit message is wrong!
[Commit error]2021/10/12 17:54:35.139719 /root/study/github_repository/pbft/pbft_impl.go:270: the sequenceID of prepare message is wrong!
[Commit error]2021/10/12 17:54:35.139731 /root/study/github_repository/pbft/pbft_impl.go:271: Last_sequence_number= 1634032327117303086
[Commit error]2021/10/12 17:54:35.139736 /root/study/github_repository/pbft/pbft_impl.go:272: prepare.Sequence_number= 1634032327117303086
[Commit error]2021/10/12 17:54:35.139845 /root/study/github_repository/pbft/pbft_impl.go:270: the sequenceID of prepare message is wrong!
[Commit error]2021/10/12 17:54:35.139850 /root/study/github_repository/pbft/pbft_impl.go:271: Last_sequence_number= 1634032327117303086
[Commit error]2021/10/12 17:54:35.139854 /root/study/github_repository/pbft/pbft_impl.go:272: prepare.Sequence_number= 1634032327117303086
[Commit error]2021/10/12 17:54:35.139962 /root/study/github_repository/pbft/pbft_impl.go:270: the sequenceID of prepare message is wrong!
[Commit error]2021/10/12 17:54:35.139968 /root/study/github_repository/pbft/pbft_impl.go:271: Last_sequence_number= 1634032327117303086
[Commit error]2021/10/12 17:54:35.139972 /root/study/github_repository/pbft/pbft_impl.go:272: prepare.Sequence_number= 1634032327117303086
[Commit error]2021/10/12 17:54:35.140076 /root/study/github_repository/pbft/pbft_impl.go:270: the sequenceID of prepare message is wrong!
[Commit error]2021/10/12 17:54:35.140081 /root/study/github_repository/pbft/pbft_impl.go:271: Last_sequence_number= 1634032327117303086
[Commit error]2021/10/12 17:54:35.140093 /root/study/github_repository/pbft/pbft_impl.go:272: prepare.Sequence_number= 1634032327117303086
[Reply error]2021/10/12 17:54:35.219299 /root/study/github_repository/pbft/pbft_impl.go:372: the sequenceID of commit message is wrong!
[Reply error]2021/10/12 17:54:35.219434 /root/study/github_repository/pbft/pbft_impl.go:372: the sequenceID of commit message is wrong!
[Reply error]2021/10/12 17:54:35.219679 /root/study/github_repository/pbft/pbft_impl.go:372: the sequenceID of commit message is wrong!
[Commit error]2021/10/12 17:54:50.174413 /root/study/github_repository/pbft/pbft_impl.go:270: the sequenceID of prepare message is wrong!
[Commit error]2021/10/12 17:54:50.174427 /root/study/github_repository/pbft/pbft_impl.go:271: Last_sequence_number= 1634032327117303087
[Commit error]2021/10/12 17:54:50.174431 /root/study/github_repository/pbft/pbft_impl.go:272: prepare.Sequence_number= 1634032327117303087
[Commit error]2021/10/12 17:54:50.174543 /root/study/github_repository/pbft/pbft_impl.go:270: the sequenceID of prepare message is wrong!
[Commit error]2021/10/12 17:54:50.174551 /root/study/github_repository/pbft/pbft_impl.go:271: Last_sequence_number= 1634032327117303087
[Commit error]2021/10/12 17:54:50.174555 /root/study/github_repository/pbft/pbft_impl.go:272: prepare.Sequence_number= 1634032327117303087
[Commit error]2021/10/12 17:54:50.174679 /root/study/github_repository/pbft/pbft_impl.go:270: the sequenceID of prepare message is wrong!
[Commit error]2021/10/12 17:54:50.174689 /root/study/github_repository/pbft/pbft_impl.go:271: Last_sequence_number= 1634032327117303087
[Commit error]2021/10/12 17:54:50.174694 /root/study/github_repository/pbft/pbft_impl.go:272: prepare.Sequence_number= 1634032327117303087
[Commit error]2021/10/12 17:54:50.174819 /root/study/github_repository/pbft/pbft_impl.go:270: the sequenceID of prepare message is wrong!
[Commit error]2021/10/12 17:54:50.174825 /root/study/github_repository/pbft/pbft_impl.go:271: Last_sequence_number= 1634032327117303087
[Commit error]2021/10/12 17:54:50.174830 /root/study/github_repository/pbft/pbft_impl.go:272: prepare.Sequence_number= 1634032327117303087
[Reply error]2021/10/12 17:54:50.289506 /root/study/github_repository/pbft/pbft_impl.go:372: the sequenceID of commit message is wrong!
[Reply error]2021/10/12 17:54:50.289617 /root/study/github_repository/pbft/pbft_impl.go:372: the sequenceID of commit message is wrong!
[Reply error]2021/10/12 17:54:50.289742 /root/study/github_repository/pbft/pbft_impl.go:372: the sequenceID of commit message is wrong!
[Reply error]2021/10/12 17:54:50.289865 /root/study/github_repository/pbft/pbft_impl.go:372: the sequenceID of commit message is wrong!
[Commit error]2021/10/12 17:55:00.159209 /root/study/github_repository/pbft/pbft_impl.go:270: the sequenceID of prepare message is wrong!
[Commit error]2021/10/12 17:55:00.159221 /root/study/github_repository/pbft/pbft_impl.go:271: Last_sequence_number= 1634032327117303088
[Commit error]2021/10/12 17:55:00.159226 /root/study/github_repository/pbft/pbft_impl.go:272: prepare.Sequence_number= 1634032327117303088
[Commit error]2021/10/12 17:55:00.159342 /root/study/github_repository/pbft/pbft_impl.go:270: the sequenceID of prepare message is wrong!
[Commit error]2021/10/12 17:55:00.159349 /root/study/github_repository/pbft/pbft_impl.go:271: Last_sequence_number= 1634032327117303088
[Commit error]2021/10/12 17:55:00.159353 /root/study/github_repository/pbft/pbft_impl.go:272: prepare.Sequence_number= 1634032327117303088
[Commit error]2021/10/12 17:55:00.159473 /root/study/github_repository/pbft/pbft_impl.go:270: the sequenceID of prepare message is wrong!
[Commit error]2021/10/12 17:55:00.159480 /root/study/github_repository/pbft/pbft_impl.go:271: Last_sequence_number= 1634032327117303088
[Commit error]2021/10/12 17:55:00.159485 /root/study/github_repository/pbft/pbft_impl.go:272: prepare.Sequence_number= 1634032327117303088
[Commit error]2021/10/12 17:55:00.159591 /root/study/github_repository/pbft/pbft_impl.go:270: the sequenceID of prepare message is wrong!
[Commit error]2021/10/12 17:55:00.159605 /root/study/github_repository/pbft/pbft_impl.go:271: Last_sequence_number= 1634032327117303088
[Commit error]2021/10/12 17:55:00.159609 /root/study/github_repository/pbft/pbft_impl.go:272: prepare.Sequence_number= 1634032327117303088
[Reply error]2021/10/12 17:55:00.243932 /root/study/github_repository/pbft/pbft_impl.go:372: the sequenceID of commit message is wrong!
[Reply error]2021/10/12 17:55:00.244051 /root/study/github_repository/pbft/pbft_impl.go:372: the sequenceID of commit message is wrong!
[Reply error]2021/10/12 17:55:00.244154 /root/study/github_repository/pbft/pbft_impl.go:372: the sequenceID of commit message is wrong!
[Reply error]2021/10/12 17:55:00.243765 /root/study/github_repository/pbftconsensus/network/routine_dispatchMsg.go:95: [into commit]
[Commit error]2021/10/12 17:55:10.173840 /root/study/github_repository/pbft/pbft_impl.go:270: the sequenceID of prepare message is wrong!
[Commit error]2021/10/12 17:55:10.173855 /root/study/github_repository/pbft/pbft_impl.go:271: Last_sequence_number= 1634032327117303089
[Commit error]2021/10/12 17:55:10.173859 /root/study/github_repository/pbft/pbft_impl.go:272: prepare.Sequence_number= 1634032327117303089
[Commit error]2021/10/12 17:55:10.173977 /root/study/github_repository/pbft/pbft_impl.go:270: the sequenceID of prepare message is wrong!
[Commit error]2021/10/12 17:55:10.173982 /root/study/github_repository/pbft/pbft_impl.go:271: Last_sequence_number= 1634032327117303089
[Commit error]2021/10/12 17:55:10.173986 /root/study/github_repository/pbft/pbft_impl.go:272: prepare.Sequence_number= 1634032327117303089
[Commit error]2021/10/12 17:55:10.174087 /root/study/github_repository/pbft/pbft_impl.go:270: the sequenceID of prepare message is wrong!
[Commit error]2021/10/12 17:55:10.174092 /root/study/github_repository/pbft/pbft_impl.go:271: Last_sequence_number= 1634032327117303089
[Commit error]2021/10/12 17:55:10.174096 /root/study/github_repository/pbft/pbft_impl.go:272: prepare.Sequence_number= 1634032327117303089
[Commit error]2021/10/12 17:55:10.174203 /root/study/github_repository/pbft/pbft_impl.go:270: the sequenceID of prepare message is wrong!
[Commit error]2021/10/12 17:55:10.174210 /root/study/github_repository/pbft/pbft_impl.go:271: Last_sequence_number= 1634032327117303089
[Commit error]2021/10/12 17:55:10.174215 /root/study/github_repository/pbft/pbft_impl.go:272: prepare.Sequence_number= 1634032327117303089
[Reply error]2021/10/12 17:55:10.261338 /root/study/github_repository/pbft/pbft_impl.go:372: the sequenceID of commit message is wrong!
[Reply error]2021/10/12 17:55:10.261470 /root/study/github_repository/pbft/pbft_impl.go:372: the sequenceID of commit message is wrong!
[Reply error]2021/10/12 17:55:10.261572 /root/study/github_repository/pbft/pbft_impl.go:372: the sequenceID of commit message is wrong!
[Reply error]2021/10/12 17:55:10.261676 /root/study/github_repository/pbft/pbft_impl.go:372: the sequenceID of commit message is wrong!
[Commit error]2021/10/12 17:55:20.158872 /root/study/github_repository/pbft/pbft_impl.go:270: the sequenceID of prepare message is wrong!
[Commit error]2021/10/12 17:55:20.158885 /root/study/github_repository/pbft/pbft_impl.go:271: Last_sequence_number= 1634032327117303090
[Commit error]2021/10/12 17:55:20.158889 /root/study/github_repository/pbft/pbft_impl.go:272: prepare.Sequence_number= 1634032327117303090
[Commit error]2021/10/12 17:55:20.159040 /root/study/github_repository/pbft/pbft_impl.go:270: the sequenceID of prepare message is wrong!
[Commit error]2021/10/12 17:55:20.159052 /root/study/github_repository/pbft/pbft_impl.go:271: Last_sequence_number= 1634032327117303090
[Commit error]2021/10/12 17:55:20.159057 /root/study/github_repository/pbft/pbft_impl.go:272: prepare.Sequence_number= 1634032327117303090
[Commit error]2021/10/12 17:55:20.159271 /root/study/github_repository/pbft/pbft_impl.go:270: the sequenceID of prepare message is wrong!
[Commit error]2021/10/12 17:55:20.159287 /root/study/github_repository/pbft/pbft_impl.go:271: Last_sequence_number= 1634032327117303090
[Commit error]2021/10/12 17:55:20.159297 /root/study/github_repository/pbft/pbft_impl.go:272: prepare.Sequence_number= 1634032327117303090
[Reply error]2021/10/12 17:55:20.252430 /root/study/github_repository/pbft/pbft_impl.go:372: the sequenceID of commit message is wrong!
[Reply error]2021/10/12 17:55:20.252541 /root/study/github_repository/pbft/pbft_impl.go:372: the sequenceID of commit message is wrong!
[Commit error]2021/10/12 17:55:30.160984 /root/study/github_repository/pbft/pbft_impl.go:270: the sequenceID of prepare message is wrong!
[Commit error]2021/10/12 17:55:30.161000 /root/study/github_repository/pbft/pbft_impl.go:271: Last_sequence_number= 1634032327117303091
[Commit error]2021/10/12 17:55:30.161005 /root/study/github_repository/pbft/pbft_impl.go:272: prepare.Sequence_number= 1634032327117303091
[Commit error]2021/10/12 17:55:30.161131 /root/study/github_repository/pbft/pbft_impl.go:270: the sequenceID of prepare message is wrong!
[Commit error]2021/10/12 17:55:30.161137 /root/study/github_repository/pbft/pbft_impl.go:271: Last_sequence_number= 1634032327117303091
[Commit error]2021/10/12 17:55:30.161141 /root/study/github_repository/pbft/pbft_impl.go:272: prepare.Sequence_number= 1634032327117303091
[Commit error]2021/10/12 17:55:30.161298 /root/study/github_repository/pbft/pbft_impl.go:270: the sequenceID of prepare message is wrong!
[Commit error]2021/10/12 17:55:30.161304 /root/study/github_repository/pbft/pbft_impl.go:271: Last_sequence_number= 1634032327117303091
[Commit error]2021/10/12 17:55:30.161309 /root/study/github_repository/pbft/pbft_impl.go:272: prepare.Sequence_number= 1634032327117303091
[Reply error]2021/10/12 17:55:30.241633 /root/study/github_repository/pbft/pbft_impl.go:372: the sequenceID of commit message is wrong!
[Reply error]2021/10/12 17:55:30.241881 /root/study/github_repository/pbft/pbft_impl.go:372: the sequenceID of commit message is wrong!
[Reply error]2021/10/12 17:55:30.241995 /root/study/github_repository/pbft/pbft_impl.go:372: the sequenceID of commit message is wrong!
[Commit error]2021/10/12 17:55:40.163271 /root/study/github_repository/pbft/pbft_impl.go:270: the sequenceID of prepare message is wrong!
[Commit error]2021/10/12 17:55:40.163286 /root/study/github_repository/pbft/pbft_impl.go:271: Last_sequence_number= 1634032327117303092
[Commit error]2021/10/12 17:55:40.163291 /root/study/github_repository/pbft/pbft_impl.go:272: prepare.Sequence_number= 1634032327117303092
[Commit error]2021/10/12 17:55:40.163372 /root/study/github_repository/pbft/pbft_impl.go:270: the sequenceID of prepare message is wrong!
[Commit error]2021/10/12 17:55:40.163384 /root/study/github_repository/pbft/pbft_impl.go:271: Last_sequence_number= 1634032327117303092
[Commit error]2021/10/12 17:55:40.163388 /root/study/github_repository/pbft/pbft_impl.go:272: prepare.Sequence_number= 1634032327117303092
[Commit error]2021/10/12 17:55:40.163498 /root/study/github_repository/pbft/pbft_impl.go:270: the sequenceID of prepare message is wrong!
[Commit error]2021/10/12 17:55:40.163508 /root/study/github_repository/pbft/pbft_impl.go:271: Last_sequence_number= 1634032327117303092
[Commit error]2021/10/12 17:55:40.163512 /root/study/github_repository/pbft/pbft_impl.go:272: prepare.Sequence_number= 1634032327117303092
[Reply error]2021/10/12 17:55:40.227626 /root/study/github_repository/pbft/pbft_impl.go:372: the sequenceID of commit message is wrong!
[Reply error]2021/10/12 17:55:40.227704 /root/study/github_repository/pbft/pbft_impl.go:372: the sequenceID of commit message is wrong!
[Reply error]2021/10/12 17:55:40.227804 /root/study/github_repository/pbft/pbft_impl.go:372: the sequenceID of commit message is wrong!
[Commit error]2021/10/12 18:00:35.506759 /root/study/github_repository/pbft/pbft_impl.go:270: the sequenceID of prepare message is wrong!
[Commit error]2021/10/12 18:00:35.506775 /root/study/github_repository/pbft/pbft_impl.go:271: Last_sequence_number= 1634032820454357504
[Commit error]2021/10/12 18:00:35.506780 /root/study/github_repository/pbft/pbft_impl.go:272: prepare.Sequence_number= 1634032820454357504
[Commit error]2021/10/12 18:00:35.506855 /root/study/github_repository/pbft/pbft_impl.go:270: the sequenceID of prepare message is wrong!
[Commit error]2021/10/12 18:00:35.506861 /root/study/github_repository/pbft/pbft_impl.go:271: Last_sequence_number= 1634032820454357504
[Commit error]2021/10/12 18:00:35.506863 /root/study/github_repository/pbft/pbft_impl.go:272: prepare.Sequence_number= 1634032820454357504
[Commit error]2021/10/12 18:00:35.506909 /root/study/github_repository/pbft/pbft_impl.go:270: the sequenceID of prepare message is wrong!
[Commit error]2021/10/12 18:00:35.506912 /root/study/github_repository/pbft/pbft_impl.go:271: Last_sequence_number= 1634032820454357504
[Commit error]2021/10/12 18:00:35.506915 /root/study/github_repository/pbft/pbft_impl.go:272: prepare.Sequence_number= 1634032820454357504
[Commit error]2021/10/12 18:00:35.506975 /root/study/github_repository/pbft/pbft_impl.go:270: the sequenceID of prepare message is wrong!
[Commit error]2021/10/12 18:00:35.506981 /root/study/github_repository/pbft/pbft_impl.go:271: Last_sequence_number= 1634032820454357504
[Commit error]2021/10/12 18:00:35.506983 /root/study/github_repository/pbft/pbft_impl.go:272: prepare.Sequence_number= 1634032820454357504
[Reply error]2021/10/12 18:00:35.560488 /root/study/github_repository/pbft/pbft_impl.go:372: the sequenceID of commit message is wrong!
[Reply error]2021/10/12 18:00:35.560584 /root/study/github_repository/pbft/pbft_impl.go:372: the sequenceID of commit message is wrong!
[Reply error]2021/10/12 18:00:35.560676 /root/study/github_repository/pbft/pbft_impl.go:372: the sequenceID of commit message is wrong!
[Reply error]2021/10/12 18:00:35.560745 /root/study/github_repository/pbft/pbft_impl.go:372: the sequenceID of commit message is wrong!
[Commit error]2021/10/12 18:01:53.381884 /root/study/github_repository/pbft/pbft_impl.go:270: the sequenceID of prepare message is wrong!
[Commit error]2021/10/12 18:01:53.381896 /root/study/github_repository/pbft/pbft_impl.go:271: Last_sequence_number= 1634032903344307888
[Commit error]2021/10/12 18:01:53.381901 /root/study/github_repository/pbft/pbft_impl.go:272: prepare.Sequence_number= 1634032903344307888
[Commit error]2021/10/12 18:01:53.382006 /root/study/github_repository/pbft/pbft_impl.go:270: the sequenceID of prepare message is wrong!
[Commit error]2021/10/12 18:01:53.382011 /root/study/github_repository/pbft/pbft_impl.go:271: Last_sequence_number= 1634032903344307888
[Commit error]2021/10/12 18:01:53.382015 /root/study/github_repository/pbft/pbft_impl.go:272: prepare.Sequence_number= 1634032903344307888
[Commit error]2021/10/12 18:01:53.382121 /root/study/github_repository/pbft/pbft_impl.go:270: the sequenceID of prepare message is wrong!
[Commit error]2021/10/12 18:01:53.382126 /root/study/github_repository/pbft/pbft_impl.go:271: Last_sequence_number= 1634032903344307888
[Commit error]2021/10/12 18:01:53.382130 /root/study/github_repository/pbft/pbft_impl.go:272: prepare.Sequence_number= 1634032903344307888
[Commit error]2021/10/12 18:01:53.382228 /root/study/github_repository/pbft/pbft_impl.go:270: the sequenceID of prepare message is wrong!
[Commit error]2021/10/12 18:01:53.382234 /root/study/github_repository/pbft/pbft_impl.go:271: Last_sequence_number= 1634032903344307888
[Commit error]2021/10/12 18:01:53.382237 /root/study/github_repository/pbft/pbft_impl.go:272: prepare.Sequence_number= 1634032903344307888
[Reply error]2021/10/12 18:01:53.460833 /root/study/github_repository/pbft/pbft_impl.go:372: the sequenceID of commit message is wrong!
[Reply error]2021/10/12 18:01:53.460944 /root/study/github_repository/pbft/pbft_impl.go:372: the sequenceID of commit message is wrong!
[Reply error]2021/10/12 18:01:53.461037 /root/study/github_repository/pbft/pbft_impl.go:372: the sequenceID of commit message is wrong!
[Reply error]2021/10/12 18:01:53.461124 /root/study/github_repository/pbft/pbft_impl.go:372: the sequenceID of commit message is wrong!
[Commit error]2021/10/12 18:02:03.388319 /root/study/github_repository/pbft/pbft_impl.go:270: the sequenceID of prepare message is wrong!
[Commit error]2021/10/12 18:02:03.388358 /root/study/github_repository/pbft/pbft_impl.go:271: Last_sequence_number= 1634032903344307889
[Commit error]2021/10/12 18:02:03.388362 /root/study/github_repository/pbft/pbft_impl.go:272: prepare.Sequence_number= 1634032903344307889
[Commit error]2021/10/12 18:02:03.388528 /root/study/github_repository/pbft/pbft_impl.go:270: the sequenceID of prepare message is wrong!
[Commit error]2021/10/12 18:02:03.388540 /root/study/github_repository/pbft/pbft_impl.go:271: Last_sequence_number= 1634032903344307889
[Commit error]2021/10/12 18:02:03.388545 /root/study/github_repository/pbft/pbft_impl.go:272: prepare.Sequence_number= 1634032903344307889
[Commit error]2021/10/12 18:02:03.388666 /root/study/github_repository/pbft/pbft_impl.go:270: the sequenceID of prepare message is wrong!
[Commit error]2021/10/12 18:02:03.388672 /root/study/github_repository/pbft/pbft_impl.go:271: Last_sequence_number= 1634032903344307889
[Commit error]2021/10/12 18:02:03.388676 /root/study/github_repository/pbft/pbft_impl.go:272: prepare.Sequence_number= 1634032903344307889
[Commit error]2021/10/12 18:02:03.388784 /root/study/github_repository/pbft/pbft_impl.go:270: the sequenceID of prepare message is wrong!
[Commit error]2021/10/12 18:02:03.388790 /root/study/github_repository/pbft/pbft_impl.go:271: Last_sequence_number= 1634032903344307889
[Commit error]2021/10/12 18:02:03.388794 /root/study/github_repository/pbft/pbft_impl.go:272: prepare.Sequence_number= 1634032903344307889
[Reply error]2021/10/12 18:02:03.463002 /root/study/github_repository/pbft/pbft_impl.go:372: the sequenceID of commit message is wrong!
[Reply error]2021/10/12 18:02:03.463084 /root/study/github_repository/pbft/pbft_impl.go:372: the sequenceID of commit message is wrong!
[Reply error]2021/10/12 18:02:03.463164 /root/study/github_repository/pbft/pbft_impl.go:372: the sequenceID of commit message is wrong!
[Reply error]2021/10/12 18:02:03.463231 /root/study/github_repository/pbft/pbft_impl.go:372: the sequenceID of commit message is wrong!
[Reply error]2021/10/12 18:02:03.547895 /root/study/github_repository/pbftconsensus/network/network_http.go:87: receive a commit message
[Commit error]2021/10/12 18:02:13.383773 /root/study/github_repository/pbft/pbft_impl.go:270: the sequenceID of prepare message is wrong!
[Commit error]2021/10/12 18:02:13.383785 /root/study/github_repository/pbft/pbft_impl.go:271: Last_sequence_number= 1634032903344307890
[Commit error]2021/10/12 18:02:13.383789 /root/study/github_repository/pbft/pbft_impl.go:272: prepare.Sequence_number= 1634032903344307890
[Commit error]2021/10/12 18:02:13.383908 /root/study/github_repository/pbft/pbft_impl.go:270: the sequenceID of prepare message is wrong!
[Commit error]2021/10/12 18:02:13.383914 /root/study/github_repository/pbft/pbft_impl.go:271: Last_sequence_number= 1634032903344307890
[Commit error]2021/10/12 18:02:13.383917 /root/study/github_repository/pbft/pbft_impl.go:272: prepare.Sequence_number= 1634032903344307890
[Commit error]2021/10/12 18:02:13.384050 /root/study/github_repository/pbft/pbft_impl.go:270: the sequenceID of prepare message is wrong!
[Commit error]2021/10/12 18:02:13.384056 /root/study/github_repository/pbft/pbft_impl.go:271: Last_sequence_number= 1634032903344307890
[Commit error]2021/10/12 18:02:13.384060 /root/study/github_repository/pbft/pbft_impl.go:272: prepare.Sequence_number= 1634032903344307890
[Commit error]2021/10/12 18:02:13.384214 /root/study/github_repository/pbft/pbft_impl.go:270: the sequenceID of prepare message is wrong!
[Commit error]2021/10/12 18:02:13.384225 /root/study/github_repository/pbft/pbft_impl.go:271: Last_sequence_number= 1634032903344307890
[Commit error]2021/10/12 18:02:13.384229 /root/study/github_repository/pbft/pbft_impl.go:272: prepare.Sequence_number= 1634032903344307890
[Reply error]2021/10/12 18:02:13.480962 /root/study/github_repository/pbft/pbft_impl.go:372: the sequenceID of commit message is wrong!
[Reply error]2021/10/12 18:02:13.481094 /root/study/github_repository/pbft/pbft_impl.go:372: the sequenceID of commit message is wrong!
[Reply error]2021/10/12 18:02:13.481228 /root/study/github_repository/pbft/pbft_impl.go:372: the sequenceID of commit message is wrong!
[Commit error]2021/10/12 18:02:23.400976 /root/study/github_repository/pbft/pbft_impl.go:270: the sequenceID of prepare message is wrong!
[Commit error]2021/10/12 18:02:23.400986 /root/study/github_repository/pbft/pbft_impl.go:271: Last_sequence_number= 1634032903344307891
[Commit error]2021/10/12 18:02:23.400991 /root/study/github_repository/pbft/pbft_impl.go:272: prepare.Sequence_number= 1634032903344307891
[Commit error]2021/10/12 18:02:23.401097 /root/study/github_repository/pbft/pbft_impl.go:270: the sequenceID of prepare message is wrong!
[Commit error]2021/10/12 18:02:23.401103 /root/study/github_repository/pbft/pbft_impl.go:271: Last_sequence_number= 1634032903344307891
[Commit error]2021/10/12 18:02:23.401107 /root/study/github_repository/pbft/pbft_impl.go:272: prepare.Sequence_number= 1634032903344307891
[Commit error]2021/10/12 18:02:23.401213 /root/study/github_repository/pbft/pbft_impl.go:270: the sequenceID of prepare message is wrong!
[Commit error]2021/10/12 18:02:23.401218 /root/study/github_repository/pbft/pbft_impl.go:271: Last_sequence_number= 1634032903344307891
[Commit error]2021/10/12 18:02:23.401222 /root/study/github_repository/pbft/pbft_impl.go:272: prepare.Sequence_number= 1634032903344307891
[Commit error]2021/10/12 18:02:23.401323 /root/study/github_repository/pbft/pbft_impl.go:270: the sequenceID of prepare message is wrong!
[Commit error]2021/10/12 18:02:23.401329 /root/study/github_repository/pbft/pbft_impl.go:271: Last_sequence_number= 1634032903344307891
[Commit error]2021/10/12 18:02:23.401333 /root/study/github_repository/pbft/pbft_impl.go:272: prepare.Sequence_number= 1634032903344307891
[Reply error]2021/10/12 18:02:23.498655 /root/study/github_repository/pbft/pbft_impl.go:372: the sequenceID of commit message is wrong!
[Reply error]2021/10/12 18:02:23.498743 /root/study/github_repository/pbft/pbft_impl.go:372: the sequenceID of commit message is wrong!
[Reply error]2021/10/12 18:02:23.498812 /root/study/github_repository/pbft/pbft_impl.go:372: the sequenceID of commit message is wrong!
[Commit error]2021/10/12 18:02:33.396369 /root/study/github_repository/pbft/pbft_impl.go:270: the sequenceID of prepare message is wrong!
[Commit error]2021/10/12 18:02:33.396398 /root/study/github_repository/pbft/pbft_impl.go:271: Last_sequence_number= 1634032903344307892
[Commit error]2021/10/12 18:02:33.396403 /root/study/github_repository/pbft/pbft_impl.go:272: prepare.Sequence_number= 1634032903344307892
[Commit error]2021/10/12 18:02:33.396553 /root/study/github_repository/pbft/pbft_impl.go:270: the sequenceID of prepare message is wrong!
[Commit error]2021/10/12 18:02:33.396560 /root/study/github_repository/pbft/pbft_impl.go:271: Last_sequence_number= 1634032903344307892
[Commit error]2021/10/12 18:02:33.396564 /root/study/github_repository/pbft/pbft_impl.go:272: prepare.Sequence_number= 1634032903344307892
[Commit error]2021/10/12 18:02:33.396723 /root/study/github_repository/pbft/pbft_impl.go:270: the sequenceID of prepare message is wrong!
[Commit error]2021/10/12 18:02:33.396753 /root/study/github_repository/pbft/pbft_impl.go:271: Last_sequence_number= 1634032903344307892
[Commit error]2021/10/12 18:02:33.396758 /root/study/github_repository/pbft/pbft_impl.go:272: prepare.Sequence_number= 1634032903344307892
[Reply error]2021/10/12 18:02:33.508818 /root/study/github_repository/pbft/pbft_impl.go:372: the sequenceID of commit message is wrong!
[Reply error]2021/10/12 18:02:33.508999 /root/study/github_repository/pbft/pbft_impl.go:372: the sequenceID of commit message is wrong!
[Reply error]2021/10/12 18:02:33.509172 /root/study/github_repository/pbft/pbft_impl.go:372: the sequenceID of commit message is wrong!
[Commit error]2021/10/12 18:02:43.408638 /root/study/github_repository/pbft/pbft_impl.go:270: the sequenceID of prepare message is wrong!
[Commit error]2021/10/12 18:02:43.408659 /root/study/github_repository/pbft/pbft_impl.go:271: Last_sequence_number= 1634032903344307893
[Commit error]2021/10/12 18:02:43.408665 /root/study/github_repository/pbft/pbft_impl.go:272: prepare.Sequence_number= 1634032903344307893
[Commit error]2021/10/12 18:02:43.408782 /root/study/github_repository/pbft/pbft_impl.go:270: the sequenceID of prepare message is wrong!
[Commit error]2021/10/12 18:02:43.408788 /root/study/github_repository/pbft/pbft_impl.go:271: Last_sequence_number= 1634032903344307893
[Commit error]2021/10/12 18:02:43.408791 /root/study/github_repository/pbft/pbft_impl.go:272: prepare.Sequence_number= 1634032903344307893
[Commit error]2021/10/12 18:02:43.408901 /root/study/github_repository/pbft/pbft_impl.go:270: the sequenceID of prepare message is wrong!
[Commit error]2021/10/12 18:02:43.408907 /root/study/github_repository/pbft/pbft_impl.go:271: Last_sequence_number= 1634032903344307893
[Commit error]2021/10/12 18:02:43.408911 /root/study/github_repository/pbft/pbft_impl.go:272: prepare.Sequence_number= 1634032903344307893
[Reply error]2021/10/12 18:02:43.509198 /root/study/github_repository/pbft/pbft_impl.go:372: the sequenceID of commit message is wrong!
[Reply error]2021/10/12 18:02:43.509320 /root/study/github_repository/pbft/pbft_impl.go:372: the sequenceID of commit message is wrong!
[Reply error]2021/10/12 18:02:43.509427 /root/study/github_repository/pbft/pbft_impl.go:372: the sequenceID of commit message is wrong!
[Commit error]2021/10/12 18:02:53.413278 /root/study/github_repository/pbft/pbft_impl.go:270: the sequenceID of prepare message is wrong!
[Commit error]2021/10/12 18:02:53.413302 /root/study/github_repository/pbft/pbft_impl.go:271: Last_sequence_number= 1634032903344307894
[Commit error]2021/10/12 18:02:53.413308 /root/study/github_repository/pbft/pbft_impl.go:272: prepare.Sequence_number= 1634032903344307894
[Commit error]2021/10/12 18:02:53.413443 /root/study/github_repository/pbft/pbft_impl.go:270: the sequenceID of prepare message is wrong!
[Commit error]2021/10/12 18:02:53.413449 /root/study/github_repository/pbft/pbft_impl.go:271: Last_sequence_number= 1634032903344307894
[Commit error]2021/10/12 18:02:53.413453 /root/study/github_repository/pbft/pbft_impl.go:272: prepare.Sequence_number= 1634032903344307894
[Commit error]2021/10/12 18:02:53.413609 /root/study/github_repository/pbft/pbft_impl.go:270: the sequenceID of prepare message is wrong!
[Commit error]2021/10/12 18:02:53.413615 /root/study/github_repository/pbft/pbft_impl.go:271: Last_sequence_number= 1634032903344307894
[Commit error]2021/10/12 18:02:53.413619 /root/study/github_repository/pbft/pbft_impl.go:272: prepare.Sequence_number= 1634032903344307894
[Reply error]2021/10/12 18:02:53.504158 /root/study/github_repository/pbft/pbft_impl.go:372: the sequenceID of commit message is wrong!
[Reply error]2021/10/12 18:02:53.504588 /root/study/github_repository/pbftconsensus/network/network_http.go:70: receive a prepare message
[Commit error]2021/10/12 18:03:08.407719 /root/study/github_repository/pbft/pbft_impl.go:270: the sequenceID of prepare message is wrong!
[Commit error]2021/10/12 18:03:08.407730 /root/study/github_repository/pbft/pbft_impl.go:271: Last_sequence_number= 1634032903344307895
[Commit error]2021/10/12 18:03:08.407870 /root/study/github_repository/pbft/pbft_impl.go:270: the sequenceID of prepare message is wrong!
[Commit error]2021/10/12 18:03:08.407877 /root/study/github_repository/pbft/pbft_impl.go:271: Last_sequence_number= 1634032903344307895
[Commit error]2021/10/12 18:03:08.407882 /root/study/github_repository/pbft/pbft_impl.go:272: prepare.Sequence_number= 1634032903344307895
[Commit error]2021/10/12 18:03:08.407735 /root/study/github_repository/pbftconsensus/network/network_http.go:70: receive a prepare message
[Commit error]2021/10/12 18:03:08.408080 /root/study/github_repository/pbft/pbft_impl.go:270: the sequenceID of prepare message is wrong!
[Commit error]2021/10/12 18:03:08.408093 /root/study/github_repository/pbft/pbft_impl.go:271: Last_sequence_number= 1634032903344307895
[Commit error]2021/10/12 18:03:08.408105 /root/study/github_repository/pbft/pbft_impl.go:272: prepare.Sequence_number= 1634032903344307895
[Reply error]2021/10/12 18:03:08.497563 /root/study/github_repository/pbft/pbft_impl.go:372: the sequenceID of commit message is wrong!
[Reply error]2021/10/12 18:03:08.497704 /root/study/github_repository/pbft/pbft_impl.go:372: the sequenceID of commit message is wrong!
[Reply error]2021/10/12 18:03:08.497906 /root/study/github_repository/pbft/pbft_impl.go:372: the sequenceID of commit message is wrong!
[Commit error]2021/10/12 18:03:18.420800 /root/study/github_repository/pbft/pbft_impl.go:270: the sequenceID of prepare message is wrong!
[Commit error]2021/10/12 18:03:18.420810 /root/study/github_repository/pbft/pbft_impl.go:271: Last_sequence_number= 1634032903344307896
[Commit error]2021/10/12 18:03:18.420815 /root/study/github_repository/pbft/pbft_impl.go:272: prepare.Sequence_number= 1634032903344307896
[Commit error]2021/10/12 18:03:18.420933 /root/study/github_repository/pbft/pbft_impl.go:270: the sequenceID of prepare message is wrong!
[Commit error]2021/10/12 18:03:18.420938 /root/study/github_repository/pbft/pbft_impl.go:271: Last_sequence_number= 1634032903344307896
[Commit error]2021/10/12 18:03:18.420942 /root/study/github_repository/pbft/pbft_impl.go:272: prepare.Sequence_number= 1634032903344307896
[Commit error]2021/10/12 18:03:18.421053 /root/study/github_repository/pbft/pbft_impl.go:270: the sequenceID of prepare message is wrong!
[Commit error]2021/10/12 18:03:18.421058 /root/study/github_repository/pbft/pbft_impl.go:271: Last_sequence_number= 1634032903344307896
[Commit error]2021/10/12 18:03:18.421062 /root/study/github_repository/pbft/pbft_impl.go:272: prepare.Sequence_number= 1634032903344307896
[Reply error]2021/10/12 18:03:18.527787 /root/study/github_repository/pbft/pbft_impl.go:372: the sequenceID of commit message is wrong!
[Reply error]2021/10/12 18:03:18.527901 /root/study/github_repository/pbft/pbft_impl.go:372: the sequenceID of commit message is wrong!
[Reply error]2021/10/12 18:03:18.528250 /root/study/github_repository/pbft/pbft_impl.go:372: the sequenceID of commit message is wrong!
[Reply error]2021/10/12 18:03:18.528380 /root/study/github_repository/pbft/pbft_impl.go:372: the sequenceID of commit message is wrong!
[Commit error]2021/10/12 18:03:28.412469 /root/study/github_repository/pbft/pbft_impl.go:270: the sequenceID of prepare message is wrong!
[Commit error]2021/10/12 18:03:28.412483 /root/study/github_repository/pbft/pbft_impl.go:271: Last_sequence_number= 1634032903344307897
[Commit error]2021/10/12 18:03:28.412488 /root/study/github_repository/pbft/pbft_impl.go:272: prepare.Sequence_number= 1634032903344307897
[Commit error]2021/10/12 18:03:28.412629 /root/study/github_repository/pbft/pbft_impl.go:270: the sequenceID of prepare message is wrong!
[Commit error]2021/10/12 18:03:28.412643 /root/study/github_repository/pbft/pbft_impl.go:271: Last_sequence_number= 1634032903344307897
[Commit error]2021/10/12 18:03:28.412648 /root/study/github_repository/pbft/pbft_impl.go:272: prepare.Sequence_number= 1634032903344307897
[Reply error]2021/10/12 18:03:28.473461 /root/study/github_repository/pbft/pbft_impl.go:372: the sequenceID of commit message is wrong!
[Reply error]2021/10/12 18:03:28.473572 /root/study/github_repository/pbft/pbft_impl.go:372: the sequenceID of commit message is wrong!
[Reply error]2021/10/12 18:03:28.473669 /root/study/github_repository/pbft/pbft_impl.go:372: the sequenceID of commit message is wrong!
