[Commit error]2021/10/17 16:48:13.419501 /root/study/github_repository/pbft/pbft_impl.go:285: the sequenceID of prepare message is wrong!
[Commit error]2021/10/17 16:48:13.427781 /root/study/github_repository/pbft/pbft_impl.go:285: the sequenceID of prepare message is wrong!
[Commit error]2021/10/17 16:48:13.427977 /root/study/github_repository/pbft/pbft_impl.go:285: the sequenceID of prepare message is wrong!
[Commit error]2021/10/17 16:48:13.428215 /root/study/github_repository/pbft/pbft_impl.go:285: the sequenceID of prepare message is wrong!
[Commit error]2021/10/17 16:48:13.429138 /root/study/github_repository/pbft/pbft_impl.go:285: the sequenceID of prepare message is wrong!
[Commit error]2021/10/17 16:48:13.429358 /root/study/github_repository/pbft/pbft_impl.go:285: the sequenceID of prepare message is wrong!
[Reply error]2021/10/17 16:48:13.619297 /root/study/github_repository/pbft/pbft_impl.go:393: the sequenceID of commit message is wrong!
[Reply error]2021/10/17 16:48:13.619457 /root/study/github_repository/pbft/pbft_impl.go:393: the sequenceID of commit message is wrong!
[Reply error]2021/10/17 16:48:13.619590 /root/study/github_repository/pbft/pbft_impl.go:393: the sequenceID of commit message is wrong!
[Reply error]2021/10/17 16:48:13.619758 /root/study/github_repository/pbft/pbft_impl.go:393: the sequenceID of commit message is wrong!
[Reply error]2021/10/17 16:48:13.619889 /root/study/github_repository/pbft/pbft_impl.go:393: the sequenceID of commit message is wrong!
[Reply error]2021/10/17 16:48:13.620009 /root/study/github_repository/pbft/pbft_impl.go:393: the sequenceID of commit message is wrong!
[Commit error]2021/10/17 18:49:22.127285 /root/study/github_repository/pbft/pbft_commit.go:81: the sequenceID of prepare message is wrong!
[Commit error]2021/10/17 18:49:22.127710 /root/study/github_repository/pbft/pbft_commit.go:81: the sequenceID of prepare message is wrong!
[Commit error]2021/10/17 18:49:22.127899 /root/study/github_repository/pbft/pbft_commit.go:81: the sequenceID of prepare message is wrong!
[Commit error]2021/10/17 18:49:22.128059 /root/study/github_repository/pbft/pbft_commit.go:81: the sequenceID of prepare message is wrong!
[Commit error]2021/10/17 18:49:22.128172 /root/study/github_repository/pbft/pbft_commit.go:81: the sequenceID of prepare message is wrong!
[Commit error]2021/10/17 18:49:22.128297 /root/study/github_repository/pbft/pbft_commit.go:81: the sequenceID of prepare message is wrong!
[Reply error]2021/10/17 18:49:22.509957 /root/study/github_repository/pbft/pbft_reply.go:82: the sequenceID of commit message is wrong!
[Reply error]2021/10/17 18:49:22.510151 /root/study/github_repository/pbft/pbft_reply.go:82: the sequenceID of commit message is wrong!
[Reply error]2021/10/17 18:49:22.510347 /root/study/github_repository/pbft/pbft_reply.go:82: the sequenceID of commit message is wrong!
[Reply error]2021/10/17 18:49:22.510514 /root/study/github_repository/pbftconsensus/network/routine_dispatchMsg.go:95: [receive commit message, and prepare to resolve it]
[Reply error]2021/10/17 18:49:22.510516 /root/study/github_repository/pbft/pbft_reply.go:82: the sequenceID of commit message is wrong!
[Reply error]2021/10/17 18:49:22.510798 /root/study/github_repository/pbft/pbft_reply.go:82: the sequenceID of commit message is wrong!
[Reply error]2021/10/17 18:49:22.511526 /root/study/github_repository/pbft/pbft_reply.go:82: the sequenceID of commit message is wrong!
[Commit error]2021/10/17 19:40:41.505402 /root/study/github_repository/pbft/pbft_commit.go:81: the sequenceID of prepare message is wrong!
[Commit error]2021/10/17 19:40:41.505554 /root/study/github_repository/pbft/pbft_commit.go:81: the sequenceID of prepare message is wrong!
[Commit error]2021/10/17 19:40:41.506005 /root/study/github_repository/pbft/pbft_commit.go:81: the sequenceID of prepare message is wrong!
[Commit error]2021/10/17 19:40:41.506631 /root/study/github_repository/pbft/pbft_commit.go:81: the sequenceID of prepare message is wrong!
[Commit error]2021/10/17 19:40:41.506822 /root/study/github_repository/pbft/pbft_commit.go:81: the sequenceID of prepare message is wrong!
[Commit error]2021/10/17 19:40:41.507137 /root/study/github_repository/pbft/pbft_commit.go:81: the sequenceID of prepare message is wrong!
[Reply error]2021/10/17 19:40:41.733919 /root/study/github_repository/pbft/pbft_reply.go:82: the sequenceID of commit message is wrong!
[Reply error]2021/10/17 19:40:41.734071 /root/study/github_repository/pbft/pbft_reply.go:82: the sequenceID of commit message is wrong!
[Reply error]2021/10/17 19:40:41.734205 /root/study/github_repository/pbft/pbft_reply.go:82: the sequenceID of commit message is wrong!
[Reply error]2021/10/17 19:40:41.734331 /root/study/github_repository/pbft/pbft_reply.go:82: the sequenceID of commit message is wrong!
[Reply error]2021/10/17 19:40:41.734446 /root/study/github_repository/pbft/pbft_reply.go:82: the sequenceID of commit message is wrong!
[Reply error]2021/10/17 19:40:41.734578 /root/study/github_repository/pbft/pbft_reply.go:82: the sequenceID of commit message is wrong!
[Reply error]2021/10/17 19:40:41.734753 /root/study/github_repository/pbft/pbft_reply.go:82: the sequenceID of commit message is wrong!
[Reply error]2021/10/17 20:30:02.399473 /root/study/github_repository/pbft/pbft_reply.go:82: the sequenceID of commit message is wrong!
[Reply error]2021/10/17 20:30:02.400099 /root/study/github_repository/pbft/pbft_reply.go:82: the sequenceID of commit message is wrong!
[Reply error]2021/10/17 20:30:08.785049 /root/study/github_repository/pbft/pbft_reply.go:82: the sequenceID of commit message is wrong!
[Reply error]2021/10/17 20:30:08.785334 /root/study/github_repository/pbft/pbft_reply.go:82: the sequenceID of commit message is wrong!
[Commit error]2021/10/17 20:33:37.040481 /root/study/github_repository/pbft/pbft_commit.go:81: the sequenceID of prepare message is wrong!
[Reply error]2021/10/17 20:33:37.354307 /root/study/github_repository/pbft/pbft_reply.go:82: the sequenceID of commit message is wrong!
[Reply error]2021/10/17 20:33:37.354498 /root/study/github_repository/pbft/pbft_reply.go:82: the sequenceID of commit message is wrong!
[Reply error]2021/10/17 20:33:37.354710 /root/study/github_repository/pbft/pbft_reply.go:82: the sequenceID of commit message is wrong!
[Reply error]2021/10/17 20:33:37.354907 /root/study/github_repository/pbft/pbft_reply.go:82: the sequenceID of commit message is wrong!
[Reply error]2021/10/17 20:33:37.355149 /root/study/github_repository/pbft/pbft_reply.go:82: the sequenceID of commit message is wrong!
[Reply error]2021/10/17 20:33:37.355369 /root/study/github_repository/pbft/pbft_reply.go:82: the sequenceID of commit message is wrong!
