[Commit error]2021/10/17 16:48:13.427686 /root/study/github_repository/pbft/pbft_impl.go:285: the sequenceID of prepare message is wrong!
[Commit error]2021/10/17 16:48:13.427863 /root/study/github_repository/pbft/pbft_impl.go:285: the sequenceID of prepare message is wrong!
[Commit error]2021/10/17 16:48:13.427998 /root/study/github_repository/pbft/pbft_impl.go:285: the sequenceID of prepare message is wrong!
[Commit error]2021/10/17 16:48:13.428172 /root/study/github_repository/pbft/pbft_impl.go:285: the sequenceID of prepare message is wrong!
[Commit error]2021/10/17 16:48:13.428301 /root/study/github_repository/pbft/pbft_impl.go:285: the sequenceID of prepare message is wrong!
[Commit error]2021/10/17 16:48:13.428450 /root/study/github_repository/pbft/pbft_impl.go:285: the sequenceID of prepare message is wrong!
[Reply error]2021/10/17 16:48:13.605128 /root/study/github_repository/pbft/pbft_impl.go:393: the sequenceID of commit message is wrong!
[Reply error]2021/10/17 16:48:13.605301 /root/study/github_repository/pbft/pbft_impl.go:393: the sequenceID of commit message is wrong!
[Reply error]2021/10/17 16:48:13.605410 /root/study/github_repository/pbft/pbft_impl.go:393: the sequenceID of commit message is wrong!
[Reply error]2021/10/17 16:48:13.605528 /root/study/github_repository/pbft/pbft_impl.go:393: the sequenceID of commit message is wrong!
[Reply error]2021/10/17 16:48:13.605616 /root/study/github_repository/pbft/pbft_impl.go:393: the sequenceID of commit message is wrong!
[Reply error]2021/10/17 16:48:13.605695 /root/study/github_repository/pbft/pbft_impl.go:393: the sequenceID of commit message is wrong!
[Reply error]2021/10/17 16:48:13.605877 /root/study/github_repository/pbft/pbft_impl.go:393: the sequenceID of commit message is wrong!
[Commit error]2021/10/17 18:49:22.168296 /root/study/github_repository/pbft/pbft_commit.go:81: the sequenceID of prepare message is wrong!
[Commit error]2021/10/17 18:49:22.168879 /root/study/github_repository/pbft/pbft_commit.go:81: the sequenceID of prepare message is wrong!
[Commit error]2021/10/17 18:49:22.176177 /root/study/github_repository/pbft/pbft_commit.go:81: the sequenceID of prepare message is wrong!
[Commit error]2021/10/17 18:49:22.176453 /root/study/github_repository/pbft/pbft_commit.go:81: the sequenceID of prepare message is wrong!
[Commit error]2021/10/17 18:49:22.176764 /root/study/github_repository/pbft/pbft_commit.go:81: the sequenceID of prepare message is wrong!
[Commit error]2021/10/17 18:49:22.176976 /root/study/github_repository/pbft/pbft_commit.go:81: the sequenceID of prepare message is wrong!
[Reply error]2021/10/17 18:49:22.436433 /root/study/github_repository/pbft/pbft_reply.go:82: the sequenceID of commit message is wrong!
[Reply error]2021/10/17 18:49:22.436642 /root/study/github_repository/pbft/pbft_reply.go:82: the sequenceID of commit message is wrong!
[Reply error]2021/10/17 18:49:22.436826 /root/study/github_repository/pbft/pbft_reply.go:82: the sequenceID of commit message is wrong!
[Reply error]2021/10/17 18:49:22.437091 /root/study/github_repository/pbft/pbft_reply.go:82: the sequenceID of commit message is wrong!
[Reply error]2021/10/17 18:49:22.438073 /root/study/github_repository/pbftconsensus/network/routine_dispatchMsg.go:95: [receive commit message, and prepare to resolve it]
[Reply error]2021/10/17 18:49:22.438074 /root/study/github_repository/pbft/pbft_reply.go:82: the sequenceID of commit message is wrong!
[Reply error]2021/10/17 18:49:22.438300 /root/study/github_repository/pbft/pbft_reply.go:82: the sequenceID of commit message is wrong!
[Commit error]2021/10/17 19:40:41.541134 /root/study/github_repository/pbft/pbft_commit.go:81: the sequenceID of prepare message is wrong!
[Commit error]2021/10/17 19:40:41.541290 /root/study/github_repository/pbft/pbft_commit.go:81: the sequenceID of prepare message is wrong!
[Commit error]2021/10/17 19:40:41.541392 /root/study/github_repository/pbft/pbft_commit.go:81: the sequenceID of prepare message is wrong!
[Commit error]2021/10/17 19:40:41.541469 /root/study/github_repository/pbft/pbft_commit.go:81: the sequenceID of prepare message is wrong!
[Commit error]2021/10/17 19:40:41.541574 /root/study/github_repository/pbft/pbft_commit.go:81: the sequenceID of prepare message is wrong!
[Commit error]2021/10/17 19:40:41.541720 /root/study/github_repository/pbft/pbft_commit.go:81: the sequenceID of prepare message is wrong!
[Reply error]2021/10/17 19:40:41.729467 /root/study/github_repository/pbft/pbft_reply.go:82: the sequenceID of commit message is wrong!
[Reply error]2021/10/17 19:40:41.729598 /root/study/github_repository/pbft/pbft_reply.go:82: the sequenceID of commit message is wrong!
[Reply error]2021/10/17 19:40:41.729711 /root/study/github_repository/pbft/pbft_reply.go:82: the sequenceID of commit message is wrong!
[Reply error]2021/10/17 19:40:41.729843 /root/study/github_repository/pbft/pbft_reply.go:82: the sequenceID of commit message is wrong!
[Reply error]2021/10/17 19:40:41.729985 /root/study/github_repository/pbft/pbft_reply.go:82: the sequenceID of commit message is wrong!
[Reply error]2021/10/17 19:40:41.730144 /root/study/github_repository/pbft/pbft_reply.go:82: the sequenceID of commit message is wrong!
[Reply error]2021/10/17 20:30:02.216433 /root/study/github_repository/pbft/pbft_reply.go:82: the sequenceID of commit message is wrong!
[Reply error]2021/10/17 20:30:08.456679 /root/study/github_repository/pbft/pbft_reply.go:82: the sequenceID of commit message is wrong!
[Reply error]2021/10/17 20:30:08.457101 /root/study/github_repository/pbft/pbft_reply.go:82: the sequenceID of commit message is wrong!
[Reply error]2021/10/17 20:30:08.457483 /root/study/github_repository/pbft/pbft_reply.go:82: the sequenceID of commit message is wrong!
[Reply error]2021/10/17 20:30:08.457745 /root/study/github_repository/pbft/pbft_reply.go:82: the sequenceID of commit message is wrong!
[Reply error]2021/10/17 20:30:08.458467 /root/study/github_repository/pbft/pbft_reply.go:82: the sequenceID of commit message is wrong!
[Reply error]2021/10/17 20:30:08.458659 /root/study/github_repository/pbft/pbft_reply.go:82: the sequenceID of commit message is wrong!
[Reply error]2021/10/17 20:33:37.124302 /root/study/github_repository/pbft/pbft_reply.go:82: the sequenceID of commit message is wrong!
[Reply error]2021/10/17 20:33:37.124537 /root/study/github_repository/pbft/pbft_reply.go:82: the sequenceID of commit message is wrong!
[Reply error]2021/10/17 20:33:37.124752 /root/study/github_repository/pbft/pbft_reply.go:82: the sequenceID of commit message is wrong!
[Reply error]2021/10/17 20:33:37.124963 /root/study/github_repository/pbft/pbft_reply.go:82: the sequenceID of commit message is wrong!
[Reply error]2021/10/17 20:33:37.125195 /root/study/github_repository/pbft/pbft_reply.go:82: the sequenceID of commit message is wrong!
[Reply error]2021/10/17 20:33:37.125468 /root/study/github_repository/pbft/pbft_reply.go:82: the sequenceID of commit message is wrong!
