[Commit error]2021/10/12 17:53:17.198484 /root/study/github_repository/pbft/pbft_impl.go:270: the sequenceID of prepare message is wrong!
[Commit error]2021/10/12 17:53:17.198531 /root/study/github_repository/pbft/pbft_impl.go:271: Last_sequence_number= 1634032327117303083
[Commit error]2021/10/12 17:53:17.198538 /root/study/github_repository/pbft/pbft_impl.go:272: prepare.Sequence_number= 1634032327117303083
[Commit error]2021/10/12 17:53:17.198668 /root/study/github_repository/pbft/pbft_impl.go:270: the sequenceID of prepare message is wrong!
[Commit error]2021/10/12 17:53:17.198675 /root/study/github_repository/pbft/pbft_impl.go:271: Last_sequence_number= 1634032327117303083
[Commit error]2021/10/12 17:53:17.198678 /root/study/github_repository/pbft/pbft_impl.go:272: prepare.Sequence_number= 1634032327117303083
[Commit error]2021/10/12 17:53:17.198836 /root/study/github_repository/pbft/pbft_impl.go:270: the sequenceID of prepare message is wrong!
[Commit error]2021/10/12 17:53:17.198845 /root/study/github_repository/pbft/pbft_impl.go:271: Last_sequence_number= 1634032327117303083
[Commit error]2021/10/12 17:53:17.198848 /root/study/github_repository/pbft/pbft_impl.go:272: prepare.Sequence_number= 1634032327117303083
[Commit error]2021/10/12 17:53:17.198969 /root/study/github_repository/pbft/pbft_impl.go:270: the sequenceID of prepare message is wrong!
[Commit error]2021/10/12 17:53:17.198975 /root/study/github_repository/pbft/pbft_impl.go:271: Last_sequence_number= 1634032327117303083
[Commit error]2021/10/12 17:53:17.198978 /root/study/github_repository/pbft/pbft_impl.go:272: prepare.Sequence_number= 1634032327117303083
[Reply error]2021/10/12 17:53:17.316992 /root/study/github_repository/pbft/pbft_impl.go:372: the sequenceID of commit message is wrong!
[Reply error]2021/10/12 17:53:17.320236 /root/study/github_repository/pbft/pbft_impl.go:372: the sequenceID of commit message is wrong!
[Reply error]2021/10/12 17:53:17.320380 /root/study/github_repository/pbft/pbft_impl.go:372: the sequenceID of commit message is wrong!
[Commit error]2021/10/12 17:53:42.226301 /root/study/github_repository/pbft/pbft_impl.go:270: the sequenceID of prepare message is wrong!
[Commit error]2021/10/12 17:53:42.226311 /root/study/github_repository/pbft/pbft_impl.go:271: Last_sequence_number= 1634032327117303084
[Commit error]2021/10/12 17:53:42.226313 /root/study/github_repository/pbft/pbft_impl.go:272: prepare.Sequence_number= 1634032327117303084
[Commit error]2021/10/12 17:53:42.226404 /root/study/github_repository/pbft/pbft_impl.go:270: the sequenceID of prepare message is wrong!
[Commit error]2021/10/12 17:53:42.226411 /root/study/github_repository/pbft/pbft_impl.go:271: Last_sequence_number= 1634032327117303084
[Commit error]2021/10/12 17:53:42.226414 /root/study/github_repository/pbft/pbft_impl.go:272: prepare.Sequence_number= 1634032327117303084
[Commit error]2021/10/12 17:53:42.226540 /root/study/github_repository/pbft/pbft_impl.go:270: the sequenceID of prepare message is wrong!
[Commit error]2021/10/12 17:53:42.226546 /root/study/github_repository/pbft/pbft_impl.go:271: Last_sequence_number= 1634032327117303084
[Commit error]2021/10/12 17:53:42.226549 /root/study/github_repository/pbft/pbft_impl.go:272: prepare.Sequence_number= 1634032327117303084
[Commit error]2021/10/12 17:53:42.226687 /root/study/github_repository/pbft/pbft_impl.go:270: the sequenceID of prepare message is wrong!
[Commit error]2021/10/12 17:53:42.226691 /root/study/github_repository/pbft/pbft_impl.go:271: Last_sequence_number= 1634032327117303084
[Commit error]2021/10/12 17:53:42.226695 /root/study/github_repository/pbft/pbft_impl.go:272: prepare.Sequence_number= 1634032327117303084
[Reply error]2021/10/12 17:53:42.314747 /root/study/github_repository/pbft/pbft_impl.go:372: the sequenceID of commit message is wrong!
[Reply error]2021/10/12 17:53:42.315837 /root/study/github_repository/pbft/pbft_impl.go:372: the sequenceID of commit message is wrong!
[Reply error]2021/10/12 17:53:42.316217 /root/study/github_repository/pbft/pbft_impl.go:372: the sequenceID of commit message is wrong!
[Commit error]2021/10/12 17:54:07.239250 /root/study/github_repository/pbft/pbft_impl.go:270: the sequenceID of prepare message is wrong!
[Commit error]2021/10/12 17:54:07.239261 /root/study/github_repository/pbft/pbft_impl.go:271: Last_sequence_number= 1634032327117303085
[Commit error]2021/10/12 17:54:07.239264 /root/study/github_repository/pbft/pbft_impl.go:272: prepare.Sequence_number= 1634032327117303085
[Commit error]2021/10/12 17:54:07.239374 /root/study/github_repository/pbft/pbft_impl.go:270: the sequenceID of prepare message is wrong!
[Commit error]2021/10/12 17:54:07.239383 /root/study/github_repository/pbft/pbft_impl.go:271: Last_sequence_number= 1634032327117303085
[Commit error]2021/10/12 17:54:07.239385 /root/study/github_repository/pbft/pbft_impl.go:272: prepare.Sequence_number= 1634032327117303085
[Commit error]2021/10/12 17:54:07.239505 /root/study/github_repository/pbft/pbft_impl.go:270: the sequenceID of prepare message is wrong!
[Commit error]2021/10/12 17:54:07.239519 /root/study/github_repository/pbft/pbft_impl.go:271: Last_sequence_number= 1634032327117303085
[Commit error]2021/10/12 17:54:07.239524 /root/study/github_repository/pbft/pbft_impl.go:272: prepare.Sequence_number= 1634032327117303085
[Commit error]2021/10/12 17:54:07.239634 /root/study/github_repository/pbft/pbft_impl.go:270: the sequenceID of prepare message is wrong!
[Commit error]2021/10/12 17:54:07.239655 /root/study/github_repository/pbft/pbft_impl.go:271: Last_sequence_number= 1634032327117303085
[Commit error]2021/10/12 17:54:07.239661 /root/study/github_repository/pbft/pbft_impl.go:272: prepare.Sequence_number= 1634032327117303085
[Reply error]2021/10/12 17:54:07.332567 /root/study/github_repository/pbft/pbft_impl.go:372: the sequenceID of commit message is wrong!
[Reply error]2021/10/12 17:54:07.333141 /root/study/github_repository/pbft/pbft_impl.go:372: the sequenceID of commit message is wrong!
[Reply error]2021/10/12 17:54:07.333292 /root/study/github_repository/pbft/pbft_impl.go:372: the sequenceID of commit message is wrong!
[Reply error]2021/10/12 17:54:07.333422 /root/study/github_repository/pbft/pbft_impl.go:372: the sequenceID of commit message is wrong!
[Commit error]2021/10/12 17:54:35.140234 /root/study/github_repository/pbft/pbft_impl.go:270: the sequenceID of prepare message is wrong!
[Commit error]2021/10/12 17:54:35.140250 /root/study/github_repository/pbft/pbft_impl.go:271: Last_sequence_number= 1634032327117303086
[Commit error]2021/10/12 17:54:35.140255 /root/study/github_repository/pbft/pbft_impl.go:272: prepare.Sequence_number= 1634032327117303086
[Commit error]2021/10/12 17:54:35.140726 /root/study/github_repository/pbft/pbft_impl.go:270: the sequenceID of prepare message is wrong!
[Commit error]2021/10/12 17:54:35.140736 /root/study/github_repository/pbft/pbft_impl.go:271: Last_sequence_number= 1634032327117303086
[Commit error]2021/10/12 17:54:35.140741 /root/study/github_repository/pbft/pbft_impl.go:272: prepare.Sequence_number= 1634032327117303086
[Commit error]2021/10/12 17:54:35.140913 /root/study/github_repository/pbft/pbft_impl.go:270: the sequenceID of prepare message is wrong!
[Commit error]2021/10/12 17:54:35.140920 /root/study/github_repository/pbft/pbft_impl.go:271: Last_sequence_number= 1634032327117303086
[Commit error]2021/10/12 17:54:35.140924 /root/study/github_repository/pbft/pbft_impl.go:272: prepare.Sequence_number= 1634032327117303086
[Reply error]2021/10/12 17:54:35.232580 /root/study/github_repository/pbft/pbft_impl.go:372: the sequenceID of commit message is wrong!
[Reply error]2021/10/12 17:54:35.232719 /root/study/github_repository/pbft/pbft_impl.go:372: the sequenceID of commit message is wrong!
[Reply error]2021/10/12 17:54:35.232846 /root/study/github_repository/pbft/pbft_impl.go:372: the sequenceID of commit message is wrong!
[Commit error]2021/10/12 17:54:50.167320 /root/study/github_repository/pbft/pbft_impl.go:270: the sequenceID of prepare message is wrong!
[Commit error]2021/10/12 17:54:50.167333 /root/study/github_repository/pbft/pbft_impl.go:271: Last_sequence_number= 1634032327117303087
[Commit error]2021/10/12 17:54:50.167346 /root/study/github_repository/pbft/pbft_impl.go:272: prepare.Sequence_number= 1634032327117303087
[Commit error]2021/10/12 17:54:50.167459 /root/study/github_repository/pbft/pbft_impl.go:270: the sequenceID of prepare message is wrong!
[Commit error]2021/10/12 17:54:50.167465 /root/study/github_repository/pbft/pbft_impl.go:271: Last_sequence_number= 1634032327117303087
[Commit error]2021/10/12 17:54:50.167469 /root/study/github_repository/pbft/pbft_impl.go:272: prepare.Sequence_number= 1634032327117303087
[Commit error]2021/10/12 17:54:50.167570 /root/study/github_repository/pbft/pbft_impl.go:270: the sequenceID of prepare message is wrong!
[Commit error]2021/10/12 17:54:50.167575 /root/study/github_repository/pbft/pbft_impl.go:271: Last_sequence_number= 1634032327117303087
[Commit error]2021/10/12 17:54:50.167579 /root/study/github_repository/pbft/pbft_impl.go:272: prepare.Sequence_number= 1634032327117303087
[Commit error]2021/10/12 17:54:50.167682 /root/study/github_repository/pbft/pbft_impl.go:270: the sequenceID of prepare message is wrong!
[Commit error]2021/10/12 17:54:50.167687 /root/study/github_repository/pbft/pbft_impl.go:271: Last_sequence_number= 1634032327117303087
[Commit error]2021/10/12 17:54:50.167691 /root/study/github_repository/pbft/pbft_impl.go:272: prepare.Sequence_number= 1634032327117303087
[Reply error]2021/10/12 17:54:50.263233 /root/study/github_repository/pbft/pbft_impl.go:372: the sequenceID of commit message is wrong!
[Reply error]2021/10/12 17:54:50.263364 /root/study/github_repository/pbft/pbft_impl.go:372: the sequenceID of commit message is wrong!
[Reply error]2021/10/12 17:54:50.263476 /root/study/github_repository/pbft/pbft_impl.go:372: the sequenceID of commit message is wrong!
[Commit error]2021/10/12 17:55:00.141330 /root/study/github_repository/pbft/pbft_impl.go:270: the sequenceID of prepare message is wrong!
[Commit error]2021/10/12 17:55:00.141347 /root/study/github_repository/pbft/pbft_impl.go:271: Last_sequence_number= 1634032327117303088
[Commit error]2021/10/12 17:55:00.141351 /root/study/github_repository/pbft/pbft_impl.go:272: prepare.Sequence_number= 1634032327117303088
[Commit error]2021/10/12 17:55:00.141496 /root/study/github_repository/pbft/pbft_impl.go:270: the sequenceID of prepare message is wrong!
[Commit error]2021/10/12 17:55:00.141508 /root/study/github_repository/pbft/pbft_impl.go:271: Last_sequence_number= 1634032327117303088
[Commit error]2021/10/12 17:55:00.141512 /root/study/github_repository/pbft/pbft_impl.go:272: prepare.Sequence_number= 1634032327117303088
[Commit error]2021/10/12 17:55:00.141779 /root/study/github_repository/pbft/pbft_impl.go:270: the sequenceID of prepare message is wrong!
[Commit error]2021/10/12 17:55:00.141792 /root/study/github_repository/pbft/pbft_impl.go:271: Last_sequence_number= 1634032327117303088
[Commit error]2021/10/12 17:55:00.141796 /root/study/github_repository/pbft/pbft_impl.go:272: prepare.Sequence_number= 1634032327117303088
[Commit error]2021/10/12 17:55:00.141955 /root/study/github_repository/pbft/pbft_impl.go:270: the sequenceID of prepare message is wrong!
[Commit error]2021/10/12 17:55:00.141966 /root/study/github_repository/pbft/pbft_impl.go:271: Last_sequence_number= 1634032327117303088
[Commit error]2021/10/12 17:55:00.141970 /root/study/github_repository/pbft/pbft_impl.go:272: prepare.Sequence_number= 1634032327117303088
[Reply error]2021/10/12 17:55:00.237576 /root/study/github_repository/pbft/pbft_impl.go:372: the sequenceID of commit message is wrong!
[Reply error]2021/10/12 17:55:00.237676 /root/study/github_repository/pbft/pbft_impl.go:372: the sequenceID of commit message is wrong!
[Reply error]2021/10/12 17:55:00.237764 /root/study/github_repository/pbft/pbft_impl.go:372: the sequenceID of commit message is wrong!
[Reply error]2021/10/12 17:55:00.237844 /root/study/github_repository/pbft/pbft_impl.go:372: the sequenceID of commit message is wrong!
[Commit error]2021/10/12 17:55:10.162630 /root/study/github_repository/pbftconsensus/network/routine_dispatchMsg.go:80: [into prepare]
[Commit error]2021/10/12 17:55:10.162921 /root/study/github_repository/pbft/pbft_impl.go:270: the sequenceID of prepare message is wrong!
[Commit error]2021/10/12 17:55:10.162931 /root/study/github_repository/pbft/pbft_impl.go:271: Last_sequence_number= 1634032327117303089
[Commit error]2021/10/12 17:55:10.162935 /root/study/github_repository/pbft/pbft_impl.go:272: prepare.Sequence_number= 1634032327117303089
[Commit error]2021/10/12 17:55:10.163485 /root/study/github_repository/pbft/pbft_impl.go:270: the sequenceID of prepare message is wrong!
[Commit error]2021/10/12 17:55:10.163501 /root/study/github_repository/pbft/pbft_impl.go:271: Last_sequence_number= 1634032327117303089
[Commit error]2021/10/12 17:55:10.163522 /root/study/github_repository/pbft/pbft_impl.go:272: prepare.Sequence_number= 1634032327117303089
[Commit error]2021/10/12 17:55:10.163718 /root/study/github_repository/pbft/pbft_impl.go:270: the sequenceID of prepare message is wrong!
[Commit error]2021/10/12 17:55:10.163730 /root/study/github_repository/pbft/pbft_impl.go:271: Last_sequence_number= 1634032327117303089
[Commit error]2021/10/12 17:55:10.163735 /root/study/github_repository/pbft/pbft_impl.go:272: prepare.Sequence_number= 1634032327117303089
[Reply error]2021/10/12 17:55:10.249597 /root/study/github_repository/pbft/pbft_impl.go:372: the sequenceID of commit message is wrong!
[Reply error]2021/10/12 17:55:10.249718 /root/study/github_repository/pbft/pbft_impl.go:372: the sequenceID of commit message is wrong!
[Reply error]2021/10/12 17:55:10.249840 /root/study/github_repository/pbft/pbft_impl.go:372: the sequenceID of commit message is wrong!
[Reply error]2021/10/12 17:55:10.249958 /root/study/github_repository/pbft/pbft_impl.go:372: the sequenceID of commit message is wrong!
[Reply error]2021/10/12 17:55:10.250073 /root/study/github_repository/pbft/pbft_impl.go:372: the sequenceID of commit message is wrong!
[Commit error]2021/10/12 17:55:20.156719 /root/study/github_repository/pbft/pbft_impl.go:270: the sequenceID of prepare message is wrong!
[Commit error]2021/10/12 17:55:20.156730 /root/study/github_repository/pbft/pbft_impl.go:271: Last_sequence_number= 1634032327117303090
[Commit error]2021/10/12 17:55:20.156735 /root/study/github_repository/pbft/pbft_impl.go:272: prepare.Sequence_number= 1634032327117303090
[Commit error]2021/10/12 17:55:20.156833 /root/study/github_repository/pbft/pbft_impl.go:270: the sequenceID of prepare message is wrong!
[Commit error]2021/10/12 17:55:20.156843 /root/study/github_repository/pbft/pbft_impl.go:271: Last_sequence_number= 1634032327117303090
[Commit error]2021/10/12 17:55:20.156847 /root/study/github_repository/pbft/pbft_impl.go:272: prepare.Sequence_number= 1634032327117303090
[Commit error]2021/10/12 17:55:20.157006 /root/study/github_repository/pbft/pbft_impl.go:270: the sequenceID of prepare message is wrong!
[Commit error]2021/10/12 17:55:20.157015 /root/study/github_repository/pbft/pbft_impl.go:271: Last_sequence_number= 1634032327117303090
[Commit error]2021/10/12 17:55:20.157019 /root/study/github_repository/pbft/pbft_impl.go:272: prepare.Sequence_number= 1634032327117303090
[Commit error]2021/10/12 17:55:20.157144 /root/study/github_repository/pbft/pbft_impl.go:270: the sequenceID of prepare message is wrong!
[Commit error]2021/10/12 17:55:20.157151 /root/study/github_repository/pbft/pbft_impl.go:271: Last_sequence_number= 1634032327117303090
[Commit error]2021/10/12 17:55:20.157155 /root/study/github_repository/pbft/pbft_impl.go:272: prepare.Sequence_number= 1634032327117303090
[Reply error]2021/10/12 17:55:20.252003 /root/study/github_repository/pbft/pbft_impl.go:372: the sequenceID of commit message is wrong!
[Reply error]2021/10/12 17:55:20.252084 /root/study/github_repository/pbft/pbft_impl.go:372: the sequenceID of commit message is wrong!
[Reply error]2021/10/12 17:55:20.252856 /root/study/github_repository/pbft/pbft_impl.go:372: the sequenceID of commit message is wrong!
[Reply error]2021/10/12 17:55:20.253013 /root/study/github_repository/pbft/pbft_impl.go:372: the sequenceID of commit message is wrong!
[Commit error]2021/10/12 17:55:30.169048 /root/study/github_repository/pbft/pbft_impl.go:270: the sequenceID of prepare message is wrong!
[Commit error]2021/10/12 17:55:30.169060 /root/study/github_repository/pbft/pbft_impl.go:271: Last_sequence_number= 1634032327117303091
[Commit error]2021/10/12 17:55:30.169065 /root/study/github_repository/pbft/pbft_impl.go:272: prepare.Sequence_number= 1634032327117303091
[Commit error]2021/10/12 17:55:30.169187 /root/study/github_repository/pbft/pbft_impl.go:270: the sequenceID of prepare message is wrong!
[Commit error]2021/10/12 17:55:30.169194 /root/study/github_repository/pbft/pbft_impl.go:271: Last_sequence_number= 1634032327117303091
[Commit error]2021/10/12 17:55:30.169199 /root/study/github_repository/pbft/pbft_impl.go:272: prepare.Sequence_number= 1634032327117303091
[Commit error]2021/10/12 17:55:30.169325 /root/study/github_repository/pbft/pbft_impl.go:270: the sequenceID of prepare message is wrong!
[Commit error]2021/10/12 17:55:30.169331 /root/study/github_repository/pbft/pbft_impl.go:271: Last_sequence_number= 1634032327117303091
[Commit error]2021/10/12 17:55:30.169334 /root/study/github_repository/pbft/pbft_impl.go:272: prepare.Sequence_number= 1634032327117303091
[Reply error]2021/10/12 17:55:30.271661 /root/study/github_repository/pbft/pbft_impl.go:372: the sequenceID of commit message is wrong!
[Reply error]2021/10/12 17:55:30.271801 /root/study/github_repository/pbft/pbft_impl.go:372: the sequenceID of commit message is wrong!
[Reply error]2021/10/12 17:55:30.271906 /root/study/github_repository/pbft/pbft_impl.go:372: the sequenceID of commit message is wrong!
[Commit error]2021/10/12 17:55:40.159175 /root/study/github_repository/pbft/pbft_impl.go:270: the sequenceID of prepare message is wrong!
[Commit error]2021/10/12 17:55:40.159190 /root/study/github_repository/pbft/pbft_impl.go:271: Last_sequence_number= 1634032327117303092
[Commit error]2021/10/12 17:55:40.159195 /root/study/github_repository/pbft/pbft_impl.go:272: prepare.Sequence_number= 1634032327117303092
[Commit error]2021/10/12 17:55:40.159276 /root/study/github_repository/pbft/pbft_impl.go:270: the sequenceID of prepare message is wrong!
[Commit error]2021/10/12 17:55:40.159281 /root/study/github_repository/pbft/pbft_impl.go:271: Last_sequence_number= 1634032327117303092
[Commit error]2021/10/12 17:55:40.159286 /root/study/github_repository/pbft/pbft_impl.go:272: prepare.Sequence_number= 1634032327117303092
[Commit error]2021/10/12 17:55:40.159372 /root/study/github_repository/pbft/pbft_impl.go:270: the sequenceID of prepare message is wrong!
[Commit error]2021/10/12 17:55:40.159378 /root/study/github_repository/pbft/pbft_impl.go:271: Last_sequence_number= 1634032327117303092
[Commit error]2021/10/12 17:55:40.159381 /root/study/github_repository/pbft/pbft_impl.go:272: prepare.Sequence_number= 1634032327117303092
[Reply error]2021/10/12 17:55:40.235970 /root/study/github_repository/pbft/pbft_impl.go:372: the sequenceID of commit message is wrong!
[Reply error]2021/10/12 17:55:40.236122 /root/study/github_repository/pbft/pbft_impl.go:372: the sequenceID of commit message is wrong!
[Reply error]2021/10/12 17:55:40.236227 /root/study/github_repository/pbft/pbft_impl.go:372: the sequenceID of commit message is wrong!
[Reply error]2021/10/12 18:00:20.615775 /root/study/github_repository/pbftconsensus/network/routine_dispatchMsg.go:95: [into commit]
[Commit error]2021/10/12 18:00:35.485822 /root/study/github_repository/pbft/pbft_impl.go:270: the sequenceID of prepare message is wrong!
[Commit error]2021/10/12 18:00:35.485849 /root/study/github_repository/pbft/pbft_impl.go:271: Last_sequence_number= 1634032820454357504
[Commit error]2021/10/12 18:00:35.485867 /root/study/github_repository/pbft/pbft_impl.go:272: prepare.Sequence_number= 1634032820454357504
[Commit error]2021/10/12 18:00:35.485981 /root/study/github_repository/pbft/pbft_impl.go:270: the sequenceID of prepare message is wrong!
[Commit error]2021/10/12 18:00:35.486016 /root/study/github_repository/pbft/pbft_impl.go:271: Last_sequence_number= 1634032820454357504
[Commit error]2021/10/12 18:00:35.486048 /root/study/github_repository/pbft/pbft_impl.go:272: prepare.Sequence_number= 1634032820454357504
[Commit error]2021/10/12 18:00:35.486204 /root/study/github_repository/pbft/pbft_impl.go:270: the sequenceID of prepare message is wrong!
[Commit error]2021/10/12 18:00:35.486264 /root/study/github_repository/pbft/pbft_impl.go:271: Last_sequence_number= 1634032820454357504
[Commit error]2021/10/12 18:00:35.486275 /root/study/github_repository/pbft/pbft_impl.go:272: prepare.Sequence_number= 1634032820454357504
[Commit error]2021/10/12 18:00:35.486418 /root/study/github_repository/pbft/pbft_impl.go:270: the sequenceID of prepare message is wrong!
[Commit error]2021/10/12 18:00:35.486433 /root/study/github_repository/pbft/pbft_impl.go:271: Last_sequence_number= 1634032820454357504
[Commit error]2021/10/12 18:00:35.486447 /root/study/github_repository/pbft/pbft_impl.go:272: prepare.Sequence_number= 1634032820454357504
[Reply error]2021/10/12 18:00:35.551018 /root/study/github_repository/pbft/pbft_impl.go:372: the sequenceID of commit message is wrong!
[Reply error]2021/10/12 18:00:35.551129 /root/study/github_repository/pbft/pbft_impl.go:372: the sequenceID of commit message is wrong!
[Reply error]2021/10/12 18:00:35.551352 /root/study/github_repository/pbft/pbft_impl.go:372: the sequenceID of commit message is wrong!
[Commit error]2021/10/12 18:01:53.386359 /root/study/github_repository/pbft/pbft_impl.go:270: the sequenceID of prepare message is wrong!
[Commit error]2021/10/12 18:01:53.386371 /root/study/github_repository/pbft/pbft_impl.go:271: Last_sequence_number= 1634032903344307888
[Commit error]2021/10/12 18:01:53.386375 /root/study/github_repository/pbft/pbft_impl.go:272: prepare.Sequence_number= 1634032903344307888
[Commit error]2021/10/12 18:01:53.386498 /root/study/github_repository/pbft/pbft_impl.go:270: the sequenceID of prepare message is wrong!
[Commit error]2021/10/12 18:01:53.386504 /root/study/github_repository/pbft/pbft_impl.go:271: Last_sequence_number= 1634032903344307888
[Commit error]2021/10/12 18:01:53.386508 /root/study/github_repository/pbft/pbft_impl.go:272: prepare.Sequence_number= 1634032903344307888
[Commit error]2021/10/12 18:01:53.386674 /root/study/github_repository/pbft/pbft_impl.go:270: the sequenceID of prepare message is wrong!
[Commit error]2021/10/12 18:01:53.386684 /root/study/github_repository/pbft/pbft_impl.go:271: Last_sequence_number= 1634032903344307888
[Commit error]2021/10/12 18:01:53.386688 /root/study/github_repository/pbft/pbft_impl.go:272: prepare.Sequence_number= 1634032903344307888
[Commit error]2021/10/12 18:01:53.386825 /root/study/github_repository/pbft/pbft_impl.go:270: the sequenceID of prepare message is wrong!
[Commit error]2021/10/12 18:01:53.386831 /root/study/github_repository/pbft/pbft_impl.go:271: Last_sequence_number= 1634032903344307888
[Commit error]2021/10/12 18:01:53.386835 /root/study/github_repository/pbft/pbft_impl.go:272: prepare.Sequence_number= 1634032903344307888
[Reply error]2021/10/12 18:01:53.482685 /root/study/github_repository/pbft/pbft_impl.go:372: the sequenceID of commit message is wrong!
[Reply error]2021/10/12 18:01:53.482827 /root/study/github_repository/pbft/pbft_impl.go:372: the sequenceID of commit message is wrong!
[Reply error]2021/10/12 18:01:53.482956 /root/study/github_repository/pbft/pbft_impl.go:372: the sequenceID of commit message is wrong!
[Reply error]2021/10/12 18:01:53.483085 /root/study/github_repository/pbft/pbft_impl.go:372: the sequenceID of commit message is wrong!
[Reply error]2021/10/12 18:01:53.483194 /root/study/github_repository/pbft/pbft_impl.go:372: the sequenceID of commit message is wrong!
[Commit error]2021/10/12 18:02:03.393453 /root/study/github_repository/pbft/pbft_impl.go:270: the sequenceID of prepare message is wrong!
[Commit error]2021/10/12 18:02:03.393472 /root/study/github_repository/pbft/pbft_impl.go:271: Last_sequence_number= 1634032903344307889
[Commit error]2021/10/12 18:02:03.393477 /root/study/github_repository/pbft/pbft_impl.go:272: prepare.Sequence_number= 1634032903344307889
[Commit error]2021/10/12 18:02:03.394245 /root/study/github_repository/pbft/pbft_impl.go:270: the sequenceID of prepare message is wrong!
[Commit error]2021/10/12 18:02:03.394260 /root/study/github_repository/pbft/pbft_impl.go:271: Last_sequence_number= 1634032903344307889
[Commit error]2021/10/12 18:02:03.394265 /root/study/github_repository/pbft/pbft_impl.go:272: prepare.Sequence_number= 1634032903344307889
[Commit error]2021/10/12 18:02:03.394477 /root/study/github_repository/pbft/pbft_impl.go:270: the sequenceID of prepare message is wrong!
[Commit error]2021/10/12 18:02:03.394488 /root/study/github_repository/pbft/pbft_impl.go:271: Last_sequence_number= 1634032903344307889
[Commit error]2021/10/12 18:02:03.394492 /root/study/github_repository/pbft/pbft_impl.go:272: prepare.Sequence_number= 1634032903344307889
[Commit error]2021/10/12 18:02:03.394751 /root/study/github_repository/pbft/pbft_impl.go:270: the sequenceID of prepare message is wrong!
[Commit error]2021/10/12 18:02:03.394761 /root/study/github_repository/pbft/pbft_impl.go:271: Last_sequence_number= 1634032903344307889
[Commit error]2021/10/12 18:02:03.394764 /root/study/github_repository/pbft/pbft_impl.go:272: prepare.Sequence_number= 1634032903344307889
[Reply error]2021/10/12 18:02:03.473513 /root/study/github_repository/pbft/pbft_impl.go:372: the sequenceID of commit message is wrong!
[Reply error]2021/10/12 18:02:03.473644 /root/study/github_repository/pbft/pbft_impl.go:372: the sequenceID of commit message is wrong!
[Reply error]2021/10/12 18:02:03.473734 /root/study/github_repository/pbft/pbft_impl.go:372: the sequenceID of commit message is wrong!
[Commit error]2021/10/12 18:02:13.396114 /root/study/github_repository/pbft/pbft_impl.go:270: the sequenceID of prepare message is wrong!
[Commit error]2021/10/12 18:02:13.396129 /root/study/github_repository/pbft/pbft_impl.go:271: Last_sequence_number= 1634032903344307890
[Commit error]2021/10/12 18:02:13.396147 /root/study/github_repository/pbft/pbft_impl.go:272: prepare.Sequence_number= 1634032903344307890
[Commit error]2021/10/12 18:02:13.396301 /root/study/github_repository/pbft/pbft_impl.go:270: the sequenceID of prepare message is wrong!
[Commit error]2021/10/12 18:02:13.396309 /root/study/github_repository/pbft/pbft_impl.go:271: Last_sequence_number= 1634032903344307890
[Commit error]2021/10/12 18:02:13.396313 /root/study/github_repository/pbft/pbft_impl.go:272: prepare.Sequence_number= 1634032903344307890
[Reply error]2021/10/12 18:02:13.493090 /root/study/github_repository/pbft/pbft_impl.go:372: the sequenceID of commit message is wrong!
[Reply error]2021/10/12 18:02:13.493222 /root/study/github_repository/pbft/pbft_impl.go:372: the sequenceID of commit message is wrong!
[Reply error]2021/10/12 18:02:13.493331 /root/study/github_repository/pbft/pbft_impl.go:372: the sequenceID of commit message is wrong!
[Commit error]2021/10/12 18:02:23.401111 /root/study/github_repository/pbft/pbft_impl.go:270: the sequenceID of prepare message is wrong!
[Commit error]2021/10/12 18:02:23.401123 /root/study/github_repository/pbft/pbft_impl.go:271: Last_sequence_number= 1634032903344307891
[Commit error]2021/10/12 18:02:23.401127 /root/study/github_repository/pbft/pbft_impl.go:272: prepare.Sequence_number= 1634032903344307891
[Commit error]2021/10/12 18:02:23.401221 /root/study/github_repository/pbft/pbft_impl.go:270: the sequenceID of prepare message is wrong!
[Commit error]2021/10/12 18:02:23.401228 /root/study/github_repository/pbft/pbft_impl.go:271: Last_sequence_number= 1634032903344307891
[Commit error]2021/10/12 18:02:23.401231 /root/study/github_repository/pbft/pbft_impl.go:272: prepare.Sequence_number= 1634032903344307891
[Commit error]2021/10/12 18:02:23.401346 /root/study/github_repository/pbft/pbft_impl.go:270: the sequenceID of prepare message is wrong!
[Commit error]2021/10/12 18:02:23.401354 /root/study/github_repository/pbft/pbft_impl.go:271: Last_sequence_number= 1634032903344307891
[Commit error]2021/10/12 18:02:23.401363 /root/study/github_repository/pbft/pbft_impl.go:272: prepare.Sequence_number= 1634032903344307891
[Reply error]2021/10/12 18:02:23.492529 /root/study/github_repository/pbft/pbft_impl.go:372: the sequenceID of commit message is wrong!
[Reply error]2021/10/12 18:02:23.492716 /root/study/github_repository/pbft/pbft_impl.go:372: the sequenceID of commit message is wrong!
[Reply error]2021/10/12 18:02:23.492860 /root/study/github_repository/pbft/pbft_impl.go:372: the sequenceID of commit message is wrong!
[Commit error]2021/10/12 18:02:33.408361 /root/study/github_repository/pbft/pbft_impl.go:270: the sequenceID of prepare message is wrong!
[Commit error]2021/10/12 18:02:33.408371 /root/study/github_repository/pbft/pbft_impl.go:271: Last_sequence_number= 1634032903344307892
[Commit error]2021/10/12 18:02:33.408375 /root/study/github_repository/pbft/pbft_impl.go:272: prepare.Sequence_number= 1634032903344307892
[Commit error]2021/10/12 18:02:33.408499 /root/study/github_repository/pbft/pbft_impl.go:270: the sequenceID of prepare message is wrong!
[Commit error]2021/10/12 18:02:33.408505 /root/study/github_repository/pbft/pbft_impl.go:271: Last_sequence_number= 1634032903344307892
[Commit error]2021/10/12 18:02:33.408509 /root/study/github_repository/pbft/pbft_impl.go:272: prepare.Sequence_number= 1634032903344307892
[Commit error]2021/10/12 18:02:33.408620 /root/study/github_repository/pbft/pbft_impl.go:270: the sequenceID of prepare message is wrong!
[Commit error]2021/10/12 18:02:33.408626 /root/study/github_repository/pbft/pbft_impl.go:271: Last_sequence_number= 1634032903344307892
[Commit error]2021/10/12 18:02:33.408629 /root/study/github_repository/pbft/pbft_impl.go:272: prepare.Sequence_number= 1634032903344307892
[Reply error]2021/10/12 18:02:33.503668 /root/study/github_repository/pbft/pbft_impl.go:372: the sequenceID of commit message is wrong!
[Reply error]2021/10/12 18:02:33.503859 /root/study/github_repository/pbft/pbft_impl.go:372: the sequenceID of commit message is wrong!
[Reply error]2021/10/12 18:02:33.504017 /root/study/github_repository/pbft/pbft_impl.go:372: the sequenceID of commit message is wrong!
[Commit error]2021/10/12 18:02:43.413764 /root/study/github_repository/pbft/pbft_impl.go:270: the sequenceID of prepare message is wrong!
[Commit error]2021/10/12 18:02:43.413778 /root/study/github_repository/pbft/pbft_impl.go:271: Last_sequence_number= 1634032903344307893
[Commit error]2021/10/12 18:02:43.413783 /root/study/github_repository/pbft/pbft_impl.go:272: prepare.Sequence_number= 1634032903344307893
[Commit error]2021/10/12 18:02:43.413907 /root/study/github_repository/pbft/pbft_impl.go:270: the sequenceID of prepare message is wrong!
[Commit error]2021/10/12 18:02:43.413914 /root/study/github_repository/pbft/pbft_impl.go:271: Last_sequence_number= 1634032903344307893
[Commit error]2021/10/12 18:02:43.413918 /root/study/github_repository/pbft/pbft_impl.go:272: prepare.Sequence_number= 1634032903344307893
[Commit error]2021/10/12 18:02:43.414030 /root/study/github_repository/pbft/pbft_impl.go:270: the sequenceID of prepare message is wrong!
[Commit error]2021/10/12 18:02:43.414036 /root/study/github_repository/pbft/pbft_impl.go:271: Last_sequence_number= 1634032903344307893
[Commit error]2021/10/12 18:02:43.414040 /root/study/github_repository/pbft/pbft_impl.go:272: prepare.Sequence_number= 1634032903344307893
[Commit error]2021/10/12 18:02:43.414145 /root/study/github_repository/pbft/pbft_impl.go:270: the sequenceID of prepare message is wrong!
[Commit error]2021/10/12 18:02:43.414151 /root/study/github_repository/pbft/pbft_impl.go:271: Last_sequence_number= 1634032903344307893
[Commit error]2021/10/12 18:02:43.414155 /root/study/github_repository/pbft/pbft_impl.go:272: prepare.Sequence_number= 1634032903344307893
[Reply error]2021/10/12 18:02:43.488838 /root/study/github_repository/pbft/pbft_impl.go:372: the sequenceID of commit message is wrong!
[Reply error]2021/10/12 18:02:43.489042 /root/study/github_repository/pbft/pbft_impl.go:372: the sequenceID of commit message is wrong!
[Reply error]2021/10/12 18:02:43.489197 /root/study/github_repository/pbft/pbft_impl.go:372: the sequenceID of commit message is wrong!
[Commit error]2021/10/12 18:02:53.408501 /root/study/github_repository/pbft/pbft_impl.go:270: the sequenceID of prepare message is wrong!
[Commit error]2021/10/12 18:02:53.408513 /root/study/github_repository/pbft/pbft_impl.go:271: Last_sequence_number= 1634032903344307894
[Commit error]2021/10/12 18:02:53.408518 /root/study/github_repository/pbft/pbft_impl.go:272: prepare.Sequence_number= 1634032903344307894
[Commit error]2021/10/12 18:02:53.408642 /root/study/github_repository/pbft/pbft_impl.go:270: the sequenceID of prepare message is wrong!
[Commit error]2021/10/12 18:02:53.408648 /root/study/github_repository/pbft/pbft_impl.go:271: Last_sequence_number= 1634032903344307894
[Commit error]2021/10/12 18:02:53.408651 /root/study/github_repository/pbft/pbft_impl.go:272: prepare.Sequence_number= 1634032903344307894
[Commit error]2021/10/12 18:02:53.408780 /root/study/github_repository/pbft/pbft_impl.go:270: the sequenceID of prepare message is wrong!
[Commit error]2021/10/12 18:02:53.408789 /root/study/github_repository/pbft/pbft_impl.go:271: Last_sequence_number= 1634032903344307894
[Commit error]2021/10/12 18:02:53.408793 /root/study/github_repository/pbft/pbft_impl.go:272: prepare.Sequence_number= 1634032903344307894
[Reply error]2021/10/12 18:02:53.495965 /root/study/github_repository/pbft/pbft_impl.go:372: the sequenceID of commit message is wrong!
[Reply error]2021/10/12 18:02:53.496084 /root/study/github_repository/pbft/pbft_impl.go:372: the sequenceID of commit message is wrong!
[Commit error]2021/10/12 18:03:08.416747 /root/study/github_repository/pbft/pbft_impl.go:270: the sequenceID of prepare message is wrong!
[Commit error]2021/10/12 18:03:08.416765 /root/study/github_repository/pbft/pbft_impl.go:271: Last_sequence_number= 1634032903344307895
[Commit error]2021/10/12 18:03:08.416770 /root/study/github_repository/pbft/pbft_impl.go:272: prepare.Sequence_number= 1634032903344307895
[Commit error]2021/10/12 18:03:08.416886 /root/study/github_repository/pbft/pbft_impl.go:270: the sequenceID of prepare message is wrong!
[Commit error]2021/10/12 18:03:08.416893 /root/study/github_repository/pbft/pbft_impl.go:271: Last_sequence_number= 1634032903344307895
[Commit error]2021/10/12 18:03:08.416897 /root/study/github_repository/pbft/pbft_impl.go:272: prepare.Sequence_number= 1634032903344307895
[Commit error]2021/10/12 18:03:08.417035 /root/study/github_repository/pbft/pbft_impl.go:270: the sequenceID of prepare message is wrong!
[Commit error]2021/10/12 18:03:08.417040 /root/study/github_repository/pbft/pbft_impl.go:271: Last_sequence_number= 1634032903344307895
[Commit error]2021/10/12 18:03:08.417044 /root/study/github_repository/pbft/pbft_impl.go:272: prepare.Sequence_number= 1634032903344307895
[Reply error]2021/10/12 18:03:08.503471 /root/study/github_repository/pbft/pbft_impl.go:372: the sequenceID of commit message is wrong!
[Reply error]2021/10/12 18:03:08.503878 /root/study/github_repository/pbft/pbft_impl.go:372: the sequenceID of commit message is wrong!
[Reply error]2021/10/12 18:03:08.504159 /root/study/github_repository/pbft/pbft_impl.go:372: the sequenceID of commit message is wrong!
[Commit error]2021/10/12 18:03:18.417703 /root/study/github_repository/pbft/pbft_impl.go:270: the sequenceID of prepare message is wrong!
[Commit error]2021/10/12 18:03:18.417719 /root/study/github_repository/pbft/pbft_impl.go:271: Last_sequence_number= 1634032903344307896
[Commit error]2021/10/12 18:03:18.417723 /root/study/github_repository/pbft/pbft_impl.go:272: prepare.Sequence_number= 1634032903344307896
[Commit error]2021/10/12 18:03:18.417854 /root/study/github_repository/pbft/pbft_impl.go:270: the sequenceID of prepare message is wrong!
[Commit error]2021/10/12 18:03:18.417860 /root/study/github_repository/pbft/pbft_impl.go:271: Last_sequence_number= 1634032903344307896
[Commit error]2021/10/12 18:03:18.417865 /root/study/github_repository/pbft/pbft_impl.go:272: prepare.Sequence_number= 1634032903344307896
[Commit error]2021/10/12 18:03:18.417982 /root/study/github_repository/pbft/pbft_impl.go:270: the sequenceID of prepare message is wrong!
[Commit error]2021/10/12 18:03:18.417988 /root/study/github_repository/pbft/pbft_impl.go:271: Last_sequence_number= 1634032903344307896
[Commit error]2021/10/12 18:03:18.417991 /root/study/github_repository/pbft/pbft_impl.go:272: prepare.Sequence_number= 1634032903344307896
[Reply error]2021/10/12 18:03:18.522304 /root/study/github_repository/pbft/pbft_impl.go:372: the sequenceID of commit message is wrong!
[Reply error]2021/10/12 18:03:18.522468 /root/study/github_repository/pbft/pbft_impl.go:372: the sequenceID of commit message is wrong!
[Reply error]2021/10/12 18:03:18.522581 /root/study/github_repository/pbft/pbft_impl.go:372: the sequenceID of commit message is wrong!
[Commit error]2021/10/12 18:03:28.436784 /root/study/github_repository/pbft/pbft_impl.go:270: the sequenceID of prepare message is wrong!
[Commit error]2021/10/12 18:03:28.436796 /root/study/github_repository/pbft/pbft_impl.go:271: Last_sequence_number= 1634032903344307897
[Commit error]2021/10/12 18:03:28.436802 /root/study/github_repository/pbft/pbft_impl.go:272: prepare.Sequence_number= 1634032903344307897
[Commit error]2021/10/12 18:03:28.436871 /root/study/github_repository/pbft/pbft_impl.go:270: the sequenceID of prepare message is wrong!
[Commit error]2021/10/12 18:03:28.436877 /root/study/github_repository/pbft/pbft_impl.go:271: Last_sequence_number= 1634032903344307897
[Commit error]2021/10/12 18:03:28.436900 /root/study/github_repository/pbft/pbft_impl.go:272: prepare.Sequence_number= 1634032903344307897
[Commit error]2021/10/12 18:03:28.436970 /root/study/github_repository/pbft/pbft_impl.go:270: the sequenceID of prepare message is wrong!
[Commit error]2021/10/12 18:03:28.436976 /root/study/github_repository/pbft/pbft_impl.go:271: Last_sequence_number= 1634032903344307897
[Commit error]2021/10/12 18:03:28.436978 /root/study/github_repository/pbft/pbft_impl.go:272: prepare.Sequence_number= 1634032903344307897
[Reply error]2021/10/12 18:03:28.492894 /root/study/github_repository/pbft/pbft_impl.go:372: the sequenceID of commit message is wrong!
[Reply error]2021/10/12 18:03:28.496156 /root/study/github_repository/pbft/pbft_impl.go:372: the sequenceID of commit message is wrong!
[Reply error]2021/10/12 18:03:28.496243 /root/study/github_repository/pbft/pbft_impl.go:372: the sequenceID of commit message is wrong!
