[Commit error]2021/10/12 17:53:17.218980 /root/study/github_repository/pbft/pbft_impl.go:270: the sequenceID of prepare message is wrong!
[Commit error]2021/10/12 17:53:17.219050 /root/study/github_repository/pbft/pbft_impl.go:271: Last_sequence_number= 1634032327117303083
[Commit error]2021/10/12 17:53:17.219058 /root/study/github_repository/pbft/pbft_impl.go:272: prepare.Sequence_number= 1634032327117303083
[Commit error]2021/10/12 17:53:17.219179 /root/study/github_repository/pbft/pbft_impl.go:270: the sequenceID of prepare message is wrong!
[Commit error]2021/10/12 17:53:17.219184 /root/study/github_repository/pbft/pbft_impl.go:271: Last_sequence_number= 1634032327117303083
[Commit error]2021/10/12 17:53:17.219188 /root/study/github_repository/pbft/pbft_impl.go:272: prepare.Sequence_number= 1634032327117303083
[Commit error]2021/10/12 17:53:17.219291 /root/study/github_repository/pbft/pbft_impl.go:270: the sequenceID of prepare message is wrong!
[Commit error]2021/10/12 17:53:17.219297 /root/study/github_repository/pbft/pbft_impl.go:271: Last_sequence_number= 1634032327117303083
[Commit error]2021/10/12 17:53:17.219301 /root/study/github_repository/pbft/pbft_impl.go:272: prepare.Sequence_number= 1634032327117303083
[Commit error]2021/10/12 17:53:17.219439 /root/study/github_repository/pbft/pbft_impl.go:270: the sequenceID of prepare message is wrong!
[Commit error]2021/10/12 17:53:17.219491 /root/study/github_repository/pbft/pbft_impl.go:271: Last_sequence_number= 1634032327117303083
[Commit error]2021/10/12 17:53:17.219504 /root/study/github_repository/pbft/pbft_impl.go:272: prepare.Sequence_number= 1634032327117303083
[Reply error]2021/10/12 17:53:17.316987 /root/study/github_repository/pbft/pbft_impl.go:372: the sequenceID of commit message is wrong!
[Reply error]2021/10/12 17:53:17.317331 /root/study/github_repository/pbft/pbft_impl.go:372: the sequenceID of commit message is wrong!
[Reply error]2021/10/12 17:53:17.317439 /root/study/github_repository/pbft/pbft_impl.go:372: the sequenceID of commit message is wrong!
[Commit error]2021/10/12 17:53:42.226674 /root/study/github_repository/pbft/pbft_impl.go:270: the sequenceID of prepare message is wrong!
[Commit error]2021/10/12 17:53:42.226683 /root/study/github_repository/pbft/pbft_impl.go:271: Last_sequence_number= 1634032327117303084
[Commit error]2021/10/12 17:53:42.226687 /root/study/github_repository/pbft/pbft_impl.go:272: prepare.Sequence_number= 1634032327117303084
[Commit error]2021/10/12 17:53:42.226796 /root/study/github_repository/pbft/pbft_impl.go:270: the sequenceID of prepare message is wrong!
[Commit error]2021/10/12 17:53:42.226802 /root/study/github_repository/pbft/pbft_impl.go:271: Last_sequence_number= 1634032327117303084
[Commit error]2021/10/12 17:53:42.226806 /root/study/github_repository/pbft/pbft_impl.go:272: prepare.Sequence_number= 1634032327117303084
[Commit error]2021/10/12 17:53:42.226958 /root/study/github_repository/pbft/pbft_impl.go:270: the sequenceID of prepare message is wrong!
[Commit error]2021/10/12 17:53:42.226967 /root/study/github_repository/pbft/pbft_impl.go:271: Last_sequence_number= 1634032327117303084
[Commit error]2021/10/12 17:53:42.226971 /root/study/github_repository/pbft/pbft_impl.go:272: prepare.Sequence_number= 1634032327117303084
[Commit error]2021/10/12 17:53:42.227091 /root/study/github_repository/pbft/pbft_impl.go:270: the sequenceID of prepare message is wrong!
[Commit error]2021/10/12 17:53:42.227100 /root/study/github_repository/pbft/pbft_impl.go:271: Last_sequence_number= 1634032327117303084
[Commit error]2021/10/12 17:53:42.227104 /root/study/github_repository/pbft/pbft_impl.go:272: prepare.Sequence_number= 1634032327117303084
[Reply error]2021/10/12 17:53:42.337189 /root/study/github_repository/pbft/pbft_impl.go:372: the sequenceID of commit message is wrong!
[Reply error]2021/10/12 17:53:42.337300 /root/study/github_repository/pbft/pbft_impl.go:372: the sequenceID of commit message is wrong!
[Reply error]2021/10/12 17:53:42.337427 /root/study/github_repository/pbft/pbft_impl.go:372: the sequenceID of commit message is wrong!
[Reply error]2021/10/12 17:53:42.337555 /root/study/github_repository/pbft/pbft_impl.go:372: the sequenceID of commit message is wrong!
[Commit error]2021/10/12 17:54:07.250165 /root/study/github_repository/pbft/pbft_impl.go:270: the sequenceID of prepare message is wrong!
[Commit error]2021/10/12 17:54:07.250178 /root/study/github_repository/pbft/pbft_impl.go:271: Last_sequence_number= 1634032327117303085
[Commit error]2021/10/12 17:54:07.250182 /root/study/github_repository/pbft/pbft_impl.go:272: prepare.Sequence_number= 1634032327117303085
[Commit error]2021/10/12 17:54:07.250340 /root/study/github_repository/pbft/pbft_impl.go:270: the sequenceID of prepare message is wrong!
[Commit error]2021/10/12 17:54:07.250347 /root/study/github_repository/pbft/pbft_impl.go:271: Last_sequence_number= 1634032327117303085
[Commit error]2021/10/12 17:54:07.250351 /root/study/github_repository/pbft/pbft_impl.go:272: prepare.Sequence_number= 1634032327117303085
[Commit error]2021/10/12 17:54:07.250539 /root/study/github_repository/pbft/pbft_impl.go:270: the sequenceID of prepare message is wrong!
[Commit error]2021/10/12 17:54:07.250556 /root/study/github_repository/pbft/pbft_impl.go:271: Last_sequence_number= 1634032327117303085
[Commit error]2021/10/12 17:54:07.250562 /root/study/github_repository/pbft/pbft_impl.go:272: prepare.Sequence_number= 1634032327117303085
[Commit error]2021/10/12 17:54:07.250720 /root/study/github_repository/pbft/pbft_impl.go:270: the sequenceID of prepare message is wrong!
[Commit error]2021/10/12 17:54:07.250727 /root/study/github_repository/pbft/pbft_impl.go:271: Last_sequence_number= 1634032327117303085
[Commit error]2021/10/12 17:54:07.250731 /root/study/github_repository/pbft/pbft_impl.go:272: prepare.Sequence_number= 1634032327117303085
[Commit error]2021/10/12 17:54:07.250858 /root/study/github_repository/pbft/pbft_impl.go:270: the sequenceID of prepare message is wrong!
[Commit error]2021/10/12 17:54:07.250865 /root/study/github_repository/pbft/pbft_impl.go:271: Last_sequence_number= 1634032327117303085
[Commit error]2021/10/12 17:54:07.250869 /root/study/github_repository/pbft/pbft_impl.go:272: prepare.Sequence_number= 1634032327117303085
[Reply error]2021/10/12 17:54:07.332244 /root/study/github_repository/pbft/pbft_impl.go:372: the sequenceID of commit message is wrong!
[Reply error]2021/10/12 17:54:07.332388 /root/study/github_repository/pbft/pbft_impl.go:372: the sequenceID of commit message is wrong!
[Reply error]2021/10/12 17:54:07.332505 /root/study/github_repository/pbft/pbft_impl.go:372: the sequenceID of commit message is wrong!
[Reply error]2021/10/12 17:54:07.332611 /root/study/github_repository/pbft/pbft_impl.go:372: the sequenceID of commit message is wrong!
[Commit error]2021/10/12 17:54:35.132970 /root/study/github_repository/pbft/pbft_impl.go:270: the sequenceID of prepare message is wrong!
[Commit error]2021/10/12 17:54:35.132986 /root/study/github_repository/pbft/pbft_impl.go:271: Last_sequence_number= 1634032327117303086
[Commit error]2021/10/12 17:54:35.132990 /root/study/github_repository/pbft/pbft_impl.go:272: prepare.Sequence_number= 1634032327117303086
[Commit error]2021/10/12 17:54:35.133120 /root/study/github_repository/pbft/pbft_impl.go:270: the sequenceID of prepare message is wrong!
[Commit error]2021/10/12 17:54:35.133126 /root/study/github_repository/pbft/pbft_impl.go:271: Last_sequence_number= 1634032327117303086
[Commit error]2021/10/12 17:54:35.133130 /root/study/github_repository/pbft/pbft_impl.go:272: prepare.Sequence_number= 1634032327117303086
[Commit error]2021/10/12 17:54:35.135567 /root/study/github_repository/pbft/pbft_impl.go:270: the sequenceID of prepare message is wrong!
[Commit error]2021/10/12 17:54:35.135577 /root/study/github_repository/pbft/pbft_impl.go:271: Last_sequence_number= 1634032327117303086
[Commit error]2021/10/12 17:54:35.135582 /root/study/github_repository/pbft/pbft_impl.go:272: prepare.Sequence_number= 1634032327117303086
[Reply error]2021/10/12 17:54:35.222393 /root/study/github_repository/pbft/pbft_impl.go:372: the sequenceID of commit message is wrong!
[Reply error]2021/10/12 17:54:35.222496 /root/study/github_repository/pbft/pbft_impl.go:372: the sequenceID of commit message is wrong!
[Reply error]2021/10/12 17:54:35.222584 /root/study/github_repository/pbft/pbft_impl.go:372: the sequenceID of commit message is wrong!
[Reply error]2021/10/12 17:54:35.222668 /root/study/github_repository/pbft/pbft_impl.go:372: the sequenceID of commit message is wrong!
[Reply error]2021/10/12 17:54:35.222752 /root/study/github_repository/pbft/pbft_impl.go:372: the sequenceID of commit message is wrong!
[Commit error]2021/10/12 17:54:50.180436 /root/study/github_repository/pbft/pbft_impl.go:270: the sequenceID of prepare message is wrong!
[Commit error]2021/10/12 17:54:50.180450 /root/study/github_repository/pbft/pbft_impl.go:271: Last_sequence_number= 1634032327117303087
[Commit error]2021/10/12 17:54:50.180454 /root/study/github_repository/pbft/pbft_impl.go:272: prepare.Sequence_number= 1634032327117303087
[Commit error]2021/10/12 17:54:50.180620 /root/study/github_repository/pbft/pbft_impl.go:270: the sequenceID of prepare message is wrong!
[Commit error]2021/10/12 17:54:50.180627 /root/study/github_repository/pbft/pbft_impl.go:271: Last_sequence_number= 1634032327117303087
[Commit error]2021/10/12 17:54:50.180631 /root/study/github_repository/pbft/pbft_impl.go:272: prepare.Sequence_number= 1634032327117303087
[Commit error]2021/10/12 17:54:50.180751 /root/study/github_repository/pbft/pbft_impl.go:270: the sequenceID of prepare message is wrong!
[Commit error]2021/10/12 17:54:50.180757 /root/study/github_repository/pbft/pbft_impl.go:271: Last_sequence_number= 1634032327117303087
[Commit error]2021/10/12 17:54:50.180760 /root/study/github_repository/pbft/pbft_impl.go:272: prepare.Sequence_number= 1634032327117303087
[Commit error]2021/10/12 17:54:50.180898 /root/study/github_repository/pbft/pbft_impl.go:270: the sequenceID of prepare message is wrong!
[Commit error]2021/10/12 17:54:50.180905 /root/study/github_repository/pbft/pbft_impl.go:271: Last_sequence_number= 1634032327117303087
[Commit error]2021/10/12 17:54:50.180908 /root/study/github_repository/pbft/pbft_impl.go:272: prepare.Sequence_number= 1634032327117303087
[Commit error]2021/10/12 17:54:50.241019 /root/study/github_repository/pbftconsensus/network/routine_dispatchMsg.go:80: [into prepare]
[Reply error]2021/10/12 17:54:50.262327 /root/study/github_repository/pbft/pbft_impl.go:372: the sequenceID of commit message is wrong!
[Reply error]2021/10/12 17:54:50.262443 /root/study/github_repository/pbft/pbft_impl.go:372: the sequenceID of commit message is wrong!
[Reply error]2021/10/12 17:54:50.262559 /root/study/github_repository/pbft/pbft_impl.go:372: the sequenceID of commit message is wrong!
[Reply error]2021/10/12 17:54:50.262657 /root/study/github_repository/pbft/pbft_impl.go:372: the sequenceID of commit message is wrong!
[Reply error]2021/10/12 17:54:50.317211 /root/study/github_repository/pbftconsensus/network/routine_dispatchMsg.go:95: [into commit]
[Commit error]2021/10/12 17:55:00.145551 /root/study/github_repository/pbft/pbft_impl.go:270: the sequenceID of prepare message is wrong!
[Commit error]2021/10/12 17:55:00.145565 /root/study/github_repository/pbft/pbft_impl.go:271: Last_sequence_number= 1634032327117303088
[Commit error]2021/10/12 17:55:00.145569 /root/study/github_repository/pbft/pbft_impl.go:272: prepare.Sequence_number= 1634032327117303088
[Commit error]2021/10/12 17:55:00.145692 /root/study/github_repository/pbft/pbft_impl.go:270: the sequenceID of prepare message is wrong!
[Commit error]2021/10/12 17:55:00.145701 /root/study/github_repository/pbft/pbft_impl.go:271: Last_sequence_number= 1634032327117303088
[Commit error]2021/10/12 17:55:00.145705 /root/study/github_repository/pbft/pbft_impl.go:272: prepare.Sequence_number= 1634032327117303088
[Commit error]2021/10/12 17:55:00.145848 /root/study/github_repository/pbft/pbft_impl.go:270: the sequenceID of prepare message is wrong!
[Commit error]2021/10/12 17:55:00.145856 /root/study/github_repository/pbft/pbft_impl.go:271: Last_sequence_number= 1634032327117303088
[Commit error]2021/10/12 17:55:00.145869 /root/study/github_repository/pbft/pbft_impl.go:272: prepare.Sequence_number= 1634032327117303088
[Commit error]2021/10/12 17:55:00.145987 /root/study/github_repository/pbft/pbft_impl.go:270: the sequenceID of prepare message is wrong!
[Commit error]2021/10/12 17:55:00.145995 /root/study/github_repository/pbft/pbft_impl.go:271: Last_sequence_number= 1634032327117303088
[Commit error]2021/10/12 17:55:00.145999 /root/study/github_repository/pbft/pbft_impl.go:272: prepare.Sequence_number= 1634032327117303088
[Reply error]2021/10/12 17:55:00.288514 /root/study/github_repository/pbft/pbft_impl.go:372: the sequenceID of commit message is wrong!
[Reply error]2021/10/12 17:55:00.288785 /root/study/github_repository/pbft/pbft_impl.go:372: the sequenceID of commit message is wrong!
[Reply error]2021/10/12 17:55:00.289281 /root/study/github_repository/pbft/pbft_impl.go:372: the sequenceID of commit message is wrong!
[Reply error]2021/10/12 17:55:00.289433 /root/study/github_repository/pbft/pbft_impl.go:372: the sequenceID of commit message is wrong!
[Commit error]2021/10/12 17:55:10.151653 /root/study/github_repository/pbft/pbft_impl.go:270: the sequenceID of prepare message is wrong!
[Commit error]2021/10/12 17:55:10.151665 /root/study/github_repository/pbft/pbft_impl.go:271: Last_sequence_number= 1634032327117303089
[Commit error]2021/10/12 17:55:10.151670 /root/study/github_repository/pbft/pbft_impl.go:272: prepare.Sequence_number= 1634032327117303089
[Commit error]2021/10/12 17:55:10.151821 /root/study/github_repository/pbft/pbft_impl.go:270: the sequenceID of prepare message is wrong!
[Commit error]2021/10/12 17:55:10.151828 /root/study/github_repository/pbft/pbft_impl.go:271: Last_sequence_number= 1634032327117303089
[Commit error]2021/10/12 17:55:10.151832 /root/study/github_repository/pbft/pbft_impl.go:272: prepare.Sequence_number= 1634032327117303089
[Commit error]2021/10/12 17:55:10.151994 /root/study/github_repository/pbft/pbft_impl.go:270: the sequenceID of prepare message is wrong!
[Commit error]2021/10/12 17:55:10.152001 /root/study/github_repository/pbft/pbft_impl.go:271: Last_sequence_number= 1634032327117303089
[Commit error]2021/10/12 17:55:10.152005 /root/study/github_repository/pbft/pbft_impl.go:272: prepare.Sequence_number= 1634032327117303089
[Commit error]2021/10/12 17:55:10.153262 /root/study/github_repository/pbft/pbft_impl.go:270: the sequenceID of prepare message is wrong!
[Commit error]2021/10/12 17:55:10.153276 /root/study/github_repository/pbft/pbft_impl.go:271: Last_sequence_number= 1634032327117303089
[Commit error]2021/10/12 17:55:10.153281 /root/study/github_repository/pbft/pbft_impl.go:272: prepare.Sequence_number= 1634032327117303089
[Reply error]2021/10/12 17:55:10.267170 /root/study/github_repository/pbft/pbft_impl.go:372: the sequenceID of commit message is wrong!
[Reply error]2021/10/12 17:55:10.267278 /root/study/github_repository/pbft/pbft_impl.go:372: the sequenceID of commit message is wrong!
[Reply error]2021/10/12 17:55:10.267388 /root/study/github_repository/pbft/pbft_impl.go:372: the sequenceID of commit message is wrong!
[Reply error]2021/10/12 17:55:10.267502 /root/study/github_repository/pbft/pbft_impl.go:372: the sequenceID of commit message is wrong!
[Commit error]2021/10/12 17:55:20.159044 /root/study/github_repository/pbft/pbft_impl.go:270: the sequenceID of prepare message is wrong!
[Commit error]2021/10/12 17:55:20.159061 /root/study/github_repository/pbft/pbft_impl.go:271: Last_sequence_number= 1634032327117303090
[Commit error]2021/10/12 17:55:20.159066 /root/study/github_repository/pbft/pbft_impl.go:272: prepare.Sequence_number= 1634032327117303090
[Commit error]2021/10/12 17:55:20.159183 /root/study/github_repository/pbft/pbft_impl.go:270: the sequenceID of prepare message is wrong!
[Commit error]2021/10/12 17:55:20.159191 /root/study/github_repository/pbft/pbft_impl.go:271: Last_sequence_number= 1634032327117303090
[Commit error]2021/10/12 17:55:20.159195 /root/study/github_repository/pbft/pbft_impl.go:272: prepare.Sequence_number= 1634032327117303090
[Commit error]2021/10/12 17:55:20.159316 /root/study/github_repository/pbft/pbft_impl.go:270: the sequenceID of prepare message is wrong!
[Commit error]2021/10/12 17:55:20.159322 /root/study/github_repository/pbft/pbft_impl.go:271: Last_sequence_number= 1634032327117303090
[Commit error]2021/10/12 17:55:20.159326 /root/study/github_repository/pbft/pbft_impl.go:272: prepare.Sequence_number= 1634032327117303090
[Commit error]2021/10/12 17:55:20.159422 /root/study/github_repository/pbft/pbft_impl.go:270: the sequenceID of prepare message is wrong!
[Commit error]2021/10/12 17:55:20.159429 /root/study/github_repository/pbft/pbft_impl.go:271: Last_sequence_number= 1634032327117303090
[Commit error]2021/10/12 17:55:20.159433 /root/study/github_repository/pbft/pbft_impl.go:272: prepare.Sequence_number= 1634032327117303090
[Reply error]2021/10/12 17:55:20.253178 /root/study/github_repository/pbft/pbft_impl.go:372: the sequenceID of commit message is wrong!
[Reply error]2021/10/12 17:55:20.253283 /root/study/github_repository/pbft/pbft_impl.go:372: the sequenceID of commit message is wrong!
[Reply error]2021/10/12 17:55:20.253376 /root/study/github_repository/pbft/pbft_impl.go:372: the sequenceID of commit message is wrong!
[Reply error]2021/10/12 17:55:20.253461 /root/study/github_repository/pbft/pbft_impl.go:372: the sequenceID of commit message is wrong!
[Commit error]2021/10/12 17:55:30.164354 /root/study/github_repository/pbft/pbft_impl.go:270: the sequenceID of prepare message is wrong!
[Commit error]2021/10/12 17:55:30.164364 /root/study/github_repository/pbft/pbft_impl.go:271: Last_sequence_number= 1634032327117303091
[Commit error]2021/10/12 17:55:30.164369 /root/study/github_repository/pbft/pbft_impl.go:272: prepare.Sequence_number= 1634032327117303091
[Commit error]2021/10/12 17:55:30.164486 /root/study/github_repository/pbft/pbft_impl.go:270: the sequenceID of prepare message is wrong!
[Commit error]2021/10/12 17:55:30.164504 /root/study/github_repository/pbft/pbft_impl.go:271: Last_sequence_number= 1634032327117303091
[Commit error]2021/10/12 17:55:30.164508 /root/study/github_repository/pbft/pbft_impl.go:272: prepare.Sequence_number= 1634032327117303091
[Commit error]2021/10/12 17:55:30.164650 /root/study/github_repository/pbft/pbft_impl.go:270: the sequenceID of prepare message is wrong!
[Commit error]2021/10/12 17:55:30.164656 /root/study/github_repository/pbft/pbft_impl.go:271: Last_sequence_number= 1634032327117303091
[Commit error]2021/10/12 17:55:30.164660 /root/study/github_repository/pbft/pbft_impl.go:272: prepare.Sequence_number= 1634032327117303091
[Reply error]2021/10/12 17:55:30.259063 /root/study/github_repository/pbft/pbft_impl.go:372: the sequenceID of commit message is wrong!
[Reply error]2021/10/12 17:55:30.259201 /root/study/github_repository/pbft/pbft_impl.go:372: the sequenceID of commit message is wrong!
[Reply error]2021/10/12 17:55:30.259319 /root/study/github_repository/pbft/pbft_impl.go:372: the sequenceID of commit message is wrong!
[Commit error]2021/10/12 17:55:40.169281 /root/study/github_repository/pbft/pbft_impl.go:270: the sequenceID of prepare message is wrong!
[Commit error]2021/10/12 17:55:40.169302 /root/study/github_repository/pbft/pbft_impl.go:271: Last_sequence_number= 1634032327117303092
[Commit error]2021/10/12 17:55:40.169308 /root/study/github_repository/pbft/pbft_impl.go:272: prepare.Sequence_number= 1634032327117303092
[Commit error]2021/10/12 17:55:40.169401 /root/study/github_repository/pbft/pbft_impl.go:270: the sequenceID of prepare message is wrong!
[Commit error]2021/10/12 17:55:40.169422 /root/study/github_repository/pbft/pbft_impl.go:271: Last_sequence_number= 1634032327117303092
[Commit error]2021/10/12 17:55:40.169427 /root/study/github_repository/pbft/pbft_impl.go:272: prepare.Sequence_number= 1634032327117303092
[Commit error]2021/10/12 17:55:40.169511 /root/study/github_repository/pbft/pbft_impl.go:270: the sequenceID of prepare message is wrong!
[Commit error]2021/10/12 17:55:40.169515 /root/study/github_repository/pbft/pbft_impl.go:271: Last_sequence_number= 1634032327117303092
[Commit error]2021/10/12 17:55:40.169526 /root/study/github_repository/pbft/pbft_impl.go:272: prepare.Sequence_number= 1634032327117303092
[Reply error]2021/10/12 17:55:40.242315 /root/study/github_repository/pbft/pbft_impl.go:372: the sequenceID of commit message is wrong!
[Reply error]2021/10/12 17:55:40.242403 /root/study/github_repository/pbft/pbft_impl.go:372: the sequenceID of commit message is wrong!
[Reply error]2021/10/12 17:55:40.242483 /root/study/github_repository/pbft/pbft_impl.go:372: the sequenceID of commit message is wrong!
[Commit error]2021/10/12 18:00:35.483092 /root/study/github_repository/pbft/pbft_impl.go:270: the sequenceID of prepare message is wrong!
[Commit error]2021/10/12 18:00:35.483103 /root/study/github_repository/pbft/pbft_impl.go:271: Last_sequence_number= 1634032820454357504
[Commit error]2021/10/12 18:00:35.483107 /root/study/github_repository/pbft/pbft_impl.go:272: prepare.Sequence_number= 1634032820454357504
[Commit error]2021/10/12 18:00:35.483181 /root/study/github_repository/pbft/pbft_impl.go:270: the sequenceID of prepare message is wrong!
[Commit error]2021/10/12 18:00:35.483186 /root/study/github_repository/pbft/pbft_impl.go:271: Last_sequence_number= 1634032820454357504
[Commit error]2021/10/12 18:00:35.483189 /root/study/github_repository/pbft/pbft_impl.go:272: prepare.Sequence_number= 1634032820454357504
[Commit error]2021/10/12 18:00:35.483317 /root/study/github_repository/pbft/pbft_impl.go:270: the sequenceID of prepare message is wrong!
[Commit error]2021/10/12 18:00:35.483328 /root/study/github_repository/pbft/pbft_impl.go:271: Last_sequence_number= 1634032820454357504
[Commit error]2021/10/12 18:00:35.483332 /root/study/github_repository/pbft/pbft_impl.go:272: prepare.Sequence_number= 1634032820454357504
[Commit error]2021/10/12 18:00:35.483412 /root/study/github_repository/pbft/pbft_impl.go:270: the sequenceID of prepare message is wrong!
[Commit error]2021/10/12 18:00:35.483419 /root/study/github_repository/pbft/pbft_impl.go:271: Last_sequence_number= 1634032820454357504
[Commit error]2021/10/12 18:00:35.483422 /root/study/github_repository/pbft/pbft_impl.go:272: prepare.Sequence_number= 1634032820454357504
[Reply error]2021/10/12 18:00:35.559135 /root/study/github_repository/pbft/pbft_impl.go:372: the sequenceID of commit message is wrong!
[Reply error]2021/10/12 18:00:35.559210 /root/study/github_repository/pbft/pbft_impl.go:372: the sequenceID of commit message is wrong!
[Reply error]2021/10/12 18:00:35.559318 /root/study/github_repository/pbft/pbft_impl.go:372: the sequenceID of commit message is wrong!
[Reply error]2021/10/12 18:00:35.559425 /root/study/github_repository/pbft/pbft_impl.go:372: the sequenceID of commit message is wrong!
[Reply error]2021/10/12 18:00:35.559505 /root/study/github_repository/pbft/pbft_impl.go:372: the sequenceID of commit message is wrong!
[Commit error]2021/10/12 18:01:53.385219 /root/study/github_repository/pbft/pbft_impl.go:270: the sequenceID of prepare message is wrong!
[Commit error]2021/10/12 18:01:53.385235 /root/study/github_repository/pbft/pbft_impl.go:271: Last_sequence_number= 1634032903344307888
[Commit error]2021/10/12 18:01:53.385240 /root/study/github_repository/pbft/pbft_impl.go:272: prepare.Sequence_number= 1634032903344307888
[Commit error]2021/10/12 18:01:53.385387 /root/study/github_repository/pbft/pbft_impl.go:270: the sequenceID of prepare message is wrong!
[Commit error]2021/10/12 18:01:53.385393 /root/study/github_repository/pbft/pbft_impl.go:271: Last_sequence_number= 1634032903344307888
[Commit error]2021/10/12 18:01:53.385397 /root/study/github_repository/pbft/pbft_impl.go:272: prepare.Sequence_number= 1634032903344307888
[Commit error]2021/10/12 18:01:53.385507 /root/study/github_repository/pbft/pbft_impl.go:270: the sequenceID of prepare message is wrong!
[Commit error]2021/10/12 18:01:53.385514 /root/study/github_repository/pbft/pbft_impl.go:271: Last_sequence_number= 1634032903344307888
[Commit error]2021/10/12 18:01:53.385518 /root/study/github_repository/pbft/pbft_impl.go:272: prepare.Sequence_number= 1634032903344307888
[Commit error]2021/10/12 18:01:53.385673 /root/study/github_repository/pbft/pbft_impl.go:270: the sequenceID of prepare message is wrong!
[Commit error]2021/10/12 18:01:53.385686 /root/study/github_repository/pbft/pbft_impl.go:271: Last_sequence_number= 1634032903344307888
[Commit error]2021/10/12 18:01:53.385690 /root/study/github_repository/pbft/pbft_impl.go:272: prepare.Sequence_number= 1634032903344307888
[Commit error]2021/10/12 18:01:53.385822 /root/study/github_repository/pbft/pbft_impl.go:270: the sequenceID of prepare message is wrong!
[Commit error]2021/10/12 18:01:53.385828 /root/study/github_repository/pbft/pbft_impl.go:271: Last_sequence_number= 1634032903344307888
[Commit error]2021/10/12 18:01:53.385832 /root/study/github_repository/pbft/pbft_impl.go:272: prepare.Sequence_number= 1634032903344307888
[Reply error]2021/10/12 18:01:53.474146 /root/study/github_repository/pbft/pbft_impl.go:372: the sequenceID of commit message is wrong!
[Reply error]2021/10/12 18:01:53.475035 /root/study/github_repository/pbft/pbft_impl.go:372: the sequenceID of commit message is wrong!
[Reply error]2021/10/12 18:01:53.475155 /root/study/github_repository/pbft/pbft_impl.go:372: the sequenceID of commit message is wrong!
[Commit error]2021/10/12 18:02:03.389019 /root/study/github_repository/pbft/pbft_impl.go:270: the sequenceID of prepare message is wrong!
[Commit error]2021/10/12 18:02:03.389033 /root/study/github_repository/pbft/pbft_impl.go:271: Last_sequence_number= 1634032903344307889
[Commit error]2021/10/12 18:02:03.389037 /root/study/github_repository/pbft/pbft_impl.go:272: prepare.Sequence_number= 1634032903344307889
[Commit error]2021/10/12 18:02:03.389159 /root/study/github_repository/pbft/pbft_impl.go:270: the sequenceID of prepare message is wrong!
[Commit error]2021/10/12 18:02:03.389169 /root/study/github_repository/pbft/pbft_impl.go:271: Last_sequence_number= 1634032903344307889
[Commit error]2021/10/12 18:02:03.389173 /root/study/github_repository/pbft/pbft_impl.go:272: prepare.Sequence_number= 1634032903344307889
[Commit error]2021/10/12 18:02:03.389257 /root/study/github_repository/pbft/pbft_impl.go:270: the sequenceID of prepare message is wrong!
[Commit error]2021/10/12 18:02:03.389261 /root/study/github_repository/pbft/pbft_impl.go:271: Last_sequence_number= 1634032903344307889
[Commit error]2021/10/12 18:02:03.389263 /root/study/github_repository/pbft/pbft_impl.go:272: prepare.Sequence_number= 1634032903344307889
[Commit error]2021/10/12 18:02:03.389332 /root/study/github_repository/pbft/pbft_impl.go:270: the sequenceID of prepare message is wrong!
[Commit error]2021/10/12 18:02:03.389335 /root/study/github_repository/pbft/pbft_impl.go:271: Last_sequence_number= 1634032903344307889
[Commit error]2021/10/12 18:02:03.389337 /root/study/github_repository/pbft/pbft_impl.go:272: prepare.Sequence_number= 1634032903344307889
[Reply error]2021/10/12 18:02:03.489856 /root/study/github_repository/pbft/pbft_impl.go:372: the sequenceID of commit message is wrong!
[Reply error]2021/10/12 18:02:03.489941 /root/study/github_repository/pbft/pbft_impl.go:372: the sequenceID of commit message is wrong!
[Reply error]2021/10/12 18:02:03.490138 /root/study/github_repository/pbft/pbft_impl.go:372: the sequenceID of commit message is wrong!
[Commit error]2021/10/12 18:02:13.385218 /root/study/github_repository/pbft/pbft_impl.go:270: the sequenceID of prepare message is wrong!
[Commit error]2021/10/12 18:02:13.385235 /root/study/github_repository/pbft/pbft_impl.go:271: Last_sequence_number= 1634032903344307890
[Commit error]2021/10/12 18:02:13.385240 /root/study/github_repository/pbft/pbft_impl.go:272: prepare.Sequence_number= 1634032903344307890
[Commit error]2021/10/12 18:02:13.385452 /root/study/github_repository/pbft/pbft_impl.go:270: the sequenceID of prepare message is wrong!
[Commit error]2021/10/12 18:02:13.385460 /root/study/github_repository/pbft/pbft_impl.go:271: Last_sequence_number= 1634032903344307890
[Commit error]2021/10/12 18:02:13.385471 /root/study/github_repository/pbft/pbft_impl.go:272: prepare.Sequence_number= 1634032903344307890
[Reply error]2021/10/12 18:02:13.488370 /root/study/github_repository/pbft/pbft_impl.go:372: the sequenceID of commit message is wrong!
[Reply error]2021/10/12 18:02:13.488498 /root/study/github_repository/pbft/pbft_impl.go:372: the sequenceID of commit message is wrong!
[Reply error]2021/10/12 18:02:13.488600 /root/study/github_repository/pbft/pbft_impl.go:372: the sequenceID of commit message is wrong!
[Commit error]2021/10/12 18:02:23.398909 /root/study/github_repository/pbft/pbft_impl.go:270: the sequenceID of prepare message is wrong!
[Commit error]2021/10/12 18:02:23.398920 /root/study/github_repository/pbft/pbft_impl.go:271: Last_sequence_number= 1634032903344307891
[Commit error]2021/10/12 18:02:23.398926 /root/study/github_repository/pbft/pbft_impl.go:272: prepare.Sequence_number= 1634032903344307891
[Commit error]2021/10/12 18:02:23.399048 /root/study/github_repository/pbft/pbft_impl.go:270: the sequenceID of prepare message is wrong!
[Commit error]2021/10/12 18:02:23.399054 /root/study/github_repository/pbft/pbft_impl.go:271: Last_sequence_number= 1634032903344307891
[Commit error]2021/10/12 18:02:23.399058 /root/study/github_repository/pbft/pbft_impl.go:272: prepare.Sequence_number= 1634032903344307891
[Commit error]2021/10/12 18:02:23.399214 /root/study/github_repository/pbft/pbft_impl.go:270: the sequenceID of prepare message is wrong!
[Commit error]2021/10/12 18:02:23.399220 /root/study/github_repository/pbft/pbft_impl.go:271: Last_sequence_number= 1634032903344307891
[Commit error]2021/10/12 18:02:23.399225 /root/study/github_repository/pbft/pbft_impl.go:272: prepare.Sequence_number= 1634032903344307891
[Commit error]2021/10/12 18:02:23.399371 /root/study/github_repository/pbft/pbft_impl.go:270: the sequenceID of prepare message is wrong!
[Commit error]2021/10/12 18:02:23.399377 /root/study/github_repository/pbft/pbft_impl.go:271: Last_sequence_number= 1634032903344307891
[Commit error]2021/10/12 18:02:23.399381 /root/study/github_repository/pbft/pbft_impl.go:272: prepare.Sequence_number= 1634032903344307891
[Reply error]2021/10/12 18:02:23.493662 /root/study/github_repository/pbft/pbft_impl.go:372: the sequenceID of commit message is wrong!
[Reply error]2021/10/12 18:02:23.493784 /root/study/github_repository/pbft/pbft_impl.go:372: the sequenceID of commit message is wrong!
[Reply error]2021/10/12 18:02:23.493897 /root/study/github_repository/pbft/pbft_impl.go:372: the sequenceID of commit message is wrong!
[Commit error]2021/10/12 18:02:33.417751 /root/study/github_repository/pbft/pbft_impl.go:270: the sequenceID of prepare message is wrong!
[Commit error]2021/10/12 18:02:33.417767 /root/study/github_repository/pbft/pbft_impl.go:271: Last_sequence_number= 1634032903344307892
[Commit error]2021/10/12 18:02:33.417771 /root/study/github_repository/pbft/pbft_impl.go:272: prepare.Sequence_number= 1634032903344307892
[Commit error]2021/10/12 18:02:33.417924 /root/study/github_repository/pbft/pbft_impl.go:270: the sequenceID of prepare message is wrong!
[Commit error]2021/10/12 18:02:33.417931 /root/study/github_repository/pbft/pbft_impl.go:271: Last_sequence_number= 1634032903344307892
[Commit error]2021/10/12 18:02:33.417935 /root/study/github_repository/pbft/pbft_impl.go:272: prepare.Sequence_number= 1634032903344307892
[Reply error]2021/10/12 18:02:33.504147 /root/study/github_repository/pbft/pbft_impl.go:372: the sequenceID of commit message is wrong!
[Reply error]2021/10/12 18:02:33.504338 /root/study/github_repository/pbft/pbft_impl.go:372: the sequenceID of commit message is wrong!
[Reply error]2021/10/12 18:02:33.504470 /root/study/github_repository/pbft/pbft_impl.go:372: the sequenceID of commit message is wrong!
[Reply error]2021/10/12 18:02:33.504573 /root/study/github_repository/pbft/pbft_impl.go:372: the sequenceID of commit message is wrong!
[Commit error]2021/10/12 18:02:43.401222 /root/study/github_repository/pbft/pbft_impl.go:270: the sequenceID of prepare message is wrong!
[Commit error]2021/10/12 18:02:43.401241 /root/study/github_repository/pbft/pbft_impl.go:271: Last_sequence_number= 1634032903344307893
[Commit error]2021/10/12 18:02:43.401245 /root/study/github_repository/pbft/pbft_impl.go:272: prepare.Sequence_number= 1634032903344307893
[Commit error]2021/10/12 18:02:43.401368 /root/study/github_repository/pbft/pbft_impl.go:270: the sequenceID of prepare message is wrong!
[Commit error]2021/10/12 18:02:43.401376 /root/study/github_repository/pbft/pbft_impl.go:271: Last_sequence_number= 1634032903344307893
[Commit error]2021/10/12 18:02:43.401379 /root/study/github_repository/pbft/pbft_impl.go:272: prepare.Sequence_number= 1634032903344307893
[Commit error]2021/10/12 18:02:43.401527 /root/study/github_repository/pbft/pbft_impl.go:270: the sequenceID of prepare message is wrong!
[Commit error]2021/10/12 18:02:43.401537 /root/study/github_repository/pbft/pbft_impl.go:271: Last_sequence_number= 1634032903344307893
[Commit error]2021/10/12 18:02:43.401540 /root/study/github_repository/pbft/pbft_impl.go:272: prepare.Sequence_number= 1634032903344307893
[Reply error]2021/10/12 18:02:43.487735 /root/study/github_repository/pbft/pbft_impl.go:372: the sequenceID of commit message is wrong!
[Reply error]2021/10/12 18:02:43.487860 /root/study/github_repository/pbft/pbft_impl.go:372: the sequenceID of commit message is wrong!
[Reply error]2021/10/12 18:02:43.487971 /root/study/github_repository/pbft/pbft_impl.go:372: the sequenceID of commit message is wrong!
[Commit error]2021/10/12 18:02:53.424496 /root/study/github_repository/pbft/pbft_impl.go:270: the sequenceID of prepare message is wrong!
[Commit error]2021/10/12 18:02:53.424511 /root/study/github_repository/pbft/pbft_impl.go:271: Last_sequence_number= 1634032903344307894
[Commit error]2021/10/12 18:02:53.424515 /root/study/github_repository/pbft/pbft_impl.go:272: prepare.Sequence_number= 1634032903344307894
[Commit error]2021/10/12 18:02:53.424635 /root/study/github_repository/pbft/pbft_impl.go:270: the sequenceID of prepare message is wrong!
[Commit error]2021/10/12 18:02:53.424644 /root/study/github_repository/pbft/pbft_impl.go:271: Last_sequence_number= 1634032903344307894
[Commit error]2021/10/12 18:02:53.424648 /root/study/github_repository/pbft/pbft_impl.go:272: prepare.Sequence_number= 1634032903344307894
[Commit error]2021/10/12 18:02:53.424757 /root/study/github_repository/pbft/pbft_impl.go:270: the sequenceID of prepare message is wrong!
[Commit error]2021/10/12 18:02:53.424765 /root/study/github_repository/pbft/pbft_impl.go:271: Last_sequence_number= 1634032903344307894
[Commit error]2021/10/12 18:02:53.424769 /root/study/github_repository/pbft/pbft_impl.go:272: prepare.Sequence_number= 1634032903344307894
[Commit error]2021/10/12 18:02:53.473522 /root/study/github_repository/pbftconsensus/network/routine_dispatchMsg.go:80: [into prepare]
[Reply error]2021/10/12 18:02:53.553363 /root/study/github_repository/pbft/pbft_impl.go:372: the sequenceID of commit message is wrong!
[Reply error]2021/10/12 18:02:53.553486 /root/study/github_repository/pbft/pbft_impl.go:372: the sequenceID of commit message is wrong!
[Reply error]2021/10/12 18:02:53.553604 /root/study/github_repository/pbft/pbft_impl.go:372: the sequenceID of commit message is wrong!
[Reply error]2021/10/12 18:02:53.553621 /root/study/github_repository/pbftconsensus/network/routine_dispatchMsg.go:95: [into commit]
[Commit error]2021/10/12 18:03:08.421019 /root/study/github_repository/pbft/pbft_impl.go:270: the sequenceID of prepare message is wrong!
[Commit error]2021/10/12 18:03:08.421034 /root/study/github_repository/pbft/pbft_impl.go:271: Last_sequence_number= 1634032903344307895
[Commit error]2021/10/12 18:03:08.421038 /root/study/github_repository/pbft/pbft_impl.go:272: prepare.Sequence_number= 1634032903344307895
[Commit error]2021/10/12 18:03:08.421160 /root/study/github_repository/pbft/pbft_impl.go:270: the sequenceID of prepare message is wrong!
[Commit error]2021/10/12 18:03:08.421166 /root/study/github_repository/pbft/pbft_impl.go:271: Last_sequence_number= 1634032903344307895
[Commit error]2021/10/12 18:03:08.421177 /root/study/github_repository/pbft/pbft_impl.go:272: prepare.Sequence_number= 1634032903344307895
[Commit error]2021/10/12 18:03:08.421314 /root/study/github_repository/pbft/pbft_impl.go:270: the sequenceID of prepare message is wrong!
[Commit error]2021/10/12 18:03:08.421320 /root/study/github_repository/pbft/pbft_impl.go:271: Last_sequence_number= 1634032903344307895
[Commit error]2021/10/12 18:03:08.421324 /root/study/github_repository/pbft/pbft_impl.go:272: prepare.Sequence_number= 1634032903344307895
[Reply error]2021/10/12 18:03:08.515435 /root/study/github_repository/pbft/pbft_impl.go:372: the sequenceID of commit message is wrong!
[Reply error]2021/10/12 18:03:08.515701 /root/study/github_repository/pbft/pbft_impl.go:372: the sequenceID of commit message is wrong!
[Reply error]2021/10/12 18:03:08.537748 /root/study/github_repository/pbftconsensus/network/routine_dispatchMsg.go:95: [into commit]
[Commit error]2021/10/12 18:03:18.411153 /root/study/github_repository/pbft/pbft_impl.go:270: the sequenceID of prepare message is wrong!
[Commit error]2021/10/12 18:03:18.411165 /root/study/github_repository/pbft/pbft_impl.go:271: Last_sequence_number= 1634032903344307896
[Commit error]2021/10/12 18:03:18.411170 /root/study/github_repository/pbft/pbft_impl.go:272: prepare.Sequence_number= 1634032903344307896
[Commit error]2021/10/12 18:03:18.411271 /root/study/github_repository/pbft/pbft_impl.go:270: the sequenceID of prepare message is wrong!
[Commit error]2021/10/12 18:03:18.411279 /root/study/github_repository/pbft/pbft_impl.go:271: Last_sequence_number= 1634032903344307896
[Commit error]2021/10/12 18:03:18.411283 /root/study/github_repository/pbft/pbft_impl.go:272: prepare.Sequence_number= 1634032903344307896
[Commit error]2021/10/12 18:03:18.411402 /root/study/github_repository/pbft/pbft_impl.go:270: the sequenceID of prepare message is wrong!
[Commit error]2021/10/12 18:03:18.411409 /root/study/github_repository/pbft/pbft_impl.go:271: Last_sequence_number= 1634032903344307896
[Commit error]2021/10/12 18:03:18.411413 /root/study/github_repository/pbft/pbft_impl.go:272: prepare.Sequence_number= 1634032903344307896
[Reply error]2021/10/12 18:03:18.546200 /root/study/github_repository/pbft/pbft_impl.go:372: the sequenceID of commit message is wrong!
[Reply error]2021/10/12 18:03:18.546410 /root/study/github_repository/pbft/pbft_impl.go:372: the sequenceID of commit message is wrong!
[Reply error]2021/10/12 18:03:18.546614 /root/study/github_repository/pbft/pbft_impl.go:372: the sequenceID of commit message is wrong!
[Commit error]2021/10/12 18:03:28.414207 /root/study/github_repository/pbft/pbft_impl.go:270: the sequenceID of prepare message is wrong!
[Commit error]2021/10/12 18:03:28.414223 /root/study/github_repository/pbft/pbft_impl.go:271: Last_sequence_number= 1634032903344307897
[Commit error]2021/10/12 18:03:28.414227 /root/study/github_repository/pbft/pbft_impl.go:272: prepare.Sequence_number= 1634032903344307897
[Commit error]2021/10/12 18:03:28.414317 /root/study/github_repository/pbft/pbft_impl.go:270: the sequenceID of prepare message is wrong!
[Commit error]2021/10/12 18:03:28.414323 /root/study/github_repository/pbft/pbft_impl.go:271: Last_sequence_number= 1634032903344307897
[Commit error]2021/10/12 18:03:28.414327 /root/study/github_repository/pbft/pbft_impl.go:272: prepare.Sequence_number= 1634032903344307897
[Commit error]2021/10/12 18:03:28.414404 /root/study/github_repository/pbft/pbft_impl.go:270: the sequenceID of prepare message is wrong!
[Commit error]2021/10/12 18:03:28.414410 /root/study/github_repository/pbft/pbft_impl.go:271: Last_sequence_number= 1634032903344307897
[Commit error]2021/10/12 18:03:28.414413 /root/study/github_repository/pbft/pbft_impl.go:272: prepare.Sequence_number= 1634032903344307897
[Reply error]2021/10/12 18:03:28.500074 /root/study/github_repository/pbft/pbft_impl.go:372: the sequenceID of commit message is wrong!
[Reply error]2021/10/12 18:03:28.499981 /root/study/github_repository/pbftconsensus/network/routine_dispatchMsg.go:95: [into commit]
[Reply error]2021/10/12 18:03:28.500195 /root/study/github_repository/pbft/pbft_impl.go:372: the sequenceID of commit message is wrong!
[Reply error]2021/10/12 18:03:28.500274 /root/study/github_repository/pbft/pbft_impl.go:372: the sequenceID of commit message is wrong!
