[Prepare error]2021/10/06 20:29:47.466530 /root/study/github_repository/qbtx/transaction.go:103: verify of tx success
[Prepare error]2021/10/06 20:29:47.466869 /root/study/github_repository/qbtx/transaction.go:103: verify of tx success
[Commit error]2021/10/06 20:29:47.469879 /root/study/github_repository/qbtx/transaction.go:103: verify of tx success
[Commit error]2021/10/06 20:29:47.470175 /root/study/github_repository/qbtx/transaction.go:103: verify of tx success
[Commit error]2021/10/06 20:29:47.470469 /root/study/github_repository/qbtx/transaction.go:103: verify of tx success
[Commit error]2021/10/06 20:29:47.470751 /root/study/github_repository/qbtx/transaction.go:103: verify of tx success
[Commit error]2021/10/06 20:29:47.471821 /root/study/github_repository/qbtx/transaction.go:103: verify of tx success
[Commit error]2021/10/06 20:29:47.472224 /root/study/github_repository/qbtx/transaction.go:103: verify of tx success
[Commit error]2021/10/06 20:29:47.472512 /root/study/github_repository/qbtx/transaction.go:103: verify of tx success
[Reply error]2021/10/06 20:29:47.473395 /root/study/github_repository/qbtx/transaction.go:103: verify of tx success
[Reply error]2021/10/06 20:29:47.473738 /root/study/github_repository/qbtx/transaction.go:103: verify of tx success
[Reply error]2021/10/06 20:29:47.476960 /root/study/github_repository/qbtx/transaction.go:103: verify of tx success
[Reply error]2021/10/06 20:29:47.477287 /root/study/github_repository/qbtx/transaction.go:103: verify of tx success
[Reply error]2021/10/06 20:29:47.477638 /root/study/github_repository/qbtx/transaction.go:103: verify of tx success
[Reply error]2021/10/06 20:29:47.477950 /root/study/github_repository/qbtx/transaction.go:103: verify of tx success
[Prepare error]2021/10/06 20:29:57.470281 /root/study/github_repository/qbtx/transaction.go:103: verify of tx success
[Prepare error]2021/10/06 20:29:57.470552 /root/study/github_repository/qbtx/transaction.go:103: verify of tx success
[Prepare error]2021/10/06 20:29:57.470807 /root/study/github_repository/qbtx/transaction.go:103: verify of tx success
[Commit error]2021/10/06 20:29:57.473824 /root/study/github_repository/qbtx/transaction.go:103: verify of tx success
[Commit error]2021/10/06 20:29:57.474128 /root/study/github_repository/qbtx/transaction.go:103: verify of tx success
[Commit error]2021/10/06 20:29:57.474417 /root/study/github_repository/qbtx/transaction.go:103: verify of tx success
[Reply error]2021/10/06 20:29:57.476668 /root/study/github_repository/qbtx/transaction.go:103: verify of tx success
[Reply error]2021/10/06 20:29:57.477005 /root/study/github_repository/qbtx/transaction.go:103: verify of tx success
[Reply error]2021/10/06 20:29:57.480441 /root/study/github_repository/qbtx/transaction.go:103: verify of tx success
[Reply error]2021/10/06 20:29:57.481541 /root/study/github_repository/qbtx/transaction.go:103: verify of tx success
[Reply error]2021/10/06 20:29:57.481935 /root/study/github_repository/qbtx/transaction.go:103: verify of tx success
[Prepare error]2021/10/06 20:29:59.470660 /root/study/github_repository/qbtx/transaction.go:103: verify of tx success
[Commit error]2021/10/06 20:29:59.472492 /root/study/github_repository/qbtx/transaction.go:103: verify of tx success
[Reply error]2021/10/06 20:29:59.473798 /root/study/github_repository/qbtx/transaction.go:103: verify of tx success
[Reply error]2021/10/06 20:29:59.474320 /root/study/github_repository/qbtx/transaction.go:103: verify of tx success
[Prepare error]2021/10/06 20:30:13.482941 /root/study/github_repository/qbtx/transaction.go:103: verify of tx success
[Prepare error]2021/10/06 20:30:13.483270 /root/study/github_repository/qbtx/transaction.go:103: verify of tx success
[Commit error]2021/10/06 20:30:13.485072 /root/study/github_repository/pbft/pbft_impl.go:264: the sequenceID of prepare message is wrong!
[Commit error]2021/10/06 20:30:13.485089 /root/study/github_repository/pbft/pbft_impl.go:265: Last_sequence_number= 1633523387462679297
[Commit error]2021/10/06 20:30:13.485095 /root/study/github_repository/pbft/pbft_impl.go:266: prepare.Sequence_number= 1633523387462679297
[Commit error]2021/10/06 20:30:13.486830 /root/study/github_repository/qbtx/transaction.go:103: verify of tx success
[Reply error]2021/10/06 20:30:13.487579 /root/study/github_repository/pbft/pbft_impl.go:360: the sequenceID of commit message is wrong!
[Reply error]2021/10/06 20:30:13.490374 /root/study/github_repository/qbtx/transaction.go:103: verify of tx success
[Reply error]2021/10/06 20:30:13.490716 /root/study/github_repository/qbtx/transaction.go:103: verify of tx success
[Prepare error]2021/10/06 20:30:15.484762 /root/study/github_repository/qbtx/transaction.go:103: verify of tx success
[Prepare error]2021/10/06 20:30:15.485062 /root/study/github_repository/qbtx/transaction.go:103: verify of tx success
[Commit error]2021/10/06 20:30:15.486560 /root/study/github_repository/qbtx/transaction.go:103: verify of tx success
[Commit error]2021/10/06 20:30:15.486875 /root/study/github_repository/qbtx/transaction.go:103: verify of tx success
[Commit error]2021/10/06 20:30:15.487999 /root/study/github_repository/qbtx/transaction.go:103: verify of tx success
[Commit error]2021/10/06 20:30:15.488254 /root/study/github_repository/qbtx/transaction.go:103: verify of tx success
[Reply error]2021/10/06 20:30:15.490726 /root/study/github_repository/qbtx/transaction.go:103: verify of tx success
[Reply error]2021/10/06 20:30:15.491024 /root/study/github_repository/qbtx/transaction.go:103: verify of tx success
[Prepare error]2021/10/06 20:30:48.212499 /root/study/github_repository/qbtx/transaction.go:103: verify of tx success
[Prepare error]2021/10/06 20:30:48.212829 /root/study/github_repository/qbtx/transaction.go:103: verify of tx success
[Prepare error]2021/10/06 20:30:48.213137 /root/study/github_repository/qbtx/transaction.go:103: verify of tx success
[Prepare error]2021/10/06 20:30:48.213391 /root/study/github_repository/qbtx/transaction.go:103: verify of tx success
[Commit error]2021/10/06 20:30:48.217726 /root/study/github_repository/qbtx/transaction.go:103: verify of tx success
[Commit error]2021/10/06 20:30:48.218000 /root/study/github_repository/qbtx/transaction.go:103: verify of tx success
[Commit error]2021/10/06 20:30:48.218272 /root/study/github_repository/qbtx/transaction.go:103: verify of tx success
[Reply error]2021/10/06 20:30:48.224514 /root/study/github_repository/qbtx/transaction.go:103: verify of tx success
[Reply error]2021/10/06 20:30:48.224772 /root/study/github_repository/qbtx/transaction.go:103: verify of tx success
[Reply error]2021/10/06 20:30:48.225028 /root/study/github_repository/qbtx/transaction.go:103: verify of tx success
[Reply error]2021/10/06 20:30:48.225280 /root/study/github_repository/qbtx/transaction.go:103: verify of tx success
[Prepare error]2021/10/06 20:38:50.740218 /root/study/github_repository/qbtx/transaction.go:103: verify of tx success
[Prepare error]2021/10/06 20:38:50.740500 /root/study/github_repository/qbtx/transaction.go:103: verify of tx success
[Prepare error]2021/10/06 20:38:50.740790 /root/study/github_repository/qbtx/transaction.go:103: verify of tx success
[Prepare error]2021/10/06 20:38:50.741050 /root/study/github_repository/qbtx/transaction.go:103: verify of tx success
[Commit error]2021/10/06 20:38:50.742436 /root/study/github_repository/qbtx/transaction.go:103: verify of tx success
[Commit error]2021/10/06 20:38:50.742739 /root/study/github_repository/qbtx/transaction.go:103: verify of tx success
[Commit error]2021/10/06 20:38:50.743081 /root/study/github_repository/qbtx/transaction.go:103: verify of tx success
[Commit error]2021/10/06 20:38:50.743357 /root/study/github_repository/qbtx/transaction.go:103: verify of tx success
[Commit error]2021/10/06 20:38:50.744520 /root/study/github_repository/qbtx/transaction.go:103: verify of tx success
[Commit error]2021/10/06 20:38:50.744782 /root/study/github_repository/qbtx/transaction.go:103: verify of tx success
[Commit error]2021/10/06 20:38:50.745075 /root/study/github_repository/qbtx/transaction.go:103: verify of tx success
[Commit error]2021/10/06 20:38:50.745415 /root/study/github_repository/qbtx/transaction.go:103: verify of tx success
[Reply error]2021/10/06 20:38:50.749053 /root/study/github_repository/qbtx/transaction.go:103: verify of tx success
[Reply error]2021/10/06 20:38:50.750915 /root/study/github_repository/qbtx/transaction.go:103: verify of tx success
[Reply error]2021/10/06 20:38:50.751214 /root/study/github_repository/qbtx/transaction.go:103: verify of tx success
[Reply error]2021/10/06 20:38:50.751460 /root/study/github_repository/qbtx/transaction.go:103: verify of tx success
[Reply error]2021/10/06 20:38:50.751698 /root/study/github_repository/qbtx/transaction.go:103: verify of tx success
[Prepare error]2021/10/06 20:48:11.426123 /root/study/github_repository/qbtx/transaction.go:103: verify of tx success
[Commit error]2021/10/06 20:48:11.428589 /root/study/github_repository/qbtx/transaction.go:103: verify of tx success
[Commit error]2021/10/06 20:48:11.428920 /root/study/github_repository/qbtx/transaction.go:103: verify of tx success
[Commit error]2021/10/06 20:48:11.429267 /root/study/github_repository/qbtx/transaction.go:103: verify of tx success
[Commit error]2021/10/06 20:48:11.430548 /root/study/github_repository/qbtx/transaction.go:103: verify of tx success
[Commit error]2021/10/06 20:48:11.430810 /root/study/github_repository/qbtx/transaction.go:103: verify of tx success
[Commit error]2021/10/06 20:48:11.431110 /root/study/github_repository/qbtx/transaction.go:103: verify of tx success
[Reply error]2021/10/06 20:48:11.431732 /root/study/github_repository/qbtx/transaction.go:103: verify of tx success
[Reply error]2021/10/06 20:48:11.432882 /root/study/github_repository/qbtx/transaction.go:103: verify of tx success
[Reply error]2021/10/06 20:48:11.433159 /root/study/github_repository/qbtx/transaction.go:103: verify of tx success
[Reply error]2021/10/06 20:48:11.433419 /root/study/github_repository/qbtx/transaction.go:103: verify of tx success
[Reply error]2021/10/06 20:48:11.434846 /root/study/github_repository/qbtx/transaction.go:103: verify of tx success
[Reply error]2021/10/06 20:48:11.435129 /root/study/github_repository/qbtx/transaction.go:103: verify of tx success
[Reply error]2021/10/06 20:48:11.435374 /root/study/github_repository/qbtx/transaction.go:103: verify of tx success
[Prepare error]2021/10/06 20:48:13.424854 /root/study/github_repository/qbtx/transaction.go:103: verify of tx success
[Commit error]2021/10/06 20:48:13.427447 /root/study/github_repository/qbtx/transaction.go:103: verify of tx success
[Reply error]2021/10/06 20:48:13.428488 /root/study/github_repository/qbtx/transaction.go:103: verify of tx success
[Prepare error]2021/10/06 20:55:36.198820 /root/study/github_repository/qbtx/transaction.go:103: verify of tx success
[Prepare error]2021/10/06 20:55:36.199177 /root/study/github_repository/qbtx/transaction.go:103: verify of tx success
[Prepare error]2021/10/06 20:55:36.199503 /root/study/github_repository/qbtx/transaction.go:103: verify of tx success
[Prepare error]2021/10/06 20:55:36.199896 /root/study/github_repository/qbtx/transaction.go:103: verify of tx success
[Commit error]2021/10/06 20:55:36.202517 /root/study/github_repository/qbtx/transaction.go:103: verify of tx success
[Commit error]2021/10/06 20:55:36.204387 /root/study/github_repository/qbtx/transaction.go:103: verify of tx success
[Commit error]2021/10/06 20:55:36.204648 /root/study/github_repository/qbtx/transaction.go:103: verify of tx success
[Commit error]2021/10/06 20:55:36.204963 /root/study/github_repository/qbtx/transaction.go:103: verify of tx success
[Commit error]2021/10/06 20:55:36.205263 /root/study/github_repository/qbtx/transaction.go:103: verify of tx success
[Reply error]2021/10/06 20:55:36.219946 /root/study/github_repository/qbtx/transaction.go:103: verify of tx success
[Reply error]2021/10/06 20:55:36.220236 /root/study/github_repository/qbtx/transaction.go:103: verify of tx success
[Reply error]2021/10/06 20:55:36.220548 /root/study/github_repository/qbtx/transaction.go:103: verify of tx success
[Reply error]2021/10/06 20:55:36.220796 /root/study/github_repository/qbtx/transaction.go:103: verify of tx success
[Reply error]2021/10/06 20:55:36.221325 /root/study/github_repository/qbtx/transaction.go:103: verify of tx success
[Reply error]2021/10/06 20:55:36.221588 /root/study/github_repository/qbtx/transaction.go:103: verify of tx success
[Reply error]2021/10/06 20:55:36.221843 /root/study/github_repository/qbtx/transaction.go:103: verify of tx success
[Reply error]2021/10/06 20:55:36.222089 /root/study/github_repository/qbtx/transaction.go:103: verify of tx success
[Reply error]2021/10/06 20:55:36.222802 /root/study/github_repository/qbtx/transaction.go:103: verify of tx success
[Reply error]2021/10/06 20:55:36.223087 /root/study/github_repository/qbtx/transaction.go:103: verify of tx success
[Reply error]2021/10/06 20:55:36.223357 /root/study/github_repository/qbtx/transaction.go:103: verify of tx success
[Reply error]2021/10/06 20:55:36.223662 /root/study/github_repository/qbtx/transaction.go:103: verify of tx success
[Prepare error]2021/10/06 21:11:11.966352 /root/study/github_repository/qbtx/transaction.go:103: verify of tx success
[Prepare error]2021/10/06 21:11:11.966678 /root/study/github_repository/qbtx/transaction.go:103: verify of tx success
[Prepare error]2021/10/06 21:11:11.966938 /root/study/github_repository/qbtx/transaction.go:103: verify of tx success
[Prepare error]2021/10/06 21:11:11.967192 /root/study/github_repository/qbtx/transaction.go:103: verify of tx success
[Commit error]2021/10/06 21:11:11.968921 /root/study/github_repository/qbtx/transaction.go:103: verify of tx success
[Reply error]2021/10/06 21:11:11.974169 /root/study/github_repository/qbtx/transaction.go:103: verify of tx success
[Reply error]2021/10/06 21:11:11.974561 /root/study/github_repository/qbtx/transaction.go:103: verify of tx success
[Reply error]2021/10/06 21:11:11.976418 /root/study/github_repository/qbtx/transaction.go:103: verify of tx success
[Reply error]2021/10/06 21:11:11.976804 /root/study/github_repository/qbtx/transaction.go:103: verify of tx success
[Reply error]2021/10/06 21:11:11.977189 /root/study/github_repository/qbtx/transaction.go:103: verify of tx success
[Reply error]2021/10/06 21:11:11.977556 /root/study/github_repository/qbtx/transaction.go:103: verify of tx success
[Prepare error]2021/10/06 21:15:11.211522 /root/study/github_repository/qbtx/transaction.go:103: verify of tx success
[Prepare error]2021/10/06 21:15:11.211787 /root/study/github_repository/qbtx/transaction.go:103: verify of tx success
[Prepare error]2021/10/06 21:15:11.212028 /root/study/github_repository/qbtx/transaction.go:103: verify of tx success
[Prepare error]2021/10/06 21:15:11.212261 /root/study/github_repository/qbtx/transaction.go:103: verify of tx success
[Commit error]2021/10/06 21:15:11.213768 /root/study/github_repository/qbtx/transaction.go:103: verify of tx success
[Commit error]2021/10/06 21:15:11.215975 /root/study/github_repository/qbtx/transaction.go:103: verify of tx success
[Commit error]2021/10/06 21:15:11.216244 /root/study/github_repository/qbtx/transaction.go:103: verify of tx success
[Reply error]2021/10/06 21:15:11.217441 /root/study/github_repository/qbtx/transaction.go:103: verify of tx success
[Reply error]2021/10/06 21:15:11.220429 /root/study/github_repository/qbtx/transaction.go:103: verify of tx success
[Reply error]2021/10/06 21:15:11.220689 /root/study/github_repository/qbtx/transaction.go:103: verify of tx success
[Reply error]2021/10/06 21:15:11.220968 /root/study/github_repository/qbtx/transaction.go:103: verify of tx success
[Reply error]2021/10/06 21:15:11.221218 /root/study/github_repository/qbtx/transaction.go:103: verify of tx success
[Prepare error]2021/10/06 21:22:40.059495 /root/study/github_repository/qbtx/transaction.go:103: verify of tx success
[Prepare error]2021/10/06 21:22:40.059776 /root/study/github_repository/qbtx/transaction.go:103: verify of tx success
[Commit error]2021/10/06 21:22:40.061166 /root/study/github_repository/qbtx/transaction.go:103: verify of tx success
[Commit error]2021/10/06 21:22:40.061445 /root/study/github_repository/qbtx/transaction.go:103: verify of tx success
[Commit error]2021/10/06 21:22:40.062723 /root/study/github_repository/qbtx/transaction.go:103: verify of tx success
[Commit error]2021/10/06 21:22:40.062973 /root/study/github_repository/qbtx/transaction.go:103: verify of tx success
[Reply error]2021/10/06 21:22:40.065965 /root/study/github_repository/qbtx/transaction.go:103: verify of tx success
[Reply error]2021/10/06 21:22:40.067417 /root/study/github_repository/qbtx/transaction.go:103: verify of tx success
[Reply error]2021/10/06 21:22:40.067795 /root/study/github_repository/qbtx/transaction.go:103: verify of tx success
[Prepare error]2021/10/06 21:22:42.057496 /root/study/github_repository/qbtx/transaction.go:103: verify of tx success
[Prepare error]2021/10/06 21:22:42.057772 /root/study/github_repository/qbtx/transaction.go:103: verify of tx success
[Commit error]2021/10/06 21:22:42.060342 /root/study/github_repository/qbtx/transaction.go:103: verify of tx success
[Commit error]2021/10/06 21:22:42.060600 /root/study/github_repository/qbtx/transaction.go:103: verify of tx success
[Reply error]2021/10/06 21:22:42.061702 /root/study/github_repository/qbtx/transaction.go:103: verify of tx success
[Reply error]2021/10/06 21:22:42.061945 /root/study/github_repository/qbtx/transaction.go:103: verify of tx success
[Reply error]2021/10/06 21:22:42.063367 /root/study/github_repository/qbtx/transaction.go:103: verify of tx success
[Reply error]2021/10/06 21:22:42.064329 /root/study/github_repository/qbtx/transaction.go:103: verify of tx success
[Reply error]2021/10/06 21:22:42.064608 /root/study/github_repository/qbtx/transaction.go:103: verify of tx success
[Prepare error]2021/10/06 21:23:47.300449 /root/study/github_repository/qbtx/transaction.go:103: verify of tx success
[Prepare error]2021/10/06 21:23:47.300733 /root/study/github_repository/qbtx/transaction.go:103: verify of tx success
[Prepare error]2021/10/06 21:23:47.300992 /root/study/github_repository/qbtx/transaction.go:103: verify of tx success
[Prepare error]2021/10/06 21:23:47.301248 /root/study/github_repository/qbtx/transaction.go:103: verify of tx success
[Commit error]2021/10/06 21:23:47.303520 /root/study/github_repository/qbtx/transaction.go:103: verify of tx success
[Commit error]2021/10/06 21:23:47.303815 /root/study/github_repository/qbtx/transaction.go:103: verify of tx success
[Commit error]2021/10/06 21:23:47.305836 /root/study/github_repository/qbtx/transaction.go:103: verify of tx success
[Commit error]2021/10/06 21:23:47.306092 /root/study/github_repository/qbtx/transaction.go:103: verify of tx success
[Commit error]2021/10/06 21:23:47.306371 /root/study/github_repository/qbtx/transaction.go:103: verify of tx success
[Commit error]2021/10/06 21:23:47.306646 /root/study/github_repository/qbtx/transaction.go:103: verify of tx success
[Reply error]2021/10/06 21:23:47.308704 /root/study/github_repository/qbtx/transaction.go:103: verify of tx success
[Reply error]2021/10/06 21:23:47.308981 /root/study/github_repository/qbtx/transaction.go:103: verify of tx success
[Reply error]2021/10/06 21:23:47.309237 /root/study/github_repository/qbtx/transaction.go:103: verify of tx success
[Reply error]2021/10/06 21:23:47.309492 /root/study/github_repository/qbtx/transaction.go:103: verify of tx success
[Reply error]2021/10/06 21:23:47.310117 /root/study/github_repository/qbtx/transaction.go:103: verify of tx success
[Reply error]2021/10/06 21:23:47.311874 /root/study/github_repository/qbtx/transaction.go:103: verify of tx success
[Reply error]2021/10/06 21:23:47.312171 /root/study/github_repository/qbtx/transaction.go:103: verify of tx success
[Reply error]2021/10/06 21:23:47.312500 /root/study/github_repository/qbtx/transaction.go:103: verify of tx success
[Reply error]2021/10/06 21:23:47.312836 /root/study/github_repository/qbtx/transaction.go:103: verify of tx success
[Prepare error]2021/10/06 21:23:55.306427 /root/study/github_repository/qbtx/transaction.go:103: verify of tx success
[Prepare error]2021/10/06 21:23:55.306734 /root/study/github_repository/qbtx/transaction.go:103: verify of tx success
[Prepare error]2021/10/06 21:23:55.307025 /root/study/github_repository/qbtx/transaction.go:103: verify of tx success
[Prepare error]2021/10/06 21:23:55.307293 /root/study/github_repository/qbtx/transaction.go:103: verify of tx success
[Commit error]2021/10/06 21:23:55.422096 /root/study/github_repository/qbtx/transaction.go:103: verify of tx success
[Commit error]2021/10/06 21:23:55.422328 /root/study/github_repository/qbtx/transaction.go:103: verify of tx success
[Commit error]2021/10/06 21:23:55.422639 /root/study/github_repository/qbtx/transaction.go:103: verify of tx success
[Commit error]2021/10/06 21:23:55.422871 /root/study/github_repository/qbtx/transaction.go:103: verify of tx success
[Commit error]2021/10/06 21:23:55.423867 /root/study/github_repository/qbtx/transaction.go:103: verify of tx success
[Commit error]2021/10/06 21:23:55.424149 /root/study/github_repository/qbtx/transaction.go:103: verify of tx success
[Commit error]2021/10/06 21:23:55.424413 /root/study/github_repository/qbtx/transaction.go:103: verify of tx success
[Commit error]2021/10/06 21:23:55.424696 /root/study/github_repository/qbtx/transaction.go:103: verify of tx success
[Reply error]2021/10/06 21:23:55.624090 /root/study/github_repository/qbtx/transaction.go:103: verify of tx success
[Reply error]2021/10/06 21:23:55.634615 /root/study/github_repository/qbtx/transaction.go:103: verify of tx success
[Reply error]2021/10/06 21:23:55.635348 /root/study/github_repository/qbtx/transaction.go:103: verify of tx success
[Reply error]2021/10/06 21:23:55.635576 /root/study/github_repository/qbtx/transaction.go:103: verify of tx success
[Reply error]2021/10/06 21:23:55.636095 /root/study/github_repository/qbtx/transaction.go:103: verify of tx success
[Reply error]2021/10/06 21:23:55.636317 /root/study/github_repository/qbtx/transaction.go:103: verify of tx success
[Reply error]2021/10/06 21:23:55.636544 /root/study/github_repository/qbtx/transaction.go:103: verify of tx success
[Reply error]2021/10/06 21:23:55.636761 /root/study/github_repository/qbtx/transaction.go:103: verify of tx success
[Reply error]2021/10/06 21:23:55.637410 /root/study/github_repository/qbtx/transaction.go:103: verify of tx success
[Reply error]2021/10/06 21:23:55.637660 /root/study/github_repository/qbtx/transaction.go:103: verify of tx success
[Reply error]2021/10/06 21:23:55.637931 /root/study/github_repository/qbtx/transaction.go:103: verify of tx success
[Reply error]2021/10/06 21:23:55.638193 /root/study/github_repository/qbtx/transaction.go:103: verify of tx success
[Prepare error]2021/10/06 21:24:03.307975 /root/study/github_repository/qbtx/transaction.go:103: verify of tx success
[Prepare error]2021/10/06 21:24:03.308233 /root/study/github_repository/qbtx/transaction.go:103: verify of tx success
[Prepare error]2021/10/06 21:24:03.308474 /root/study/github_repository/qbtx/transaction.go:103: verify of tx success
[Prepare error]2021/10/06 21:24:03.308716 /root/study/github_repository/qbtx/transaction.go:103: verify of tx success
[Commit error]2021/10/06 21:24:03.312463 /root/study/github_repository/qbtx/transaction.go:103: verify of tx success
[Commit error]2021/10/06 21:24:03.314368 /root/study/github_repository/qbtx/transaction.go:103: verify of tx success
[Commit error]2021/10/06 21:24:03.314715 /root/study/github_repository/qbtx/transaction.go:103: verify of tx success
[Commit error]2021/10/06 21:24:03.314999 /root/study/github_repository/qbtx/transaction.go:103: verify of tx success
[Commit error]2021/10/06 21:24:03.315251 /root/study/github_repository/qbtx/transaction.go:103: verify of tx success
[Reply error]2021/10/06 21:24:03.466486 /root/study/github_repository/qbtx/transaction.go:103: verify of tx success
[Reply error]2021/10/06 21:24:03.466725 /root/study/github_repository/qbtx/transaction.go:103: verify of tx success
[Reply error]2021/10/06 21:24:03.466949 /root/study/github_repository/qbtx/transaction.go:103: verify of tx success
[Reply error]2021/10/06 21:24:03.467183 /root/study/github_repository/qbtx/transaction.go:103: verify of tx success
[Reply error]2021/10/06 21:24:03.467652 /root/study/github_repository/qbtx/transaction.go:103: verify of tx success
[Reply error]2021/10/06 21:24:03.467884 /root/study/github_repository/qbtx/transaction.go:103: verify of tx success
[Reply error]2021/10/06 21:24:03.468179 /root/study/github_repository/qbtx/transaction.go:103: verify of tx success
[Reply error]2021/10/06 21:24:03.468403 /root/study/github_repository/qbtx/transaction.go:103: verify of tx success
[Reply error]2021/10/06 21:24:03.468988 /root/study/github_repository/qbtx/transaction.go:103: verify of tx success
[Reply error]2021/10/06 21:24:03.469235 /root/study/github_repository/qbtx/transaction.go:103: verify of tx success
[Reply error]2021/10/06 21:24:03.469477 /root/study/github_repository/qbtx/transaction.go:103: verify of tx success
[Reply error]2021/10/06 21:24:03.469730 /root/study/github_repository/qbtx/transaction.go:103: verify of tx success
[Prepare error]2021/10/06 21:26:25.539864 /root/study/github_repository/qbtx/transaction.go:103: verify of tx success
[Commit error]2021/10/06 21:26:25.541877 /root/study/github_repository/qbtx/transaction.go:103: verify of tx success
