PBFT--[PREPARE DONE]----2021/11/13 22:42:58.699076 /root/study/github_repository/pbftconsensus/network/routine_broadcastMsg.go:89: broadcast prepare message, into commit
PBFT--[COMMIT DONE]-----2021/11/13 22:42:59.607203 /root/study/github_repository/pbftconsensus/network/routine_broadcastMsg.go:94: broadcast commit message, into reply
PBFT--[REPLY DONE]------2021/11/13 22:42:59.711522 /root/study/github_repository/pbftconsensus/network/routine_broadcastMsg.go:117: broadcast reply message, send result of pbft
UPDATE BLOCKCHAIN-------2021/11/13 22:42:59.713481 /root/study/github_repository/qb/qbnode/node_routine_broadcastMsg.go:78: add new block to blockchain

PBFT--[PREPARE DONE]----2021/11/13 22:43:01.339788 /root/study/github_repository/pbftconsensus/network/routine_broadcastMsg.go:89: broadcast prepare message, into commit
PBFT--[COMMIT DONE]-----2021/11/13 22:43:02.105192 /root/study/github_repository/pbftconsensus/network/routine_broadcastMsg.go:94: broadcast commit message, into reply
PBFT--[REPLY DONE]------2021/11/13 22:43:02.158584 /root/study/github_repository/pbftconsensus/network/routine_broadcastMsg.go:117: broadcast reply message, send result of pbft
UPDATE BLOCKCHAIN-------2021/11/13 22:43:02.162260 /root/study/github_repository/qb/qbnode/node_routine_broadcastMsg.go:78: add new block to blockchain

PBFT--[PREPARE DONE]----2021/11/13 22:55:32.307569 /root/study/github_repository/pbftconsensus/network/routine_broadcastMsg.go:89: broadcast prepare message, into commit
PBFT--[COMMIT DONE]-----2021/11/13 22:55:32.995809 /root/study/github_repository/pbftconsensus/network/routine_broadcastMsg.go:94: broadcast commit message, into reply
PBFT--[REPLY DONE]------2021/11/13 22:55:33.199498 /root/study/github_repository/pbftconsensus/network/routine_broadcastMsg.go:117: broadcast reply message, send result of pbft
UPDATE BLOCKCHAIN-------2021/11/13 22:55:33.203550 /root/study/github_repository/qb/qbnode/node_routine_broadcastMsg.go:78: add new block to blockchain

PBFT--[PREPARE DONE]----2021/11/13 22:56:02.250053 /root/study/github_repository/pbftconsensus/network/routine_broadcastMsg.go:89: broadcast prepare message, into commit
PBFT--[COMMIT DONE]-----2021/11/13 22:56:02.840981 /root/study/github_repository/pbftconsensus/network/routine_broadcastMsg.go:94: broadcast commit message, into reply
PBFT--[REPLY DONE]------2021/11/13 22:56:02.861584 /root/study/github_repository/pbftconsensus/network/routine_broadcastMsg.go:117: broadcast reply message, send result of pbft
UPDATE BLOCKCHAIN-------2021/11/13 22:56:02.864565 /root/study/github_repository/qb/qbnode/node_routine_broadcastMsg.go:78: add new block to blockchain

PBFT--[PREPARE DONE]----2021/11/13 22:56:05.599166 /root/study/github_repository/pbftconsensus/network/routine_broadcastMsg.go:89: broadcast prepare message, into commit
PBFT--[COMMIT DONE]-----2021/11/13 22:56:06.015161 /root/study/github_repository/pbftconsensus/network/routine_broadcastMsg.go:94: broadcast commit message, into reply
PBFT--[REPLY DONE]------2021/11/13 22:56:06.049445 /root/study/github_repository/pbftconsensus/network/routine_broadcastMsg.go:117: broadcast reply message, send result of pbft
UPDATE BLOCKCHAIN-------2021/11/13 22:56:06.051728 /root/study/github_repository/qb/qbnode/node_routine_broadcastMsg.go:78: add new block to blockchain

PBFT--[PREPARE DONE]----2021/11/26 12:43:10.981101 /root/study/github_repository/pbftconsensus/network/routine_broadcastMsg.go:89: broadcast prepare message, into commit
PBFT--[COMMIT DONE]-----2021/11/26 12:43:11.798625 /root/study/github_repository/pbftconsensus/network/routine_broadcastMsg.go:94: broadcast commit message, into reply
PBFT--[REPLY DONE]------2021/11/26 12:43:11.937880 /root/study/github_repository/pbftconsensus/network/routine_broadcastMsg.go:117: broadcast reply message, send result of pbft
UPDATE BLOCKCHAIN-------2021/11/26 12:43:11.948752 /root/study/github_repository/qb/qbnode/node_routine_broadcastMsg.go:78: add new block to blockchain

PBFT--[PREPARE DONE]----2021/11/26 12:58:30.975878 /root/study/github_repository/pbftconsensus/network/routine_broadcastMsg.go:90: broadcast prepare message, into commit
PBFT--[COMMIT DONE]-----2021/11/26 12:58:31.738708 /root/study/github_repository/pbftconsensus/network/routine_broadcastMsg.go:95: broadcast commit message, into reply
PBFT--[REPLY DONE]------2021/11/26 12:58:32.460738 /root/study/github_repository/pbftconsensus/network/routine_broadcastMsg.go:121: broadcast reply message, send result of pbft
UPDATE BLOCKCHAIN-------2021/11/26 12:58:32.464294 /root/study/github_repository/qb/qbnode/node_routine_broadcastMsg.go:78: add new block to blockchain

PBFT--[PREPARE DONE]----2021/11/26 13:01:36.429529 /root/study/github_repository/pbftconsensus/network/routine_broadcastMsg.go:90: broadcast prepare message, into commit
PBFT--[COMMIT DONE]-----2021/11/26 13:01:37.193011 /root/study/github_repository/pbftconsensus/network/routine_broadcastMsg.go:95: broadcast commit message, into reply
PBFT--[REPLY DONE]------2021/11/26 13:01:37.328721 /root/study/github_repository/pbftconsensus/network/routine_broadcastMsg.go:126: broadcast reply message, send result of pbft
UPDATE BLOCKCHAIN-------2021/11/26 13:01:37.331373 /root/study/github_repository/qb/qbnode/node_routine_broadcastMsg.go:78: add new block to blockchain

PBFT--[PREPARE DONE]----2021/11/26 13:05:14.990531 /root/study/github_repository/pbftconsensus/network/routine_broadcastMsg.go:90: broadcast prepare message, into commit
PBFT--[COMMIT DONE]-----2021/11/26 13:05:16.202278 /root/study/github_repository/pbftconsensus/network/routine_broadcastMsg.go:95: broadcast commit message, into reply
PBFT--[REPLY DONE]------2021/11/26 13:05:16.343561 /root/study/github_repository/pbftconsensus/network/routine_broadcastMsg.go:122: broadcast reply message, send result of pbft
UPDATE BLOCKCHAIN-------2021/11/26 13:05:16.346979 /root/study/github_repository/qb/qbnode/node_routine_broadcastMsg.go:78: add new block to blockchain

PBFT--[PREPARE DONE]----2021/11/26 13:09:33.787961 /root/study/github_repository/pbftconsensus/network/routine_broadcastMsg.go:90: broadcast prepare message, into commit
PBFT--[COMMIT DONE]-----2021/11/26 13:09:34.343536 /root/study/github_repository/pbftconsensus/network/routine_broadcastMsg.go:95: broadcast commit message, into reply
PBFT--[REPLY DONE]------2021/11/26 13:09:34.373436 /root/study/github_repository/pbftconsensus/network/routine_broadcastMsg.go:124: broadcast reply message, send result of pbft
UPDATE BLOCKCHAIN-------2021/11/26 13:09:34.378416 /root/study/github_repository/qb/qbnode/node_routine_broadcastMsg.go:78: add new block to blockchain

PBFT--[PREPARE DONE]----2021/11/26 13:12:29.886269 /root/study/github_repository/pbftconsensus/network/routine_broadcastMsg.go:90: broadcast prepare message, into commit
PBFT--[COMMIT DONE]-----2021/11/26 13:12:30.814641 /root/study/github_repository/pbftconsensus/network/routine_broadcastMsg.go:95: broadcast commit message, into reply
PBFT--[REPLY DONE]------2021/11/26 13:12:30.883781 /root/study/github_repository/pbftconsensus/network/routine_broadcastMsg.go:124: broadcast reply message, send result of pbft
UPDATE BLOCKCHAIN-------2021/11/26 13:12:30.887166 /root/study/github_repository/qb/qbnode/node_routine_broadcastMsg.go:78: add new block to blockchain

PBFT--[PREPARE DONE]----2021/11/26 13:14:00.366440 /root/study/github_repository/pbftconsensus/network/routine_broadcastMsg.go:90: broadcast prepare message, into commit
PBFT--[COMMIT DONE]-----2021/11/26 13:14:00.820460 /root/study/github_repository/pbftconsensus/network/routine_broadcastMsg.go:95: broadcast commit message, into reply
PBFT--[REPLY DONE]------2021/11/26 13:14:01.006766 /root/study/github_repository/pbftconsensus/network/routine_broadcastMsg.go:122: broadcast reply message, send result of pbft
UPDATE BLOCKCHAIN-------2021/11/26 13:14:01.009656 /root/study/github_repository/qb/qbnode/node_routine_broadcastMsg.go:78: add new block to blockchain

PBFT--[PREPARE DONE]----2021/11/26 13:15:16.250604 /root/study/github_repository/pbftconsensus/network/routine_broadcastMsg.go:91: broadcast prepare message, into commit
PBFT--[COMMIT DONE]-----2021/11/26 13:15:17.778053 /root/study/github_repository/pbftconsensus/network/routine_broadcastMsg.go:96: broadcast commit message, into reply
PBFT--[PREPARE DONE]----2021/11/26 13:16:58.874100 /root/study/github_repository/pbftconsensus/network/routine_broadcastMsg.go:91: broadcast prepare message, into commit
PBFT--[COMMIT DONE]-----2021/11/26 13:16:59.329631 /root/study/github_repository/pbftconsensus/network/routine_broadcastMsg.go:96: broadcast commit message, into reply
PBFT--[REPLY DONE]------2021/11/26 13:16:59.489403 /root/study/github_repository/pbft/pbft_reply.go:103: Verify of commit sign success


PBFT--[REPLY DONE]------2021/11/26 13:16:59.489404 /root/study/github_repository/pbftconsensus/network/routine_broadcastMsg.go:122: broadcast reply message, send result of pbft
UPDATE BLOCKCHAIN-------2021/11/26 13:16:59.492060 /root/study/github_repository/qb/qbnode/node_routine_broadcastMsg.go:78: add new block to blockchain

PBFT--[PREPARE DONE]----2021/11/26 13:17:33.769763 /root/study/github_repository/pbftconsensus/network/routine_broadcastMsg.go:91: broadcast prepare message, into commit
PBFT--[COMMIT DONE]-----2021/11/26 13:17:34.215502 /root/study/github_repository/pbftconsensus/network/routine_broadcastMsg.go:96: broadcast commit message, into reply
PBFT--[REPLY DONE]------2021/11/26 13:17:34.324551 /root/study/github_repository/pbftconsensus/network/routine_broadcastMsg.go:122: broadcast reply message, send result of pbft
UPDATE BLOCKCHAIN-------2021/11/26 13:17:34.327202 /root/study/github_repository/qb/qbnode/node_routine_broadcastMsg.go:78: add new block to blockchain

PBFT--[PREPARE DONE]----2021/11/26 13:18:10.772086 /root/study/github_repository/pbftconsensus/network/routine_broadcastMsg.go:91: broadcast prepare message, into commit
PBFT--[COMMIT DONE]-----2021/11/26 13:18:11.580347 /root/study/github_repository/pbftconsensus/network/routine_broadcastMsg.go:96: broadcast commit message, into reply
PBFT--[REPLY DONE]------2021/11/26 13:18:11.744103 /root/study/github_repository/pbftconsensus/network/routine_broadcastMsg.go:122: broadcast reply message, send result of pbft
UPDATE BLOCKCHAIN-------2021/11/26 13:18:11.747686 /root/study/github_repository/qb/qbnode/node_routine_broadcastMsg.go:78: add new block to blockchain

PBFT--[PREPARE DONE]----2021/11/26 13:18:24.865103 /root/study/github_repository/pbftconsensus/network/routine_broadcastMsg.go:91: broadcast prepare message, into commit
PBFT--[COMMIT DONE]-----2021/11/26 13:18:25.595409 /root/study/github_repository/pbftconsensus/network/routine_broadcastMsg.go:96: broadcast commit message, into reply
PBFT--[REPLY DONE]------2021/11/26 13:18:25.642300 /root/study/github_repository/pbftconsensus/network/routine_broadcastMsg.go:122: broadcast reply message, send result of pbft
UPDATE BLOCKCHAIN-------2021/11/26 13:18:25.644351 /root/study/github_repository/qb/qbnode/node_routine_broadcastMsg.go:78: add new block to blockchain

PBFT--[PREPARE DONE]----2021/11/26 13:18:39.324620 /root/study/github_repository/pbftconsensus/network/routine_broadcastMsg.go:91: broadcast prepare message, into commit
PBFT--[COMMIT DONE]-----2021/11/26 13:18:39.875327 /root/study/github_repository/pbftconsensus/network/routine_broadcastMsg.go:96: broadcast commit message, into reply
PBFT--[REPLY DONE]------2021/11/26 13:18:39.921744 /root/study/github_repository/pbftconsensus/network/routine_broadcastMsg.go:122: broadcast reply message, send result of pbft
UPDATE BLOCKCHAIN-------2021/11/26 13:18:39.924816 /root/study/github_repository/qb/qbnode/node_routine_broadcastMsg.go:78: add new block to blockchain

PBFT--[PREPARE DONE]----2021/11/26 13:18:52.158594 /root/study/github_repository/pbftconsensus/network/routine_broadcastMsg.go:91: broadcast prepare message, into commit
PBFT--[COMMIT DONE]-----2021/11/26 13:18:52.416968 /root/study/github_repository/pbftconsensus/network/routine_broadcastMsg.go:96: broadcast commit message, into reply
PBFT--[REPLY DONE]------2021/11/26 13:18:52.486094 /root/study/github_repository/pbftconsensus/network/routine_broadcastMsg.go:122: broadcast reply message, send result of pbft
UPDATE BLOCKCHAIN-------2021/11/26 13:18:52.489362 /root/study/github_repository/qb/qbnode/node_routine_broadcastMsg.go:78: add new block to blockchain

PBFT--[PREPARE DONE]----2021/11/26 13:19:00.720315 /root/study/github_repository/pbftconsensus/network/routine_broadcastMsg.go:91: broadcast prepare message, into commit
PBFT--[COMMIT DONE]-----2021/11/26 13:19:01.125051 /root/study/github_repository/pbftconsensus/network/routine_broadcastMsg.go:96: broadcast commit message, into reply
PBFT--[REPLY DONE]------2021/11/26 13:19:01.198726 /root/study/github_repository/pbftconsensus/network/routine_broadcastMsg.go:122: broadcast reply message, send result of pbft
UPDATE BLOCKCHAIN-------2021/11/26 13:19:01.201356 /root/study/github_repository/qb/qbnode/node_routine_broadcastMsg.go:78: add new block to blockchain

PBFT--[PREPARE DONE]----2021/11/26 13:19:15.363024 /root/study/github_repository/pbftconsensus/network/routine_broadcastMsg.go:91: broadcast prepare message, into commit
PBFT--[COMMIT DONE]-----2021/11/26 13:19:16.206202 /root/study/github_repository/pbftconsensus/network/routine_broadcastMsg.go:96: broadcast commit message, into reply
PBFT--[REPLY DONE]------2021/11/26 13:19:16.311735 /root/study/github_repository/pbftconsensus/network/routine_broadcastMsg.go:122: broadcast reply message, send result of pbft
UPDATE BLOCKCHAIN-------2021/11/26 13:19:16.315515 /root/study/github_repository/qb/qbnode/node_routine_broadcastMsg.go:78: add new block to blockchain

PBFT--[PREPARE DONE]----2021/11/26 13:19:24.651005 /root/study/github_repository/pbftconsensus/network/routine_broadcastMsg.go:91: broadcast prepare message, into commit
PBFT--[COMMIT DONE]-----2021/11/26 13:19:25.192643 /root/study/github_repository/pbftconsensus/network/routine_broadcastMsg.go:96: broadcast commit message, into reply
PBFT--[REPLY DONE]------2021/11/26 13:19:25.372926 /root/study/github_repository/pbftconsensus/network/routine_broadcastMsg.go:122: broadcast reply message, send result of pbft
UPDATE BLOCKCHAIN-------2021/11/26 13:19:25.376677 /root/study/github_repository/qb/qbnode/node_routine_broadcastMsg.go:78: add new block to blockchain

PBFT--[PREPARE DONE]----2021/11/26 13:19:33.712798 /root/study/github_repository/pbftconsensus/network/routine_broadcastMsg.go:91: broadcast prepare message, into commit
PBFT--[COMMIT DONE]-----2021/11/26 13:19:34.072604 /root/study/github_repository/pbftconsensus/network/routine_broadcastMsg.go:96: broadcast commit message, into reply
PBFT--[REPLY DONE]------2021/11/26 13:19:34.155613 /root/study/github_repository/pbftconsensus/network/routine_broadcastMsg.go:122: broadcast reply message, send result of pbft
UPDATE BLOCKCHAIN-------2021/11/26 13:19:34.158978 /root/study/github_repository/qb/qbnode/node_routine_broadcastMsg.go:78: add new block to blockchain

