P1-[block.Transaction]2021/09/11 18:29:38.165428 /root/study/github_repository/qb/network/node.go:420: get a transcation message
P1-[block.Transaction]2021/09/11 18:29:38.285238 /root/study/github_repository/qb/network/node.go:420: get a transcation message
P1-[block.Transaction]2021/09/11 18:29:38.400386 /root/study/github_repository/qb/network/node.go:420: get a transcation message
P1-[block.Transaction]2021/09/11 18:29:38.517758 /root/study/github_repository/qb/network/node.go:420: get a transcation message
P1-[block.Transaction]2021/09/11 18:29:38.633448 /root/study/github_repository/qb/network/node.go:420: get a transcation message
P1-[block.Transaction]2021/09/11 18:29:38.751821 /root/study/github_repository/qb/network/node.go:420: get a transcation message
P1-[block.Transaction]2021/09/11 18:29:38.867707 /root/study/github_repository/qb/network/node.go:420: get a transcation message
P1-[block.Transaction]2021/09/11 18:29:38.986385 /root/study/github_repository/qb/network/node.go:420: get a transcation message
P1-[block.Transaction]2021/09/11 18:29:39.105499 /root/study/github_repository/qb/network/node.go:420: get a transcation message
P1-[block.Transaction]2021/09/11 18:29:39.223613 /root/study/github_repository/qb/network/node.go:420: get a transcation message
P1-[block.Transaction]2021/09/11 18:29:39.339899 /root/study/github_repository/qb/network/node.go:420: get a transcation message
P1-[block.Transaction]2021/09/11 18:29:39.457678 /root/study/github_repository/qb/network/node.go:420: get a transcation message
P1-[block.Transaction]2021/09/11 18:29:39.577045 /root/study/github_repository/qb/network/node.go:420: get a transcation message
P1-[block.Transaction]2021/09/11 18:29:39.694405 /root/study/github_repository/qb/network/node.go:420: get a transcation message
P1-[block.Transaction]2021/09/11 18:29:39.812472 /root/study/github_repository/qb/network/node.go:420: get a transcation message
P1-[block.Transaction]2021/09/11 18:29:39.932533 /root/study/github_repository/qb/network/node.go:420: get a transcation message
P1-[block.Transaction]2021/09/11 18:29:40.054180 /root/study/github_repository/qb/network/node.go:420: get a transcation message
P1-[block.Transaction]2021/09/11 18:29:40.170588 /root/study/github_repository/qb/network/node.go:420: get a transcation message
P1-[block.Transaction]2021/09/11 18:29:40.287797 /root/study/github_repository/qb/network/node.go:420: get a transcation message
P1-[block.Transaction]2021/09/11 18:29:40.432064 /root/study/github_repository/qb/network/node.go:420: get a transcation message
P1-[block.Transaction]2021/09/11 18:29:40.591192 /root/study/github_repository/qb/network/node.go:462: create a new block, and put it into MsgBlock channel
P1-[block.Transaction]2021/09/11 18:33:03.267870 /root/study/github_repository/qb/network/node.go:436: get a transcation message
P1-[block.Transaction]2021/09/11 18:33:03.385457 /root/study/github_repository/qb/network/node.go:436: get a transcation message
P1-[block.Transaction]2021/09/11 18:33:03.501373 /root/study/github_repository/qb/network/node.go:436: get a transcation message
P1-[block.Transaction]2021/09/11 18:33:03.620260 /root/study/github_repository/qb/network/node.go:436: get a transcation message
P1-[block.Transaction]2021/09/11 18:33:03.736569 /root/study/github_repository/qb/network/node.go:436: get a transcation message
P1-[block.Transaction]2021/09/11 18:33:03.853810 /root/study/github_repository/qb/network/node.go:436: get a transcation message
P1-[block.Transaction]2021/09/11 18:33:03.970468 /root/study/github_repository/qb/network/node.go:436: get a transcation message
P1-[block.Transaction]2021/09/11 18:33:04.089329 /root/study/github_repository/qb/network/node.go:436: get a transcation message
P1-[block.Transaction]2021/09/11 18:33:04.209306 /root/study/github_repository/qb/network/node.go:436: get a transcation message
P1-[block.Transaction]2021/09/11 18:33:04.327673 /root/study/github_repository/qb/network/node.go:436: get a transcation message
P1-[block.Transaction]2021/09/11 18:33:04.446239 /root/study/github_repository/qb/network/node.go:436: get a transcation message
P1-[block.Transaction]2021/09/11 18:33:04.563618 /root/study/github_repository/qb/network/node.go:436: get a transcation message
P1-[block.Transaction]2021/09/11 18:33:04.680330 /root/study/github_repository/qb/network/node.go:436: get a transcation message
P1-[block.Transaction]2021/09/11 18:33:04.797475 /root/study/github_repository/qb/network/node.go:436: get a transcation message
P1-[block.Transaction]2021/09/11 18:33:04.915148 /root/study/github_repository/qb/network/node.go:436: get a transcation message
P1-[block.Transaction]2021/09/11 18:33:05.033013 /root/study/github_repository/qb/network/node.go:436: get a transcation message
P1-[block.Transaction]2021/09/11 18:33:05.151695 /root/study/github_repository/qb/network/node.go:436: get a transcation message
P1-[block.Transaction]2021/09/11 18:33:05.269964 /root/study/github_repository/qb/network/node.go:436: get a transcation message
P1-[block.Transaction]2021/09/11 18:33:05.387075 /root/study/github_repository/qb/network/node.go:436: get a transcation message
P1-[block.Transaction]2021/09/11 18:33:05.527886 /root/study/github_repository/qb/network/node.go:436: get a transcation message
P1-[block.Block]2021/09/11 18:33:06.416857 /root/study/github_repository/qb/network/node.go:463: create a new block, and put it into MsgEntrance channel
P1-[block.Transaction]2021/09/11 18:33:32.935928 /root/study/github_repository/qb/network/node.go:436: get a transcation message
P1-[block.Transaction]2021/09/11 18:33:33.054223 /root/study/github_repository/qb/network/node.go:436: get a transcation message
P1-[block.Transaction]2021/09/11 18:33:33.170256 /root/study/github_repository/qb/network/node.go:436: get a transcation message
P1-[block.Transaction]2021/09/11 18:33:33.285892 /root/study/github_repository/qb/network/node.go:436: get a transcation message
P1-[block.Transaction]2021/09/11 18:33:33.402956 /root/study/github_repository/qb/network/node.go:436: get a transcation message
P1-[block.Block]2021/09/11 18:33:33.423164 /root/study/github_repository/qb/network/node.go:463: create a new block, and put it into MsgEntrance channel
P1-[block.Transaction]2021/09/11 18:33:33.523179 /root/study/github_repository/qb/network/node.go:436: get a transcation message
P1-[block.Transaction]2021/09/11 18:33:33.641355 /root/study/github_repository/qb/network/node.go:436: get a transcation message
P1-[block.Transaction]2021/09/11 18:33:33.759963 /root/study/github_repository/qb/network/node.go:436: get a transcation message
P1-[block.Transaction]2021/09/11 18:33:33.877819 /root/study/github_repository/qb/network/node.go:436: get a transcation message
P1-[block.Transaction]2021/09/11 18:33:33.996080 /root/study/github_repository/qb/network/node.go:436: get a transcation message
P1-[block.Transaction]2021/09/11 18:33:34.112460 /root/study/github_repository/qb/network/node.go:436: get a transcation message
P1-[block.Transaction]2021/09/11 18:33:34.231823 /root/study/github_repository/qb/network/node.go:436: get a transcation message
P1-[block.Transaction]2021/09/11 18:33:34.352436 /root/study/github_repository/qb/network/node.go:436: get a transcation message
P1-[block.Transaction]2021/09/11 18:33:34.471372 /root/study/github_repository/qb/network/node.go:436: get a transcation message
P1-[block.Transaction]2021/09/11 18:33:34.591641 /root/study/github_repository/qb/network/node.go:436: get a transcation message
P1-[block.Transaction]2021/09/11 18:33:34.710816 /root/study/github_repository/qb/network/node.go:436: get a transcation message
P1-[block.Transaction]2021/09/11 18:33:34.827041 /root/study/github_repository/qb/network/node.go:436: get a transcation message
P1-[block.Transaction]2021/09/11 18:33:34.944987 /root/study/github_repository/qb/network/node.go:436: get a transcation message
P1-[block.Transaction]2021/09/11 18:33:35.063039 /root/study/github_repository/qb/network/node.go:436: get a transcation message
P1-[block.Transaction]2021/09/11 18:33:35.184832 /root/study/github_repository/qb/network/node.go:436: get a transcation message
P1-[block.Block]2021/09/11 18:33:36.424168 /root/study/github_repository/qb/network/node.go:463: create a new block, and put it into MsgEntrance channel
P1-[block.Transaction]2021/09/11 18:41:31.005747 /root/study/github_repository/qb/network/node.go:452: get a transcation message
P1-[block.Transaction]2021/09/11 18:41:31.123230 /root/study/github_repository/qb/network/node.go:452: get a transcation message
P1-[block.Transaction]2021/09/11 18:41:31.238965 /root/study/github_repository/qb/network/node.go:452: get a transcation message
P1-[block.Transaction]2021/09/11 18:41:31.359161 /root/study/github_repository/qb/network/node.go:452: get a transcation message
P1-[block.Transaction]2021/09/11 18:41:31.478564 /root/study/github_repository/qb/network/node.go:452: get a transcation message
P1-[block.Transaction]2021/09/11 18:41:31.600249 /root/study/github_repository/qb/network/node.go:452: get a transcation message
P1-[block.Transaction]2021/09/11 18:41:31.719384 /root/study/github_repository/qb/network/node.go:452: get a transcation message
P1-[block.Transaction]2021/09/11 18:41:31.840861 /root/study/github_repository/qb/network/node.go:452: get a transcation message
P1-[block.Transaction]2021/09/11 18:41:31.962053 /root/study/github_repository/qb/network/node.go:452: get a transcation message
P1-[block.Transaction]2021/09/11 18:41:32.080681 /root/study/github_repository/qb/network/node.go:452: get a transcation message
P1-[block.Transaction]2021/09/11 18:41:32.199209 /root/study/github_repository/qb/network/node.go:452: get a transcation message
P1-[block.Transaction]2021/09/11 18:41:32.318790 /root/study/github_repository/qb/network/node.go:452: get a transcation message
P1-[block.Transaction]2021/09/11 18:41:32.439611 /root/study/github_repository/qb/network/node.go:452: get a transcation message
P1-[block.Transaction]2021/09/11 18:41:32.564679 /root/study/github_repository/qb/network/node.go:452: get a transcation message
P1-[block.Transaction]2021/09/11 18:41:32.682223 /root/study/github_repository/qb/network/node.go:452: get a transcation message
P1-[block.Transaction]2021/09/11 18:41:32.800869 /root/study/github_repository/qb/network/node.go:452: get a transcation message
P1-[block.Transaction]2021/09/11 18:41:32.919289 /root/study/github_repository/qb/network/node.go:452: get a transcation message
P1-[block.Transaction]2021/09/11 18:41:33.039386 /root/study/github_repository/qb/network/node.go:452: get a transcation message
P1-[block.Transaction]2021/09/11 18:41:33.158148 /root/study/github_repository/qb/network/node.go:452: get a transcation message
P1-[block.Transaction]2021/09/11 18:41:33.296249 /root/study/github_repository/qb/network/node.go:452: get a transcation message
P1-[block.Block]2021/09/11 18:41:34.403615 /root/study/github_repository/qb/network/node.go:461: create a new block, and put it into MsgEntrance channel
P1-[block.Transaction]2021/09/11 18:41:48.062250 /root/study/github_repository/qb/network/node.go:452: get a transcation message
P1-[block.Transaction]2021/09/11 18:41:48.179560 /root/study/github_repository/qb/network/node.go:452: get a transcation message
P1-[block.Transaction]2021/09/11 18:41:48.298027 /root/study/github_repository/qb/network/node.go:452: get a transcation message
P1-[block.Transaction]2021/09/11 18:41:48.416329 /root/study/github_repository/qb/network/node.go:452: get a transcation message
P1-[block.Transaction]2021/09/11 18:41:48.536394 /root/study/github_repository/qb/network/node.go:452: get a transcation message
P1-[block.Transaction]2021/09/11 18:41:48.656852 /root/study/github_repository/qb/network/node.go:452: get a transcation message
P1-[block.Transaction]2021/09/11 18:41:48.775594 /root/study/github_repository/qb/network/node.go:452: get a transcation message
P1-[block.Transaction]2021/09/11 18:41:48.896524 /root/study/github_repository/qb/network/node.go:452: get a transcation message
P1-[block.Transaction]2021/09/11 18:41:49.017312 /root/study/github_repository/qb/network/node.go:452: get a transcation message
P1-[block.Transaction]2021/09/11 18:41:49.136122 /root/study/github_repository/qb/network/node.go:452: get a transcation message
P1-[block.Transaction]2021/09/11 18:41:49.252402 /root/study/github_repository/qb/network/node.go:452: get a transcation message
P1-[block.Transaction]2021/09/11 18:41:49.374694 /root/study/github_repository/qb/network/node.go:452: get a transcation message
P1-[block.Block]2021/09/11 18:41:49.408018 /root/study/github_repository/qb/network/node.go:461: create a new block, and put it into MsgEntrance channel
P1-[block.Transaction]2021/09/11 18:41:49.508743 /root/study/github_repository/qb/network/node.go:452: get a transcation message
P1-[block.Transaction]2021/09/11 18:41:49.628154 /root/study/github_repository/qb/network/node.go:452: get a transcation message
P1-[block.Transaction]2021/09/11 18:41:49.748883 /root/study/github_repository/qb/network/node.go:452: get a transcation message
P1-[block.Transaction]2021/09/11 18:41:49.870772 /root/study/github_repository/qb/network/node.go:452: get a transcation message
P1-[block.Transaction]2021/09/11 18:41:49.991969 /root/study/github_repository/qb/network/node.go:452: get a transcation message
P1-[block.Transaction]2021/09/11 18:41:50.111997 /root/study/github_repository/qb/network/node.go:452: get a transcation message
P1-[block.Transaction]2021/09/11 18:41:50.254741 /root/study/github_repository/qb/network/node.go:452: get a transcation message
P1-[block.Transaction]2021/09/11 18:41:50.398246 /root/study/github_repository/qb/network/node.go:452: get a transcation message
P1-[block.Block]2021/09/11 18:41:52.409145 /root/study/github_repository/qb/network/node.go:461: create a new block, and put it into MsgEntrance channel
P1-[block.Transaction]2021/09/11 18:42:22.583919 /root/study/github_repository/qb/network/node.go:452: get a transcation message
P1-[block.Transaction]2021/09/11 18:42:22.701977 /root/study/github_repository/qb/network/node.go:452: get a transcation message
P1-[block.Transaction]2021/09/11 18:42:22.818591 /root/study/github_repository/qb/network/node.go:452: get a transcation message
P1-[block.Transaction]2021/09/11 18:42:22.935104 /root/study/github_repository/qb/network/node.go:452: get a transcation message
P1-[block.Transaction]2021/09/11 18:42:23.050740 /root/study/github_repository/qb/network/node.go:452: get a transcation message
P1-[block.Transaction]2021/09/11 18:42:23.172118 /root/study/github_repository/qb/network/node.go:452: get a transcation message
P1-[block.Transaction]2021/09/11 18:42:23.294952 /root/study/github_repository/qb/network/node.go:452: get a transcation message
P1-[block.Transaction]2021/09/11 18:42:23.418097 /root/study/github_repository/qb/network/node.go:452: get a transcation message
P1-[block.Transaction]2021/09/11 18:42:23.538508 /root/study/github_repository/qb/network/node.go:452: get a transcation message
P1-[block.Block]2021/09/11 18:42:23.563829 /root/study/github_repository/qb/network/node.go:461: create a new block, and put it into MsgEntrance channel
P1-[block.Transaction]2021/09/11 18:42:23.666274 /root/study/github_repository/qb/network/node.go:140: receive a transcation message
P1-[block.Transaction]2021/09/11 18:42:23.666279 /root/study/github_repository/qb/network/node.go:452: get a transcation message
P1-[block.Transaction]2021/09/11 18:42:23.787785 /root/study/github_repository/qb/network/node.go:452: get a transcation message
P1-[block.Transaction]2021/09/11 18:42:23.906096 /root/study/github_repository/qb/network/node.go:452: get a transcation message
P1-[block.Transaction]2021/09/11 18:42:24.024058 /root/study/github_repository/qb/network/node.go:452: get a transcation message
P1-[block.Transaction]2021/09/11 18:42:24.141836 /root/study/github_repository/qb/network/node.go:452: get a transcation message
P1-[block.Transaction]2021/09/11 18:42:24.260193 /root/study/github_repository/qb/network/node.go:452: get a transcation message
P1-[block.Transaction]2021/09/11 18:42:24.379095 /root/study/github_repository/qb/network/node.go:452: get a transcation message
P1-[block.Transaction]2021/09/11 18:42:24.498218 /root/study/github_repository/qb/network/node.go:452: get a transcation message
P1-[block.Transaction]2021/09/11 18:42:24.618827 /root/study/github_repository/qb/network/node.go:452: get a transcation message
P1-[block.Transaction]2021/09/11 18:42:24.739518 /root/study/github_repository/qb/network/node.go:452: get a transcation message
P1-[block.Transaction]2021/09/11 18:42:24.858835 /root/study/github_repository/qb/network/node.go:452: get a transcation message
P1-[block.Block]2021/09/11 18:42:26.564222 /root/study/github_repository/qb/network/node.go:461: create a new block, and put it into MsgEntrance channel
P1-[block.Transaction]2021/09/11 18:42:36.453577 /root/study/github_repository/qb/network/node.go:452: get a transcation message
P1-[block.Transaction]2021/09/11 18:42:36.573108 /root/study/github_repository/qb/network/node.go:452: get a transcation message
P1-[block.Transaction]2021/09/11 18:42:36.691925 /root/study/github_repository/qb/network/node.go:452: get a transcation message
P1-[block.Transaction]2021/09/11 18:42:36.810971 /root/study/github_repository/qb/network/node.go:452: get a transcation message
P1-[block.Transaction]2021/09/11 18:42:36.931637 /root/study/github_repository/qb/network/node.go:452: get a transcation message
P1-[block.Transaction]2021/09/11 18:42:37.053776 /root/study/github_repository/qb/network/node.go:452: get a transcation message
P1-[block.Transaction]2021/09/11 18:42:37.173771 /root/study/github_repository/qb/network/node.go:452: get a transcation message
P1-[block.Transaction]2021/09/11 18:42:37.295431 /root/study/github_repository/qb/network/node.go:452: get a transcation message
P1-[block.Transaction]2021/09/11 18:42:37.417511 /root/study/github_repository/qb/network/node.go:452: get a transcation message
P1-[block.Transaction]2021/09/11 18:42:37.538851 /root/study/github_repository/qb/network/node.go:452: get a transcation message
P1-[block.Transaction]2021/09/11 18:42:37.663321 /root/study/github_repository/qb/network/node.go:452: get a transcation message
P1-[block.Transaction]2021/09/11 18:42:37.781413 /root/study/github_repository/qb/network/node.go:452: get a transcation message
P1-[block.Transaction]2021/09/11 18:42:37.899571 /root/study/github_repository/qb/network/node.go:452: get a transcation message
P1-[block.Transaction]2021/09/11 18:42:38.018507 /root/study/github_repository/qb/network/node.go:452: get a transcation message
P1-[block.Transaction]2021/09/11 18:42:38.137551 /root/study/github_repository/qb/network/node.go:452: get a transcation message
P1-[block.Transaction]2021/09/11 18:42:38.256219 /root/study/github_repository/qb/network/node.go:452: get a transcation message
P1-[block.Transaction]2021/09/11 18:42:38.380839 /root/study/github_repository/qb/network/node.go:452: get a transcation message
P1-[block.Transaction]2021/09/11 18:42:38.502954 /root/study/github_repository/qb/network/node.go:452: get a transcation message
P1-[block.Block]2021/09/11 18:42:38.567594 /root/study/github_repository/qb/network/node.go:461: create a new block, and put it into MsgEntrance channel
P1-[block.Transaction]2021/09/11 18:42:38.635640 /root/study/github_repository/qb/network/node.go:452: get a transcation message
P1-[block.Transaction]2021/09/11 18:42:38.753795 /root/study/github_repository/qb/network/node.go:452: get a transcation message
P1-[block.Transaction]2021/09/11 18:42:59.356740 /root/study/github_repository/qb/network/node.go:452: get a transcation message
P1-[block.Transaction]2021/09/11 18:42:59.477313 /root/study/github_repository/qb/network/node.go:452: get a transcation message
P1-[block.Transaction]2021/09/11 18:42:59.595913 /root/study/github_repository/qb/network/node.go:452: get a transcation message
P1-[block.Transaction]2021/09/11 18:42:59.716289 /root/study/github_repository/qb/network/node.go:452: get a transcation message
P1-[block.Transaction]2021/09/11 18:42:59.833439 /root/study/github_repository/qb/network/node.go:452: get a transcation message
P1-[block.Transaction]2021/09/11 18:42:59.952328 /root/study/github_repository/qb/network/node.go:452: get a transcation message
P1-[block.Transaction]2021/09/11 18:43:00.070105 /root/study/github_repository/qb/network/node.go:452: get a transcation message
P1-[block.Transaction]2021/09/11 18:43:00.189655 /root/study/github_repository/qb/network/node.go:452: get a transcation message
P1-[block.Transaction]2021/09/11 18:43:00.309931 /root/study/github_repository/qb/network/node.go:452: get a transcation message
P1-[block.Transaction]2021/09/11 18:43:00.432097 /root/study/github_repository/qb/network/node.go:452: get a transcation message
P1-[block.Transaction]2021/09/11 18:43:00.549287 /root/study/github_repository/qb/network/node.go:452: get a transcation message
P1-[block.Transaction]2021/09/11 18:43:00.667719 /root/study/github_repository/qb/network/node.go:452: get a transcation message
P1-[block.Transaction]2021/09/11 18:43:00.790332 /root/study/github_repository/qb/network/node.go:452: get a transcation message
P1-[block.Transaction]2021/09/11 18:43:00.911775 /root/study/github_repository/qb/network/node.go:452: get a transcation message
P1-[block.Transaction]2021/09/11 18:43:01.030592 /root/study/github_repository/qb/network/node.go:452: get a transcation message
P1-[block.Transaction]2021/09/11 18:43:01.146508 /root/study/github_repository/qb/network/node.go:452: get a transcation message
P1-[block.Transaction]2021/09/11 18:43:01.265790 /root/study/github_repository/qb/network/node.go:452: get a transcation message
P1-[block.Transaction]2021/09/11 18:43:01.383347 /root/study/github_repository/qb/network/node.go:452: get a transcation message
P1-[block.Transaction]2021/09/11 18:43:01.505154 /root/study/github_repository/qb/network/node.go:452: get a transcation message
P1-[block.Transaction]2021/09/11 18:43:01.623714 /root/study/github_repository/qb/network/node.go:452: get a transcation message
P1-[block.Block]2021/09/11 18:43:02.574584 /root/study/github_repository/qb/network/node.go:461: create a new block, and put it into MsgEntrance channel
P1-[block.Transaction]2021/09/11 18:43:26.027482 /root/study/github_repository/qb/network/node.go:452: get a transcation message
P1-[block.Transaction]2021/09/11 18:43:26.150860 /root/study/github_repository/qb/network/node.go:452: get a transcation message
P1-[block.Transaction]2021/09/11 18:43:26.272591 /root/study/github_repository/qb/network/node.go:452: get a transcation message
P1-[block.Transaction]2021/09/11 18:43:26.389795 /root/study/github_repository/qb/network/node.go:452: get a transcation message
P1-[block.Transaction]2021/09/11 18:43:26.506645 /root/study/github_repository/qb/network/node.go:452: get a transcation message
P1-[block.Block]2021/09/11 18:43:26.582111 /root/study/github_repository/qb/network/node.go:461: create a new block, and put it into MsgEntrance channel
P1-[block.Transaction]2021/09/11 18:43:26.624272 /root/study/github_repository/qb/network/node.go:452: get a transcation message
P1-[block.Transaction]2021/09/11 18:43:26.741007 /root/study/github_repository/qb/network/node.go:452: get a transcation message
P1-[block.Transaction]2021/09/11 18:43:26.862069 /root/study/github_repository/qb/network/node.go:452: get a transcation message
P1-[block.Transaction]2021/09/11 18:43:26.987040 /root/study/github_repository/qb/network/node.go:452: get a transcation message
P1-[block.Transaction]2021/09/11 18:43:27.103497 /root/study/github_repository/qb/network/node.go:452: get a transcation message
P1-[block.Transaction]2021/09/11 18:43:27.223206 /root/study/github_repository/qb/network/node.go:452: get a transcation message
P1-[block.Transaction]2021/09/11 18:43:27.343379 /root/study/github_repository/qb/network/node.go:452: get a transcation message
P1-[block.Transaction]2021/09/11 18:43:27.466684 /root/study/github_repository/qb/network/node.go:452: get a transcation message
P1-[block.Transaction]2021/09/11 18:43:27.584962 /root/study/github_repository/qb/network/node.go:452: get a transcation message
P1-[block.Transaction]2021/09/11 18:43:27.704879 /root/study/github_repository/qb/network/node.go:452: get a transcation message
P1-[block.Transaction]2021/09/11 18:43:27.821167 /root/study/github_repository/qb/network/node.go:452: get a transcation message
P1-[block.Transaction]2021/09/11 18:43:27.938554 /root/study/github_repository/qb/network/node.go:452: get a transcation message
P1-[block.Transaction]2021/09/11 18:43:28.057511 /root/study/github_repository/qb/network/node.go:452: get a transcation message
P1-[block.Transaction]2021/09/11 18:43:28.177894 /root/study/github_repository/qb/network/node.go:452: get a transcation message
P1-[block.Transaction]2021/09/11 18:43:28.297719 /root/study/github_repository/qb/network/node.go:452: get a transcation message
P1-[block.Block]2021/09/11 18:43:29.582437 /root/study/github_repository/qb/network/node.go:461: create a new block, and put it into MsgEntrance channel
P1-[block.Transaction]2021/09/11 18:44:41.660667 /root/study/github_repository/qb/network/node.go:452: get a transcation message
P1-[block.Transaction]2021/09/11 18:44:41.778825 /root/study/github_repository/qb/network/node.go:452: get a transcation message
P1-[block.Transaction]2021/09/11 18:44:41.896965 /root/study/github_repository/qb/network/node.go:452: get a transcation message
P1-[block.Transaction]2021/09/11 18:44:42.016093 /root/study/github_repository/qb/network/node.go:452: get a transcation message
P1-[block.Transaction]2021/09/11 18:44:42.138346 /root/study/github_repository/qb/network/node.go:452: get a transcation message
P1-[block.Transaction]2021/09/11 18:44:42.258192 /root/study/github_repository/qb/network/node.go:452: get a transcation message
P1-[block.Transaction]2021/09/11 18:44:42.380664 /root/study/github_repository/qb/network/node.go:452: get a transcation message
P1-[block.Transaction]2021/09/11 18:44:42.503917 /root/study/github_repository/qb/network/node.go:452: get a transcation message
P1-[block.Transaction]2021/09/11 18:44:42.624262 /root/study/github_repository/qb/network/node.go:452: get a transcation message
P1-[block.Block]2021/09/11 18:44:42.701388 /root/study/github_repository/qb/network/node.go:461: create a new block, and put it into MsgEntrance channel
P1-[block.Transaction]2021/09/11 18:44:42.750350 /root/study/github_repository/qb/network/node.go:452: get a transcation message
P1-[block.Transaction]2021/09/11 18:44:42.871640 /root/study/github_repository/qb/network/node.go:452: get a transcation message
P1-[block.Transaction]2021/09/11 18:44:42.990743 /root/study/github_repository/qb/network/node.go:452: get a transcation message
P1-[block.Transaction]2021/09/11 18:44:43.111786 /root/study/github_repository/qb/network/node.go:452: get a transcation message
P1-[block.Transaction]2021/09/11 18:44:43.229316 /root/study/github_repository/qb/network/node.go:452: get a transcation message
P1-[block.Transaction]2021/09/11 18:44:43.349943 /root/study/github_repository/qb/network/node.go:452: get a transcation message
P1-[block.Transaction]2021/09/11 18:44:43.465970 /root/study/github_repository/qb/network/node.go:452: get a transcation message
P1-[block.Transaction]2021/09/11 18:44:43.583734 /root/study/github_repository/qb/network/node.go:452: get a transcation message
P1-[block.Block]2021/09/11 18:44:43.701972 /root/study/github_repository/qb/network/node.go:461: create a new block, and put it into MsgEntrance channel
P1-[block.Transaction]2021/09/11 18:44:43.702185 /root/study/github_repository/qb/network/node.go:452: get a transcation message
P1-[block.Transaction]2021/09/11 18:44:43.829764 /root/study/github_repository/qb/network/node.go:452: get a transcation message
P1-[block.Transaction]2021/09/11 18:44:43.952621 /root/study/github_repository/qb/network/node.go:452: get a transcation message
P1-[block.Transaction]2021/09/11 18:44:55.562748 /root/study/github_repository/qb/network/node.go:452: get a transcation message
P1-[block.Transaction]2021/09/11 18:44:55.680580 /root/study/github_repository/qb/network/node.go:452: get a transcation message
P1-[block.Block]2021/09/11 18:44:55.713686 /root/study/github_repository/qb/network/node.go:461: create a new block, and put it into MsgEntrance channel
P1-[block.Transaction]2021/09/11 18:44:57.238345 /root/study/github_repository/qb/network/node.go:452: get a transcation message
P1-[block.Transaction]2021/09/11 18:45:03.969800 /root/study/github_repository/qb/network/node.go:452: get a transcation message
P1-[block.Transaction]2021/09/11 18:45:04.088956 /root/study/github_repository/qb/network/node.go:452: get a transcation message
P1-[block.Transaction]2021/09/11 18:45:04.208511 /root/study/github_repository/qb/network/node.go:452: get a transcation message
P1-[block.Transaction]2021/09/11 18:45:04.325844 /root/study/github_repository/qb/network/node.go:452: get a transcation message
P1-[block.Transaction]2021/09/11 18:45:04.443981 /root/study/github_repository/qb/network/node.go:452: get a transcation message
P1-[block.Transaction]2021/09/11 18:45:04.564782 /root/study/github_repository/qb/network/node.go:452: get a transcation message
P1-[block.Transaction]2021/09/11 18:45:04.680831 /root/study/github_repository/qb/network/node.go:452: get a transcation message
P1-[block.Block]2021/09/11 18:45:04.721618 /root/study/github_repository/qb/network/node.go:461: create a new block, and put it into MsgEntrance channel
P1-[block.Transaction]2021/09/11 18:45:04.803997 /root/study/github_repository/qb/network/node.go:452: get a transcation message
P1-[block.Transaction]2021/09/11 18:45:04.923467 /root/study/github_repository/qb/network/node.go:452: get a transcation message
P1-[block.Transaction]2021/09/11 18:45:05.046424 /root/study/github_repository/qb/network/node.go:452: get a transcation message
P1-[block.Transaction]2021/09/11 18:45:05.169085 /root/study/github_repository/qb/network/node.go:452: get a transcation message
P1-[block.Transaction]2021/09/11 18:45:05.287606 /root/study/github_repository/qb/network/node.go:452: get a transcation message
P1-[block.Transaction]2021/09/11 18:45:05.404798 /root/study/github_repository/qb/network/node.go:452: get a transcation message
P1-[block.Transaction]2021/09/11 18:45:05.524184 /root/study/github_repository/qb/network/node.go:452: get a transcation message
P1-[block.Transaction]2021/09/11 18:45:05.644729 /root/study/github_repository/qb/network/node.go:452: get a transcation message
P1-[block.Block]2021/09/11 18:45:05.723322 /root/study/github_repository/qb/network/node.go:461: create a new block, and put it into MsgEntrance channel
P1-[block.Transaction]2021/09/11 18:45:05.772656 /root/study/github_repository/qb/network/node.go:452: get a transcation message
P1-[block.Transaction]2021/09/11 18:45:05.899853 /root/study/github_repository/qb/network/node.go:452: get a transcation message
P1-[block.Transaction]2021/09/11 18:45:06.020135 /root/study/github_repository/qb/network/node.go:452: get a transcation message
P1-[block.Transaction]2021/09/11 18:45:06.139607 /root/study/github_repository/qb/network/node.go:452: get a transcation message
P1-[block.Transaction]2021/09/11 18:45:06.260057 /root/study/github_repository/qb/network/node.go:452: get a transcation message
P1-[block.Block]2021/09/11 18:45:06.724417 /root/study/github_repository/qb/network/node.go:461: create a new block, and put it into MsgEntrance channel
P1-[block.Transaction]2021/09/11 18:45:55.733290 /root/study/github_repository/qb/network/node.go:452: get a transcation message
P1-[block.Transaction]2021/09/11 18:45:55.850839 /root/study/github_repository/qb/network/node.go:452: get a transcation message
P1-[block.Transaction]2021/09/11 18:45:55.969074 /root/study/github_repository/qb/network/node.go:452: get a transcation message
P1-[block.Transaction]2021/09/11 18:45:56.088832 /root/study/github_repository/qb/network/node.go:452: get a transcation message
P1-[block.Transaction]2021/09/11 18:45:56.211516 /root/study/github_repository/qb/network/node.go:452: get a transcation message
P1-[block.Transaction]2021/09/11 18:45:56.329001 /root/study/github_repository/qb/network/node.go:452: get a transcation message
P1-[block.Transaction]2021/09/11 18:45:56.450826 /root/study/github_repository/qb/network/node.go:452: get a transcation message
P1-[block.Transaction]2021/09/11 18:45:56.569559 /root/study/github_repository/qb/network/node.go:452: get a transcation message
P1-[block.Transaction]2021/09/11 18:45:56.686755 /root/study/github_repository/qb/network/node.go:452: get a transcation message
P1-[block.Block]2021/09/11 18:45:56.768064 /root/study/github_repository/qb/network/node.go:461: create a new block, and put it into MsgEntrance channel
P1-[block.Transaction]2021/09/11 18:45:56.811715 /root/study/github_repository/qb/network/node.go:452: get a transcation message
P1-[block.Transaction]2021/09/11 18:45:56.932640 /root/study/github_repository/qb/network/node.go:452: get a transcation message
P1-[block.Transaction]2021/09/11 18:45:57.052085 /root/study/github_repository/qb/network/node.go:452: get a transcation message
P1-[block.Transaction]2021/09/11 18:45:57.170938 /root/study/github_repository/qb/network/node.go:452: get a transcation message
P1-[block.Transaction]2021/09/11 18:45:57.292124 /root/study/github_repository/qb/network/node.go:452: get a transcation message
P1-[block.Transaction]2021/09/11 18:45:57.414252 /root/study/github_repository/qb/network/node.go:452: get a transcation message
P1-[block.Transaction]2021/09/11 18:45:57.532834 /root/study/github_repository/qb/network/node.go:452: get a transcation message
P1-[block.Transaction]2021/09/11 18:45:57.651669 /root/study/github_repository/qb/network/node.go:452: get a transcation message
P1-[block.Block]2021/09/11 18:45:57.768199 /root/study/github_repository/qb/network/node.go:461: create a new block, and put it into MsgEntrance channel
P1-[block.Transaction]2021/09/11 18:45:57.772078 /root/study/github_repository/qb/network/node.go:452: get a transcation message
P1-[block.Transaction]2021/09/11 18:45:57.897390 /root/study/github_repository/qb/network/node.go:452: get a transcation message
P1-[block.Transaction]2021/09/11 18:45:58.015446 /root/study/github_repository/qb/network/node.go:452: get a transcation message
P1-[block.Transaction]2021/09/11 18:46:21.031726 /root/study/github_repository/qb/network/node.go:452: get a transcation message
P1-[block.Transaction]2021/09/11 18:46:21.155524 /root/study/github_repository/qb/network/node.go:452: get a transcation message
P1-[block.Transaction]2021/09/11 18:46:21.273258 /root/study/github_repository/qb/network/node.go:452: get a transcation message
P1-[block.Transaction]2021/09/11 18:46:21.393776 /root/study/github_repository/qb/network/node.go:452: get a transcation message
P1-[block.Transaction]2021/09/11 18:46:21.513188 /root/study/github_repository/qb/network/node.go:452: get a transcation message
P1-[block.Transaction]2021/09/11 18:46:21.633609 /root/study/github_repository/qb/network/node.go:452: get a transcation message
P1-[block.Transaction]2021/09/11 18:46:21.752649 /root/study/github_repository/qb/network/node.go:452: get a transcation message
P1-[block.Block]2021/09/11 18:46:21.789504 /root/study/github_repository/qb/network/node.go:461: create a new block, and put it into MsgEntrance channel
P1-[block.Transaction]2021/09/11 18:46:21.877119 /root/study/github_repository/qb/network/node.go:452: get a transcation message
P1-[block.Transaction]2021/09/11 18:46:21.997303 /root/study/github_repository/qb/network/node.go:452: get a transcation message
P1-[block.Transaction]2021/09/11 18:46:22.117194 /root/study/github_repository/qb/network/node.go:452: get a transcation message
P1-[block.Transaction]2021/09/11 18:46:22.239570 /root/study/github_repository/qb/network/node.go:452: get a transcation message
P1-[block.Transaction]2021/09/11 18:46:22.360187 /root/study/github_repository/qb/network/node.go:452: get a transcation message
P1-[block.Transaction]2021/09/11 18:46:22.485315 /root/study/github_repository/qb/network/node.go:452: get a transcation message
P1-[block.Transaction]2021/09/11 18:46:22.606937 /root/study/github_repository/qb/network/node.go:452: get a transcation message
P1-[block.Transaction]2021/09/11 18:46:22.727981 /root/study/github_repository/qb/network/node.go:452: get a transcation message
P1-[block.Block]2021/09/11 18:46:22.791463 /root/study/github_repository/qb/network/node.go:461: create a new block, and put it into MsgEntrance channel
P1-[block.Transaction]2021/09/11 18:46:22.851903 /root/study/github_repository/qb/network/node.go:452: get a transcation message
P1-[block.Transaction]2021/09/11 18:46:22.970359 /root/study/github_repository/qb/network/node.go:452: get a transcation message
P1-[block.Transaction]2021/09/11 18:46:23.089683 /root/study/github_repository/qb/network/node.go:452: get a transcation message
P1-[block.Transaction]2021/09/11 18:46:23.208579 /root/study/github_repository/qb/network/node.go:452: get a transcation message
P1-[block.Transaction]2021/09/11 18:46:23.327671 /root/study/github_repository/qb/network/node.go:452: get a transcation message
P1-[block.Block]2021/09/11 18:46:23.792596 /root/study/github_repository/qb/network/node.go:461: create a new block, and put it into MsgEntrance channel
P1-[block.Transaction]2021/09/11 18:47:31.663745 /root/study/github_repository/qb/network/node.go:452: get a transcation message
P1-[block.Transaction]2021/09/11 18:47:31.784471 /root/study/github_repository/qb/network/node.go:452: get a transcation message
P1-[block.Transaction]2021/09/11 18:47:31.903698 /root/study/github_repository/qb/network/node.go:452: get a transcation message
P1-[block.Transaction]2021/09/11 18:47:32.025500 /root/study/github_repository/qb/network/node.go:452: get a transcation message
P1-[block.Transaction]2021/09/11 18:47:32.143120 /root/study/github_repository/qb/network/node.go:452: get a transcation message
P1-[block.Block]2021/09/11 18:47:32.239461 /root/study/github_repository/qb/network/node.go:461: create a new block, and put it into MsgEntrance channel
P1-[block.Transaction]2021/09/11 18:47:32.287958 /root/study/github_repository/qb/network/node.go:452: get a transcation message
P1-[block.Transaction]2021/09/11 18:47:32.388999 /root/study/github_repository/qb/network/node.go:452: get a transcation message
P1-[block.Transaction]2021/09/11 18:47:32.510850 /root/study/github_repository/qb/network/node.go:452: get a transcation message
P1-[block.Transaction]2021/09/11 18:47:32.628846 /root/study/github_repository/qb/network/node.go:452: get a transcation message
P1-[block.Transaction]2021/09/11 18:47:32.748221 /root/study/github_repository/qb/network/node.go:452: get a transcation message
P1-[block.Transaction]2021/09/11 18:47:32.867246 /root/study/github_repository/qb/network/node.go:452: get a transcation message
P1-[block.Transaction]2021/09/11 18:47:32.988006 /root/study/github_repository/qb/network/node.go:452: get a transcation message
P1-[block.Transaction]2021/09/11 18:47:33.109945 /root/study/github_repository/qb/network/node.go:452: get a transcation message
P1-[block.Transaction]2021/09/11 18:47:33.233147 /root/study/github_repository/qb/network/node.go:452: get a transcation message
P1-[block.Block]2021/09/11 18:47:33.240985 /root/study/github_repository/qb/network/node.go:461: create a new block, and put it into MsgEntrance channel
P1-[block.Transaction]2021/09/11 18:47:33.356736 /root/study/github_repository/qb/network/node.go:452: get a transcation message
P1-[block.Transaction]2021/09/11 18:47:33.475770 /root/study/github_repository/qb/network/node.go:452: get a transcation message
P1-[block.Transaction]2021/09/11 18:47:33.594635 /root/study/github_repository/qb/network/node.go:452: get a transcation message
P1-[block.Transaction]2021/09/11 18:47:33.711527 /root/study/github_repository/qb/network/node.go:452: get a transcation message
P1-[block.Transaction]2021/09/11 18:47:33.830141 /root/study/github_repository/qb/network/node.go:452: get a transcation message
P1-[block.Transaction]2021/09/11 18:47:33.949377 /root/study/github_repository/qb/network/node.go:452: get a transcation message
P1-[block.Block]2021/09/11 18:47:34.241146 /root/study/github_repository/qb/network/node.go:461: create a new block, and put it into MsgEntrance channel
P1-[block.Transaction]2021/09/11 18:47:47.516819 /root/study/github_repository/qb/network/node.go:452: get a transcation message
P1-[block.Transaction]2021/09/11 18:47:47.645258 /root/study/github_repository/qb/network/node.go:452: get a transcation message
P1-[block.Transaction]2021/09/11 18:47:47.764888 /root/study/github_repository/qb/network/node.go:452: get a transcation message
P1-[block.Transaction]2021/09/11 18:47:47.882664 /root/study/github_repository/qb/network/node.go:452: get a transcation message
P1-[block.Transaction]2021/09/11 18:47:48.001715 /root/study/github_repository/qb/network/node.go:452: get a transcation message
P1-[block.Transaction]2021/09/11 18:47:48.119097 /root/study/github_repository/qb/network/node.go:452: get a transcation message
P1-[block.Transaction]2021/09/11 18:47:48.236875 /root/study/github_repository/qb/network/node.go:452: get a transcation message
P1-[block.Block]2021/09/11 18:47:48.252687 /root/study/github_repository/qb/network/node.go:461: create a new block, and put it into MsgEntrance channel
P1-[block.Transaction]2021/09/11 18:47:48.359448 /root/study/github_repository/qb/network/node.go:452: get a transcation message
P1-[block.Transaction]2021/09/11 18:47:48.478496 /root/study/github_repository/qb/network/node.go:452: get a transcation message
P1-[block.Transaction]2021/09/11 18:47:48.598359 /root/study/github_repository/qb/network/node.go:452: get a transcation message
P1-[block.Transaction]2021/09/11 18:47:48.717522 /root/study/github_repository/qb/network/node.go:452: get a transcation message
P1-[block.Transaction]2021/09/11 18:47:48.836127 /root/study/github_repository/qb/network/node.go:452: get a transcation message
P1-[block.Transaction]2021/09/11 18:47:48.954523 /root/study/github_repository/qb/network/node.go:452: get a transcation message
P1-[block.Transaction]2021/09/11 18:47:49.074872 /root/study/github_repository/qb/network/node.go:452: get a transcation message
P1-[block.Transaction]2021/09/11 18:47:49.194918 /root/study/github_repository/qb/network/node.go:452: get a transcation message
P1-[block.Block]2021/09/11 18:47:49.253546 /root/study/github_repository/qb/network/node.go:461: create a new block, and put it into MsgEntrance channel
P1-[block.Transaction]2021/09/11 18:47:49.318936 /root/study/github_repository/qb/network/node.go:452: get a transcation message
P1-[block.Transaction]2021/09/11 18:47:49.442488 /root/study/github_repository/qb/network/node.go:452: get a transcation message
P1-[block.Transaction]2021/09/11 18:47:49.563125 /root/study/github_repository/qb/network/node.go:452: get a transcation message
P1-[block.Transaction]2021/09/11 18:47:49.679616 /root/study/github_repository/qb/network/node.go:452: get a transcation message
P1-[block.Transaction]2021/09/11 18:47:49.798315 /root/study/github_repository/qb/network/node.go:452: get a transcation message
P1-[block.Block]2021/09/11 18:47:50.253812 /root/study/github_repository/qb/network/node.go:461: create a new block, and put it into MsgEntrance channel
P1-[block.Transaction]2021/09/11 18:48:04.484252 /root/study/github_repository/qb/network/node.go:452: get a transcation message
P1-[block.Transaction]2021/09/11 18:48:04.601974 /root/study/github_repository/qb/network/node.go:452: get a transcation message
P1-[block.Transaction]2021/09/11 18:48:04.722444 /root/study/github_repository/qb/network/node.go:452: get a transcation message
P1-[block.Transaction]2021/09/11 18:48:04.839268 /root/study/github_repository/qb/network/node.go:452: get a transcation message
P1-[block.Transaction]2021/09/11 18:48:04.959161 /root/study/github_repository/qb/network/node.go:452: get a transcation message
P1-[block.Transaction]2021/09/11 18:48:05.079286 /root/study/github_repository/qb/network/node.go:452: get a transcation message
P1-[block.Transaction]2021/09/11 18:48:05.195950 /root/study/github_repository/qb/network/node.go:452: get a transcation message
P1-[block.Block]2021/09/11 18:48:05.265916 /root/study/github_repository/qb/network/node.go:461: create a new block, and put it into MsgEntrance channel
P1-[block.Transaction]2021/09/11 18:48:05.314652 /root/study/github_repository/qb/network/node.go:452: get a transcation message
P1-[block.Transaction]2021/09/11 18:48:05.436635 /root/study/github_repository/qb/network/node.go:452: get a transcation message
P1-[block.Transaction]2021/09/11 18:48:05.555289 /root/study/github_repository/qb/network/node.go:452: get a transcation message
P1-[block.Transaction]2021/09/11 18:48:05.675356 /root/study/github_repository/qb/network/node.go:452: get a transcation message
P1-[block.Transaction]2021/09/11 18:48:05.793668 /root/study/github_repository/qb/network/node.go:452: get a transcation message
P1-[block.Transaction]2021/09/11 18:48:05.909993 /root/study/github_repository/qb/network/node.go:452: get a transcation message
P1-[block.Transaction]2021/09/11 18:48:06.031163 /root/study/github_repository/qb/network/node.go:452: get a transcation message
P1-[block.Transaction]2021/09/11 18:48:06.151242 /root/study/github_repository/qb/network/node.go:452: get a transcation message
P1-[block.Block]2021/09/11 18:48:06.267645 /root/study/github_repository/qb/network/node.go:461: create a new block, and put it into MsgEntrance channel
P1-[block.Transaction]2021/09/11 18:48:06.271028 /root/study/github_repository/qb/network/node.go:452: get a transcation message
P1-[block.Transaction]2021/09/11 18:48:06.396032 /root/study/github_repository/qb/network/node.go:452: get a transcation message
P1-[block.Transaction]2021/09/11 18:48:06.515213 /root/study/github_repository/qb/network/node.go:452: get a transcation message
P1-[block.Transaction]2021/09/11 18:48:06.634665 /root/study/github_repository/qb/network/node.go:452: get a transcation message
P1-[block.Transaction]2021/09/11 18:48:06.753691 /root/study/github_repository/qb/network/node.go:452: get a transcation message
P1-[block.Block]2021/09/11 18:48:07.268648 /root/study/github_repository/qb/network/node.go:461: create a new block, and put it into MsgEntrance channel
P1-[block.Transaction]2021/09/11 18:48:14.550730 /root/study/github_repository/qb/network/node.go:452: get a transcation message
P1-[block.Transaction]2021/09/11 18:48:14.668123 /root/study/github_repository/qb/network/node.go:452: get a transcation message
P1-[block.Transaction]2021/09/11 18:48:14.784711 /root/study/github_repository/qb/network/node.go:452: get a transcation message
P1-[block.Transaction]2021/09/11 18:48:14.903108 /root/study/github_repository/qb/network/node.go:452: get a transcation message
P1-[block.Transaction]2021/09/11 18:48:15.022051 /root/study/github_repository/qb/network/node.go:452: get a transcation message
P1-[block.Transaction]2021/09/11 18:48:15.138785 /root/study/github_repository/qb/network/node.go:452: get a transcation message
P1-[block.Transaction]2021/09/11 18:48:15.254862 /root/study/github_repository/qb/network/node.go:452: get a transcation message
P1-[block.Block]2021/09/11 18:48:15.277892 /root/study/github_repository/qb/network/node.go:461: create a new block, and put it into MsgEntrance channel
P1-[block.Transaction]2021/09/11 18:48:15.378259 /root/study/github_repository/qb/network/node.go:452: get a transcation message
P1-[block.Transaction]2021/09/11 18:48:15.496340 /root/study/github_repository/qb/network/node.go:452: get a transcation message
P1-[block.Transaction]2021/09/11 18:48:15.618089 /root/study/github_repository/qb/network/node.go:452: get a transcation message
P1-[block.Transaction]2021/09/11 18:48:15.737847 /root/study/github_repository/qb/network/node.go:452: get a transcation message
P1-[block.Transaction]2021/09/11 18:48:15.859850 /root/study/github_repository/qb/network/node.go:452: get a transcation message
P1-[block.Transaction]2021/09/11 18:48:15.975273 /root/study/github_repository/qb/network/node.go:452: get a transcation message
P1-[block.Transaction]2021/09/11 18:48:16.091802 /root/study/github_repository/qb/network/node.go:452: get a transcation message
P1-[block.Transaction]2021/09/11 18:48:16.209605 /root/study/github_repository/qb/network/node.go:452: get a transcation message
P1-[block.Block]2021/09/11 18:48:16.278039 /root/study/github_repository/qb/network/node.go:461: create a new block, and put it into MsgEntrance channel
P1-[block.Transaction]2021/09/11 18:48:16.325632 /root/study/github_repository/qb/network/node.go:452: get a transcation message
P1-[block.Transaction]2021/09/11 18:48:16.452207 /root/study/github_repository/qb/network/node.go:452: get a transcation message
P1-[block.Transaction]2021/09/11 18:48:16.571427 /root/study/github_repository/qb/network/node.go:452: get a transcation message
P1-[block.Transaction]2021/09/11 18:48:16.692566 /root/study/github_repository/qb/network/node.go:452: get a transcation message
P1-[block.Transaction]2021/09/11 18:48:16.813527 /root/study/github_repository/qb/network/node.go:452: get a transcation message
P1-[block.Block]2021/09/11 18:48:17.278666 /root/study/github_repository/qb/network/node.go:461: create a new block, and put it into MsgEntrance channel
P1-[block.Transaction]2021/09/11 19:22:14.625660 /root/study/github_repository/qb/network/node.go:452: get a transcation message
P1-[block.Transaction]2021/09/11 19:22:14.743944 /root/study/github_repository/qb/network/node.go:452: get a transcation message
P1-[block.Transaction]2021/09/11 19:22:14.865115 /root/study/github_repository/qb/network/node.go:452: get a transcation message
P1-[block.Transaction]2021/09/11 19:22:14.982690 /root/study/github_repository/qb/network/node.go:452: get a transcation message
P1-[block.Transaction]2021/09/11 19:22:15.100442 /root/study/github_repository/qb/network/node.go:452: get a transcation message
P1-[block.Transaction]2021/09/11 19:22:15.216802 /root/study/github_repository/qb/network/node.go:452: get a transcation message
P1-[block.Block]2021/09/11 19:22:15.221798 /root/study/github_repository/qb/network/node.go:461: create a new block, and put it into MsgEntrance channel
P1-[block.Transaction]2021/09/11 19:22:15.336490 /root/study/github_repository/qb/network/node.go:452: get a transcation message
P1-[block.Transaction]2021/09/11 19:22:15.453394 /root/study/github_repository/qb/network/node.go:452: get a transcation message
P1-[block.Transaction]2021/09/11 19:22:15.571114 /root/study/github_repository/qb/network/node.go:452: get a transcation message
P1-[block.Transaction]2021/09/11 19:22:15.688131 /root/study/github_repository/qb/network/node.go:452: get a transcation message
P1-[block.Transaction]2021/09/11 19:22:15.806023 /root/study/github_repository/qb/network/node.go:452: get a transcation message
P1-[block.Transaction]2021/09/11 19:22:15.924179 /root/study/github_repository/qb/network/node.go:452: get a transcation message
P1-[block.Transaction]2021/09/11 19:22:16.042332 /root/study/github_repository/qb/network/node.go:452: get a transcation message
P1-[block.Transaction]2021/09/11 19:22:16.159551 /root/study/github_repository/qb/network/node.go:452: get a transcation message
P1-[block.Block]2021/09/11 19:22:16.221855 /root/study/github_repository/qb/network/node.go:461: create a new block, and put it into MsgEntrance channel
P1-[block.Transaction]2021/09/11 19:22:16.281572 /root/study/github_repository/qb/network/node.go:452: get a transcation message
P1-[block.Transaction]2021/09/11 19:22:16.399766 /root/study/github_repository/qb/network/node.go:452: get a transcation message
P1-[block.Transaction]2021/09/11 19:22:16.518562 /root/study/github_repository/qb/network/node.go:452: get a transcation message
P1-[block.Transaction]2021/09/11 19:22:16.639613 /root/study/github_repository/qb/network/node.go:452: get a transcation message
P1-[block.Transaction]2021/09/11 19:22:16.760497 /root/study/github_repository/qb/network/node.go:452: get a transcation message
P1-[block.Transaction]2021/09/11 19:22:16.882599 /root/study/github_repository/qb/network/node.go:452: get a transcation message
P1-[block.Block]2021/09/11 19:22:17.223574 /root/study/github_repository/qb/network/node.go:461: create a new block, and put it into MsgEntrance channel
P1-[block.Transaction]2021/09/11 20:19:26.915597 /root/study/github_repository/qb/network/node.go:480: get a transcation message
P1-[block.Transaction]2021/09/11 20:19:27.039806 /root/study/github_repository/qb/network/node.go:480: get a transcation message
P1-[block.Transaction]2021/09/11 20:19:27.156368 /root/study/github_repository/qb/network/node.go:480: get a transcation message
P1-[block.Transaction]2021/09/11 20:19:27.276262 /root/study/github_repository/qb/network/node.go:480: get a transcation message
P1-[block.Transaction]2021/09/11 20:19:27.395600 /root/study/github_repository/qb/network/node.go:480: get a transcation message
P1-[block.Transaction]2021/09/11 20:19:27.514367 /root/study/github_repository/qb/network/node.go:480: get a transcation message
P1-[block.Transaction]2021/09/11 20:19:27.636967 /root/study/github_repository/qb/network/node.go:480: get a transcation message
P1-[block.Transaction]2021/09/11 20:19:27.757859 /root/study/github_repository/qb/network/node.go:480: get a transcation message
P1-[block.Block]2021/09/11 20:19:27.856307 /root/study/github_repository/qb/network/node.go:492: create a new block, and put it into MsgEntrance channel
P1-[block.Transaction]2021/09/11 20:19:27.895444 /root/study/github_repository/qb/network/node.go:480: get a transcation message
P1-[block.Transaction]2021/09/11 20:19:27.895445 /root/study/github_repository/qb/network/node.go:737: put reply message into broadcast channel
P1-[block.Transaction]2021/09/11 20:19:28.001755 /root/study/github_repository/qb/network/node.go:480: get a transcation message
P1-[block.Transaction]2021/09/11 20:19:28.124004 /root/study/github_repository/qb/network/node.go:480: get a transcation message
P1-[block.Transaction]2021/09/11 20:19:28.242789 /root/study/github_repository/qb/network/node.go:480: get a transcation message
P1-[block.Transaction]2021/09/11 20:19:28.363808 /root/study/github_repository/qb/network/node.go:480: get a transcation message
P1-[block.Transaction]2021/09/11 20:19:28.483290 /root/study/github_repository/qb/network/node.go:480: get a transcation message
P1-[block.Transaction]2021/09/11 20:19:28.607512 /root/study/github_repository/qb/network/node.go:480: get a transcation message
P1-[block.Transaction]2021/09/11 20:19:28.728144 /root/study/github_repository/qb/network/node.go:480: get a transcation message
P1-[block.Transaction]2021/09/11 20:19:28.849902 /root/study/github_repository/qb/network/node.go:480: get a transcation message
P1-[block.Block]2021/09/11 20:19:28.856631 /root/study/github_repository/qb/network/node.go:492: create a new block, and put it into MsgEntrance channel
P1-[block.Transaction]2021/09/11 20:19:28.977556 /root/study/github_repository/qb/network/node.go:480: get a transcation message
P1-[block.Transaction]2021/09/11 20:19:29.097311 /root/study/github_repository/qb/network/node.go:480: get a transcation message
P1-[block.Transaction]2021/09/11 20:19:29.216224 /root/study/github_repository/qb/network/node.go:480: get a transcation message
P1-[block.Transaction]2021/09/11 20:19:39.759465 /root/study/github_repository/qb/network/node.go:480: get a transcation message
P1-[block.Transaction]2021/09/11 20:19:39.875539 /root/study/github_repository/qb/network/node.go:480: get a transcation message
P1-[block.Transaction]2021/09/11 20:19:39.993354 /root/study/github_repository/qb/network/node.go:480: get a transcation message
P1-[block.Transaction]2021/09/11 20:19:40.110208 /root/study/github_repository/qb/network/node.go:480: get a transcation message
P1-[block.Transaction]2021/09/11 20:19:40.228626 /root/study/github_repository/qb/network/node.go:480: get a transcation message
P1-[block.Transaction]2021/09/11 20:19:40.347985 /root/study/github_repository/qb/network/node.go:480: get a transcation message
P1-[block.Transaction]2021/09/11 20:19:40.467715 /root/study/github_repository/qb/network/node.go:480: get a transcation message
P1-[block.Transaction]2021/09/11 20:19:40.588108 /root/study/github_repository/qb/network/node.go:480: get a transcation message
P1-[block.Transaction]2021/09/11 20:19:40.707825 /root/study/github_repository/qb/network/node.go:480: get a transcation message
P1-[block.Transaction]2021/09/11 20:19:40.826506 /root/study/github_repository/qb/network/node.go:480: get a transcation message
P1-[block.Block]2021/09/11 20:19:40.869316 /root/study/github_repository/qb/network/node.go:492: create a new block, and put it into MsgEntrance channel
P1-[block.Transaction]2021/09/11 20:19:40.956545 /root/study/github_repository/qb/network/node.go:480: get a transcation message
P1-[block.Transaction]2021/09/11 20:19:41.080205 /root/study/github_repository/qb/network/node.go:480: get a transcation message
P1-[block.Transaction]2021/09/11 20:19:41.203338 /root/study/github_repository/qb/network/node.go:480: get a transcation message
P1-[block.Transaction]2021/09/11 20:19:41.325100 /root/study/github_repository/qb/network/node.go:480: get a transcation message
P1-[block.Transaction]2021/09/11 20:19:41.441348 /root/study/github_repository/qb/network/node.go:480: get a transcation message
P1-[block.Transaction]2021/09/11 20:19:41.561947 /root/study/github_repository/qb/network/node.go:480: get a transcation message
P1-[block.Transaction]2021/09/11 20:19:41.679027 /root/study/github_repository/qb/network/node.go:480: get a transcation message
P1-[block.Transaction]2021/09/11 20:19:41.798589 /root/study/github_repository/qb/network/node.go:480: get a transcation message
P1-[block.Block]2021/09/11 20:19:41.870764 /root/study/github_repository/qb/network/node.go:492: create a new block, and put it into MsgEntrance channel
P1-[block.Transaction]2021/09/11 20:19:41.922249 /root/study/github_repository/qb/network/node.go:480: get a transcation message
P1-[block.Transaction]2021/09/11 20:19:42.048583 /root/study/github_repository/qb/network/node.go:480: get a transcation message
