P2-[pbft.PrePrepareMsg]2021/09/14 22:13:19.130517 /root/study/github_repository/qb/network/consensus.go:357: [put pre-prepare message into MsgDelivery channel]
P2-[pbft.PrepareMsg]2021/09/14 22:13:19.135379 /root/study/github_repository/qb/network/consensus.go:379: [put prepare message into MsgDelivery channel]
P2-[pbft.PrepareMsg]2021/09/14 22:13:19.137818 /root/study/github_repository/qb/network/consensus.go:379: [put prepare message into MsgDelivery channel]
P2-[pbft.CommitMsg]2021/09/14 22:13:19.139660 /root/study/github_repository/qb/network/consensus.go:396: [put commit message into MsgDelivery channel]
P2-[pbft.CommitMsg]2021/09/14 22:13:19.141654 /root/study/github_repository/qb/network/consensus.go:396: [put commit message into MsgDelivery channel]
P2-[pbft.CommitMsg]2021/09/14 22:13:19.144227 /root/study/github_repository/qb/network/consensus.go:396: [put commit message into MsgDelivery channel]
P2-[pbft.PrePrepareMsg]2021/09/14 22:13:21.139282 /root/study/github_repository/qb/network/consensus.go:357: [put pre-prepare message into MsgDelivery channel]
P2-[pbft.PrepareMsg]2021/09/14 22:13:21.145287 /root/study/github_repository/qb/network/consensus.go:379: [put prepare message into MsgDelivery channel]
P2-[pbft.PrepareMsg]2021/09/14 22:13:21.152514 /root/study/github_repository/qb/network/consensus.go:379: [put prepare message into MsgDelivery channel]
P2-[pbft.CommitMsg]2021/09/14 22:13:21.156550 /root/study/github_repository/qb/network/consensus.go:396: [put commit message into MsgDelivery channel]
P2-[pbft.CommitMsg]2021/09/14 22:13:21.162791 /root/study/github_repository/qb/network/consensus.go:396: [put commit message into MsgDelivery channel]
P2-[pbft.CommitMsg]2021/09/14 22:13:21.167173 /root/study/github_repository/qb/network/consensus.go:396: [put commit message into MsgDelivery channel]
P2-[pbft.PrePrepareMsg]2021/09/14 22:13:29.134966 /root/study/github_repository/qb/network/consensus.go:357: [put pre-prepare message into MsgDelivery channel]
P2-[pbft.PrepareMsg]2021/09/14 22:13:29.145190 /root/study/github_repository/qb/network/consensus.go:379: [put prepare message into MsgDelivery channel]
P2-[pbft.CommitMsg]2021/09/14 22:13:29.147164 /root/study/github_repository/qb/network/consensus.go:396: [put commit message into MsgDelivery channel]
P2-[pbft.CommitMsg]2021/09/14 22:13:29.149151 /root/study/github_repository/qb/network/consensus.go:396: [put commit message into MsgDelivery channel]
P2-[pbft.CommitMsg]2021/09/14 22:13:29.151183 /root/study/github_repository/qb/network/consensus.go:396: [put commit message into MsgDelivery channel]
P2-[pbft.PrePrepareMsg]2021/09/14 22:13:31.140633 /root/study/github_repository/qb/network/consensus.go:357: [put pre-prepare message into MsgDelivery channel]
P2-[pbft.PrepareMsg]2021/09/14 22:13:31.144172 /root/study/github_repository/qb/network/consensus.go:370: [get a prepare message,but don't put it into channel]
P2-[pbft.PrepareMsg]2021/09/14 22:13:31.144440 /root/study/github_repository/qb/network/consensus.go:370: [get a prepare message,but don't put it into channel]
P2-[pbft.CommitMsg]2021/09/14 22:13:31.151958 /root/study/github_repository/qb/network/consensus.go:387: [get a commit message,but don't put it into channel]
P2-[pbft.CommitMsg]2021/09/14 22:13:31.152409 /root/study/github_repository/qb/network/consensus.go:387: [get a commit message,but don't put it into channel]
P2-[pbft.CommitMsg]2021/09/14 22:13:31.152689 /root/study/github_repository/qb/network/consensus.go:387: [get a commit message,but don't put it into channel]
