P3-[pbft.PrePrepareMsg]2021/09/11 15:41:26.071798 /root/study/github_repository/qb/network/node.go:433: [put pre-prepare message into MsgDelivery channel]
P3-[pbft.PrepareMsg]2021/09/11 15:41:26.074582 /root/study/github_repository/qb/network/node.go:339: [put prepare message into MsgDelivery channel]
P3-[pbft.PrepareMsg]2021/09/11 15:41:26.077249 /root/study/github_repository/qb/network/node.go:339: [put prepare message into MsgDelivery channel]
P3-[pbft.CommitMsg]2021/09/11 15:41:26.079589 /root/study/github_repository/qb/network/node.go:356: [put commit message into MsgDelivery channel]
P3-[pbft.CommitMsg]2021/09/11 15:41:26.082213 /root/study/github_repository/qb/network/node.go:356: [put commit message into MsgDelivery channel]
P3-[pbft.CommitMsg]2021/09/11 15:41:26.084181 /root/study/github_repository/qb/network/node.go:356: [put commit message into MsgDelivery channel]
P3-[pbft.PrePrepareMsg]2021/09/11 15:41:33.710366 /root/study/github_repository/qb/network/node.go:433: [put pre-prepare message into MsgDelivery channel]
P3-[pbft.PrepareMsg]2021/09/11 15:41:33.712363 /root/study/github_repository/qb/network/node.go:339: [put prepare message into MsgDelivery channel]
P3-[pbft.PrepareMsg]2021/09/11 15:41:33.744290 /root/study/github_repository/qb/network/node.go:339: [put prepare message into MsgDelivery channel]
P3-[pbft.CommitMsg]2021/09/11 15:41:33.747201 /root/study/github_repository/qb/network/node.go:356: [put commit message into MsgDelivery channel]
P3-[pbft.CommitMsg]2021/09/11 15:41:33.749271 /root/study/github_repository/qb/network/node.go:356: [put commit message into MsgDelivery channel]
P3-[pbft.CommitMsg]2021/09/11 15:41:33.750523 /root/study/github_repository/qb/network/node.go:356: [put commit message into MsgDelivery channel]
P3-[pbft.PrePrepareMsg]2021/09/11 15:41:41.320754 /root/study/github_repository/qb/network/node.go:433: [put pre-prepare message into MsgDelivery channel]
P3-[pbft.PrepareMsg]2021/09/11 15:41:41.324014 /root/study/github_repository/qb/network/node.go:339: [put prepare message into MsgDelivery channel]
P3-[pbft.PrepareMsg]2021/09/11 15:41:41.326419 /root/study/github_repository/qb/network/node.go:330: [get a prepare message,but don't put it into channel]
P3-[pbft.CommitMsg]2021/09/11 15:41:41.328136 /root/study/github_repository/qb/network/node.go:356: [put commit message into MsgDelivery channel]
P3-[pbft.CommitMsg]2021/09/11 15:41:41.330149 /root/study/github_repository/qb/network/node.go:356: [put commit message into MsgDelivery channel]
P3-[pbft.CommitMsg]2021/09/11 15:41:41.332067 /root/study/github_repository/qb/network/node.go:356: [put commit message into MsgDelivery channel]
P3-[pbft.PrePrepareMsg]2021/09/11 15:41:48.942652 /root/study/github_repository/qb/network/node.go:433: [put pre-prepare message into MsgDelivery channel]
P3-[pbft.PrepareMsg]2021/09/11 15:41:48.944441 /root/study/github_repository/qb/network/node.go:330: [get a prepare message,but don't put it into channel]
P3-[pbft.PrepareMsg]2021/09/11 15:41:48.948581 /root/study/github_repository/qb/network/node.go:339: [put prepare message into MsgDelivery channel]
P3-[pbft.CommitMsg]2021/09/11 15:41:48.949504 /root/study/github_repository/qb/network/node.go:347: [get a commit message,but don't put it into channel]
P3-[pbft.CommitMsg]2021/09/11 15:41:48.949809 /root/study/github_repository/qb/network/node.go:347: [get a commit message,but don't put it into channel]
P3-[pbft.CommitMsg]2021/09/11 15:41:48.952123 /root/study/github_repository/qb/network/node.go:356: [put commit message into MsgDelivery channel]
P3-[pbft.PrePrepareMsg]2021/09/11 15:42:00.779828 /root/study/github_repository/qb/network/node.go:433: [put pre-prepare message into MsgDelivery channel]
P3-[pbft.PrepareMsg]2021/09/11 15:42:00.781562 /root/study/github_repository/qb/network/node.go:330: [get a prepare message,but don't put it into channel]
P3-[pbft.PrepareMsg]2021/09/11 15:42:00.782004 /root/study/github_repository/qb/network/node.go:339: [put prepare message into MsgDelivery channel]
P3-[pbft.CommitMsg]2021/09/11 15:42:00.786968 /root/study/github_repository/qb/network/node.go:356: [put commit message into MsgDelivery channel]
P3-[pbft.CommitMsg]2021/09/11 15:42:00.789350 /root/study/github_repository/qb/network/node.go:356: [put commit message into MsgDelivery channel]
P3-[pbft.CommitMsg]2021/09/11 15:42:00.790905 /root/study/github_repository/qb/network/node.go:356: [put commit message into MsgDelivery channel]
P3-[pbft.PrePrepareMsg]2021/09/11 15:42:08.417104 /root/study/github_repository/qb/network/node.go:433: [put pre-prepare message into MsgDelivery channel]
P3-[pbft.PrepareMsg]2021/09/11 15:42:08.423208 /root/study/github_repository/qb/network/node.go:339: [put prepare message into MsgDelivery channel]
P3-[pbft.CommitMsg]2021/09/11 15:42:08.424639 /root/study/github_repository/qb/network/node.go:356: [put commit message into MsgDelivery channel]
P3-[pbft.CommitMsg]2021/09/11 15:42:08.426647 /root/study/github_repository/qb/network/node.go:356: [put commit message into MsgDelivery channel]
P3-[pbft.CommitMsg]2021/09/11 15:42:08.428267 /root/study/github_repository/qb/network/node.go:356: [put commit message into MsgDelivery channel]
P3-[pbft.PrePrepareMsg]2021/09/11 15:42:16.019553 /root/study/github_repository/qb/network/node.go:433: [put pre-prepare message into MsgDelivery channel]
P3-[pbft.PrepareMsg]2021/09/11 15:42:16.021962 /root/study/github_repository/qb/network/node.go:339: [put prepare message into MsgDelivery channel]
P3-[pbft.PrepareMsg]2021/09/11 15:42:16.025298 /root/study/github_repository/qb/network/node.go:339: [put prepare message into MsgDelivery channel]
P3-[pbft.CommitMsg]2021/09/11 15:42:16.027640 /root/study/github_repository/qb/network/node.go:356: [put commit message into MsgDelivery channel]
P3-[pbft.CommitMsg]2021/09/11 15:42:16.029614 /root/study/github_repository/qb/network/node.go:356: [put commit message into MsgDelivery channel]
P3-[pbft.CommitMsg]2021/09/11 15:42:16.032157 /root/study/github_repository/qb/network/node.go:356: [put commit message into MsgDelivery channel]
P3-[pbft.PrePrepareMsg]2021/09/11 15:42:23.620253 /root/study/github_repository/qb/network/node.go:433: [put pre-prepare message into MsgDelivery channel]
P3-[pbft.PrepareMsg]2021/09/11 15:42:23.623657 /root/study/github_repository/qb/network/node.go:339: [put prepare message into MsgDelivery channel]
P3-[pbft.PrepareMsg]2021/09/11 15:42:23.626030 /root/study/github_repository/qb/network/node.go:339: [put prepare message into MsgDelivery channel]
P3-[pbft.CommitMsg]2021/09/11 15:42:23.627865 /root/study/github_repository/qb/network/node.go:356: [put commit message into MsgDelivery channel]
P3-[pbft.CommitMsg]2021/09/11 15:42:23.629134 /root/study/github_repository/qb/network/node.go:356: [put commit message into MsgDelivery channel]
P3-[pbft.CommitMsg]2021/09/11 15:42:23.632401 /root/study/github_repository/qb/network/node.go:356: [put commit message into MsgDelivery channel]
P3-[pbft.PrePrepareMsg]2021/09/11 15:43:09.307830 /root/study/github_repository/qb/network/node.go:433: [put pre-prepare message into MsgDelivery channel]
P3-[pbft.PrepareMsg]2021/09/11 15:43:09.309632 /root/study/github_repository/qb/network/node.go:330: [get a prepare message,but don't put it into channel]
P3-[pbft.PrepareMsg]2021/09/11 15:43:09.313707 /root/study/github_repository/qb/network/node.go:339: [put prepare message into MsgDelivery channel]
P3-[pbft.CommitMsg]2021/09/11 15:43:09.314721 /root/study/github_repository/qb/network/node.go:347: [get a commit message,but don't put it into channel]
P3-[pbft.CommitMsg]2021/09/11 15:43:09.314741 /root/study/github_repository/qb/network/node.go:347: [get a commit message,but don't put it into channel]
P3-[pbft.CommitMsg]2021/09/11 15:43:09.317539 /root/study/github_repository/qb/network/node.go:356: [put commit message into MsgDelivery channel]
P3-[pbft.PrePrepareMsg]2021/09/11 15:43:16.981660 /root/study/github_repository/qb/network/node.go:433: [put pre-prepare message into MsgDelivery channel]
P3-[pbft.PrepareMsg]2021/09/11 15:43:16.983926 /root/study/github_repository/qb/network/node.go:330: [get a prepare message,but don't put it into channel]
P3-[pbft.PrepareMsg]2021/09/11 15:43:16.984653 /root/study/github_repository/qb/network/node.go:339: [put prepare message into MsgDelivery channel]
P3-[pbft.CommitMsg]2021/09/11 15:43:16.985746 /root/study/github_repository/qb/network/node.go:347: [get a commit message,but don't put it into channel]
P3-[pbft.CommitMsg]2021/09/11 15:43:16.988125 /root/study/github_repository/qb/network/node.go:356: [put commit message into MsgDelivery channel]
P3-[pbft.CommitMsg]2021/09/11 15:43:16.991688 /root/study/github_repository/qb/network/node.go:356: [put commit message into MsgDelivery channel]
P3-[pbft.PrePrepareMsg]2021/09/11 15:43:24.606773 /root/study/github_repository/qb/network/node.go:433: [put pre-prepare message into MsgDelivery channel]
P3-[pbft.PrepareMsg]2021/09/11 15:43:24.608943 /root/study/github_repository/qb/network/node.go:339: [put prepare message into MsgDelivery channel]
P3-[pbft.PrepareMsg]2021/09/11 15:43:24.612732 /root/study/github_repository/qb/network/node.go:483: Msgdelivery channel get a prepare message, and handle it
P3-[pbft.CommitMsg]2021/09/11 15:43:24.614847 /root/study/github_repository/qb/network/node.go:356: [put commit message into MsgDelivery channel]
P3-[pbft.CommitMsg]2021/09/11 15:43:24.616597 /root/study/github_repository/qb/network/node.go:356: [put commit message into MsgDelivery channel]
P3-[pbft.CommitMsg]2021/09/11 15:43:24.618346 /root/study/github_repository/qb/network/node.go:356: [put commit message into MsgDelivery channel]
P3-[pbft.PrePrepareMsg]2021/09/11 15:43:32.210999 /root/study/github_repository/qb/network/node.go:433: [put pre-prepare message into MsgDelivery channel]
P3-[pbft.PrepareMsg]2021/09/11 15:43:32.213378 /root/study/github_repository/qb/network/node.go:339: [put prepare message into MsgDelivery channel]
P3-[pbft.PrepareMsg]2021/09/11 15:43:32.216590 /root/study/github_repository/qb/network/node.go:339: [put prepare message into MsgDelivery channel]
P3-[pbft.CommitMsg]2021/09/11 15:43:32.219622 /root/study/github_repository/qb/network/node.go:356: [put commit message into MsgDelivery channel]
P3-[pbft.CommitMsg]2021/09/11 15:43:32.222219 /root/study/github_repository/qb/network/node.go:356: [put commit message into MsgDelivery channel]
P3-[pbft.PrePrepareMsg]2021/09/11 15:43:54.320495 /root/study/github_repository/qb/network/node.go:433: [put pre-prepare message into MsgDelivery channel]
P3-[pbft.PrepareMsg]2021/09/11 15:43:54.323108 /root/study/github_repository/qb/network/node.go:339: [put prepare message into MsgDelivery channel]
P3-[pbft.PrepareMsg]2021/09/11 15:43:54.325575 /root/study/github_repository/qb/network/node.go:339: [put prepare message into MsgDelivery channel]
P3-[pbft.CommitMsg]2021/09/11 15:43:54.330327 /root/study/github_repository/qb/network/node.go:356: [put commit message into MsgDelivery channel]
P3-[pbft.CommitMsg]2021/09/11 15:43:54.332769 /root/study/github_repository/qb/network/node.go:356: [put commit message into MsgDelivery channel]
P3-[pbft.PrePrepareMsg]2021/09/11 15:44:01.905832 /root/study/github_repository/qb/network/node.go:433: [put pre-prepare message into MsgDelivery channel]
P3-[pbft.PrepareMsg]2021/09/11 15:44:01.907896 /root/study/github_repository/qb/network/node.go:339: [put prepare message into MsgDelivery channel]
P3-[pbft.PrepareMsg]2021/09/11 15:44:01.910359 /root/study/github_repository/qb/network/node.go:339: [put prepare message into MsgDelivery channel]
P3-[pbft.CommitMsg]2021/09/11 15:44:01.912973 /root/study/github_repository/qb/network/node.go:356: [put commit message into MsgDelivery channel]
P3-[pbft.CommitMsg]2021/09/11 15:44:01.915714 /root/study/github_repository/qb/network/node.go:356: [put commit message into MsgDelivery channel]
P3-[pbft.CommitMsg]2021/09/11 15:44:02.187412 /root/study/github_repository/qb/network/node.go:347: [get a commit message,but don't put it into channel]
P3-[pbft.PrePrepareMsg]2021/09/11 15:44:09.479853 /root/study/github_repository/qb/network/node.go:433: [put pre-prepare message into MsgDelivery channel]
P3-[pbft.PrepareMsg]2021/09/11 15:44:09.482381 /root/study/github_repository/qb/network/node.go:339: [put prepare message into MsgDelivery channel]
P3-[pbft.PrepareMsg]2021/09/11 15:44:09.485407 /root/study/github_repository/qb/network/node.go:339: [put prepare message into MsgDelivery channel]
P3-[pbft.CommitMsg]2021/09/11 15:44:09.486968 /root/study/github_repository/qb/network/node.go:356: [put commit message into MsgDelivery channel]
P3-[pbft.CommitMsg]2021/09/11 15:44:09.488896 /root/study/github_repository/qb/network/node.go:356: [put commit message into MsgDelivery channel]
P3-[pbft.CommitMsg]2021/09/11 15:44:09.490423 /root/study/github_repository/qb/network/node.go:356: [put commit message into MsgDelivery channel]
P3-[pbft.PrePrepareMsg]2021/09/11 15:44:17.095095 /root/study/github_repository/qb/network/node.go:433: [put pre-prepare message into MsgDelivery channel]
P3-[pbft.PrepareMsg]2021/09/11 15:44:17.097211 /root/study/github_repository/qb/network/node.go:330: [get a prepare message,but don't put it into channel]
P3-[pbft.PrepareMsg]2021/09/11 15:44:17.100806 /root/study/github_repository/qb/network/node.go:339: [put prepare message into MsgDelivery channel]
P3-[pbft.CommitMsg]2021/09/11 15:44:17.103128 /root/study/github_repository/qb/network/node.go:347: [get a commit message,but don't put it into channel]
P3-[pbft.CommitMsg]2021/09/11 15:44:17.105040 /root/study/github_repository/qb/network/node.go:356: [put commit message into MsgDelivery channel]
P3-[pbft.CommitMsg]2021/09/11 15:44:17.109380 /root/study/github_repository/qb/network/node.go:356: [put commit message into MsgDelivery channel]
P3-[pbft.PrePrepareMsg]2021/09/11 15:45:37.094981 /root/study/github_repository/qb/network/node.go:433: [put pre-prepare message into MsgDelivery channel]
P3-[pbft.PrepareMsg]2021/09/11 15:45:37.101250 /root/study/github_repository/qb/network/node.go:339: [put prepare message into MsgDelivery channel]
P3-[pbft.PrepareMsg]2021/09/11 15:45:37.104836 /root/study/github_repository/qb/network/node.go:339: [put prepare message into MsgDelivery channel]
P3-[pbft.CommitMsg]2021/09/11 15:45:37.105825 /root/study/github_repository/qb/network/node.go:356: [put commit message into MsgDelivery channel]
P3-[pbft.CommitMsg]2021/09/11 15:45:37.107116 /root/study/github_repository/qb/network/node.go:356: [put commit message into MsgDelivery channel]
P3-[pbft.CommitMsg]2021/09/11 15:45:37.108922 /root/study/github_repository/qb/network/node.go:356: [put commit message into MsgDelivery channel]
P3-[pbft.PrePrepareMsg]2021/09/11 15:45:40.720816 /root/study/github_repository/qb/network/node.go:433: [put pre-prepare message into MsgDelivery channel]
P3-[pbft.PrepareMsg]2021/09/11 15:45:40.722755 /root/study/github_repository/qb/network/node.go:330: [get a prepare message,but don't put it into channel]
P3-[pbft.PrepareMsg]2021/09/11 15:45:40.723585 /root/study/github_repository/qb/network/node.go:339: [put prepare message into MsgDelivery channel]
P3-[pbft.CommitMsg]2021/09/11 15:45:40.743729 /root/study/github_repository/qb/network/node.go:347: [get a commit message,but don't put it into channel]
P3-[pbft.CommitMsg]2021/09/11 15:45:40.743992 /root/study/github_repository/qb/network/node.go:347: [get a commit message,but don't put it into channel]
P3-[pbft.PrePrepareMsg]2021/09/11 15:45:44.325372 /root/study/github_repository/qb/network/node.go:433: [put pre-prepare message into MsgDelivery channel]
P3-[pbft.PrepareMsg]2021/09/11 15:45:44.327924 /root/study/github_repository/qb/network/node.go:339: [put prepare message into MsgDelivery channel]
P3-[pbft.PrepareMsg]2021/09/11 15:45:44.330837 /root/study/github_repository/qb/network/node.go:339: [put prepare message into MsgDelivery channel]
P3-[pbft.CommitMsg]2021/09/11 15:45:44.333455 /root/study/github_repository/qb/network/node.go:356: [put commit message into MsgDelivery channel]
P3-[pbft.CommitMsg]2021/09/11 15:45:44.335448 /root/study/github_repository/qb/network/node.go:356: [put commit message into MsgDelivery channel]
P3-[pbft.CommitMsg]2021/09/11 15:45:44.337617 /root/study/github_repository/qb/network/node.go:356: [put commit message into MsgDelivery channel]
P3-[pbft.PrePrepareMsg]2021/09/11 15:45:47.930374 /root/study/github_repository/qb/network/node.go:433: [put pre-prepare message into MsgDelivery channel]
P3-[pbft.PrepareMsg]2021/09/11 15:45:47.932586 /root/study/github_repository/qb/network/node.go:339: [put prepare message into MsgDelivery channel]
P3-[pbft.PrepareMsg]2021/09/11 15:45:47.935234 /root/study/github_repository/qb/network/node.go:339: [put prepare message into MsgDelivery channel]
P3-[pbft.CommitMsg]2021/09/11 15:45:47.938032 /root/study/github_repository/qb/network/node.go:356: [put commit message into MsgDelivery channel]
P3-[pbft.CommitMsg]2021/09/11 15:45:47.939887 /root/study/github_repository/qb/network/node.go:356: [put commit message into MsgDelivery channel]
P3-[pbft.CommitMsg]2021/09/11 15:45:47.942985 /root/study/github_repository/qb/network/node.go:356: [put commit message into MsgDelivery channel]
P3-[pbft.PrePrepareMsg]2021/09/11 15:46:07.011104 /root/study/github_repository/qb/network/node.go:433: [put pre-prepare message into MsgDelivery channel]
P3-[pbft.PrepareMsg]2021/09/11 15:46:07.013289 /root/study/github_repository/qb/network/node.go:339: [put prepare message into MsgDelivery channel]
P3-[pbft.PrepareMsg]2021/09/11 15:46:07.015896 /root/study/github_repository/qb/network/node.go:330: [get a prepare message,but don't put it into channel]
P3-[pbft.CommitMsg]2021/09/11 15:46:07.016207 /root/study/github_repository/qb/network/node.go:356: [put commit message into MsgDelivery channel]
P3-[pbft.CommitMsg]2021/09/11 15:46:07.017956 /root/study/github_repository/qb/network/node.go:356: [put commit message into MsgDelivery channel]
P3-[pbft.CommitMsg]2021/09/11 15:46:07.021158 /root/study/github_repository/qb/network/node.go:347: [get a commit message,but don't put it into channel]
P3-[pbft.PrePrepareMsg]2021/09/11 15:46:10.626105 /root/study/github_repository/qb/network/node.go:433: [put pre-prepare message into MsgDelivery channel]
P3-[pbft.PrepareMsg]2021/09/11 15:46:10.628281 /root/study/github_repository/qb/network/node.go:339: [put prepare message into MsgDelivery channel]
P3-[pbft.PrepareMsg]2021/09/11 15:46:10.631483 /root/study/github_repository/qb/network/node.go:339: [put prepare message into MsgDelivery channel]
P3-[pbft.CommitMsg]2021/09/11 15:46:10.632933 /root/study/github_repository/qb/network/node.go:356: [put commit message into MsgDelivery channel]
P3-[pbft.CommitMsg]2021/09/11 15:46:10.635103 /root/study/github_repository/qb/network/node.go:356: [put commit message into MsgDelivery channel]
P3-[pbft.CommitMsg]2021/09/11 15:46:10.637833 /root/study/github_repository/qb/network/node.go:356: [put commit message into MsgDelivery channel]
P3-[pbft.PrePrepareMsg]2021/09/11 15:46:14.233905 /root/study/github_repository/qb/network/node.go:433: [put pre-prepare message into MsgDelivery channel]
P3-[pbft.PrepareMsg]2021/09/11 15:46:14.236164 /root/study/github_repository/qb/network/node.go:339: [put prepare message into MsgDelivery channel]
P3-[pbft.PrepareMsg]2021/09/11 15:46:14.239386 /root/study/github_repository/qb/network/node.go:339: [put prepare message into MsgDelivery channel]
P3-[pbft.CommitMsg]2021/09/11 15:46:14.240864 /root/study/github_repository/qb/network/node.go:356: [put commit message into MsgDelivery channel]
P3-[pbft.CommitMsg]2021/09/11 15:46:14.242949 /root/study/github_repository/qb/network/node.go:356: [put commit message into MsgDelivery channel]
P3-[pbft.CommitMsg]2021/09/11 15:46:14.244874 /root/study/github_repository/qb/network/node.go:356: [put commit message into MsgDelivery channel]
P3-[pbft.PrePrepareMsg]2021/09/11 15:46:17.836349 /root/study/github_repository/qb/network/node.go:433: [put pre-prepare message into MsgDelivery channel]
P3-[pbft.PrepareMsg]2021/09/11 15:46:17.838865 /root/study/github_repository/qb/network/node.go:339: [put prepare message into MsgDelivery channel]
P3-[pbft.PrepareMsg]2021/09/11 15:46:17.841220 /root/study/github_repository/qb/network/node.go:330: [get a prepare message,but don't put it into channel]
P3-[pbft.CommitMsg]2021/09/11 15:46:17.843593 /root/study/github_repository/qb/network/node.go:356: [put commit message into MsgDelivery channel]
P3-[pbft.CommitMsg]2021/09/11 15:46:17.845634 /root/study/github_repository/qb/network/node.go:356: [put commit message into MsgDelivery channel]
P3-[pbft.CommitMsg]2021/09/11 15:46:18.139585 /root/study/github_repository/qb/network/node.go:347: [get a commit message,but don't put it into channel]
P3-[pbft.PrePrepareMsg]2021/09/11 15:46:43.581181 /root/study/github_repository/qb/network/node.go:433: [put pre-prepare message into MsgDelivery channel]
P3-[pbft.PrepareMsg]2021/09/11 15:46:43.585567 /root/study/github_repository/qb/network/node.go:339: [put prepare message into MsgDelivery channel]
P3-[pbft.PrepareMsg]2021/09/11 15:46:43.588171 /root/study/github_repository/qb/network/node.go:339: [put prepare message into MsgDelivery channel]
P3-[pbft.CommitMsg]2021/09/11 15:46:43.590181 /root/study/github_repository/qb/network/node.go:356: [put commit message into MsgDelivery channel]
P3-[pbft.CommitMsg]2021/09/11 15:46:43.592085 /root/study/github_repository/qb/network/node.go:356: [put commit message into MsgDelivery channel]
P3-[pbft.CommitMsg]2021/09/11 15:46:43.593193 /root/study/github_repository/qb/network/node.go:356: [put commit message into MsgDelivery channel]
P3-[pbft.PrePrepareMsg]2021/09/11 15:46:47.210874 /root/study/github_repository/qb/network/node.go:433: [put pre-prepare message into MsgDelivery channel]
P3-[pbft.PrepareMsg]2021/09/11 15:46:47.214432 /root/study/github_repository/qb/network/node.go:339: [put prepare message into MsgDelivery channel]
P3-[pbft.PrepareMsg]2021/09/11 15:46:47.216990 /root/study/github_repository/qb/network/node.go:339: [put prepare message into MsgDelivery channel]
P3-[pbft.CommitMsg]2021/09/11 15:46:47.219010 /root/study/github_repository/qb/network/node.go:356: [put commit message into MsgDelivery channel]
P3-[pbft.CommitMsg]2021/09/11 15:46:47.221082 /root/study/github_repository/qb/network/node.go:356: [put commit message into MsgDelivery channel]
P3-[pbft.CommitMsg]2021/09/11 15:46:47.223811 /root/study/github_repository/qb/network/node.go:356: [put commit message into MsgDelivery channel]
P3-[pbft.PrePrepareMsg]2021/09/11 15:46:50.816147 /root/study/github_repository/qb/network/node.go:433: [put pre-prepare message into MsgDelivery channel]
P3-[pbft.PrepareMsg]2021/09/11 15:46:50.818404 /root/study/github_repository/qb/network/node.go:330: [get a prepare message,but don't put it into channel]
P3-[pbft.PrepareMsg]2021/09/11 15:46:50.818923 /root/study/github_repository/qb/network/node.go:339: [put prepare message into MsgDelivery channel]
P3-[pbft.CommitMsg]2021/09/11 15:46:50.823519 /root/study/github_repository/qb/network/node.go:356: [put commit message into MsgDelivery channel]
P3-[pbft.CommitMsg]2021/09/11 15:46:50.825647 /root/study/github_repository/qb/network/node.go:356: [put commit message into MsgDelivery channel]
P3-[pbft.CommitMsg]2021/09/11 15:46:50.827402 /root/study/github_repository/qb/network/node.go:356: [put commit message into MsgDelivery channel]
P3-[pbft.PrePrepareMsg]2021/09/11 15:46:54.422202 /root/study/github_repository/qb/network/node.go:433: [put pre-prepare message into MsgDelivery channel]
P3-[pbft.PrepareMsg]2021/09/11 15:46:54.424601 /root/study/github_repository/qb/network/node.go:330: [get a prepare message,but don't put it into channel]
P3-[pbft.PrepareMsg]2021/09/11 15:46:54.426204 /root/study/github_repository/qb/network/node.go:339: [put prepare message into MsgDelivery channel]
P3-[pbft.CommitMsg]2021/09/11 15:46:54.428154 /root/study/github_repository/qb/network/node.go:347: [get a commit message,but don't put it into channel]
P3-[pbft.CommitMsg]2021/09/11 15:46:54.430249 /root/study/github_repository/qb/network/node.go:356: [put commit message into MsgDelivery channel]
P3-[pbft.CommitMsg]2021/09/11 15:46:54.433911 /root/study/github_repository/qb/network/node.go:356: [put commit message into MsgDelivery channel]
P3-[pbft.PrePrepareMsg]2021/09/11 15:47:16.985217 /root/study/github_repository/qb/network/node.go:433: [put pre-prepare message into MsgDelivery channel]
P3-[pbft.PrepareMsg]2021/09/11 15:47:16.987421 /root/study/github_repository/qb/network/node.go:330: [get a prepare message,but don't put it into channel]
P3-[pbft.PrepareMsg]2021/09/11 15:47:16.987998 /root/study/github_repository/qb/network/node.go:339: [put prepare message into MsgDelivery channel]
P3-[pbft.CommitMsg]2021/09/11 15:47:16.991998 /root/study/github_repository/qb/network/node.go:356: [put commit message into MsgDelivery channel]
P3-[pbft.CommitMsg]2021/09/11 15:47:16.993735 /root/study/github_repository/qb/network/node.go:356: [put commit message into MsgDelivery channel]
P3-[pbft.CommitMsg]2021/09/11 15:47:16.996380 /root/study/github_repository/qb/network/node.go:347: [get a commit message,but don't put it into channel]
P3-[pbft.PrePrepareMsg]2021/09/11 15:47:20.607968 /root/study/github_repository/qb/network/node.go:433: [put pre-prepare message into MsgDelivery channel]
P3-[pbft.PrepareMsg]2021/09/11 15:47:20.611155 /root/study/github_repository/qb/network/node.go:339: [put prepare message into MsgDelivery channel]
P3-[pbft.PrepareMsg]2021/09/11 15:47:20.611122 /root/study/github_repository/qb/network/node.go:483: Msgdelivery channel get a prepare message, and handle it
P3-[pbft.CommitMsg]2021/09/11 15:47:20.614940 /root/study/github_repository/qb/network/node.go:356: [put commit message into MsgDelivery channel]
P3-[pbft.CommitMsg]2021/09/11 15:47:20.616823 /root/study/github_repository/qb/network/node.go:356: [put commit message into MsgDelivery channel]
P3-[pbft.CommitMsg]2021/09/11 15:47:20.619057 /root/study/github_repository/qb/network/node.go:347: [get a commit message,but don't put it into channel]
P3-[pbft.PrePrepareMsg]2021/09/11 15:47:24.219259 /root/study/github_repository/qb/network/node.go:433: [put pre-prepare message into MsgDelivery channel]
P3-[pbft.PrepareMsg]2021/09/11 15:47:24.220825 /root/study/github_repository/qb/network/node.go:330: [get a prepare message,but don't put it into channel]
P3-[pbft.PrepareMsg]2021/09/11 15:47:24.221074 /root/study/github_repository/qb/network/node.go:330: [get a prepare message,but don't put it into channel]
P3-[pbft.CommitMsg]2021/09/11 15:47:24.225923 /root/study/github_repository/qb/network/node.go:347: [get a commit message,but don't put it into channel]
P3-[pbft.CommitMsg]2021/09/11 15:47:24.227484 /root/study/github_repository/qb/network/node.go:347: [get a commit message,but don't put it into channel]
P3-[pbft.CommitMsg]2021/09/11 15:47:24.227619 /root/study/github_repository/qb/network/node.go:347: [get a commit message,but don't put it into channel]
P3-[pbft.PrePrepareMsg]2021/09/11 15:47:27.830343 /root/study/github_repository/qb/network/node.go:433: [put pre-prepare message into MsgDelivery channel]
P3-[pbft.PrepareMsg]2021/09/11 15:47:27.832719 /root/study/github_repository/qb/network/node.go:339: [put prepare message into MsgDelivery channel]
P3-[pbft.PrepareMsg]2021/09/11 15:47:27.836083 /root/study/github_repository/qb/network/node.go:339: [put prepare message into MsgDelivery channel]
P3-[pbft.CommitMsg]2021/09/11 15:47:27.837950 /root/study/github_repository/qb/network/node.go:356: [put commit message into MsgDelivery channel]
P3-[pbft.CommitMsg]2021/09/11 15:47:27.839781 /root/study/github_repository/qb/network/node.go:356: [put commit message into MsgDelivery channel]
P3-[pbft.CommitMsg]2021/09/11 15:47:27.844962 /root/study/github_repository/qb/network/node.go:356: [put commit message into MsgDelivery channel]
P3-[pbft.PrePrepareMsg]2021/09/11 15:48:04.795967 /root/study/github_repository/qb/network/node.go:433: [put pre-prepare message into MsgDelivery channel]
P3-[pbft.PrepareMsg]2021/09/11 15:48:04.798332 /root/study/github_repository/qb/network/node.go:339: [put prepare message into MsgDelivery channel]
P3-[pbft.PrepareMsg]2021/09/11 15:48:04.801951 /root/study/github_repository/qb/network/node.go:339: [put prepare message into MsgDelivery channel]
P3-[pbft.CommitMsg]2021/09/11 15:48:04.802560 /root/study/github_repository/qb/network/node.go:356: [put commit message into MsgDelivery channel]
P3-[pbft.CommitMsg]2021/09/11 15:48:04.804830 /root/study/github_repository/qb/network/node.go:356: [put commit message into MsgDelivery channel]
P3-[pbft.CommitMsg]2021/09/11 15:48:04.831802 /root/study/github_repository/qb/network/node.go:347: [get a commit message,but don't put it into channel]
P3-[pbft.PrePrepareMsg]2021/09/11 15:48:06.405702 /root/study/github_repository/qb/network/node.go:433: [put pre-prepare message into MsgDelivery channel]
P3-[pbft.PrepareMsg]2021/09/11 15:48:06.408921 /root/study/github_repository/qb/network/node.go:339: [put prepare message into MsgDelivery channel]
P3-[pbft.PrepareMsg]2021/09/11 15:48:06.411571 /root/study/github_repository/qb/network/node.go:339: [put prepare message into MsgDelivery channel]
P3-[pbft.CommitMsg]2021/09/11 15:48:06.413831 /root/study/github_repository/qb/network/node.go:356: [put commit message into MsgDelivery channel]
P3-[pbft.CommitMsg]2021/09/11 15:48:06.416569 /root/study/github_repository/qb/network/node.go:356: [put commit message into MsgDelivery channel]
P3-[pbft.CommitMsg]2021/09/11 15:48:06.602007 /root/study/github_repository/qb/network/node.go:347: [get a commit message,but don't put it into channel]
P3-[pbft.PrePrepareMsg]2021/09/11 15:48:08.043453 /root/study/github_repository/qb/network/node.go:433: [put pre-prepare message into MsgDelivery channel]
P3-[pbft.PrepareMsg]2021/09/11 15:48:08.045696 /root/study/github_repository/qb/network/node.go:330: [get a prepare message,but don't put it into channel]
P3-[pbft.PrepareMsg]2021/09/11 15:48:08.046418 /root/study/github_repository/qb/network/node.go:339: [put prepare message into MsgDelivery channel]
P3-[pbft.CommitMsg]2021/09/11 15:48:08.050674 /root/study/github_repository/qb/pbft/pbft_impl.go:380: the sequenceID of commit message is wrong!
P3-[pbft.CommitMsg]2021/09/11 15:48:08.050702 /root/study/github_repository/qb/pbft/pbft_impl.go:381: Last_sequence_number= 1631346337093179057
P3-[pbft.CommitMsg]2021/09/11 15:48:08.050711 /root/study/github_repository/qb/pbft/pbft_impl.go:382: commit.Sequence_number= 1631346337093179057
P3-[pbft.CommitMsg]2021/09/11 15:48:08.050676 /root/study/github_repository/qb/network/node.go:356: [put commit message into MsgDelivery channel]
P3-[pbft.CommitMsg]2021/09/11 15:48:08.052653 /root/study/github_repository/qb/network/node.go:356: [put commit message into MsgDelivery channel]
P3-[pbft.CommitMsg]2021/09/11 15:48:08.055565 /root/study/github_repository/qb/network/node.go:356: [put commit message into MsgDelivery channel]
P3-[pbft.PrePrepareMsg]2021/09/11 15:48:09.662398 /root/study/github_repository/qb/network/node.go:433: [put pre-prepare message into MsgDelivery channel]
P3-[pbft.PrepareMsg]2021/09/11 15:48:09.665168 /root/study/github_repository/qb/network/node.go:339: [put prepare message into MsgDelivery channel]
P3-[pbft.PrepareMsg]2021/09/11 15:48:09.667953 /root/study/github_repository/qb/network/node.go:339: [put prepare message into MsgDelivery channel]
P3-[pbft.CommitMsg]2021/09/11 15:48:09.670236 /root/study/github_repository/qb/network/node.go:356: [put commit message into MsgDelivery channel]
P3-[pbft.CommitMsg]2021/09/11 15:48:09.673080 /root/study/github_repository/qb/network/node.go:356: [put commit message into MsgDelivery channel]
P3-[pbft.CommitMsg]2021/09/11 15:48:09.674747 /root/study/github_repository/qb/network/node.go:356: [put commit message into MsgDelivery channel]
P3-[pbft.PrePrepareMsg]2021/09/11 15:48:16.980485 /root/study/github_repository/qb/network/node.go:433: [put pre-prepare message into MsgDelivery channel]
P3-[pbft.PrepareMsg]2021/09/11 15:48:16.983682 /root/study/github_repository/qb/network/node.go:339: [put prepare message into MsgDelivery channel]
P3-[pbft.PrepareMsg]2021/09/11 15:48:16.986608 /root/study/github_repository/qb/network/node.go:339: [put prepare message into MsgDelivery channel]
P3-[pbft.CommitMsg]2021/09/11 15:48:16.988673 /root/study/github_repository/qb/network/node.go:356: [put commit message into MsgDelivery channel]
P3-[pbft.CommitMsg]2021/09/11 15:48:16.989750 /root/study/github_repository/qb/network/node.go:356: [put commit message into MsgDelivery channel]
P3-[pbft.CommitMsg]2021/09/11 15:48:16.991675 /root/study/github_repository/qb/network/node.go:356: [put commit message into MsgDelivery channel]
P3-[pbft.PrePrepareMsg]2021/09/11 15:48:18.576340 /root/study/github_repository/qb/network/node.go:433: [put pre-prepare message into MsgDelivery channel]
P3-[pbft.PrepareMsg]2021/09/11 15:48:18.578541 /root/study/github_repository/qb/network/node.go:339: [put prepare message into MsgDelivery channel]
P3-[pbft.PrepareMsg]2021/09/11 15:48:18.582010 /root/study/github_repository/qb/network/node.go:330: [get a prepare message,but don't put it into channel]
P3-[pbft.CommitMsg]2021/09/11 15:48:18.584482 /root/study/github_repository/qb/network/node.go:356: [put commit message into MsgDelivery channel]
P3-[pbft.CommitMsg]2021/09/11 15:48:18.587750 /root/study/github_repository/qb/network/node.go:356: [put commit message into MsgDelivery channel]
P3-[pbft.CommitMsg]2021/09/11 15:48:18.855621 /root/study/github_repository/qb/network/node.go:347: [get a commit message,but don't put it into channel]
P3-[pbft.PrePrepareMsg]2021/09/11 15:48:20.187082 /root/study/github_repository/qb/network/node.go:433: [put pre-prepare message into MsgDelivery channel]
P3-[pbft.PrepareMsg]2021/09/11 15:48:20.189289 /root/study/github_repository/qb/network/node.go:339: [put prepare message into MsgDelivery channel]
P3-[pbft.PrepareMsg]2021/09/11 15:48:20.191567 /root/study/github_repository/qb/network/node.go:330: [get a prepare message,but don't put it into channel]
P3-[pbft.CommitMsg]2021/09/11 15:48:20.192383 /root/study/github_repository/qb/network/node.go:356: [put commit message into MsgDelivery channel]
P3-[pbft.CommitMsg]2021/09/11 15:48:20.193936 /root/study/github_repository/qb/network/node.go:356: [put commit message into MsgDelivery channel]
P3-[pbft.CommitMsg]2021/09/11 15:48:20.196978 /root/study/github_repository/qb/network/node.go:347: [get a commit message,but don't put it into channel]
P3-[pbft.PrePrepareMsg]2021/09/11 15:48:21.797097 /root/study/github_repository/qb/network/node.go:433: [put pre-prepare message into MsgDelivery channel]
P3-[pbft.PrepareMsg]2021/09/11 15:48:21.800206 /root/study/github_repository/qb/network/node.go:339: [put prepare message into MsgDelivery channel]
P3-[pbft.PrepareMsg]2021/09/11 15:48:21.803451 /root/study/github_repository/qb/network/node.go:339: [put prepare message into MsgDelivery channel]
P3-[pbft.CommitMsg]2021/09/11 15:48:21.805512 /root/study/github_repository/qb/network/node.go:356: [put commit message into MsgDelivery channel]
P3-[pbft.CommitMsg]2021/09/11 15:48:21.807507 /root/study/github_repository/qb/network/node.go:356: [put commit message into MsgDelivery channel]
P3-[pbft.CommitMsg]2021/09/11 15:48:21.863468 /root/study/github_repository/qb/network/node.go:347: [get a commit message,but don't put it into channel]
P3-[pbft.PrePrepareMsg]2021/09/11 15:48:34.263681 /root/study/github_repository/qb/network/node.go:433: [put pre-prepare message into MsgDelivery channel]
P3-[pbft.PrepareMsg]2021/09/11 15:48:34.266249 /root/study/github_repository/qb/network/node.go:339: [put prepare message into MsgDelivery channel]
P3-[pbft.PrepareMsg]2021/09/11 15:48:34.269825 /root/study/github_repository/qb/network/node.go:330: [get a prepare message,but don't put it into channel]
P3-[pbft.CommitMsg]2021/09/11 15:48:34.271679 /root/study/github_repository/qb/network/node.go:356: [put commit message into MsgDelivery channel]
P3-[pbft.CommitMsg]2021/09/11 15:48:34.273622 /root/study/github_repository/qb/network/node.go:356: [put commit message into MsgDelivery channel]
P3-[pbft.CommitMsg]2021/09/11 15:48:34.387967 /root/study/github_repository/qb/network/node.go:347: [get a commit message,but don't put it into channel]
P3-[pbft.PrePrepareMsg]2021/09/11 15:48:35.862725 /root/study/github_repository/qb/network/node.go:433: [put pre-prepare message into MsgDelivery channel]
P3-[pbft.PrepareMsg]2021/09/11 15:48:35.865826 /root/study/github_repository/qb/network/node.go:339: [put prepare message into MsgDelivery channel]
P3-[pbft.PrepareMsg]2021/09/11 15:48:35.868015 /root/study/github_repository/qb/network/node.go:330: [get a prepare message,but don't put it into channel]
P3-[pbft.CommitMsg]2021/09/11 15:48:35.868818 /root/study/github_repository/qb/network/node.go:356: [put commit message into MsgDelivery channel]
P3-[pbft.CommitMsg]2021/09/11 15:48:35.870682 /root/study/github_repository/qb/network/node.go:356: [put commit message into MsgDelivery channel]
P3-[pbft.CommitMsg]2021/09/11 15:48:35.872909 /root/study/github_repository/qb/network/node.go:356: [put commit message into MsgDelivery channel]
P3-[pbft.PrePrepareMsg]2021/09/11 15:48:37.466384 /root/study/github_repository/qb/network/node.go:433: [put pre-prepare message into MsgDelivery channel]
P3-[pbft.PrepareMsg]2021/09/11 15:48:37.468746 /root/study/github_repository/qb/network/node.go:330: [get a prepare message,but don't put it into channel]
P3-[pbft.PrepareMsg]2021/09/11 15:48:37.470662 /root/study/github_repository/qb/network/node.go:339: [put prepare message into MsgDelivery channel]
P3-[pbft.CommitMsg]2021/09/11 15:48:37.472496 /root/study/github_repository/qb/network/node.go:347: [get a commit message,but don't put it into channel]
P3-[pbft.CommitMsg]2021/09/11 15:48:37.472580 /root/study/github_repository/qb/network/node.go:347: [get a commit message,but don't put it into channel]
P3-[pbft.CommitMsg]2021/09/11 15:48:37.899422 /root/study/github_repository/qb/network/node.go:347: [get a commit message,but don't put it into channel]
P3-[pbft.PrePrepareMsg]2021/09/11 15:48:39.058548 /root/study/github_repository/qb/network/node.go:433: [put pre-prepare message into MsgDelivery channel]
P3-[pbft.PrepareMsg]2021/09/11 15:48:39.061011 /root/study/github_repository/qb/network/node.go:330: [get a prepare message,but don't put it into channel]
P3-[pbft.PrepareMsg]2021/09/11 15:48:39.061571 /root/study/github_repository/qb/network/node.go:330: [get a prepare message,but don't put it into channel]
P3-[pbft.CommitMsg]2021/09/11 15:48:39.063460 /root/study/github_repository/qb/network/node.go:347: [get a commit message,but don't put it into channel]
P3-[pbft.CommitMsg]2021/09/11 15:48:39.065644 /root/study/github_repository/qb/network/node.go:347: [get a commit message,but don't put it into channel]
P3-[pbft.CommitMsg]2021/09/11 15:48:39.065693 /root/study/github_repository/qb/network/node.go:178: receive a commit message
P3-[pbft.CommitMsg]2021/09/11 15:48:39.065695 /root/study/github_repository/qb/network/node.go:347: [get a commit message,but don't put it into channel]
P3-[pbft.PrePrepareMsg]2021/09/11 15:49:54.930071 /root/study/github_repository/qb/network/node.go:433: [put pre-prepare message into MsgDelivery channel]
P3-[pbft.PrepareMsg]2021/09/11 15:49:54.932759 /root/study/github_repository/qb/network/node.go:339: [put prepare message into MsgDelivery channel]
P3-[pbft.PrepareMsg]2021/09/11 15:49:54.935646 /root/study/github_repository/qb/network/node.go:330: [get a prepare message,but don't put it into channel]
P3-[pbft.CommitMsg]2021/09/11 15:49:54.936655 /root/study/github_repository/qb/network/node.go:356: [put commit message into MsgDelivery channel]
P3-[pbft.CommitMsg]2021/09/11 15:49:54.938738 /root/study/github_repository/qb/network/node.go:356: [put commit message into MsgDelivery channel]
P3-[pbft.CommitMsg]2021/09/11 15:49:54.940671 /root/study/github_repository/qb/network/node.go:356: [put commit message into MsgDelivery channel]
P3-[pbft.PrePrepareMsg]2021/09/11 15:49:56.531637 /root/study/github_repository/qb/network/node.go:433: [put pre-prepare message into MsgDelivery channel]
P3-[pbft.PrepareMsg]2021/09/11 15:49:56.533825 /root/study/github_repository/qb/network/node.go:339: [put prepare message into MsgDelivery channel]
P3-[pbft.PrepareMsg]2021/09/11 15:49:56.568345 /root/study/github_repository/qb/network/node.go:339: [put prepare message into MsgDelivery channel]
P3-[pbft.CommitMsg]2021/09/11 15:49:56.573046 /root/study/github_repository/qb/network/node.go:356: [put commit message into MsgDelivery channel]
P3-[pbft.CommitMsg]2021/09/11 15:49:56.777282 /root/study/github_repository/qb/network/node.go:347: [get a commit message,but don't put it into channel]
P3-[pbft.PrePrepareMsg]2021/09/11 15:49:58.139115 /root/study/github_repository/qb/network/node.go:433: [put pre-prepare message into MsgDelivery channel]
P3-[pbft.PrepareMsg]2021/09/11 15:49:58.140971 /root/study/github_repository/qb/network/node.go:330: [get a prepare message,but don't put it into channel]
P3-[pbft.PrepareMsg]2021/09/11 15:49:58.142360 /root/study/github_repository/qb/network/node.go:339: [put prepare message into MsgDelivery channel]
P3-[pbft.CommitMsg]2021/09/11 15:49:58.144243 /root/study/github_repository/qb/network/node.go:347: [get a commit message,but don't put it into channel]
P3-[pbft.CommitMsg]2021/09/11 15:49:58.146141 /root/study/github_repository/qb/network/node.go:356: [put commit message into MsgDelivery channel]
P3-[pbft.CommitMsg]2021/09/11 15:49:58.279564 /root/study/github_repository/qb/network/node.go:347: [get a commit message,but don't put it into channel]
P3-[pbft.PrePrepareMsg]2021/09/11 15:49:59.743577 /root/study/github_repository/qb/network/node.go:433: [put pre-prepare message into MsgDelivery channel]
P3-[pbft.PrepareMsg]2021/09/11 15:49:59.745998 /root/study/github_repository/qb/network/node.go:339: [put prepare message into MsgDelivery channel]
P3-[pbft.PrepareMsg]2021/09/11 15:49:59.748679 /root/study/github_repository/qb/network/node.go:339: [put prepare message into MsgDelivery channel]
P3-[pbft.CommitMsg]2021/09/11 15:49:59.750587 /root/study/github_repository/qb/network/node.go:356: [put commit message into MsgDelivery channel]
P3-[pbft.CommitMsg]2021/09/11 15:49:59.752968 /root/study/github_repository/qb/network/node.go:356: [put commit message into MsgDelivery channel]
P3-[pbft.CommitMsg]2021/09/11 15:49:59.754205 /root/study/github_repository/qb/network/node.go:347: [get a commit message,but don't put it into channel]
P3-[pbft.PrePrepareMsg]2021/09/11 15:50:09.254481 /root/study/github_repository/qb/network/node.go:433: [put pre-prepare message into MsgDelivery channel]
P3-[pbft.PrepareMsg]2021/09/11 15:50:09.256870 /root/study/github_repository/qb/network/node.go:339: [put prepare message into MsgDelivery channel]
P3-[pbft.PrepareMsg]2021/09/11 15:50:09.259811 /root/study/github_repository/qb/network/node.go:330: [get a prepare message,but don't put it into channel]
P3-[pbft.CommitMsg]2021/09/11 15:50:09.260925 /root/study/github_repository/qb/network/node.go:356: [put commit message into MsgDelivery channel]
P3-[pbft.CommitMsg]2021/09/11 15:50:09.264609 /root/study/github_repository/qb/network/node.go:356: [put commit message into MsgDelivery channel]
P3-[pbft.CommitMsg]2021/09/11 15:50:09.266990 /root/study/github_repository/qb/network/node.go:356: [put commit message into MsgDelivery channel]
P3-[pbft.PrePrepareMsg]2021/09/11 15:50:10.863124 /root/study/github_repository/qb/network/node.go:433: [put pre-prepare message into MsgDelivery channel]
P3-[pbft.PrepareMsg]2021/09/11 15:50:10.865839 /root/study/github_repository/qb/network/node.go:339: [put prepare message into MsgDelivery channel]
P3-[pbft.PrepareMsg]2021/09/11 15:50:10.869577 /root/study/github_repository/qb/network/node.go:339: [put prepare message into MsgDelivery channel]
P3-[pbft.CommitMsg]2021/09/11 15:50:10.870934 /root/study/github_repository/qb/network/node.go:356: [put commit message into MsgDelivery channel]
P3-[pbft.CommitMsg]2021/09/11 15:50:10.873597 /root/study/github_repository/qb/network/node.go:356: [put commit message into MsgDelivery channel]
P3-[pbft.CommitMsg]2021/09/11 15:50:10.875829 /root/study/github_repository/qb/network/node.go:356: [put commit message into MsgDelivery channel]
P3-[pbft.PrePrepareMsg]2021/09/11 15:50:12.465202 /root/study/github_repository/qb/network/node.go:433: [put pre-prepare message into MsgDelivery channel]
P3-[pbft.PrepareMsg]2021/09/11 15:50:12.468551 /root/study/github_repository/qb/network/node.go:339: [put prepare message into MsgDelivery channel]
P3-[pbft.PrepareMsg]2021/09/11 15:50:12.471019 /root/study/github_repository/qb/network/node.go:330: [get a prepare message,but don't put it into channel]
P3-[pbft.CommitMsg]2021/09/11 15:50:12.473224 /root/study/github_repository/qb/network/node.go:356: [put commit message into MsgDelivery channel]
P3-[pbft.CommitMsg]2021/09/11 15:50:12.475727 /root/study/github_repository/qb/network/node.go:356: [put commit message into MsgDelivery channel]
P3-[pbft.CommitMsg]2021/09/11 15:50:12.477308 /root/study/github_repository/qb/network/node.go:347: [get a commit message,but don't put it into channel]
P3-[pbft.PrePrepareMsg]2021/09/11 15:50:14.109694 /root/study/github_repository/qb/network/node.go:433: [put pre-prepare message into MsgDelivery channel]
P3-[pbft.PrepareMsg]2021/09/11 15:50:14.111556 /root/study/github_repository/qb/network/node.go:330: [get a prepare message,but don't put it into channel]
P3-[pbft.PrepareMsg]2021/09/11 15:50:14.114663 /root/study/github_repository/qb/network/node.go:339: [put prepare message into MsgDelivery channel]
P3-[pbft.CommitMsg]2021/09/11 15:50:14.116448 /root/study/github_repository/qb/network/node.go:347: [get a commit message,but don't put it into channel]
P3-[pbft.CommitMsg]2021/09/11 15:50:14.119125 /root/study/github_repository/qb/network/node.go:356: [put commit message into MsgDelivery channel]
P3-[pbft.CommitMsg]2021/09/11 15:50:14.122868 /root/study/github_repository/qb/network/node.go:356: [put commit message into MsgDelivery channel]
