P3-pre-prepare2021/09/09 16:37:14.021949 /root/study/github_repository/qb/network/node.go:175: receive a preprepare message
P3-prepare2021/09/09 16:37:14.024566 /root/study/github_repository/qb/network/node.go:189: receive a prepare message
P3-prepare2021/09/09 16:37:14.026594 /root/study/github_repository/qb/network/node.go:189: receive a prepare message
P3-commit2021/09/09 16:37:14.027049 /root/study/github_repository/qb/network/node.go:203: receive a commit message
P3-commit2021/09/09 16:37:14.027434 /root/study/github_repository/qb/network/node.go:203: receive a commit message
P3-commit2021/09/09 16:37:14.028236 /root/study/github_repository/qb/network/node.go:203: receive a commit message
P3-pre-prepare2021/09/09 16:39:55.691029 /root/study/github_repository/qb/network/node.go:175: receive a preprepare message
P3-prepare2021/09/09 16:39:55.693813 /root/study/github_repository/qb/network/node.go:189: receive a prepare message
P3-prepare2021/09/09 16:39:55.694936 /root/study/github_repository/qb/network/node.go:189: receive a prepare message
P3-commit2021/09/09 16:39:55.696006 /root/study/github_repository/qb/network/node.go:203: receive a commit message
P3-[receive PrepareMsg]2021/09/09 16:39:55.696511 /root/study/github_repository/qb/network/node.go:511: Msgdelivery channel get a prepare message, and handle it
P3-commit2021/09/09 16:39:55.697729 /root/study/github_repository/qb/network/node.go:203: receive a commit message
P3-commit2021/09/09 16:39:55.697788 /root/study/github_repository/qb/network/node.go:203: receive a commit message
P3-pre-prepare2021/09/09 18:53:50.483271 /root/study/github_repository/qb/network/node.go:175: receive a preprepare message
P3-prepare2021/09/09 18:53:50.484638 /root/study/github_repository/qb/network/node.go:189: receive a prepare message
P3-prepare2021/09/09 18:53:50.484891 /root/study/github_repository/qb/network/node.go:189: receive a prepare message
P3-commit2021/09/09 18:53:50.486371 /root/study/github_repository/qb/network/node.go:203: receive a commit message
P3-commit2021/09/09 18:53:50.488192 /root/study/github_repository/qb/network/node.go:203: receive a commit message
P3-commit2021/09/09 18:53:50.488757 /root/study/github_repository/qb/network/node.go:203: receive a commit message
P3-pre-prepare2021/09/09 18:53:50.814744 /root/study/github_repository/qb/network/node.go:175: receive a preprepare message
P3-prepare2021/09/09 18:53:50.816142 /root/study/github_repository/qb/network/node.go:189: receive a prepare message
P3-commit2021/09/09 18:53:50.818102 /root/study/github_repository/qb/network/node.go:203: receive a commit message
P3-prepare2021/09/09 18:53:50.818600 /root/study/github_repository/qb/network/node.go:189: receive a prepare message
P3-commit2021/09/09 18:53:50.819313 /root/study/github_repository/qb/network/node.go:203: receive a commit message
P3-commit2021/09/09 18:53:50.846172 /root/study/github_repository/qb/network/node.go:203: receive a commit message
P3-pre-prepare2021/09/09 18:58:59.860308 /root/study/github_repository/qb/network/node.go:175: receive a preprepare message
P3-prepare2021/09/09 18:58:59.862589 /root/study/github_repository/qb/network/node.go:189: receive a prepare message
P3-commit2021/09/09 18:58:59.880777 /root/study/github_repository/qb/network/node.go:203: receive a commit message
P3-prepare2021/09/09 18:58:59.881351 /root/study/github_repository/qb/network/node.go:189: receive a prepare message
P3-commit2021/09/09 18:58:59.882719 /root/study/github_repository/qb/network/node.go:203: receive a commit message
P3-commit2021/09/09 18:58:59.883132 /root/study/github_repository/qb/network/node.go:203: receive a commit message
P3-pre-prepare2021/09/09 19:00:12.956848 /root/study/github_repository/qb/network/node.go:175: receive a preprepare message
P3-prepare2021/09/09 19:00:12.959207 /root/study/github_repository/qb/network/node.go:189: receive a prepare message
P3-prepare2021/09/09 19:00:12.961807 /root/study/github_repository/qb/network/node.go:189: receive a prepare message
P3-commit2021/09/09 19:00:12.962340 /root/study/github_repository/qb/network/node.go:203: receive a commit message
P3-commit2021/09/09 19:00:12.962897 /root/study/github_repository/qb/network/node.go:203: receive a commit message
P3-commit2021/09/09 19:00:12.964667 /root/study/github_repository/qb/network/node.go:203: receive a commit message
P3-pre-prepare2021/09/09 19:00:13.280270 /root/study/github_repository/qb/network/node.go:175: receive a preprepare message
P3-prepare2021/09/09 19:00:13.281465 /root/study/github_repository/qb/network/node.go:189: receive a prepare message
P3-prepare2021/09/09 19:00:13.283989 /root/study/github_repository/qb/network/node.go:189: receive a prepare message
P3-commit2021/09/09 19:00:13.285535 /root/study/github_repository/qb/network/node.go:203: receive a commit message
P3-commit2021/09/09 19:00:13.321576 /root/study/github_repository/qb/network/node.go:203: receive a commit message
P3-commit2021/09/09 19:00:13.322168 /root/study/github_repository/qb/network/node.go:203: receive a commit message
P3-pre-prepare2021/09/09 19:11:46.702629 /root/study/github_repository/qb/network/node.go:175: receive a preprepare message
P3-prepare2021/09/09 19:11:46.704943 /root/study/github_repository/qb/network/node.go:189: receive a prepare message
P3-prepare2021/09/09 19:11:46.707382 /root/study/github_repository/qb/network/node.go:189: receive a prepare message
P3-commit2021/09/09 19:11:46.708094 /root/study/github_repository/qb/network/node.go:203: receive a commit message
P3-commit2021/09/09 19:11:46.709456 /root/study/github_repository/qb/network/node.go:203: receive a commit message
P3-commit2021/09/09 19:11:46.709866 /root/study/github_repository/qb/network/node.go:203: receive a commit message
P3-pre-prepare2021/09/09 19:11:47.044594 /root/study/github_repository/qb/network/node.go:175: receive a preprepare message
P3-prepare2021/09/09 19:11:47.046072 /root/study/github_repository/qb/network/node.go:189: receive a prepare message
P3-prepare2021/09/09 19:11:47.046767 /root/study/github_repository/qb/network/node.go:189: receive a prepare message
P3-commit2021/09/09 19:11:47.049663 /root/study/github_repository/qb/network/node.go:203: receive a commit message
P3-commit2021/09/09 19:11:47.075360 /root/study/github_repository/qb/network/node.go:203: receive a commit message
P3-commit2021/09/09 19:11:47.406723 /root/study/github_repository/qb/network/node.go:203: receive a commit message
P3-pre-prepare2021/09/09 19:13:17.656813 /root/study/github_repository/qb/network/node.go:175: receive a preprepare message
P3-prepare2021/09/09 19:13:17.658581 /root/study/github_repository/qb/network/node.go:189: receive a prepare message
P3-commit2021/09/09 19:13:17.681346 /root/study/github_repository/qb/network/node.go:203: receive a commit message
P3-commit2021/09/09 19:13:41.392569 /root/study/github_repository/qb/network/node.go:203: receive a commit message
P3-prepare2021/09/09 19:13:41.392636 /root/study/github_repository/qb/network/node.go:189: receive a prepare message
P3-pre-prepare2021/09/09 19:14:36.462285 /root/study/github_repository/qb/network/node.go:175: receive a preprepare message
P3-prepare2021/09/09 19:14:36.463627 /root/study/github_repository/qb/network/node.go:189: receive a prepare message
P3-commit2021/09/09 19:14:36.467841 /root/study/github_repository/qb/network/node.go:203: receive a commit message
P3-commit2021/09/09 19:14:36.467889 /root/study/github_repository/qb/network/node.go:203: receive a commit message
P3-prepare2021/09/09 19:14:36.468488 /root/study/github_repository/qb/network/node.go:189: receive a prepare message
P3-commit2021/09/09 19:14:36.469458 /root/study/github_repository/qb/network/node.go:203: receive a commit message
P3-pre-prepare2021/09/09 19:14:36.819282 /root/study/github_repository/qb/network/node.go:175: receive a preprepare message
P3-prepare2021/09/09 19:14:36.821274 /root/study/github_repository/qb/network/node.go:189: receive a prepare message
P3-prepare2021/09/09 19:14:36.822321 /root/study/github_repository/qb/network/node.go:189: receive a prepare message
P3-commit2021/09/09 19:14:36.823501 /root/study/github_repository/qb/network/node.go:203: receive a commit message
P3-commit2021/09/09 19:14:36.824490 /root/study/github_repository/qb/network/node.go:203: receive a commit message
P3-commit2021/09/09 19:14:37.052204 /root/study/github_repository/qb/network/node.go:203: receive a commit message
P3-pre-prepare2021/09/09 19:15:29.651324 /root/study/github_repository/qb/network/node.go:175: receive a preprepare message
P3-prepare2021/09/09 19:15:29.652092 /root/study/github_repository/qb/network/node.go:189: receive a prepare message
P3-prepare2021/09/09 19:15:29.655470 /root/study/github_repository/qb/network/node.go:189: receive a prepare message
P3-commit2021/09/09 19:15:29.656393 /root/study/github_repository/qb/network/node.go:203: receive a commit message
P3-commit2021/09/09 19:15:29.657345 /root/study/github_repository/qb/network/node.go:203: receive a commit message
P3-commit2021/09/09 19:15:29.658799 /root/study/github_repository/qb/network/node.go:203: receive a commit message
P3-pre-prepare2021/09/09 19:15:29.979137 /root/study/github_repository/qb/network/node.go:175: receive a preprepare message
P3-prepare2021/09/09 19:15:29.980997 /root/study/github_repository/qb/network/node.go:189: receive a prepare message
P3-commit2021/09/09 19:15:29.983225 /root/study/github_repository/qb/network/node.go:203: receive a commit message
P3-prepare2021/09/09 19:15:29.983587 /root/study/github_repository/qb/network/node.go:189: receive a prepare message
P3-commit2021/09/09 19:15:29.983856 /root/study/github_repository/qb/network/node.go:203: receive a commit message
P3-commit2021/09/09 19:15:30.013894 /root/study/github_repository/qb/network/node.go:203: receive a commit message
P3-pre-prepare2021/09/09 19:16:46.485924 /root/study/github_repository/qb/network/node.go:175: receive a preprepare message
P3-prepare2021/09/09 19:16:46.488351 /root/study/github_repository/qb/network/node.go:189: receive a prepare message
P3-prepare2021/09/09 19:16:46.490882 /root/study/github_repository/qb/network/node.go:189: receive a prepare message
P3-commit2021/09/09 19:16:46.491767 /root/study/github_repository/qb/network/node.go:203: receive a commit message
P3-commit2021/09/09 19:16:46.492130 /root/study/github_repository/qb/network/node.go:203: receive a commit message
P3-commit2021/09/09 19:16:46.495349 /root/study/github_repository/qb/network/node.go:203: receive a commit message
P3-pre-prepare2021/09/09 19:16:46.822258 /root/study/github_repository/qb/network/node.go:175: receive a preprepare message
P3-prepare2021/09/09 19:16:46.823587 /root/study/github_repository/qb/network/node.go:189: receive a prepare message
P3-prepare2021/09/09 19:16:46.824450 /root/study/github_repository/qb/network/node.go:189: receive a prepare message
P3-commit2021/09/09 19:16:46.827087 /root/study/github_repository/qb/network/node.go:203: receive a commit message
P3-commit2021/09/09 19:16:46.845434 /root/study/github_repository/qb/network/node.go:203: receive a commit message
P3-commit2021/09/09 19:16:46.845907 /root/study/github_repository/qb/network/node.go:203: receive a commit message
P3-pre-prepare2021/09/09 19:17:07.327646 /root/study/github_repository/qb/network/node.go:175: receive a preprepare message
P3-prepare2021/09/09 19:17:07.331498 /root/study/github_repository/qb/network/node.go:189: receive a prepare message
P3-commit2021/09/09 19:17:07.333032 /root/study/github_repository/qb/network/node.go:203: receive a commit message
P3-commit2021/09/09 19:17:07.335415 /root/study/github_repository/qb/network/node.go:203: receive a commit message
P3-commit2021/09/09 19:17:07.335545 /root/study/github_repository/qb/network/node.go:203: receive a commit message
P3-pre-prepare2021/09/09 19:17:07.674388 /root/study/github_repository/qb/network/node.go:175: receive a preprepare message
P3-prepare2021/09/09 19:17:07.675834 /root/study/github_repository/qb/network/node.go:189: receive a prepare message
P3-prepare2021/09/09 19:17:07.676179 /root/study/github_repository/qb/network/node.go:189: receive a prepare message
P3-commit2021/09/09 19:17:07.678534 /root/study/github_repository/qb/network/node.go:203: receive a commit message
P3-commit2021/09/09 19:17:07.679297 /root/study/github_repository/qb/network/node.go:203: receive a commit message
P3-[receive CommitMsg]2021/09/09 19:17:07.679963 /root/study/github_repository/qb/network/node.go:522: Msgdelivery channel get a commit message, and handle it
P3-commit2021/09/09 19:17:07.681152 /root/study/github_repository/qb/network/node.go:203: receive a commit message
P3-pre-prepare2021/09/09 19:18:27.571875 /root/study/github_repository/qb/network/node.go:175: receive a preprepare message
P3-prepare2021/09/09 19:18:27.573407 /root/study/github_repository/qb/network/node.go:189: receive a prepare message
P3-prepare2021/09/09 19:18:27.601621 /root/study/github_repository/qb/network/node.go:189: receive a prepare message
P3-commit2021/09/09 19:18:27.605136 /root/study/github_repository/qb/network/node.go:203: receive a commit message
P3-commit2021/09/09 19:18:27.606813 /root/study/github_repository/qb/network/node.go:203: receive a commit message
P3-pre-prepare2021/09/09 19:18:27.910914 /root/study/github_repository/qb/network/node.go:175: receive a preprepare message
P3-prepare2021/09/09 19:18:27.912562 /root/study/github_repository/qb/network/node.go:189: receive a prepare message
P3-commit2021/09/09 19:18:27.917794 /root/study/github_repository/qb/network/node.go:203: receive a commit message
P3-commit2021/09/09 19:18:27.918249 /root/study/github_repository/qb/network/node.go:203: receive a commit message
P3-commit2021/09/09 19:18:27.919383 /root/study/github_repository/qb/network/node.go:203: receive a commit message
P3-pre-prepare2021/09/09 19:39:13.849986 /root/study/github_repository/qb/network/node.go:175: receive a preprepare message
P3-prepare2021/09/09 19:39:13.852656 /root/study/github_repository/qb/network/node.go:189: receive a prepare message
P3-prepare2021/09/09 19:39:13.854851 /root/study/github_repository/qb/network/node.go:189: receive a prepare message
P3-commit2021/09/09 19:39:13.855747 /root/study/github_repository/qb/network/node.go:203: receive a commit message
P3-commit2021/09/09 19:39:13.856858 /root/study/github_repository/qb/network/node.go:203: receive a commit message
P3-commit2021/09/09 19:39:13.858156 /root/study/github_repository/qb/network/node.go:203: receive a commit message
P3-pre-prepare2021/09/09 19:39:14.224286 /root/study/github_repository/qb/network/node.go:175: receive a preprepare message
P3-prepare2021/09/09 19:39:14.226178 /root/study/github_repository/qb/network/node.go:189: receive a prepare message
P3-prepare2021/09/09 19:39:14.226859 /root/study/github_repository/qb/network/node.go:189: receive a prepare message
P3-commit2021/09/09 19:39:14.228556 /root/study/github_repository/qb/network/node.go:203: receive a commit message
P3-commit2021/09/09 19:39:14.261678 /root/study/github_repository/qb/network/node.go:203: receive a commit message
P3-commit2021/09/09 19:39:14.262128 /root/study/github_repository/qb/network/node.go:203: receive a commit message
P3-pre-prepare2021/09/09 19:47:47.320896 /root/study/github_repository/qb/network/node.go:175: receive a preprepare message
P3-prepare2021/09/09 19:47:47.323638 /root/study/github_repository/qb/network/node.go:189: receive a prepare message
P3-commit2021/09/09 19:47:47.325468 /root/study/github_repository/qb/network/node.go:203: receive a commit message
P3-prepare2021/09/09 19:47:47.326801 /root/study/github_repository/qb/network/node.go:189: receive a prepare message
P3-commit2021/09/09 19:47:47.328254 /root/study/github_repository/qb/network/node.go:203: receive a commit message
P3-commit2021/09/09 19:47:47.330353 /root/study/github_repository/qb/network/node.go:203: receive a commit message
P3-pre-prepare2021/09/09 19:47:47.679895 /root/study/github_repository/qb/network/node.go:175: receive a preprepare message
P3-prepare2021/09/09 19:47:47.681683 /root/study/github_repository/qb/network/node.go:189: receive a prepare message
P3-prepare2021/09/09 19:47:47.681803 /root/study/github_repository/qb/network/node.go:189: receive a prepare message
P3-commit2021/09/09 19:47:47.683793 /root/study/github_repository/qb/network/node.go:203: receive a commit message
P3-commit2021/09/09 19:47:47.686641 /root/study/github_repository/qb/network/node.go:203: receive a commit message
P3-commit2021/09/09 19:47:47.697603 /root/study/github_repository/qb/network/node.go:203: receive a commit message
