P1-transcation2021/09/09 16:36:48.971120 /root/study/github_repository/qb/network/node.go:161: receive a transcation message
P1-transcation2021/09/09 16:37:14.019085 /root/study/github_repository/qb/network/node.go:161: receive a transcation message
P1-prepare2021/09/09 16:37:14.023954 /root/study/github_repository/qb/network/node.go:189: receive a prepare message
P1-prepare2021/09/09 16:37:14.024633 /root/study/github_repository/qb/network/node.go:189: receive a prepare message
P1-prepare2021/09/09 16:37:14.025145 /root/study/github_repository/qb/network/node.go:189: receive a prepare message
P1-commit2021/09/09 16:37:14.026448 /root/study/github_repository/qb/network/node.go:203: receive a commit message
P1-[receive PrepareMsg]2021/09/09 16:37:14.027154 /root/study/github_repository/qb/network/node.go:511: Msgdelivery channel get a prepare message, and handle it
P1-commit2021/09/09 16:37:14.027383 /root/study/github_repository/qb/network/node.go:203: receive a commit message
P1-commit2021/09/09 16:37:14.028184 /root/study/github_repository/qb/network/node.go:203: receive a commit message
P1-transcation2021/09/09 16:39:44.442953 /root/study/github_repository/qb/network/node.go:161: receive a transcation message
P1-transcation2021/09/09 16:39:55.688619 /root/study/github_repository/qb/network/node.go:161: receive a transcation message
P1-prepare2021/09/09 16:39:55.693139 /root/study/github_repository/qb/network/node.go:189: receive a prepare message
P1-prepare2021/09/09 16:39:55.695144 /root/study/github_repository/qb/network/node.go:189: receive a prepare message
P1-prepare2021/09/09 16:39:55.695435 /root/study/github_repository/qb/network/node.go:189: receive a prepare message
P1-commit2021/09/09 16:39:55.697206 /root/study/github_repository/qb/network/node.go:203: receive a commit message
P1-commit2021/09/09 16:39:55.697357 /root/study/github_repository/qb/network/node.go:203: receive a commit message
P1-commit2021/09/09 16:39:55.699912 /root/study/github_repository/qb/network/node.go:203: receive a commit message
P1-transcation2021/09/09 18:53:50.296387 /root/study/github_repository/qb/network/node.go:161: receive a transcation message
P1-transcation2021/09/09 18:53:50.479424 /root/study/github_repository/qb/network/node.go:161: receive a transcation message
P1-prepare2021/09/09 18:53:50.483704 /root/study/github_repository/qb/network/node.go:189: receive a prepare message
P1-prepare2021/09/09 18:53:50.484546 /root/study/github_repository/qb/network/node.go:189: receive a prepare message
P1-prepare2021/09/09 18:53:50.485080 /root/study/github_repository/qb/network/node.go:189: receive a prepare message
P1-commit2021/09/09 18:53:50.486152 /root/study/github_repository/qb/network/node.go:203: receive a commit message
P1-[receive PrepareMsg]2021/09/09 18:53:50.486718 /root/study/github_repository/qb/network/node.go:511: Msgdelivery channel get a prepare message, and handle it
P1-commit2021/09/09 18:53:50.487176 /root/study/github_repository/qb/network/node.go:203: receive a commit message
P1-commit2021/09/09 18:53:50.488177 /root/study/github_repository/qb/network/node.go:203: receive a commit message
P1-transcation2021/09/09 18:53:50.661335 /root/study/github_repository/qb/network/node.go:161: receive a transcation message
P1-transcation2021/09/09 18:53:50.813118 /root/study/github_repository/qb/network/node.go:161: receive a transcation message
P1-prepare2021/09/09 18:53:50.815889 /root/study/github_repository/qb/network/node.go:189: receive a prepare message
P1-prepare2021/09/09 18:53:50.816375 /root/study/github_repository/qb/network/node.go:189: receive a prepare message
P1-prepare2021/09/09 18:53:50.818286 /root/study/github_repository/qb/network/node.go:189: receive a prepare message
P1-commit2021/09/09 18:53:50.845353 /root/study/github_repository/qb/network/node.go:203: receive a commit message
P1-commit2021/09/09 18:53:50.846505 /root/study/github_repository/qb/network/node.go:203: receive a commit message
P1-[receive CommitMsg]2021/09/09 18:53:50.847466 /root/study/github_repository/qb/network/node.go:522: Msgdelivery channel get a commit message, and handle it
P1-commit2021/09/09 18:53:50.847802 /root/study/github_repository/qb/network/node.go:203: receive a commit message
P1-transcation2021/09/09 18:58:59.498769 /root/study/github_repository/qb/network/node.go:161: receive a transcation message
P1-transcation2021/09/09 18:58:59.858201 /root/study/github_repository/qb/network/node.go:161: receive a transcation message
P1-prepare2021/09/09 18:58:59.862166 /root/study/github_repository/qb/network/node.go:189: receive a prepare message
P1-prepare2021/09/09 18:58:59.862782 /root/study/github_repository/qb/network/node.go:189: receive a prepare message
P1-prepare2021/09/09 18:58:59.864241 /root/study/github_repository/qb/network/node.go:189: receive a prepare message
P1-commit2021/09/09 18:58:59.881265 /root/study/github_repository/qb/network/node.go:203: receive a commit message
P1-commit2021/09/09 18:58:59.881629 /root/study/github_repository/qb/network/node.go:203: receive a commit message
P1-commit2021/09/09 18:58:59.882368 /root/study/github_repository/qb/network/node.go:203: receive a commit message
P1-transcation2021/09/09 18:59:46.617142 /root/study/github_repository/qb/network/node.go:161: receive a transcation message
P1-transcation2021/09/09 19:00:12.787963 /root/study/github_repository/qb/network/node.go:161: receive a transcation message
P1-transcation2021/09/09 19:00:12.953513 /root/study/github_repository/qb/network/node.go:161: receive a transcation message
P1-prepare2021/09/09 19:00:12.958095 /root/study/github_repository/qb/network/node.go:189: receive a prepare message
P1-prepare2021/09/09 19:00:12.959272 /root/study/github_repository/qb/network/node.go:189: receive a prepare message
P1-[receive PrepareMsg]2021/09/09 19:00:12.959288 /root/study/github_repository/qb/network/node.go:511: Msgdelivery channel get a prepare message, and handle it
P1-commit2021/09/09 19:00:12.960944 /root/study/github_repository/qb/network/node.go:203: receive a commit message
P1-commit2021/09/09 19:00:12.962255 /root/study/github_repository/qb/network/node.go:203: receive a commit message
P1-prepare2021/09/09 19:00:12.962353 /root/study/github_repository/qb/network/node.go:189: receive a prepare message
P1-commit2021/09/09 19:00:12.965025 /root/study/github_repository/qb/network/node.go:203: receive a commit message
P1-transcation2021/09/09 19:00:13.111696 /root/study/github_repository/qb/network/node.go:161: receive a transcation message
P1-transcation2021/09/09 19:00:13.278197 /root/study/github_repository/qb/network/node.go:161: receive a transcation message
P1-prepare2021/09/09 19:00:13.281988 /root/study/github_repository/qb/network/node.go:189: receive a prepare message
P1-prepare2021/09/09 19:00:13.282190 /root/study/github_repository/qb/network/node.go:189: receive a prepare message
P1-prepare2021/09/09 19:00:13.283391 /root/study/github_repository/qb/network/node.go:189: receive a prepare message
P1-commit2021/09/09 19:00:13.321001 /root/study/github_repository/qb/network/node.go:203: receive a commit message
P1-commit2021/09/09 19:00:13.321172 /root/study/github_repository/qb/network/node.go:203: receive a commit message
P1-commit2021/09/09 19:00:13.322861 /root/study/github_repository/qb/network/node.go:203: receive a commit message
P1-transcation2021/09/09 19:11:46.545342 /root/study/github_repository/qb/network/node.go:161: receive a transcation message
P1-transcation2021/09/09 19:11:46.698995 /root/study/github_repository/qb/network/node.go:161: receive a transcation message
P1-prepare2021/09/09 19:11:46.703807 /root/study/github_repository/qb/network/node.go:189: receive a prepare message
P1-prepare2021/09/09 19:11:46.705427 /root/study/github_repository/qb/network/node.go:189: receive a prepare message
P1-prepare2021/09/09 19:11:46.705625 /root/study/github_repository/qb/network/node.go:189: receive a prepare message
P1-commit2021/09/09 19:11:46.707297 /root/study/github_repository/qb/network/node.go:203: receive a commit message
P1-[receive PrepareMsg]2021/09/09 19:11:46.708087 /root/study/github_repository/qb/network/node.go:511: Msgdelivery channel get a prepare message, and handle it
P1-commit2021/09/09 19:11:46.708445 /root/study/github_repository/qb/network/node.go:203: receive a commit message
P1-commit2021/09/09 19:11:46.709593 /root/study/github_repository/qb/network/node.go:203: receive a commit message
P1-transcation2021/09/09 19:11:46.867917 /root/study/github_repository/qb/network/node.go:161: receive a transcation message
P1-transcation2021/09/09 19:11:47.042423 /root/study/github_repository/qb/network/node.go:161: receive a transcation message
P1-prepare2021/09/09 19:11:47.045803 /root/study/github_repository/qb/network/node.go:189: receive a prepare message
P1-prepare2021/09/09 19:11:47.046447 /root/study/github_repository/qb/network/node.go:189: receive a prepare message
P1-prepare2021/09/09 19:11:47.047163 /root/study/github_repository/qb/network/node.go:189: receive a prepare message
P1-commit2021/09/09 19:11:47.073640 /root/study/github_repository/qb/network/node.go:203: receive a commit message
P1-[receive PrepareMsg]2021/09/09 19:11:47.074095 /root/study/github_repository/qb/network/node.go:511: Msgdelivery channel get a prepare message, and handle it
P1-commit2021/09/09 19:11:47.075088 /root/study/github_repository/qb/network/node.go:203: receive a commit message
P1-commit2021/09/09 19:11:47.406237 /root/study/github_repository/qb/network/node.go:203: receive a commit message
P1-transcation2021/09/09 19:13:17.489646 /root/study/github_repository/qb/network/node.go:161: receive a transcation message
P1-transcation2021/09/09 19:13:17.653941 /root/study/github_repository/qb/network/node.go:161: receive a transcation message
P1-prepare2021/09/09 19:13:17.658125 /root/study/github_repository/qb/network/node.go:189: receive a prepare message
P1-prepare2021/09/09 19:13:17.658628 /root/study/github_repository/qb/network/node.go:189: receive a prepare message
P1-transcation2021/09/09 19:13:17.806490 /root/study/github_repository/qb/network/node.go:161: receive a transcation message
P1-transcation2021/09/09 19:13:17.973371 /root/study/github_repository/qb/network/node.go:161: receive a transcation message
P1-transcation2021/09/09 19:14:36.300844 /root/study/github_repository/qb/network/node.go:161: receive a transcation message
P1-transcation2021/09/09 19:14:36.458885 /root/study/github_repository/qb/network/node.go:161: receive a transcation message
P1-prepare2021/09/09 19:14:36.464745 /root/study/github_repository/qb/network/node.go:189: receive a prepare message
P1-prepare2021/09/09 19:14:36.465514 /root/study/github_repository/qb/network/node.go:189: receive a prepare message
P1-prepare2021/09/09 19:14:36.467406 /root/study/github_repository/qb/network/node.go:189: receive a prepare message
P1-commit2021/09/09 19:14:36.467511 /root/study/github_repository/qb/network/node.go:203: receive a commit message
P1-[receive CommitMsg]2021/09/09 19:14:36.467972 /root/study/github_repository/qb/network/node.go:522: Msgdelivery channel get a commit message, and handle it
P1-commit2021/09/09 19:14:36.468841 /root/study/github_repository/qb/network/node.go:203: receive a commit message
P1-commit2021/09/09 19:14:36.471387 /root/study/github_repository/qb/network/node.go:203: receive a commit message
P1-transcation2021/09/09 19:14:36.648878 /root/study/github_repository/qb/network/node.go:161: receive a transcation message
P1-transcation2021/09/09 19:14:36.817116 /root/study/github_repository/qb/network/node.go:161: receive a transcation message
P1-prepare2021/09/09 19:14:36.820994 /root/study/github_repository/qb/network/node.go:189: receive a prepare message
P1-prepare2021/09/09 19:14:36.821795 /root/study/github_repository/qb/network/node.go:189: receive a prepare message
P1-commit2021/09/09 19:14:36.825213 /root/study/github_repository/qb/network/node.go:203: receive a commit message
P1-[pbft.PrepareMsg]2021/09/09 19:14:37.049025 /root/study/github_repository/qb/network/node.go:189: receive a prepare message
P1-[pbft.PrepareMsg]2021/09/09 19:14:37.049025 /root/study/github_repository/qb/network/node.go:366: [get a prepare message,but don't put it into channel]
P1-commit2021/09/09 19:14:37.051734 /root/study/github_repository/qb/network/node.go:203: receive a commit message
P1-transcation2021/09/09 19:15:29.490628 /root/study/github_repository/qb/network/node.go:161: receive a transcation message
P1-transcation2021/09/09 19:15:29.647488 /root/study/github_repository/qb/network/node.go:161: receive a transcation message
P1-prepare2021/09/09 19:15:29.653322 /root/study/github_repository/qb/network/node.go:189: receive a prepare message
P1-prepare2021/09/09 19:15:29.653422 /root/study/github_repository/qb/network/node.go:189: receive a prepare message
P1-prepare2021/09/09 19:15:29.656014 /root/study/github_repository/qb/network/node.go:189: receive a prepare message
P1-commit2021/09/09 19:15:29.656192 /root/study/github_repository/qb/network/node.go:203: receive a commit message
P1-commit2021/09/09 19:15:29.656809 /root/study/github_repository/qb/network/node.go:203: receive a commit message
P1-commit2021/09/09 19:15:29.659110 /root/study/github_repository/qb/network/node.go:203: receive a commit message
P1-transcation2021/09/09 19:15:29.814674 /root/study/github_repository/qb/network/node.go:161: receive a transcation message
P1-transcation2021/09/09 19:15:29.977259 /root/study/github_repository/qb/network/node.go:161: receive a transcation message
P1-prepare2021/09/09 19:15:29.980620 /root/study/github_repository/qb/network/node.go:189: receive a prepare message
P1-prepare2021/09/09 19:15:29.981327 /root/study/github_repository/qb/network/node.go:189: receive a prepare message
P1-commit2021/09/09 19:15:29.982950 /root/study/github_repository/qb/network/node.go:203: receive a commit message
P1-prepare2021/09/09 19:15:29.983044 /root/study/github_repository/qb/network/node.go:189: receive a prepare message
P1-commit2021/09/09 19:15:30.014160 /root/study/github_repository/qb/network/node.go:203: receive a commit message
P1-transcation2021/09/09 19:16:46.322950 /root/study/github_repository/qb/network/node.go:161: receive a transcation message
P1-transcation2021/09/09 19:16:46.482807 /root/study/github_repository/qb/network/node.go:161: receive a transcation message
P1-prepare2021/09/09 19:16:46.487824 /root/study/github_repository/qb/network/node.go:189: receive a prepare message
P1-prepare2021/09/09 19:16:46.488135 /root/study/github_repository/qb/network/node.go:189: receive a prepare message
P1-prepare2021/09/09 19:16:46.489201 /root/study/github_repository/qb/network/node.go:189: receive a prepare message
P1-commit2021/09/09 19:16:46.491288 /root/study/github_repository/qb/network/node.go:203: receive a commit message
P1-[receive PrepareMsg]2021/09/09 19:16:46.492241 /root/study/github_repository/qb/network/node.go:511: Msgdelivery channel get a prepare message, and handle it
P1-commit2021/09/09 19:16:46.492515 /root/study/github_repository/qb/network/node.go:203: receive a commit message
P1-commit2021/09/09 19:16:46.494503 /root/study/github_repository/qb/network/node.go:203: receive a commit message
P1-transcation2021/09/09 19:16:46.641426 /root/study/github_repository/qb/network/node.go:161: receive a transcation message
P1-transcation2021/09/09 19:16:46.820598 /root/study/github_repository/qb/network/node.go:161: receive a transcation message
P1-prepare2021/09/09 19:16:46.823860 /root/study/github_repository/qb/network/node.go:189: receive a prepare message
P1-prepare2021/09/09 19:16:46.824143 /root/study/github_repository/qb/network/node.go:189: receive a prepare message
P1-prepare2021/09/09 19:16:46.825644 /root/study/github_repository/qb/network/node.go:189: receive a prepare message
P1-commit2021/09/09 19:16:46.844900 /root/study/github_repository/qb/network/node.go:203: receive a commit message
P1-commit2021/09/09 19:16:46.844959 /root/study/github_repository/qb/network/node.go:203: receive a commit message
P1-[receive CommitMsg]2021/09/09 19:16:46.845944 /root/study/github_repository/qb/network/node.go:522: Msgdelivery channel get a commit message, and handle it
P1-commit2021/09/09 19:16:46.846395 /root/study/github_repository/qb/network/node.go:203: receive a commit message
P1-transcation2021/09/09 19:17:07.158952 /root/study/github_repository/qb/network/node.go:161: receive a transcation message
P1-transcation2021/09/09 19:17:07.324675 /root/study/github_repository/qb/network/node.go:161: receive a transcation message
P1-prepare2021/09/09 19:17:07.328981 /root/study/github_repository/qb/network/node.go:189: receive a prepare message
P1-prepare2021/09/09 19:17:07.330509 /root/study/github_repository/qb/network/node.go:189: receive a prepare message
P1-prepare2021/09/09 19:17:07.331122 /root/study/github_repository/qb/network/node.go:189: receive a prepare message
P1-commit2021/09/09 19:17:07.332391 /root/study/github_repository/qb/network/node.go:203: receive a commit message
P1-[receive PrepareMsg]2021/09/09 19:17:07.333556 /root/study/github_repository/qb/network/node.go:511: Msgdelivery channel get a prepare message, and handle it
P1-commit2021/09/09 19:17:07.334114 /root/study/github_repository/qb/network/node.go:203: receive a commit message
P1-[receive CommitMsg]2021/09/09 19:17:07.334789 /root/study/github_repository/qb/network/node.go:522: Msgdelivery channel get a commit message, and handle it
P1-commit2021/09/09 19:17:07.335189 /root/study/github_repository/qb/network/node.go:203: receive a commit message
P1-transcation2021/09/09 19:17:07.504493 /root/study/github_repository/qb/network/node.go:161: receive a transcation message
P1-transcation2021/09/09 19:17:07.672481 /root/study/github_repository/qb/network/node.go:161: receive a transcation message
P1-prepare2021/09/09 19:17:07.675584 /root/study/github_repository/qb/network/node.go:189: receive a prepare message
P1-prepare2021/09/09 19:17:07.676066 /root/study/github_repository/qb/network/node.go:189: receive a prepare message
P1-prepare2021/09/09 19:17:07.677088 /root/study/github_repository/qb/network/node.go:189: receive a prepare message
P1-commit2021/09/09 19:17:07.703164 /root/study/github_repository/qb/network/node.go:203: receive a commit message
P1-commit2021/09/09 19:17:07.703234 /root/study/github_repository/qb/network/node.go:203: receive a commit message
P1-transcation2021/09/09 19:18:27.400771 /root/study/github_repository/qb/network/node.go:161: receive a transcation message
P1-transcation2021/09/09 19:18:27.569924 /root/study/github_repository/qb/network/node.go:161: receive a transcation message
P1-prepare2021/09/09 19:18:27.573780 /root/study/github_repository/qb/network/node.go:189: receive a prepare message
P1-prepare2021/09/09 19:18:27.600999 /root/study/github_repository/qb/network/node.go:189: receive a prepare message
P1-prepare2021/09/09 19:18:27.602141 /root/study/github_repository/qb/network/node.go:189: receive a prepare message
P1-commit2021/09/09 19:18:27.604679 /root/study/github_repository/qb/network/node.go:203: receive a commit message
P1-[receive PrepareMsg]2021/09/09 19:18:27.604906 /root/study/github_repository/qb/network/node.go:511: Msgdelivery channel get a prepare message, and handle it
P1-commit2021/09/09 19:18:27.605246 /root/study/github_repository/qb/network/node.go:203: receive a commit message
P1-commit2021/09/09 19:18:27.606506 /root/study/github_repository/qb/network/node.go:203: receive a commit message
P1-transcation2021/09/09 19:18:27.719090 /root/study/github_repository/qb/network/node.go:161: receive a transcation message
P1-transcation2021/09/09 19:18:27.908781 /root/study/github_repository/qb/network/node.go:161: receive a transcation message
P1-prepare2021/09/09 19:18:27.912066 /root/study/github_repository/qb/network/node.go:189: receive a prepare message
P1-prepare2021/09/09 19:18:27.912606 /root/study/github_repository/qb/network/node.go:189: receive a prepare message
P1-prepare2021/09/09 19:18:27.914021 /root/study/github_repository/qb/network/node.go:189: receive a prepare message
P1-commit2021/09/09 19:18:27.916981 /root/study/github_repository/qb/network/node.go:203: receive a commit message
P1-commit2021/09/09 19:18:27.917427 /root/study/github_repository/qb/network/node.go:203: receive a commit message
P1-commit2021/09/09 19:18:27.919316 /root/study/github_repository/qb/network/node.go:203: receive a commit message
P1-transcation2021/09/09 19:39:13.680775 /root/study/github_repository/qb/network/node.go:161: receive a transcation message
P1-transcation2021/09/09 19:39:13.847754 /root/study/github_repository/qb/network/node.go:161: receive a transcation message
P1-prepare2021/09/09 19:39:13.852360 /root/study/github_repository/qb/network/node.go:189: receive a prepare message
P1-prepare2021/09/09 19:39:13.853546 /root/study/github_repository/qb/network/node.go:189: receive a prepare message
P1-prepare2021/09/09 19:39:13.854384 /root/study/github_repository/qb/network/node.go:189: receive a prepare message
P1-commit2021/09/09 19:39:13.855568 /root/study/github_repository/qb/network/node.go:203: receive a commit message
P1-commit2021/09/09 19:39:13.856390 /root/study/github_repository/qb/network/node.go:203: receive a commit message
P1-[receive CommitMsg]2021/09/09 19:39:13.857214 /root/study/github_repository/qb/network/node.go:522: Msgdelivery channel get a commit message, and handle it
P1-commit2021/09/09 19:39:13.857646 /root/study/github_repository/qb/network/node.go:203: receive a commit message
P1-transcation2021/09/09 19:39:14.038519 /root/study/github_repository/qb/network/node.go:161: receive a transcation message
P1-transcation2021/09/09 19:39:14.222261 /root/study/github_repository/qb/network/node.go:161: receive a transcation message
P1-prepare2021/09/09 19:39:14.225779 /root/study/github_repository/qb/network/node.go:189: receive a prepare message
P1-prepare2021/09/09 19:39:14.226770 /root/study/github_repository/qb/network/node.go:189: receive a prepare message
P1-prepare2021/09/09 19:39:14.227215 /root/study/github_repository/qb/network/node.go:189: receive a prepare message
P1-commit2021/09/09 19:39:14.261874 /root/study/github_repository/qb/network/node.go:203: receive a commit message
P1-[receive CommitMsg]2021/09/09 19:39:14.262472 /root/study/github_repository/qb/network/node.go:522: Msgdelivery channel get a commit message, and handle it
P1-commit2021/09/09 19:39:14.262623 /root/study/github_repository/qb/network/node.go:203: receive a commit message
P1-transcation2021/09/09 19:47:47.152223 /root/study/github_repository/qb/network/node.go:161: receive a transcation message
P1-transcation2021/09/09 19:47:47.317176 /root/study/github_repository/qb/network/node.go:161: receive a transcation message
P1-prepare2021/09/09 19:47:47.322800 /root/study/github_repository/qb/network/node.go:189: receive a prepare message
P1-prepare2021/09/09 19:47:47.323488 /root/study/github_repository/qb/network/node.go:189: receive a prepare message
P1-prepare2021/09/09 19:47:47.324431 /root/study/github_repository/qb/network/node.go:189: receive a prepare message
P1-commit2021/09/09 19:47:47.327150 /root/study/github_repository/qb/network/node.go:203: receive a commit message
P1-commit2021/09/09 19:47:47.328290 /root/study/github_repository/qb/network/node.go:203: receive a commit message
P1-commit2021/09/09 19:47:47.330037 /root/study/github_repository/qb/network/node.go:203: receive a commit message
P1-transcation2021/09/09 19:47:47.499698 /root/study/github_repository/qb/network/node.go:161: receive a transcation message
P1-transcation2021/09/09 19:47:47.677338 /root/study/github_repository/qb/network/node.go:161: receive a transcation message
P1-prepare2021/09/09 19:47:47.680803 /root/study/github_repository/qb/network/node.go:189: receive a prepare message
P1-prepare2021/09/09 19:47:47.681445 /root/study/github_repository/qb/network/node.go:189: receive a prepare message
P1-prepare2021/09/09 19:47:47.682575 /root/study/github_repository/qb/network/node.go:189: receive a prepare message
P1-commit2021/09/09 19:47:47.697373 /root/study/github_repository/qb/network/node.go:203: receive a commit message
P1-[receive CommitMsg]2021/09/09 19:47:47.698169 /root/study/github_repository/qb/network/node.go:522: Msgdelivery channel get a commit message, and handle it
P1-commit2021/09/09 19:47:47.698599 /root/study/github_repository/qb/network/node.go:203: receive a commit message
