P4-pre-prepare2021/09/11 15:41:26.072313 /root/study/github_repository/qb/network/node.go:150: receive a preprepare message
P4-prepare2021/09/11 15:41:26.075038 /root/study/github_repository/qb/network/node.go:164: receive a prepare message
P4-prepare2021/09/11 15:41:26.076401 /root/study/github_repository/qb/network/node.go:164: receive a prepare message
P4-commit2021/09/11 15:41:26.077458 /root/study/github_repository/qb/network/node.go:178: receive a commit message
P4-commit2021/09/11 15:41:26.079465 /root/study/github_repository/qb/network/node.go:178: receive a commit message
P4-commit2021/09/11 15:41:26.082604 /root/study/github_repository/qb/network/node.go:178: receive a commit message
P4-pre-prepare2021/09/11 15:41:33.710692 /root/study/github_repository/qb/network/node.go:150: receive a preprepare message
P4-prepare2021/09/11 15:41:33.712573 /root/study/github_repository/qb/network/node.go:164: receive a prepare message
P4-prepare2021/09/11 15:41:33.713048 /root/study/github_repository/qb/network/node.go:164: receive a prepare message
P4-commit2021/09/11 15:41:33.744539 /root/study/github_repository/qb/network/node.go:178: receive a commit message
P4-commit2021/09/11 15:41:33.745732 /root/study/github_repository/qb/pbft/pbft_impl.go:381: Last_sequence_number= 1631346086069688324
P4-commit2021/09/11 15:41:33.745733 /root/study/github_repository/qb/network/node.go:178: receive a commit message
P4-commit2021/09/11 15:41:33.745736 /root/study/github_repository/qb/pbft/pbft_impl.go:382: commit.Sequence_number= 1631346086069688324
P4-commit2021/09/11 15:41:33.749933 /root/study/github_repository/qb/network/node.go:178: receive a commit message
P4-pre-prepare2021/09/11 15:41:41.321193 /root/study/github_repository/qb/network/node.go:150: receive a preprepare message
P4-prepare2021/09/11 15:41:41.323090 /root/study/github_repository/qb/network/node.go:164: receive a prepare message
P4-prepare2021/09/11 15:41:41.326670 /root/study/github_repository/qb/network/node.go:164: receive a prepare message
P4-commit2021/09/11 15:41:41.328301 /root/study/github_repository/qb/network/node.go:178: receive a commit message
P4-commit2021/09/11 15:41:41.330147 /root/study/github_repository/qb/network/node.go:178: receive a commit message
P4-commit2021/09/11 15:41:41.331932 /root/study/github_repository/qb/network/node.go:178: receive a commit message
P4-pre-prepare2021/09/11 15:41:48.942985 /root/study/github_repository/qb/network/node.go:150: receive a preprepare message
P4-prepare2021/09/11 15:41:48.944565 /root/study/github_repository/qb/network/node.go:164: receive a prepare message
P4-prepare2021/09/11 15:41:48.945313 /root/study/github_repository/qb/network/node.go:164: receive a prepare message
P4-commit2021/09/11 15:41:48.949669 /root/study/github_repository/qb/network/node.go:178: receive a commit message
P4-commit2021/09/11 15:41:48.950272 /root/study/github_repository/qb/network/node.go:178: receive a commit message
P4-commit2021/09/11 15:41:48.953305 /root/study/github_repository/qb/network/node.go:178: receive a commit message
P4-pre-prepare2021/09/11 15:42:00.779092 /root/study/github_repository/qb/network/node.go:150: receive a preprepare message
P4-prepare2021/09/11 15:42:00.782208 /root/study/github_repository/qb/network/node.go:164: receive a prepare message
P4-prepare2021/09/11 15:42:00.784956 /root/study/github_repository/qb/network/node.go:164: receive a prepare message
P4-commit2021/09/11 15:42:00.787240 /root/study/github_repository/qb/network/node.go:178: receive a commit message
P4-commit2021/09/11 15:42:00.789499 /root/study/github_repository/qb/network/node.go:178: receive a commit message
P4-commit2021/09/11 15:42:00.790165 /root/study/github_repository/qb/network/node.go:178: receive a commit message
P4-pre-prepare2021/09/11 15:42:08.417389 /root/study/github_repository/qb/network/node.go:150: receive a preprepare message
P4-prepare2021/09/11 15:42:08.419549 /root/study/github_repository/qb/network/node.go:164: receive a prepare message
P4-prepare2021/09/11 15:42:08.419845 /root/study/github_repository/qb/network/node.go:164: receive a prepare message
P4-commit2021/09/11 15:42:08.423517 /root/study/github_repository/qb/network/node.go:178: receive a commit message
P4-commit2021/09/11 15:42:08.425016 /root/study/github_repository/qb/network/node.go:178: receive a commit message
P4-commit2021/09/11 15:42:08.427379 /root/study/github_repository/qb/network/node.go:178: receive a commit message
P4-pre-prepare2021/09/11 15:42:16.019852 /root/study/github_repository/qb/network/node.go:150: receive a preprepare message
P4-prepare2021/09/11 15:42:16.022179 /root/study/github_repository/qb/network/node.go:164: receive a prepare message
P4-prepare2021/09/11 15:42:16.022308 /root/study/github_repository/qb/network/node.go:164: receive a prepare message
P4-commit2021/09/11 15:42:16.025488 /root/study/github_repository/qb/network/node.go:178: receive a commit message
P4-commit2021/09/11 15:42:16.027333 /root/study/github_repository/qb/network/node.go:178: receive a commit message
P4-commit2021/09/11 15:42:16.028897 /root/study/github_repository/qb/network/node.go:178: receive a commit message
P4-pre-prepare2021/09/11 15:42:23.620622 /root/study/github_repository/qb/network/node.go:150: receive a preprepare message
P4-prepare2021/09/11 15:42:23.624176 /root/study/github_repository/qb/network/node.go:164: receive a prepare message
P4-prepare2021/09/11 15:42:23.625263 /root/study/github_repository/qb/network/node.go:164: receive a prepare message
P4-commit2021/09/11 15:42:23.627643 /root/study/github_repository/qb/network/node.go:178: receive a commit message
P4-commit2021/09/11 15:42:23.629645 /root/study/github_repository/qb/network/node.go:178: receive a commit message
P4-commit2021/09/11 15:42:23.632278 /root/study/github_repository/qb/network/node.go:178: receive a commit message
P4-pre-prepare2021/09/11 15:43:09.308140 /root/study/github_repository/qb/network/node.go:150: receive a preprepare message
P4-prepare2021/09/11 15:43:09.309925 /root/study/github_repository/qb/network/node.go:164: receive a prepare message
P4-prepare2021/09/11 15:43:09.310711 /root/study/github_repository/qb/network/node.go:164: receive a prepare message
P4-commit2021/09/11 15:43:09.314949 /root/study/github_repository/qb/network/node.go:178: receive a commit message
P4-commit2021/09/11 15:43:09.315678 /root/study/github_repository/qb/network/node.go:178: receive a commit message
P4-commit2021/09/11 15:43:09.317482 /root/study/github_repository/qb/network/node.go:178: receive a commit message
P4-pre-prepare2021/09/11 15:43:16.980794 /root/study/github_repository/qb/network/node.go:150: receive a preprepare message
P4-prepare2021/09/11 15:43:16.983443 /root/study/github_repository/qb/network/node.go:164: receive a prepare message
P4-prepare2021/09/11 15:43:16.984525 /root/study/github_repository/qb/network/node.go:164: receive a prepare message
P4-commit2021/09/11 15:43:16.985638 /root/study/github_repository/qb/network/node.go:178: receive a commit message
P4-commit2021/09/11 15:43:16.989160 /root/study/github_repository/qb/network/node.go:178: receive a commit message
P4-commit2021/09/11 15:43:16.989591 /root/study/github_repository/qb/network/node.go:178: receive a commit message
P4-pre-prepare2021/09/11 15:43:24.606026 /root/study/github_repository/qb/network/node.go:150: receive a preprepare message
P4-prepare2021/09/11 15:43:24.609093 /root/study/github_repository/qb/network/node.go:164: receive a prepare message
P4-prepare2021/09/11 15:43:24.612458 /root/study/github_repository/qb/network/node.go:164: receive a prepare message
P4-commit2021/09/11 15:43:24.613012 /root/study/github_repository/qb/network/node.go:178: receive a commit message
P4-commit2021/09/11 15:43:24.615648 /root/study/github_repository/qb/network/node.go:178: receive a commit message
P4-commit2021/09/11 15:43:24.616952 /root/study/github_repository/qb/network/node.go:178: receive a commit message
P4-pre-prepare2021/09/11 15:43:32.210109 /root/study/github_repository/qb/network/node.go:150: receive a preprepare message
P4-prepare2021/09/11 15:43:32.212693 /root/study/github_repository/qb/network/node.go:164: receive a prepare message
P4-prepare2021/09/11 15:43:32.213529 /root/study/github_repository/qb/network/node.go:164: receive a prepare message
P4-commit2021/09/11 15:43:32.218297 /root/study/github_repository/qb/network/node.go:178: receive a commit message
P4-commit2021/09/11 15:43:32.219910 /root/study/github_repository/qb/network/node.go:178: receive a commit message
P4-commit2021/09/11 15:43:32.221461 /root/study/github_repository/qb/network/node.go:178: receive a commit message
P4-pre-prepare2021/09/11 15:43:54.320827 /root/study/github_repository/qb/network/node.go:150: receive a preprepare message
P4-prepare2021/09/11 15:43:54.322902 /root/study/github_repository/qb/network/node.go:164: receive a prepare message
P4-prepare2021/09/11 15:43:54.323330 /root/study/github_repository/qb/network/node.go:164: receive a prepare message
P4-commit2021/09/11 15:43:54.325958 /root/study/github_repository/qb/network/node.go:178: receive a commit message
P4-commit2021/09/11 15:43:54.329474 /root/study/github_repository/qb/network/node.go:178: receive a commit message
P4-commit2021/09/11 15:43:54.330705 /root/study/github_repository/qb/network/node.go:178: receive a commit message
P4-pre-prepare2021/09/11 15:44:01.906182 /root/study/github_repository/qb/network/node.go:150: receive a preprepare message
P4-prepare2021/09/11 15:44:01.908497 /root/study/github_repository/qb/network/node.go:164: receive a prepare message
P4-prepare2021/09/11 15:44:01.908689 /root/study/github_repository/qb/network/node.go:164: receive a prepare message
P4-commit2021/09/11 15:44:01.913468 /root/study/github_repository/qb/network/node.go:178: receive a commit message
P4-commit2021/09/11 15:44:01.913641 /root/study/github_repository/qb/network/node.go:178: receive a commit message
P4-commit2021/09/11 15:44:01.915876 /root/study/github_repository/qb/network/node.go:178: receive a commit message
P4-pre-prepare2021/09/11 15:44:09.480244 /root/study/github_repository/qb/network/node.go:150: receive a preprepare message
P4-prepare2021/09/11 15:44:09.482533 /root/study/github_repository/qb/network/node.go:164: receive a prepare message
P4-prepare2021/09/11 15:44:09.482741 /root/study/github_repository/qb/network/node.go:164: receive a prepare message
P4-commit2021/09/11 15:44:09.487232 /root/study/github_repository/qb/network/node.go:178: receive a commit message
P4-commit2021/09/11 15:44:09.488858 /root/study/github_repository/qb/network/node.go:178: receive a commit message
P4-commit2021/09/11 15:44:09.489115 /root/study/github_repository/qb/network/node.go:178: receive a commit message
P4-pre-prepare2021/09/11 15:44:17.095583 /root/study/github_repository/qb/network/node.go:150: receive a preprepare message
P4-prepare2021/09/11 15:44:17.097793 /root/study/github_repository/qb/network/node.go:164: receive a prepare message
P4-prepare2021/09/11 15:44:17.098666 /root/study/github_repository/qb/network/node.go:164: receive a prepare message
P4-commit2021/09/11 15:44:17.100777 /root/study/github_repository/qb/network/node.go:178: receive a commit message
P4-commit2021/09/11 15:44:17.102599 /root/study/github_repository/qb/network/node.go:178: receive a commit message
P4-commit2021/09/11 15:44:17.103816 /root/study/github_repository/qb/network/node.go:178: receive a commit message
P4-pre-prepare2021/09/11 15:45:37.096304 /root/study/github_repository/qb/network/node.go:150: receive a preprepare message
P4-prepare2021/09/11 15:45:37.100362 /root/study/github_repository/qb/network/node.go:164: receive a prepare message
P4-prepare2021/09/11 15:45:37.101690 /root/study/github_repository/qb/network/node.go:164: receive a prepare message
P4-commit2021/09/11 15:45:37.105022 /root/study/github_repository/qb/network/node.go:178: receive a commit message
P4-commit2021/09/11 15:45:37.106216 /root/study/github_repository/qb/network/node.go:178: receive a commit message
P4-commit2021/09/11 15:45:37.107175 /root/study/github_repository/qb/network/node.go:178: receive a commit message
P4-pre-prepare2021/09/11 15:45:40.721175 /root/study/github_repository/qb/network/node.go:150: receive a preprepare message
P4-prepare2021/09/11 15:45:40.722972 /root/study/github_repository/qb/network/node.go:164: receive a prepare message
P4-prepare2021/09/11 15:45:40.724009 /root/study/github_repository/qb/network/node.go:164: receive a prepare message
P4-commit2021/09/11 15:45:40.743958 /root/study/github_repository/qb/network/node.go:178: receive a commit message
P4-commit2021/09/11 15:45:40.750430 /root/study/github_repository/qb/network/node.go:178: receive a commit message
P4-pre-prepare2021/09/11 15:45:44.325744 /root/study/github_repository/qb/network/node.go:150: receive a preprepare message
P4-prepare2021/09/11 15:45:44.328326 /root/study/github_repository/qb/network/node.go:164: receive a prepare message
P4-prepare2021/09/11 15:45:44.328775 /root/study/github_repository/qb/network/node.go:164: receive a prepare message
P4-commit2021/09/11 15:45:44.332889 /root/study/github_repository/qb/network/node.go:178: receive a commit message
P4-commit2021/09/11 15:45:44.333527 /root/study/github_repository/qb/network/node.go:178: receive a commit message
P4-commit2021/09/11 15:45:44.335273 /root/study/github_repository/qb/network/node.go:178: receive a commit message
P4-pre-prepare2021/09/11 15:45:47.929519 /root/study/github_repository/qb/network/node.go:150: receive a preprepare message
P4-prepare2021/09/11 15:45:47.932441 /root/study/github_repository/qb/network/node.go:164: receive a prepare message
P4-prepare2021/09/11 15:45:47.932721 /root/study/github_repository/qb/network/node.go:164: receive a prepare message
P4-commit2021/09/11 15:45:47.935582 /root/study/github_repository/qb/network/node.go:178: receive a commit message
P4-commit2021/09/11 15:45:47.938319 /root/study/github_repository/qb/network/node.go:178: receive a commit message
P4-commit2021/09/11 15:45:47.939705 /root/study/github_repository/qb/network/node.go:178: receive a commit message
P4-pre-prepare2021/09/11 15:46:07.011456 /root/study/github_repository/qb/network/node.go:150: receive a preprepare message
P4-prepare2021/09/11 15:46:07.013631 /root/study/github_repository/qb/network/node.go:164: receive a prepare message
P4-prepare2021/09/11 15:46:07.014204 /root/study/github_repository/qb/network/node.go:164: receive a prepare message
P4-commit2021/09/11 15:46:07.016442 /root/study/github_repository/qb/network/node.go:178: receive a commit message
P4-commit2021/09/11 15:46:07.018200 /root/study/github_repository/qb/network/node.go:178: receive a commit message
P4-commit2021/09/11 15:46:07.019831 /root/study/github_repository/qb/network/node.go:178: receive a commit message
P4-pre-prepare2021/09/11 15:46:10.626458 /root/study/github_repository/qb/network/node.go:150: receive a preprepare message
P4-prepare2021/09/11 15:46:10.628552 /root/study/github_repository/qb/network/node.go:164: receive a prepare message
P4-prepare2021/09/11 15:46:10.628935 /root/study/github_repository/qb/network/node.go:164: receive a prepare message
P4-commit2021/09/11 15:46:10.631275 /root/study/github_repository/qb/network/node.go:178: receive a commit message
P4-commit2021/09/11 15:46:10.631374 /root/study/github_repository/qb/network/node.go:178: receive a commit message
P4-commit2021/09/11 15:46:10.632664 /root/study/github_repository/qb/network/node.go:178: receive a commit message
P4-pre-prepare2021/09/11 15:46:14.234255 /root/study/github_repository/qb/network/node.go:150: receive a preprepare message
P4-prepare2021/09/11 15:46:14.236425 /root/study/github_repository/qb/network/node.go:164: receive a prepare message
P4-prepare2021/09/11 15:46:14.236664 /root/study/github_repository/qb/network/node.go:164: receive a prepare message
P4-commit2021/09/11 15:46:14.239361 /root/study/github_repository/qb/network/node.go:178: receive a commit message
P4-commit2021/09/11 15:46:14.241117 /root/study/github_repository/qb/network/node.go:178: receive a commit message
P4-commit2021/09/11 15:46:14.243259 /root/study/github_repository/qb/network/node.go:178: receive a commit message
P4-pre-prepare2021/09/11 15:46:17.836751 /root/study/github_repository/qb/network/node.go:150: receive a preprepare message
P4-prepare2021/09/11 15:46:17.838828 /root/study/github_repository/qb/network/node.go:164: receive a prepare message
P4-prepare2021/09/11 15:46:17.839042 /root/study/github_repository/qb/network/node.go:164: receive a prepare message
P4-commit2021/09/11 15:46:17.841062 /root/study/github_repository/qb/network/node.go:178: receive a commit message
P4-commit2021/09/11 15:46:17.843036 /root/study/github_repository/qb/network/node.go:178: receive a commit message
P4-commit2021/09/11 15:46:17.846058 /root/study/github_repository/qb/network/node.go:178: receive a commit message
P4-pre-prepare2021/09/11 15:46:43.581755 /root/study/github_repository/qb/network/node.go:150: receive a preprepare message
P4-prepare2021/09/11 15:46:43.584559 /root/study/github_repository/qb/network/node.go:164: receive a prepare message
P4-prepare2021/09/11 15:46:43.585290 /root/study/github_repository/qb/network/node.go:164: receive a prepare message
P4-commit2021/09/11 15:46:43.588018 /root/study/github_repository/qb/network/node.go:178: receive a commit message
P4-commit2021/09/11 15:46:43.590498 /root/study/github_repository/qb/network/node.go:178: receive a commit message
P4-commit2021/09/11 15:46:43.592482 /root/study/github_repository/qb/network/node.go:178: receive a commit message
P4-pre-prepare2021/09/11 15:46:47.211190 /root/study/github_repository/qb/network/node.go:150: receive a preprepare message
P4-prepare2021/09/11 15:46:47.213656 /root/study/github_repository/qb/network/node.go:164: receive a prepare message
P4-prepare2021/09/11 15:46:47.216838 /root/study/github_repository/qb/network/node.go:164: receive a prepare message
P4-commit2021/09/11 15:46:47.220093 /root/study/github_repository/qb/network/node.go:178: receive a commit message
P4-commit2021/09/11 15:46:47.221448 /root/study/github_repository/qb/network/node.go:178: receive a commit message
P4-commit2021/09/11 15:46:47.223135 /root/study/github_repository/qb/network/node.go:178: receive a commit message
P4-pre-prepare2021/09/11 15:46:50.816455 /root/study/github_repository/qb/network/node.go:150: receive a preprepare message
P4-prepare2021/09/11 15:46:50.818706 /root/study/github_repository/qb/network/node.go:164: receive a prepare message
P4-prepare2021/09/11 15:46:50.818906 /root/study/github_repository/qb/network/node.go:164: receive a prepare message
P4-commit2021/09/11 15:46:50.822102 /root/study/github_repository/qb/network/node.go:178: receive a commit message
P4-commit2021/09/11 15:46:50.822919 /root/study/github_repository/qb/network/node.go:178: receive a commit message
P4-commit2021/09/11 15:46:50.825939 /root/study/github_repository/qb/network/node.go:178: receive a commit message
P4-pre-prepare2021/09/11 15:46:54.422502 /root/study/github_repository/qb/network/node.go:150: receive a preprepare message
P4-prepare2021/09/11 15:46:54.424780 /root/study/github_repository/qb/network/node.go:164: receive a prepare message
P4-prepare2021/09/11 15:46:54.425402 /root/study/github_repository/qb/network/node.go:164: receive a prepare message
P4-commit2021/09/11 15:46:54.428311 /root/study/github_repository/qb/network/node.go:178: receive a commit message
P4-commit2021/09/11 15:46:54.430654 /root/study/github_repository/qb/network/node.go:178: receive a commit message
P4-commit2021/09/11 15:46:54.431682 /root/study/github_repository/qb/network/node.go:178: receive a commit message
P4-pre-prepare2021/09/11 15:47:16.985453 /root/study/github_repository/qb/network/node.go:150: receive a preprepare message
P4-prepare2021/09/11 15:47:16.986778 /root/study/github_repository/qb/network/node.go:164: receive a prepare message
P4-prepare2021/09/11 15:47:16.988234 /root/study/github_repository/qb/network/node.go:164: receive a prepare message
P4-commit2021/09/11 15:47:16.990112 /root/study/github_repository/qb/network/node.go:178: receive a commit message
P4-commit2021/09/11 15:47:16.992384 /root/study/github_repository/qb/network/node.go:178: receive a commit message
P4-pre-prepare2021/09/11 15:47:20.608271 /root/study/github_repository/qb/network/node.go:150: receive a preprepare message
P4-prepare2021/09/11 15:47:20.610827 /root/study/github_repository/qb/network/node.go:164: receive a prepare message
P4-prepare2021/09/11 15:47:20.611380 /root/study/github_repository/qb/network/node.go:164: receive a prepare message
P4-commit2021/09/11 15:47:20.615549 /root/study/github_repository/qb/network/node.go:178: receive a commit message
P4-commit2021/09/11 15:47:20.616936 /root/study/github_repository/qb/network/node.go:178: receive a commit message
P4-commit2021/09/11 15:47:20.619522 /root/study/github_repository/qb/network/node.go:178: receive a commit message
P4-pre-prepare2021/09/11 15:47:24.218463 /root/study/github_repository/qb/network/node.go:150: receive a preprepare message
P4-prepare2021/09/11 15:47:24.221233 /root/study/github_repository/qb/network/node.go:164: receive a prepare message
P4-prepare2021/09/11 15:47:24.221438 /root/study/github_repository/qb/network/node.go:164: receive a prepare message
P4-commit2021/09/11 15:47:24.224290 /root/study/github_repository/qb/network/node.go:178: receive a commit message
P4-commit2021/09/11 15:47:24.226314 /root/study/github_repository/qb/network/node.go:178: receive a commit message
P4-commit2021/09/11 15:47:24.648663 /root/study/github_repository/qb/network/node.go:178: receive a commit message
P4-pre-prepare2021/09/11 15:47:27.830635 /root/study/github_repository/qb/network/node.go:150: receive a preprepare message
P4-prepare2021/09/11 15:47:27.832924 /root/study/github_repository/qb/network/node.go:164: receive a prepare message
P4-prepare2021/09/11 15:47:27.833529 /root/study/github_repository/qb/network/node.go:164: receive a prepare message
P4-commit2021/09/11 15:47:27.836571 /root/study/github_repository/qb/network/node.go:178: receive a commit message
P4-commit2021/09/11 15:47:27.837832 /root/study/github_repository/qb/network/node.go:178: receive a commit message
P4-commit2021/09/11 15:47:27.840012 /root/study/github_repository/qb/network/node.go:178: receive a commit message
P4-pre-prepare2021/09/11 15:48:04.796591 /root/study/github_repository/qb/network/node.go:150: receive a preprepare message
P4-prepare2021/09/11 15:48:04.798634 /root/study/github_repository/qb/network/node.go:164: receive a prepare message
P4-prepare2021/09/11 15:48:04.798986 /root/study/github_repository/qb/network/node.go:164: receive a prepare message
P4-commit2021/09/11 15:48:04.802479 /root/study/github_repository/qb/network/node.go:178: receive a commit message
P4-commit2021/09/11 15:48:04.803062 /root/study/github_repository/qb/network/node.go:178: receive a commit message
P4-commit2021/09/11 15:48:04.805243 /root/study/github_repository/qb/network/node.go:178: receive a commit message
P4-pre-prepare2021/09/11 15:48:06.405982 /root/study/github_repository/qb/network/node.go:150: receive a preprepare message
P4-prepare2021/09/11 15:48:06.408769 /root/study/github_repository/qb/network/node.go:164: receive a prepare message
P4-prepare2021/09/11 15:48:06.409149 /root/study/github_repository/qb/network/node.go:164: receive a prepare message
P4-commit2021/09/11 15:48:06.413071 /root/study/github_repository/qb/network/node.go:178: receive a commit message
P4-commit2021/09/11 15:48:06.414851 /root/study/github_repository/qb/network/node.go:178: receive a commit message
P4-commit2021/09/11 15:48:06.602554 /root/study/github_repository/qb/network/node.go:178: receive a commit message
P4-pre-prepare2021/09/11 15:48:08.043745 /root/study/github_repository/qb/network/node.go:150: receive a preprepare message
P4-prepare2021/09/11 15:48:08.045870 /root/study/github_repository/qb/network/node.go:164: receive a prepare message
P4-prepare2021/09/11 15:48:08.046373 /root/study/github_repository/qb/network/node.go:164: receive a prepare message
P4-commit2021/09/11 15:48:08.049734 /root/study/github_repository/qb/network/node.go:178: receive a commit message
P4-commit2021/09/11 15:48:08.052394 /root/study/github_repository/qb/network/node.go:178: receive a commit message
P4-commit2021/09/11 15:48:08.054995 /root/study/github_repository/qb/network/node.go:178: receive a commit message
P4-pre-prepare2021/09/11 15:48:09.662999 /root/study/github_repository/qb/network/node.go:150: receive a preprepare message
P4-prepare2021/09/11 15:48:09.665241 /root/study/github_repository/qb/network/node.go:164: receive a prepare message
P4-commit2021/09/11 15:48:09.668893 /root/study/github_repository/qb/network/node.go:178: receive a commit message
P4-commit2021/09/11 15:48:09.669669 /root/study/github_repository/qb/pbft/pbft_impl.go:380: the sequenceID of commit message is wrong!
P4-commit2021/09/11 15:48:09.669680 /root/study/github_repository/qb/pbft/pbft_impl.go:381: Last_sequence_number= 1631346337093179058
P4-commit2021/09/11 15:48:09.669686 /root/study/github_repository/qb/pbft/pbft_impl.go:382: commit.Sequence_number= 1631346337093179058
P4-commit2021/09/11 15:48:09.671314 /root/study/github_repository/qb/network/node.go:178: receive a commit message
P4-pre-prepare2021/09/11 15:48:16.980770 /root/study/github_repository/qb/network/node.go:150: receive a preprepare message
P4-prepare2021/09/11 15:48:16.983367 /root/study/github_repository/qb/network/node.go:164: receive a prepare message
P4-prepare2021/09/11 15:48:16.985330 /root/study/github_repository/qb/network/node.go:164: receive a prepare message
P4-commit2021/09/11 15:48:16.986910 /root/study/github_repository/qb/network/node.go:178: receive a commit message
P4-commit2021/09/11 15:48:16.988977 /root/study/github_repository/qb/network/node.go:178: receive a commit message
P4-commit2021/09/11 15:48:16.991106 /root/study/github_repository/qb/network/node.go:178: receive a commit message
P4-pre-prepare2021/09/11 15:48:18.576742 /root/study/github_repository/qb/network/node.go:150: receive a preprepare message
P4-prepare2021/09/11 15:48:18.578525 /root/study/github_repository/qb/network/node.go:164: receive a prepare message
P4-prepare2021/09/11 15:48:18.578847 /root/study/github_repository/qb/network/node.go:164: receive a prepare message
P4-commit2021/09/11 15:48:18.584772 /root/study/github_repository/qb/network/node.go:178: receive a commit message
P4-commit2021/09/11 15:48:18.585258 /root/study/github_repository/qb/network/node.go:178: receive a commit message
P4-commit2021/09/11 15:48:18.587561 /root/study/github_repository/qb/network/node.go:178: receive a commit message
P4-prepare2021/09/11 15:48:20.189326 /root/study/github_repository/qb/network/node.go:164: receive a prepare message
P4-prepare2021/09/11 15:48:20.190413 /root/study/github_repository/qb/network/node.go:164: receive a prepare message
P4-commit2021/09/11 15:48:20.192273 /root/study/github_repository/qb/network/node.go:178: receive a commit message
P4-commit2021/09/11 15:48:20.193180 /root/study/github_repository/qb/network/node.go:178: receive a commit message
P4-commit2021/09/11 15:48:20.195161 /root/study/github_repository/qb/network/node.go:178: receive a commit message
P4-pre-prepare2021/09/11 15:48:21.797511 /root/study/github_repository/qb/network/node.go:150: receive a preprepare message
P4-prepare2021/09/11 15:48:21.799654 /root/study/github_repository/qb/network/node.go:164: receive a prepare message
P4-prepare2021/09/11 15:48:21.799801 /root/study/github_repository/qb/network/node.go:164: receive a prepare message
P4-commit2021/09/11 15:48:21.803760 /root/study/github_repository/qb/network/node.go:178: receive a commit message
P4-commit2021/09/11 15:48:21.805734 /root/study/github_repository/qb/network/node.go:178: receive a commit message
P4-commit2021/09/11 15:48:21.806009 /root/study/github_repository/qb/network/node.go:178: receive a commit message
P4-pre-prepare2021/09/11 15:48:34.264107 /root/study/github_repository/qb/network/node.go:150: receive a preprepare message
P4-prepare2021/09/11 15:48:34.265632 /root/study/github_repository/qb/network/node.go:164: receive a prepare message
P4-prepare2021/09/11 15:48:34.266975 /root/study/github_repository/qb/network/node.go:164: receive a prepare message
P4-commit2021/09/11 15:48:34.271920 /root/study/github_repository/qb/network/node.go:178: receive a commit message
P4-commit2021/09/11 15:48:34.272198 /root/study/github_repository/qb/network/node.go:178: receive a commit message
P4-commit2021/09/11 15:48:34.274276 /root/study/github_repository/qb/network/node.go:178: receive a commit message
P4-pre-prepare2021/09/11 15:48:35.863069 /root/study/github_repository/qb/network/node.go:150: receive a preprepare message
P4-prepare2021/09/11 15:48:35.865263 /root/study/github_repository/qb/network/node.go:164: receive a prepare message
P4-prepare2021/09/11 15:48:35.865430 /root/study/github_repository/qb/network/node.go:164: receive a prepare message
P4-commit2021/09/11 15:48:35.869099 /root/study/github_repository/qb/network/node.go:178: receive a commit message
P4-commit2021/09/11 15:48:35.870818 /root/study/github_repository/qb/network/node.go:178: receive a commit message
P4-commit2021/09/11 15:48:35.872708 /root/study/github_repository/qb/network/node.go:178: receive a commit message
P4-pre-prepare2021/09/11 15:48:37.467326 /root/study/github_repository/qb/network/node.go:150: receive a preprepare message
P4-prepare2021/09/11 15:48:37.469063 /root/study/github_repository/qb/network/node.go:164: receive a prepare message
P4-prepare2021/09/11 15:48:37.469640 /root/study/github_repository/qb/network/node.go:164: receive a prepare message
P4-commit2021/09/11 15:48:37.472754 /root/study/github_repository/qb/network/node.go:178: receive a commit message
P4-commit2021/09/11 15:48:37.472818 /root/study/github_repository/qb/network/node.go:178: receive a commit message
P4-commit2021/09/11 15:48:37.474246 /root/study/github_repository/qb/network/node.go:178: receive a commit message
P4-pre-prepare2021/09/11 15:48:39.057686 /root/study/github_repository/qb/network/node.go:150: receive a preprepare message
P4-prepare2021/09/11 15:48:39.060771 /root/study/github_repository/qb/network/node.go:164: receive a prepare message
P4-prepare2021/09/11 15:48:39.062527 /root/study/github_repository/qb/network/node.go:164: receive a prepare message
P4-commit2021/09/11 15:48:39.064925 /root/study/github_repository/qb/network/node.go:178: receive a commit message
P4-commit2021/09/11 15:48:39.065824 /root/study/github_repository/qb/network/node.go:178: receive a commit message
P4-commit2021/09/11 15:48:39.271182 /root/study/github_repository/qb/network/node.go:178: receive a commit message
P4-pre-prepare2021/09/11 15:49:54.930793 /root/study/github_repository/qb/network/node.go:150: receive a preprepare message
P4-prepare2021/09/11 15:49:54.933357 /root/study/github_repository/qb/network/node.go:164: receive a prepare message
P4-prepare2021/09/11 15:49:54.934613 /root/study/github_repository/qb/network/node.go:164: receive a prepare message
P4-commit2021/09/11 15:49:54.937009 /root/study/github_repository/qb/network/node.go:178: receive a commit message
P4-commit2021/09/11 15:49:54.938766 /root/study/github_repository/qb/network/node.go:178: receive a commit message
P4-commit2021/09/11 15:49:54.939134 /root/study/github_repository/qb/network/node.go:178: receive a commit message
P4-pre-prepare2021/09/11 15:49:56.531951 /root/study/github_repository/qb/network/node.go:150: receive a preprepare message
P4-prepare2021/09/11 15:49:56.533849 /root/study/github_repository/qb/network/node.go:164: receive a prepare message
P4-prepare2021/09/11 15:49:56.533967 /root/study/github_repository/qb/network/node.go:164: receive a prepare message
P4-commit2021/09/11 15:49:56.568631 /root/study/github_repository/qb/network/node.go:178: receive a commit message
P4-commit2021/09/11 15:49:56.568879 /root/study/github_repository/qb/network/node.go:178: receive a commit message
P4-commit2021/09/11 15:49:56.570764 /root/study/github_repository/qb/network/node.go:178: receive a commit message
P4-pre-prepare2021/09/11 15:49:58.139394 /root/study/github_repository/qb/network/node.go:150: receive a preprepare message
P4-prepare2021/09/11 15:49:58.141294 /root/study/github_repository/qb/network/node.go:164: receive a prepare message
P4-prepare2021/09/11 15:49:58.141474 /root/study/github_repository/qb/network/node.go:164: receive a prepare message
P4-commit2021/09/11 15:49:58.144403 /root/study/github_repository/qb/network/node.go:178: receive a commit message
P4-commit2021/09/11 15:49:58.145164 /root/study/github_repository/qb/network/node.go:178: receive a commit message
P4-commit2021/09/11 15:49:58.146334 /root/study/github_repository/qb/network/node.go:178: receive a commit message
P4-pre-prepare2021/09/11 15:49:59.744084 /root/study/github_repository/qb/network/node.go:150: receive a preprepare message
P4-prepare2021/09/11 15:49:59.745371 /root/study/github_repository/qb/network/node.go:164: receive a prepare message
P4-prepare2021/09/11 15:49:59.747269 /root/study/github_repository/qb/network/node.go:164: receive a prepare message
P4-commit2021/09/11 15:49:59.749845 /root/study/github_repository/qb/network/node.go:178: receive a commit message
P4-commit2021/09/11 15:49:59.752063 /root/study/github_repository/qb/network/node.go:178: receive a commit message
P4-commit2021/09/11 15:49:59.754280 /root/study/github_repository/qb/network/node.go:178: receive a commit message
P4-pre-prepare2021/09/11 15:50:09.254868 /root/study/github_repository/qb/network/node.go:150: receive a preprepare message
P4-prepare2021/09/11 15:50:09.256294 /root/study/github_repository/qb/network/node.go:164: receive a prepare message
P4-prepare2021/09/11 15:50:09.257658 /root/study/github_repository/qb/network/node.go:164: receive a prepare message
P4-commit2021/09/11 15:50:09.261156 /root/study/github_repository/qb/network/node.go:178: receive a commit message
P4-commit2021/09/11 15:50:09.261602 /root/study/github_repository/qb/network/node.go:178: receive a commit message
P4-commit2021/09/11 15:50:09.264857 /root/study/github_repository/qb/network/node.go:178: receive a commit message
P4-pre-prepare2021/09/11 15:50:10.863393 /root/study/github_repository/qb/network/node.go:150: receive a preprepare message
P4-prepare2021/09/11 15:50:10.866397 /root/study/github_repository/qb/network/node.go:164: receive a prepare message
P4-prepare2021/09/11 15:50:10.866787 /root/study/github_repository/qb/network/node.go:164: receive a prepare message
P4-commit2021/09/11 15:50:10.869643 /root/study/github_repository/qb/network/node.go:178: receive a commit message
P4-commit2021/09/11 15:50:10.871577 /root/study/github_repository/qb/network/node.go:178: receive a commit message
P4-commit2021/09/11 15:50:10.873697 /root/study/github_repository/qb/network/node.go:178: receive a commit message
P4-pre-prepare2021/09/11 15:50:12.465493 /root/study/github_repository/qb/network/node.go:150: receive a preprepare message
P4-prepare2021/09/11 15:50:12.469645 /root/study/github_repository/qb/network/node.go:164: receive a prepare message
P4-commit2021/09/11 15:50:12.471021 /root/study/github_repository/qb/network/node.go:178: receive a commit message
P4-prepare2021/09/11 15:50:12.471176 /root/study/github_repository/qb/network/node.go:164: receive a prepare message
P4-commit2021/09/11 15:50:12.473344 /root/study/github_repository/qb/network/node.go:178: receive a commit message
P4-commit2021/09/11 15:50:12.474691 /root/study/github_repository/qb/network/node.go:178: receive a commit message
P4-pre-prepare2021/09/11 15:50:14.109975 /root/study/github_repository/qb/network/node.go:150: receive a preprepare message
P4-prepare2021/09/11 15:50:14.111832 /root/study/github_repository/qb/network/node.go:164: receive a prepare message
P4-prepare2021/09/11 15:50:14.112397 /root/study/github_repository/qb/network/node.go:164: receive a prepare message
P4-commit2021/09/11 15:50:14.116613 /root/study/github_repository/qb/network/node.go:178: receive a commit message
P4-commit2021/09/11 15:50:14.119564 /root/study/github_repository/qb/network/node.go:178: receive a commit message
P4-commit2021/09/11 15:50:14.120353 /root/study/github_repository/qb/network/node.go:178: receive a commit message
