P2-pre-prepare2021/09/09 22:36:07.563233 /root/study/github_repository-master/qb/network/node.go:165: receive a preprepare message
P2-prepare2021/09/09 22:36:07.566807 /root/study/github_repository-master/qb/network/node.go:179: receive a prepare message
P2-prepare2021/09/09 22:36:07.568623 /root/study/github_repository-master/qb/network/node.go:179: receive a prepare message
P2-commit2021/09/09 22:36:07.568882 /root/study/github_repository-master/qb/network/node.go:193: receive a commit message
P2-commit2021/09/09 22:36:07.569724 /root/study/github_repository-master/qb/network/node.go:193: receive a commit message
P2-commit2021/09/09 22:36:07.572037 /root/study/github_repository-master/qb/network/node.go:193: receive a commit message
P2-pre-prepare2021/09/09 22:36:07.891845 /root/study/github_repository-master/qb/network/node.go:165: receive a preprepare message
P2-prepare2021/09/09 22:36:07.894202 /root/study/github_repository-master/qb/network/node.go:179: receive a prepare message
P2-commit2021/09/09 22:36:07.896163 /root/study/github_repository-master/qb/network/node.go:193: receive a commit message
P2-prepare2021/09/09 22:36:07.910154 /root/study/github_repository-master/qb/network/node.go:179: receive a prepare message
P2-commit2021/09/09 22:36:07.913175 /root/study/github_repository-master/qb/network/node.go:193: receive a commit message
P2-commit2021/09/09 22:36:08.283964 /root/study/github_repository-master/qb/network/node.go:193: receive a commit message
P2-pre-prepare2021/09/09 22:44:05.665861 /root/study/github_repository-master/qb/network/node.go:165: receive a preprepare message
P2-prepare2021/09/09 22:44:05.668625 /root/study/github_repository-master/qb/network/node.go:179: receive a prepare message
P2-prepare2021/09/09 22:44:05.670634 /root/study/github_repository-master/qb/network/node.go:179: receive a prepare message
P2-commit2021/09/09 22:44:05.671377 /root/study/github_repository-master/qb/network/node.go:193: receive a commit message
P2-commit2021/09/09 22:44:05.671468 /root/study/github_repository-master/qb/network/node.go:193: receive a commit message
P2-commit2021/09/09 22:44:05.673044 /root/study/github_repository-master/qb/network/node.go:193: receive a commit message
P2-pre-prepare2021/09/09 22:44:05.907296 /root/study/github_repository-master/qb/network/node.go:165: receive a preprepare message
P2-prepare2021/09/09 22:44:05.909738 /root/study/github_repository-master/qb/network/node.go:179: receive a prepare message
P2-prepare2021/09/09 22:44:05.910715 /root/study/github_repository-master/qb/network/node.go:179: receive a prepare message
P2-commit2021/09/09 22:44:05.914238 /root/study/github_repository-master/qb/network/node.go:193: receive a commit message
P2-commit2021/09/09 22:44:05.939276 /root/study/github_repository-master/qb/network/node.go:193: receive a commit message
P2-commit2021/09/09 22:44:05.939701 /root/study/github_repository-master/qb/network/node.go:193: receive a commit message
P2-pre-prepare2021/09/09 22:44:06.533534 /root/study/github_repository-master/qb/network/node.go:165: receive a preprepare message
P2-prepare2021/09/09 22:44:06.562989 /root/study/github_repository-master/qb/network/node.go:179: receive a prepare message
P2-prepare2021/09/09 22:44:06.563476 /root/study/github_repository-master/qb/network/node.go:179: receive a prepare message
P2-commit2021/09/09 22:44:06.564842 /root/study/github_repository-master/qb/network/node.go:193: receive a commit message
P2-[receive PrepareMsg]2021/09/09 22:44:06.564974 /root/study/github_repository-master/qb/network/node.go:501: Msgdelivery channel get a prepare message, and handle it
P2-commit2021/09/09 22:44:06.565506 /root/study/github_repository-master/qb/network/node.go:193: receive a commit message
P2-commit2021/09/09 22:44:06.566767 /root/study/github_repository-master/qb/network/node.go:193: receive a commit message
P2-pre-prepare2021/09/09 22:44:07.230104 /root/study/github_repository-master/qb/network/node.go:165: receive a preprepare message
P2-prepare2021/09/09 22:44:07.232712 /root/study/github_repository-master/qb/network/node.go:179: receive a prepare message
P2-prepare2021/09/09 22:44:07.236029 /root/study/github_repository-master/qb/network/node.go:179: receive a prepare message
P2-commit2021/09/09 22:44:07.237576 /root/study/github_repository-master/qb/network/node.go:193: receive a commit message
P2-commit2021/09/09 22:44:07.237652 /root/study/github_repository-master/qb/network/node.go:193: receive a commit message
P2-commit2021/09/09 22:44:07.371007 /root/study/github_repository-master/qb/network/node.go:193: receive a commit message
P2-pre-prepare2021/09/09 22:50:04.138495 /root/study/github_repository-master/qb/network/node.go:165: receive a preprepare message
P2-prepare2021/09/09 22:50:04.142731 /root/study/github_repository-master/qb/network/node.go:179: receive a prepare message
P2-prepare2021/09/09 22:50:04.142817 /root/study/github_repository-master/qb/network/node.go:179: receive a prepare message
P2-commit2021/09/09 22:50:04.145146 /root/study/github_repository-master/qb/network/node.go:193: receive a commit message
P2-commit2021/09/09 22:50:04.145208 /root/study/github_repository-master/qb/network/node.go:193: receive a commit message
P2-commit2021/09/09 22:50:04.146464 /root/study/github_repository-master/qb/network/node.go:193: receive a commit message
P2-pre-prepare2021/09/09 22:50:04.374749 /root/study/github_repository-master/qb/network/node.go:165: receive a preprepare message
P2-prepare2021/09/09 22:50:04.376499 /root/study/github_repository-master/qb/network/node.go:179: receive a prepare message
P2-prepare2021/09/09 22:50:04.376676 /root/study/github_repository-master/qb/network/node.go:179: receive a prepare message
P2-commit2021/09/09 22:50:04.378484 /root/study/github_repository-master/qb/network/node.go:193: receive a commit message
P2-commit2021/09/09 22:50:04.406619 /root/study/github_repository-master/qb/network/node.go:193: receive a commit message
P2-pre-prepare2021/09/09 22:50:04.626266 /root/study/github_repository-master/qb/network/node.go:165: receive a preprepare message
P2-prepare2021/09/09 22:50:04.648205 /root/study/github_repository-master/qb/network/node.go:179: receive a prepare message
P2-commit2021/09/09 22:50:04.665912 /root/study/github_repository-master/qb/network/node.go:193: receive a commit message
P2-prepare2021/09/09 22:50:04.667394 /root/study/github_repository-master/qb/network/node.go:179: receive a prepare message
P2-commit2021/09/09 22:50:04.669182 /root/study/github_repository-master/qb/network/node.go:193: receive a commit message
P2-pre-prepare2021/09/09 22:50:04.851280 /root/study/github_repository-master/qb/network/node.go:165: receive a preprepare message
P2-prepare2021/09/09 22:50:06.353513 /root/study/github_repository-master/qb/network/node.go:179: receive a prepare message
P2-commit2021/09/09 22:50:06.355526 /root/study/github_repository-master/qb/network/node.go:193: receive a commit message
P2-pre-prepare2021/09/09 22:53:14.304868 /root/study/github_repository-master/qb/network/node.go:165: receive a preprepare message
P2-prepare2021/09/09 22:53:14.308981 /root/study/github_repository-master/qb/network/node.go:179: receive a prepare message
P2-prepare2021/09/09 22:53:14.310530 /root/study/github_repository-master/qb/network/node.go:179: receive a prepare message
P2-commit2021/09/09 22:53:14.311396 /root/study/github_repository-master/qb/network/node.go:193: receive a commit message
P2-[receive PrepareMsg]2021/09/09 22:53:14.312884 /root/study/github_repository-master/qb/network/node.go:501: Msgdelivery channel get a prepare message, and handle it
P2-commit2021/09/09 22:53:14.313363 /root/study/github_repository-master/qb/network/node.go:193: receive a commit message
P2-commit2021/09/09 22:53:14.316075 /root/study/github_repository-master/qb/network/node.go:193: receive a commit message
P2-pre-prepare2021/09/09 22:53:14.905636 /root/study/github_repository-master/qb/network/node.go:165: receive a preprepare message
P2-prepare2021/09/09 22:53:14.908565 /root/study/github_repository-master/qb/network/node.go:179: receive a prepare message
P2-prepare2021/09/09 22:53:14.908850 /root/study/github_repository-master/qb/network/node.go:179: receive a prepare message
P2-commit2021/09/09 22:53:14.914627 /root/study/github_repository-master/qb/network/node.go:193: receive a commit message
P2-[receive PrepareMsg]2021/09/09 22:53:14.915968 /root/study/github_repository-master/qb/network/node.go:501: Msgdelivery channel get a prepare message, and handle it
P2-commit2021/09/09 22:53:14.917684 /root/study/github_repository-master/qb/network/node.go:193: receive a commit message
P2-commit2021/09/09 22:53:14.917748 /root/study/github_repository-master/qb/network/node.go:193: receive a commit message
P2-pre-prepare2021/09/09 22:53:15.503021 /root/study/github_repository-master/qb/network/node.go:165: receive a preprepare message
P2-prepare2021/09/09 22:53:15.507209 /root/study/github_repository-master/qb/network/node.go:179: receive a prepare message
P2-prepare2021/09/09 22:53:15.508801 /root/study/github_repository-master/qb/network/node.go:179: receive a prepare message
P2-commit2021/09/09 22:53:15.509680 /root/study/github_repository-master/qb/network/node.go:193: receive a commit message
P2-[receive PrepareMsg]2021/09/09 22:53:15.510899 /root/study/github_repository-master/qb/network/node.go:501: Msgdelivery channel get a prepare message, and handle it
P2-commit2021/09/09 22:53:15.511410 /root/study/github_repository-master/qb/network/node.go:193: receive a commit message
P2-pre-prepare2021/09/09 22:53:16.102718 /root/study/github_repository-master/qb/network/node.go:165: receive a preprepare message
P2-prepare2021/09/09 22:53:16.106071 /root/study/github_repository-master/qb/network/node.go:179: receive a prepare message
P2-commit2021/09/09 22:53:16.109170 /root/study/github_repository-master/qb/network/node.go:193: receive a commit message
P2-commit2021/09/09 22:53:16.126530 /root/study/github_repository-master/qb/network/node.go:193: receive a commit message
P2-prepare2021/09/09 22:53:16.174519 /root/study/github_repository-master/qb/network/node.go:179: receive a prepare message
P2-commit2021/09/09 22:53:16.176780 /root/study/github_repository-master/qb/network/node.go:193: receive a commit message
P2-pre-prepare2021/09/09 22:58:13.415184 /root/study/github_repository-master/qb/network/node.go:165: receive a preprepare message
P2-prepare2021/09/09 22:58:13.419619 /root/study/github_repository-master/qb/network/node.go:179: receive a prepare message
P2-prepare2021/09/09 22:58:13.420393 /root/study/github_repository-master/qb/network/node.go:179: receive a prepare message
P2-commit2021/09/09 22:58:13.422626 /root/study/github_repository-master/qb/network/node.go:193: receive a commit message
P2-[receive PrepareMsg]2021/09/09 22:58:13.424757 /root/study/github_repository-master/qb/network/node.go:501: Msgdelivery channel get a prepare message, and handle it
P2-commit2021/09/09 22:58:13.425464 /root/study/github_repository-master/qb/network/node.go:193: receive a commit message
P2-[receive CommitMsg]2021/09/09 22:58:13.426954 /root/study/github_repository-master/qb/network/node.go:512: Msgdelivery channel get a commit message, and handle it
P2-commit2021/09/09 22:58:13.427217 /root/study/github_repository-master/qb/network/node.go:193: receive a commit message
P2-pre-prepare2021/09/09 22:58:14.029496 /root/study/github_repository-master/qb/network/node.go:165: receive a preprepare message
P2-prepare2021/09/09 22:58:14.032635 /root/study/github_repository-master/qb/network/node.go:179: receive a prepare message
P2-prepare2021/09/09 22:58:14.035876 /root/study/github_repository-master/qb/network/node.go:179: receive a prepare message
P2-commit2021/09/09 22:58:14.036091 /root/study/github_repository-master/qb/network/node.go:193: receive a commit message
P2-commit2021/09/09 22:58:14.039902 /root/study/github_repository-master/qb/network/node.go:193: receive a commit message
P2-commit2021/09/09 22:58:14.039966 /root/study/github_repository-master/qb/network/node.go:193: receive a commit message
P2-pre-prepare2021/09/09 22:58:14.624148 /root/study/github_repository-master/qb/network/node.go:165: receive a preprepare message
P2-prepare2021/09/09 22:58:14.628381 /root/study/github_repository-master/qb/network/node.go:179: receive a prepare message
P2-prepare2021/09/09 22:58:14.629028 /root/study/github_repository-master/qb/network/node.go:179: receive a prepare message
P2-commit2021/09/09 22:58:14.631428 /root/study/github_repository-master/qb/network/node.go:193: receive a commit message
P2-[receive PrepareMsg]2021/09/09 22:58:14.632312 /root/study/github_repository-master/qb/network/node.go:501: Msgdelivery channel get a prepare message, and handle it
P2-commit2021/09/09 22:58:14.633246 /root/study/github_repository-master/qb/network/node.go:193: receive a commit message
P2-commit2021/09/09 22:58:14.635679 /root/study/github_repository-master/qb/network/node.go:193: receive a commit message
P2-pre-prepare2021/09/09 22:58:15.220246 /root/study/github_repository-master/qb/network/node.go:165: receive a preprepare message
P2-prepare2021/09/09 22:58:15.222187 /root/study/github_repository-master/qb/network/node.go:179: receive a prepare message
P2-prepare2021/09/09 22:58:15.222407 /root/study/github_repository-master/qb/network/node.go:179: receive a prepare message
P2-commit2021/09/09 22:58:15.241467 /root/study/github_repository-master/qb/network/node.go:193: receive a commit message
P2-commit2021/09/09 22:58:15.243826 /root/study/github_repository-master/qb/network/node.go:193: receive a commit message
P2-commit2021/09/09 22:58:15.245208 /root/study/github_repository-master/qb/network/node.go:193: receive a commit message
P2-pre-prepare2021/09/09 22:58:49.633953 /root/study/github_repository-master/qb/network/node.go:165: receive a preprepare message
P2-prepare2021/09/09 22:58:49.635959 /root/study/github_repository-master/qb/network/node.go:179: receive a prepare message
P2-prepare2021/09/09 22:58:49.636964 /root/study/github_repository-master/qb/network/node.go:179: receive a prepare message
P2-commit2021/09/09 22:58:49.639757 /root/study/github_repository-master/qb/network/node.go:193: receive a commit message
P2-commit2021/09/09 22:58:49.641890 /root/study/github_repository-master/qb/network/node.go:193: receive a commit message
P2-commit2021/09/09 22:58:49.644476 /root/study/github_repository-master/qb/network/node.go:193: receive a commit message
P2-pre-prepare2021/09/09 22:58:50.223365 /root/study/github_repository-master/qb/network/node.go:165: receive a preprepare message
P2-prepare2021/09/09 22:58:50.226204 /root/study/github_repository-master/qb/network/node.go:179: receive a prepare message
P2-prepare2021/09/09 22:58:50.230838 /root/study/github_repository-master/qb/network/node.go:179: receive a prepare message
P2-commit2021/09/09 22:58:50.232350 /root/study/github_repository-master/qb/network/node.go:193: receive a commit message
P2-commit2021/09/09 22:58:50.233887 /root/study/github_repository-master/qb/network/node.go:193: receive a commit message
P2-pre-prepare2021/09/09 22:58:50.821685 /root/study/github_repository-master/qb/network/node.go:165: receive a preprepare message
P2-commit2021/09/09 22:58:50.827542 /root/study/github_repository-master/qb/network/node.go:193: receive a commit message
P2-prepare2021/09/09 22:58:51.026553 /root/study/github_repository-master/qb/network/node.go:179: receive a prepare message
P2-commit2021/09/09 22:58:51.046314 /root/study/github_repository-master/qb/network/node.go:193: receive a commit message
P2-prepare2021/09/09 22:58:51.144755 /root/study/github_repository-master/qb/network/node.go:179: receive a prepare message
P2-commit2021/09/09 22:58:51.147930 /root/study/github_repository-master/qb/network/node.go:193: receive a commit message
P2-pre-prepare2021/09/09 22:58:51.419803 /root/study/github_repository-master/qb/network/node.go:165: receive a preprepare message
P2-prepare2021/09/09 22:58:53.028938 /root/study/github_repository-master/qb/network/node.go:179: receive a prepare message
P2-commit2021/09/09 22:58:53.031410 /root/study/github_repository-master/qb/network/node.go:193: receive a commit message
P2-pre-prepare2021/09/09 22:59:28.268030 /root/study/github_repository-master/qb/network/node.go:165: receive a preprepare message
P2-prepare2021/09/09 22:59:28.272408 /root/study/github_repository-master/qb/network/node.go:179: receive a prepare message
P2-prepare2021/09/09 22:59:28.273683 /root/study/github_repository-master/qb/network/node.go:179: receive a prepare message
P2-commit2021/09/09 22:59:28.275930 /root/study/github_repository-master/qb/network/node.go:193: receive a commit message
P2-commit2021/09/09 22:59:28.277780 /root/study/github_repository-master/qb/network/node.go:193: receive a commit message
P2-[receive CommitMsg]2021/09/09 22:59:28.278125 /root/study/github_repository-master/qb/network/node.go:512: Msgdelivery channel get a commit message, and handle it
P2-commit2021/09/09 22:59:28.278731 /root/study/github_repository-master/qb/network/node.go:193: receive a commit message
P2-pre-prepare2021/09/09 22:59:28.862053 /root/study/github_repository-master/qb/network/node.go:165: receive a preprepare message
P2-prepare2021/09/09 22:59:28.865837 /root/study/github_repository-master/qb/network/node.go:179: receive a prepare message
P2-prepare2021/09/09 22:59:28.866784 /root/study/github_repository-master/qb/network/node.go:179: receive a prepare message
P2-commit2021/09/09 22:59:28.870885 /root/study/github_repository-master/qb/network/node.go:193: receive a commit message
P2-commit2021/09/09 22:59:28.872423 /root/study/github_repository-master/qb/network/node.go:193: receive a commit message
P2-commit2021/09/09 22:59:28.875095 /root/study/github_repository-master/qb/network/node.go:193: receive a commit message
P2-pre-prepare2021/09/09 22:59:29.457309 /root/study/github_repository-master/qb/network/node.go:165: receive a preprepare message
P2-prepare2021/09/09 22:59:29.459153 /root/study/github_repository-master/qb/network/node.go:179: receive a prepare message
P2-prepare2021/09/09 22:59:29.460021 /root/study/github_repository-master/qb/network/node.go:179: receive a prepare message
P2-commit2021/09/09 22:59:29.463533 /root/study/github_repository-master/qb/network/node.go:193: receive a commit message
P2-commit2021/09/09 22:59:29.464956 /root/study/github_repository-master/qb/network/node.go:193: receive a commit message
P2-[receive CommitMsg]2021/09/09 22:59:29.465359 /root/study/github_repository-master/qb/network/node.go:512: Msgdelivery channel get a commit message, and handle it
P2-commit2021/09/09 22:59:30.019787 /root/study/github_repository-master/qb/network/node.go:193: receive a commit message
P2-prepare2021/09/09 22:59:30.069226 /root/study/github_repository-master/qb/network/node.go:179: receive a prepare message
P2-commit2021/09/09 22:59:30.098808 /root/study/github_repository-master/qb/network/node.go:193: receive a commit message
P2-commit2021/09/09 22:59:30.100930 /root/study/github_repository-master/qb/network/node.go:193: receive a commit message
P2-prepare2021/09/09 22:59:31.023311 /root/study/github_repository-master/qb/network/node.go:179: receive a prepare message
P2-pre-prepare2021/09/09 23:02:10.519527 /root/study/github_repository-master/qb/network/node.go:165: receive a preprepare message
P2-prepare2021/09/09 23:02:10.524718 /root/study/github_repository-master/qb/network/node.go:179: receive a prepare message
P2-prepare2021/09/09 23:02:10.525388 /root/study/github_repository-master/qb/network/node.go:179: receive a prepare message
P2-commit2021/09/09 23:02:10.527259 /root/study/github_repository-master/qb/network/node.go:193: receive a commit message
P2-[receive PrepareMsg]2021/09/09 23:02:10.528693 /root/study/github_repository-master/qb/network/node.go:501: Msgdelivery channel get a prepare message, and handle it
P2-commit2021/09/09 23:02:10.529185 /root/study/github_repository-master/qb/network/node.go:193: receive a commit message
P2-[receive CommitMsg]2021/09/09 23:02:10.530347 /root/study/github_repository-master/qb/network/node.go:512: Msgdelivery channel get a commit message, and handle it
P2-commit2021/09/09 23:02:10.531175 /root/study/github_repository-master/qb/network/node.go:193: receive a commit message
P2-pre-prepare2021/09/09 23:02:11.143495 /root/study/github_repository-master/qb/network/node.go:165: receive a preprepare message
P2-prepare2021/09/09 23:02:11.147230 /root/study/github_repository-master/qb/network/node.go:179: receive a prepare message
P2-prepare2021/09/09 23:02:11.149012 /root/study/github_repository-master/qb/network/node.go:179: receive a prepare message
P2-commit2021/09/09 23:02:11.151280 /root/study/github_repository-master/qb/network/node.go:193: receive a commit message
P2-[receive PrepareMsg]2021/09/09 23:02:11.151321 /root/study/github_repository-master/qb/network/node.go:501: Msgdelivery channel get a prepare message, and handle it
P2-commit2021/09/09 23:02:11.151975 /root/study/github_repository-master/qb/network/node.go:193: receive a commit message
P2-commit2021/09/09 23:02:11.154905 /root/study/github_repository-master/qb/network/node.go:193: receive a commit message
P2-pre-prepare2021/09/09 23:02:11.732634 /root/study/github_repository-master/qb/network/node.go:165: receive a preprepare message
P2-prepare2021/09/09 23:02:11.736139 /root/study/github_repository-master/qb/network/node.go:226: broadcast prepare message
P2-prepare2021/09/09 23:02:11.736141 /root/study/github_repository-master/qb/network/node.go:179: receive a prepare message
P2-prepare2021/09/09 23:02:11.738749 /root/study/github_repository-master/qb/network/node.go:179: receive a prepare message
P2-commit2021/09/09 23:02:11.740427 /root/study/github_repository-master/qb/network/node.go:193: receive a commit message
P2-commit2021/09/09 23:02:11.740573 /root/study/github_repository-master/qb/network/node.go:193: receive a commit message
P2-pre-prepare2021/09/09 23:02:12.325361 /root/study/github_repository-master/qb/network/node.go:165: receive a preprepare message
P2-prepare2021/09/09 23:02:12.327790 /root/study/github_repository-master/qb/network/node.go:179: receive a prepare message
P2-commit2021/09/09 23:02:12.349577 /root/study/github_repository-master/qb/network/node.go:193: receive a commit message
P2-commit2021/09/09 23:02:12.350039 /root/study/github_repository-master/qb/network/node.go:193: receive a commit message
P2-commit2021/09/09 23:02:12.350499 /root/study/github_repository-master/qb/network/node.go:193: receive a commit message
P2-prepare2021/09/09 23:02:12.708704 /root/study/github_repository-master/qb/network/node.go:179: receive a prepare message
P2-pre-prepare2021/09/09 23:09:18.974558 /root/study/github_repository-master/qb/network/node.go:165: receive a preprepare message
P2-prepare2021/09/09 23:09:18.976243 /root/study/github_repository-master/qb/network/node.go:179: receive a prepare message
P2-prepare2021/09/09 23:09:18.977557 /root/study/github_repository-master/qb/network/node.go:179: receive a prepare message
P2-commit2021/09/09 23:09:18.981442 /root/study/github_repository-master/qb/network/node.go:193: receive a commit message
P2-commit2021/09/09 23:09:18.982032 /root/study/github_repository-master/qb/network/node.go:193: receive a commit message
P2-commit2021/09/09 23:09:18.984826 /root/study/github_repository-master/qb/network/node.go:193: receive a commit message
P2-pre-prepare2021/09/09 23:09:19.571111 /root/study/github_repository-master/qb/network/node.go:165: receive a preprepare message
P2-prepare2021/09/09 23:09:19.573956 /root/study/github_repository-master/qb/network/node.go:179: receive a prepare message
P2-prepare2021/09/09 23:09:19.574244 /root/study/github_repository-master/qb/network/node.go:179: receive a prepare message
P2-commit2021/09/09 23:09:19.577321 /root/study/github_repository-master/qb/network/node.go:193: receive a commit message
P2-commit2021/09/09 23:09:19.577364 /root/study/github_repository-master/qb/network/node.go:193: receive a commit message
P2-commit2021/09/09 23:09:19.582672 /root/study/github_repository-master/qb/network/node.go:371: [get a commit message,but don't put it into channel]
P2-commit2021/09/09 23:09:19.582673 /root/study/github_repository-master/qb/network/node.go:193: receive a commit message
P2-pre-prepare2021/09/09 23:09:20.172580 /root/study/github_repository-master/qb/network/node.go:165: receive a preprepare message
P2-prepare2021/09/09 23:09:20.175873 /root/study/github_repository-master/qb/network/node.go:179: receive a prepare message
P2-prepare2021/09/09 23:09:20.176066 /root/study/github_repository-master/qb/network/node.go:179: receive a prepare message
P2-commit2021/09/09 23:09:20.179430 /root/study/github_repository-master/qb/network/node.go:193: receive a commit message
P2-commit2021/09/09 23:09:20.193734 /root/study/github_repository-master/qb/network/node.go:193: receive a commit message
P2-commit2021/09/09 23:09:20.193800 /root/study/github_repository-master/qb/network/node.go:193: receive a commit message
P2-pre-prepare2021/09/09 23:09:20.778902 /root/study/github_repository-master/qb/network/node.go:165: receive a preprepare message
P2-prepare2021/09/09 23:09:20.781867 /root/study/github_repository-master/qb/network/node.go:179: receive a prepare message
P2-prepare2021/09/09 23:09:20.782409 /root/study/github_repository-master/qb/network/node.go:179: receive a prepare message
P2-commit2021/09/09 23:09:20.785270 /root/study/github_repository-master/qb/network/node.go:193: receive a commit message
P2-commit2021/09/09 23:09:20.785529 /root/study/github_repository-master/qb/network/node.go:193: receive a commit message
P2-commit2021/09/09 23:09:20.786440 /root/study/github_repository-master/qb/network/node.go:193: receive a commit message
