P4-[get prepareMsg]2021/09/09 16:37:14.024110 /root/study/github_repository/qb/network/node.go:587: put prepare message into broadcast channel
P4-[receive PrePrepareMsg]2021/09/09 16:37:14.024127 /root/study/github_repository/qb/network/node.go:500: Msgdelivery channel get a preprepare, and handle it
P4-[get commitMsg]2021/09/09 16:37:14.025968 /root/study/github_repository/qb/network/node.go:619: put commit message into broadcast channel
P4-[pbft.CommitMsg]2021/09/09 16:37:14.028436 /root/study/github_repository/qb/network/node.go:389: [put commit message into MsgDelivery channel]
P4-[pbft.CommitMsg]2021/09/09 16:37:14.028770 /root/study/github_repository/qb/network/node.go:389: [put commit message into MsgDelivery channel]
P4-[get replyMsg]2021/09/09 16:37:14.029927 /root/study/github_repository/qb/network/node.go:652: put reply message into broadcast channel
P4-[receive CommitMsg]2021/09/09 16:37:14.029974 /root/study/github_repository/qb/network/node.go:522: Msgdelivery channel get a commit message, and handle it
P4-[pbft.CommitMsg]2021/09/09 16:37:14.030290 /root/study/github_repository/qb/network/node.go:389: [put commit message into MsgDelivery channel]
P4-[receive CommitMsg]2021/09/09 16:37:14.031063 /root/study/github_repository/qb/network/node.go:522: Msgdelivery channel get a commit message, and handle it
P4-[get prepareMsg]2021/09/09 16:39:55.693246 /root/study/github_repository/qb/network/node.go:587: put prepare message into broadcast channel
P4-[receive PrePrepareMsg]2021/09/09 16:39:55.693279 /root/study/github_repository/qb/network/node.go:500: Msgdelivery channel get a preprepare, and handle it
P4-[get commitMsg]2021/09/09 16:39:55.695431 /root/study/github_repository/qb/network/node.go:619: put commit message into broadcast channel
P4-[get replyMsg]2021/09/09 16:39:55.699742 /root/study/github_repository/qb/network/node.go:652: put reply message into broadcast channel
P4-[pbft.CommitMsg]2021/09/09 16:39:55.700443 /root/study/github_repository/qb/network/node.go:389: [put commit message into MsgDelivery channel]
P4-[get prepareMsg]2021/09/09 18:53:50.483277 /root/study/github_repository/qb/network/node.go:587: put prepare message into broadcast channel
P4-[receive PrePrepareMsg]2021/09/09 18:53:50.483300 /root/study/github_repository/qb/network/node.go:500: Msgdelivery channel get a preprepare, and handle it
P4-[get commitMsg]2021/09/09 18:53:50.486779 /root/study/github_repository/qb/network/node.go:619: put commit message into broadcast channel
P4-[receive PrepareMsg]2021/09/09 18:53:50.486792 /root/study/github_repository/qb/network/node.go:511: Msgdelivery channel get a prepare message, and handle it
P4-[pbft.PrepareMsg]2021/09/09 18:53:50.487387 /root/study/github_repository/qb/network/node.go:374: [put prepare message into MsgDelivery channel]
P4-[pbft.CommitMsg]2021/09/09 18:53:50.488223 /root/study/github_repository/qb/network/node.go:389: [put commit message into MsgDelivery channel]
P4-[pbft.CommitMsg]2021/09/09 18:53:50.488640 /root/study/github_repository/qb/network/node.go:389: [put commit message into MsgDelivery channel]
P4-[get replyMsg]2021/09/09 18:53:50.489680 /root/study/github_repository/qb/network/node.go:652: put reply message into broadcast channel
P4-[receive CommitMsg]2021/09/09 18:53:50.489711 /root/study/github_repository/qb/network/node.go:522: Msgdelivery channel get a commit message, and handle it
P4-[pbft.CommitMsg]2021/09/09 18:53:50.489811 /root/study/github_repository/qb/network/node.go:389: [put commit message into MsgDelivery channel]
P4-[get prepareMsg]2021/09/09 18:53:50.816398 /root/study/github_repository/qb/network/node.go:587: put prepare message into broadcast channel
P4-[receive PrePrepareMsg]2021/09/09 18:53:50.816410 /root/study/github_repository/qb/network/node.go:500: Msgdelivery channel get a preprepare, and handle it
P4-[get commitMsg]2021/09/09 18:53:50.817787 /root/study/github_repository/qb/network/node.go:619: put commit message into broadcast channel
P4-[pbft.PrepareMsg]2021/09/09 18:53:50.818747 /root/study/github_repository/qb/network/node.go:374: [put prepare message into MsgDelivery channel]
P4-[receive CommitMsg]2021/09/09 18:53:50.820210 /root/study/github_repository/qb/network/node.go:522: Msgdelivery channel get a commit message, and handle it
P4-[pbft.CommitMsg]2021/09/09 18:53:50.820224 /root/study/github_repository/qb/network/node.go:389: [put commit message into MsgDelivery channel]
P4-[get replyMsg]2021/09/09 18:53:50.821161 /root/study/github_repository/qb/network/node.go:652: put reply message into broadcast channel
P4-[pbft.CommitMsg]2021/09/09 18:53:50.846435 /root/study/github_repository/qb/network/node.go:389: [put commit message into MsgDelivery channel]
P4-[receive CommitMsg]2021/09/09 18:53:50.847267 /root/study/github_repository/qb/network/node.go:522: Msgdelivery channel get a commit message, and handle it
P4-[get prepareMsg]2021/09/09 18:58:59.862578 /root/study/github_repository/qb/network/node.go:587: put prepare message into broadcast channel
P4-[receive PrePrepareMsg]2021/09/09 18:58:59.862611 /root/study/github_repository/qb/network/node.go:500: Msgdelivery channel get a preprepare, and handle it
P4-[get commitMsg]2021/09/09 18:58:59.864457 /root/study/github_repository/qb/network/node.go:619: put commit message into broadcast channel
P4-[pbft.CommitMsg]2021/09/09 18:58:59.882520 /root/study/github_repository/qb/network/node.go:389: [put commit message into MsgDelivery channel]
P4-[get replyMsg]2021/09/09 18:58:59.884073 /root/study/github_repository/qb/network/node.go:652: put reply message into broadcast channel
P4-[receive CommitMsg]2021/09/09 18:58:59.884090 /root/study/github_repository/qb/network/node.go:522: Msgdelivery channel get a commit message, and handle it
P4-[pbft.CommitMsg]2021/09/09 18:58:59.884487 /root/study/github_repository/qb/network/node.go:389: [put commit message into MsgDelivery channel]
P4-[receive CommitMsg]2021/09/09 18:58:59.885269 /root/study/github_repository/qb/network/node.go:522: Msgdelivery channel get a commit message, and handle it
P4-[get prepareMsg]2021/09/09 19:00:12.960014 /root/study/github_repository/qb/network/node.go:587: put prepare message into broadcast channel
P4-[receive PrePrepareMsg]2021/09/09 19:00:12.960026 /root/study/github_repository/qb/network/node.go:500: Msgdelivery channel get a preprepare, and handle it
P4-[get commitMsg]2021/09/09 19:00:12.961645 /root/study/github_repository/qb/network/node.go:619: put commit message into broadcast channel
P4-[pbft.CommitMsg]2021/09/09 19:00:12.963633 /root/study/github_repository/qb/network/node.go:389: [put commit message into MsgDelivery channel]
P4-[pbft.CommitMsg]2021/09/09 19:00:12.964754 /root/study/github_repository/qb/network/node.go:389: [put commit message into MsgDelivery channel]
P4-[get replyMsg]2021/09/09 19:00:12.965360 /root/study/github_repository/qb/network/node.go:652: put reply message into broadcast channel
P4-[receive CommitMsg]2021/09/09 19:00:12.965388 /root/study/github_repository/qb/network/node.go:522: Msgdelivery channel get a commit message, and handle it
P4-[pbft.CommitMsg]2021/09/09 19:00:12.965866 /root/study/github_repository/qb/network/node.go:389: [put commit message into MsgDelivery channel]
P4-[receive CommitMsg]2021/09/09 19:00:12.966472 /root/study/github_repository/qb/network/node.go:522: Msgdelivery channel get a commit message, and handle it
P4-[get prepareMsg]2021/09/09 19:00:13.282315 /root/study/github_repository/qb/network/node.go:587: put prepare message into broadcast channel
P4-[receive PrePrepareMsg]2021/09/09 19:00:13.282342 /root/study/github_repository/qb/network/node.go:500: Msgdelivery channel get a preprepare, and handle it
P4-[get commitMsg]2021/09/09 19:00:13.284333 /root/study/github_repository/qb/network/node.go:619: put commit message into broadcast channel
P4-[receive PrepareMsg]2021/09/09 19:00:13.285365 /root/study/github_repository/qb/network/node.go:511: Msgdelivery channel get a prepare message, and handle it
P4-[receive CommitMsg]2021/09/09 19:00:13.286786 /root/study/github_repository/qb/network/node.go:522: Msgdelivery channel get a commit message, and handle it
P4-[get replyMsg]2021/09/09 19:00:13.323237 /root/study/github_repository/qb/network/node.go:652: put reply message into broadcast channel
P4-[receive CommitMsg]2021/09/09 19:00:13.323266 /root/study/github_repository/qb/network/node.go:522: Msgdelivery channel get a commit message, and handle it
P4-[get prepareMsg]2021/09/09 19:11:46.705037 /root/study/github_repository/qb/network/node.go:587: put prepare message into broadcast channel
P4-[receive PrePrepareMsg]2021/09/09 19:11:46.705048 /root/study/github_repository/qb/network/node.go:500: Msgdelivery channel get a preprepare, and handle it
P4-[get commitMsg]2021/09/09 19:11:46.707267 /root/study/github_repository/qb/network/node.go:619: put commit message into broadcast channel
P4-[pbft.PrepareMsg]2021/09/09 19:11:46.707801 /root/study/github_repository/qb/network/node.go:374: [put prepare message into MsgDelivery channel]
P4-[pbft.CommitMsg]2021/09/09 19:11:46.708739 /root/study/github_repository/qb/network/node.go:389: [put commit message into MsgDelivery channel]
P4-[receive CommitMsg]2021/09/09 19:11:46.709196 /root/study/github_repository/qb/network/node.go:522: Msgdelivery channel get a commit message, and handle it
P4-[pbft.CommitMsg]2021/09/09 19:11:46.709716 /root/study/github_repository/qb/network/node.go:389: [put commit message into MsgDelivery channel]
P4-[get replyMsg]2021/09/09 19:11:46.710894 /root/study/github_repository/qb/network/node.go:652: put reply message into broadcast channel
P4-[receive CommitMsg]2021/09/09 19:11:46.710922 /root/study/github_repository/qb/network/node.go:522: Msgdelivery channel get a commit message, and handle it
P4-[pbft.CommitMsg]2021/09/09 19:11:46.711067 /root/study/github_repository/qb/network/node.go:389: [put commit message into MsgDelivery channel]
P4-[receive CommitMsg]2021/09/09 19:11:46.712034 /root/study/github_repository/qb/network/node.go:522: Msgdelivery channel get a commit message, and handle it
P4-[get prepareMsg]2021/09/09 19:11:47.046339 /root/study/github_repository/qb/network/node.go:587: put prepare message into broadcast channel
P4-[receive PrePrepareMsg]2021/09/09 19:11:47.046352 /root/study/github_repository/qb/network/node.go:500: Msgdelivery channel get a preprepare, and handle it
P4-[get commitMsg]2021/09/09 19:11:47.405583 /root/study/github_repository/qb/network/node.go:619: put commit message into broadcast channel
P4-[receive PrepareMsg]2021/09/09 19:11:47.406428 /root/study/github_repository/qb/network/node.go:511: Msgdelivery channel get a prepare message, and handle it
P4-[get replyMsg]2021/09/09 19:11:48.407072 /root/study/github_repository/qb/network/node.go:652: put reply message into broadcast channel
P4-[receive CommitMsg]2021/09/09 19:11:48.407846 /root/study/github_repository/qb/network/node.go:522: Msgdelivery channel get a commit message, and handle it
P4-[get prepareMsg]2021/09/09 19:13:17.658691 /root/study/github_repository/qb/network/node.go:587: put prepare message into broadcast channel
P4-[receive PrePrepareMsg]2021/09/09 19:13:17.658724 /root/study/github_repository/qb/network/node.go:500: Msgdelivery channel get a preprepare, and handle it
P4-[get commitMsg]2021/09/09 19:13:17.660184 /root/study/github_repository/qb/network/node.go:619: put commit message into broadcast channel
P4-[get prepareMsg]2021/09/09 19:14:36.464857 /root/study/github_repository/qb/network/node.go:587: put prepare message into broadcast channel
P4-[receive PrePrepareMsg]2021/09/09 19:14:36.464869 /root/study/github_repository/qb/network/node.go:500: Msgdelivery channel get a preprepare, and handle it
P4-[get commitMsg]2021/09/09 19:14:36.466293 /root/study/github_repository/qb/network/node.go:619: put commit message into broadcast channel
P4-[pbft.PrepareMsg]2021/09/09 19:14:36.469239 /root/study/github_repository/qb/network/node.go:374: [put prepare message into MsgDelivery channel]
P4-[pbft.CommitMsg]2021/09/09 19:14:36.471058 /root/study/github_repository/qb/network/node.go:389: [put commit message into MsgDelivery channel]
P4-[get replyMsg]2021/09/09 19:14:36.471523 /root/study/github_repository/qb/network/node.go:652: put reply message into broadcast channel
P4-[receive CommitMsg]2021/09/09 19:14:36.471554 /root/study/github_repository/qb/network/node.go:522: Msgdelivery channel get a commit message, and handle it
P4-[pbft.CommitMsg]2021/09/09 19:14:36.471787 /root/study/github_repository/qb/network/node.go:389: [put commit message into MsgDelivery channel]
P4-[receive CommitMsg]2021/09/09 19:14:36.472368 /root/study/github_repository/qb/network/node.go:522: Msgdelivery channel get a commit message, and handle it
P4-[get prepareMsg]2021/09/09 19:14:36.821533 /root/study/github_repository/qb/network/node.go:587: put prepare message into broadcast channel
P4-[receive PrePrepareMsg]2021/09/09 19:14:36.821577 /root/study/github_repository/qb/network/node.go:500: Msgdelivery channel get a preprepare, and handle it
P4-[get commitMsg]2021/09/09 19:14:37.050803 /root/study/github_repository/qb/network/node.go:619: put commit message into broadcast channel
P4-[receive PrepareMsg]2021/09/09 19:14:37.051509 /root/study/github_repository/qb/network/node.go:511: Msgdelivery channel get a prepare message, and handle it
P4-[get replyMsg]2021/09/09 19:14:37.160363 /root/study/github_repository/qb/network/node.go:652: put reply message into broadcast channel
P4-[receive CommitMsg]2021/09/09 19:14:37.160405 /root/study/github_repository/qb/network/node.go:522: Msgdelivery channel get a commit message, and handle it
P4-[get prepareMsg]2021/09/09 19:15:29.653621 /root/study/github_repository/qb/network/node.go:587: put prepare message into broadcast channel
P4-[receive PrePrepareMsg]2021/09/09 19:15:29.653646 /root/study/github_repository/qb/network/node.go:500: Msgdelivery channel get a preprepare, and handle it
P4-[get commitMsg]2021/09/09 19:15:29.656140 /root/study/github_repository/qb/network/node.go:619: put commit message into broadcast channel
P4-[pbft.CommitMsg]2021/09/09 19:15:29.657555 /root/study/github_repository/qb/network/node.go:389: [put commit message into MsgDelivery channel]
P4-[pbft.CommitMsg]2021/09/09 19:15:29.658676 /root/study/github_repository/qb/network/node.go:389: [put commit message into MsgDelivery channel]
P4-[get replyMsg]2021/09/09 19:15:29.659428 /root/study/github_repository/qb/network/node.go:652: put reply message into broadcast channel
P4-[receive CommitMsg]2021/09/09 19:15:29.659459 /root/study/github_repository/qb/network/node.go:522: Msgdelivery channel get a commit message, and handle it
P4-[pbft.CommitMsg]2021/09/09 19:15:29.659765 /root/study/github_repository/qb/network/node.go:389: [put commit message into MsgDelivery channel]
P4-[get prepareMsg]2021/09/09 19:15:29.981029 /root/study/github_repository/qb/network/node.go:587: put prepare message into broadcast channel
P4-[receive PrePrepareMsg]2021/09/09 19:15:29.981061 /root/study/github_repository/qb/network/node.go:500: Msgdelivery channel get a preprepare, and handle it
P4-[get commitMsg]2021/09/09 19:15:29.984112 /root/study/github_repository/qb/network/node.go:619: put commit message into broadcast channel
P4-[receive PrepareMsg]2021/09/09 19:15:29.984126 /root/study/github_repository/qb/network/node.go:511: Msgdelivery channel get a prepare message, and handle it
P4-[pbft.PrepareMsg]2021/09/09 19:15:29.984562 /root/study/github_repository/qb/network/node.go:374: [put prepare message into MsgDelivery channel]
P4-[pbft.CommitMsg]2021/09/09 19:15:29.985589 /root/study/github_repository/qb/network/node.go:389: [put commit message into MsgDelivery channel]
P4-[pbft.CommitMsg]2021/09/09 19:15:29.986838 /root/study/github_repository/qb/network/node.go:389: [put commit message into MsgDelivery channel]
P4-[get replyMsg]2021/09/09 19:15:29.986895 /root/study/github_repository/qb/network/node.go:652: put reply message into broadcast channel
P4-[pbft.CommitMsg]2021/09/09 19:15:30.014881 /root/study/github_repository/qb/network/node.go:389: [put commit message into MsgDelivery channel]
P4-[receive CommitMsg]2021/09/09 19:15:30.015267 /root/study/github_repository/qb/network/node.go:522: Msgdelivery channel get a commit message, and handle it
P4-[get prepareMsg]2021/09/09 19:16:46.488568 /root/study/github_repository/qb/network/node.go:587: put prepare message into broadcast channel
P4-[receive PrePrepareMsg]2021/09/09 19:16:46.488603 /root/study/github_repository/qb/network/node.go:500: Msgdelivery channel get a preprepare, and handle it
P4-[get commitMsg]2021/09/09 19:16:46.490674 /root/study/github_repository/qb/network/node.go:619: put commit message into broadcast channel
P4-[pbft.PrepareMsg]2021/09/09 19:16:46.491085 /root/study/github_repository/qb/network/node.go:374: [put prepare message into MsgDelivery channel]
P4-[receive PrepareMsg]2021/09/09 19:16:46.491919 /root/study/github_repository/qb/network/node.go:511: Msgdelivery channel get a prepare message, and handle it
P4-[get replyMsg]2021/09/09 19:16:46.494368 /root/study/github_repository/qb/network/node.go:652: put reply message into broadcast channel
P4-[pbft.CommitMsg]2021/09/09 19:16:46.494378 /root/study/github_repository/qb/network/node.go:389: [put commit message into MsgDelivery channel]
P4-[get prepareMsg]2021/09/09 19:16:46.823899 /root/study/github_repository/qb/network/node.go:189: receive a prepare message
P4-[pbft.PrepareMsg]2021/09/09 19:16:46.824273 /root/study/github_repository/qb/network/node.go:374: [put prepare message into MsgDelivery channel]
P4-[get commitMsg]2021/09/09 19:16:46.825577 /root/study/github_repository/qb/network/node.go:619: put commit message into broadcast channel
P4-[receive CommitMsg]2021/09/09 19:16:46.827124 /root/study/github_repository/qb/network/node.go:522: Msgdelivery channel get a commit message, and handle it
P4-[get replyMsg]2021/09/09 19:16:46.828253 /root/study/github_repository/qb/network/node.go:652: put reply message into broadcast channel
P4-[get prepareMsg]2021/09/09 19:17:07.329695 /root/study/github_repository/qb/network/node.go:587: put prepare message into broadcast channel
P4-[receive PrePrepareMsg]2021/09/09 19:17:07.329720 /root/study/github_repository/qb/network/node.go:500: Msgdelivery channel get a preprepare, and handle it
P4-[get commitMsg]2021/09/09 19:17:07.332644 /root/study/github_repository/qb/network/node.go:619: put commit message into broadcast channel
P4-[receive PrepareMsg]2021/09/09 19:17:07.332662 /root/study/github_repository/qb/network/node.go:511: Msgdelivery channel get a prepare message, and handle it
P4-[pbft.PrepareMsg]2021/09/09 19:17:07.332938 /root/study/github_repository/qb/network/node.go:374: [put prepare message into MsgDelivery channel]
P4-[receive CommitMsg]2021/09/09 19:17:07.334935 /root/study/github_repository/qb/network/node.go:522: Msgdelivery channel get a commit message, and handle it
P4-[pbft.CommitMsg]2021/09/09 19:17:07.334952 /root/study/github_repository/qb/network/node.go:389: [put commit message into MsgDelivery channel]
P4-[get replyMsg]2021/09/09 19:17:07.336313 /root/study/github_repository/qb/network/node.go:652: put reply message into broadcast channel
P4-[receive CommitMsg]2021/09/09 19:17:07.336349 /root/study/github_repository/qb/network/node.go:522: Msgdelivery channel get a commit message, and handle it
P4-[pbft.CommitMsg]2021/09/09 19:17:07.336760 /root/study/github_repository/qb/network/node.go:389: [put commit message into MsgDelivery channel]
P4-[receive CommitMsg]2021/09/09 19:17:07.337365 /root/study/github_repository/qb/network/node.go:522: Msgdelivery channel get a commit message, and handle it
P4-[get prepareMsg]2021/09/09 19:17:07.675924 /root/study/github_repository/qb/network/node.go:587: put prepare message into broadcast channel
P4-[receive PrePrepareMsg]2021/09/09 19:17:07.675948 /root/study/github_repository/qb/network/node.go:500: Msgdelivery channel get a preprepare, and handle it
P4-[get commitMsg]2021/09/09 19:17:07.677459 /root/study/github_repository/qb/network/node.go:619: put commit message into broadcast channel
P4-[receive PrepareMsg]2021/09/09 19:17:07.678510 /root/study/github_repository/qb/network/node.go:511: Msgdelivery channel get a prepare message, and handle it
P4-[pbft.PrepareMsg]2021/09/09 19:17:07.678524 /root/study/github_repository/qb/network/node.go:374: [put prepare message into MsgDelivery channel]
P4-[receive CommitMsg]2021/09/09 19:17:07.679980 /root/study/github_repository/qb/network/node.go:522: Msgdelivery channel get a commit message, and handle it
P4-[get replyMsg]2021/09/09 19:17:07.682470 /root/study/github_repository/qb/network/node.go:652: put reply message into broadcast channel
P4-[get prepareMsg]2021/09/09 19:18:27.600687 /root/study/github_repository/qb/network/node.go:587: put prepare message into broadcast channel
P4-[receive PrePrepareMsg]2021/09/09 19:18:27.600728 /root/study/github_repository/qb/network/node.go:500: Msgdelivery channel get a preprepare, and handle it
P4-[pbft.PrepareMsg]2021/09/09 19:18:27.600974 /root/study/github_repository/qb/network/node.go:374: [put prepare message into MsgDelivery channel]
P4-[get commitMsg]2021/09/09 19:18:27.602067 /root/study/github_repository/qb/network/node.go:619: put commit message into broadcast channel
P4-[receive PrepareMsg]2021/09/09 19:18:27.602092 /root/study/github_repository/qb/network/node.go:511: Msgdelivery channel get a prepare message, and handle it
P4-[pbft.PrepareMsg]2021/09/09 19:18:27.602441 /root/study/github_repository/qb/network/node.go:374: [put prepare message into MsgDelivery channel]
P4-[receive PrepareMsg]2021/09/09 19:18:27.602905 /root/study/github_repository/qb/network/node.go:511: Msgdelivery channel get a prepare message, and handle it
P4-[receive CommitMsg]2021/09/09 19:18:27.604642 /root/study/github_repository/qb/network/node.go:522: Msgdelivery channel get a commit message, and handle it
P4-[get replyMsg]2021/09/09 19:18:27.605830 /root/study/github_repository/qb/network/node.go:652: put reply message into broadcast channel
P4-[receive CommitMsg]2021/09/09 19:18:27.605858 /root/study/github_repository/qb/network/node.go:522: Msgdelivery channel get a commit message, and handle it
P4-[get prepareMsg]2021/09/09 19:18:27.912881 /root/study/github_repository/qb/network/node.go:587: put prepare message into broadcast channel
P4-[receive PrePrepareMsg]2021/09/09 19:18:27.912891 /root/study/github_repository/qb/network/node.go:500: Msgdelivery channel get a preprepare, and handle it
P4-[get commitMsg]2021/09/09 19:18:27.917000 /root/study/github_repository/qb/network/node.go:619: put commit message into broadcast channel
P4-[receive PrepareMsg]2021/09/09 19:18:27.917014 /root/study/github_repository/qb/network/node.go:511: Msgdelivery channel get a prepare message, and handle it
P4-[pbft.PrepareMsg]2021/09/09 19:18:27.917481 /root/study/github_repository/qb/network/node.go:374: [put prepare message into MsgDelivery channel]
P4-[pbft.CommitMsg]2021/09/09 19:18:27.918994 /root/study/github_repository/qb/network/node.go:389: [put commit message into MsgDelivery channel]
P4-[get replyMsg]2021/09/09 19:18:27.920014 /root/study/github_repository/qb/network/node.go:652: put reply message into broadcast channel
P4-[receive CommitMsg]2021/09/09 19:18:27.920030 /root/study/github_repository/qb/network/node.go:522: Msgdelivery channel get a commit message, and handle it
P4-[pbft.CommitMsg]2021/09/09 19:18:27.920305 /root/study/github_repository/qb/network/node.go:389: [put commit message into MsgDelivery channel]
P4-[receive CommitMsg]2021/09/09 19:18:27.920840 /root/study/github_repository/qb/network/node.go:522: Msgdelivery channel get a commit message, and handle it
P4-[get prepareMsg]2021/09/09 19:39:13.852059 /root/study/github_repository/qb/network/node.go:587: put prepare message into broadcast channel
P4-[receive PrePrepareMsg]2021/09/09 19:39:13.852071 /root/study/github_repository/qb/network/node.go:500: Msgdelivery channel get a preprepare, and handle it
P4-[pbft.PrepareMsg]2021/09/09 19:39:13.852470 /root/study/github_repository/qb/network/node.go:374: [put prepare message into MsgDelivery channel]
P4-[get commitMsg]2021/09/09 19:39:13.853476 /root/study/github_repository/qb/network/node.go:619: put commit message into broadcast channel
P4-[receive CommitMsg]2021/09/09 19:39:13.856798 /root/study/github_repository/qb/network/node.go:522: Msgdelivery channel get a commit message, and handle it
P4-[get replyMsg]2021/09/09 19:39:13.858967 /root/study/github_repository/qb/network/node.go:652: put reply message into broadcast channel
P4-[receive CommitMsg]2021/09/09 19:39:13.859005 /root/study/github_repository/qb/network/node.go:522: Msgdelivery channel get a commit message, and handle it
P4-[pbft.CommitMsg]2021/09/09 19:39:13.859571 /root/study/github_repository/qb/network/node.go:389: [put commit message into MsgDelivery channel]
P4-[receive CommitMsg]2021/09/09 19:39:13.859992 /root/study/github_repository/qb/network/node.go:522: Msgdelivery channel get a commit message, and handle it
P4-[get prepareMsg]2021/09/09 19:39:14.226332 /root/study/github_repository/qb/network/node.go:587: put prepare message into broadcast channel
P4-[receive PrePrepareMsg]2021/09/09 19:39:14.226351 /root/study/github_repository/qb/network/node.go:500: Msgdelivery channel get a preprepare, and handle it
P4-[get commitMsg]2021/09/09 19:39:14.228079 /root/study/github_repository/qb/network/node.go:619: put commit message into broadcast channel
P4-[receive PrepareMsg]2021/09/09 19:39:14.228104 /root/study/github_repository/qb/network/node.go:511: Msgdelivery channel get a prepare message, and handle it
P4-[pbft.PrepareMsg]2021/09/09 19:39:14.228871 /root/study/github_repository/qb/network/node.go:374: [put prepare message into MsgDelivery channel]
P4-[pbft.CommitMsg]2021/09/09 19:39:14.229082 /root/study/github_repository/qb/network/node.go:389: [put commit message into MsgDelivery channel]
P4-[receive CommitMsg]2021/09/09 19:39:14.229848 /root/study/github_repository/qb/network/node.go:522: Msgdelivery channel get a commit message, and handle it
P4-[get replyMsg]2021/09/09 19:39:14.263393 /root/study/github_repository/qb/network/node.go:652: put reply message into broadcast channel
P4-[receive CommitMsg]2021/09/09 19:39:14.263418 /root/study/github_repository/qb/network/node.go:522: Msgdelivery channel get a commit message, and handle it
P4-[pbft.CommitMsg]2021/09/09 19:39:14.263572 /root/study/github_repository/qb/network/node.go:389: [put commit message into MsgDelivery channel]
P4-[receive CommitMsg]2021/09/09 19:39:14.264357 /root/study/github_repository/qb/network/node.go:522: Msgdelivery channel get a commit message, and handle it
P4-[get prepareMsg]2021/09/09 19:47:47.323312 /root/study/github_repository/qb/network/node.go:587: put prepare message into broadcast channel
P4-[receive PrePrepareMsg]2021/09/09 19:47:47.323347 /root/study/github_repository/qb/network/node.go:500: Msgdelivery channel get a preprepare, and handle it
P4-[get commitMsg]2021/09/09 19:47:47.326095 /root/study/github_repository/qb/network/node.go:619: put commit message into broadcast channel
P4-[receive PrepareMsg]2021/09/09 19:47:47.327790 /root/study/github_repository/qb/network/node.go:511: Msgdelivery channel get a prepare message, and handle it
P4-[receive PrepareMsg]2021/09/09 19:47:47.327776 /root/study/github_repository/qb/network/node.go:374: [put prepare message into MsgDelivery channel]
P4-commit2021/09/09 19:47:47.327900 /root/study/github_repository/qb/network/node.go:203: receive a commit message
P4-[get replyMsg]2021/09/09 19:47:47.329552 /root/study/github_repository/qb/network/node.go:652: put reply message into broadcast channel
P4-[receive CommitMsg]2021/09/09 19:47:47.329561 /root/study/github_repository/qb/network/node.go:522: Msgdelivery channel get a commit message, and handle it
P4-[pbft.CommitMsg]2021/09/09 19:47:47.329698 /root/study/github_repository/qb/network/node.go:389: [put commit message into MsgDelivery channel]
P4-[get prepareMsg]2021/09/09 19:47:47.680509 /root/study/github_repository/qb/network/node.go:587: put prepare message into broadcast channel
P4-[receive PrePrepareMsg]2021/09/09 19:47:47.680554 /root/study/github_repository/qb/network/node.go:500: Msgdelivery channel get a preprepare, and handle it
P4-[get commitMsg]2021/09/09 19:47:47.683585 /root/study/github_repository/qb/network/node.go:619: put commit message into broadcast channel
P4-[receive PrepareMsg]2021/09/09 19:47:47.683613 /root/study/github_repository/qb/network/node.go:511: Msgdelivery channel get a prepare message, and handle it
P4-[pbft.PrepareMsg]2021/09/09 19:47:47.683745 /root/study/github_repository/qb/network/node.go:374: [put prepare message into MsgDelivery channel]
P4-[receive CommitMsg]2021/09/09 19:47:47.685524 /root/study/github_repository/qb/network/node.go:522: Msgdelivery channel get a commit message, and handle it
P4-[pbft.CommitMsg]2021/09/09 19:47:47.685547 /root/study/github_repository/qb/network/node.go:389: [put commit message into MsgDelivery channel]
P4-[get replyMsg]2021/09/09 19:47:47.686771 /root/study/github_repository/qb/network/node.go:652: put reply message into broadcast channel
