P1-[receive block.Block]2021/09/11 15:41:26.068338 /root/study/github_repository/qb/network/node.go:458: Msgdelivery channel get a new block,and create a new consensus
P1-[get pre-prepareMsg]2021/09/11 15:41:26.070187 /root/study/github_repository/qb/network/node.go:551: put pre-prepare message into broadcast channel
P1-[receive PrepareMsg]2021/09/11 15:41:26.073920 /root/study/github_repository/qb/network/node.go:483: Msgdelivery channel get a prepare message, and handle it
P1-[receive PrepareMsg]2021/09/11 15:41:26.075720 /root/study/github_repository/qb/network/node.go:483: Msgdelivery channel get a prepare message, and handle it
P1-[get commitMsg]2021/09/11 15:41:26.078455 /root/study/github_repository/qb/network/node.go:619: put commit message into broadcast channel
P1-[receive PrepareMsg]2021/09/11 15:41:26.078470 /root/study/github_repository/qb/network/node.go:483: Msgdelivery channel get a prepare message, and handle it
P1-[receive CommitMsg]2021/09/11 15:41:26.080431 /root/study/github_repository/qb/network/node.go:494: Msgdelivery channel get a commit message, and handle it
P1-[receive CommitMsg]2021/09/11 15:41:26.083148 /root/study/github_repository/qb/network/node.go:494: Msgdelivery channel get a commit message, and handle it
P1-[get replyMsg]2021/09/11 15:41:26.085035 /root/study/github_repository/qb/network/node.go:652: put reply message into broadcast channel
P1-[receive CommitMsg]2021/09/11 15:41:26.085067 /root/study/github_repository/qb/network/node.go:494: Msgdelivery channel get a commit message, and handle it
P1-[receive block.Block]2021/09/11 15:41:33.707889 /root/study/github_repository/qb/network/node.go:458: Msgdelivery channel get a new block,and create a new consensus
P1-[get pre-prepareMsg]2021/09/11 15:41:33.709658 /root/study/github_repository/qb/network/node.go:551: put pre-prepare message into broadcast channel
P1-[receive PrepareMsg]2021/09/11 15:41:33.712592 /root/study/github_repository/qb/network/node.go:483: Msgdelivery channel get a prepare message, and handle it
P1-[receive PrepareMsg]2021/09/11 15:41:33.714250 /root/study/github_repository/qb/network/node.go:483: Msgdelivery channel get a prepare message, and handle it
P1-[get commitMsg]2021/09/11 15:41:33.717820 /root/study/github_repository/qb/network/node.go:619: put commit message into broadcast channel
P1-[receive CommitMsg]2021/09/11 15:41:33.741620 /root/study/github_repository/qb/network/node.go:494: Msgdelivery channel get a commit message, and handle it
P1-[receive CommitMsg]2021/09/11 15:41:33.744220 /root/study/github_repository/qb/network/node.go:494: Msgdelivery channel get a commit message, and handle it
P1-[get replyMsg]2021/09/11 15:41:33.746130 /root/study/github_repository/qb/network/node.go:652: put reply message into broadcast channel
P1-[receive block.Block]2021/09/11 15:41:41.318504 /root/study/github_repository/qb/network/node.go:458: Msgdelivery channel get a new block,and create a new consensus
P1-[get pre-prepareMsg]2021/09/11 15:41:41.320303 /root/study/github_repository/qb/network/node.go:551: put pre-prepare message into broadcast channel
P1-[receive PrepareMsg]2021/09/11 15:41:41.323431 /root/study/github_repository/qb/network/node.go:483: Msgdelivery channel get a prepare message, and handle it
P1-[receive PrepareMsg]2021/09/11 15:41:41.325068 /root/study/github_repository/qb/network/node.go:483: Msgdelivery channel get a prepare message, and handle it
P1-[get commitMsg]2021/09/11 15:41:41.327446 /root/study/github_repository/qb/network/node.go:619: put commit message into broadcast channel
P1-[receive PrepareMsg]2021/09/11 15:41:41.327492 /root/study/github_repository/qb/network/node.go:483: Msgdelivery channel get a prepare message, and handle it
P1-[receive CommitMsg]2021/09/11 15:41:41.329415 /root/study/github_repository/qb/network/node.go:494: Msgdelivery channel get a commit message, and handle it
P1-[receive CommitMsg]2021/09/11 15:41:41.330877 /root/study/github_repository/qb/network/node.go:494: Msgdelivery channel get a commit message, and handle it
P1-[get replyMsg]2021/09/11 15:41:41.332383 /root/study/github_repository/qb/network/node.go:652: put reply message into broadcast channel
P1-[receive CommitMsg]2021/09/11 15:41:41.332418 /root/study/github_repository/qb/network/node.go:494: Msgdelivery channel get a commit message, and handle it
P1-[receive block.Block]2021/09/11 15:41:48.940301 /root/study/github_repository/qb/network/node.go:458: Msgdelivery channel get a new block,and create a new consensus
P1-[get pre-prepareMsg]2021/09/11 15:41:48.941956 /root/study/github_repository/qb/network/node.go:551: put pre-prepare message into broadcast channel
P1-[receive PrepareMsg]2021/09/11 15:41:48.944770 /root/study/github_repository/qb/network/node.go:483: Msgdelivery channel get a prepare message, and handle it
P1-[receive PrepareMsg]2021/09/11 15:41:48.947429 /root/study/github_repository/qb/network/node.go:483: Msgdelivery channel get a prepare message, and handle it
P1-[get commitMsg]2021/09/11 15:41:48.949302 /root/study/github_repository/qb/network/node.go:619: put commit message into broadcast channel
P1-[receive PrepareMsg]2021/09/11 15:41:48.949326 /root/study/github_repository/qb/network/node.go:483: Msgdelivery channel get a prepare message, and handle it
P1-[receive CommitMsg]2021/09/11 15:41:48.950741 /root/study/github_repository/qb/network/node.go:494: Msgdelivery channel get a commit message, and handle it
P1-[receive CommitMsg]2021/09/11 15:41:48.952206 /root/study/github_repository/qb/network/node.go:494: Msgdelivery channel get a commit message, and handle it
P1-[get replyMsg]2021/09/11 15:41:48.953773 /root/study/github_repository/qb/network/node.go:652: put reply message into broadcast channel
P1-[receive CommitMsg]2021/09/11 15:41:48.953805 /root/study/github_repository/qb/network/node.go:494: Msgdelivery channel get a commit message, and handle it
P1-[receive block.Block]2021/09/11 15:42:00.777161 /root/study/github_repository/qb/network/node.go:458: Msgdelivery channel get a new block,and create a new consensus
P1-[get pre-prepareMsg]2021/09/11 15:42:00.778786 /root/study/github_repository/qb/network/node.go:551: put pre-prepare message into broadcast channel
P1-[receive PrepareMsg]2021/09/11 15:42:00.781824 /root/study/github_repository/qb/network/node.go:483: Msgdelivery channel get a prepare message, and handle it
P1-[receive PrepareMsg]2021/09/11 15:42:00.783468 /root/study/github_repository/qb/network/node.go:483: Msgdelivery channel get a prepare message, and handle it
P1-[get commitMsg]2021/09/11 15:42:00.785657 /root/study/github_repository/qb/network/node.go:619: put commit message into broadcast channel
P1-[receive PrepareMsg]2021/09/11 15:42:00.785688 /root/study/github_repository/qb/network/node.go:483: Msgdelivery channel get a prepare message, and handle it
P1-[receive CommitMsg]2021/09/11 15:42:00.787989 /root/study/github_repository/qb/network/node.go:494: Msgdelivery channel get a commit message, and handle it
P1-[receive CommitMsg]2021/09/11 15:42:00.789438 /root/study/github_repository/qb/network/node.go:494: Msgdelivery channel get a commit message, and handle it
P1-[get replyMsg]2021/09/11 15:42:00.791114 /root/study/github_repository/qb/network/node.go:652: put reply message into broadcast channel
P1-[receive CommitMsg]2021/09/11 15:42:00.791150 /root/study/github_repository/qb/network/node.go:494: Msgdelivery channel get a commit message, and handle it
P1-[receive block.Block]2021/09/11 15:42:08.414444 /root/study/github_repository/qb/network/node.go:458: Msgdelivery channel get a new block,and create a new consensus
P1-[get pre-prepareMsg]2021/09/11 15:42:08.416140 /root/study/github_repository/qb/network/node.go:551: put pre-prepare message into broadcast channel
P1-[receive PrepareMsg]2021/09/11 15:42:08.418963 /root/study/github_repository/qb/network/node.go:483: Msgdelivery channel get a prepare message, and handle it
P1-[receive PrepareMsg]2021/09/11 15:42:08.420769 /root/study/github_repository/qb/network/node.go:483: Msgdelivery channel get a prepare message, and handle it
P1-[get commitMsg]2021/09/11 15:42:08.422816 /root/study/github_repository/qb/network/node.go:619: put commit message into broadcast channel
P1-[receive PrepareMsg]2021/09/11 15:42:08.422870 /root/study/github_repository/qb/network/node.go:483: Msgdelivery channel get a prepare message, and handle it
P1-[receive CommitMsg]2021/09/11 15:42:08.424416 /root/study/github_repository/qb/network/node.go:494: Msgdelivery channel get a commit message, and handle it
P1-[receive CommitMsg]2021/09/11 15:42:08.426069 /root/study/github_repository/qb/network/node.go:494: Msgdelivery channel get a commit message, and handle it
P1-[get replyMsg]2021/09/11 15:42:08.427855 /root/study/github_repository/qb/network/node.go:652: put reply message into broadcast channel
P1-[receive CommitMsg]2021/09/11 15:42:08.427889 /root/study/github_repository/qb/network/node.go:494: Msgdelivery channel get a commit message, and handle it
P1-[receive block.Block]2021/09/11 15:42:16.017090 /root/study/github_repository/qb/network/node.go:458: Msgdelivery channel get a new block,and create a new consensus
P1-[get pre-prepareMsg]2021/09/11 15:42:16.018869 /root/study/github_repository/qb/network/node.go:551: put pre-prepare message into broadcast channel
P1-[receive PrepareMsg]2021/09/11 15:42:16.021810 /root/study/github_repository/qb/network/node.go:483: Msgdelivery channel get a prepare message, and handle it
P1-[receive PrepareMsg]2021/09/11 15:42:16.023394 /root/study/github_repository/qb/network/node.go:483: Msgdelivery channel get a prepare message, and handle it
P1-[get commitMsg]2021/09/11 15:42:16.025441 /root/study/github_repository/qb/network/node.go:619: put commit message into broadcast channel
P1-[receive PrepareMsg]2021/09/11 15:42:16.025453 /root/study/github_repository/qb/network/node.go:483: Msgdelivery channel get a prepare message, and handle it
P1-[receive CommitMsg]2021/09/11 15:42:16.026945 /root/study/github_repository/qb/network/node.go:494: Msgdelivery channel get a commit message, and handle it
P1-[receive CommitMsg]2021/09/11 15:42:16.028396 /root/study/github_repository/qb/network/node.go:494: Msgdelivery channel get a commit message, and handle it
P1-[get replyMsg]2021/09/11 15:42:16.030020 /root/study/github_repository/qb/network/node.go:652: put reply message into broadcast channel
P1-[receive CommitMsg]2021/09/11 15:42:16.030050 /root/study/github_repository/qb/network/node.go:494: Msgdelivery channel get a commit message, and handle it
P1-[receive block.Block]2021/09/11 15:42:23.618146 /root/study/github_repository/qb/network/node.go:458: Msgdelivery channel get a new block,and create a new consensus
P1-[get pre-prepareMsg]2021/09/11 15:42:23.619869 /root/study/github_repository/qb/network/node.go:551: put pre-prepare message into broadcast channel
P1-[receive PrepareMsg]2021/09/11 15:42:23.623057 /root/study/github_repository/qb/network/node.go:483: Msgdelivery channel get a prepare message, and handle it
P1-[receive PrepareMsg]2021/09/11 15:42:23.624792 /root/study/github_repository/qb/network/node.go:483: Msgdelivery channel get a prepare message, and handle it
P1-[get commitMsg]2021/09/11 15:42:23.626705 /root/study/github_repository/qb/network/node.go:619: put commit message into broadcast channel
P1-[receive PrepareMsg]2021/09/11 15:42:23.626733 /root/study/github_repository/qb/network/node.go:483: Msgdelivery channel get a prepare message, and handle it
P1-[receive CommitMsg]2021/09/11 15:42:23.629343 /root/study/github_repository/qb/network/node.go:494: Msgdelivery channel get a commit message, and handle it
P1-[receive CommitMsg]2021/09/11 15:42:23.631366 /root/study/github_repository/qb/network/node.go:494: Msgdelivery channel get a commit message, and handle it
P1-[get replyMsg]2021/09/11 15:42:23.633199 /root/study/github_repository/qb/network/node.go:652: put reply message into broadcast channel
P1-[receive CommitMsg]2021/09/11 15:42:23.633241 /root/study/github_repository/qb/network/node.go:494: Msgdelivery channel get a commit message, and handle it
P1-[get pre-prepareMsg]2021/09/11 15:43:09.306853 /root/study/github_repository/qb/network/node.go:551: put pre-prepare message into broadcast channel
P1-[receive PrepareMsg]2021/09/11 15:43:09.310074 /root/study/github_repository/qb/network/node.go:483: Msgdelivery channel get a prepare message, and handle it
P1-[receive PrepareMsg]2021/09/11 15:43:09.311857 /root/study/github_repository/qb/network/node.go:483: Msgdelivery channel get a prepare message, and handle it
P1-[get commitMsg]2021/09/11 15:43:09.313918 /root/study/github_repository/qb/network/node.go:619: put commit message into broadcast channel
P1-[receive PrepareMsg]2021/09/11 15:43:09.313950 /root/study/github_repository/qb/network/node.go:483: Msgdelivery channel get a prepare message, and handle it
P1-[receive CommitMsg]2021/09/11 15:43:09.315605 /root/study/github_repository/qb/network/node.go:494: Msgdelivery channel get a commit message, and handle it
P1-[receive CommitMsg]2021/09/11 15:43:09.317282 /root/study/github_repository/qb/network/node.go:494: Msgdelivery channel get a commit message, and handle it
P1-[get replyMsg]2021/09/11 15:43:09.318857 /root/study/github_repository/qb/network/node.go:652: put reply message into broadcast channel
P1-[receive CommitMsg]2021/09/11 15:43:09.318883 /root/study/github_repository/qb/network/node.go:494: Msgdelivery channel get a commit message, and handle it
P1-[receive block.Block]2021/09/11 15:43:16.977617 /root/study/github_repository/qb/network/node.go:458: Msgdelivery channel get a new block,and create a new consensus
P1-[get pre-prepareMsg]2021/09/11 15:43:16.980445 /root/study/github_repository/qb/network/node.go:551: put pre-prepare message into broadcast channel
P1-[receive PrepareMsg]2021/09/11 15:43:16.983190 /root/study/github_repository/qb/network/node.go:483: Msgdelivery channel get a prepare message, and handle it
P1-[receive PrepareMsg]2021/09/11 15:43:16.984632 /root/study/github_repository/qb/network/node.go:483: Msgdelivery channel get a prepare message, and handle it
P1-[get commitMsg]2021/09/11 15:43:16.986478 /root/study/github_repository/qb/network/node.go:619: put commit message into broadcast channel
P1-[receive PrepareMsg]2021/09/11 15:43:16.986493 /root/study/github_repository/qb/network/node.go:483: Msgdelivery channel get a prepare message, and handle it
P1-[receive CommitMsg]2021/09/11 15:43:16.988053 /root/study/github_repository/qb/network/node.go:494: Msgdelivery channel get a commit message, and handle it
P1-[receive CommitMsg]2021/09/11 15:43:16.989754 /root/study/github_repository/qb/network/node.go:494: Msgdelivery channel get a commit message, and handle it
P1-[get replyMsg]2021/09/11 15:43:16.991581 /root/study/github_repository/qb/network/node.go:652: put reply message into broadcast channel
P1-[receive CommitMsg]2021/09/11 15:43:16.991612 /root/study/github_repository/qb/network/node.go:494: Msgdelivery channel get a commit message, and handle it
P1-[receive block.Block]2021/09/11 15:43:24.603940 /root/study/github_repository/qb/network/node.go:458: Msgdelivery channel get a new block,and create a new consensus
P1-[get pre-prepareMsg]2021/09/11 15:43:24.605674 /root/study/github_repository/qb/network/node.go:551: put pre-prepare message into broadcast channel
P1-[receive PrepareMsg]2021/09/11 15:43:24.608537 /root/study/github_repository/qb/network/node.go:483: Msgdelivery channel get a prepare message, and handle it
P1-[receive PrepareMsg]2021/09/11 15:43:24.610493 /root/study/github_repository/qb/network/node.go:483: Msgdelivery channel get a prepare message, and handle it
P1-[get commitMsg]2021/09/11 15:43:24.613974 /root/study/github_repository/qb/network/node.go:619: put commit message into broadcast channel
P1-[receive PrepareMsg]2021/09/11 15:43:24.614008 /root/study/github_repository/qb/network/node.go:483: Msgdelivery channel get a prepare message, and handle it
P1-[receive CommitMsg]2021/09/11 15:43:24.616409 /root/study/github_repository/qb/network/node.go:221: broadcast commit message
P1-[receive CommitMsg]2021/09/11 15:43:24.616411 /root/study/github_repository/qb/network/node.go:494: Msgdelivery channel get a commit message, and handle it
P1-[receive CommitMsg]2021/09/11 15:43:24.617976 /root/study/github_repository/qb/network/node.go:494: Msgdelivery channel get a commit message, and handle it
P1-[get replyMsg]2021/09/11 15:43:24.619735 /root/study/github_repository/qb/network/node.go:652: put reply message into broadcast channel
P1-[receive CommitMsg]2021/09/11 15:43:24.619759 /root/study/github_repository/qb/network/node.go:494: Msgdelivery channel get a commit message, and handle it
P1-[receive block.Block]2021/09/11 15:43:32.207949 /root/study/github_repository/qb/network/node.go:458: Msgdelivery channel get a new block,and create a new consensus
P1-[get pre-prepareMsg]2021/09/11 15:43:32.209746 /root/study/github_repository/qb/network/node.go:551: put pre-prepare message into broadcast channel
P1-[receive PrepareMsg]2021/09/11 15:43:32.214532 /root/study/github_repository/qb/network/node.go:483: Msgdelivery channel get a prepare message, and handle it
P1-[get commitMsg]2021/09/11 15:43:32.217401 /root/study/github_repository/qb/network/node.go:619: put commit message into broadcast channel
P1-[receive PrepareMsg]2021/09/11 15:43:32.217459 /root/study/github_repository/qb/network/node.go:483: Msgdelivery channel get a prepare message, and handle it
P1-[receive CommitMsg]2021/09/11 15:43:32.219293 /root/study/github_repository/qb/network/node.go:494: Msgdelivery channel get a commit message, and handle it
P1-[receive CommitMsg]2021/09/11 15:43:32.220815 /root/study/github_repository/qb/network/node.go:494: Msgdelivery channel get a commit message, and handle it
P1-[get replyMsg]2021/09/11 15:43:32.222412 /root/study/github_repository/qb/network/node.go:652: put reply message into broadcast channel
P1-[receive CommitMsg]2021/09/11 15:43:32.222434 /root/study/github_repository/qb/network/node.go:494: Msgdelivery channel get a commit message, and handle it
P1-[receive block.Block]2021/09/11 15:43:54.317952 /root/study/github_repository/qb/network/node.go:458: Msgdelivery channel get a new block,and create a new consensus
P1-[get pre-prepareMsg]2021/09/11 15:43:54.319774 /root/study/github_repository/qb/network/node.go:551: put pre-prepare message into broadcast channel
P1-[receive PrepareMsg]2021/09/11 15:43:54.322891 /root/study/github_repository/qb/network/node.go:483: Msgdelivery channel get a prepare message, and handle it
P1-[receive PrepareMsg]2021/09/11 15:43:54.324518 /root/study/github_repository/qb/network/node.go:483: Msgdelivery channel get a prepare message, and handle it
P1-[get commitMsg]2021/09/11 15:43:54.326725 /root/study/github_repository/qb/network/node.go:619: put commit message into broadcast channel
P1-[receive PrepareMsg]2021/09/11 15:43:54.326749 /root/study/github_repository/qb/network/node.go:483: Msgdelivery channel get a prepare message, and handle it
P1-[receive CommitMsg]2021/09/11 15:43:54.328491 /root/study/github_repository/qb/network/node.go:494: Msgdelivery channel get a commit message, and handle it
P1-[receive CommitMsg]2021/09/11 15:43:54.330298 /root/study/github_repository/qb/network/node.go:494: Msgdelivery channel get a commit message, and handle it
P1-[get replyMsg]2021/09/11 15:43:54.332185 /root/study/github_repository/qb/network/node.go:652: put reply message into broadcast channel
P1-[receive CommitMsg]2021/09/11 15:43:54.332226 /root/study/github_repository/qb/network/node.go:494: Msgdelivery channel get a commit message, and handle it
P1-[receive block.Block]2021/09/11 15:44:01.902900 /root/study/github_repository/qb/network/node.go:458: Msgdelivery channel get a new block,and create a new consensus
P1-[get pre-prepareMsg]2021/09/11 15:44:01.904837 /root/study/github_repository/qb/network/node.go:551: put pre-prepare message into broadcast channel
P1-[receive PrepareMsg]2021/09/11 15:44:01.907687 /root/study/github_repository/qb/network/node.go:483: Msgdelivery channel get a prepare message, and handle it
P1-[receive PrepareMsg]2021/09/11 15:44:01.909630 /root/study/github_repository/qb/network/node.go:483: Msgdelivery channel get a prepare message, and handle it
P1-[get commitMsg]2021/09/11 15:44:01.912544 /root/study/github_repository/qb/network/node.go:619: put commit message into broadcast channel
P1-[receive PrepareMsg]2021/09/11 15:44:01.912617 /root/study/github_repository/qb/network/node.go:483: Msgdelivery channel get a prepare message, and handle it
P1-[receive CommitMsg]2021/09/11 15:44:01.914520 /root/study/github_repository/qb/network/node.go:494: Msgdelivery channel get a commit message, and handle it
P1-[receive CommitMsg]2021/09/11 15:44:01.916431 /root/study/github_repository/qb/network/node.go:494: Msgdelivery channel get a commit message, and handle it
P1-[get replyMsg]2021/09/11 15:44:01.918514 /root/study/github_repository/qb/network/node.go:652: put reply message into broadcast channel
P1-[receive block.Block]2021/09/11 15:44:09.477158 /root/study/github_repository/qb/network/node.go:458: Msgdelivery channel get a new block,and create a new consensus
P1-[get pre-prepareMsg]2021/09/11 15:44:09.478861 /root/study/github_repository/qb/network/node.go:551: put pre-prepare message into broadcast channel
P1-[receive PrepareMsg]2021/09/11 15:44:09.482199 /root/study/github_repository/qb/network/node.go:483: Msgdelivery channel get a prepare message, and handle it
P1-[receive PrepareMsg]2021/09/11 15:44:09.484284 /root/study/github_repository/qb/network/node.go:483: Msgdelivery channel get a prepare message, and handle it
P1-[get commitMsg]2021/09/11 15:44:09.486454 /root/study/github_repository/qb/network/node.go:619: put commit message into broadcast channel
P1-[receive PrepareMsg]2021/09/11 15:44:09.486492 /root/study/github_repository/qb/network/node.go:483: Msgdelivery channel get a prepare message, and handle it
P1-[receive CommitMsg]2021/09/11 15:44:09.488168 /root/study/github_repository/qb/network/node.go:494: Msgdelivery channel get a commit message, and handle it
P1-[receive CommitMsg]2021/09/11 15:44:09.489732 /root/study/github_repository/qb/network/node.go:494: Msgdelivery channel get a commit message, and handle it
P1-[get replyMsg]2021/09/11 15:44:09.491341 /root/study/github_repository/qb/network/node.go:652: put reply message into broadcast channel
P1-[receive CommitMsg]2021/09/11 15:44:09.491390 /root/study/github_repository/qb/network/node.go:494: Msgdelivery channel get a commit message, and handle it
P1-[receive block.Block]2021/09/11 15:44:17.091687 /root/study/github_repository/qb/network/node.go:458: Msgdelivery channel get a new block,and create a new consensus
P1-[get pre-prepareMsg]2021/09/11 15:44:17.094087 /root/study/github_repository/qb/network/node.go:551: put pre-prepare message into broadcast channel
P1-[receive PrepareMsg]2021/09/11 15:44:17.098240 /root/study/github_repository/qb/network/node.go:483: Msgdelivery channel get a prepare message, and handle it
P1-[receive PrepareMsg]2021/09/11 15:44:17.099749 /root/study/github_repository/qb/network/node.go:483: Msgdelivery channel get a prepare message, and handle it
P1-[get commitMsg]2021/09/11 15:44:17.102154 /root/study/github_repository/qb/network/node.go:619: put commit message into broadcast channel
P1-[receive PrepareMsg]2021/09/11 15:44:17.102210 /root/study/github_repository/qb/network/node.go:483: Msgdelivery channel get a prepare message, and handle it
P1-[receive CommitMsg]2021/09/11 15:44:17.103872 /root/study/github_repository/qb/network/node.go:494: Msgdelivery channel get a commit message, and handle it
P1-[receive CommitMsg]2021/09/11 15:44:17.105487 /root/study/github_repository/qb/network/node.go:494: Msgdelivery channel get a commit message, and handle it
P1-[get replyMsg]2021/09/11 15:44:17.107031 /root/study/github_repository/qb/network/node.go:652: put reply message into broadcast channel
P1-[receive CommitMsg]2021/09/11 15:44:17.107069 /root/study/github_repository/qb/network/node.go:494: Msgdelivery channel get a commit message, and handle it
P1-[receive block.Block]2021/09/11 15:45:37.091468 /root/study/github_repository/qb/network/node.go:458: Msgdelivery channel get a new block,and create a new consensus
P1-[get pre-prepareMsg]2021/09/11 15:45:37.093740 /root/study/github_repository/qb/network/node.go:551: put pre-prepare message into broadcast channel
P1-[receive PrepareMsg]2021/09/11 15:45:37.098938 /root/study/github_repository/qb/network/node.go:483: Msgdelivery channel get a prepare message, and handle it
P1-[receive PrepareMsg]2021/09/11 15:45:37.100739 /root/study/github_repository/qb/network/node.go:483: Msgdelivery channel get a prepare message, and handle it
P1-[get commitMsg]2021/09/11 15:45:37.102956 /root/study/github_repository/qb/network/node.go:619: put commit message into broadcast channel
P1-[receive PrepareMsg]2021/09/11 15:45:37.102998 /root/study/github_repository/qb/network/node.go:483: Msgdelivery channel get a prepare message, and handle it
P1-[receive CommitMsg]2021/09/11 15:45:37.104914 /root/study/github_repository/qb/network/node.go:494: Msgdelivery channel get a commit message, and handle it
P1-[receive CommitMsg]2021/09/11 15:45:37.106569 /root/study/github_repository/qb/network/node.go:494: Msgdelivery channel get a commit message, and handle it
P1-[get replyMsg]2021/09/11 15:45:37.108226 /root/study/github_repository/qb/network/node.go:652: put reply message into broadcast channel
P1-[receive CommitMsg]2021/09/11 15:45:37.108256 /root/study/github_repository/qb/network/node.go:494: Msgdelivery channel get a commit message, and handle it
P1-[receive block.Block]2021/09/11 15:45:40.717518 /root/study/github_repository/qb/network/node.go:458: Msgdelivery channel get a new block,and create a new consensus
P1-[get pre-prepareMsg]2021/09/11 15:45:40.719617 /root/study/github_repository/qb/network/node.go:551: put pre-prepare message into broadcast channel
P1-[receive PrepareMsg]2021/09/11 15:45:40.723323 /root/study/github_repository/qb/network/node.go:483: Msgdelivery channel get a prepare message, and handle it
P1-[receive PrepareMsg]2021/09/11 15:45:40.725342 /root/study/github_repository/qb/network/node.go:483: Msgdelivery channel get a prepare message, and handle it
P1-[get commitMsg]2021/09/11 15:45:40.729326 /root/study/github_repository/qb/network/node.go:619: put commit message into broadcast channel
P1-[receive PrepareMsg]2021/09/11 15:45:40.729374 /root/study/github_repository/qb/network/node.go:483: Msgdelivery channel get a prepare message, and handle it
P1-[receive CommitMsg]2021/09/11 15:45:40.744365 /root/study/github_repository/qb/network/node.go:494: Msgdelivery channel get a commit message, and handle it
P1-[receive CommitMsg]2021/09/11 15:45:40.745982 /root/study/github_repository/qb/network/node.go:494: Msgdelivery channel get a commit message, and handle it
P1-[get replyMsg]2021/09/11 15:45:40.747671 /root/study/github_repository/qb/network/node.go:652: put reply message into broadcast channel
P1-[receive CommitMsg]2021/09/11 15:45:40.747710 /root/study/github_repository/qb/network/node.go:494: Msgdelivery channel get a commit message, and handle it
P1-[receive block.Block]2021/09/11 15:45:44.322683 /root/study/github_repository/qb/network/node.go:458: Msgdelivery channel get a new block,and create a new consensus
P1-[get pre-prepareMsg]2021/09/11 15:45:44.324567 /root/study/github_repository/qb/network/node.go:551: put pre-prepare message into broadcast channel
P1-[receive PrepareMsg]2021/09/11 15:45:44.327606 /root/study/github_repository/qb/network/node.go:483: Msgdelivery channel get a prepare message, and handle it
P1-[receive PrepareMsg]2021/09/11 15:45:44.329562 /root/study/github_repository/qb/network/node.go:483: Msgdelivery channel get a prepare message, and handle it
P1-[get commitMsg]2021/09/11 15:45:44.332252 /root/study/github_repository/qb/network/node.go:619: put commit message into broadcast channel
P1-[receive PrepareMsg]2021/09/11 15:45:44.332271 /root/study/github_repository/qb/network/node.go:483: Msgdelivery channel get a prepare message, and handle it
P1-[receive CommitMsg]2021/09/11 15:45:44.333985 /root/study/github_repository/qb/network/node.go:494: Msgdelivery channel get a commit message, and handle it
P1-[receive CommitMsg]2021/09/11 15:45:44.336027 /root/study/github_repository/qb/network/node.go:494: Msgdelivery channel get a commit message, and handle it
P1-[get replyMsg]2021/09/11 15:45:44.338322 /root/study/github_repository/qb/network/node.go:652: put reply message into broadcast channel
P1-[receive CommitMsg]2021/09/11 15:45:44.338371 /root/study/github_repository/qb/network/node.go:494: Msgdelivery channel get a commit message, and handle it
P1-[receive block.Block]2021/09/11 15:45:47.925318 /root/study/github_repository/qb/network/node.go:458: Msgdelivery channel get a new block,and create a new consensus
P1-[get pre-prepareMsg]2021/09/11 15:45:47.929121 /root/study/github_repository/qb/network/node.go:551: put pre-prepare message into broadcast channel
P1-[receive PrepareMsg]2021/09/11 15:45:47.932269 /root/study/github_repository/qb/network/node.go:483: Msgdelivery channel get a prepare message, and handle it
P1-[receive PrepareMsg]2021/09/11 15:45:47.933936 /root/study/github_repository/qb/network/node.go:483: Msgdelivery channel get a prepare message, and handle it
P1-[get commitMsg]2021/09/11 15:45:47.936042 /root/study/github_repository/qb/network/node.go:619: put commit message into broadcast channel
P1-[receive PrepareMsg]2021/09/11 15:45:47.936085 /root/study/github_repository/qb/network/node.go:483: Msgdelivery channel get a prepare message, and handle it
P1-[receive CommitMsg]2021/09/11 15:45:47.937646 /root/study/github_repository/qb/network/node.go:494: Msgdelivery channel get a commit message, and handle it
P1-[receive CommitMsg]2021/09/11 15:45:47.939477 /root/study/github_repository/qb/network/node.go:494: Msgdelivery channel get a commit message, and handle it
P1-[get replyMsg]2021/09/11 15:45:47.941200 /root/study/github_repository/qb/network/node.go:652: put reply message into broadcast channel
P1-[receive CommitMsg]2021/09/11 15:45:47.941242 /root/study/github_repository/qb/network/node.go:494: Msgdelivery channel get a commit message, and handle it
P1-[receive block.Block]2021/09/11 15:46:07.008592 /root/study/github_repository/qb/network/node.go:458: Msgdelivery channel get a new block,and create a new consensus
P1-[get pre-prepareMsg]2021/09/11 15:46:07.010333 /root/study/github_repository/qb/network/node.go:551: put pre-prepare message into broadcast channel
P1-[receive PrepareMsg]2021/09/11 15:46:07.013049 /root/study/github_repository/qb/network/node.go:483: Msgdelivery channel get a prepare message, and handle it
P1-[receive PrepareMsg]2021/09/11 15:46:07.015123 /root/study/github_repository/qb/network/node.go:483: Msgdelivery channel get a prepare message, and handle it
P1-[get commitMsg]2021/09/11 15:46:07.017509 /root/study/github_repository/qb/network/node.go:619: put commit message into broadcast channel
P1-[receive PrepareMsg]2021/09/11 15:46:07.017596 /root/study/github_repository/qb/network/node.go:483: Msgdelivery channel get a prepare message, and handle it
P1-[receive CommitMsg]2021/09/11 15:46:07.020060 /root/study/github_repository/qb/network/node.go:494: Msgdelivery channel get a commit message, and handle it
P1-[receive CommitMsg]2021/09/11 15:46:07.021523 /root/study/github_repository/qb/network/node.go:494: Msgdelivery channel get a commit message, and handle it
P1-[get replyMsg]2021/09/11 15:46:07.023067 /root/study/github_repository/qb/network/node.go:652: put reply message into broadcast channel
P1-[receive CommitMsg]2021/09/11 15:46:07.023156 /root/study/github_repository/qb/network/node.go:494: Msgdelivery channel get a commit message, and handle it
P1-[receive block.Block]2021/09/11 15:46:10.622870 /root/study/github_repository/qb/network/node.go:458: Msgdelivery channel get a new block,and create a new consensus
P1-[get pre-prepareMsg]2021/09/11 15:46:10.624917 /root/study/github_repository/qb/network/node.go:551: put pre-prepare message into broadcast channel
P1-[receive PrepareMsg]2021/09/11 15:46:10.627990 /root/study/github_repository/qb/network/node.go:483: Msgdelivery channel get a prepare message, and handle it
P1-[receive PrepareMsg]2021/09/11 15:46:10.629669 /root/study/github_repository/qb/network/node.go:483: Msgdelivery channel get a prepare message, and handle it
P1-[get commitMsg]2021/09/11 15:46:10.631815 /root/study/github_repository/qb/network/node.go:619: put commit message into broadcast channel
P1-[receive PrepareMsg]2021/09/11 15:46:10.631858 /root/study/github_repository/qb/network/node.go:483: Msgdelivery channel get a prepare message, and handle it
P1-[receive CommitMsg]2021/09/11 15:46:10.633498 /root/study/github_repository/qb/network/node.go:494: Msgdelivery channel get a commit message, and handle it
P1-[receive CommitMsg]2021/09/11 15:46:10.635020 /root/study/github_repository/qb/network/node.go:494: Msgdelivery channel get a commit message, and handle it
P1-[get replyMsg]2021/09/11 15:46:10.636637 /root/study/github_repository/qb/network/node.go:652: put reply message into broadcast channel
P1-[receive CommitMsg]2021/09/11 15:46:10.636682 /root/study/github_repository/qb/network/node.go:494: Msgdelivery channel get a commit message, and handle it
P1-[receive block.Block]2021/09/11 15:46:14.231308 /root/study/github_repository/qb/network/node.go:458: Msgdelivery channel get a new block,and create a new consensus
P1-[get pre-prepareMsg]2021/09/11 15:46:14.233118 /root/study/github_repository/qb/network/node.go:551: put pre-prepare message into broadcast channel
P1-[receive PrepareMsg]2021/09/11 15:46:14.235876 /root/study/github_repository/qb/network/node.go:483: Msgdelivery channel get a prepare message, and handle it
P1-[receive PrepareMsg]2021/09/11 15:46:14.237492 /root/study/github_repository/qb/network/node.go:483: Msgdelivery channel get a prepare message, and handle it
P1-[get commitMsg]2021/09/11 15:46:14.239547 /root/study/github_repository/qb/network/node.go:619: put commit message into broadcast channel
P1-[receive PrepareMsg]2021/09/11 15:46:14.239565 /root/study/github_repository/qb/network/node.go:483: Msgdelivery channel get a prepare message, and handle it
P1-[receive CommitMsg]2021/09/11 15:46:14.242714 /root/study/github_repository/qb/network/node.go:494: Msgdelivery channel get a commit message, and handle it
P1-[get replyMsg]2021/09/11 15:46:14.244705 /root/study/github_repository/qb/network/node.go:652: put reply message into broadcast channel
P1-[receive CommitMsg]2021/09/11 15:46:14.244760 /root/study/github_repository/qb/network/node.go:494: Msgdelivery channel get a commit message, and handle it
P1-[receive block.Block]2021/09/11 15:46:17.833597 /root/study/github_repository/qb/network/node.go:458: Msgdelivery channel get a new block,and create a new consensus
P1-[get pre-prepareMsg]2021/09/11 15:46:17.835469 /root/study/github_repository/qb/network/node.go:551: put pre-prepare message into broadcast channel
P1-[receive PrepareMsg]2021/09/11 15:46:17.838519 /root/study/github_repository/qb/network/node.go:483: Msgdelivery channel get a prepare message, and handle it
P1-[receive PrepareMsg]2021/09/11 15:46:17.840376 /root/study/github_repository/qb/network/node.go:483: Msgdelivery channel get a prepare message, and handle it
P1-[get commitMsg]2021/09/11 15:46:17.842658 /root/study/github_repository/qb/network/node.go:619: put commit message into broadcast channel
P1-[receive PrepareMsg]2021/09/11 15:46:17.842676 /root/study/github_repository/qb/network/node.go:483: Msgdelivery channel get a prepare message, and handle it
P1-[receive CommitMsg]2021/09/11 15:46:17.844602 /root/study/github_repository/qb/network/node.go:494: Msgdelivery channel get a commit message, and handle it
P1-[receive CommitMsg]2021/09/11 15:46:17.847216 /root/study/github_repository/qb/network/node.go:494: Msgdelivery channel get a commit message, and handle it
P1-[get replyMsg]2021/09/11 15:46:17.848961 /root/study/github_repository/qb/network/node.go:652: put reply message into broadcast channel
P1-[receive block.Block]2021/09/11 15:46:43.578536 /root/study/github_repository/qb/network/node.go:458: Msgdelivery channel get a new block,and create a new consensus
P1-[get pre-prepareMsg]2021/09/11 15:46:43.580318 /root/study/github_repository/qb/network/node.go:551: put pre-prepare message into broadcast channel
P1-[receive PrepareMsg]2021/09/11 15:46:43.583988 /root/study/github_repository/qb/network/node.go:483: Msgdelivery channel get a prepare message, and handle it
P1-[receive PrepareMsg]2021/09/11 15:46:43.585821 /root/study/github_repository/qb/network/node.go:483: Msgdelivery channel get a prepare message, and handle it
P1-[get commitMsg]2021/09/11 15:46:43.588467 /root/study/github_repository/qb/network/node.go:619: put commit message into broadcast channel
P1-[receive PrepareMsg]2021/09/11 15:46:43.588492 /root/study/github_repository/qb/network/node.go:483: Msgdelivery channel get a prepare message, and handle it
P1-[receive CommitMsg]2021/09/11 15:46:43.590399 /root/study/github_repository/qb/network/node.go:494: Msgdelivery channel get a commit message, and handle it
P1-[receive CommitMsg]2021/09/11 15:46:43.592020 /root/study/github_repository/qb/network/node.go:494: Msgdelivery channel get a commit message, and handle it
P1-[get replyMsg]2021/09/11 15:46:43.593735 /root/study/github_repository/qb/network/node.go:652: put reply message into broadcast channel
P1-[receive CommitMsg]2021/09/11 15:46:43.593782 /root/study/github_repository/qb/network/node.go:494: Msgdelivery channel get a commit message, and handle it
P1-[receive block.Block]2021/09/11 15:46:47.208749 /root/study/github_repository/qb/network/node.go:458: Msgdelivery channel get a new block,and create a new consensus
P1-[get pre-prepareMsg]2021/09/11 15:46:47.210503 /root/study/github_repository/qb/network/node.go:551: put pre-prepare message into broadcast channel
P1-[receive PrepareMsg]2021/09/11 15:46:47.213241 /root/study/github_repository/qb/network/node.go:483: Msgdelivery channel get a prepare message, and handle it
P1-[receive PrepareMsg]2021/09/11 15:46:47.215765 /root/study/github_repository/qb/network/node.go:483: Msgdelivery channel get a prepare message, and handle it
P1-[get commitMsg]2021/09/11 15:46:47.218083 /root/study/github_repository/qb/network/node.go:619: put commit message into broadcast channel
P1-[receive PrepareMsg]2021/09/11 15:46:47.218136 /root/study/github_repository/qb/network/node.go:483: Msgdelivery channel get a prepare message, and handle it
P1-[receive CommitMsg]2021/09/11 15:46:47.219930 /root/study/github_repository/qb/network/node.go:494: Msgdelivery channel get a commit message, and handle it
P1-[receive CommitMsg]2021/09/11 15:46:47.221623 /root/study/github_repository/qb/network/node.go:494: Msgdelivery channel get a commit message, and handle it
P1-[get replyMsg]2021/09/11 15:46:47.223367 /root/study/github_repository/qb/network/node.go:652: put reply message into broadcast channel
P1-[receive CommitMsg]2021/09/11 15:46:47.223398 /root/study/github_repository/qb/network/node.go:494: Msgdelivery channel get a commit message, and handle it
P1-[receive block.Block]2021/09/11 15:46:50.813164 /root/study/github_repository/qb/network/node.go:458: Msgdelivery channel get a new block,and create a new consensus
P1-[get pre-prepareMsg]2021/09/11 15:46:50.814965 /root/study/github_repository/qb/network/node.go:551: put pre-prepare message into broadcast channel
P1-[receive PrepareMsg]2021/09/11 15:46:50.817974 /root/study/github_repository/qb/network/node.go:483: Msgdelivery channel get a prepare message, and handle it
P1-[receive PrepareMsg]2021/09/11 15:46:50.819669 /root/study/github_repository/qb/network/node.go:483: Msgdelivery channel get a prepare message, and handle it
P1-[get commitMsg]2021/09/11 15:46:50.821969 /root/study/github_repository/qb/network/node.go:619: put commit message into broadcast channel
P1-[receive PrepareMsg]2021/09/11 15:46:50.821993 /root/study/github_repository/qb/network/node.go:483: Msgdelivery channel get a prepare message, and handle it
P1-[receive CommitMsg]2021/09/11 15:46:50.823768 /root/study/github_repository/qb/network/node.go:494: Msgdelivery channel get a commit message, and handle it
P1-[receive CommitMsg]2021/09/11 15:46:50.826206 /root/study/github_repository/qb/network/node.go:494: Msgdelivery channel get a commit message, and handle it
P1-[get replyMsg]2021/09/11 15:46:50.828346 /root/study/github_repository/qb/network/node.go:652: put reply message into broadcast channel
P1-[receive CommitMsg]2021/09/11 15:46:50.828398 /root/study/github_repository/qb/network/node.go:494: Msgdelivery channel get a commit message, and handle it
P1-[receive block.Block]2021/09/11 15:46:54.419616 /root/study/github_repository/qb/network/node.go:416: there no pbft on going, now create a new one and put the new block into MsgDelivery channel
P1-[receive block.Block]2021/09/11 15:46:54.419619 /root/study/github_repository/qb/network/node.go:458: Msgdelivery channel get a new block,and create a new consensus
P1-[get pre-prepareMsg]2021/09/11 15:46:54.421341 /root/study/github_repository/qb/network/node.go:551: put pre-prepare message into broadcast channel
P1-[receive PrepareMsg]2021/09/11 15:46:54.424927 /root/study/github_repository/qb/network/node.go:483: Msgdelivery channel get a prepare message, and handle it
P1-[receive PrepareMsg]2021/09/11 15:46:54.426618 /root/study/github_repository/qb/network/node.go:483: Msgdelivery channel get a prepare message, and handle it
P1-[get commitMsg]2021/09/11 15:46:54.428543 /root/study/github_repository/qb/network/node.go:619: put commit message into broadcast channel
P1-[receive PrepareMsg]2021/09/11 15:46:54.428593 /root/study/github_repository/qb/network/node.go:483: Msgdelivery channel get a prepare message, and handle it
P1-[receive CommitMsg]2021/09/11 15:46:54.430076 /root/study/github_repository/qb/network/node.go:494: Msgdelivery channel get a commit message, and handle it
P1-[receive CommitMsg]2021/09/11 15:46:54.431654 /root/study/github_repository/qb/network/node.go:494: Msgdelivery channel get a commit message, and handle it
P1-[get replyMsg]2021/09/11 15:46:54.433344 /root/study/github_repository/qb/network/node.go:652: put reply message into broadcast channel
P1-[receive CommitMsg]2021/09/11 15:46:54.433361 /root/study/github_repository/qb/network/node.go:494: Msgdelivery channel get a commit message, and handle it
P1-[receive block.Block]2021/09/11 15:47:16.982471 /root/study/github_repository/qb/network/node.go:458: Msgdelivery channel get a new block,and create a new consensus
P1-[get pre-prepareMsg]2021/09/11 15:47:16.984341 /root/study/github_repository/qb/network/node.go:551: put pre-prepare message into broadcast channel
P1-[receive PrepareMsg]2021/09/11 15:47:16.987078 /root/study/github_repository/qb/network/node.go:339: [put prepare message into MsgDelivery channel]
P1-[receive PrepareMsg]2021/09/11 15:47:16.987082 /root/study/github_repository/qb/network/node.go:483: Msgdelivery channel get a prepare message, and handle it
P1-[receive PrepareMsg]2021/09/11 15:47:16.988843 /root/study/github_repository/qb/network/node.go:483: Msgdelivery channel get a prepare message, and handle it
P1-[get commitMsg]2021/09/11 15:47:16.991423 /root/study/github_repository/qb/network/node.go:619: put commit message into broadcast channel
P1-[receive PrepareMsg]2021/09/11 15:47:16.991483 /root/study/github_repository/qb/network/node.go:483: Msgdelivery channel get a prepare message, and handle it
P1-[receive CommitMsg]2021/09/11 15:47:16.993396 /root/study/github_repository/qb/network/node.go:494: Msgdelivery channel get a commit message, and handle it
P1-[receive CommitMsg]2021/09/11 15:47:16.994873 /root/study/github_repository/qb/network/node.go:494: Msgdelivery channel get a commit message, and handle it
P1-[get replyMsg]2021/09/11 15:47:16.996730 /root/study/github_repository/qb/network/node.go:652: put reply message into broadcast channel
P1-[receive CommitMsg]2021/09/11 15:47:16.996752 /root/study/github_repository/qb/network/node.go:494: Msgdelivery channel get a commit message, and handle it
P1-[receive block.Block]2021/09/11 15:47:20.605644 /root/study/github_repository/qb/network/node.go:458: Msgdelivery channel get a new block,and create a new consensus
P1-[get pre-prepareMsg]2021/09/11 15:47:20.607476 /root/study/github_repository/qb/network/node.go:551: put pre-prepare message into broadcast channel
P1-[receive PrepareMsg]2021/09/11 15:47:20.610293 /root/study/github_repository/qb/network/node.go:483: Msgdelivery channel get a prepare message, and handle it
P1-[receive PrepareMsg]2021/09/11 15:47:20.612151 /root/study/github_repository/qb/network/node.go:483: Msgdelivery channel get a prepare message, and handle it
P1-[get commitMsg]2021/09/11 15:47:20.614221 /root/study/github_repository/qb/network/node.go:619: put commit message into broadcast channel
P1-[receive PrepareMsg]2021/09/11 15:47:20.614261 /root/study/github_repository/qb/network/node.go:483: Msgdelivery channel get a prepare message, and handle it
P1-[receive CommitMsg]2021/09/11 15:47:20.616600 /root/study/github_repository/qb/network/node.go:494: Msgdelivery channel get a commit message, and handle it
P1-[receive CommitMsg]2021/09/11 15:47:20.618254 /root/study/github_repository/qb/network/node.go:494: Msgdelivery channel get a commit message, and handle it
P1-[get replyMsg]2021/09/11 15:47:20.620230 /root/study/github_repository/qb/network/node.go:652: put reply message into broadcast channel
P1-[receive CommitMsg]2021/09/11 15:47:20.620266 /root/study/github_repository/qb/network/node.go:494: Msgdelivery channel get a commit message, and handle it
P1-[receive block.Block]2021/09/11 15:47:24.216512 /root/study/github_repository/qb/network/node.go:458: Msgdelivery channel get a new block,and create a new consensus
P1-[get pre-prepareMsg]2021/09/11 15:47:24.218170 /root/study/github_repository/qb/network/node.go:551: put pre-prepare message into broadcast channel
P1-[receive PrepareMsg]2021/09/11 15:47:24.221104 /root/study/github_repository/qb/network/node.go:483: Msgdelivery channel get a prepare message, and handle it
P1-[receive PrepareMsg]2021/09/11 15:47:24.222659 /root/study/github_repository/qb/network/node.go:483: Msgdelivery channel get a prepare message, and handle it
P1-[get commitMsg]2021/09/11 15:47:24.224968 /root/study/github_repository/qb/network/node.go:619: put commit message into broadcast channel
P1-[receive PrepareMsg]2021/09/11 15:47:24.225015 /root/study/github_repository/qb/network/node.go:483: Msgdelivery channel get a prepare message, and handle it
P1-[receive CommitMsg]2021/09/11 15:47:24.226910 /root/study/github_repository/qb/network/node.go:494: Msgdelivery channel get a commit message, and handle it
P1-[receive CommitMsg]2021/09/11 15:47:24.228628 /root/study/github_repository/qb/network/node.go:494: Msgdelivery channel get a commit message, and handle it
P1-[get replyMsg]2021/09/11 15:47:24.230382 /root/study/github_repository/qb/network/node.go:652: put reply message into broadcast channel
P1-[receive block.Block]2021/09/11 15:47:27.826917 /root/study/github_repository/qb/network/node.go:458: Msgdelivery channel get a new block,and create a new consensus
P1-[get pre-prepareMsg]2021/09/11 15:47:27.829475 /root/study/github_repository/qb/network/node.go:551: put pre-prepare message into broadcast channel
P1-[receive PrepareMsg]2021/09/11 15:47:27.832245 /root/study/github_repository/qb/network/node.go:483: Msgdelivery channel get a prepare message, and handle it
P1-[receive PrepareMsg]2021/09/11 15:47:27.834020 /root/study/github_repository/qb/network/node.go:483: Msgdelivery channel get a prepare message, and handle it
P1-[get commitMsg]2021/09/11 15:47:27.836660 /root/study/github_repository/qb/network/node.go:619: put commit message into broadcast channel
P1-[receive PrepareMsg]2021/09/11 15:47:27.836704 /root/study/github_repository/qb/network/node.go:483: Msgdelivery channel get a prepare message, and handle it
P1-[receive CommitMsg]2021/09/11 15:47:27.838847 /root/study/github_repository/qb/network/node.go:494: Msgdelivery channel get a commit message, and handle it
P1-[receive CommitMsg]2021/09/11 15:47:27.840685 /root/study/github_repository/qb/network/node.go:494: Msgdelivery channel get a commit message, and handle it
P1-[get replyMsg]2021/09/11 15:47:27.842423 /root/study/github_repository/qb/network/node.go:652: put reply message into broadcast channel
P1-[receive CommitMsg]2021/09/11 15:47:27.842455 /root/study/github_repository/qb/network/node.go:494: Msgdelivery channel get a commit message, and handle it
P1-[receive block.Block]2021/09/11 15:48:04.793516 /root/study/github_repository/qb/network/node.go:458: Msgdelivery channel get a new block,and create a new consensus
P1-[get pre-prepareMsg]2021/09/11 15:48:04.795232 /root/study/github_repository/qb/network/node.go:551: put pre-prepare message into broadcast channel
P1-[receive PrepareMsg]2021/09/11 15:48:04.798040 /root/study/github_repository/qb/network/node.go:483: Msgdelivery channel get a prepare message, and handle it
P1-[receive PrepareMsg]2021/09/11 15:48:04.799638 /root/study/github_repository/qb/network/node.go:483: Msgdelivery channel get a prepare message, and handle it
P1-[get commitMsg]2021/09/11 15:48:04.801660 /root/study/github_repository/qb/network/node.go:619: put commit message into broadcast channel
P1-[receive PrepareMsg]2021/09/11 15:48:04.801683 /root/study/github_repository/qb/network/node.go:483: Msgdelivery channel get a prepare message, and handle it
P1-[receive CommitMsg]2021/09/11 15:48:04.803383 /root/study/github_repository/qb/network/node.go:494: Msgdelivery channel get a commit message, and handle it
P1-[receive CommitMsg]2021/09/11 15:48:04.806215 /root/study/github_repository/qb/network/node.go:494: Msgdelivery channel get a commit message, and handle it
P1-[get replyMsg]2021/09/11 15:48:04.808177 /root/study/github_repository/qb/network/node.go:652: put reply message into broadcast channel
P1-[receive block.Block]2021/09/11 15:48:06.403351 /root/study/github_repository/qb/network/node.go:458: Msgdelivery channel get a new block,and create a new consensus
P1-[get pre-prepareMsg]2021/09/11 15:48:06.405204 /root/study/github_repository/qb/network/node.go:551: put pre-prepare message into broadcast channel
P1-[receive PrepareMsg]2021/09/11 15:48:06.408005 /root/study/github_repository/qb/network/node.go:483: Msgdelivery channel get a prepare message, and handle it
P1-[receive PrepareMsg]2021/09/11 15:48:06.409819 /root/study/github_repository/qb/network/node.go:483: Msgdelivery channel get a prepare message, and handle it
P1-[get commitMsg]2021/09/11 15:48:06.412404 /root/study/github_repository/qb/network/node.go:619: put commit message into broadcast channel
P1-[receive PrepareMsg]2021/09/11 15:48:06.412467 /root/study/github_repository/qb/network/node.go:483: Msgdelivery channel get a prepare message, and handle it
P1-[receive CommitMsg]2021/09/11 15:48:06.414183 /root/study/github_repository/qb/network/node.go:494: Msgdelivery channel get a commit message, and handle it
P1-[receive CommitMsg]2021/09/11 15:48:06.415793 /root/study/github_repository/qb/network/node.go:494: Msgdelivery channel get a commit message, and handle it
P1-[get replyMsg]2021/09/11 15:48:06.417678 /root/study/github_repository/qb/network/node.go:652: put reply message into broadcast channel
P1-[receive block.Block]2021/09/11 15:48:08.040643 /root/study/github_repository/qb/network/node.go:416: there no pbft on going, now create a new one and put the new block into MsgDelivery channel
P1-[receive block.Block]2021/09/11 15:48:08.040647 /root/study/github_repository/qb/network/node.go:458: Msgdelivery channel get a new block,and create a new consensus
P1-[get pre-prepareMsg]2021/09/11 15:48:08.042551 /root/study/github_repository/qb/network/node.go:551: put pre-prepare message into broadcast channel
P1-[receive PrepareMsg]2021/09/11 15:48:08.045367 /root/study/github_repository/qb/network/node.go:483: Msgdelivery channel get a prepare message, and handle it
P1-[receive PrepareMsg]2021/09/11 15:48:08.047151 /root/study/github_repository/qb/network/node.go:483: Msgdelivery channel get a prepare message, and handle it
P1-[get commitMsg]2021/09/11 15:48:08.051296 /root/study/github_repository/qb/network/node.go:619: put commit message into broadcast channel
P1-[receive PrepareMsg]2021/09/11 15:48:08.051333 /root/study/github_repository/qb/network/node.go:483: Msgdelivery channel get a prepare message, and handle it
P1-[receive CommitMsg]2021/09/11 15:48:08.053273 /root/study/github_repository/qb/network/node.go:494: Msgdelivery channel get a commit message, and handle it
P1-[receive CommitMsg]2021/09/11 15:48:08.054834 /root/study/github_repository/qb/network/node.go:494: Msgdelivery channel get a commit message, and handle it
P1-[get replyMsg]2021/09/11 15:48:08.056539 /root/study/github_repository/qb/network/node.go:652: put reply message into broadcast channel
P1-[receive CommitMsg]2021/09/11 15:48:08.056580 /root/study/github_repository/qb/network/node.go:494: Msgdelivery channel get a commit message, and handle it
P1-[receive block.Block]2021/09/11 15:48:09.659774 /root/study/github_repository/qb/network/node.go:458: Msgdelivery channel get a new block,and create a new consensus
P1-[get pre-prepareMsg]2021/09/11 15:48:09.661609 /root/study/github_repository/qb/network/node.go:551: put pre-prepare message into broadcast channel
P1-[receive PrepareMsg]2021/09/11 15:48:09.664735 /root/study/github_repository/qb/network/node.go:483: Msgdelivery channel get a prepare message, and handle it
P1-[receive PrepareMsg]2021/09/11 15:48:09.666665 /root/study/github_repository/qb/network/node.go:483: Msgdelivery channel get a prepare message, and handle it
P1-[get commitMsg]2021/09/11 15:48:09.668792 /root/study/github_repository/qb/network/node.go:619: put commit message into broadcast channel
P1-[receive PrepareMsg]2021/09/11 15:48:09.668812 /root/study/github_repository/qb/network/node.go:483: Msgdelivery channel get a prepare message, and handle it
P1-[receive CommitMsg]2021/09/11 15:48:09.670591 /root/study/github_repository/qb/network/node.go:494: Msgdelivery channel get a commit message, and handle it
P1-[receive CommitMsg]2021/09/11 15:48:09.672182 /root/study/github_repository/qb/network/node.go:494: Msgdelivery channel get a commit message, and handle it
P1-[get replyMsg]2021/09/11 15:48:09.675103 /root/study/github_repository/qb/network/node.go:652: put reply message into broadcast channel
P1-[receive CommitMsg]2021/09/11 15:48:09.675131 /root/study/github_repository/qb/network/node.go:494: Msgdelivery channel get a commit message, and handle it
P1-[receive block.Block]2021/09/11 15:48:16.978115 /root/study/github_repository/qb/network/node.go:458: Msgdelivery channel get a new block,and create a new consensus
P1-[get pre-prepareMsg]2021/09/11 15:48:16.980018 /root/study/github_repository/qb/network/node.go:551: put pre-prepare message into broadcast channel
P1-[receive PrepareMsg]2021/09/11 15:48:16.982728 /root/study/github_repository/qb/network/node.go:483: Msgdelivery channel get a prepare message, and handle it
P1-[receive PrepareMsg]2021/09/11 15:48:16.984446 /root/study/github_repository/qb/network/node.go:483: Msgdelivery channel get a prepare message, and handle it
P1-[get commitMsg]2021/09/11 15:48:16.986342 /root/study/github_repository/qb/network/node.go:619: put commit message into broadcast channel
P1-[receive PrepareMsg]2021/09/11 15:48:16.986357 /root/study/github_repository/qb/network/node.go:483: Msgdelivery channel get a prepare message, and handle it
P1-[receive CommitMsg]2021/09/11 15:48:16.988137 /root/study/github_repository/qb/network/node.go:494: Msgdelivery channel get a commit message, and handle it
P1-[receive CommitMsg]2021/09/11 15:48:16.989902 /root/study/github_repository/qb/network/node.go:494: Msgdelivery channel get a commit message, and handle it
P1-[get replyMsg]2021/09/11 15:48:16.991641 /root/study/github_repository/qb/network/node.go:652: put reply message into broadcast channel
P1-[receive CommitMsg]2021/09/11 15:48:16.991710 /root/study/github_repository/qb/network/node.go:494: Msgdelivery channel get a commit message, and handle it
P1-[receive block.Block]2021/09/11 15:48:18.573741 /root/study/github_repository/qb/network/node.go:458: Msgdelivery channel get a new block,and create a new consensus
P1-[get pre-prepareMsg]2021/09/11 15:48:18.575583 /root/study/github_repository/qb/network/node.go:551: put pre-prepare message into broadcast channel
P1-[receive PrepareMsg]2021/09/11 15:48:18.578277 /root/study/github_repository/qb/network/node.go:483: Msgdelivery channel get a prepare message, and handle it
P1-[receive PrepareMsg]2021/09/11 15:48:18.580861 /root/study/github_repository/qb/network/node.go:483: Msgdelivery channel get a prepare message, and handle it
P1-[get commitMsg]2021/09/11 15:48:18.583839 /root/study/github_repository/qb/network/node.go:619: put commit message into broadcast channel
P1-[receive PrepareMsg]2021/09/11 15:48:18.583921 /root/study/github_repository/qb/network/node.go:483: Msgdelivery channel get a prepare message, and handle it
P1-[receive CommitMsg]2021/09/11 15:48:18.585658 /root/study/github_repository/qb/network/node.go:494: Msgdelivery channel get a commit message, and handle it
P1-[receive CommitMsg]2021/09/11 15:48:18.587179 /root/study/github_repository/qb/network/node.go:494: Msgdelivery channel get a commit message, and handle it
P1-[get replyMsg]2021/09/11 15:48:18.589039 /root/study/github_repository/qb/network/node.go:652: put reply message into broadcast channel
P1-[receive block.Block]2021/09/11 15:48:20.184254 /root/study/github_repository/qb/network/node.go:458: Msgdelivery channel get a new block,and create a new consensus
P1-[get pre-prepareMsg]2021/09/11 15:48:20.185995 /root/study/github_repository/qb/network/node.go:551: put pre-prepare message into broadcast channel
P1-[receive PrepareMsg]2021/09/11 15:48:20.188854 /root/study/github_repository/qb/network/node.go:483: Msgdelivery channel get a prepare message, and handle it
P1-[receive PrepareMsg]2021/09/11 15:48:20.190546 /root/study/github_repository/qb/network/node.go:483: Msgdelivery channel get a prepare message, and handle it
P1-[get commitMsg]2021/09/11 15:48:20.192586 /root/study/github_repository/qb/network/node.go:619: put commit message into broadcast channel
P1-[receive PrepareMsg]2021/09/11 15:48:20.192629 /root/study/github_repository/qb/network/node.go:483: Msgdelivery channel get a prepare message, and handle it
P1-[receive CommitMsg]2021/09/11 15:48:20.194295 /root/study/github_repository/qb/network/node.go:494: Msgdelivery channel get a commit message, and handle it
P1-[receive CommitMsg]2021/09/11 15:48:20.196372 /root/study/github_repository/qb/network/node.go:494: Msgdelivery channel get a commit message, and handle it
P1-[get replyMsg]2021/09/11 15:48:20.198655 /root/study/github_repository/qb/network/node.go:652: put reply message into broadcast channel
P1-[receive CommitMsg]2021/09/11 15:48:20.198700 /root/study/github_repository/qb/network/node.go:494: Msgdelivery channel get a commit message, and handle it
P1-[receive block.Block]2021/09/11 15:48:21.794364 /root/study/github_repository/qb/network/node.go:458: Msgdelivery channel get a new block,and create a new consensus
P1-[get pre-prepareMsg]2021/09/11 15:48:21.796297 /root/study/github_repository/qb/network/node.go:551: put pre-prepare message into broadcast channel
P1-[receive PrepareMsg]2021/09/11 15:48:21.799479 /root/study/github_repository/qb/network/node.go:483: Msgdelivery channel get a prepare message, and handle it
P1-[receive PrepareMsg]2021/09/11 15:48:21.801119 /root/study/github_repository/qb/network/node.go:483: Msgdelivery channel get a prepare message, and handle it
P1-[get commitMsg]2021/09/11 15:48:21.803154 /root/study/github_repository/qb/network/node.go:619: put commit message into broadcast channel
P1-[receive PrepareMsg]2021/09/11 15:48:21.803204 /root/study/github_repository/qb/network/node.go:483: Msgdelivery channel get a prepare message, and handle it
P1-[receive CommitMsg]2021/09/11 15:48:21.804798 /root/study/github_repository/qb/network/node.go:494: Msgdelivery channel get a commit message, and handle it
P1-[receive CommitMsg]2021/09/11 15:48:21.806251 /root/study/github_repository/qb/network/node.go:494: Msgdelivery channel get a commit message, and handle it
P1-[get replyMsg]2021/09/11 15:48:21.807778 /root/study/github_repository/qb/network/node.go:652: put reply message into broadcast channel
P1-[receive block.Block]2021/09/11 15:48:34.261209 /root/study/github_repository/qb/network/node.go:458: Msgdelivery channel get a new block,and create a new consensus
P1-[get pre-prepareMsg]2021/09/11 15:48:34.262903 /root/study/github_repository/qb/network/node.go:551: put pre-prepare message into broadcast channel
P1-[receive PrepareMsg]2021/09/11 15:48:34.266056 /root/study/github_repository/qb/network/node.go:483: Msgdelivery channel get a prepare message, and handle it
P1-[receive PrepareMsg]2021/09/11 15:48:34.267935 /root/study/github_repository/qb/network/node.go:483: Msgdelivery channel get a prepare message, and handle it
P1-[get commitMsg]2021/09/11 15:48:34.271082 /root/study/github_repository/qb/network/node.go:619: put commit message into broadcast channel
P1-[receive PrepareMsg]2021/09/11 15:48:34.271124 /root/study/github_repository/qb/network/node.go:483: Msgdelivery channel get a prepare message, and handle it
P1-[receive CommitMsg]2021/09/11 15:48:34.272781 /root/study/github_repository/qb/network/node.go:494: Msgdelivery channel get a commit message, and handle it
P1-[receive CommitMsg]2021/09/11 15:48:34.274382 /root/study/github_repository/qb/network/node.go:494: Msgdelivery channel get a commit message, and handle it
P1-[get replyMsg]2021/09/11 15:48:34.276088 /root/study/github_repository/qb/network/node.go:652: put reply message into broadcast channel
P1-[receive block.Block]2021/09/11 15:48:35.860064 /root/study/github_repository/qb/network/node.go:458: Msgdelivery channel get a new block,and create a new consensus
P1-[receive block.Block]2021/09/11 15:48:35.860074 /root/study/github_repository/qb/network/node.go:416: there no pbft on going, now create a new one and put the new block into MsgDelivery channel
P1-[get pre-prepareMsg]2021/09/11 15:48:35.861974 /root/study/github_repository/qb/network/node.go:551: put pre-prepare message into broadcast channel
P1-[receive PrepareMsg]2021/09/11 15:48:35.865307 /root/study/github_repository/qb/network/node.go:483: Msgdelivery channel get a prepare message, and handle it
P1-[receive PrepareMsg]2021/09/11 15:48:35.867499 /root/study/github_repository/qb/network/node.go:483: Msgdelivery channel get a prepare message, and handle it
P1-[get commitMsg]2021/09/11 15:48:35.870124 /root/study/github_repository/qb/network/node.go:619: put commit message into broadcast channel
P1-[receive PrepareMsg]2021/09/11 15:48:35.870165 /root/study/github_repository/qb/network/node.go:483: Msgdelivery channel get a prepare message, and handle it
P1-[receive CommitMsg]2021/09/11 15:48:35.871847 /root/study/github_repository/qb/network/node.go:494: Msgdelivery channel get a commit message, and handle it
P1-[receive CommitMsg]2021/09/11 15:48:35.873455 /root/study/github_repository/qb/network/node.go:494: Msgdelivery channel get a commit message, and handle it
P1-[get replyMsg]2021/09/11 15:48:35.875171 /root/study/github_repository/qb/network/node.go:652: put reply message into broadcast channel
P1-[receive CommitMsg]2021/09/11 15:48:35.875193 /root/study/github_repository/qb/network/node.go:494: Msgdelivery channel get a commit message, and handle it
P1-[receive block.Block]2021/09/11 15:48:37.463229 /root/study/github_repository/qb/network/node.go:458: Msgdelivery channel get a new block,and create a new consensus
P1-[get pre-prepareMsg]2021/09/11 15:48:37.465178 /root/study/github_repository/qb/network/node.go:551: put pre-prepare message into broadcast channel
P1-[receive PrepareMsg]2021/09/11 15:48:37.468393 /root/study/github_repository/qb/network/node.go:483: Msgdelivery channel get a prepare message, and handle it
P1-[receive PrepareMsg]2021/09/11 15:48:37.470007 /root/study/github_repository/qb/network/node.go:483: Msgdelivery channel get a prepare message, and handle it
P1-[get commitMsg]2021/09/11 15:48:37.472011 /root/study/github_repository/qb/network/node.go:619: put commit message into broadcast channel
P1-[receive PrepareMsg]2021/09/11 15:48:37.472047 /root/study/github_repository/qb/network/node.go:483: Msgdelivery channel get a prepare message, and handle it
P1-[receive CommitMsg]2021/09/11 15:48:37.473601 /root/study/github_repository/qb/network/node.go:494: Msgdelivery channel get a commit message, and handle it
P1-[receive CommitMsg]2021/09/11 15:48:37.475069 /root/study/github_repository/qb/network/node.go:494: Msgdelivery channel get a commit message, and handle it
P1-[get replyMsg]2021/09/11 15:48:37.476714 /root/study/github_repository/qb/network/node.go:652: put reply message into broadcast channel
P1-[receive block.Block]2021/09/11 15:48:39.055684 /root/study/github_repository/qb/network/node.go:458: Msgdelivery channel get a new block,and create a new consensus
P1-[get pre-prepareMsg]2021/09/11 15:48:39.057381 /root/study/github_repository/qb/network/node.go:551: put pre-prepare message into broadcast channel
P1-[receive PrepareMsg]2021/09/11 15:48:39.060146 /root/study/github_repository/qb/network/node.go:483: Msgdelivery channel get a prepare message, and handle it
P1-[receive PrepareMsg]2021/09/11 15:48:39.061940 /root/study/github_repository/qb/network/node.go:483: Msgdelivery channel get a prepare message, and handle it
P1-[get commitMsg]2021/09/11 15:48:39.064049 /root/study/github_repository/qb/network/node.go:619: put commit message into broadcast channel
P1-[receive PrepareMsg]2021/09/11 15:48:39.064066 /root/study/github_repository/qb/network/node.go:483: Msgdelivery channel get a prepare message, and handle it
P1-[receive CommitMsg]2021/09/11 15:48:39.065757 /root/study/github_repository/qb/network/node.go:494: Msgdelivery channel get a commit message, and handle it
P1-[receive CommitMsg]2021/09/11 15:48:39.069073 /root/study/github_repository/qb/network/node.go:494: Msgdelivery channel get a commit message, and handle it
P1-[get replyMsg]2021/09/11 15:48:39.070633 /root/study/github_repository/qb/network/node.go:652: put reply message into broadcast channel
P1-[receive block.Block]2021/09/11 15:49:54.926249 /root/study/github_repository/qb/network/node.go:458: Msgdelivery channel get a new block,and create a new consensus
P1-[get pre-prepareMsg]2021/09/11 15:49:54.928451 /root/study/github_repository/qb/network/node.go:551: put pre-prepare message into broadcast channel
P1-[receive PrepareMsg]2021/09/11 15:49:54.932304 /root/study/github_repository/qb/network/node.go:483: Msgdelivery channel get a prepare message, and handle it
P1-[receive PrepareMsg]2021/09/11 15:49:54.934188 /root/study/github_repository/qb/network/node.go:483: Msgdelivery channel get a prepare message, and handle it
P1-[get commitMsg]2021/09/11 15:49:54.936294 /root/study/github_repository/qb/network/node.go:619: put commit message into broadcast channel
P1-[receive PrepareMsg]2021/09/11 15:49:54.936330 /root/study/github_repository/qb/network/node.go:483: Msgdelivery channel get a prepare message, and handle it
P1-[receive CommitMsg]2021/09/11 15:49:54.938126 /root/study/github_repository/qb/network/node.go:494: Msgdelivery channel get a commit message, and handle it
P1-[receive CommitMsg]2021/09/11 15:49:54.940142 /root/study/github_repository/qb/network/node.go:494: Msgdelivery channel get a commit message, and handle it
P1-[get replyMsg]2021/09/11 15:49:54.942440 /root/study/github_repository/qb/network/node.go:652: put reply message into broadcast channel
P1-[receive CommitMsg]2021/09/11 15:49:54.942459 /root/study/github_repository/qb/network/node.go:494: Msgdelivery channel get a commit message, and handle it
P1-[receive block.Block]2021/09/11 15:49:56.529126 /root/study/github_repository/qb/network/node.go:458: Msgdelivery channel get a new block,and create a new consensus
P1-[get pre-prepareMsg]2021/09/11 15:49:56.530894 /root/study/github_repository/qb/network/node.go:551: put pre-prepare message into broadcast channel
P1-[receive PrepareMsg]2021/09/11 15:49:56.533516 /root/study/github_repository/qb/network/node.go:483: Msgdelivery channel get a prepare message, and handle it
P1-[receive PrepareMsg]2021/09/11 15:49:56.535154 /root/study/github_repository/qb/network/node.go:483: Msgdelivery channel get a prepare message, and handle it
P1-[get commitMsg]2021/09/11 15:49:56.538687 /root/study/github_repository/qb/network/node.go:619: put commit message into broadcast channel
P1-[receive PrepareMsg]2021/09/11 15:49:56.538716 /root/study/github_repository/qb/network/node.go:483: Msgdelivery channel get a prepare message, and handle it
P1-[receive CommitMsg]2021/09/11 15:49:56.553915 /root/study/github_repository/qb/network/node.go:494: Msgdelivery channel get a commit message, and handle it
P1-[receive CommitMsg]2021/09/11 15:49:56.568512 /root/study/github_repository/qb/network/node.go:494: Msgdelivery channel get a commit message, and handle it
P1-[get replyMsg]2021/09/11 15:49:56.570117 /root/study/github_repository/qb/network/node.go:652: put reply message into broadcast channel
P1-[receive block.Block]2021/09/11 15:49:58.136157 /root/study/github_repository/qb/network/node.go:458: Msgdelivery channel get a new block,and create a new consensus
P1-[get pre-prepareMsg]2021/09/11 15:49:58.137916 /root/study/github_repository/qb/network/node.go:551: put pre-prepare message into broadcast channel
P1-[receive PrepareMsg]2021/09/11 15:49:58.141686 /root/study/github_repository/qb/network/node.go:483: Msgdelivery channel get a prepare message, and handle it
P1-[receive PrepareMsg]2021/09/11 15:49:58.143377 /root/study/github_repository/qb/network/node.go:483: Msgdelivery channel get a prepare message, and handle it
P1-[get commitMsg]2021/09/11 15:49:58.145307 /root/study/github_repository/qb/network/node.go:619: put commit message into broadcast channel
P1-[receive PrepareMsg]2021/09/11 15:49:58.145345 /root/study/github_repository/qb/network/node.go:483: Msgdelivery channel get a prepare message, and handle it
P1-[receive CommitMsg]2021/09/11 15:49:58.146844 /root/study/github_repository/qb/network/node.go:494: Msgdelivery channel get a commit message, and handle it
P1-[receive CommitMsg]2021/09/11 15:49:58.148549 /root/study/github_repository/qb/network/node.go:494: Msgdelivery channel get a commit message, and handle it
P1-[get replyMsg]2021/09/11 15:49:58.150402 /root/study/github_repository/qb/network/node.go:652: put reply message into broadcast channel
P1-[receive block.Block]2021/09/11 15:49:59.740595 /root/study/github_repository/qb/network/node.go:458: Msgdelivery channel get a new block,and create a new consensus
P1-[get pre-prepareMsg]2021/09/11 15:49:59.742350 /root/study/github_repository/qb/network/node.go:551: put pre-prepare message into broadcast channel
P1-[receive PrepareMsg]2021/09/11 15:49:59.745799 /root/study/github_repository/qb/network/node.go:483: Msgdelivery channel get a prepare message, and handle it
P1-[receive PrepareMsg]2021/09/11 15:49:59.747494 /root/study/github_repository/qb/network/node.go:483: Msgdelivery channel get a prepare message, and handle it
P1-[get commitMsg]2021/09/11 15:49:59.749961 /root/study/github_repository/qb/network/node.go:619: put commit message into broadcast channel
P1-[receive PrepareMsg]2021/09/11 15:49:59.750000 /root/study/github_repository/qb/network/node.go:483: Msgdelivery channel get a prepare message, and handle it
P1-[receive CommitMsg]2021/09/11 15:49:59.751713 /root/study/github_repository/qb/network/node.go:494: Msgdelivery channel get a commit message, and handle it
P1-[receive CommitMsg]2021/09/11 15:49:59.753276 /root/study/github_repository/qb/network/node.go:494: Msgdelivery channel get a commit message, and handle it
P1-[get replyMsg]2021/09/11 15:49:59.754858 /root/study/github_repository/qb/network/node.go:652: put reply message into broadcast channel
P1-[receive CommitMsg]2021/09/11 15:49:59.754892 /root/study/github_repository/qb/network/node.go:494: Msgdelivery channel get a commit message, and handle it
P1-[receive block.Block]2021/09/11 15:50:09.251469 /root/study/github_repository/qb/network/node.go:458: Msgdelivery channel get a new block,and create a new consensus
P1-[get pre-prepareMsg]2021/09/11 15:50:09.253331 /root/study/github_repository/qb/network/node.go:551: put pre-prepare message into broadcast channel
P1-[receive PrepareMsg]2021/09/11 15:50:09.256612 /root/study/github_repository/qb/network/node.go:483: Msgdelivery channel get a prepare message, and handle it
P1-[receive PrepareMsg]2021/09/11 15:50:09.258259 /root/study/github_repository/qb/network/node.go:483: Msgdelivery channel get a prepare message, and handle it
P1-[get commitMsg]2021/09/11 15:50:09.260472 /root/study/github_repository/qb/network/node.go:619: put commit message into broadcast channel
P1-[receive PrepareMsg]2021/09/11 15:50:09.260495 /root/study/github_repository/qb/network/node.go:483: Msgdelivery channel get a prepare message, and handle it
P1-[receive CommitMsg]2021/09/11 15:50:09.262752 /root/study/github_repository/qb/network/node.go:494: Msgdelivery channel get a commit message, and handle it
P1-[receive CommitMsg]2021/09/11 15:50:09.264269 /root/study/github_repository/qb/network/node.go:494: Msgdelivery channel get a commit message, and handle it
P1-[get replyMsg]2021/09/11 15:50:09.266319 /root/study/github_repository/qb/network/node.go:652: put reply message into broadcast channel
P1-[receive CommitMsg]2021/09/11 15:50:09.266356 /root/study/github_repository/qb/network/node.go:494: Msgdelivery channel get a commit message, and handle it
P1-[receive block.Block]2021/09/11 15:50:10.860805 /root/study/github_repository/qb/network/node.go:458: Msgdelivery channel get a new block,and create a new consensus
P1-[get pre-prepareMsg]2021/09/11 15:50:10.862430 /root/study/github_repository/qb/network/node.go:551: put pre-prepare message into broadcast channel
P1-[receive PrepareMsg]2021/09/11 15:50:10.865350 /root/study/github_repository/qb/network/node.go:483: Msgdelivery channel get a prepare message, and handle it
P1-[receive PrepareMsg]2021/09/11 15:50:10.867108 /root/study/github_repository/qb/network/node.go:483: Msgdelivery channel get a prepare message, and handle it
P1-[get commitMsg]2021/09/11 15:50:10.869039 /root/study/github_repository/qb/network/node.go:619: put commit message into broadcast channel
P1-[receive PrepareMsg]2021/09/11 15:50:10.869050 /root/study/github_repository/qb/network/node.go:483: Msgdelivery channel get a prepare message, and handle it
P1-[receive CommitMsg]2021/09/11 15:50:10.870678 /root/study/github_repository/qb/network/node.go:494: Msgdelivery channel get a commit message, and handle it
P1-[receive CommitMsg]2021/09/11 15:50:10.872763 /root/study/github_repository/qb/network/node.go:494: Msgdelivery channel get a commit message, and handle it
P1-[get replyMsg]2021/09/11 15:50:10.875282 /root/study/github_repository/qb/network/node.go:652: put reply message into broadcast channel
P1-[receive CommitMsg]2021/09/11 15:50:10.875338 /root/study/github_repository/qb/network/node.go:494: Msgdelivery channel get a commit message, and handle it
P1-[receive block.Block]2021/09/11 15:50:12.463082 /root/study/github_repository/qb/network/node.go:458: Msgdelivery channel get a new block,and create a new consensus
P1-[get pre-prepareMsg]2021/09/11 15:50:12.464764 /root/study/github_repository/qb/network/node.go:551: put pre-prepare message into broadcast channel
P1-[receive PrepareMsg]2021/09/11 15:50:12.467967 /root/study/github_repository/qb/network/node.go:483: Msgdelivery channel get a prepare message, and handle it
P1-[receive PrepareMsg]2021/09/11 15:50:12.470602 /root/study/github_repository/qb/network/node.go:483: Msgdelivery channel get a prepare message, and handle it
P1-[get commitMsg]2021/09/11 15:50:12.472579 /root/study/github_repository/qb/network/node.go:619: put commit message into broadcast channel
P1-[receive PrepareMsg]2021/09/11 15:50:12.472594 /root/study/github_repository/qb/network/node.go:483: Msgdelivery channel get a prepare message, and handle it
P1-[receive CommitMsg]2021/09/11 15:50:12.474160 /root/study/github_repository/qb/network/node.go:494: Msgdelivery channel get a commit message, and handle it
P1-[receive CommitMsg]2021/09/11 15:50:12.476109 /root/study/github_repository/qb/network/node.go:494: Msgdelivery channel get a commit message, and handle it
P1-[get replyMsg]2021/09/11 15:50:12.477775 /root/study/github_repository/qb/network/node.go:652: put reply message into broadcast channel
P1-[receive CommitMsg]2021/09/11 15:50:12.477793 /root/study/github_repository/qb/network/node.go:494: Msgdelivery channel get a commit message, and handle it
P1-[receive block.Block]2021/09/11 15:50:14.107299 /root/study/github_repository/qb/network/node.go:458: Msgdelivery channel get a new block,and create a new consensus
P1-[get pre-prepareMsg]2021/09/11 15:50:14.108942 /root/study/github_repository/qb/network/node.go:551: put pre-prepare message into broadcast channel
P1-[receive PrepareMsg]2021/09/11 15:50:14.111942 /root/study/github_repository/qb/network/node.go:483: Msgdelivery channel get a prepare message, and handle it
P1-[receive PrepareMsg]2021/09/11 15:50:14.113484 /root/study/github_repository/qb/network/node.go:483: Msgdelivery channel get a prepare message, and handle it
P1-[get commitMsg]2021/09/11 15:50:14.115364 /root/study/github_repository/qb/network/node.go:619: put commit message into broadcast channel
P1-[receive PrepareMsg]2021/09/11 15:50:14.115377 /root/study/github_repository/qb/network/node.go:483: Msgdelivery channel get a prepare message, and handle it
P1-[receive CommitMsg]2021/09/11 15:50:14.117094 /root/study/github_repository/qb/network/node.go:494: Msgdelivery channel get a commit message, and handle it
P1-[get replyMsg]2021/09/11 15:50:14.121448 /root/study/github_repository/qb/network/node.go:652: put reply message into broadcast channel
P1-[receive CommitMsg]2021/09/11 15:50:14.121498 /root/study/github_repository/qb/network/node.go:494: Msgdelivery channel get a commit message, and handle it
