P3-[receive PrePrepareMsg]2021/09/11 15:41:26.071822 /root/study/github_repository/qb/network/node.go:472: Msgdelivery channel get a preprepare, and handle it
P3-[get prepareMsg]2021/09/11 15:41:26.074129 /root/study/github_repository/qb/network/node.go:587: put prepare message into broadcast channel
P3-[receive PrepareMsg]2021/09/11 15:41:26.074590 /root/study/github_repository/qb/network/node.go:483: Msgdelivery channel get a prepare message, and handle it
P3-[get commitMsg]2021/09/11 15:41:26.077028 /root/study/github_repository/qb/network/node.go:619: put commit message into broadcast channel
P3-[receive PrepareMsg]2021/09/11 15:41:26.077059 /root/study/github_repository/qb/network/node.go:483: Msgdelivery channel get a prepare message, and handle it
P3-[receive CommitMsg]2021/09/11 15:41:26.079601 /root/study/github_repository/qb/network/node.go:494: Msgdelivery channel get a commit message, and handle it
P3-[receive CommitMsg]2021/09/11 15:41:26.081369 /root/study/github_repository/qb/network/node.go:494: Msgdelivery channel get a commit message, and handle it
P3-[get replyMsg]2021/09/11 15:41:26.083116 /root/study/github_repository/qb/network/node.go:652: put reply message into broadcast channel
P3-[receive CommitMsg]2021/09/11 15:41:26.083166 /root/study/github_repository/qb/network/node.go:494: Msgdelivery channel get a commit message, and handle it
P3-[receive PrePrepareMsg]2021/09/11 15:41:33.710375 /root/study/github_repository/qb/network/node.go:472: Msgdelivery channel get a preprepare, and handle it
P3-[get prepareMsg]2021/09/11 15:41:33.712345 /root/study/github_repository/qb/network/node.go:587: put prepare message into broadcast channel
P3-[receive PrepareMsg]2021/09/11 15:41:33.712372 /root/study/github_repository/qb/network/node.go:483: Msgdelivery channel get a prepare message, and handle it
P3-[get commitMsg]2021/09/11 15:41:33.743836 /root/study/github_repository/qb/network/node.go:619: put commit message into broadcast channel
P3-[receive PrepareMsg]2021/09/11 15:41:33.743848 /root/study/github_repository/qb/network/node.go:483: Msgdelivery channel get a prepare message, and handle it
P3-[receive CommitMsg]2021/09/11 15:41:33.747082 /root/study/github_repository/qb/network/node.go:494: Msgdelivery channel get a commit message, and handle it
P3-[receive CommitMsg]2021/09/11 15:41:33.748663 /root/study/github_repository/qb/network/node.go:494: Msgdelivery channel get a commit message, and handle it
P3-[get replyMsg]2021/09/11 15:41:33.750265 /root/study/github_repository/qb/network/node.go:652: put reply message into broadcast channel
P3-[receive CommitMsg]2021/09/11 15:41:33.750292 /root/study/github_repository/qb/network/node.go:494: Msgdelivery channel get a commit message, and handle it
P3-[receive PrePrepareMsg]2021/09/11 15:41:41.320763 /root/study/github_repository/qb/network/node.go:472: Msgdelivery channel get a preprepare, and handle it
P3-[get prepareMsg]2021/09/11 15:41:41.322820 /root/study/github_repository/qb/network/node.go:587: put prepare message into broadcast channel
P3-[receive PrepareMsg]2021/09/11 15:41:41.324023 /root/study/github_repository/qb/network/node.go:483: Msgdelivery channel get a prepare message, and handle it
P3-[get commitMsg]2021/09/11 15:41:41.326000 /root/study/github_repository/qb/network/node.go:619: put commit message into broadcast channel
P3-[receive CommitMsg]2021/09/11 15:41:41.328146 /root/study/github_repository/qb/network/node.go:494: Msgdelivery channel get a commit message, and handle it
P3-[receive CommitMsg]2021/09/11 15:41:41.330158 /root/study/github_repository/qb/network/node.go:494: Msgdelivery channel get a commit message, and handle it
P3-[get replyMsg]2021/09/11 15:41:41.331696 /root/study/github_repository/qb/network/node.go:652: put reply message into broadcast channel
P3-[receive CommitMsg]2021/09/11 15:41:41.331707 /root/study/github_repository/qb/network/node.go:494: Msgdelivery channel get a commit message, and handle it
P3-[receive PrePrepareMsg]2021/09/11 15:41:48.942660 /root/study/github_repository/qb/network/node.go:472: Msgdelivery channel get a preprepare, and handle it
P3-[get prepareMsg]2021/09/11 15:41:48.944572 /root/study/github_repository/qb/network/node.go:587: put prepare message into broadcast channel
P3-[receive PrepareMsg]2021/09/11 15:41:48.948589 /root/study/github_repository/qb/network/node.go:483: Msgdelivery channel get a prepare message, and handle it
P3-[get commitMsg]2021/09/11 15:41:48.950590 /root/study/github_repository/qb/network/node.go:619: put commit message into broadcast channel
P3-[receive CommitMsg]2021/09/11 15:41:48.952099 /root/study/github_repository/qb/network/node.go:494: Msgdelivery channel get a commit message, and handle it
P3-[get replyMsg]2021/09/11 15:41:48.956401 /root/study/github_repository/qb/network/node.go:652: put reply message into broadcast channel
P3-[receive PrePrepareMsg]2021/09/11 15:42:00.779838 /root/study/github_repository/qb/network/node.go:472: Msgdelivery channel get a preprepare, and handle it
P3-[get prepareMsg]2021/09/11 15:42:00.781900 /root/study/github_repository/qb/network/node.go:587: put prepare message into broadcast channel
P3-[receive PrepareMsg]2021/09/11 15:42:00.782014 /root/study/github_repository/qb/network/node.go:483: Msgdelivery channel get a prepare message, and handle it
P3-[get commitMsg]2021/09/11 15:42:00.784005 /root/study/github_repository/qb/network/node.go:619: put commit message into broadcast channel
P3-[receive CommitMsg]2021/09/11 15:42:00.786659 /root/study/github_repository/qb/network/node.go:494: Msgdelivery channel get a commit message, and handle it
P3-[receive CommitMsg]2021/09/11 15:42:00.788416 /root/study/github_repository/qb/network/node.go:494: Msgdelivery channel get a commit message, and handle it
P3-[get replyMsg]2021/09/11 15:42:00.790246 /root/study/github_repository/qb/network/node.go:652: put reply message into broadcast channel
P3-[receive CommitMsg]2021/09/11 15:42:00.790272 /root/study/github_repository/qb/network/node.go:494: Msgdelivery channel get a commit message, and handle it
P3-[receive PrePrepareMsg]2021/09/11 15:42:08.417118 /root/study/github_repository/qb/network/node.go:472: Msgdelivery channel get a preprepare, and handle it
P3-[get prepareMsg]2021/09/11 15:42:08.419120 /root/study/github_repository/qb/network/node.go:587: put prepare message into broadcast channel
P3-[receive PrepareMsg]2021/09/11 15:42:08.419233 /root/study/github_repository/qb/network/node.go:339: [put prepare message into MsgDelivery channel]
P3-[receive PrepareMsg]2021/09/11 15:42:08.419236 /root/study/github_repository/qb/network/node.go:483: Msgdelivery channel get a prepare message, and handle it
P3-[get commitMsg]2021/09/11 15:42:08.422787 /root/study/github_repository/qb/network/node.go:619: put commit message into broadcast channel
P3-[receive PrepareMsg]2021/09/11 15:42:08.422818 /root/study/github_repository/qb/network/node.go:483: Msgdelivery channel get a prepare message, and handle it
P3-[receive CommitMsg]2021/09/11 15:42:08.424410 /root/study/github_repository/qb/network/node.go:494: Msgdelivery channel get a commit message, and handle it
P3-[receive CommitMsg]2021/09/11 15:42:08.426189 /root/study/github_repository/qb/network/node.go:494: Msgdelivery channel get a commit message, and handle it
P3-[get replyMsg]2021/09/11 15:42:08.428029 /root/study/github_repository/qb/network/node.go:652: put reply message into broadcast channel
P3-[receive CommitMsg]2021/09/11 15:42:08.428059 /root/study/github_repository/qb/network/node.go:494: Msgdelivery channel get a commit message, and handle it
P3-[receive PrePrepareMsg]2021/09/11 15:42:16.019561 /root/study/github_repository/qb/network/node.go:472: Msgdelivery channel get a preprepare, and handle it
P3-[get prepareMsg]2021/09/11 15:42:16.021465 /root/study/github_repository/qb/network/node.go:587: put prepare message into broadcast channel
P3-[receive PrepareMsg]2021/09/11 15:42:16.021974 /root/study/github_repository/qb/network/node.go:483: Msgdelivery channel get a prepare message, and handle it
P3-[get commitMsg]2021/09/11 15:42:16.024959 /root/study/github_repository/qb/network/node.go:619: put commit message into broadcast channel
P3-[receive PrepareMsg]2021/09/11 15:42:16.025052 /root/study/github_repository/qb/network/node.go:483: Msgdelivery channel get a prepare message, and handle it
P3-[receive CommitMsg]2021/09/11 15:42:16.027394 /root/study/github_repository/qb/network/node.go:494: Msgdelivery channel get a commit message, and handle it
P3-[receive CommitMsg]2021/09/11 15:42:16.029315 /root/study/github_repository/qb/network/node.go:494: Msgdelivery channel get a commit message, and handle it
P3-[get replyMsg]2021/09/11 15:42:16.031398 /root/study/github_repository/qb/network/node.go:652: put reply message into broadcast channel
P3-[receive CommitMsg]2021/09/11 15:42:16.031458 /root/study/github_repository/qb/network/node.go:494: Msgdelivery channel get a commit message, and handle it
P3-[receive PrePrepareMsg]2021/09/11 15:42:23.620264 /root/study/github_repository/qb/network/node.go:472: Msgdelivery channel get a preprepare, and handle it
P3-[get prepareMsg]2021/09/11 15:42:23.622832 /root/study/github_repository/qb/network/node.go:587: put prepare message into broadcast channel
P3-[receive PrepareMsg]2021/09/11 15:42:23.623700 /root/study/github_repository/qb/network/node.go:483: Msgdelivery channel get a prepare message, and handle it
P3-[get commitMsg]2021/09/11 15:42:23.625863 /root/study/github_repository/qb/network/node.go:619: put commit message into broadcast channel
P3-[receive PrepareMsg]2021/09/11 15:42:23.625893 /root/study/github_repository/qb/network/node.go:483: Msgdelivery channel get a prepare message, and handle it
P3-[receive CommitMsg]2021/09/11 15:42:23.627309 /root/study/github_repository/qb/network/node.go:494: Msgdelivery channel get a commit message, and handle it
P3-[receive CommitMsg]2021/09/11 15:42:23.628861 /root/study/github_repository/qb/network/node.go:494: Msgdelivery channel get a commit message, and handle it
P3-[get replyMsg]2021/09/11 15:42:23.631028 /root/study/github_repository/qb/network/node.go:652: put reply message into broadcast channel
P3-[receive CommitMsg]2021/09/11 15:42:23.632065 /root/study/github_repository/qb/network/node.go:494: Msgdelivery channel get a commit message, and handle it
P3-[receive PrePrepareMsg]2021/09/11 15:43:09.307840 /root/study/github_repository/qb/network/node.go:472: Msgdelivery channel get a preprepare, and handle it
P3-[get prepareMsg]2021/09/11 15:43:09.309720 /root/study/github_repository/qb/network/node.go:587: put prepare message into broadcast channel
P3-[receive PrepareMsg]2021/09/11 15:43:09.313725 /root/study/github_repository/qb/network/node.go:483: Msgdelivery channel get a prepare message, and handle it
P3-[get commitMsg]2021/09/11 15:43:09.315839 /root/study/github_repository/qb/network/node.go:619: put commit message into broadcast channel
P3-[receive CommitMsg]2021/09/11 15:43:09.317509 /root/study/github_repository/qb/network/node.go:494: Msgdelivery channel get a commit message, and handle it
P3-[get replyMsg]2021/09/11 15:43:09.320721 /root/study/github_repository/qb/network/node.go:652: put reply message into broadcast channel
P3-[receive PrePrepareMsg]2021/09/11 15:43:16.981676 /root/study/github_repository/qb/network/node.go:472: Msgdelivery channel get a preprepare, and handle it
P3-[get prepareMsg]2021/09/11 15:43:16.984283 /root/study/github_repository/qb/network/node.go:164: receive a prepare message
P3-[get prepareMsg]2021/09/11 15:43:16.984285 /root/study/github_repository/qb/network/node.go:587: put prepare message into broadcast channel
P3-[receive PrepareMsg]2021/09/11 15:43:16.984340 /root/study/github_repository/qb/network/node.go:483: Msgdelivery channel get a prepare message, and handle it
P3-[get commitMsg]2021/09/11 15:43:16.986303 /root/study/github_repository/qb/network/node.go:619: put commit message into broadcast channel
P3-[receive CommitMsg]2021/09/11 15:43:16.987932 /root/study/github_repository/qb/network/node.go:494: Msgdelivery channel get a commit message, and handle it
P3-[get replyMsg]2021/09/11 15:43:16.991334 /root/study/github_repository/qb/network/node.go:652: put reply message into broadcast channel
P3-[receive CommitMsg]2021/09/11 15:43:16.991374 /root/study/github_repository/qb/network/node.go:494: Msgdelivery channel get a commit message, and handle it
P3-[receive PrePrepareMsg]2021/09/11 15:43:24.606786 /root/study/github_repository/qb/network/node.go:472: Msgdelivery channel get a preprepare, and handle it
P3-[get prepareMsg]2021/09/11 15:43:24.608825 /root/study/github_repository/qb/network/node.go:587: put prepare message into broadcast channel
P3-[receive PrepareMsg]2021/09/11 15:43:24.608971 /root/study/github_repository/qb/network/node.go:483: Msgdelivery channel get a prepare message, and handle it
P3-[get commitMsg]2021/09/11 15:43:24.612118 /root/study/github_repository/qb/network/node.go:619: put commit message into broadcast channel
P3-[receive CommitMsg]2021/09/11 15:43:24.614287 /root/study/github_repository/qb/network/node.go:494: Msgdelivery channel get a commit message, and handle it
P3-[receive CommitMsg]2021/09/11 15:43:24.616555 /root/study/github_repository/qb/network/node.go:494: Msgdelivery channel get a commit message, and handle it
P3-[get replyMsg]2021/09/11 15:43:24.618191 /root/study/github_repository/qb/network/node.go:652: put reply message into broadcast channel
P3-[receive CommitMsg]2021/09/11 15:43:24.618213 /root/study/github_repository/qb/network/node.go:494: Msgdelivery channel get a commit message, and handle it
P3-[receive PrePrepareMsg]2021/09/11 15:43:32.211018 /root/study/github_repository/qb/network/node.go:472: Msgdelivery channel get a preprepare, and handle it
P3-[get prepareMsg]2021/09/11 15:43:32.213004 /root/study/github_repository/qb/network/node.go:587: put prepare message into broadcast channel
P3-[receive PrepareMsg]2021/09/11 15:43:32.213436 /root/study/github_repository/qb/network/node.go:483: Msgdelivery channel get a prepare message, and handle it
P3-[get commitMsg]2021/09/11 15:43:32.216264 /root/study/github_repository/qb/network/node.go:619: put commit message into broadcast channel
P3-[receive PrepareMsg]2021/09/11 15:43:32.216338 /root/study/github_repository/qb/network/node.go:483: Msgdelivery channel get a prepare message, and handle it
P3-[receive CommitMsg]2021/09/11 15:43:32.218690 /root/study/github_repository/qb/network/node.go:494: Msgdelivery channel get a commit message, and handle it
P3-[receive CommitMsg]2021/09/11 15:43:32.220224 /root/study/github_repository/qb/network/node.go:494: Msgdelivery channel get a commit message, and handle it
P3-[get replyMsg]2021/09/11 15:43:32.221728 /root/study/github_repository/qb/network/node.go:652: put reply message into broadcast channel
P3-[receive CommitMsg]2021/09/11 15:43:32.221767 /root/study/github_repository/qb/network/node.go:494: Msgdelivery channel get a commit message, and handle it
P3-[receive PrePrepareMsg]2021/09/11 15:43:54.320508 /root/study/github_repository/qb/network/node.go:472: Msgdelivery channel get a preprepare, and handle it
P3-[get prepareMsg]2021/09/11 15:43:54.322396 /root/study/github_repository/qb/network/node.go:587: put prepare message into broadcast channel
P3-[receive PrepareMsg]2021/09/11 15:43:54.323126 /root/study/github_repository/qb/network/node.go:483: Msgdelivery channel get a prepare message, and handle it
P3-[get commitMsg]2021/09/11 15:43:54.325151 /root/study/github_repository/qb/network/node.go:619: put commit message into broadcast channel
P3-[receive PrepareMsg]2021/09/11 15:43:54.325195 /root/study/github_repository/qb/network/node.go:483: Msgdelivery channel get a prepare message, and handle it
P3-[receive CommitMsg]2021/09/11 15:43:54.327971 /root/study/github_repository/qb/network/node.go:356: [put commit message into MsgDelivery channel]
P3-[receive CommitMsg]2021/09/11 15:43:54.330145 /root/study/github_repository/qb/network/node.go:494: Msgdelivery channel get a commit message, and handle it
P3-[get replyMsg]2021/09/11 15:43:54.332161 /root/study/github_repository/qb/network/node.go:652: put reply message into broadcast channel
P3-[receive CommitMsg]2021/09/11 15:43:54.332195 /root/study/github_repository/qb/network/node.go:494: Msgdelivery channel get a commit message, and handle it
P3-[receive PrePrepareMsg]2021/09/11 15:44:01.905845 /root/study/github_repository/qb/network/node.go:472: Msgdelivery channel get a preprepare, and handle it
P3-[get prepareMsg]2021/09/11 15:44:01.907851 /root/study/github_repository/qb/network/node.go:587: put prepare message into broadcast channel
P3-[receive PrepareMsg]2021/09/11 15:44:01.907913 /root/study/github_repository/qb/network/node.go:483: Msgdelivery channel get a prepare message, and handle it
P3-[get commitMsg]2021/09/11 15:44:01.910070 /root/study/github_repository/qb/network/node.go:619: put commit message into broadcast channel
P3-[receive PrepareMsg]2021/09/11 15:44:01.910112 /root/study/github_repository/qb/network/node.go:483: Msgdelivery channel get a prepare message, and handle it
P3-[receive CommitMsg]2021/09/11 15:44:01.912989 /root/study/github_repository/qb/network/node.go:494: Msgdelivery channel get a commit message, and handle it
P3-[receive CommitMsg]2021/09/11 15:44:01.915725 /root/study/github_repository/qb/network/node.go:494: Msgdelivery channel get a commit message, and handle it
P3-[get replyMsg]2021/09/11 15:44:01.917382 /root/study/github_repository/qb/network/node.go:652: put reply message into broadcast channel
P3-[receive PrePrepareMsg]2021/09/11 15:44:09.479864 /root/study/github_repository/qb/network/node.go:472: Msgdelivery channel get a preprepare, and handle it
P3-[get prepareMsg]2021/09/11 15:44:09.481944 /root/study/github_repository/qb/network/node.go:587: put prepare message into broadcast channel
P3-[receive PrepareMsg]2021/09/11 15:44:09.482407 /root/study/github_repository/qb/network/node.go:483: Msgdelivery channel get a prepare message, and handle it
P3-[get commitMsg]2021/09/11 15:44:09.485104 /root/study/github_repository/qb/network/node.go:619: put commit message into broadcast channel
P3-[receive PrepareMsg]2021/09/11 15:44:09.485167 /root/study/github_repository/qb/network/node.go:483: Msgdelivery channel get a prepare message, and handle it
P3-[receive CommitMsg]2021/09/11 15:44:09.486758 /root/study/github_repository/qb/network/node.go:494: Msgdelivery channel get a commit message, and handle it
P3-[receive CommitMsg]2021/09/11 15:44:09.488621 /root/study/github_repository/qb/network/node.go:494: Msgdelivery channel get a commit message, and handle it
P3-[get replyMsg]2021/09/11 15:44:09.490180 /root/study/github_repository/qb/network/node.go:652: put reply message into broadcast channel
P3-[receive CommitMsg]2021/09/11 15:44:09.490212 /root/study/github_repository/qb/network/node.go:494: Msgdelivery channel get a commit message, and handle it
P3-[receive PrePrepareMsg]2021/09/11 15:44:17.095120 /root/study/github_repository/qb/network/node.go:472: Msgdelivery channel get a preprepare, and handle it
P3-[get prepareMsg]2021/09/11 15:44:17.097778 /root/study/github_repository/qb/network/node.go:587: put prepare message into broadcast channel
P3-[receive PrepareMsg]2021/09/11 15:44:17.100852 /root/study/github_repository/qb/network/node.go:483: Msgdelivery channel get a prepare message, and handle it
P3-[get commitMsg]2021/09/11 15:44:17.103235 /root/study/github_repository/qb/network/node.go:619: put commit message into broadcast channel
P3-[receive CommitMsg]2021/09/11 15:44:17.105005 /root/study/github_repository/qb/network/node.go:494: Msgdelivery channel get a commit message, and handle it
P3-[get replyMsg]2021/09/11 15:44:17.108971 /root/study/github_repository/qb/network/node.go:652: put reply message into broadcast channel
P3-[receive CommitMsg]2021/09/11 15:44:17.109009 /root/study/github_repository/qb/network/node.go:494: Msgdelivery channel get a commit message, and handle it
P3-[receive PrePrepareMsg]2021/09/11 15:45:37.095089 /root/study/github_repository/qb/network/node.go:472: Msgdelivery channel get a preprepare, and handle it
P3-[get prepareMsg]2021/09/11 15:45:37.098019 /root/study/github_repository/qb/network/node.go:587: put prepare message into broadcast channel
P3-[receive PrepareMsg]2021/09/11 15:45:37.101297 /root/study/github_repository/qb/network/node.go:483: Msgdelivery channel get a prepare message, and handle it
P3-[get commitMsg]2021/09/11 15:45:37.103775 /root/study/github_repository/qb/network/node.go:619: put commit message into broadcast channel
P3-[receive PrepareMsg]2021/09/11 15:45:37.103817 /root/study/github_repository/qb/network/node.go:483: Msgdelivery channel get a prepare message, and handle it
P3-[receive CommitMsg]2021/09/11 15:45:37.105442 /root/study/github_repository/qb/network/node.go:494: Msgdelivery channel get a commit message, and handle it
P3-[receive CommitMsg]2021/09/11 15:45:37.107101 /root/study/github_repository/qb/network/node.go:494: Msgdelivery channel get a commit message, and handle it
P3-[get replyMsg]2021/09/11 15:45:37.108750 /root/study/github_repository/qb/network/node.go:652: put reply message into broadcast channel
P3-[receive CommitMsg]2021/09/11 15:45:37.108783 /root/study/github_repository/qb/network/node.go:494: Msgdelivery channel get a commit message, and handle it
P3-[receive PrePrepareMsg]2021/09/11 15:45:40.720856 /root/study/github_repository/qb/network/node.go:472: Msgdelivery channel get a preprepare, and handle it
P3-[get prepareMsg]2021/09/11 15:45:40.722863 /root/study/github_repository/qb/network/node.go:587: put prepare message into broadcast channel
P3-[receive PrepareMsg]2021/09/11 15:45:40.742981 /root/study/github_repository/qb/network/node.go:483: Msgdelivery channel get a prepare message, and handle it
P3-[get commitMsg]2021/09/11 15:45:40.745372 /root/study/github_repository/qb/network/node.go:619: put commit message into broadcast channel
P3-[receive CommitMsg]2021/09/11 15:45:40.747353 /root/study/github_repository/qb/network/node.go:494: Msgdelivery channel get a commit message, and handle it
P3-[get replyMsg]2021/09/11 15:45:40.752462 /root/study/github_repository/qb/network/node.go:652: put reply message into broadcast channel
P3-[receive PrePrepareMsg]2021/09/11 15:45:44.325384 /root/study/github_repository/qb/network/node.go:472: Msgdelivery channel get a preprepare, and handle it
P3-[get prepareMsg]2021/09/11 15:45:44.327589 /root/study/github_repository/qb/network/node.go:587: put prepare message into broadcast channel
P3-[receive PrepareMsg]2021/09/11 15:45:44.327958 /root/study/github_repository/qb/network/node.go:483: Msgdelivery channel get a prepare message, and handle it
P3-[get commitMsg]2021/09/11 15:45:44.330542 /root/study/github_repository/qb/network/node.go:619: put commit message into broadcast channel
P3-[receive PrepareMsg]2021/09/11 15:45:44.330563 /root/study/github_repository/qb/network/node.go:483: Msgdelivery channel get a prepare message, and handle it
P3-[receive CommitMsg]2021/09/11 15:45:44.333472 /root/study/github_repository/qb/network/node.go:494: Msgdelivery channel get a commit message, and handle it
P3-[receive CommitMsg]2021/09/11 15:45:44.335429 /root/study/github_repository/qb/network/node.go:494: Msgdelivery channel get a commit message, and handle it
P3-[get replyMsg]2021/09/11 15:45:44.337484 /root/study/github_repository/qb/network/node.go:652: put reply message into broadcast channel
P3-[receive CommitMsg]2021/09/11 15:45:44.337531 /root/study/github_repository/qb/network/node.go:494: Msgdelivery channel get a commit message, and handle it
P3-[receive PrePrepareMsg]2021/09/11 15:45:47.930394 /root/study/github_repository/qb/network/node.go:472: Msgdelivery channel get a preprepare, and handle it
P3-[get prepareMsg]2021/09/11 15:45:47.932264 /root/study/github_repository/qb/network/node.go:587: put prepare message into broadcast channel
P3-[receive PrepareMsg]2021/09/11 15:45:47.932611 /root/study/github_repository/qb/network/node.go:483: Msgdelivery channel get a prepare message, and handle it
P3-[get commitMsg]2021/09/11 15:45:47.934614 /root/study/github_repository/qb/network/node.go:619: put commit message into broadcast channel
P3-[receive PrepareMsg]2021/09/11 15:45:47.935008 /root/study/github_repository/qb/network/node.go:483: Msgdelivery channel get a prepare message, and handle it
P3-[receive CommitMsg]2021/09/11 15:45:47.937358 /root/study/github_repository/qb/network/node.go:494: Msgdelivery channel get a commit message, and handle it
P3-[receive CommitMsg]2021/09/11 15:45:47.939531 /root/study/github_repository/qb/network/node.go:494: Msgdelivery channel get a commit message, and handle it
P3-[get replyMsg]2021/09/11 15:45:47.942593 /root/study/github_repository/qb/network/node.go:652: put reply message into broadcast channel
P3-[receive CommitMsg]2021/09/11 15:45:47.942632 /root/study/github_repository/qb/network/node.go:494: Msgdelivery channel get a commit message, and handle it
P3-[receive PrePrepareMsg]2021/09/11 15:46:07.011118 /root/study/github_repository/qb/network/node.go:472: Msgdelivery channel get a preprepare, and handle it
P3-[get prepareMsg]2021/09/11 15:46:07.013068 /root/study/github_repository/qb/network/node.go:587: put prepare message into broadcast channel
P3-[receive PrepareMsg]2021/09/11 15:46:07.013307 /root/study/github_repository/qb/network/node.go:483: Msgdelivery channel get a prepare message, and handle it
P3-[get commitMsg]2021/09/11 15:46:07.015866 /root/study/github_repository/qb/network/node.go:619: put commit message into broadcast channel
P3-[receive CommitMsg]2021/09/11 15:46:07.016224 /root/study/github_repository/qb/network/node.go:494: Msgdelivery channel get a commit message, and handle it
P3-[receive CommitMsg]2021/09/11 15:46:07.017974 /root/study/github_repository/qb/network/node.go:494: Msgdelivery channel get a commit message, and handle it
P3-[get replyMsg]2021/09/11 15:46:07.019841 /root/study/github_repository/qb/network/node.go:652: put reply message into broadcast channel
P3-[receive PrePrepareMsg]2021/09/11 15:46:10.626121 /root/study/github_repository/qb/network/node.go:472: Msgdelivery channel get a preprepare, and handle it
P3-[get prepareMsg]2021/09/11 15:46:10.628064 /root/study/github_repository/qb/network/node.go:587: put prepare message into broadcast channel
P3-[receive PrepareMsg]2021/09/11 15:46:10.628291 /root/study/github_repository/qb/network/node.go:483: Msgdelivery channel get a prepare message, and handle it
P3-[get commitMsg]2021/09/11 15:46:10.630410 /root/study/github_repository/qb/network/node.go:619: put commit message into broadcast channel
P3-[receive PrepareMsg]2021/09/11 15:46:10.631193 /root/study/github_repository/qb/network/node.go:483: Msgdelivery channel get a prepare message, and handle it
P3-[receive CommitMsg]2021/09/11 15:46:10.632875 /root/study/github_repository/qb/network/node.go:494: Msgdelivery channel get a commit message, and handle it
P3-[receive CommitMsg]2021/09/11 15:46:10.634984 /root/study/github_repository/qb/network/node.go:494: Msgdelivery channel get a commit message, and handle it
P3-[get replyMsg]2021/09/11 15:46:10.637268 /root/study/github_repository/qb/network/node.go:652: put reply message into broadcast channel
P3-[receive CommitMsg]2021/09/11 15:46:10.637310 /root/study/github_repository/qb/network/node.go:494: Msgdelivery channel get a commit message, and handle it
P3-[receive PrePrepareMsg]2021/09/11 15:46:14.233928 /root/study/github_repository/qb/network/node.go:472: Msgdelivery channel get a preprepare, and handle it
P3-[get prepareMsg]2021/09/11 15:46:14.235916 /root/study/github_repository/qb/network/node.go:587: put prepare message into broadcast channel
P3-[receive PrepareMsg]2021/09/11 15:46:14.236184 /root/study/github_repository/qb/network/node.go:483: Msgdelivery channel get a prepare message, and handle it
P3-[get commitMsg]2021/09/11 15:46:14.238870 /root/study/github_repository/qb/network/node.go:619: put commit message into broadcast channel
P3-[receive PrepareMsg]2021/09/11 15:46:14.238890 /root/study/github_repository/qb/network/node.go:483: Msgdelivery channel get a prepare message, and handle it
P3-[receive CommitMsg]2021/09/11 15:46:14.240826 /root/study/github_repository/qb/network/node.go:494: Msgdelivery channel get a commit message, and handle it
P3-[receive CommitMsg]2021/09/11 15:46:14.242825 /root/study/github_repository/qb/network/node.go:494: Msgdelivery channel get a commit message, and handle it
P3-[get replyMsg]2021/09/11 15:46:14.244452 /root/study/github_repository/qb/network/node.go:652: put reply message into broadcast channel
P3-[receive CommitMsg]2021/09/11 15:46:14.244488 /root/study/github_repository/qb/network/node.go:494: Msgdelivery channel get a commit message, and handle it
P3-[receive PrePrepareMsg]2021/09/11 15:46:17.836362 /root/study/github_repository/qb/network/node.go:472: Msgdelivery channel get a preprepare, and handle it
P3-[get prepareMsg]2021/09/11 15:46:17.838579 /root/study/github_repository/qb/network/node.go:587: put prepare message into broadcast channel
P3-[receive PrepareMsg]2021/09/11 15:46:17.838882 /root/study/github_repository/qb/network/node.go:483: Msgdelivery channel get a prepare message, and handle it
P3-[get commitMsg]2021/09/11 15:46:17.840869 /root/study/github_repository/qb/network/node.go:619: put commit message into broadcast channel
P3-[receive CommitMsg]2021/09/11 15:46:17.843617 /root/study/github_repository/qb/network/node.go:494: Msgdelivery channel get a commit message, and handle it
P3-[receive CommitMsg]2021/09/11 15:46:17.845592 /root/study/github_repository/qb/network/node.go:494: Msgdelivery channel get a commit message, and handle it
P3-[get replyMsg]2021/09/11 15:46:17.848319 /root/study/github_repository/qb/network/node.go:652: put reply message into broadcast channel
P3-[receive PrePrepareMsg]2021/09/11 15:46:43.581198 /root/study/github_repository/qb/network/node.go:472: Msgdelivery channel get a preprepare, and handle it
P3-[get prepareMsg]2021/09/11 15:46:43.583586 /root/study/github_repository/qb/network/node.go:587: put prepare message into broadcast channel
P3-[receive PrepareMsg]2021/09/11 15:46:43.585588 /root/study/github_repository/qb/network/node.go:483: Msgdelivery channel get a prepare message, and handle it
P3-[get commitMsg]2021/09/11 15:46:43.587717 /root/study/github_repository/qb/network/node.go:619: put commit message into broadcast channel
P3-[receive PrepareMsg]2021/09/11 15:46:43.587777 /root/study/github_repository/qb/network/node.go:483: Msgdelivery channel get a prepare message, and handle it
P3-[receive CommitMsg]2021/09/11 15:46:43.589476 /root/study/github_repository/qb/network/node.go:494: Msgdelivery channel get a commit message, and handle it
P3-[receive CommitMsg]2021/09/11 15:46:43.591155 /root/study/github_repository/qb/network/node.go:494: Msgdelivery channel get a commit message, and handle it
P3-[get replyMsg]2021/09/11 15:46:43.592794 /root/study/github_repository/qb/network/node.go:652: put reply message into broadcast channel
P3-[receive CommitMsg]2021/09/11 15:46:43.592838 /root/study/github_repository/qb/network/node.go:494: Msgdelivery channel get a commit message, and handle it
P3-[receive PrePrepareMsg]2021/09/11 15:46:47.210886 /root/study/github_repository/qb/network/node.go:472: Msgdelivery channel get a preprepare, and handle it
P3-[get prepareMsg]2021/09/11 15:46:47.212887 /root/study/github_repository/qb/network/node.go:587: put prepare message into broadcast channel
P3-[receive PrepareMsg]2021/09/11 15:46:47.214451 /root/study/github_repository/qb/network/node.go:483: Msgdelivery channel get a prepare message, and handle it
P3-[get commitMsg]2021/09/11 15:46:47.216635 /root/study/github_repository/qb/network/node.go:619: put commit message into broadcast channel
P3-[receive PrepareMsg]2021/09/11 15:46:47.216673 /root/study/github_repository/qb/network/node.go:483: Msgdelivery channel get a prepare message, and handle it
P3-[receive CommitMsg]2021/09/11 15:46:47.219030 /root/study/github_repository/qb/network/node.go:494: Msgdelivery channel get a commit message, and handle it
P3-[receive CommitMsg]2021/09/11 15:46:47.220950 /root/study/github_repository/qb/network/node.go:494: Msgdelivery channel get a commit message, and handle it
P3-[get replyMsg]2021/09/11 15:46:47.222838 /root/study/github_repository/qb/network/node.go:652: put reply message into broadcast channel
P3-[receive CommitMsg]2021/09/11 15:46:47.223527 /root/study/github_repository/qb/network/node.go:494: Msgdelivery channel get a commit message, and handle it
P3-[receive PrePrepareMsg]2021/09/11 15:46:50.816167 /root/study/github_repository/qb/network/node.go:472: Msgdelivery channel get a preprepare, and handle it
P3-[get prepareMsg]2021/09/11 15:46:50.818686 /root/study/github_repository/qb/network/node.go:587: put prepare message into broadcast channel
P3-[receive PrepareMsg]2021/09/11 15:46:50.818940 /root/study/github_repository/qb/network/node.go:483: Msgdelivery channel get a prepare message, and handle it
P3-[get commitMsg]2021/09/11 15:46:50.821217 /root/study/github_repository/qb/network/node.go:619: put commit message into broadcast channel
P3-[receive CommitMsg]2021/09/11 15:46:50.823302 /root/study/github_repository/qb/network/node.go:494: Msgdelivery channel get a commit message, and handle it
P3-[receive CommitMsg]2021/09/11 15:46:50.825260 /root/study/github_repository/qb/network/node.go:494: Msgdelivery channel get a commit message, and handle it
P3-[get replyMsg]2021/09/11 15:46:50.827211 /root/study/github_repository/qb/network/node.go:652: put reply message into broadcast channel
P3-[receive CommitMsg]2021/09/11 15:46:50.827383 /root/study/github_repository/qb/network/node.go:494: Msgdelivery channel get a commit message, and handle it
P3-[receive PrePrepareMsg]2021/09/11 15:46:54.422221 /root/study/github_repository/qb/network/node.go:472: Msgdelivery channel get a preprepare, and handle it
P3-[get prepareMsg]2021/09/11 15:46:54.424659 /root/study/github_repository/qb/network/node.go:587: put prepare message into broadcast channel
P3-[receive PrepareMsg]2021/09/11 15:46:54.426213 /root/study/github_repository/qb/network/node.go:483: Msgdelivery channel get a prepare message, and handle it
P3-[get commitMsg]2021/09/11 15:46:54.428172 /root/study/github_repository/qb/network/node.go:619: put commit message into broadcast channel
P3-[receive CommitMsg]2021/09/11 15:46:54.429803 /root/study/github_repository/qb/network/node.go:494: Msgdelivery channel get a commit message, and handle it
P3-[get replyMsg]2021/09/11 15:46:54.433455 /root/study/github_repository/qb/network/node.go:652: put reply message into broadcast channel
P3-[receive CommitMsg]2021/09/11 15:46:54.433785 /root/study/github_repository/qb/network/node.go:494: Msgdelivery channel get a commit message, and handle it
P3-[receive PrePrepareMsg]2021/09/11 15:47:16.985239 /root/study/github_repository/qb/network/node.go:472: Msgdelivery channel get a preprepare, and handle it
P3-[get prepareMsg]2021/09/11 15:47:16.987536 /root/study/github_repository/qb/network/node.go:587: put prepare message into broadcast channel
P3-[receive PrepareMsg]2021/09/11 15:47:16.988011 /root/study/github_repository/qb/network/node.go:483: Msgdelivery channel get a prepare message, and handle it
P3-[get commitMsg]2021/09/11 15:47:16.990073 /root/study/github_repository/qb/network/node.go:619: put commit message into broadcast channel
P3-[receive CommitMsg]2021/09/11 15:47:16.992022 /root/study/github_repository/qb/network/node.go:494: Msgdelivery channel get a commit message, and handle it
P3-[receive CommitMsg]2021/09/11 15:47:16.993749 /root/study/github_repository/qb/network/node.go:494: Msgdelivery channel get a commit message, and handle it
P3-[get replyMsg]2021/09/11 15:47:16.995790 /root/study/github_repository/qb/network/node.go:652: put reply message into broadcast channel
P3-[receive PrePrepareMsg]2021/09/11 15:47:20.607981 /root/study/github_repository/qb/network/node.go:472: Msgdelivery channel get a preprepare, and handle it
P3-[get prepareMsg]2021/09/11 15:47:20.609929 /root/study/github_repository/qb/network/node.go:587: put prepare message into broadcast channel
P3-[receive PrepareMsg]2021/09/11 15:47:20.611106 /root/study/github_repository/qb/network/node.go:164: receive a prepare message
P3-[get commitMsg]2021/09/11 15:47:20.613178 /root/study/github_repository/qb/network/node.go:619: put commit message into broadcast channel
P3-[receive PrepareMsg]2021/09/11 15:47:20.613217 /root/study/github_repository/qb/network/node.go:483: Msgdelivery channel get a prepare message, and handle it
P3-[receive CommitMsg]2021/09/11 15:47:20.614903 /root/study/github_repository/qb/network/node.go:494: Msgdelivery channel get a commit message, and handle it
P3-[receive CommitMsg]2021/09/11 15:47:20.616643 /root/study/github_repository/qb/network/node.go:494: Msgdelivery channel get a commit message, and handle it
P3-[get replyMsg]2021/09/11 15:47:20.618780 /root/study/github_repository/qb/network/node.go:652: put reply message into broadcast channel
P3-[receive PrePrepareMsg]2021/09/11 15:47:24.219284 /root/study/github_repository/qb/network/node.go:472: Msgdelivery channel get a preprepare, and handle it
P3-[get prepareMsg]2021/09/11 15:47:24.221254 /root/study/github_repository/qb/network/node.go:587: put prepare message into broadcast channel
P3-[receive PrepareMsg]2021/09/11 15:47:24.638861 /root/study/github_repository/qb/network/node.go:483: Msgdelivery channel get a prepare message, and handle it
P3-[get commitMsg]2021/09/11 15:47:24.646882 /root/study/github_repository/qb/network/node.go:619: put commit message into broadcast channel
P3-[receive CommitMsg]2021/09/11 15:47:25.139469 /root/study/github_repository/qb/network/node.go:494: Msgdelivery channel get a commit message, and handle it
P3-[get replyMsg]2021/09/11 15:47:25.142572 /root/study/github_repository/qb/network/node.go:652: put reply message into broadcast channel
P3-[receive PrePrepareMsg]2021/09/11 15:47:27.830356 /root/study/github_repository/qb/network/node.go:472: Msgdelivery channel get a preprepare, and handle it
P3-[get prepareMsg]2021/09/11 15:47:27.832660 /root/study/github_repository/qb/network/node.go:587: put prepare message into broadcast channel
P3-[receive PrepareMsg]2021/09/11 15:47:27.832753 /root/study/github_repository/qb/network/node.go:483: Msgdelivery channel get a prepare message, and handle it
P3-[get commitMsg]2021/09/11 15:47:27.835787 /root/study/github_repository/qb/network/node.go:619: put commit message into broadcast channel
P3-[receive PrepareMsg]2021/09/11 15:47:27.835832 /root/study/github_repository/qb/network/node.go:483: Msgdelivery channel get a prepare message, and handle it
P3-[receive CommitMsg]2021/09/11 15:47:27.837723 /root/study/github_repository/qb/network/node.go:494: Msgdelivery channel get a commit message, and handle it
P3-[receive CommitMsg]2021/09/11 15:47:27.839813 /root/study/github_repository/qb/network/node.go:494: Msgdelivery channel get a commit message, and handle it
P3-[get replyMsg]2021/09/11 15:47:27.843015 /root/study/github_repository/qb/network/node.go:652: put reply message into broadcast channel
P3-[receive CommitMsg]2021/09/11 15:47:27.843042 /root/study/github_repository/qb/network/node.go:494: Msgdelivery channel get a commit message, and handle it
P3-[receive PrePrepareMsg]2021/09/11 15:48:04.795985 /root/study/github_repository/qb/network/node.go:472: Msgdelivery channel get a preprepare, and handle it
P3-[get prepareMsg]2021/09/11 15:48:04.798016 /root/study/github_repository/qb/network/node.go:587: put prepare message into broadcast channel
P3-[receive PrepareMsg]2021/09/11 15:48:04.798346 /root/study/github_repository/qb/network/node.go:483: Msgdelivery channel get a prepare message, and handle it
P3-[get commitMsg]2021/09/11 15:48:04.800681 /root/study/github_repository/qb/network/node.go:619: put commit message into broadcast channel
P3-[receive PrepareMsg]2021/09/11 15:48:04.800705 /root/study/github_repository/qb/network/node.go:483: Msgdelivery channel get a prepare message, and handle it
P3-[receive CommitMsg]2021/09/11 15:48:04.802530 /root/study/github_repository/qb/network/node.go:494: Msgdelivery channel get a commit message, and handle it
P3-[receive CommitMsg]2021/09/11 15:48:04.804858 /root/study/github_repository/qb/network/node.go:494: Msgdelivery channel get a commit message, and handle it
P3-[get replyMsg]2021/09/11 15:48:04.806531 /root/study/github_repository/qb/network/node.go:652: put reply message into broadcast channel
P3-[receive PrePrepareMsg]2021/09/11 15:48:06.405714 /root/study/github_repository/qb/network/node.go:472: Msgdelivery channel get a preprepare, and handle it
P3-[get prepareMsg]2021/09/11 15:48:06.407720 /root/study/github_repository/qb/network/node.go:587: put prepare message into broadcast channel
P3-[get commitMsg]2021/09/11 15:48:06.411002 /root/study/github_repository/qb/network/node.go:619: put commit message into broadcast channel
P3-[receive PrepareMsg]2021/09/11 15:48:06.411076 /root/study/github_repository/qb/network/node.go:483: Msgdelivery channel get a prepare message, and handle it
P3-[receive CommitMsg]2021/09/11 15:48:06.412834 /root/study/github_repository/qb/network/node.go:494: Msgdelivery channel get a commit message, and handle it
P3-[receive CommitMsg]2021/09/11 15:48:06.415517 /root/study/github_repository/qb/network/node.go:494: Msgdelivery channel get a commit message, and handle it
P3-[get replyMsg]2021/09/11 15:48:06.417273 /root/study/github_repository/qb/network/node.go:652: put reply message into broadcast channel
P3-[receive PrePrepareMsg]2021/09/11 15:48:08.043470 /root/study/github_repository/qb/network/node.go:472: Msgdelivery channel get a preprepare, and handle it
P3-[get prepareMsg]2021/09/11 15:48:08.045862 /root/study/github_repository/qb/network/node.go:587: put prepare message into broadcast channel
P3-[receive PrepareMsg]2021/09/11 15:48:08.046428 /root/study/github_repository/qb/network/node.go:483: Msgdelivery channel get a prepare message, and handle it
P3-[get commitMsg]2021/09/11 15:48:08.048913 /root/study/github_repository/qb/network/node.go:619: put commit message into broadcast channel
P3-[receive CommitMsg]2021/09/11 15:48:08.050597 /root/study/github_repository/qb/network/node.go:494: Msgdelivery channel get a commit message, and handle it
P3-[receive CommitMsg]2021/09/11 15:48:08.052317 /root/study/github_repository/qb/network/node.go:494: Msgdelivery channel get a commit message, and handle it
P3-[get replyMsg]2021/09/11 15:48:08.053993 /root/study/github_repository/qb/network/node.go:652: put reply message into broadcast channel
P3-[receive CommitMsg]2021/09/11 15:48:08.055283 /root/study/github_repository/qb/network/node.go:494: Msgdelivery channel get a commit message, and handle it
P3-[receive PrePrepareMsg]2021/09/11 15:48:09.662409 /root/study/github_repository/qb/network/node.go:472: Msgdelivery channel get a preprepare, and handle it
P3-[get prepareMsg]2021/09/11 15:48:09.664599 /root/study/github_repository/qb/network/node.go:587: put prepare message into broadcast channel
P3-[receive PrepareMsg]2021/09/11 15:48:09.665185 /root/study/github_repository/qb/network/node.go:483: Msgdelivery channel get a prepare message, and handle it
P3-[get commitMsg]2021/09/11 15:48:09.667447 /root/study/github_repository/qb/network/node.go:619: put commit message into broadcast channel
P3-[receive PrepareMsg]2021/09/11 15:48:09.667506 /root/study/github_repository/qb/network/node.go:483: Msgdelivery channel get a prepare message, and handle it
P3-[receive CommitMsg]2021/09/11 15:48:09.669758 /root/study/github_repository/qb/network/node.go:494: Msgdelivery channel get a commit message, and handle it
P3-[receive CommitMsg]2021/09/11 15:48:09.672533 /root/study/github_repository/qb/network/node.go:494: Msgdelivery channel get a commit message, and handle it
P3-[get replyMsg]2021/09/11 15:48:09.674441 /root/study/github_repository/qb/network/node.go:652: put reply message into broadcast channel
P3-[receive CommitMsg]2021/09/11 15:48:09.674493 /root/study/github_repository/qb/network/node.go:494: Msgdelivery channel get a commit message, and handle it
P3-[receive PrePrepareMsg]2021/09/11 15:48:16.980497 /root/study/github_repository/qb/network/node.go:472: Msgdelivery channel get a preprepare, and handle it
P3-[get prepareMsg]2021/09/11 15:48:16.982424 /root/study/github_repository/qb/network/node.go:587: put prepare message into broadcast channel
P3-[receive PrepareMsg]2021/09/11 15:48:16.983785 /root/study/github_repository/qb/network/node.go:483: Msgdelivery channel get a prepare message, and handle it
P3-[get commitMsg]2021/09/11 15:48:16.986365 /root/study/github_repository/qb/network/node.go:619: put commit message into broadcast channel
P3-[receive PrepareMsg]2021/09/11 15:48:16.986432 /root/study/github_repository/qb/network/node.go:483: Msgdelivery channel get a prepare message, and handle it
P3-[receive CommitMsg]2021/09/11 15:48:16.988221 /root/study/github_repository/qb/network/node.go:494: Msgdelivery channel get a commit message, and handle it
P3-[receive CommitMsg]2021/09/11 15:48:16.989714 /root/study/github_repository/qb/network/node.go:494: Msgdelivery channel get a commit message, and handle it
P3-[get replyMsg]2021/09/11 15:48:16.991333 /root/study/github_repository/qb/network/node.go:652: put reply message into broadcast channel
P3-[receive CommitMsg]2021/09/11 15:48:16.991378 /root/study/github_repository/qb/network/node.go:494: Msgdelivery channel get a commit message, and handle it
P3-[receive PrePrepareMsg]2021/09/11 15:48:18.576352 /root/study/github_repository/qb/network/node.go:472: Msgdelivery channel get a preprepare, and handle it
P3-[get prepareMsg]2021/09/11 15:48:18.578335 /root/study/github_repository/qb/network/node.go:587: put prepare message into broadcast channel
P3-[receive PrepareMsg]2021/09/11 15:48:18.578556 /root/study/github_repository/qb/network/node.go:483: Msgdelivery channel get a prepare message, and handle it
P3-[get commitMsg]2021/09/11 15:48:18.580704 /root/study/github_repository/qb/network/node.go:619: put commit message into broadcast channel
P3-[receive CommitMsg]2021/09/11 15:48:18.584499 /root/study/github_repository/qb/network/node.go:494: Msgdelivery channel get a commit message, and handle it
P3-[receive CommitMsg]2021/09/11 15:48:18.587206 /root/study/github_repository/qb/network/node.go:494: Msgdelivery channel get a commit message, and handle it
P3-[get replyMsg]2021/09/11 15:48:18.589325 /root/study/github_repository/qb/network/node.go:652: put reply message into broadcast channel
P3-[receive PrePrepareMsg]2021/09/11 15:48:20.187095 /root/study/github_repository/qb/network/node.go:472: Msgdelivery channel get a preprepare, and handle it
P3-[get prepareMsg]2021/09/11 15:48:20.189121 /root/study/github_repository/qb/network/node.go:587: put prepare message into broadcast channel
P3-[receive PrepareMsg]2021/09/11 15:48:20.189137 /root/study/github_repository/qb/network/node.go:483: Msgdelivery channel get a prepare message, and handle it
P3-[get commitMsg]2021/09/11 15:48:20.191151 /root/study/github_repository/qb/network/node.go:619: put commit message into broadcast channel
P3-[receive CommitMsg]2021/09/11 15:48:20.192138 /root/study/github_repository/qb/network/node.go:494: Msgdelivery channel get a commit message, and handle it
P3-[receive CommitMsg]2021/09/11 15:48:20.193851 /root/study/github_repository/qb/network/node.go:494: Msgdelivery channel get a commit message, and handle it
P3-[get replyMsg]2021/09/11 15:48:20.195473 /root/study/github_repository/qb/network/node.go:652: put reply message into broadcast channel
P3-[receive PrePrepareMsg]2021/09/11 15:48:21.797127 /root/study/github_repository/qb/network/node.go:472: Msgdelivery channel get a preprepare, and handle it
P3-[get prepareMsg]2021/09/11 15:48:21.799101 /root/study/github_repository/qb/network/node.go:587: put prepare message into broadcast channel
P3-[receive PrepareMsg]2021/09/11 15:48:21.800243 /root/study/github_repository/qb/network/node.go:483: Msgdelivery channel get a prepare message, and handle it
P3-[get commitMsg]2021/09/11 15:48:21.802904 /root/study/github_repository/qb/network/node.go:619: put commit message into broadcast channel
P3-[receive PrepareMsg]2021/09/11 15:48:21.802973 /root/study/github_repository/qb/network/node.go:483: Msgdelivery channel get a prepare message, and handle it
P3-[receive CommitMsg]2021/09/11 15:48:21.805177 /root/study/github_repository/qb/network/node.go:494: Msgdelivery channel get a commit message, and handle it
P3-[receive CommitMsg]2021/09/11 15:48:21.807355 /root/study/github_repository/qb/network/node.go:494: Msgdelivery channel get a commit message, and handle it
P3-[get replyMsg]2021/09/11 15:48:21.809056 /root/study/github_repository/qb/network/node.go:652: put reply message into broadcast channel
P3-[receive PrePrepareMsg]2021/09/11 15:48:34.263695 /root/study/github_repository/qb/network/node.go:472: Msgdelivery channel get a preprepare, and handle it
P3-[get prepareMsg]2021/09/11 15:48:34.265652 /root/study/github_repository/qb/network/node.go:587: put prepare message into broadcast channel
P3-[receive PrepareMsg]2021/09/11 15:48:34.266266 /root/study/github_repository/qb/network/node.go:483: Msgdelivery channel get a prepare message, and handle it
P3-[get commitMsg]2021/09/11 15:48:34.268791 /root/study/github_repository/qb/network/node.go:619: put commit message into broadcast channel
P3-[receive CommitMsg]2021/09/11 15:48:34.271694 /root/study/github_repository/qb/network/node.go:494: Msgdelivery channel get a commit message, and handle it
P3-[receive CommitMsg]2021/09/11 15:48:34.273370 /root/study/github_repository/qb/network/node.go:494: Msgdelivery channel get a commit message, and handle it
P3-[get replyMsg]2021/09/11 15:48:34.274955 /root/study/github_repository/qb/network/node.go:652: put reply message into broadcast channel
P3-[receive PrePrepareMsg]2021/09/11 15:48:35.862737 /root/study/github_repository/qb/network/node.go:472: Msgdelivery channel get a preprepare, and handle it
P3-[get prepareMsg]2021/09/11 15:48:35.864979 /root/study/github_repository/qb/network/node.go:587: put prepare message into broadcast channel
P3-[receive PrepareMsg]2021/09/11 15:48:35.865872 /root/study/github_repository/qb/network/node.go:483: Msgdelivery channel get a prepare message, and handle it
P3-[get commitMsg]2021/09/11 15:48:35.867988 /root/study/github_repository/qb/network/node.go:619: put commit message into broadcast channel
P3-[receive CommitMsg]2021/09/11 15:48:35.868831 /root/study/github_repository/qb/network/node.go:494: Msgdelivery channel get a commit message, and handle it
P3-[receive CommitMsg]2021/09/11 15:48:35.870703 /root/study/github_repository/qb/network/node.go:494: Msgdelivery channel get a commit message, and handle it
P3-[get replyMsg]2021/09/11 15:48:35.872379 /root/study/github_repository/qb/network/node.go:652: put reply message into broadcast channel
P3-[receive CommitMsg]2021/09/11 15:48:35.872886 /root/study/github_repository/qb/network/node.go:494: Msgdelivery channel get a commit message, and handle it
P3-[receive PrePrepareMsg]2021/09/11 15:48:37.466402 /root/study/github_repository/qb/network/node.go:472: Msgdelivery channel get a preprepare, and handle it
P3-[get prepareMsg]2021/09/11 15:48:37.468805 /root/study/github_repository/qb/network/node.go:587: put prepare message into broadcast channel
P3-[receive PrepareMsg]2021/09/11 15:48:37.470676 /root/study/github_repository/qb/network/node.go:483: Msgdelivery channel get a prepare message, and handle it
P3-[get commitMsg]2021/09/11 15:48:37.472694 /root/study/github_repository/qb/network/node.go:619: put commit message into broadcast channel
P3-[receive CommitMsg]2021/09/11 15:48:37.765947 /root/study/github_repository/qb/network/node.go:494: Msgdelivery channel get a commit message, and handle it
P3-[get replyMsg]2021/09/11 15:48:37.768874 /root/study/github_repository/qb/network/node.go:652: put reply message into broadcast channel
P3-[receive PrePrepareMsg]2021/09/11 15:48:39.058579 /root/study/github_repository/qb/network/node.go:472: Msgdelivery channel get a preprepare, and handle it
P3-[get prepareMsg]2021/09/11 15:48:39.061778 /root/study/github_repository/qb/network/node.go:587: put prepare message into broadcast channel
P3-[receive PrepareMsg]2021/09/11 15:48:39.267849 /root/study/github_repository/qb/network/node.go:483: Msgdelivery channel get a prepare message, and handle it
P3-[get commitMsg]2021/09/11 15:48:39.269702 /root/study/github_repository/qb/network/node.go:619: put commit message into broadcast channel
P3-[receive CommitMsg]2021/09/11 15:48:39.768464 /root/study/github_repository/qb/network/node.go:494: Msgdelivery channel get a commit message, and handle it
P3-[get replyMsg]2021/09/11 15:48:39.780444 /root/study/github_repository/qb/network/node.go:652: put reply message into broadcast channel
P3-[receive PrePrepareMsg]2021/09/11 15:49:54.930088 /root/study/github_repository/qb/network/node.go:472: Msgdelivery channel get a preprepare, and handle it
P3-[get prepareMsg]2021/09/11 15:49:54.932485 /root/study/github_repository/qb/network/node.go:587: put prepare message into broadcast channel
P3-[receive PrepareMsg]2021/09/11 15:49:54.932770 /root/study/github_repository/qb/network/node.go:483: Msgdelivery channel get a prepare message, and handle it
P3-[get commitMsg]2021/09/11 15:49:54.935064 /root/study/github_repository/qb/network/node.go:619: put commit message into broadcast channel
P3-[receive CommitMsg]2021/09/11 15:49:54.936670 /root/study/github_repository/qb/network/node.go:494: Msgdelivery channel get a commit message, and handle it
P3-[receive CommitMsg]2021/09/11 15:49:54.938262 /root/study/github_repository/qb/network/node.go:494: Msgdelivery channel get a commit message, and handle it
P3-[get replyMsg]2021/09/11 15:49:54.940127 /root/study/github_repository/qb/network/node.go:652: put reply message into broadcast channel
P3-[receive CommitMsg]2021/09/11 15:49:54.940151 /root/study/github_repository/qb/network/node.go:494: Msgdelivery channel get a commit message, and handle it
P3-[receive PrePrepareMsg]2021/09/11 15:49:56.531647 /root/study/github_repository/qb/network/node.go:472: Msgdelivery channel get a preprepare, and handle it
P3-[get prepareMsg]2021/09/11 15:49:56.533596 /root/study/github_repository/qb/network/node.go:587: put prepare message into broadcast channel
P3-[receive PrepareMsg]2021/09/11 15:49:56.533839 /root/study/github_repository/qb/network/node.go:483: Msgdelivery channel get a prepare message, and handle it
P3-[get commitMsg]2021/09/11 15:49:56.568065 /root/study/github_repository/qb/network/node.go:619: put commit message into broadcast channel
P3-[receive PrepareMsg]2021/09/11 15:49:56.568124 /root/study/github_repository/qb/network/node.go:483: Msgdelivery channel get a prepare message, and handle it
P3-[receive CommitMsg]2021/09/11 15:49:56.569741 /root/study/github_repository/qb/network/node.go:494: Msgdelivery channel get a commit message, and handle it
P3-[receive CommitMsg]2021/09/11 15:49:56.572967 /root/study/github_repository/qb/network/node.go:494: Msgdelivery channel get a commit message, and handle it
P3-[get replyMsg]2021/09/11 15:49:56.574596 /root/study/github_repository/qb/network/node.go:652: put reply message into broadcast channel
P3-[receive PrePrepareMsg]2021/09/11 15:49:58.139125 /root/study/github_repository/qb/network/node.go:472: Msgdelivery channel get a preprepare, and handle it
P3-[get prepareMsg]2021/09/11 15:49:58.141204 /root/study/github_repository/qb/network/node.go:587: put prepare message into broadcast channel
P3-[receive PrepareMsg]2021/09/11 15:49:58.142377 /root/study/github_repository/qb/network/node.go:483: Msgdelivery channel get a prepare message, and handle it
P3-[get commitMsg]2021/09/11 15:49:58.144364 /root/study/github_repository/qb/network/node.go:619: put commit message into broadcast channel
P3-[receive CommitMsg]2021/09/11 15:49:58.146163 /root/study/github_repository/qb/network/node.go:494: Msgdelivery channel get a commit message, and handle it
P3-[get replyMsg]2021/09/11 15:49:58.149263 /root/study/github_repository/qb/network/node.go:652: put reply message into broadcast channel
P3-[receive PrePrepareMsg]2021/09/11 15:49:59.743586 /root/study/github_repository/qb/network/node.go:472: Msgdelivery channel get a preprepare, and handle it
P3-[get prepareMsg]2021/09/11 15:49:59.745799 /root/study/github_repository/qb/network/node.go:587: put prepare message into broadcast channel
P3-[receive PrepareMsg]2021/09/11 15:49:59.746012 /root/study/github_repository/qb/network/node.go:483: Msgdelivery channel get a prepare message, and handle it
P3-[get commitMsg]2021/09/11 15:49:59.748313 /root/study/github_repository/qb/network/node.go:619: put commit message into broadcast channel
P3-[receive PrepareMsg]2021/09/11 15:49:59.748380 /root/study/github_repository/qb/network/node.go:483: Msgdelivery channel get a prepare message, and handle it
P3-[receive CommitMsg]2021/09/11 15:49:59.750604 /root/study/github_repository/qb/network/node.go:494: Msgdelivery channel get a commit message, and handle it
P3-[receive CommitMsg]2021/09/11 15:49:59.752182 /root/study/github_repository/qb/network/node.go:494: Msgdelivery channel get a commit message, and handle it
P3-[get replyMsg]2021/09/11 15:49:59.753974 /root/study/github_repository/qb/network/node.go:652: put reply message into broadcast channel
P3-[receive PrePrepareMsg]2021/09/11 15:50:09.254494 /root/study/github_repository/qb/network/node.go:472: Msgdelivery channel get a preprepare, and handle it
P3-[get prepareMsg]2021/09/11 15:50:09.256509 /root/study/github_repository/qb/network/node.go:587: put prepare message into broadcast channel
P3-[receive PrepareMsg]2021/09/11 15:50:09.256879 /root/study/github_repository/qb/network/node.go:483: Msgdelivery channel get a prepare message, and handle it
P3-[get commitMsg]2021/09/11 15:50:09.258886 /root/study/github_repository/qb/network/node.go:619: put commit message into broadcast channel
P3-[receive CommitMsg]2021/09/11 15:50:09.260940 /root/study/github_repository/qb/network/node.go:494: Msgdelivery channel get a commit message, and handle it
P3-[receive CommitMsg]2021/09/11 15:50:09.264624 /root/study/github_repository/qb/network/node.go:494: Msgdelivery channel get a commit message, and handle it
P3-[get replyMsg]2021/09/11 15:50:09.266745 /root/study/github_repository/qb/network/node.go:652: put reply message into broadcast channel
P3-[receive CommitMsg]2021/09/11 15:50:09.266780 /root/study/github_repository/qb/network/node.go:494: Msgdelivery channel get a commit message, and handle it
P3-[receive PrePrepareMsg]2021/09/11 15:50:10.863133 /root/study/github_repository/qb/network/node.go:472: Msgdelivery channel get a preprepare, and handle it
P3-[get prepareMsg]2021/09/11 15:50:10.865212 /root/study/github_repository/qb/network/node.go:587: put prepare message into broadcast channel
P3-[receive PrepareMsg]2021/09/11 15:50:10.865855 /root/study/github_repository/qb/network/node.go:483: Msgdelivery channel get a prepare message, and handle it
P3-[get commitMsg]2021/09/11 15:50:10.869148 /root/study/github_repository/qb/network/node.go:619: put commit message into broadcast channel
P3-[receive PrepareMsg]2021/09/11 15:50:10.869217 /root/study/github_repository/qb/network/node.go:483: Msgdelivery channel get a prepare message, and handle it
P3-[receive CommitMsg]2021/09/11 15:50:10.870910 /root/study/github_repository/qb/network/node.go:494: Msgdelivery channel get a commit message, and handle it
P3-[receive CommitMsg]2021/09/11 15:50:10.873157 /root/study/github_repository/qb/network/node.go:494: Msgdelivery channel get a commit message, and handle it
P3-[get replyMsg]2021/09/11 15:50:10.875585 /root/study/github_repository/qb/network/node.go:652: put reply message into broadcast channel
P3-[receive CommitMsg]2021/09/11 15:50:10.875627 /root/study/github_repository/qb/network/node.go:494: Msgdelivery channel get a commit message, and handle it
P3-[receive PrePrepareMsg]2021/09/11 15:50:12.465214 /root/study/github_repository/qb/network/node.go:472: Msgdelivery channel get a preprepare, and handle it
P3-[get prepareMsg]2021/09/11 15:50:12.468294 /root/study/github_repository/qb/network/node.go:587: put prepare message into broadcast channel
P3-[receive PrepareMsg]2021/09/11 15:50:12.468563 /root/study/github_repository/qb/network/node.go:483: Msgdelivery channel get a prepare message, and handle it
P3-[get commitMsg]2021/09/11 15:50:12.470774 /root/study/github_repository/qb/network/node.go:619: put commit message into broadcast channel
P3-[receive CommitMsg]2021/09/11 15:50:12.473233 /root/study/github_repository/qb/network/node.go:494: Msgdelivery channel get a commit message, and handle it
P3-[receive CommitMsg]2021/09/11 15:50:12.474922 /root/study/github_repository/qb/network/node.go:494: Msgdelivery channel get a commit message, and handle it
P3-[get replyMsg]2021/09/11 15:50:12.477136 /root/study/github_repository/qb/network/node.go:652: put reply message into broadcast channel
P3-[receive PrePrepareMsg]2021/09/11 15:50:14.109702 /root/study/github_repository/qb/network/node.go:472: Msgdelivery channel get a preprepare, and handle it
P3-[get prepareMsg]2021/09/11 15:50:14.111662 /root/study/github_repository/qb/network/node.go:587: put prepare message into broadcast channel
P3-[receive PrepareMsg]2021/09/11 15:50:14.114672 /root/study/github_repository/qb/network/node.go:483: Msgdelivery channel get a prepare message, and handle it
P3-[get commitMsg]2021/09/11 15:50:14.116827 /root/study/github_repository/qb/network/node.go:619: put commit message into broadcast channel
P3-[receive CommitMsg]2021/09/11 15:50:14.118451 /root/study/github_repository/qb/network/node.go:494: Msgdelivery channel get a commit message, and handle it
P3-[get replyMsg]2021/09/11 15:50:14.122628 /root/study/github_repository/qb/network/node.go:652: put reply message into broadcast channel
P3-[receive CommitMsg]2021/09/11 15:50:14.122671 /root/study/github_repository/qb/network/node.go:494: Msgdelivery channel get a commit message, and handle it
