P2-[receive PrePrepareMsg]2021/09/14 22:13:19.130547 /root/study/github_repository/qb/network/consensus.go:464: Msgdelivery channel get a preprepare, and handle it
P2-[get prepareMsg]2021/09/14 22:13:19.132657 /root/study/github_repository/qb/network/consensus.go:593: put prepare message into broadcast channel
P2-[receive PrepareMsg]2021/09/14 22:13:19.135392 /root/study/github_repository/qb/network/consensus.go:476: Msgdelivery channel get a prepare message, and handle it
P2-[get commitMsg]2021/09/14 22:13:19.137645 /root/study/github_repository/qb/network/consensus.go:630: put commit message into broadcast channel
P2-[receive PrepareMsg]2021/09/14 22:13:19.137691 /root/study/github_repository/qb/network/consensus.go:476: Msgdelivery channel get a prepare message, and handle it
P2-[receive CommitMsg]2021/09/14 22:13:19.139608 /root/study/github_repository/qb/network/consensus.go:488: Msgdelivery channel get a commit message, and handle it
P2-[receive CommitMsg]2021/09/14 22:13:19.141638 /root/study/github_repository/qb/network/consensus.go:488: Msgdelivery channel get a commit message, and handle it
P2-[get replyMsg]2021/09/14 22:13:19.143850 /root/study/github_repository/qb/network/consensus.go:667: put reply message into broadcast channel
P2-[receive CommitMsg]2021/09/14 22:13:19.143885 /root/study/github_repository/qb/network/consensus.go:488: Msgdelivery channel get a commit message, and handle it
P2-[receive PrePrepareMsg]2021/09/14 22:13:21.139292 /root/study/github_repository/qb/network/consensus.go:464: Msgdelivery channel get a preprepare, and handle it
P2-[get prepareMsg]2021/09/14 22:13:21.145002 /root/study/github_repository/qb/network/consensus.go:593: put prepare message into broadcast channel
P2-[receive PrepareMsg]2021/09/14 22:13:21.145295 /root/study/github_repository/qb/network/consensus.go:476: Msgdelivery channel get a prepare message, and handle it
P2-[get commitMsg]2021/09/14 22:13:21.152003 /root/study/github_repository/qb/network/consensus.go:630: put commit message into broadcast channel
P2-[receive PrepareMsg]2021/09/14 22:13:21.152031 /root/study/github_repository/qb/network/consensus.go:476: Msgdelivery channel get a prepare message, and handle it
P2-[receive CommitMsg]2021/09/14 22:13:21.156052 /root/study/github_repository/qb/network/consensus.go:488: Msgdelivery channel get a commit message, and handle it
P2-[receive CommitMsg]2021/09/14 22:13:21.162799 /root/study/github_repository/qb/network/consensus.go:488: Msgdelivery channel get a commit message, and handle it
P2-[get replyMsg]2021/09/14 22:13:21.166808 /root/study/github_repository/qb/network/consensus.go:667: put reply message into broadcast channel
P2-[receive CommitMsg]2021/09/14 22:13:21.166837 /root/study/github_repository/qb/network/consensus.go:488: Msgdelivery channel get a commit message, and handle it
P2-[receive PrePrepareMsg]2021/09/14 22:13:29.134976 /root/study/github_repository/qb/network/consensus.go:464: Msgdelivery channel get a preprepare, and handle it
P2-[get prepareMsg]2021/09/14 22:13:29.137292 /root/study/github_repository/qb/network/consensus.go:593: put prepare message into broadcast channel
P2-[receive PrepareMsg]2021/09/14 22:13:29.141368 /root/study/github_repository/qb/network/consensus.go:166: receive a prepare message
P2-[receive PrepareMsg]2021/09/14 22:13:29.141369 /root/study/github_repository/qb/network/consensus.go:476: Msgdelivery channel get a prepare message, and handle it
P2-[get commitMsg]2021/09/14 22:13:29.144625 /root/study/github_repository/qb/network/consensus.go:630: put commit message into broadcast channel
P2-[receive PrepareMsg]2021/09/14 22:13:29.144660 /root/study/github_repository/qb/network/consensus.go:476: Msgdelivery channel get a prepare message, and handle it
P2-[receive CommitMsg]2021/09/14 22:13:29.146819 /root/study/github_repository/qb/network/consensus.go:488: Msgdelivery channel get a commit message, and handle it
P2-[receive CommitMsg]2021/09/14 22:13:29.148980 /root/study/github_repository/qb/network/consensus.go:488: Msgdelivery channel get a commit message, and handle it
P2-[get replyMsg]2021/09/14 22:13:29.151062 /root/study/github_repository/qb/network/consensus.go:667: put reply message into broadcast channel
P2-[receive CommitMsg]2021/09/14 22:13:29.151095 /root/study/github_repository/qb/network/consensus.go:488: Msgdelivery channel get a commit message, and handle it
P2-[receive PrePrepareMsg]2021/09/14 22:13:31.140658 /root/study/github_repository/qb/network/consensus.go:464: Msgdelivery channel get a preprepare, and handle it
P2-[get prepareMsg]2021/09/14 22:13:31.144877 /root/study/github_repository/qb/network/consensus.go:593: put prepare message into broadcast channel
P2-[receive PrepareMsg]2021/09/14 22:13:31.337268 /root/study/github_repository/qb/network/consensus.go:476: Msgdelivery channel get a prepare message, and handle it
P2-[get commitMsg]2021/09/14 22:13:31.358746 /root/study/github_repository/qb/network/consensus.go:630: put commit message into broadcast channel
P2-[receive CommitMsg]2021/09/14 22:13:31.537485 /root/study/github_repository/qb/network/consensus.go:488: Msgdelivery channel get a commit message, and handle it
P2-[get replyMsg]2021/09/14 22:13:31.544561 /root/study/github_repository/qb/network/consensus.go:667: put reply message into broadcast channel
