2021/09/11 18:29:39.338384 /root/study/github_repository/qb/network/client.go:136: creat a new transcation,and put it into broadcast channel
2021/09/11 18:29:39.339992 /root/study/github_repository/qb/network/client.go:113: send a transcation to the Primary node
2021/09/11 18:33:04.444714 /root/study/github_repository/qb/network/client.go:136: creat a new transcation,and put it into broadcast channel
2021/09/11 18:33:04.446314 /root/study/github_repository/qb/network/client.go:113: send a transcation to the Primary node
2021/09/11 18:33:06.464820 /root/study/github_repository/qb/network/client.go:193: transcation success
2021/09/11 18:33:34.111085 /root/study/github_repository/qb/network/client.go:136: creat a new transcation,and put it into broadcast channel
2021/09/11 18:33:34.112584 /root/study/github_repository/qb/network/client.go:113: send a transcation to the Primary node
2021/09/11 18:33:36.481821 /root/study/github_repository/qb/network/client.go:193: transcation success
2021/09/11 18:41:32.198547 /root/study/github_repository/qb/network/client.go:135: creat a new transcation,and put it into broadcast channel
2021/09/11 18:41:32.199255 /root/study/github_repository/qb/network/client.go:112: send a transcation to the Primary node
2021/09/11 18:41:34.455045 /root/study/github_repository/qb/network/client.go:192: transcation success
2021/09/11 18:41:49.251639 /root/study/github_repository/qb/network/client.go:135: creat a new transcation,and put it into broadcast channel
2021/09/11 18:41:49.252525 /root/study/github_repository/qb/network/client.go:112: send a transcation to the Primary node
2021/09/11 18:41:49.441168 /root/study/github_repository/qb/network/client.go:192: transcation success
2021/09/11 18:42:23.786435 /root/study/github_repository/qb/network/client.go:135: creat a new transcation,and put it into broadcast channel
2021/09/11 18:42:23.787934 /root/study/github_repository/qb/network/client.go:112: send a transcation to the Primary node
2021/09/11 18:42:26.592854 /root/study/github_repository/qb/network/client.go:192: transcation success
2021/09/11 18:42:37.662195 /root/study/github_repository/qb/network/client.go:135: creat a new transcation,and put it into broadcast channel
2021/09/11 18:42:37.663425 /root/study/github_repository/qb/network/client.go:112: send a transcation to the Primary node
2021/09/11 18:42:38.608960 /root/study/github_repository/qb/network/client.go:192: transcation success
2021/09/11 18:43:00.548155 /root/study/github_repository/qb/network/client.go:135: creat a new transcation,and put it into broadcast channel
2021/09/11 18:43:00.549371 /root/study/github_repository/qb/network/client.go:112: send a transcation to the Primary node
2021/09/11 18:43:02.635876 /root/study/github_repository/qb/network/client.go:192: transcation success
2021/09/11 18:43:27.222437 /root/study/github_repository/qb/network/client.go:135: creat a new transcation,and put it into broadcast channel
2021/09/11 18:43:27.223281 /root/study/github_repository/qb/network/client.go:112: send a transcation to the Primary node
2021/09/11 18:43:29.755827 /root/study/github_repository/qb/network/client.go:192: transcation success
2021/09/11 18:44:42.870366 /root/study/github_repository/qb/network/client.go:135: creat a new transcation,and put it into broadcast channel
2021/09/11 18:44:42.871727 /root/study/github_repository/qb/network/client.go:112: send a transcation to the Primary node
2021/09/11 18:44:43.741433 /root/study/github_repository/qb/network/client.go:192: transcation success
2021/09/11 18:44:56.645215 /root/study/github_repository/qb/network/client.go:135: creat a new transcation,and put it into broadcast channel
2021/09/11 18:45:05.167902 /root/study/github_repository/qb/network/client.go:135: creat a new transcation,and put it into broadcast channel
2021/09/11 18:45:05.169227 /root/study/github_repository/qb/network/client.go:112: send a transcation to the Primary node
2021/09/11 18:45:05.744804 /root/study/github_repository/qb/network/client.go:192: transcation success
2021/09/11 18:45:56.931061 /root/study/github_repository/qb/network/client.go:135: creat a new transcation,and put it into broadcast channel
2021/09/11 18:45:56.932713 /root/study/github_repository/qb/network/client.go:112: send a transcation to the Primary node
2021/09/11 18:45:57.791249 /root/study/github_repository/qb/network/client.go:192: transcation success
2021/09/11 18:46:22.237825 /root/study/github_repository/qb/network/client.go:135: creat a new transcation,and put it into broadcast channel
2021/09/11 18:46:22.239865 /root/study/github_repository/qb/network/client.go:112: send a transcation to the Primary node
2021/09/11 18:46:22.813581 /root/study/github_repository/qb/network/client.go:192: transcation success
2021/09/11 18:47:32.865926 /root/study/github_repository/qb/network/client.go:135: creat a new transcation,and put it into broadcast channel
2021/09/11 18:47:32.867397 /root/study/github_repository/qb/network/client.go:112: send a transcation to the Primary node
2021/09/11 18:47:33.285255 /root/study/github_repository/qb/network/client.go:192: transcation success
2021/09/11 18:47:48.716229 /root/study/github_repository/qb/network/client.go:135: creat a new transcation,and put it into broadcast channel
2021/09/11 18:47:48.717692 /root/study/github_repository/qb/network/client.go:112: send a transcation to the Primary node
2021/09/11 18:47:49.275935 /root/study/github_repository/qb/network/client.go:192: transcation success
2021/09/11 18:48:05.674106 /root/study/github_repository/qb/network/client.go:135: creat a new transcation,and put it into broadcast channel
2021/09/11 18:48:05.675405 /root/study/github_repository/qb/network/client.go:112: send a transcation to the Primary node
2021/09/11 18:48:06.291281 /root/study/github_repository/qb/network/client.go:192: transcation success
2021/09/11 18:48:15.736789 /root/study/github_repository/qb/network/client.go:135: creat a new transcation,and put it into broadcast channel
2021/09/11 18:48:15.737923 /root/study/github_repository/qb/network/client.go:112: send a transcation to the Primary node
2021/09/11 18:48:16.298433 /root/study/github_repository/qb/network/client.go:192: transcation success
2021/09/11 19:22:15.804942 /root/study/github_repository/qb/network/client.go:135: creat a new transcation,and put it into broadcast channel
2021/09/11 19:22:15.806106 /root/study/github_repository/qb/network/client.go:112: send a transcation to the Primary node
2021/09/11 19:22:16.269555 /root/study/github_repository/qb/network/client.go:192: transcation success
[input]2021/09/11 20:19:28.122688 /root/study/github_repository/qb/network/client.go:146: creat a new transcation,and put it into broadcast channel
[send transcation]2021/09/11 20:19:28.124107 /root/study/github_repository/qb/network/client.go:120: send a transcation to the Primary node
[input]2021/09/11 20:19:40.955962 /root/study/github_repository/qb/network/client.go:146: creat a new transcation,and put it into broadcast channel
[send transcation]2021/09/11 20:19:40.956593 /root/study/github_repository/qb/network/client.go:120: send a transcation to the Primary node
