2021/09/11 18:29:39.575853 /root/study/github_repository/qb/network/client.go:136: creat a new transcation,and put it into broadcast channel
2021/09/11 18:29:39.577105 /root/study/github_repository/qb/network/client.go:113: send a transcation to the Primary node
2021/09/11 18:33:04.679008 /root/study/github_repository/qb/network/client.go:136: creat a new transcation,and put it into broadcast channel
2021/09/11 18:33:04.680375 /root/study/github_repository/qb/network/client.go:113: send a transcation to the Primary node
2021/09/11 18:33:06.466613 /root/study/github_repository/qb/network/client.go:193: transcation success
2021/09/11 18:33:34.350832 /root/study/github_repository/qb/network/client.go:136: creat a new transcation,and put it into broadcast channel
2021/09/11 18:33:34.352649 /root/study/github_repository/qb/network/client.go:113: send a transcation to the Primary node
2021/09/11 18:33:36.482354 /root/study/github_repository/qb/network/client.go:193: transcation success
2021/09/11 18:41:32.438850 /root/study/github_repository/qb/network/client.go:135: creat a new transcation,and put it into broadcast channel
2021/09/11 18:41:32.439689 /root/study/github_repository/qb/network/client.go:112: send a transcation to the Primary node
2021/09/11 18:41:34.455761 /root/study/github_repository/qb/network/client.go:192: transcation success
2021/09/11 18:41:49.507777 /root/study/github_repository/qb/network/client.go:135: creat a new transcation,and put it into broadcast channel
2021/09/11 18:41:49.508805 /root/study/github_repository/qb/network/client.go:112: send a transcation to the Primary node
2021/09/11 18:41:52.459825 /root/study/github_repository/qb/network/client.go:192: transcation success
2021/09/11 18:42:24.022631 /root/study/github_repository/qb/network/client.go:135: creat a new transcation,and put it into broadcast channel
2021/09/11 18:42:24.024153 /root/study/github_repository/qb/network/client.go:112: send a transcation to the Primary node
2021/09/11 18:42:26.593863 /root/study/github_repository/qb/network/client.go:192: transcation success
2021/09/11 18:42:37.898571 /root/study/github_repository/qb/network/client.go:135: creat a new transcation,and put it into broadcast channel
2021/09/11 18:42:37.899675 /root/study/github_repository/qb/network/client.go:112: send a transcation to the Primary node
2021/09/11 18:42:38.609794 /root/study/github_repository/qb/network/client.go:192: transcation success
2021/09/11 18:43:00.788961 /root/study/github_repository/qb/network/client.go:135: creat a new transcation,and put it into broadcast channel
2021/09/11 18:43:00.790442 /root/study/github_repository/qb/network/client.go:112: send a transcation to the Primary node
2021/09/11 18:43:02.636447 /root/study/github_repository/qb/network/client.go:192: transcation success
2021/09/11 18:43:27.465085 /root/study/github_repository/qb/network/client.go:135: creat a new transcation,and put it into broadcast channel
2021/09/11 18:43:27.466861 /root/study/github_repository/qb/network/client.go:112: send a transcation to the Primary node
2021/09/11 18:43:29.756308 /root/study/github_repository/qb/network/client.go:192: transcation success
2021/09/11 18:44:43.110579 /root/study/github_repository/qb/network/client.go:135: creat a new transcation,and put it into broadcast channel
2021/09/11 18:44:43.112169 /root/study/github_repository/qb/network/client.go:112: send a transcation to the Primary node
2021/09/11 18:44:43.742331 /root/study/github_repository/qb/network/client.go:192: transcation success
2021/09/11 18:44:56.884854 /root/study/github_repository/qb/network/client.go:135: creat a new transcation,and put it into broadcast channel
2021/09/11 18:45:05.404106 /root/study/github_repository/qb/network/client.go:135: creat a new transcation,and put it into broadcast channel
2021/09/11 18:45:05.404883 /root/study/github_repository/qb/network/client.go:112: send a transcation to the Primary node
2021/09/11 18:45:05.745771 /root/study/github_repository/qb/network/client.go:192: transcation success
2021/09/11 18:45:57.170255 /root/study/github_repository/qb/network/client.go:135: creat a new transcation,and put it into broadcast channel
2021/09/11 18:45:57.171105 /root/study/github_repository/qb/network/client.go:112: send a transcation to the Primary node
2021/09/11 18:45:57.792088 /root/study/github_repository/qb/network/client.go:192: transcation success
2021/09/11 18:46:22.484043 /root/study/github_repository/qb/network/client.go:135: creat a new transcation,and put it into broadcast channel
2021/09/11 18:46:22.485400 /root/study/github_repository/qb/network/client.go:112: send a transcation to the Primary node
2021/09/11 18:46:22.814209 /root/study/github_repository/qb/network/client.go:192: transcation success
2021/09/11 18:47:33.109098 /root/study/github_repository/qb/network/client.go:135: creat a new transcation,and put it into broadcast channel
2021/09/11 18:47:33.110058 /root/study/github_repository/qb/network/client.go:112: send a transcation to the Primary node
2021/09/11 18:47:33.285891 /root/study/github_repository/qb/network/client.go:192: transcation success
2021/09/11 18:47:48.953598 /root/study/github_repository/qb/network/client.go:135: creat a new transcation,and put it into broadcast channel
2021/09/11 18:47:48.954634 /root/study/github_repository/qb/network/client.go:112: send a transcation to the Primary node
2021/09/11 18:47:49.276935 /root/study/github_repository/qb/network/client.go:192: transcation success
2021/09/11 18:48:05.909148 /root/study/github_repository/qb/network/client.go:135: creat a new transcation,and put it into broadcast channel
2021/09/11 18:48:05.910092 /root/study/github_repository/qb/network/client.go:112: send a transcation to the Primary node
2021/09/11 18:48:06.292220 /root/study/github_repository/qb/network/client.go:192: transcation success
2021/09/11 18:48:15.974466 /root/study/github_repository/qb/network/client.go:135: creat a new transcation,and put it into broadcast channel
2021/09/11 18:48:15.975348 /root/study/github_repository/qb/network/client.go:112: send a transcation to the Primary node
2021/09/11 18:48:16.299100 /root/study/github_repository/qb/network/client.go:192: transcation success
2021/09/11 19:22:16.041204 /root/study/github_repository/qb/network/client.go:135: creat a new transcation,and put it into broadcast channel
2021/09/11 19:22:16.042395 /root/study/github_repository/qb/network/client.go:112: send a transcation to the Primary node
2021/09/11 19:22:16.270624 /root/study/github_repository/qb/network/client.go:192: transcation success
[input]2021/09/11 20:19:28.362829 /root/study/github_repository/qb/network/client.go:146: creat a new transcation,and put it into broadcast channel
[send transcation]2021/09/11 20:19:28.364024 /root/study/github_repository/qb/network/client.go:120: send a transcation to the Primary node
[input]2021/09/11 20:19:41.201681 /root/study/github_repository/qb/network/client.go:146: creat a new transcation,and put it into broadcast channel
[send transcation]2021/09/11 20:19:41.203411 /root/study/github_repository/qb/network/client.go:120: send a transcation to the Primary node
