2021/09/11 18:29:39.931361 /root/study/github_repository/qb/network/client.go:136: creat a new transcation,and put it into broadcast channel
2021/09/11 18:29:39.932592 /root/study/github_repository/qb/network/client.go:113: send a transcation to the Primary node
2021/09/11 18:33:05.032121 /root/study/github_repository/qb/network/client.go:136: creat a new transcation,and put it into broadcast channel
2021/09/11 18:33:05.033137 /root/study/github_repository/qb/network/client.go:113: send a transcation to the Primary node
2021/09/11 18:33:06.468427 /root/study/github_repository/qb/network/client.go:193: transcation success
2021/09/11 18:33:34.710010 /root/study/github_repository/qb/network/client.go:136: creat a new transcation,and put it into broadcast channel
2021/09/11 18:33:34.710859 /root/study/github_repository/qb/network/client.go:113: send a transcation to the Primary node
2021/09/11 18:33:36.483317 /root/study/github_repository/qb/network/client.go:193: transcation success
2021/09/11 18:41:32.800249 /root/study/github_repository/qb/network/client.go:135: creat a new transcation,and put it into broadcast channel
2021/09/11 18:41:32.800906 /root/study/github_repository/qb/network/client.go:112: send a transcation to the Primary node
2021/09/11 18:41:34.457430 /root/study/github_repository/qb/network/client.go:192: transcation success
2021/09/11 18:41:49.870066 /root/study/github_repository/qb/network/client.go:135: creat a new transcation,and put it into broadcast channel
2021/09/11 18:41:49.870813 /root/study/github_repository/qb/network/client.go:112: send a transcation to the Primary node
2021/09/11 18:41:52.460915 /root/study/github_repository/qb/network/client.go:192: transcation success
2021/09/11 18:42:24.377718 /root/study/github_repository/qb/network/client.go:135: creat a new transcation,and put it into broadcast channel
2021/09/11 18:42:24.379221 /root/study/github_repository/qb/network/client.go:112: send a transcation to the Primary node
2021/09/11 18:42:26.595343 /root/study/github_repository/qb/network/client.go:192: transcation success
2021/09/11 18:42:38.254972 /root/study/github_repository/qb/network/client.go:135: creat a new transcation,and put it into broadcast channel
2021/09/11 18:42:38.256288 /root/study/github_repository/qb/network/client.go:112: send a transcation to the Primary node
2021/09/11 18:42:38.610840 /root/study/github_repository/qb/network/client.go:192: transcation success
2021/09/11 18:43:01.145759 /root/study/github_repository/qb/network/client.go:135: creat a new transcation,and put it into broadcast channel
2021/09/11 18:43:01.146649 /root/study/github_repository/qb/network/client.go:112: send a transcation to the Primary node
2021/09/11 18:43:02.637504 /root/study/github_repository/qb/network/client.go:192: transcation success
2021/09/11 18:43:27.820128 /root/study/github_repository/qb/network/client.go:135: creat a new transcation,and put it into broadcast channel
2021/09/11 18:43:27.821245 /root/study/github_repository/qb/network/client.go:112: send a transcation to the Primary node
2021/09/11 18:43:29.757140 /root/study/github_repository/qb/network/client.go:192: transcation success
2021/09/11 18:44:43.464919 /root/study/github_repository/qb/network/client.go:135: creat a new transcation,and put it into broadcast channel
2021/09/11 18:44:43.466045 /root/study/github_repository/qb/network/client.go:112: send a transcation to the Primary node
2021/09/11 18:44:43.744092 /root/study/github_repository/qb/network/client.go:192: transcation success
2021/09/11 18:44:57.237487 /root/study/github_repository/qb/network/client.go:135: creat a new transcation,and put it into broadcast channel
2021/09/11 18:45:05.771508 /root/study/github_repository/qb/network/client.go:135: creat a new transcation,and put it into broadcast channel
2021/09/11 18:45:05.772721 /root/study/github_repository/qb/network/client.go:112: send a transcation to the Primary node
2021/09/11 18:45:06.739481 /root/study/github_repository/qb/network/client.go:192: transcation success
2021/09/11 18:45:57.531893 /root/study/github_repository/qb/network/client.go:135: creat a new transcation,and put it into broadcast channel
2021/09/11 18:45:57.532921 /root/study/github_repository/qb/network/client.go:112: send a transcation to the Primary node
2021/09/11 18:45:57.793683 /root/study/github_repository/qb/network/client.go:192: transcation success
2021/09/11 18:46:22.850742 /root/study/github_repository/qb/network/client.go:135: creat a new transcation,and put it into broadcast channel
2021/09/11 18:46:22.851931 /root/study/github_repository/qb/network/client.go:112: send a transcation to the Primary node
2021/09/11 18:46:23.821559 /root/study/github_repository/qb/network/client.go:192: transcation success
2021/09/11 18:47:33.474805 /root/study/github_repository/qb/network/client.go:135: creat a new transcation,and put it into broadcast channel
2021/09/11 18:47:33.475846 /root/study/github_repository/qb/network/client.go:112: send a transcation to the Primary node
2021/09/11 18:47:34.257230 /root/study/github_repository/qb/network/client.go:192: transcation success
2021/09/11 18:47:49.317797 /root/study/github_repository/qb/network/client.go:135: creat a new transcation,and put it into broadcast channel
2021/09/11 18:47:49.318996 /root/study/github_repository/qb/network/client.go:112: send a transcation to the Primary node
2021/09/11 18:47:50.274814 /root/study/github_repository/qb/network/client.go:192: transcation success
2021/09/11 18:48:06.269791 /root/study/github_repository/qb/network/client.go:135: creat a new transcation,and put it into broadcast channel
2021/09/11 18:48:06.271147 /root/study/github_repository/qb/network/client.go:112: send a transcation to the Primary node
2021/09/11 18:48:07.291415 /root/study/github_repository/qb/network/client.go:192: transcation success
2021/09/11 18:48:16.324986 /root/study/github_repository/qb/network/client.go:135: creat a new transcation,and put it into broadcast channel
2021/09/11 18:48:16.325695 /root/study/github_repository/qb/network/client.go:112: send a transcation to the Primary node
2021/09/11 18:48:17.291551 /root/study/github_repository/qb/network/client.go:192: transcation success
2021/09/11 19:22:16.399016 /root/study/github_repository/qb/network/client.go:135: creat a new transcation,and put it into broadcast channel
2021/09/11 19:22:16.399885 /root/study/github_repository/qb/network/client.go:112: send a transcation to the Primary node
2021/09/11 19:22:17.282255 /root/study/github_repository/qb/network/client.go:192: transcation success
[input]2021/09/11 20:19:28.727034 /root/study/github_repository/qb/network/client.go:146: creat a new transcation,and put it into broadcast channel
[send transcation]2021/09/11 20:19:28.728172 /root/study/github_repository/qb/network/client.go:120: send a transcation to the Primary node
[input]2021/09/11 20:19:41.560731 /root/study/github_repository/qb/network/client.go:146: creat a new transcation,and put it into broadcast channel
[send transcation]2021/09/11 20:19:41.562050 /root/study/github_repository/qb/network/client.go:120: send a transcation to the Primary node
