2021/09/11 18:29:40.051878 /root/study/github_repository/qb/network/client.go:136: creat a new transcation,and put it into broadcast channel
2021/09/11 18:29:40.054329 /root/study/github_repository/qb/network/client.go:113: send a transcation to the Primary node
2021/09/11 18:33:05.150284 /root/study/github_repository/qb/network/client.go:136: creat a new transcation,and put it into broadcast channel
2021/09/11 18:33:05.151782 /root/study/github_repository/qb/network/client.go:113: send a transcation to the Primary node
2021/09/11 18:33:06.468991 /root/study/github_repository/qb/network/client.go:193: transcation success
2021/09/11 18:33:34.826290 /root/study/github_repository/qb/network/client.go:136: creat a new transcation,and put it into broadcast channel
2021/09/11 18:33:34.827086 /root/study/github_repository/qb/network/client.go:113: send a transcation to the Primary node
2021/09/11 18:33:36.483856 /root/study/github_repository/qb/network/client.go:193: transcation success
2021/09/11 18:41:32.917976 /root/study/github_repository/qb/network/client.go:135: creat a new transcation,and put it into broadcast channel
2021/09/11 18:41:32.919495 /root/study/github_repository/qb/network/client.go:112: send a transcation to the Primary node
2021/09/11 18:41:34.458091 /root/study/github_repository/qb/network/client.go:192: transcation success
2021/09/11 18:41:49.991070 /root/study/github_repository/qb/network/client.go:135: creat a new transcation,and put it into broadcast channel
2021/09/11 18:41:49.992027 /root/study/github_repository/qb/network/client.go:112: send a transcation to the Primary node
2021/09/11 18:41:52.461334 /root/study/github_repository/qb/network/client.go:192: transcation success
2021/09/11 18:42:24.497099 /root/study/github_repository/qb/network/client.go:135: creat a new transcation,and put it into broadcast channel
2021/09/11 18:42:24.498288 /root/study/github_repository/qb/network/client.go:112: send a transcation to the Primary node
2021/09/11 18:42:26.596286 /root/study/github_repository/qb/network/client.go:192: transcation success
2021/09/11 18:42:38.379761 /root/study/github_repository/qb/network/client.go:135: creat a new transcation,and put it into broadcast channel
2021/09/11 18:42:38.381182 /root/study/github_repository/qb/network/client.go:112: send a transcation to the Primary node
2021/09/11 18:42:38.611201 /root/study/github_repository/qb/network/client.go:192: transcation success
2021/09/11 18:43:01.264513 /root/study/github_repository/qb/network/client.go:135: creat a new transcation,and put it into broadcast channel
2021/09/11 18:43:01.265841 /root/study/github_repository/qb/network/client.go:112: send a transcation to the Primary node
2021/09/11 18:43:02.637865 /root/study/github_repository/qb/network/client.go:192: transcation success
2021/09/11 18:43:27.937611 /root/study/github_repository/qb/network/client.go:135: creat a new transcation,and put it into broadcast channel
2021/09/11 18:43:27.938651 /root/study/github_repository/qb/network/client.go:112: send a transcation to the Primary node
2021/09/11 18:43:29.757339 /root/study/github_repository/qb/network/client.go:192: transcation success
2021/09/11 18:44:43.582938 /root/study/github_repository/qb/network/client.go:135: creat a new transcation,and put it into broadcast channel
2021/09/11 18:44:43.583884 /root/study/github_repository/qb/network/client.go:112: send a transcation to the Primary node
2021/09/11 18:44:43.744581 /root/study/github_repository/qb/network/client.go:192: transcation success
2021/09/11 18:44:57.355346 /root/study/github_repository/qb/network/client.go:135: creat a new transcation,and put it into broadcast channel
2021/09/11 18:45:05.899047 /root/study/github_repository/qb/network/client.go:135: creat a new transcation,and put it into broadcast channel
2021/09/11 18:45:05.899897 /root/study/github_repository/qb/network/client.go:112: send a transcation to the Primary node
2021/09/11 18:45:06.739921 /root/study/github_repository/qb/network/client.go:192: transcation success
2021/09/11 18:45:57.650607 /root/study/github_repository/qb/network/client.go:135: creat a new transcation,and put it into broadcast channel
2021/09/11 18:45:57.651717 /root/study/github_repository/qb/network/client.go:112: send a transcation to the Primary node
2021/09/11 18:45:57.794178 /root/study/github_repository/qb/network/client.go:192: transcation success
2021/09/11 18:46:22.969132 /root/study/github_repository/qb/network/client.go:135: creat a new transcation,and put it into broadcast channel
2021/09/11 18:46:22.970402 /root/study/github_repository/qb/network/client.go:112: send a transcation to the Primary node
2021/09/11 18:46:23.822089 /root/study/github_repository/qb/network/client.go:192: transcation success
2021/09/11 18:47:33.593465 /root/study/github_repository/qb/network/client.go:135: creat a new transcation,and put it into broadcast channel
2021/09/11 18:47:33.594747 /root/study/github_repository/qb/network/client.go:112: send a transcation to the Primary node
2021/09/11 18:47:34.258791 /root/study/github_repository/qb/network/client.go:192: transcation success
2021/09/11 18:47:49.441396 /root/study/github_repository/qb/network/client.go:135: creat a new transcation,and put it into broadcast channel
2021/09/11 18:47:49.442575 /root/study/github_repository/qb/network/client.go:112: send a transcation to the Primary node
2021/09/11 18:47:50.275388 /root/study/github_repository/qb/network/client.go:192: transcation success
2021/09/11 18:48:06.394948 /root/study/github_repository/qb/network/client.go:135: creat a new transcation,and put it into broadcast channel
2021/09/11 18:48:06.396091 /root/study/github_repository/qb/network/client.go:112: send a transcation to the Primary node
2021/09/11 18:48:07.292027 /root/study/github_repository/qb/network/client.go:192: transcation success
2021/09/11 18:48:16.450940 /root/study/github_repository/qb/network/client.go:135: creat a new transcation,and put it into broadcast channel
2021/09/11 18:48:16.452314 /root/study/github_repository/qb/network/client.go:112: send a transcation to the Primary node
2021/09/11 18:48:17.291933 /root/study/github_repository/qb/network/client.go:192: transcation success
2021/09/11 19:22:16.517613 /root/study/github_repository/qb/network/client.go:135: creat a new transcation,and put it into broadcast channel
2021/09/11 19:22:16.518596 /root/study/github_repository/qb/network/client.go:112: send a transcation to the Primary node
2021/09/11 19:22:17.282718 /root/study/github_repository/qb/network/client.go:192: transcation success
[input]2021/09/11 20:19:28.848621 /root/study/github_repository/qb/network/client.go:146: creat a new transcation,and put it into broadcast channel
[send transcation]2021/09/11 20:19:28.849957 /root/study/github_repository/qb/network/client.go:120: send a transcation to the Primary node
[input]2021/09/11 20:19:41.677959 /root/study/github_repository/qb/network/client.go:146: creat a new transcation,and put it into broadcast channel
[send transcation]2021/09/11 20:19:41.679100 /root/study/github_repository/qb/network/client.go:120: send a transcation to the Primary node
