2021/09/11 18:29:38.398965 /root/study/github_repository/qb/network/client.go:136: creat a new transcation,and put it into broadcast channel
2021/09/11 18:29:38.400482 /root/study/github_repository/qb/network/client.go:113: send a transcation to the Primary node
2021/09/11 18:33:03.500086 /root/study/github_repository/qb/network/client.go:136: creat a new transcation,and put it into broadcast channel
2021/09/11 18:33:03.501540 /root/study/github_repository/qb/network/client.go:113: send a transcation to the Primary node
2021/09/11 18:33:06.459822 /root/study/github_repository/qb/network/client.go:193: transcation success
2021/09/11 18:33:33.169474 /root/study/github_repository/qb/network/client.go:136: creat a new transcation,and put it into broadcast channel
2021/09/11 18:33:33.170325 /root/study/github_repository/qb/network/client.go:113: send a transcation to the Primary node
2021/09/11 18:33:33.439386 /root/study/github_repository/qb/network/client.go:193: transcation success
2021/09/11 18:41:31.237682 /root/study/github_repository/qb/network/client.go:135: creat a new transcation,and put it into broadcast channel
2021/09/11 18:41:31.239013 /root/study/github_repository/qb/network/client.go:112: send a transcation to the Primary node
2021/09/11 18:41:34.452105 /root/study/github_repository/qb/network/client.go:192: transcation success
2021/09/11 18:41:48.296976 /root/study/github_repository/qb/network/client.go:135: creat a new transcation,and put it into broadcast channel
2021/09/11 18:41:48.298141 /root/study/github_repository/qb/network/client.go:112: send a transcation to the Primary node
2021/09/11 18:41:49.436402 /root/study/github_repository/qb/network/client.go:192: transcation success
2021/09/11 18:42:22.817477 /root/study/github_repository/qb/network/client.go:135: creat a new transcation,and put it into broadcast channel
2021/09/11 18:42:22.818792 /root/study/github_repository/qb/network/client.go:112: send a transcation to the Primary node
2021/09/11 18:42:23.604232 /root/study/github_repository/qb/network/client.go:192: transcation success
2021/09/11 18:42:36.691204 /root/study/github_repository/qb/network/client.go:135: creat a new transcation,and put it into broadcast channel
2021/09/11 18:42:36.691965 /root/study/github_repository/qb/network/client.go:112: send a transcation to the Primary node
2021/09/11 18:42:38.605200 /root/study/github_repository/qb/network/client.go:192: transcation success
2021/09/11 18:42:59.594809 /root/study/github_repository/qb/network/client.go:135: creat a new transcation,and put it into broadcast channel
2021/09/11 18:42:59.596090 /root/study/github_repository/qb/network/client.go:112: send a transcation to the Primary node
2021/09/11 18:43:02.632898 /root/study/github_repository/qb/network/client.go:192: transcation success
2021/09/11 18:43:26.271224 /root/study/github_repository/qb/network/client.go:135: creat a new transcation,and put it into broadcast channel
2021/09/11 18:43:26.272701 /root/study/github_repository/qb/network/client.go:112: send a transcation to the Primary node
2021/09/11 18:43:26.596267 /root/study/github_repository/qb/network/client.go:192: transcation success
2021/09/11 18:44:41.895439 /root/study/github_repository/qb/network/client.go:135: creat a new transcation,and put it into broadcast channel
2021/09/11 18:44:41.897117 /root/study/github_repository/qb/network/client.go:112: send a transcation to the Primary node
2021/09/11 18:44:42.741281 /root/study/github_repository/qb/network/client.go:192: transcation success
2021/09/11 18:44:55.679612 /root/study/github_repository/qb/network/client.go:135: creat a new transcation,and put it into broadcast channel
2021/09/11 18:44:55.752665 /root/study/github_repository/qb/network/client.go:192: transcation success
2021/09/11 18:45:04.207266 /root/study/github_repository/qb/network/client.go:135: creat a new transcation,and put it into broadcast channel
2021/09/11 18:45:04.208589 /root/study/github_repository/qb/network/client.go:112: send a transcation to the Primary node
2021/09/11 18:45:04.744489 /root/study/github_repository/qb/network/client.go:192: transcation success
2021/09/11 18:45:55.968178 /root/study/github_repository/qb/network/client.go:135: creat a new transcation,and put it into broadcast channel
2021/09/11 18:45:55.969132 /root/study/github_repository/qb/network/client.go:112: send a transcation to the Primary node
2021/09/11 18:45:56.790289 /root/study/github_repository/qb/network/client.go:192: transcation success
2021/09/11 18:46:21.272698 /root/study/github_repository/qb/network/client.go:135: creat a new transcation,and put it into broadcast channel
2021/09/11 18:46:21.273418 /root/study/github_repository/qb/network/client.go:112: send a transcation to the Primary node
2021/09/11 18:46:21.814236 /root/study/github_repository/qb/network/client.go:192: transcation success
2021/09/11 18:47:31.902483 /root/study/github_repository/qb/network/client.go:135: creat a new transcation,and put it into broadcast channel
2021/09/11 18:47:31.903762 /root/study/github_repository/qb/network/client.go:112: send a transcation to the Primary node
2021/09/11 18:47:32.294718 /root/study/github_repository/qb/network/client.go:192: transcation success
2021/09/11 18:47:47.763690 /root/study/github_repository/qb/network/client.go:135: creat a new transcation,and put it into broadcast channel
2021/09/11 18:47:47.765058 /root/study/github_repository/qb/network/client.go:112: send a transcation to the Primary node
2021/09/11 18:47:48.272164 /root/study/github_repository/qb/network/client.go:192: transcation success
2021/09/11 18:48:04.720985 /root/study/github_repository/qb/network/client.go:135: creat a new transcation,and put it into broadcast channel
2021/09/11 18:48:04.722835 /root/study/github_repository/qb/network/client.go:112: send a transcation to the Primary node
2021/09/11 18:48:05.283759 /root/study/github_repository/qb/network/client.go:192: transcation success
2021/09/11 18:48:14.783829 /root/study/github_repository/qb/network/client.go:135: creat a new transcation,and put it into broadcast channel
2021/09/11 18:48:14.784759 /root/study/github_repository/qb/network/client.go:112: send a transcation to the Primary node
2021/09/11 18:48:15.298986 /root/study/github_repository/qb/network/client.go:192: transcation success
2021/09/11 19:22:14.864054 /root/study/github_repository/qb/network/client.go:135: creat a new transcation,and put it into broadcast channel
2021/09/11 19:22:14.865222 /root/study/github_repository/qb/network/client.go:112: send a transcation to the Primary node
2021/09/11 19:22:15.239845 /root/study/github_repository/qb/network/client.go:192: transcation success
[input]2021/09/11 20:19:27.155635 /root/study/github_repository/qb/network/client.go:146: creat a new transcation,and put it into broadcast channel
[send transcation]2021/09/11 20:19:27.156378 /root/study/github_repository/qb/network/client.go:120: send a transcation to the Primary node
[input]2021/09/11 20:19:39.992174 /root/study/github_repository/qb/network/client.go:146: creat a new transcation,and put it into broadcast channel
[send transcation]2021/09/11 20:19:39.993387 /root/study/github_repository/qb/network/client.go:120: send a transcation to the Primary node
