2021/09/11 18:29:38.516746 /root/study/github_repository/qb/network/client.go:136: creat a new transcation,and put it into broadcast channel
2021/09/11 18:29:38.517797 /root/study/github_repository/qb/network/client.go:113: send a transcation to the Primary node
2021/09/11 18:33:03.619662 /root/study/github_repository/qb/network/client.go:136: creat a new transcation,and put it into broadcast channel
2021/09/11 18:33:03.620302 /root/study/github_repository/qb/network/client.go:113: send a transcation to the Primary node
2021/09/11 18:33:06.460340 /root/study/github_repository/qb/network/client.go:193: transcation success
2021/09/11 18:33:33.285096 /root/study/github_repository/qb/network/client.go:136: creat a new transcation,and put it into broadcast channel
2021/09/11 18:33:33.285994 /root/study/github_repository/qb/network/client.go:113: send a transcation to the Primary node
2021/09/11 18:33:33.439974 /root/study/github_repository/qb/network/client.go:193: transcation success
2021/09/11 18:41:31.357880 /root/study/github_repository/qb/network/client.go:135: creat a new transcation,and put it into broadcast channel
2021/09/11 18:41:31.359308 /root/study/github_repository/qb/network/client.go:112: send a transcation to the Primary node
2021/09/11 18:41:34.452497 /root/study/github_repository/qb/network/client.go:192: transcation success
2021/09/11 18:41:48.415515 /root/study/github_repository/qb/network/client.go:135: creat a new transcation,and put it into broadcast channel
2021/09/11 18:41:48.416461 /root/study/github_repository/qb/network/client.go:112: send a transcation to the Primary node
2021/09/11 18:41:49.437113 /root/study/github_repository/qb/network/client.go:192: transcation success
2021/09/11 18:42:22.934113 /root/study/github_repository/qb/network/client.go:135: creat a new transcation,and put it into broadcast channel
2021/09/11 18:42:22.935191 /root/study/github_repository/qb/network/client.go:112: send a transcation to the Primary node
2021/09/11 18:42:23.604561 /root/study/github_repository/qb/network/client.go:192: transcation success
2021/09/11 18:42:36.809875 /root/study/github_repository/qb/network/client.go:135: creat a new transcation,and put it into broadcast channel
2021/09/11 18:42:36.811090 /root/study/github_repository/qb/network/client.go:112: send a transcation to the Primary node
2021/09/11 18:42:38.605760 /root/study/github_repository/qb/network/client.go:192: transcation success
2021/09/11 18:42:59.715321 /root/study/github_repository/qb/network/client.go:135: creat a new transcation,and put it into broadcast channel
2021/09/11 18:42:59.716405 /root/study/github_repository/qb/network/client.go:112: send a transcation to the Primary node
2021/09/11 18:43:02.633170 /root/study/github_repository/qb/network/client.go:192: transcation success
2021/09/11 18:43:26.388549 /root/study/github_repository/qb/network/client.go:135: creat a new transcation,and put it into broadcast channel
2021/09/11 18:43:26.389899 /root/study/github_repository/qb/network/client.go:112: send a transcation to the Primary node
2021/09/11 18:43:26.596694 /root/study/github_repository/qb/network/client.go:192: transcation success
2021/09/11 18:44:42.015088 /root/study/github_repository/qb/network/client.go:135: creat a new transcation,and put it into broadcast channel
2021/09/11 18:44:42.016129 /root/study/github_repository/qb/network/client.go:112: send a transcation to the Primary node
2021/09/11 18:44:42.741714 /root/study/github_repository/qb/network/client.go:192: transcation success
2021/09/11 18:44:55.809587 /root/study/github_repository/qb/network/client.go:135: creat a new transcation,and put it into broadcast channel
2021/09/11 18:45:04.325050 /root/study/github_repository/qb/network/client.go:135: creat a new transcation,and put it into broadcast channel
2021/09/11 18:45:04.325962 /root/study/github_repository/qb/network/client.go:112: send a transcation to the Primary node
2021/09/11 18:45:04.744830 /root/study/github_repository/qb/network/client.go:192: transcation success
2021/09/11 18:45:56.088046 /root/study/github_repository/qb/network/client.go:135: creat a new transcation,and put it into broadcast channel
2021/09/11 18:45:56.088914 /root/study/github_repository/qb/network/client.go:112: send a transcation to the Primary node
2021/09/11 18:45:56.790772 /root/study/github_repository/qb/network/client.go:192: transcation success
2021/09/11 18:46:21.392496 /root/study/github_repository/qb/network/client.go:135: creat a new transcation,and put it into broadcast channel
2021/09/11 18:46:21.393901 /root/study/github_repository/qb/network/client.go:112: send a transcation to the Primary node
2021/09/11 18:46:21.814516 /root/study/github_repository/qb/network/client.go:192: transcation success
2021/09/11 18:47:32.024516 /root/study/github_repository/qb/network/client.go:135: creat a new transcation,and put it into broadcast channel
2021/09/11 18:47:32.025551 /root/study/github_repository/qb/network/client.go:112: send a transcation to the Primary node
2021/09/11 18:47:32.295066 /root/study/github_repository/qb/network/client.go:192: transcation success
2021/09/11 18:47:47.881384 /root/study/github_repository/qb/network/client.go:135: creat a new transcation,and put it into broadcast channel
2021/09/11 18:47:47.882814 /root/study/github_repository/qb/network/client.go:112: send a transcation to the Primary node
2021/09/11 18:47:48.272514 /root/study/github_repository/qb/network/client.go:192: transcation success
2021/09/11 18:48:04.838297 /root/study/github_repository/qb/network/client.go:135: creat a new transcation,and put it into broadcast channel
2021/09/11 18:48:04.839440 /root/study/github_repository/qb/network/client.go:112: send a transcation to the Primary node
2021/09/11 18:48:05.283975 /root/study/github_repository/qb/network/client.go:192: transcation success
2021/09/11 18:48:14.901917 /root/study/github_repository/qb/network/client.go:135: creat a new transcation,and put it into broadcast channel
2021/09/11 18:48:14.903234 /root/study/github_repository/qb/network/client.go:112: send a transcation to the Primary node
2021/09/11 18:48:15.299394 /root/study/github_repository/qb/network/client.go:192: transcation success
2021/09/11 19:22:14.981693 /root/study/github_repository/qb/network/client.go:135: creat a new transcation,and put it into broadcast channel
2021/09/11 19:22:14.982762 /root/study/github_repository/qb/network/client.go:112: send a transcation to the Primary node
2021/09/11 19:22:15.240538 /root/study/github_repository/qb/network/client.go:192: transcation success
[input]2021/09/11 20:19:27.274968 /root/study/github_repository/qb/network/client.go:146: creat a new transcation,and put it into broadcast channel
[send transcation]2021/09/11 20:19:27.276287 /root/study/github_repository/qb/network/client.go:120: send a transcation to the Primary node
[input]2021/09/11 20:19:40.109223 /root/study/github_repository/qb/network/client.go:146: creat a new transcation,and put it into broadcast channel
[send transcation]2021/09/11 20:19:40.110254 /root/study/github_repository/qb/network/client.go:120: send a transcation to the Primary node
