2021/09/11 18:29:38.866636 /root/study/github_repository/qb/network/client.go:136: creat a new transcation,and put it into broadcast channel
2021/09/11 18:29:38.867815 /root/study/github_repository/qb/network/client.go:113: send a transcation to the Primary node
2021/09/11 18:33:03.969528 /root/study/github_repository/qb/network/client.go:136: creat a new transcation,and put it into broadcast channel
2021/09/11 18:33:03.970603 /root/study/github_repository/qb/network/client.go:113: send a transcation to the Primary node
2021/09/11 18:33:06.462384 /root/study/github_repository/qb/network/client.go:193: transcation success
2021/09/11 18:33:33.639973 /root/study/github_repository/qb/network/client.go:136: creat a new transcation,and put it into broadcast channel
2021/09/11 18:33:33.641435 /root/study/github_repository/qb/network/client.go:113: send a transcation to the Primary node
2021/09/11 18:33:36.480840 /root/study/github_repository/qb/network/client.go:193: transcation success
2021/09/11 18:41:31.718091 /root/study/github_repository/qb/network/client.go:135: creat a new transcation,and put it into broadcast channel
2021/09/11 18:41:31.719502 /root/study/github_repository/qb/network/client.go:112: send a transcation to the Primary node
2021/09/11 18:41:34.453513 /root/study/github_repository/qb/network/client.go:192: transcation success
2021/09/11 18:41:48.774647 /root/study/github_repository/qb/network/client.go:135: creat a new transcation,and put it into broadcast channel
2021/09/11 18:41:48.775684 /root/study/github_repository/qb/network/client.go:112: send a transcation to the Primary node
2021/09/11 18:41:49.438913 /root/study/github_repository/qb/network/client.go:192: transcation success
2021/09/11 18:42:23.293687 /root/study/github_repository/qb/network/client.go:135: creat a new transcation,and put it into broadcast channel
2021/09/11 18:42:23.295024 /root/study/github_repository/qb/network/client.go:112: send a transcation to the Primary node
2021/09/11 18:42:23.605695 /root/study/github_repository/qb/network/client.go:192: transcation success
2021/09/11 18:42:37.172702 /root/study/github_repository/qb/network/client.go:135: creat a new transcation,and put it into broadcast channel
2021/09/11 18:42:37.173824 /root/study/github_repository/qb/network/client.go:112: send a transcation to the Primary node
2021/09/11 18:42:38.607578 /root/study/github_repository/qb/network/client.go:192: transcation success
2021/09/11 18:43:00.068968 /root/study/github_repository/qb/network/client.go:135: creat a new transcation,and put it into broadcast channel
2021/09/11 18:43:00.070195 /root/study/github_repository/qb/network/client.go:112: send a transcation to the Primary node
2021/09/11 18:43:02.634175 /root/study/github_repository/qb/network/client.go:192: transcation success
2021/09/11 18:43:26.740200 /root/study/github_repository/qb/network/client.go:135: creat a new transcation,and put it into broadcast channel
2021/09/11 18:43:26.741115 /root/study/github_repository/qb/network/client.go:112: send a transcation to the Primary node
2021/09/11 18:43:29.754400 /root/study/github_repository/qb/network/client.go:192: transcation success
2021/09/11 18:44:42.379473 /root/study/github_repository/qb/network/client.go:135: creat a new transcation,and put it into broadcast channel
2021/09/11 18:44:42.380754 /root/study/github_repository/qb/network/client.go:112: send a transcation to the Primary node
2021/09/11 18:44:42.742905 /root/study/github_repository/qb/network/client.go:192: transcation success
2021/09/11 18:45:04.680175 /root/study/github_repository/qb/network/client.go:135: creat a new transcation,and put it into broadcast channel
2021/09/11 18:45:04.680967 /root/study/github_repository/qb/network/client.go:112: send a transcation to the Primary node
2021/09/11 18:45:04.745606 /root/study/github_repository/qb/network/client.go:192: transcation success
2021/09/11 18:45:56.449720 /root/study/github_repository/qb/network/client.go:135: creat a new transcation,and put it into broadcast channel
2021/09/11 18:45:56.450870 /root/study/github_repository/qb/network/client.go:112: send a transcation to the Primary node
2021/09/11 18:45:56.791720 /root/study/github_repository/qb/network/client.go:192: transcation success
2021/09/11 18:46:21.751008 /root/study/github_repository/qb/network/client.go:135: creat a new transcation,and put it into broadcast channel
2021/09/11 18:46:21.752788 /root/study/github_repository/qb/network/client.go:112: send a transcation to the Primary node
2021/09/11 18:46:21.815862 /root/study/github_repository/qb/network/client.go:192: transcation success
2021/09/11 18:47:32.387834 /root/study/github_repository/qb/network/client.go:135: creat a new transcation,and put it into broadcast channel
2021/09/11 18:47:32.389086 /root/study/github_repository/qb/network/client.go:112: send a transcation to the Primary node
2021/09/11 18:47:33.283885 /root/study/github_repository/qb/network/client.go:192: transcation success
2021/09/11 18:47:48.236145 /root/study/github_repository/qb/network/client.go:135: creat a new transcation,and put it into broadcast channel
2021/09/11 18:47:48.237002 /root/study/github_repository/qb/network/client.go:112: send a transcation to the Primary node
2021/09/11 18:47:48.273593 /root/study/github_repository/qb/network/client.go:192: transcation success
2021/09/11 18:48:05.194828 /root/study/github_repository/qb/network/client.go:135: creat a new transcation,and put it into broadcast channel
2021/09/11 18:48:05.196045 /root/study/github_repository/qb/network/client.go:112: send a transcation to the Primary node
2021/09/11 18:48:05.285019 /root/study/github_repository/qb/network/client.go:192: transcation success
2021/09/11 18:48:15.253993 /root/study/github_repository/qb/network/client.go:135: creat a new transcation,and put it into broadcast channel
2021/09/11 18:48:15.254912 /root/study/github_repository/qb/network/client.go:112: send a transcation to the Primary node
2021/09/11 18:48:15.301309 /root/study/github_repository/qb/network/client.go:192: transcation success
2021/09/11 19:22:15.335172 /root/study/github_repository/qb/network/client.go:135: creat a new transcation,and put it into broadcast channel
2021/09/11 19:22:15.336581 /root/study/github_repository/qb/network/client.go:112: send a transcation to the Primary node
2021/09/11 19:22:16.267377 /root/study/github_repository/qb/network/client.go:192: transcation success
[input]2021/09/11 20:19:27.636054 /root/study/github_repository/qb/network/client.go:146: creat a new transcation,and put it into broadcast channel
[send transcation]2021/09/11 20:19:27.636997 /root/study/github_repository/qb/network/client.go:120: send a transcation to the Primary node
[input]2021/09/11 20:19:40.466843 /root/study/github_repository/qb/network/client.go:146: creat a new transcation,and put it into broadcast channel
[send transcation]2021/09/11 20:19:40.467749 /root/study/github_repository/qb/network/client.go:120: send a transcation to the Primary node
