P4-[broadcast prepare]2021/09/07 20:32:25.644117 /root/study/github_repository/qb/network/node.go:236: broadcast prepare message
P4-[receive PrepareMsg]2021/09/07 20:32:25.645231 /root/study/github_repository/qb/network/node.go:512: Msgdelivery channel get a prepare message, and handle it
P4-[broadcast commit]2021/09/07 20:32:25.647976 /root/study/github_repository/qb/network/node.go:244: broadcast commit message
P4-[broadcast reply]2021/09/07 20:32:25.649476 /root/study/github_repository/qb/network/node.go:252: broadcast reply message
P4-[broadcast prepare]2021/09/07 20:33:09.257974 /root/study/github_repository/qb/network/node.go:236: broadcast prepare message
P4-[broadcast prepare]2021/09/07 20:44:29.533672 /root/study/github_repository/qb/network/node.go:236: broadcast prepare message
P4-[broadcast commit]2021/09/07 20:44:29.536241 /root/study/github_repository/qb/network/node.go:244: broadcast commit message
P4-[pbft.CommitMsg]2021/09/07 20:44:29.536295 /root/study/github_repository/qb/network/node.go:390: [put commit message into MsgDelivery channel]
P4-[broadcast reply]2021/09/07 20:44:29.539832 /root/study/github_repository/qb/network/node.go:252: broadcast reply message
P4-[broadcast prepare]2021/09/07 20:44:49.988362 /root/study/github_repository/qb/network/node.go:236: broadcast prepare message
P4-[broadcast commit]2021/09/07 20:44:49.994010 /root/study/github_repository/qb/network/node.go:244: broadcast commit message
P4-[receive CommitMsg]2021/09/07 20:44:49.994159 /root/study/github_repository/qb/network/node.go:523: Msgdelivery channel get a commit message, and handle it
P4-[pbft.CommitMsg]2021/09/07 20:44:49.994180 /root/study/github_repository/qb/network/node.go:390: [put commit message into MsgDelivery channel]
P4-[broadcast reply]2021/09/07 20:44:49.994849 /root/study/github_repository/qb/network/node.go:252: broadcast reply message
P4-[receive CommitMsg]2021/09/07 20:44:49.995100 /root/study/github_repository/qb/network/node.go:523: Msgdelivery channel get a commit message, and handle it
P4-[broadcast prepare]2021/09/07 20:45:05.182656 /root/study/github_repository/qb/network/node.go:236: broadcast prepare message
P4-[broadcast commit]2021/09/07 20:45:05.185950 /root/study/github_repository/qb/network/node.go:244: broadcast commit message
P4-[receive CommitMsg]2021/09/07 20:45:05.186830 /root/study/github_repository/qb/network/node.go:523: Msgdelivery channel get a commit message, and handle it
P4-[broadcast reply]2021/09/07 20:45:05.188219 /root/study/github_repository/qb/network/node.go:252: broadcast reply message
P4-[broadcast prepare]2021/09/07 20:47:15.654173 /root/study/github_repository/qb/network/node.go:236: broadcast prepare message
P4-[broadcast commit]2021/09/07 20:47:16.196407 /root/study/github_repository/qb/network/node.go:244: broadcast commit message
P4-[broadcast reply]2021/09/07 20:47:17.197196 /root/study/github_repository/qb/network/node.go:252: broadcast reply message
P4-[broadcast prepare]2021/09/07 20:47:26.507147 /root/study/github_repository/qb/network/node.go:236: broadcast prepare message
P4-[receive PrepareMsg]2021/09/07 20:47:26.508023 /root/study/github_repository/qb/network/node.go:512: Msgdelivery channel get a prepare message, and handle it
P4-[broadcast commit]2021/09/07 20:47:26.510383 /root/study/github_repository/qb/network/node.go:244: broadcast commit message
P4-[broadcast reply]2021/09/07 20:47:26.512962 /root/study/github_repository/qb/network/node.go:252: broadcast reply message
P4-[broadcast prepare]2021/09/07 20:47:38.887543 /root/study/github_repository/qb/network/node.go:236: broadcast prepare message
P4-[broadcast commit]2021/09/07 20:47:39.214408 /root/study/github_repository/qb/network/node.go:244: broadcast commit message
P4-[broadcast reply]2021/09/07 20:47:40.214657 /root/study/github_repository/qb/network/node.go:252: broadcast reply message
P4-[broadcast prepare]2021/09/07 20:50:00.297186 /root/study/github_repository/qb/network/node.go:236: broadcast prepare message
P4-[receive PrepareMsg]2021/09/07 20:50:00.297300 /root/study/github_repository/qb/network/node.go:512: Msgdelivery channel get a prepare message, and handle it
P4-[broadcast commit]2021/09/07 20:50:00.298174 /root/study/github_repository/qb/network/node.go:244: broadcast commit message
P4-[pbft.CommitMsg]2021/09/07 20:50:00.298288 /root/study/github_repository/qb/network/node.go:390: [put commit message into MsgDelivery channel]
P4-[broadcast reply]2021/09/07 20:50:00.300894 /root/study/github_repository/qb/network/node.go:252: broadcast reply message
P4-[broadcast prepare]2021/09/07 20:50:23.898288 /root/study/github_repository/qb/network/node.go:236: broadcast prepare message
P4-[broadcast commit]2021/09/07 20:50:23.903022 /root/study/github_repository/qb/network/node.go:244: broadcast commit message
P4-[receive CommitMsg]2021/09/07 20:50:23.903093 /root/study/github_repository/qb/network/node.go:523: Msgdelivery channel get a commit message, and handle it
P4-[broadcast reply]2021/09/07 20:50:23.907237 /root/study/github_repository/qb/network/node.go:252: broadcast reply message
P4-[broadcast prepare]2021/09/07 20:51:07.581313 /root/study/github_repository/qb/network/node.go:236: broadcast prepare message
P4-[broadcast commit]2021/09/07 20:51:07.585265 /root/study/github_repository/qb/network/node.go:244: broadcast commit message
P4-[receive CommitMsg]2021/09/07 20:51:07.586104 /root/study/github_repository/qb/network/node.go:523: Msgdelivery channel get a commit message, and handle it
P4-[broadcast reply]2021/09/07 20:51:07.587790 /root/study/github_repository/qb/network/node.go:252: broadcast reply message
P4-[broadcast prepare]2021/09/07 20:51:51.020861 /root/study/github_repository/qb/network/node.go:236: broadcast prepare message
P4-[broadcast commit]2021/09/07 20:51:51.023491 /root/study/github_repository/qb/network/node.go:244: broadcast commit message
P4-[receive CommitMsg]2021/09/07 20:51:51.023872 /root/study/github_repository/qb/network/node.go:523: Msgdelivery channel get a commit message, and handle it
P4-[broadcast reply]2021/09/07 20:51:51.025729 /root/study/github_repository/qb/network/node.go:252: broadcast reply message
P4-[broadcast prepare]2021/09/07 20:52:13.327298 /root/study/github_repository/qb/network/node.go:236: broadcast prepare message
P4-[receive PrepareMsg]2021/09/07 20:52:13.327332 /root/study/github_repository/qb/network/node.go:512: Msgdelivery channel get a prepare message, and handle it
P4-[broadcast commit]2021/09/07 20:52:13.331486 /root/study/github_repository/qb/network/node.go:244: broadcast commit message
P4-[receive CommitMsg]2021/09/07 20:52:13.331640 /root/study/github_repository/qb/network/node.go:523: Msgdelivery channel get a commit message, and handle it
P4-[broadcast reply]2021/09/07 20:52:13.332554 /root/study/github_repository/qb/network/node.go:252: broadcast reply message
P4-[broadcast prepare]2021/09/07 20:53:36.783499 /root/study/github_repository/qb/network/node.go:236: broadcast prepare message
P4-[receive PrepareMsg]2021/09/07 20:53:36.783621 /root/study/github_repository/qb/network/node.go:512: Msgdelivery channel get a prepare message, and handle it
P4-[pbft.CommitMsg]2021/09/07 20:53:36.783694 /root/study/github_repository/qb/network/node.go:390: [put commit message into MsgDelivery channel]
P4-[broadcast commit]2021/09/07 20:53:36.786076 /root/study/github_repository/qb/network/node.go:244: broadcast commit message
P4-[receive CommitMsg]2021/09/07 20:53:36.786326 /root/study/github_repository/qb/network/node.go:523: Msgdelivery channel get a commit message, and handle it
P4-[broadcast reply]2021/09/07 20:53:36.786968 /root/study/github_repository/qb/network/node.go:252: broadcast reply message
P4-[receive CommitMsg]2021/09/07 20:53:36.787308 /root/study/github_repository/qb/network/node.go:523: Msgdelivery channel get a commit message, and handle it
P4-[broadcast prepare]2021/09/07 20:53:49.256957 /root/study/github_repository/qb/network/node.go:236: broadcast prepare message
P4-[receive PrepareMsg]2021/09/07 20:53:49.257816 /root/study/github_repository/qb/network/node.go:512: Msgdelivery channel get a prepare message, and handle it
P4-[broadcast commit]2021/09/07 20:53:49.260040 /root/study/github_repository/qb/network/node.go:244: broadcast commit message
P4-[receive CommitMsg]2021/09/07 20:53:49.260497 /root/study/github_repository/qb/network/node.go:523: Msgdelivery channel get a commit message, and handle it
P4-[broadcast reply]2021/09/07 20:53:49.262245 /root/study/github_repository/qb/network/node.go:252: broadcast reply message
P4-[broadcast prepare]2021/09/07 20:54:31.861858 /root/study/github_repository/qb/network/node.go:236: broadcast prepare message
P4-[receive PrepareMsg]2021/09/07 20:54:31.863226 /root/study/github_repository/qb/network/node.go:512: Msgdelivery channel get a prepare message, and handle it
P4-[broadcast commit]2021/09/07 20:54:31.864968 /root/study/github_repository/qb/network/node.go:244: broadcast commit message
P4-[receive CommitMsg]2021/09/07 20:54:31.865103 /root/study/github_repository/qb/network/node.go:523: Msgdelivery channel get a commit message, and handle it
P4-[broadcast reply]2021/09/07 20:54:31.867516 /root/study/github_repository/qb/network/node.go:252: broadcast reply message
