P1-[broadcast preprepare]2021/09/07 20:32:25.640934 /root/study/github_repository/qb/network/node.go:228: broadcast preprepare message
P1-[broadcast commit]2021/09/07 20:32:25.646449 /root/study/github_repository/qb/network/node.go:244: broadcast commit message
P1-[receive CommitMsg]2021/09/07 20:32:25.646852 /root/study/github_repository/qb/network/node.go:523: Msgdelivery channel get a commit message, and handle it
P1-[broadcast reply]2021/09/07 20:32:25.649559 /root/study/github_repository/qb/network/node.go:252: broadcast reply message
P1-[broadcast preprepare]2021/09/07 20:33:09.257263 /root/study/github_repository/qb/network/node.go:228: broadcast preprepare message
P1-[broadcast preprepare]2021/09/07 20:44:29.531891 /root/study/github_repository/qb/network/node.go:228: broadcast preprepare message
P1-[broadcast commit]2021/09/07 20:44:29.539349 /root/study/github_repository/qb/network/node.go:244: broadcast commit message
P1-[receive CommitMsg]2021/09/07 20:44:29.539609 /root/study/github_repository/qb/network/node.go:523: Msgdelivery channel get a commit message, and handle it
P1-[broadcast reply]2021/09/07 20:44:29.540518 /root/study/github_repository/qb/network/node.go:252: broadcast reply message
P1-[broadcast preprepare]2021/09/07 20:44:49.986757 /root/study/github_repository/qb/network/node.go:228: broadcast preprepare message
P1-[broadcast commit]2021/09/07 20:44:49.991289 /root/study/github_repository/qb/network/node.go:244: broadcast commit message
P1-[pbft.CommitMsg]2021/09/07 20:44:49.991351 /root/study/github_repository/qb/network/node.go:390: [put commit message into MsgDelivery channel]
P1-[broadcast reply]2021/09/07 20:44:49.994337 /root/study/github_repository/qb/network/node.go:252: broadcast reply message
P1-[broadcast preprepare]2021/09/07 20:45:05.179854 /root/study/github_repository/qb/network/node.go:228: broadcast preprepare message
P1-[broadcast commit]2021/09/07 20:45:05.186146 /root/study/github_repository/qb/network/node.go:244: broadcast commit message
P1-[receive CommitMsg]2021/09/07 20:45:05.186712 /root/study/github_repository/qb/network/node.go:523: Msgdelivery channel get a commit message, and handle it
P1-[broadcast reply]2021/09/07 20:45:05.188763 /root/study/github_repository/qb/network/node.go:252: broadcast reply message
P1-[broadcast preprepare]2021/09/07 20:47:15.650577 /root/study/github_repository/qb/network/node.go:228: broadcast preprepare message
P1-[broadcast commit]2021/09/07 20:47:15.656784 /root/study/github_repository/qb/network/node.go:244: broadcast commit message
P1-[receive CommitMsg]2021/09/07 20:47:15.656929 /root/study/github_repository/qb/network/node.go:523: Msgdelivery channel get a commit message, and handle it
P1-[broadcast reply]2021/09/07 20:47:15.658046 /root/study/github_repository/qb/network/node.go:252: broadcast reply message
P1-[broadcast preprepare]2021/09/07 20:47:26.504448 /root/study/github_repository/qb/network/node.go:228: broadcast preprepare message
P1-[broadcast commit]2021/09/07 20:47:26.508948 /root/study/github_repository/qb/network/node.go:244: broadcast commit message
P1-[pbft.CommitMsg]2021/09/07 20:47:26.508962 /root/study/github_repository/qb/network/node.go:390: [put commit message into MsgDelivery channel]
P1-[broadcast reply]2021/09/07 20:47:26.512327 /root/study/github_repository/qb/network/node.go:252: broadcast reply message
P1-[broadcast preprepare]2021/09/07 20:47:38.884237 /root/study/github_repository/qb/network/node.go:228: broadcast preprepare message
P1-[broadcast commit]2021/09/07 20:47:38.890384 /root/study/github_repository/qb/network/node.go:244: broadcast commit message
P1-[pbft.CommitMsg]2021/09/07 20:47:38.890712 /root/study/github_repository/qb/network/node.go:390: [put commit message into MsgDelivery channel]
P1-[receive CommitMsg]2021/09/07 20:47:38.891916 /root/study/github_repository/qb/network/node.go:523: Msgdelivery channel get a commit message, and handle it
P1-[broadcast reply]2021/09/07 20:47:38.893545 /root/study/github_repository/qb/network/node.go:252: broadcast reply message
P1-[broadcast preprepare]2021/09/07 20:50:00.287590 /root/study/github_repository/qb/network/node.go:228: broadcast preprepare message
P1-[broadcast commit]2021/09/07 20:50:00.298480 /root/study/github_repository/qb/network/node.go:244: broadcast commit message
P1-[receive CommitMsg]2021/09/07 20:50:00.298753 /root/study/github_repository/qb/network/node.go:523: Msgdelivery channel get a commit message, and handle it
P1-[broadcast reply]2021/09/07 20:50:00.299370 /root/study/github_repository/qb/network/node.go:252: broadcast reply message
P1-[broadcast preprepare]2021/09/07 20:50:23.896670 /root/study/github_repository/qb/network/node.go:228: broadcast preprepare message
P1-[broadcast commit]2021/09/07 20:50:23.901173 /root/study/github_repository/qb/network/node.go:244: broadcast commit message
P1-[receive PrepareMsg]2021/09/07 20:50:23.901317 /root/study/github_repository/qb/network/node.go:512: Msgdelivery channel get a prepare message, and handle it
P1-[broadcast reply]2021/09/07 20:50:23.906199 /root/study/github_repository/qb/network/node.go:252: broadcast reply message
P1-[broadcast preprepare]2021/09/07 20:51:07.579662 /root/study/github_repository/qb/network/node.go:228: broadcast preprepare message
P1-[broadcast commit]2021/09/07 20:51:07.584994 /root/study/github_repository/qb/network/node.go:244: broadcast commit message
P1-[pbft.CommitMsg]2021/09/07 20:51:07.585034 /root/study/github_repository/qb/network/node.go:390: [put commit message into MsgDelivery channel]
P1-[broadcast reply]2021/09/07 20:51:07.587858 /root/study/github_repository/qb/network/node.go:252: broadcast reply message
P1-[broadcast preprepare]2021/09/07 20:51:51.016976 /root/study/github_repository/qb/network/node.go:228: broadcast preprepare message
P1-[broadcast commit]2021/09/07 20:51:51.023097 /root/study/github_repository/qb/network/node.go:244: broadcast commit message
P1-[receive CommitMsg]2021/09/07 20:51:51.023133 /root/study/github_repository/qb/network/node.go:523: Msgdelivery channel get a commit message, and handle it
P1-[broadcast reply]2021/09/07 20:51:51.025914 /root/study/github_repository/qb/network/node.go:252: broadcast reply message
P1-[broadcast preprepare]2021/09/07 20:52:13.324592 /root/study/github_repository/qb/network/node.go:228: broadcast preprepare message
P1-[broadcast commit]2021/09/07 20:52:13.329645 /root/study/github_repository/qb/network/node.go:244: broadcast commit message
P1-[receive CommitMsg]2021/09/07 20:52:13.330423 /root/study/github_repository/qb/network/node.go:523: Msgdelivery channel get a commit message, and handle it
P1-[broadcast reply]2021/09/07 20:52:13.332873 /root/study/github_repository/qb/network/node.go:252: broadcast reply message
P1-[broadcast preprepare]2021/09/07 20:53:36.778950 /root/study/github_repository/qb/network/node.go:228: broadcast preprepare message
P1-[broadcast commit]2021/09/07 20:53:36.783940 /root/study/github_repository/qb/network/node.go:244: broadcast commit message
P1-[receive CommitMsg]2021/09/07 20:53:36.783983 /root/study/github_repository/qb/network/node.go:523: Msgdelivery channel get a commit message, and handle it
P1-[broadcast reply]2021/09/07 20:53:36.787061 /root/study/github_repository/qb/network/node.go:252: broadcast reply message
P1-[broadcast preprepare]2021/09/07 20:53:49.253197 /root/study/github_repository/qb/network/node.go:228: broadcast preprepare message
P1-[broadcast commit]2021/09/07 20:53:49.258637 /root/study/github_repository/qb/network/node.go:244: broadcast commit message
P1-[receive CommitMsg]2021/09/07 20:53:49.258752 /root/study/github_repository/qb/network/node.go:523: Msgdelivery channel get a commit message, and handle it
P1-[broadcast reply]2021/09/07 20:53:49.261953 /root/study/github_repository/qb/network/node.go:252: broadcast reply message
P1-[broadcast preprepare]2021/09/07 20:54:31.859111 /root/study/github_repository/qb/network/node.go:228: broadcast preprepare message
P1-[broadcast commit]2021/09/07 20:54:31.864490 /root/study/github_repository/qb/network/node.go:244: broadcast commit message
P1-[receive CommitMsg]2021/09/07 20:54:31.865133 /root/study/github_repository/qb/network/node.go:523: Msgdelivery channel get a commit message, and handle it
P1-[broadcast reply]2021/09/07 20:54:31.867288 /root/study/github_repository/qb/network/node.go:252: broadcast reply message
P1-[broadcast preprepare]2021/09/07 21:09:39.448217 /root/study/github_repository/qb/network/node.go:228: broadcast preprepare message
P1-[broadcast commit]2021/09/07 21:09:39.454953 /root/study/github_repository/qb/network/node.go:244: broadcast commit message
P1-[receive CommitMsg]2021/09/07 21:09:39.455134 /root/study/github_repository/qb/network/node.go:523: Msgdelivery channel get a commit message, and handle it
P1-[broadcast reply]2021/09/07 21:09:39.456975 /root/study/github_repository/qb/network/node.go:252: broadcast reply message
P1-[broadcast preprepare]2021/09/08 10:36:44.481810 /root/study/github_repository/qb/network/node.go:228: broadcast preprepare message
P1-[broadcast commit]2021/09/08 10:36:44.487317 /root/study/github_repository/qb/network/node.go:244: broadcast commit message
P1-[receive CommitMsg]2021/09/08 10:36:44.488887 /root/study/github_repository/qb/network/node.go:523: Msgdelivery channel get a commit message, and handle it
P1-[broadcast reply]2021/09/08 10:36:44.491950 /root/study/github_repository/qb/network/node.go:252: broadcast reply message
P1-[broadcast preprepare]2021/09/08 10:37:02.636687 /root/study/github_repository/qb/network/node.go:228: broadcast preprepare message
P1-[broadcast commit]2021/09/08 10:37:02.640503 /root/study/github_repository/qb/network/node.go:244: broadcast commit message
P1-[receive CommitMsg]2021/09/08 10:37:02.641210 /root/study/github_repository/qb/network/node.go:523: Msgdelivery channel get a commit message, and handle it
P1-[broadcast reply]2021/09/08 10:37:02.643633 /root/study/github_repository/qb/network/node.go:252: broadcast reply message
P1-[broadcast preprepare]2021/09/08 10:37:21.959065 /root/study/github_repository/qb/network/node.go:228: broadcast preprepare message
P1-[broadcast commit]2021/09/08 10:37:21.963524 /root/study/github_repository/qb/network/node.go:244: broadcast commit message
P1-[broadcast reply]2021/09/08 10:37:22.224181 /root/study/github_repository/qb/network/node.go:252: broadcast reply message
P1-[broadcast preprepare]2021/09/08 10:37:40.305375 /root/study/github_repository/qb/network/node.go:228: broadcast preprepare message
P1-[broadcast commit]2021/09/08 10:37:40.313248 /root/study/github_repository/qb/network/node.go:244: broadcast commit message
P1-[broadcast reply]2021/09/08 10:37:40.815326 /root/study/github_repository/qb/network/node.go:252: broadcast reply message
P1-[broadcast preprepare]2021/09/08 10:38:01.696057 /root/study/github_repository/qb/network/node.go:228: broadcast preprepare message
P1-[broadcast commit]2021/09/08 10:38:01.702583 /root/study/github_repository/qb/network/node.go:244: broadcast commit message
P1-[receive CommitMsg]2021/09/08 10:38:01.703170 /root/study/github_repository/qb/network/node.go:523: Msgdelivery channel get a commit message, and handle it
P1-[broadcast reply]2021/09/08 10:38:01.705318 /root/study/github_repository/qb/network/node.go:252: broadcast reply message
