P1-[block.Transaction]2021/09/07 20:32:18.880271 /root/study/github_repository/qb/network/node.go:344: get a transcation message
P1-[block.Transaction]2021/09/07 20:32:25.637319 /root/study/github_repository/qb/network/node.go:340: create a new block, and put it into MsgEntrance channel
P1-[pbft.PrepareMsg]2021/09/07 20:32:25.641719 /root/study/github_repository/qb/network/node.go:375: [put prepare message into MsgDelivery channel]
P1-[pbft.PrepareMsg]2021/09/07 20:32:25.643102 /root/study/github_repository/qb/network/node.go:375: [put prepare message into MsgDelivery channel]
P1-[block.Transaction]2021/09/07 20:32:40.921103 /root/study/github_repository/qb/network/node.go:344: get a transcation message
P1-[block.Transaction]2021/09/07 20:33:09.255003 /root/study/github_repository/qb/network/node.go:340: create a new block, and put it into MsgEntrance channel
P1-[pbft.PrepareMsg]2021/09/07 20:33:09.257279 /root/study/github_repository/qb/network/node.go:375: [put prepare message into MsgDelivery channel]
P1-[pbft.PrepareMsg]2021/09/07 20:33:09.258139 /root/study/github_repository/qb/network/node.go:375: [put prepare message into MsgDelivery channel]
P1-[pbft.PrepareMsg]2021/09/07 20:33:09.258355 /root/study/github_repository/qb/network/node.go:375: [put prepare message into MsgDelivery channel]
P1-[block.Transaction]2021/09/07 20:44:23.016043 /root/study/github_repository/qb/network/node.go:344: get a transcation message
P1-[block.Transaction]2021/09/07 20:44:29.527393 /root/study/github_repository/qb/network/node.go:340: create a new block, and put it into MsgEntrance channel
P1-[pbft.PrepareMsg]2021/09/07 20:44:29.532337 /root/study/github_repository/qb/network/node.go:375: [put prepare message into MsgDelivery channel]
P1-[pbft.PrepareMsg]2021/09/07 20:44:29.533719 /root/study/github_repository/qb/network/node.go:375: [put prepare message into MsgDelivery channel]
P1-[pbft.CommitMsg]2021/09/07 20:44:29.535457 /root/study/github_repository/qb/network/node.go:390: [put commit message into MsgDelivery channel]
P1-[receive CommitMsg]2021/09/07 20:44:29.536355 /root/study/github_repository/qb/network/node.go:523: Msgdelivery channel get a commit message, and handle it
P1-[pbft.CommitMsg]2021/09/07 20:44:29.537293 /root/study/github_repository/qb/network/node.go:382: [get a commit message,but don't put it into channel]
P1-[block.Transaction]2021/09/07 20:44:42.519598 /root/study/github_repository/qb/network/node.go:344: get a transcation message
P1-[block.Transaction]2021/09/07 20:44:49.984043 /root/study/github_repository/qb/network/node.go:340: create a new block, and put it into MsgEntrance channel
P1-[pbft.PrepareMsg]2021/09/07 20:44:49.987324 /root/study/github_repository/qb/network/node.go:375: [put prepare message into MsgDelivery channel]
P1-[receive PrepareMsg]2021/09/07 20:44:49.988369 /root/study/github_repository/qb/network/node.go:512: Msgdelivery channel get a prepare message, and handle it
P1-[receive PrepareMsg]2021/09/07 20:44:49.991248 /root/study/github_repository/qb/network/node.go:512: Msgdelivery channel get a prepare message, and handle it
P1-[pbft.CommitMsg]2021/09/07 20:44:49.993488 /root/study/github_repository/qb/network/node.go:382: [get a commit message,but don't put it into channel]
P1-[block.Transaction]2021/09/07 20:45:01.420156 /root/study/github_repository/qb/network/node.go:344: get a transcation message
P1-[block.Transaction]2021/09/07 20:45:05.177455 /root/study/github_repository/qb/network/node.go:340: create a new block, and put it into MsgEntrance channel
P1-[pbft.PrepareMsg]2021/09/07 20:45:05.180569 /root/study/github_repository/qb/network/node.go:375: [put prepare message into MsgDelivery channel]
P1-[receive PrepareMsg]2021/09/07 20:45:05.181479 /root/study/github_repository/qb/network/node.go:512: Msgdelivery channel get a prepare message, and handle it
P1-[receive PrepareMsg]2021/09/07 20:45:05.183127 /root/study/github_repository/qb/network/node.go:512: Msgdelivery channel get a prepare message, and handle it
P1-[pbft.CommitMsg]2021/09/07 20:45:05.184246 /root/study/github_repository/qb/network/node.go:390: [put commit message into MsgDelivery channel]
P1-[block.Transaction]2021/09/07 20:47:10.990206 /root/study/github_repository/qb/network/node.go:344: get a transcation message
P1-[block.Transaction]2021/09/07 20:47:15.646389 /root/study/github_repository/qb/network/node.go:340: create a new block, and put it into MsgEntrance channel
P1-[pbft.PrepareMsg]2021/09/07 20:47:15.652030 /root/study/github_repository/qb/network/node.go:375: [put prepare message into MsgDelivery channel]
P1-[receive PrepareMsg]2021/09/07 20:47:15.653044 /root/study/github_repository/qb/network/node.go:512: Msgdelivery channel get a prepare message, and handle it
P1-[pbft.CommitMsg]2021/09/07 20:47:15.655208 /root/study/github_repository/qb/network/node.go:390: [put commit message into MsgDelivery channel]
P1-[receive CommitMsg]2021/09/07 20:47:15.656043 /root/study/github_repository/qb/network/node.go:523: Msgdelivery channel get a commit message, and handle it
P1-[pbft.CommitMsg]2021/09/07 20:47:16.194462 /root/study/github_repository/qb/network/node.go:382: [get a commit message,but don't put it into channel]
P1-[block.Transaction]2021/09/07 20:47:22.761378 /root/study/github_repository/qb/network/node.go:344: get a transcation message
P1-[block.Transaction]2021/09/07 20:47:26.502121 /root/study/github_repository/qb/network/node.go:340: create a new block, and put it into MsgEntrance channel
P1-[pbft.PrepareMsg]2021/09/07 20:47:26.505289 /root/study/github_repository/qb/network/node.go:375: [put prepare message into MsgDelivery channel]
P1-prepare2021/09/07 20:47:26.506760 /root/study/github_repository/qb/network/node.go:189: receive a prepare message
P1-[block.Transaction]2021/09/07 20:47:35.200263 /root/study/github_repository/qb/network/node.go:344: get a transcation message
P1-[block.Transaction]2021/09/07 20:47:38.881519 /root/study/github_repository/qb/network/node.go:340: create a new block, and put it into MsgEntrance channel
P1-[pbft.PrepareMsg]2021/09/07 20:47:38.885479 /root/study/github_repository/qb/network/node.go:375: [put prepare message into MsgDelivery channel]
P1-[pbft.PrepareMsg]2021/09/07 20:47:38.886603 /root/study/github_repository/qb/network/node.go:375: [put prepare message into MsgDelivery channel]
P1-[pbft.CommitMsg]2021/09/07 20:47:39.212333 /root/study/github_repository/qb/network/node.go:382: [get a commit message,but don't put it into channel]
P1-[block.Transaction]2021/09/07 20:49:39.251391 /root/study/github_repository/qb/network/node.go:344: get a transcation message
P1-[block.Transaction]2021/09/07 20:50:00.282861 /root/study/github_repository/qb/network/node.go:340: create a new block, and put it into MsgEntrance channel
P1-[pbft.PrepareMsg]2021/09/07 20:50:00.287997 /root/study/github_repository/qb/network/node.go:375: [put prepare message into MsgDelivery channel]
P1-[receive PrepareMsg]2021/09/07 20:50:00.289045 /root/study/github_repository/qb/network/node.go:512: Msgdelivery channel get a prepare message, and handle it
P1-[pbft.PrepareMsg]2021/09/07 20:50:00.290522 /root/study/github_repository/qb/network/node.go:367: [get a prepare message,but don't put it into channel]
P1-[pbft.CommitMsg]2021/09/07 20:50:00.292619 /root/study/github_repository/qb/network/node.go:390: [put commit message into MsgDelivery channel]
P1-[pbft.CommitMsg]2021/09/07 20:50:00.294397 /root/study/github_repository/qb/network/node.go:390: [put commit message into MsgDelivery channel]
P1-[pbft.CommitMsg]2021/09/07 20:50:00.297527 /root/study/github_repository/qb/network/node.go:382: [get a commit message,but don't put it into channel]
P1-[block.Transaction]2021/09/07 20:50:15.408053 /root/study/github_repository/qb/network/node.go:344: get a transcation message
P1-[block.Transaction]2021/09/07 20:50:23.893545 /root/study/github_repository/qb/network/node.go:340: create a new block, and put it into MsgEntrance channel
P1-[pbft.PrepareMsg]2021/09/07 20:50:23.897417 /root/study/github_repository/qb/network/node.go:375: [put prepare message into MsgDelivery channel]
P1-[receive PrepareMsg]2021/09/07 20:50:23.898521 /root/study/github_repository/qb/network/node.go:512: Msgdelivery channel get a prepare message, and handle it
P1-[receive PrepareMsg]2021/09/07 20:50:23.900162 /root/study/github_repository/qb/network/node.go:512: Msgdelivery channel get a prepare message, and handle it
P1-[pbft.CommitMsg]2021/09/07 20:50:24.896881 /root/study/github_repository/qb/network/node.go:382: [get a commit message,but don't put it into channel]
P1-[block.Transaction]2021/09/07 20:51:01.352622 /root/study/github_repository/qb/network/node.go:344: get a transcation message
P1-[block.Transaction]2021/09/07 20:51:07.577201 /root/study/github_repository/qb/network/node.go:340: create a new block, and put it into MsgEntrance channel
P1-[pbft.PrepareMsg]2021/09/07 20:51:07.580838 /root/study/github_repository/qb/network/node.go:375: [put prepare message into MsgDelivery channel]
P1-[pbft.CommitMsg]2021/09/07 20:51:07.587162 /root/study/github_repository/qb/network/node.go:382: [get a commit message,but don't put it into channel]
P1-[block.Transaction]2021/09/07 20:51:45.807875 /root/study/github_repository/qb/network/node.go:344: get a transcation message
P1-[block.Transaction]2021/09/07 20:51:51.013144 /root/study/github_repository/qb/network/node.go:340: create a new block, and put it into MsgEntrance channel
P1-[pbft.PrepareMsg]2021/09/07 20:51:51.018317 /root/study/github_repository/qb/network/node.go:375: [put prepare message into MsgDelivery channel]
P1-[pbft.PrepareMsg]2021/09/07 20:51:51.019406 /root/study/github_repository/qb/network/node.go:375: [put prepare message into MsgDelivery channel]
P1-[receive PrepareMsg]2021/09/07 20:51:51.021016 /root/study/github_repository/qb/network/node.go:512: Msgdelivery channel get a prepare message, and handle it
P1-[receive PrepareMsg]2021/09/07 20:51:51.022211 /root/study/github_repository/qb/network/node.go:512: Msgdelivery channel get a prepare message, and handle it
P1-[block.Transaction]2021/09/07 20:52:07.379257 /root/study/github_repository/qb/network/node.go:344: get a transcation message
P1-[block.Transaction]2021/09/07 20:52:13.322112 /root/study/github_repository/qb/network/node.go:340: create a new block, and put it into MsgEntrance channel
P1-[pbft.PrepareMsg]2021/09/07 20:52:13.325391 /root/study/github_repository/qb/network/node.go:375: [put prepare message into MsgDelivery channel]
P1-[receive PrepareMsg]2021/09/07 20:52:13.326515 /root/study/github_repository/qb/network/node.go:512: Msgdelivery channel get a prepare message, and handle it
P1-[block.Transaction]2021/09/07 20:53:32.706762 /root/study/github_repository/qb/network/node.go:344: get a transcation message
P1-[block.Transaction]2021/09/07 20:53:36.775172 /root/study/github_repository/qb/network/node.go:340: create a new block, and put it into MsgEntrance channel
P1-[pbft.PrepareMsg]2021/09/07 20:53:36.779628 /root/study/github_repository/qb/network/node.go:375: [put prepare message into MsgDelivery channel]
P1-[pbft.PrepareMsg]2021/09/07 20:53:36.780833 /root/study/github_repository/qb/network/node.go:375: [put prepare message into MsgDelivery channel]
P1-[pbft.PrepareMsg]2021/09/07 20:53:36.782377 /root/study/github_repository/qb/network/node.go:367: [get a prepare message,but don't put it into channel]
P1-[pbft.CommitMsg]2021/09/07 20:53:36.782869 /root/study/github_repository/qb/network/node.go:390: [put commit message into MsgDelivery channel]
P1-[receive CommitMsg]2021/09/07 20:53:36.785498 /root/study/github_repository/qb/network/node.go:523: Msgdelivery channel get a commit message, and handle it
P1-[block.Transaction]2021/09/07 20:53:43.307767 /root/study/github_repository/qb/network/node.go:344: get a transcation message
P1-[block.Transaction]2021/09/07 20:53:49.250725 /root/study/github_repository/qb/network/node.go:340: create a new block, and put it into MsgEntrance channel
P1-[pbft.PrepareMsg]2021/09/07 20:53:49.254192 /root/study/github_repository/qb/network/node.go:375: [put prepare message into MsgDelivery channel]
P1-[receive PrepareMsg]2021/09/07 20:53:49.255130 /root/study/github_repository/qb/network/node.go:512: Msgdelivery channel get a prepare message, and handle it
P1-[pbft.CommitMsg]2021/09/07 20:53:49.257586 /root/study/github_repository/qb/network/node.go:390: [put commit message into MsgDelivery channel]
P1-[block.Transaction]2021/09/07 20:54:28.172673 /root/study/github_repository/qb/network/node.go:344: get a transcation message
P1-[block.Transaction]2021/09/07 20:54:31.856649 /root/study/github_repository/qb/network/node.go:340: create a new block, and put it into MsgEntrance channel
P1-[pbft.PrepareMsg]2021/09/07 20:54:31.859837 /root/study/github_repository/qb/network/node.go:375: [put prepare message into MsgDelivery channel]
P1-[receive PrepareMsg]2021/09/07 20:54:31.860691 /root/study/github_repository/qb/network/node.go:512: Msgdelivery channel get a prepare message, and handle it
P1-[pbft.CommitMsg]2021/09/07 20:54:31.862901 /root/study/github_repository/qb/network/node.go:390: [put commit message into MsgDelivery channel]
P1-[receive CommitMsg]2021/09/07 20:54:31.863831 /root/study/github_repository/qb/network/node.go:523: Msgdelivery channel get a commit message, and handle it
P1-[block.Transaction]2021/09/07 21:09:26.608548 /root/study/github_repository/qb/network/node.go:344: get a transcation message
P1-[block.Transaction]2021/09/07 21:09:39.443384 /root/study/github_repository/qb/network/node.go:340: create a new block, and put it into MsgEntrance channel
P1-[pbft.PrepareMsg]2021/09/07 21:09:39.448982 /root/study/github_repository/qb/network/node.go:375: [put prepare message into MsgDelivery channel]
P1-[receive PrepareMsg]2021/09/07 21:09:39.449856 /root/study/github_repository/qb/network/node.go:512: Msgdelivery channel get a prepare message, and handle it
P1-[pbft.CommitMsg]2021/09/07 21:09:39.453151 /root/study/github_repository/qb/network/node.go:390: [put commit message into MsgDelivery channel]
P1-[pbft.PrepareMsg]2021/09/07 21:09:39.453162 /root/study/github_repository/qb/network/node.go:367: [get a prepare message,but don't put it into channel]
P1-[receive CommitMsg]2021/09/07 21:09:39.454142 /root/study/github_repository/qb/network/node.go:523: Msgdelivery channel get a commit message, and handle it
P1-[pbft.CommitMsg]2021/09/07 21:09:39.457162 /root/study/github_repository/qb/network/node.go:382: [get a commit message,but don't put it into channel]
P1-[block.Transaction]2021/09/08 10:36:39.707623 /root/study/github_repository/qb/network/node.go:344: get a transcation message
P1-[block.Transaction]2021/09/08 10:36:44.477477 /root/study/github_repository/qb/network/node.go:340: create a new block, and put it into MsgEntrance channel
P1-[pbft.PrepareMsg]2021/09/08 10:36:44.482163 /root/study/github_repository/qb/network/node.go:375: [put prepare message into MsgDelivery channel]
P1-[pbft.PrepareMsg]2021/09/08 10:36:44.483858 /root/study/github_repository/qb/network/node.go:375: [put prepare message into MsgDelivery channel]
P1-[pbft.PrepareMsg]2021/09/08 10:36:44.485998 /root/study/github_repository/qb/network/node.go:367: [get a prepare message,but don't put it into channel]
P1-[pbft.CommitMsg]2021/09/08 10:36:44.487141 /root/study/github_repository/qb/network/node.go:390: [put commit message into MsgDelivery channel]
P1-[block.Transaction]2021/09/08 10:36:59.291004 /root/study/github_repository/qb/network/node.go:344: get a transcation message
P1-[block.Transaction]2021/09/08 10:37:02.633274 /root/study/github_repository/qb/network/node.go:340: create a new block, and put it into MsgEntrance channel
P1-[pbft.PrepareMsg]2021/09/08 10:37:02.637456 /root/study/github_repository/qb/network/node.go:375: [put prepare message into MsgDelivery channel]
P1-[receive PrepareMsg]2021/09/08 10:37:02.638214 /root/study/github_repository/qb/network/node.go:512: Msgdelivery channel get a prepare message, and handle it
P1-[pbft.PrepareMsg]2021/09/08 10:37:02.639683 /root/study/github_repository/qb/network/node.go:367: [get a prepare message,but don't put it into channel]
P1-[pbft.CommitMsg]2021/09/08 10:37:02.640380 /root/study/github_repository/qb/network/node.go:390: [put commit message into MsgDelivery channel]
P1-[pbft.CommitMsg]2021/09/08 10:37:02.642276 /root/study/github_repository/qb/network/node.go:382: [get a commit message,but don't put it into channel]
P1-[block.Transaction]2021/09/08 10:37:17.501093 /root/study/github_repository/qb/network/node.go:344: get a transcation message
P1-[block.Transaction]2021/09/08 10:37:21.955715 /root/study/github_repository/qb/network/node.go:340: create a new block, and put it into MsgEntrance channel
P1-[pbft.PrepareMsg]2021/09/08 10:37:21.960634 /root/study/github_repository/qb/network/node.go:375: [put prepare message into MsgDelivery channel]
P1-[receive PrepareMsg]2021/09/08 10:37:21.961434 /root/study/github_repository/qb/network/node.go:512: Msgdelivery channel get a prepare message, and handle it
P1-[pbft.CommitMsg]2021/09/08 10:37:21.962195 /root/study/github_repository/qb/network/node.go:382: [get a commit message,but don't put it into channel]
P1-[receive PrepareMsg]2021/09/08 10:37:21.962637 /root/study/github_repository/qb/network/node.go:512: Msgdelivery channel get a prepare message, and handle it
P1-[pbft.CommitMsg]2021/09/08 10:37:22.221102 /root/study/github_repository/qb/network/node.go:390: [put commit message into MsgDelivery channel]
P1-[block.Transaction]2021/09/08 10:37:32.641229 /root/study/github_repository/qb/network/node.go:344: get a transcation message
P1-[block.Transaction]2021/09/08 10:37:40.303416 /root/study/github_repository/qb/network/node.go:340: create a new block, and put it into MsgEntrance channel
P1-[pbft.PrepareMsg]2021/09/08 10:37:40.308132 /root/study/github_repository/qb/network/node.go:375: [put prepare message into MsgDelivery channel]
P1-[pbft.CommitMsg]2021/09/08 10:37:40.310805 /root/study/github_repository/qb/network/node.go:382: [get a commit message,but don't put it into channel]
P1-[pbft.CommitMsg]2021/09/08 10:37:40.310813 /root/study/github_repository/qb/network/node.go:382: [get a commit message,but don't put it into channel]
P1-[block.Transaction]2021/09/08 10:37:57.977107 /root/study/github_repository/qb/network/node.go:344: get a transcation message
P1-[block.Transaction]2021/09/08 10:38:01.693675 /root/study/github_repository/qb/network/node.go:340: create a new block, and put it into MsgEntrance channel
P1-[pbft.PrepareMsg]2021/09/08 10:38:01.697430 /root/study/github_repository/qb/network/node.go:375: [put prepare message into MsgDelivery channel]
P1-[receive PrepareMsg]2021/09/08 10:38:01.698528 /root/study/github_repository/qb/network/node.go:512: Msgdelivery channel get a prepare message, and handle it
P1-[pbft.CommitMsg]2021/09/08 10:38:01.698972 /root/study/github_repository/qb/network/node.go:382: [get a commit message,but don't put it into channel]
P1-[receive PrepareMsg]2021/09/08 10:38:01.699843 /root/study/github_repository/qb/network/node.go:512: Msgdelivery channel get a prepare message, and handle it
P1-[pbft.CommitMsg]2021/09/08 10:38:01.701449 /root/study/github_repository/qb/network/node.go:390: [put commit message into MsgDelivery channel]
