P3-[pbft.PrePrepareMsg]2021/09/07 20:32:25.640208 /root/study/github_repository/qb/network/node.go:356: [put pre-prepare message into MsgDelivery channel]
P3-[pbft.PrepareMsg]2021/09/07 20:32:25.642413 /root/study/github_repository/qb/network/node.go:375: [put prepare message into MsgDelivery channel]
P3-[pbft.PrepareMsg]2021/09/07 20:32:25.644049 /root/study/github_repository/qb/network/node.go:367: [get a prepare message,but don't put it into channel]
P3-[pbft.CommitMsg]2021/09/07 20:32:25.646085 /root/study/github_repository/qb/network/node.go:390: [put commit message into MsgDelivery channel]
P3-[pbft.CommitMsg]2021/09/07 20:32:25.647659 /root/study/github_repository/qb/network/node.go:390: [put commit message into MsgDelivery channel]
P3-[receive CommitMsg]2021/09/07 20:32:25.648718 /root/study/github_repository/qb/network/node.go:523: Msgdelivery channel get a commit message, and handle it
P3-[pbft.PrePrepareMsg]2021/09/07 20:33:09.257202 /root/study/github_repository/qb/network/node.go:356: [put pre-prepare message into MsgDelivery channel]
P3-[pbft.PrepareMsg]2021/09/07 20:33:09.257561 /root/study/github_repository/qb/network/node.go:367: [get a prepare message,but don't put it into channel]
P3-[pbft.PrepareMsg]2021/09/07 20:33:09.257864 /root/study/github_repository/qb/network/node.go:375: [put prepare message into MsgDelivery channel]
P3-[pbft.PrePrepareMsg]2021/09/07 20:44:29.531786 /root/study/github_repository/qb/network/node.go:356: [put pre-prepare message into MsgDelivery channel]
P3-[pbft.PrepareMsg]2021/09/07 20:44:29.533658 /root/study/github_repository/qb/network/node.go:375: [put prepare message into MsgDelivery channel]
P3-[pbft.PrePrepareMsg]2021/09/07 20:44:49.985662 /root/study/github_repository/qb/network/node.go:356: [put pre-prepare message into MsgDelivery channel]
P3-[pbft.PrepareMsg]2021/09/07 20:44:49.988327 /root/study/github_repository/qb/network/node.go:375: [put prepare message into MsgDelivery channel]
P3-[receive PrepareMsg]2021/09/07 20:44:49.989620 /root/study/github_repository/qb/network/node.go:512: Msgdelivery channel get a prepare message, and handle it
P3-[receive PrepareMsg]2021/09/07 20:44:49.990405 /root/study/github_repository/qb/network/node.go:512: Msgdelivery channel get a prepare message, and handle it
P3-[receive CommitMsg]2021/09/07 20:44:49.991177 /root/study/github_repository/qb/network/node.go:523: Msgdelivery channel get a commit message, and handle it
P3-[pbft.CommitMsg]2021/09/07 20:44:49.992048 /root/study/github_repository/qb/network/node.go:382: [get a commit message,but don't put it into channel]
P3-[pbft.PrePrepareMsg]2021/09/07 20:45:05.179448 /root/study/github_repository/qb/network/node.go:356: [put pre-prepare message into MsgDelivery channel]
P3-[pbft.PrepareMsg]2021/09/07 20:45:05.180895 /root/study/github_repository/qb/network/node.go:367: [get a prepare message,but don't put it into channel]
P3-[pbft.PrepareMsg]2021/09/07 20:45:05.182135 /root/study/github_repository/qb/network/node.go:375: [put prepare message into MsgDelivery channel]
P3-[receive PrepareMsg]2021/09/07 20:45:05.184259 /root/study/github_repository/qb/network/node.go:512: Msgdelivery channel get a prepare message, and handle it
P3-[pbft.PrePrepareMsg]2021/09/07 20:47:15.649380 /root/study/github_repository/qb/network/node.go:356: [put pre-prepare message into MsgDelivery channel]
P3-[pbft.PrepareMsg]2021/09/07 20:47:15.650702 /root/study/github_repository/qb/network/node.go:367: [get a prepare message,but don't put it into channel]
P3-[pbft.PrepareMsg]2021/09/07 20:47:15.654103 /root/study/github_repository/qb/network/node.go:375: [put prepare message into MsgDelivery channel]
P3-[receive PrepareMsg]2021/09/07 20:47:15.656454 /root/study/github_repository/qb/network/node.go:512: Msgdelivery channel get a prepare message, and handle it
P3-[pbft.CommitMsg]2021/09/07 20:47:16.195986 /root/study/github_repository/qb/network/node.go:382: [get a commit message,but don't put it into channel]
P3-[pbft.PrePrepareMsg]2021/09/07 20:47:26.503923 /root/study/github_repository/qb/network/node.go:356: [put pre-prepare message into MsgDelivery channel]
P3-[pbft.PrepareMsg]2021/09/07 20:47:26.505614 /root/study/github_repository/qb/network/node.go:375: [put prepare message into MsgDelivery channel]
P3-[pbft.CommitMsg]2021/09/07 20:47:26.508598 /root/study/github_repository/qb/network/node.go:390: [put commit message into MsgDelivery channel]
P3-[pbft.CommitMsg]2021/09/07 20:47:26.510273 /root/study/github_repository/qb/network/node.go:390: [put commit message into MsgDelivery channel]
P3-[pbft.PrePrepareMsg]2021/09/07 20:47:38.883603 /root/study/github_repository/qb/network/node.go:356: [put pre-prepare message into MsgDelivery channel]
P3-[pbft.PrepareMsg]2021/09/07 20:47:38.885747 /root/study/github_repository/qb/network/node.go:375: [put prepare message into MsgDelivery channel]
P3-[pbft.PrepareMsg]2021/09/07 20:47:38.887473 /root/study/github_repository/qb/network/node.go:367: [get a prepare message,but don't put it into channel]
P3-[pbft.CommitMsg]2021/09/07 20:47:38.889822 /root/study/github_repository/qb/network/node.go:390: [put commit message into MsgDelivery channel]
P3-[pbft.CommitMsg]2021/09/07 20:47:39.214081 /root/study/github_repository/qb/network/node.go:382: [get a commit message,but don't put it into channel]
P3-[pbft.PrePrepareMsg]2021/09/07 20:50:00.286322 /root/study/github_repository/qb/network/node.go:356: [put pre-prepare message into MsgDelivery channel]
P3-[pbft.PrepareMsg]2021/09/07 20:50:00.288614 /root/study/github_repository/qb/network/node.go:375: [put prepare message into MsgDelivery channel]
P3-[pbft.CommitMsg]2021/09/07 20:50:00.294555 /root/study/github_repository/qb/network/node.go:390: [put commit message into MsgDelivery channel]
P3-[receive CommitMsg]2021/09/07 20:50:00.295567 /root/study/github_repository/qb/network/node.go:523: Msgdelivery channel get a commit message, and handle it
P3-[pbft.PrepareMsg]2021/09/07 20:50:00.297086 /root/study/github_repository/qb/network/node.go:367: [get a prepare message,but don't put it into channel]
P3-[pbft.CommitMsg]2021/09/07 20:50:00.298155 /root/study/github_repository/qb/network/node.go:382: [get a commit message,but don't put it into channel]
P3-[receive CommitMsg]2021/09/07 20:50:00.298171 /root/study/github_repository/qb/network/node.go:523: Msgdelivery channel get a commit message, and handle it
P3-[pbft.PrePrepareMsg]2021/09/07 20:50:23.895207 /root/study/github_repository/qb/network/node.go:356: [put pre-prepare message into MsgDelivery channel]
P3-[pbft.PrepareMsg]2021/09/07 20:50:23.898234 /root/study/github_repository/qb/network/node.go:375: [put prepare message into MsgDelivery channel]
P3-[receive PrepareMsg]2021/09/07 20:50:23.899701 /root/study/github_repository/qb/network/node.go:512: Msgdelivery channel get a prepare message, and handle it
P3-[pbft.CommitMsg]2021/09/07 20:50:23.900828 /root/study/github_repository/qb/network/node.go:390: [put commit message into MsgDelivery channel]
P3-[pbft.CommitMsg]2021/09/07 20:50:23.902361 /root/study/github_repository/qb/network/node.go:390: [put commit message into MsgDelivery channel]
P3-[pbft.CommitMsg]2021/09/07 20:50:24.897323 /root/study/github_repository/qb/network/node.go:382: [get a commit message,but don't put it into channel]
P3-[pbft.PrePrepareMsg]2021/09/07 20:51:07.578690 /root/study/github_repository/qb/network/node.go:356: [put pre-prepare message into MsgDelivery channel]
P3-[pbft.PrepareMsg]2021/09/07 20:51:07.581172 /root/study/github_repository/qb/network/node.go:375: [put prepare message into MsgDelivery channel]
P3-[receive PrepareMsg]2021/09/07 20:51:07.582472 /root/study/github_repository/qb/network/node.go:512: Msgdelivery channel get a prepare message, and handle it
P3-[receive PrepareMsg]2021/09/07 20:51:07.583380 /root/study/github_repository/qb/network/node.go:512: Msgdelivery channel get a prepare message, and handle it
P3-[pbft.CommitMsg]2021/09/07 20:51:07.584562 /root/study/github_repository/qb/network/node.go:390: [put commit message into MsgDelivery channel]
P3-[pbft.CommitMsg]2021/09/07 20:51:07.587644 /root/study/github_repository/qb/network/node.go:382: [get a commit message,but don't put it into channel]
P3-[pbft.PrePrepareMsg]2021/09/07 20:51:51.016093 /root/study/github_repository/qb/network/node.go:356: [put pre-prepare message into MsgDelivery channel]
P3-[pbft.PrepareMsg]2021/09/07 20:51:51.017326 /root/study/github_repository/qb/network/node.go:367: [get a prepare message,but don't put it into channel]
P3-[pbft.PrepareMsg]2021/09/07 20:51:51.019716 /root/study/github_repository/qb/network/node.go:375: [put prepare message into MsgDelivery channel]
P3-[receive PrepareMsg]2021/09/07 20:51:51.022356 /root/study/github_repository/qb/network/node.go:512: Msgdelivery channel get a prepare message, and handle it
P3-[pbft.PrePrepareMsg]2021/09/07 20:52:13.324209 /root/study/github_repository/qb/network/node.go:356: [put pre-prepare message into MsgDelivery channel]
P3-[pbft.PrepareMsg]2021/09/07 20:52:13.325616 /root/study/github_repository/qb/network/node.go:375: [put prepare message into MsgDelivery channel]
P3-[receive PrepareMsg]2021/09/07 20:52:13.327312 /root/study/github_repository/qb/network/node.go:512: Msgdelivery channel get a prepare message, and handle it
P3-[receive CommitMsg]2021/09/07 20:52:13.330768 /root/study/github_repository/qb/network/node.go:523: Msgdelivery channel get a commit message, and handle it
P3-[pbft.PrePrepareMsg]2021/09/07 20:53:36.778220 /root/study/github_repository/qb/network/node.go:356: [put pre-prepare message into MsgDelivery channel]
P3-[pbft.PrepareMsg]2021/09/07 20:53:36.780216 /root/study/github_repository/qb/network/node.go:375: [put prepare message into MsgDelivery channel]
P3-[pbft.PrepareMsg]2021/09/07 20:53:36.783402 /root/study/github_repository/qb/network/node.go:367: [get a prepare message,but don't put it into channel]
P3-[receive CommitMsg]2021/09/07 20:53:36.783799 /root/study/github_repository/qb/network/node.go:523: Msgdelivery channel get a commit message, and handle it
P3-[pbft.CommitMsg]2021/09/07 20:53:36.783985 /root/study/github_repository/qb/network/node.go:390: [put commit message into MsgDelivery channel]
P3-[pbft.CommitMsg]2021/09/07 20:53:36.786005 /root/study/github_repository/qb/network/node.go:382: [get a commit message,but don't put it into channel]
P3-[pbft.PrePrepareMsg]2021/09/07 20:53:49.252789 /root/study/github_repository/qb/network/node.go:356: [put pre-prepare message into MsgDelivery channel]
P3-[pbft.PrepareMsg]2021/09/07 20:53:49.254477 /root/study/github_repository/qb/network/node.go:375: [put prepare message into MsgDelivery channel]
P3-[pbft.PrepareMsg]2021/09/07 20:53:49.256857 /root/study/github_repository/qb/network/node.go:367: [get a prepare message,but don't put it into channel]
P3-[pbft.CommitMsg]2021/09/07 20:53:49.257936 /root/study/github_repository/qb/network/node.go:390: [put commit message into MsgDelivery channel]
P3-[pbft.CommitMsg]2021/09/07 20:53:49.259921 /root/study/github_repository/qb/network/node.go:382: [get a commit message,but don't put it into channel]
P3-[pbft.PrePrepareMsg]2021/09/07 20:54:31.858621 /root/study/github_repository/qb/network/node.go:356: [put pre-prepare message into MsgDelivery channel]
P3-[pbft.PrepareMsg]2021/09/07 20:54:31.860138 /root/study/github_repository/qb/network/node.go:375: [put prepare message into MsgDelivery channel]
P3-[pbft.PrepareMsg]2021/09/07 20:54:31.861749 /root/study/github_repository/qb/network/node.go:367: [get a prepare message,but don't put it into channel]
P3-[pbft.CommitMsg]2021/09/07 20:54:31.863164 /root/study/github_repository/qb/network/node.go:390: [put commit message into MsgDelivery channel]
P3-[receive CommitMsg]2021/09/07 20:54:31.864211 /root/study/github_repository/qb/network/node.go:523: Msgdelivery channel get a commit message, and handle it
P3-[receive CommitMsg]2021/09/07 20:54:31.865438 /root/study/github_repository/qb/network/node.go:523: Msgdelivery channel get a commit message, and handle it
