P2-[pbft.PrePrepareMsg]2021/09/07 20:32:25.639427 /root/study/github_repository/qb/network/node.go:356: [put pre-prepare message into MsgDelivery channel]
P2-[pbft.PrepareMsg]2021/09/07 20:32:25.643495 /root/study/github_repository/qb/network/node.go:375: [put prepare message into MsgDelivery channel]
P2-commit2021/09/07 20:32:25.645661 /root/study/github_repository/qb/network/node.go:203: receive a commit message
P2-[receive PrepareMsg]2021/09/07 20:32:25.645961 /root/study/github_repository/qb/network/node.go:512: Msgdelivery channel get a prepare message, and handle it
P2-[pbft.PrePrepareMsg]2021/09/07 20:33:09.256797 /root/study/github_repository/qb/network/node.go:356: [put pre-prepare message into MsgDelivery channel]
P2-[pbft.PrepareMsg]2021/09/07 20:33:09.257551 /root/study/github_repository/qb/network/node.go:375: [put prepare message into MsgDelivery channel]
P2-[pbft.PrepareMsg]2021/09/07 20:33:09.258591 /root/study/github_repository/qb/network/node.go:375: [put prepare message into MsgDelivery channel]
P2-[pbft.PrePrepareMsg]2021/09/07 20:44:29.530812 /root/study/github_repository/qb/network/node.go:356: [put pre-prepare message into MsgDelivery channel]
P2-[pbft.PrepareMsg]2021/09/07 20:44:29.532930 /root/study/github_repository/qb/network/node.go:375: [put prepare message into MsgDelivery channel]
P2-[pbft.CommitMsg]2021/09/07 20:44:29.535606 /root/study/github_repository/qb/network/node.go:390: [put commit message into MsgDelivery channel]
P2-[receive CommitMsg]2021/09/07 20:44:29.537786 /root/study/github_repository/qb/network/node.go:523: Msgdelivery channel get a commit message, and handle it
P2-[pbft.PrePrepareMsg]2021/09/07 20:44:49.986648 /root/study/github_repository/qb/network/node.go:356: [put pre-prepare message into MsgDelivery channel]
P2-[pbft.PrepareMsg]2021/09/07 20:44:49.987665 /root/study/github_repository/qb/network/node.go:367: [get a prepare message,but don't put it into channel]
P2-[pbft.CommitMsg]2021/09/07 20:44:49.990969 /root/study/github_repository/qb/network/node.go:390: [put commit message into MsgDelivery channel]
P2-[receive CommitMsg]2021/09/07 20:44:49.992008 /root/study/github_repository/qb/network/node.go:523: Msgdelivery channel get a commit message, and handle it
P2-[pbft.CommitMsg]2021/09/07 20:44:49.993923 /root/study/github_repository/qb/network/node.go:382: [get a commit message,but don't put it into channel]
P2-[pbft.PrePrepareMsg]2021/09/07 20:45:05.178932 /root/study/github_repository/qb/network/node.go:356: [put pre-prepare message into MsgDelivery channel]
P2-[pbft.PrepareMsg]2021/09/07 20:45:05.181230 /root/study/github_repository/qb/network/node.go:236: broadcast prepare message
P2-[receive PrepareMsg]2021/09/07 20:45:05.182541 /root/study/github_repository/qb/network/node.go:512: Msgdelivery channel get a prepare message, and handle it
P2-[pbft.CommitMsg]2021/09/07 20:45:05.184627 /root/study/github_repository/qb/network/node.go:390: [put commit message into MsgDelivery channel]
P2-[pbft.CommitMsg]2021/09/07 20:45:05.186051 /root/study/github_repository/qb/network/node.go:390: [put commit message into MsgDelivery channel]
P2-[pbft.PrePrepareMsg]2021/09/07 20:47:15.648512 /root/study/github_repository/qb/network/node.go:356: [put pre-prepare message into MsgDelivery channel]
P2-[pbft.PrepareMsg]2021/09/07 20:47:15.652901 /root/study/github_repository/qb/network/node.go:375: [put prepare message into MsgDelivery channel]
P2-[receive PrepareMsg]2021/09/07 20:47:15.654095 /root/study/github_repository/qb/network/node.go:512: Msgdelivery channel get a prepare message, and handle it
P2-[pbft.CommitMsg]2021/09/07 20:47:15.655713 /root/study/github_repository/qb/network/node.go:390: [put commit message into MsgDelivery channel]
P2-[pbft.CommitMsg]2021/09/07 20:47:16.195320 /root/study/github_repository/qb/network/node.go:382: [get a commit message,but don't put it into channel]
P2-[pbft.PrePrepareMsg]2021/09/07 20:47:26.503573 /root/study/github_repository/qb/network/node.go:356: [put pre-prepare message into MsgDelivery channel]
P2-[pbft.PrepareMsg]2021/09/07 20:47:26.506198 /root/study/github_repository/qb/network/node.go:375: [put prepare message into MsgDelivery channel]
P2-[receive PrepareMsg]2021/09/07 20:47:26.508753 /root/study/github_repository/qb/network/node.go:512: Msgdelivery channel get a prepare message, and handle it
P2-[pbft.PrePrepareMsg]2021/09/07 20:47:38.883232 /root/study/github_repository/qb/network/node.go:356: [put pre-prepare message into MsgDelivery channel]
P2-[pbft.PrepareMsg]2021/09/07 20:47:38.885299 /root/study/github_repository/qb/network/node.go:375: [put prepare message into MsgDelivery channel]
P2-[pbft.PrepareMsg]2021/09/07 20:47:38.886924 /root/study/github_repository/qb/network/node.go:367: [get a prepare message,but don't put it into channel]
P2-[pbft.CommitMsg]2021/09/07 20:47:38.889472 /root/study/github_repository/qb/network/node.go:390: [put commit message into MsgDelivery channel]
P2-[pbft.CommitMsg]2021/09/07 20:47:39.213040 /root/study/github_repository/qb/network/node.go:382: [get a commit message,but don't put it into channel]
P2-[pbft.PrePrepareMsg]2021/09/07 20:50:00.285217 /root/study/github_repository/qb/network/node.go:356: [put pre-prepare message into MsgDelivery channel]
P2-[pbft.PrepareMsg]2021/09/07 20:50:00.288929 /root/study/github_repository/qb/network/node.go:375: [put prepare message into MsgDelivery channel]
P2-[pbft.CommitMsg]2021/09/07 20:50:00.294211 /root/study/github_repository/qb/network/node.go:390: [put commit message into MsgDelivery channel]
P2-[pbft.PrepareMsg]2021/09/07 20:50:00.296299 /root/study/github_repository/qb/network/node.go:367: [get a prepare message,but don't put it into channel]
P2-[pbft.CommitMsg]2021/09/07 20:50:00.297843 /root/study/github_repository/qb/network/node.go:382: [get a commit message,but don't put it into channel]
P2-[pbft.PrePrepareMsg]2021/09/07 20:50:23.896538 /root/study/github_repository/qb/network/node.go:356: [put pre-prepare message into MsgDelivery channel]
P2-[pbft.PrepareMsg]2021/09/07 20:50:23.897656 /root/study/github_repository/qb/network/node.go:367: [get a prepare message,but don't put it into channel]
P2-[pbft.PrepareMsg]2021/09/07 20:50:23.897922 /root/study/github_repository/qb/network/node.go:367: [get a prepare message,but don't put it into channel]
P2-[pbft.CommitMsg]2021/09/07 20:50:23.900561 /root/study/github_repository/qb/network/node.go:382: [get a commit message,but don't put it into channel]
P2-[pbft.CommitMsg]2021/09/07 20:50:23.900942 /root/study/github_repository/qb/network/node.go:382: [get a commit message,but don't put it into channel]
P2-[pbft.CommitMsg]2021/09/07 20:50:23.902056 /root/study/github_repository/qb/network/node.go:382: [get a commit message,but don't put it into channel]
P2-[pbft.PrePrepareMsg]2021/09/07 20:51:07.579554 /root/study/github_repository/qb/network/node.go:356: [put pre-prepare message into MsgDelivery channel]
P2-[pbft.PrepareMsg]2021/09/07 20:51:07.580332 /root/study/github_repository/qb/network/node.go:367: [get a prepare message,but don't put it into channel]
P2-[pbft.PrepareMsg]2021/09/07 20:51:07.581036 /root/study/github_repository/qb/network/node.go:375: [put prepare message into MsgDelivery channel]
P2-[receive PrepareMsg]2021/09/07 20:51:07.583337 /root/study/github_repository/qb/network/node.go:512: Msgdelivery channel get a prepare message, and handle it
P2-[receive CommitMsg]2021/09/07 20:51:07.584188 /root/study/github_repository/qb/network/node.go:523: Msgdelivery channel get a commit message, and handle it
P2-[pbft.PrePrepareMsg]2021/09/07 20:51:51.015265 /root/study/github_repository/qb/network/node.go:356: [put pre-prepare message into MsgDelivery channel]
P2-[pbft.PrepareMsg]2021/09/07 20:51:51.019251 /root/study/github_repository/qb/network/node.go:375: [put prepare message into MsgDelivery channel]
P2-[receive PrepareMsg]2021/09/07 20:51:51.020913 /root/study/github_repository/qb/network/node.go:512: Msgdelivery channel get a prepare message, and handle it
P2-[receive PrepareMsg]2021/09/07 20:51:51.021889 /root/study/github_repository/qb/network/node.go:512: Msgdelivery channel get a prepare message, and handle it
P2-[pbft.PrePrepareMsg]2021/09/07 20:52:13.323786 /root/study/github_repository/qb/network/node.go:356: [put pre-prepare message into MsgDelivery channel]
P2-[pbft.PrepareMsg]2021/09/07 20:52:13.325996 /root/study/github_repository/qb/network/node.go:375: [put prepare message into MsgDelivery channel]
P2-[receive PrepareMsg]2021/09/07 20:52:13.327493 /root/study/github_repository/qb/network/node.go:512: Msgdelivery channel get a prepare message, and handle it
P2-[pbft.CommitMsg]2021/09/07 20:52:13.328386 /root/study/github_repository/qb/network/node.go:390: [put commit message into MsgDelivery channel]
P2-[receive CommitMsg]2021/09/07 20:52:13.329118 /root/study/github_repository/qb/network/node.go:523: Msgdelivery channel get a commit message, and handle it
P2-[pbft.CommitMsg]2021/09/07 20:52:13.331457 /root/study/github_repository/qb/network/node.go:382: [get a commit message,but don't put it into channel]
P2-[pbft.PrePrepareMsg]2021/09/07 20:53:36.777518 /root/study/github_repository/qb/network/node.go:356: [put pre-prepare message into MsgDelivery channel]
P2-[pbft.PrepareMsg]2021/09/07 20:53:36.781983 /root/study/github_repository/qb/network/node.go:375: [put prepare message into MsgDelivery channel]
P2-[receive PrepareMsg]2021/09/07 20:53:36.783501 /root/study/github_repository/qb/network/node.go:512: Msgdelivery channel get a prepare message, and handle it
P2-[pbft.PrePrepareMsg]2021/09/07 20:53:49.252353 /root/study/github_repository/qb/network/node.go:356: [put pre-prepare message into MsgDelivery channel]
P2-[pbft.PrepareMsg]2021/09/07 20:53:49.254981 /root/study/github_repository/qb/network/node.go:236: broadcast prepare message
P2-[pbft.PrepareMsg]2021/09/07 20:53:49.254984 /root/study/github_repository/qb/network/node.go:375: [put prepare message into MsgDelivery channel]
P2-[pbft.PrepareMsg]2021/09/07 20:53:49.256567 /root/study/github_repository/qb/network/node.go:367: [get a prepare message,but don't put it into channel]
P2-[pbft.CommitMsg]2021/09/07 20:53:49.257315 /root/study/github_repository/qb/network/node.go:390: [put commit message into MsgDelivery channel]
P2-[receive CommitMsg]2021/09/07 20:53:49.258474 /root/study/github_repository/qb/network/node.go:523: Msgdelivery channel get a commit message, and handle it
P2-[pbft.CommitMsg]2021/09/07 20:53:49.259641 /root/study/github_repository/qb/network/node.go:382: [get a commit message,but don't put it into channel]
P2-[pbft.PrePrepareMsg]2021/09/07 20:54:31.858191 /root/study/github_repository/qb/network/node.go:356: [put pre-prepare message into MsgDelivery channel]
P2-prepare2021/09/07 20:54:31.861418 /root/study/github_repository/qb/network/node.go:189: receive a prepare message
P2-[pbft.PrepareMsg]2021/09/07 20:54:31.861490 /root/study/github_repository/qb/network/node.go:375: [put prepare message into MsgDelivery channel]
P2-[pbft.CommitMsg]2021/09/07 20:54:31.864638 /root/study/github_repository/qb/network/node.go:390: [put commit message into MsgDelivery channel]
P2-[pbft.PrePrepareMsg]2021/09/07 21:09:39.448157 /root/study/github_repository/qb/network/node.go:356: [put pre-prepare message into MsgDelivery channel]
P2-[pbft.PrepareMsg]2021/09/07 21:09:39.450025 /root/study/github_repository/qb/network/node.go:375: [put prepare message into MsgDelivery channel]
P2-prepare2021/09/07 21:09:39.450871 /root/study/github_repository/qb/network/node.go:189: receive a prepare message
P2-[pbft.PrePrepareMsg]2021/09/08 10:36:44.479846 /root/study/github_repository/qb/network/node.go:356: [put pre-prepare message into MsgDelivery channel]
P2-[pbft.PrepareMsg]2021/09/08 10:36:44.483215 /root/study/github_repository/qb/network/node.go:375: [put prepare message into MsgDelivery channel]
P2-[receive PrepareMsg]2021/09/08 10:36:44.484664 /root/study/github_repository/qb/network/node.go:512: Msgdelivery channel get a prepare message, and handle it
P2-[pbft.CommitMsg]2021/09/08 10:36:44.485938 /root/study/github_repository/qb/network/node.go:390: [put commit message into MsgDelivery channel]
P2-[pbft.CommitMsg]2021/09/08 10:36:44.487027 /root/study/github_repository/qb/network/node.go:390: [put commit message into MsgDelivery channel]
P2-[pbft.CommitMsg]2021/09/08 10:36:44.489573 /root/study/github_repository/qb/network/node.go:382: [get a commit message,but don't put it into channel]
P2-[pbft.PrePrepareMsg]2021/09/08 10:37:02.634957 /root/study/github_repository/qb/network/node.go:356: [put pre-prepare message into MsgDelivery channel]
P2-[pbft.PrepareMsg]2021/09/08 10:37:02.638261 /root/study/github_repository/qb/network/node.go:375: [put prepare message into MsgDelivery channel]
P2-[pbft.PrepareMsg]2021/09/08 10:37:02.640139 /root/study/github_repository/qb/network/node.go:367: [get a prepare message,but don't put it into channel]
P2-[pbft.CommitMsg]2021/09/08 10:37:02.640469 /root/study/github_repository/qb/network/node.go:390: [put commit message into MsgDelivery channel]
P2-[pbft.CommitMsg]2021/09/08 10:37:02.641600 /root/study/github_repository/qb/network/node.go:390: [put commit message into MsgDelivery channel]
P2-[pbft.CommitMsg]2021/09/08 10:37:02.642550 /root/study/github_repository/qb/network/node.go:382: [get a commit message,but don't put it into channel]
P2-[pbft.PrePrepareMsg]2021/09/08 10:37:21.958340 /root/study/github_repository/qb/network/node.go:356: [put pre-prepare message into MsgDelivery channel]
P2-[pbft.PrepareMsg]2021/09/08 10:37:21.960514 /root/study/github_repository/qb/network/node.go:375: [put prepare message into MsgDelivery channel]
P2-[pbft.CommitMsg]2021/09/08 10:37:21.962963 /root/study/github_repository/qb/network/node.go:390: [put commit message into MsgDelivery channel]
P2-[pbft.CommitMsg]2021/09/08 10:37:22.221596 /root/study/github_repository/qb/network/node.go:390: [put commit message into MsgDelivery channel]
P2-[pbft.PrePrepareMsg]2021/09/08 10:37:40.305334 /root/study/github_repository/qb/network/node.go:356: [put pre-prepare message into MsgDelivery channel]
P2-[pbft.PrepareMsg]2021/09/08 10:37:40.308577 /root/study/github_repository/qb/network/node.go:375: [put prepare message into MsgDelivery channel]
P2-[pbft.CommitMsg]2021/09/08 10:37:40.311137 /root/study/github_repository/qb/network/node.go:390: [put commit message into MsgDelivery channel]
P2-[pbft.CommitMsg]2021/09/08 10:37:40.312723 /root/study/github_repository/qb/network/node.go:390: [put commit message into MsgDelivery channel]
P2-[pbft.PrePrepareMsg]2021/09/08 10:38:01.695295 /root/study/github_repository/qb/network/node.go:356: [put pre-prepare message into MsgDelivery channel]
P2-[pbft.PrepareMsg]2021/09/08 10:38:01.697672 /root/study/github_repository/qb/network/node.go:375: [put prepare message into MsgDelivery channel]
P2-[pbft.CommitMsg]2021/09/08 10:38:01.699215 /root/study/github_repository/qb/network/node.go:390: [put commit message into MsgDelivery channel]
