P4-pre-prepare2021/09/07 20:32:25.640789 /root/study/github_repository/qb/network/node.go:175: receive a preprepare message
P4-prepare2021/09/07 20:32:25.642299 /root/study/github_repository/qb/network/node.go:189: receive a prepare message
P4-prepare2021/09/07 20:32:25.643182 /root/study/github_repository/qb/network/node.go:189: receive a prepare message
P4-commit2021/09/07 20:32:25.645318 /root/study/github_repository/qb/network/node.go:203: receive a commit message
P4-commit2021/09/07 20:32:25.646797 /root/study/github_repository/qb/network/node.go:203: receive a commit message
P4-commit2021/09/07 20:32:25.647961 /root/study/github_repository/qb/network/node.go:203: receive a commit message
P4-pre-prepare2021/09/07 20:33:09.256339 /root/study/github_repository/qb/network/node.go:175: receive a preprepare message
P4-prepare2021/09/07 20:33:09.257818 /root/study/github_repository/qb/network/node.go:189: receive a prepare message
P4-prepare2021/09/07 20:33:09.258013 /root/study/github_repository/qb/network/node.go:189: receive a prepare message
P4-pre-prepare2021/09/07 20:44:29.529761 /root/study/github_repository/qb/network/node.go:175: receive a preprepare message
P4-prepare2021/09/07 20:44:29.533082 /root/study/github_repository/qb/network/node.go:189: receive a prepare message
P4-prepare2021/09/07 20:44:29.534627 /root/study/github_repository/qb/network/node.go:189: receive a prepare message
P4-commit2021/09/07 20:44:29.535459 /root/study/github_repository/qb/network/node.go:203: receive a commit message
P4-[receive PrepareMsg]2021/09/07 20:44:29.536041 /root/study/github_repository/qb/network/node.go:512: Msgdelivery channel get a prepare message, and handle it
P4-commit2021/09/07 20:44:29.536325 /root/study/github_repository/qb/network/node.go:203: receive a commit message
P4-[receive CommitMsg]2021/09/07 20:44:29.537067 /root/study/github_repository/qb/network/node.go:523: Msgdelivery channel get a commit message, and handle it
P4-commit2021/09/07 20:44:29.539210 /root/study/github_repository/qb/network/node.go:203: receive a commit message
P4-pre-prepare2021/09/07 20:44:49.986092 /root/study/github_repository/qb/network/node.go:175: receive a preprepare message
P4-prepare2021/09/07 20:44:49.987851 /root/study/github_repository/qb/network/node.go:189: receive a prepare message
P4-prepare2021/09/07 20:44:49.989388 /root/study/github_repository/qb/network/node.go:189: receive a prepare message
P4-commit2021/09/07 20:44:49.990860 /root/study/github_repository/qb/network/node.go:203: receive a commit message
P4-commit2021/09/07 20:44:49.991158 /root/study/github_repository/qb/network/node.go:203: receive a commit message
P4-commit2021/09/07 20:44:49.992274 /root/study/github_repository/qb/network/node.go:203: receive a commit message
P4-pre-prepare2021/09/07 20:45:05.179720 /root/study/github_repository/qb/network/node.go:175: receive a preprepare message
P4-prepare2021/09/07 20:45:05.181078 /root/study/github_repository/qb/network/node.go:189: receive a prepare message
P4-prepare2021/09/07 20:45:05.181503 /root/study/github_repository/qb/network/node.go:189: receive a prepare message
P4-commit2021/09/07 20:45:05.183696 /root/study/github_repository/qb/network/node.go:203: receive a commit message
P4-commit2021/09/07 20:45:05.184923 /root/study/github_repository/qb/network/node.go:203: receive a commit message
P4-commit2021/09/07 20:45:05.185745 /root/study/github_repository/qb/network/node.go:203: receive a commit message
P4-pre-prepare2021/09/07 20:47:15.650369 /root/study/github_repository/qb/network/node.go:175: receive a preprepare message
P4-prepare2021/09/07 20:47:15.651159 /root/study/github_repository/qb/network/node.go:189: receive a prepare message
P4-prepare2021/09/07 20:47:15.651577 /root/study/github_repository/qb/network/node.go:189: receive a prepare message
P4-commit2021/09/07 20:47:15.655317 /root/study/github_repository/qb/network/node.go:203: receive a commit message
P4-commit2021/09/07 20:47:15.656191 /root/study/github_repository/qb/network/node.go:203: receive a commit message
P4-commit2021/09/07 20:47:15.656358 /root/study/github_repository/qb/network/node.go:203: receive a commit message
P4-pre-prepare2021/09/07 20:47:26.504285 /root/study/github_repository/qb/network/node.go:175: receive a preprepare message
P4-prepare2021/09/07 20:47:26.506295 /root/study/github_repository/qb/network/node.go:189: receive a prepare message
P4-prepare2021/09/07 20:47:26.506435 /root/study/github_repository/qb/network/node.go:189: receive a prepare message
P4-commit2021/09/07 20:47:26.508848 /root/study/github_repository/qb/network/node.go:203: receive a commit message
P4-[receive PrepareMsg]2021/09/07 20:47:26.508889 /root/study/github_repository/qb/network/node.go:512: Msgdelivery channel get a prepare message, and handle it
P4-commit2021/09/07 20:47:26.509364 /root/study/github_repository/qb/network/node.go:203: receive a commit message
P4-commit2021/09/07 20:47:26.510436 /root/study/github_repository/qb/network/node.go:203: receive a commit message
P4-pre-prepare2021/09/07 20:47:38.884073 /root/study/github_repository/qb/network/node.go:175: receive a preprepare message
P4-prepare2021/09/07 20:47:38.885063 /root/study/github_repository/qb/network/node.go:189: receive a prepare message
P4-prepare2021/09/07 20:47:38.885491 /root/study/github_repository/qb/network/node.go:189: receive a prepare message
P4-commit2021/09/07 20:47:38.887562 /root/study/github_repository/qb/network/node.go:203: receive a commit message
P4-commit2021/09/07 20:47:38.888470 /root/study/github_repository/qb/network/node.go:203: receive a commit message
P4-commit2021/09/07 20:47:38.889810 /root/study/github_repository/qb/network/node.go:203: receive a commit message
P4-pre-prepare2021/09/07 20:50:00.287411 /root/study/github_repository/qb/network/node.go:175: receive a preprepare message
P4-prepare2021/09/07 20:50:00.289549 /root/study/github_repository/qb/network/node.go:189: receive a prepare message
P4-prepare2021/09/07 20:50:00.289689 /root/study/github_repository/qb/network/node.go:189: receive a prepare message
P4-commit2021/09/07 20:50:00.297886 /root/study/github_repository/qb/network/node.go:203: receive a commit message
P4-[receive PrepareMsg]2021/09/07 20:50:00.298119 /root/study/github_repository/qb/network/node.go:512: Msgdelivery channel get a prepare message, and handle it
P4-commit2021/09/07 20:50:00.298313 /root/study/github_repository/qb/network/node.go:203: receive a commit message
P4-[receive CommitMsg]2021/09/07 20:50:00.298969 /root/study/github_repository/qb/network/node.go:523: Msgdelivery channel get a commit message, and handle it
P4-commit2021/09/07 20:50:00.300190 /root/study/github_repository/qb/network/node.go:203: receive a commit message
P4-pre-prepare2021/09/07 20:50:23.895580 /root/study/github_repository/qb/network/node.go:175: receive a preprepare message
P4-prepare2021/09/07 20:50:23.897007 /root/study/github_repository/qb/network/node.go:189: receive a prepare message
P4-prepare2021/09/07 20:50:23.898635 /root/study/github_repository/qb/network/node.go:189: receive a prepare message
P4-commit2021/09/07 20:50:23.901035 /root/study/github_repository/qb/network/node.go:203: receive a commit message
P4-[pbft.CommitMsg]2021/09/07 20:50:23.902063 /root/study/github_repository/qb/network/node.go:390: [put commit message into MsgDelivery channel]
P4-[pbft.CommitMsg]2021/09/07 20:50:23.902063 /root/study/github_repository/qb/network/node.go:203: receive a commit message
P4-commit2021/09/07 20:50:24.897649 /root/study/github_repository/qb/network/node.go:203: receive a commit message
P4-pre-prepare2021/09/07 20:51:07.579120 /root/study/github_repository/qb/network/node.go:175: receive a preprepare message
P4-prepare2021/09/07 20:51:07.580537 /root/study/github_repository/qb/network/node.go:189: receive a prepare message
P4-prepare2021/09/07 20:51:07.581374 /root/study/github_repository/qb/network/node.go:189: receive a prepare message
P4-commit2021/09/07 20:51:07.582971 /root/study/github_repository/qb/network/node.go:203: receive a commit message
P4-commit2021/09/07 20:51:07.584868 /root/study/github_repository/qb/network/node.go:203: receive a commit message
P4-commit2021/09/07 20:51:07.584961 /root/study/github_repository/qb/network/node.go:203: receive a commit message
P4-pre-prepare2021/09/07 20:51:51.016790 /root/study/github_repository/qb/network/node.go:175: receive a preprepare message
P4-prepare2021/09/07 20:51:51.018442 /root/study/github_repository/qb/network/node.go:189: receive a prepare message
P4-prepare2021/09/07 20:51:51.019665 /root/study/github_repository/qb/network/node.go:189: receive a prepare message
P4-commit2021/09/07 20:51:51.021600 /root/study/github_repository/qb/network/node.go:203: receive a commit message
P4-commit2021/09/07 20:51:51.022345 /root/study/github_repository/qb/network/node.go:203: receive a commit message
P4-[receive CommitMsg]2021/09/07 20:51:51.022836 /root/study/github_repository/qb/network/node.go:523: Msgdelivery channel get a commit message, and handle it
P4-commit2021/09/07 20:51:51.023008 /root/study/github_repository/qb/network/node.go:203: receive a commit message
P4-pre-prepare2021/09/07 20:52:13.324485 /root/study/github_repository/qb/network/node.go:175: receive a preprepare message
P4-prepare2021/09/07 20:52:13.325806 /root/study/github_repository/qb/network/node.go:189: receive a prepare message
P4-prepare2021/09/07 20:52:13.326252 /root/study/github_repository/qb/network/node.go:189: receive a prepare message
P4-commit2021/09/07 20:52:13.329248 /root/study/github_repository/qb/network/node.go:203: receive a commit message
P4-commit2021/09/07 20:52:13.329407 /root/study/github_repository/qb/network/node.go:203: receive a commit message
P4-commit2021/09/07 20:52:13.330493 /root/study/github_repository/qb/network/node.go:203: receive a commit message
P4-pre-prepare2021/09/07 20:53:36.778773 /root/study/github_repository/qb/network/node.go:175: receive a preprepare message
P4-prepare2021/09/07 20:53:36.780925 /root/study/github_repository/qb/network/node.go:189: receive a prepare message
P4-prepare2021/09/07 20:53:36.782451 /root/study/github_repository/qb/network/node.go:189: receive a prepare message
P4-commit2021/09/07 20:53:36.782635 /root/study/github_repository/qb/network/node.go:203: receive a commit message
P4-commit2021/09/07 20:53:36.784293 /root/study/github_repository/qb/network/node.go:203: receive a commit message
P4-commit2021/09/07 20:53:36.785039 /root/study/github_repository/qb/network/node.go:203: receive a commit message
P4-pre-prepare2021/09/07 20:53:49.253041 /root/study/github_repository/qb/network/node.go:175: receive a preprepare message
P4-prepare2021/09/07 20:53:49.254350 /root/study/github_repository/qb/network/node.go:189: receive a prepare message
P4-prepare2021/09/07 20:53:49.254798 /root/study/github_repository/qb/network/node.go:189: receive a prepare message
P4-commit2021/09/07 20:53:49.258335 /root/study/github_repository/qb/network/node.go:203: receive a commit message
P4-commit2021/09/07 20:53:49.258446 /root/study/github_repository/qb/network/node.go:203: receive a commit message
P4-commit2021/09/07 20:53:49.259880 /root/study/github_repository/qb/network/node.go:203: receive a commit message
P4-pre-prepare2021/09/07 20:54:31.858980 /root/study/github_repository/qb/network/node.go:175: receive a preprepare message
P4-prepare2021/09/07 20:54:31.861565 /root/study/github_repository/qb/network/node.go:189: receive a prepare message
P4-prepare2021/09/07 20:54:31.861838 /root/study/github_repository/qb/network/node.go:189: receive a prepare message
P4-commit2021/09/07 20:54:31.863539 /root/study/github_repository/qb/network/node.go:203: receive a commit message
P4-[receive PrepareMsg]2021/09/07 20:54:31.864210 /root/study/github_repository/qb/network/node.go:512: Msgdelivery channel get a prepare message, and handle it
P4-commit2021/09/07 20:54:31.864398 /root/study/github_repository/qb/network/node.go:203: receive a commit message
P4-commit2021/09/07 20:54:31.865536 /root/study/github_repository/qb/network/node.go:203: receive a commit message
P4-[receive CommitMsg]2021/09/07 20:54:31.866084 /root/study/github_repository/qb/network/node.go:523: Msgdelivery channel get a commit message, and handle it
P4-pre-prepare2021/09/07 21:09:39.446994 /root/study/github_repository/qb/network/node.go:175: receive a preprepare message
P4-prepare2021/09/07 21:09:39.450522 /root/study/github_repository/qb/network/node.go:189: receive a prepare message
P4-prepare2021/09/07 21:09:39.452288 /root/study/github_repository/qb/network/node.go:189: receive a prepare message
P4-commit2021/09/07 21:09:39.454831 /root/study/github_repository/qb/network/node.go:203: receive a commit message
P4-commit2021/09/07 21:09:39.455236 /root/study/github_repository/qb/network/node.go:203: receive a commit message
P4-commit2021/09/07 21:09:39.456842 /root/study/github_repository/qb/network/node.go:203: receive a commit message
P4-pre-prepare2021/09/08 10:36:44.481523 /root/study/github_repository/qb/network/node.go:175: receive a preprepare message
P4-prepare2021/09/08 10:36:44.483536 /root/study/github_repository/qb/network/node.go:189: receive a prepare message
P4-prepare2021/09/08 10:36:44.483778 /root/study/github_repository/qb/network/node.go:189: receive a prepare message
P4-commit2021/09/08 10:36:44.485758 /root/study/github_repository/qb/network/node.go:203: receive a commit message
P4-commit2021/09/08 10:36:44.487214 /root/study/github_repository/qb/network/node.go:203: receive a commit message
P4-commit2021/09/08 10:36:44.489797 /root/study/github_repository/qb/network/node.go:252: broadcast reply message
P4-commit2021/09/08 10:36:44.489798 /root/study/github_repository/qb/network/node.go:203: receive a commit message
P4-pre-prepare2021/09/08 10:37:02.636344 /root/study/github_repository/qb/network/node.go:175: receive a preprepare message
P4-prepare2021/09/08 10:37:02.639356 /root/study/github_repository/qb/network/node.go:189: receive a prepare message
P4-commit2021/09/08 10:37:02.640122 /root/study/github_repository/qb/network/node.go:203: receive a commit message
P4-commit2021/09/08 10:37:02.640207 /root/study/github_repository/qb/network/node.go:203: receive a commit message
P4-[receive PrepareMsg]2021/09/08 10:37:02.641719 /root/study/github_repository/qb/network/node.go:512: Msgdelivery channel get a prepare message, and handle it
P4-commit2021/09/08 10:37:02.641916 /root/study/github_repository/qb/network/node.go:203: receive a commit message
