P2-pre-prepare2021/09/07 20:32:25.639348 /root/study/github_repository/qb/network/node.go:175: receive a preprepare message
P2-prepare2021/09/07 20:32:25.643435 /root/study/github_repository/qb/network/node.go:189: receive a prepare message
P2-prepare2021/09/07 20:32:25.643512 /root/study/github_repository/qb/network/node.go:189: receive a prepare message
P2-commit2021/09/07 20:32:25.646572 /root/study/github_repository/qb/network/node.go:203: receive a commit message
P2-[receive CommitMsg]2021/09/07 20:32:25.646936 /root/study/github_repository/qb/network/node.go:523: Msgdelivery channel get a commit message, and handle it
P2-commit2021/09/07 20:32:25.647322 /root/study/github_repository/qb/network/node.go:203: receive a commit message
P2-pre-prepare2021/09/07 20:33:09.256692 /root/study/github_repository/qb/network/node.go:175: receive a preprepare message
P2-prepare2021/09/07 20:33:09.257503 /root/study/github_repository/qb/network/node.go:189: receive a prepare message
P2-prepare2021/09/07 20:33:09.258547 /root/study/github_repository/qb/network/node.go:189: receive a prepare message
P2-pre-prepare2021/09/07 20:44:29.530658 /root/study/github_repository/qb/network/node.go:175: receive a preprepare message
P2-prepare2021/09/07 20:44:29.532888 /root/study/github_repository/qb/network/node.go:189: receive a prepare message
P2-prepare2021/09/07 20:44:29.533859 /root/study/github_repository/qb/network/node.go:189: receive a prepare message
P2-commit2021/09/07 20:44:29.535541 /root/study/github_repository/qb/network/node.go:203: receive a commit message
P2-commit2021/09/07 20:44:29.535625 /root/study/github_repository/qb/network/node.go:203: receive a commit message
P2-commit2021/09/07 20:44:29.537707 /root/study/github_repository/qb/network/node.go:203: receive a commit message
P2-pre-prepare2021/09/07 20:44:49.986597 /root/study/github_repository/qb/network/node.go:175: receive a preprepare message
P2-prepare2021/09/07 20:44:49.987608 /root/study/github_repository/qb/network/node.go:189: receive a prepare message
P2-prepare2021/09/07 20:44:49.988031 /root/study/github_repository/qb/network/node.go:189: receive a prepare message
P2-commit2021/09/07 20:44:49.990899 /root/study/github_repository/qb/network/node.go:203: receive a commit message
P2-commit2021/09/07 20:44:49.991133 /root/study/github_repository/qb/network/node.go:203: receive a commit message
P2-commit2021/09/07 20:44:49.993818 /root/study/github_repository/qb/network/node.go:203: receive a commit message
P2-pre-prepare2021/09/07 20:45:05.178834 /root/study/github_repository/qb/network/node.go:175: receive a preprepare message
P2-prepare2021/09/07 20:45:05.181175 /root/study/github_repository/qb/network/node.go:189: receive a prepare message
P2-prepare2021/09/07 20:45:05.181715 /root/study/github_repository/qb/network/node.go:189: receive a prepare message
P2-commit2021/09/07 20:45:05.184540 /root/study/github_repository/qb/network/node.go:203: receive a commit message
P2-commit2021/09/07 20:45:05.186011 /root/study/github_repository/qb/network/node.go:203: receive a commit message
P2-commit2021/09/07 20:45:05.186070 /root/study/github_repository/qb/network/node.go:203: receive a commit message
P2-pre-prepare2021/09/07 20:47:15.648415 /root/study/github_repository/qb/network/node.go:175: receive a preprepare message
P2-prepare2021/09/07 20:47:15.652837 /root/study/github_repository/qb/network/node.go:189: receive a prepare message
P2-prepare2021/09/07 20:47:15.653681 /root/study/github_repository/qb/network/node.go:189: receive a prepare message
P2-commit2021/09/07 20:47:15.655668 /root/study/github_repository/qb/network/node.go:203: receive a commit message
P2-commit2021/09/07 20:47:15.656042 /root/study/github_repository/qb/network/node.go:203: receive a commit message
P2-commit2021/09/07 20:47:16.195260 /root/study/github_repository/qb/network/node.go:203: receive a commit message
P2-pre-prepare2021/09/07 20:47:26.503480 /root/study/github_repository/qb/network/node.go:175: receive a preprepare message
P2-prepare2021/09/07 20:47:26.506168 /root/study/github_repository/qb/network/node.go:189: receive a prepare message
P2-prepare2021/09/07 20:47:26.506238 /root/study/github_repository/qb/network/node.go:189: receive a prepare message
P2-commit2021/09/07 20:47:26.508320 /root/study/github_repository/qb/network/node.go:203: receive a commit message
P2-commit2021/09/07 20:47:26.509142 /root/study/github_repository/qb/network/node.go:203: receive a commit message
P2-[receive CommitMsg]2021/09/07 20:47:26.509464 /root/study/github_repository/qb/network/node.go:523: Msgdelivery channel get a commit message, and handle it
P2-commit2021/09/07 20:47:26.509947 /root/study/github_repository/qb/network/node.go:203: receive a commit message
P2-pre-prepare2021/09/07 20:47:38.883127 /root/study/github_repository/qb/network/node.go:175: receive a preprepare message
P2-prepare2021/09/07 20:47:38.885242 /root/study/github_repository/qb/network/node.go:189: receive a prepare message
P2-prepare2021/09/07 20:47:38.886835 /root/study/github_repository/qb/network/node.go:189: receive a prepare message
P2-commit2021/09/07 20:47:38.889389 /root/study/github_repository/qb/network/node.go:203: receive a commit message
P2-commit2021/09/07 20:47:38.889820 /root/study/github_repository/qb/network/node.go:203: receive a commit message
P2-commit2021/09/07 20:47:39.212962 /root/study/github_repository/qb/network/node.go:203: receive a commit message
P2-pre-prepare2021/09/07 20:50:00.285129 /root/study/github_repository/qb/network/node.go:175: receive a preprepare message
P2-prepare2021/09/07 20:50:00.288831 /root/study/github_repository/qb/network/node.go:189: receive a prepare message
P2-commit2021/09/07 20:50:00.294106 /root/study/github_repository/qb/network/node.go:203: receive a commit message
P2-[receive PrepareMsg]2021/09/07 20:50:00.294197 /root/study/github_repository/qb/network/node.go:512: Msgdelivery channel get a prepare message, and handle it
P2-commit2021/09/07 20:50:00.294257 /root/study/github_repository/qb/network/node.go:203: receive a commit message
P2-prepare2021/09/07 20:50:00.296312 /root/study/github_repository/qb/network/node.go:189: receive a prepare message
P2-commit2021/09/07 20:50:00.297791 /root/study/github_repository/qb/network/node.go:203: receive a commit message
P2-pre-prepare2021/09/07 20:50:23.896508 /root/study/github_repository/qb/network/node.go:175: receive a preprepare message
P2-prepare2021/09/07 20:50:23.897588 /root/study/github_repository/qb/network/node.go:189: receive a prepare message
P2-prepare2021/09/07 20:50:23.897860 /root/study/github_repository/qb/network/node.go:189: receive a prepare message
P2-commit2021/09/07 20:50:23.900498 /root/study/github_repository/qb/network/node.go:203: receive a commit message
P2-commit2021/09/07 20:50:23.900884 /root/study/github_repository/qb/network/node.go:203: receive a commit message
P2-commit2021/09/07 20:50:23.902019 /root/study/github_repository/qb/network/node.go:203: receive a commit message
P2-pre-prepare2021/09/07 20:51:07.579528 /root/study/github_repository/qb/network/node.go:175: receive a preprepare message
P2-prepare2021/09/07 20:51:07.580294 /root/study/github_repository/qb/network/node.go:189: receive a prepare message
P2-prepare2021/09/07 20:51:07.580997 /root/study/github_repository/qb/network/node.go:189: receive a prepare message
P2-commit2021/09/07 20:51:07.582550 /root/study/github_repository/qb/network/node.go:203: receive a commit message
P2-commit2021/09/07 20:51:07.584080 /root/study/github_repository/qb/network/node.go:203: receive a commit message
P2-commit2021/09/07 20:51:07.584556 /root/study/github_repository/qb/network/node.go:203: receive a commit message
P2-pre-prepare2021/09/07 20:51:51.015157 /root/study/github_repository/qb/network/node.go:175: receive a preprepare message
P2-prepare2021/09/07 20:51:51.019176 /root/study/github_repository/qb/network/node.go:189: receive a prepare message
P2-prepare2021/09/07 20:51:51.020732 /root/study/github_repository/qb/network/node.go:189: receive a prepare message
P2-commit2021/09/07 20:51:51.021300 /root/study/github_repository/qb/network/node.go:203: receive a commit message
P2-commit2021/09/07 20:51:51.022045 /root/study/github_repository/qb/network/node.go:203: receive a commit message
P2-commit2021/09/07 20:51:51.023053 /root/study/github_repository/qb/network/node.go:203: receive a commit message
P2-[receive CommitMsg]2021/09/07 20:51:51.023994 /root/study/github_repository/qb/network/node.go:523: Msgdelivery channel get a commit message, and handle it
P2-pre-prepare2021/09/07 20:52:13.323716 /root/study/github_repository/qb/network/node.go:175: receive a preprepare message
P2-prepare2021/09/07 20:52:13.325979 /root/study/github_repository/qb/network/node.go:189: receive a prepare message
P2-prepare2021/09/07 20:52:13.327000 /root/study/github_repository/qb/network/node.go:189: receive a prepare message
P2-commit2021/09/07 20:52:13.328358 /root/study/github_repository/qb/network/node.go:203: receive a commit message
P2-[receive PrepareMsg]2021/09/07 20:52:13.328370 /root/study/github_repository/qb/network/node.go:512: Msgdelivery channel get a prepare message, and handle it
P2-commit2021/09/07 20:52:13.328552 /root/study/github_repository/qb/network/node.go:203: receive a commit message
P2-commit2021/09/07 20:52:13.331406 /root/study/github_repository/qb/network/node.go:203: receive a commit message
P2-pre-prepare2021/09/07 20:53:36.777423 /root/study/github_repository/qb/network/node.go:175: receive a preprepare message
P2-prepare2021/09/07 20:53:36.781902 /root/study/github_repository/qb/network/node.go:189: receive a prepare message
P2-prepare2021/09/07 20:53:36.782831 /root/study/github_repository/qb/network/node.go:189: receive a prepare message
P2-commit2021/09/07 20:53:36.783747 /root/study/github_repository/qb/network/node.go:203: receive a commit message
P2-[receive PrepareMsg]2021/09/07 20:53:36.784412 /root/study/github_repository/qb/network/node.go:512: Msgdelivery channel get a prepare message, and handle it
P2-commit2021/09/07 20:53:36.784687 /root/study/github_repository/qb/network/node.go:203: receive a commit message
P2-commit2021/09/07 20:53:36.785577 /root/study/github_repository/qb/network/node.go:203: receive a commit message
P2-[receive CommitMsg]2021/09/07 20:53:36.786355 /root/study/github_repository/qb/network/node.go:523: Msgdelivery channel get a commit message, and handle it
P2-pre-prepare2021/09/07 20:53:49.252328 /root/study/github_repository/qb/network/node.go:175: receive a preprepare message
P2-prepare2021/09/07 20:53:49.254904 /root/study/github_repository/qb/network/node.go:189: receive a prepare message
P2-prepare2021/09/07 20:53:49.256512 /root/study/github_repository/qb/network/node.go:189: receive a prepare message
P2-[receive PrepareMsg]2021/09/07 20:53:49.256544 /root/study/github_repository/qb/network/node.go:512: Msgdelivery channel get a prepare message, and handle it
P2-commit2021/09/07 20:53:49.257274 /root/study/github_repository/qb/network/node.go:203: receive a commit message
P2-commit2021/09/07 20:53:49.258059 /root/study/github_repository/qb/network/node.go:203: receive a commit message
P2-commit2021/09/07 20:53:49.259651 /root/study/github_repository/qb/network/node.go:203: receive a commit message
P2-pre-prepare2021/09/07 20:54:31.858114 /root/study/github_repository/qb/network/node.go:175: receive a preprepare message
P2-prepare2021/09/07 20:54:31.861510 /root/study/github_repository/qb/network/node.go:189: receive a prepare message
P2-commit2021/09/07 20:54:31.862875 /root/study/github_repository/qb/network/node.go:203: receive a commit message
P2-[receive PrepareMsg]2021/09/07 20:54:31.863497 /root/study/github_repository/qb/network/node.go:512: Msgdelivery channel get a prepare message, and handle it
P2-commit2021/09/07 20:54:31.864595 /root/study/github_repository/qb/network/node.go:203: receive a commit message
P2-commit2021/09/07 20:54:31.864660 /root/study/github_repository/qb/network/node.go:203: receive a commit message
