P1-transcation2021/09/07 20:32:18.880183 /root/study/github_repository/qb/network/node.go:161: receive a transcation message
P1-transcation2021/09/07 20:32:25.637236 /root/study/github_repository/qb/network/node.go:161: receive a transcation message
P1-prepare2021/09/07 20:32:25.641644 /root/study/github_repository/qb/network/node.go:189: receive a prepare message
P1-prepare2021/09/07 20:32:25.642996 /root/study/github_repository/qb/network/node.go:189: receive a prepare message
P1-prepare2021/09/07 20:32:25.643122 /root/study/github_repository/qb/network/node.go:189: receive a prepare message
P1-commit2021/09/07 20:32:25.645297 /root/study/github_repository/qb/network/node.go:203: receive a commit message
P1-[receive PrepareMsg]2021/09/07 20:32:25.645864 /root/study/github_repository/qb/network/node.go:512: Msgdelivery channel get a prepare message, and handle it
P1-commit2021/09/07 20:32:25.646248 /root/study/github_repository/qb/network/node.go:203: receive a commit message
P1-commit2021/09/07 20:32:25.647112 /root/study/github_repository/qb/network/node.go:203: receive a commit message
P1-[receive CommitMsg]2021/09/07 20:32:25.647913 /root/study/github_repository/qb/network/node.go:523: Msgdelivery channel get a commit message, and handle it
P1-transcation2021/09/07 20:32:40.921028 /root/study/github_repository/qb/network/node.go:161: receive a transcation message
P1-transcation2021/09/07 20:33:09.254928 /root/study/github_repository/qb/network/node.go:161: receive a transcation message
P1-prepare2021/09/07 20:33:09.257242 /root/study/github_repository/qb/network/node.go:189: receive a prepare message
P1-prepare2021/09/07 20:33:09.258060 /root/study/github_repository/qb/network/node.go:189: receive a prepare message
P1-prepare2021/09/07 20:33:09.258287 /root/study/github_repository/qb/network/node.go:189: receive a prepare message
P1-transcation2021/09/07 20:44:23.015917 /root/study/github_repository/qb/network/node.go:161: receive a transcation message
P1-transcation2021/09/07 20:44:29.527252 /root/study/github_repository/qb/network/node.go:161: receive a transcation message
P1-prepare2021/09/07 20:44:29.532205 /root/study/github_repository/qb/network/node.go:189: receive a prepare message
P1-prepare2021/09/07 20:44:29.533671 /root/study/github_repository/qb/network/node.go:189: receive a prepare message
P1-commit2021/09/07 20:44:29.535395 /root/study/github_repository/qb/network/node.go:203: receive a commit message
P1-prepare2021/09/07 20:44:29.535493 /root/study/github_repository/qb/network/node.go:189: receive a prepare message
P1-commit2021/09/07 20:44:29.535688 /root/study/github_repository/qb/network/node.go:203: receive a commit message
P1-commit2021/09/07 20:44:29.537300 /root/study/github_repository/qb/network/node.go:203: receive a commit message
P1-transcation2021/09/07 20:44:42.519528 /root/study/github_repository/qb/network/node.go:161: receive a transcation message
P1-transcation2021/09/07 20:44:49.983971 /root/study/github_repository/qb/network/node.go:161: receive a transcation message
P1-prepare2021/09/07 20:44:49.987259 /root/study/github_repository/qb/network/node.go:189: receive a prepare message
P1-prepare2021/09/07 20:44:49.987712 /root/study/github_repository/qb/network/node.go:189: receive a prepare message
P1-prepare2021/09/07 20:44:49.988862 /root/study/github_repository/qb/network/node.go:189: receive a prepare message
P1-[receive PrepareMsg]2021/09/07 20:44:49.990145 /root/study/github_repository/qb/network/node.go:512: Msgdelivery channel get a prepare message, and handle it
P1-commit2021/09/07 20:44:49.990647 /root/study/github_repository/qb/network/node.go:203: receive a commit message
P1-commit2021/09/07 20:44:49.991370 /root/study/github_repository/qb/network/node.go:203: receive a commit message
P1-[receive CommitMsg]2021/09/07 20:44:49.992196 /root/study/github_repository/qb/network/node.go:523: Msgdelivery channel get a commit message, and handle it
P1-commit2021/09/07 20:44:49.993496 /root/study/github_repository/qb/network/node.go:203: receive a commit message
P1-transcation2021/09/07 20:45:01.420076 /root/study/github_repository/qb/network/node.go:161: receive a transcation message
P1-transcation2021/09/07 20:45:05.177386 /root/study/github_repository/qb/network/node.go:161: receive a transcation message
P1-prepare2021/09/07 20:45:05.180501 /root/study/github_repository/qb/network/node.go:189: receive a prepare message
P1-prepare2021/09/07 20:45:05.181382 /root/study/github_repository/qb/network/node.go:189: receive a prepare message
P1-prepare2021/09/07 20:45:05.181802 /root/study/github_repository/qb/network/node.go:189: receive a prepare message
P1-commit2021/09/07 20:45:05.184271 /root/study/github_repository/qb/network/node.go:203: receive a commit message
P1-commit2021/09/07 20:45:05.184339 /root/study/github_repository/qb/network/node.go:203: receive a commit message
P1-commit2021/09/07 20:45:05.185715 /root/study/github_repository/qb/network/node.go:203: receive a commit message
P1-transcation2021/09/07 20:47:10.990142 /root/study/github_repository/qb/network/node.go:161: receive a transcation message
P1-transcation2021/09/07 20:47:15.646312 /root/study/github_repository/qb/network/node.go:161: receive a transcation message
P1-prepare2021/09/07 20:47:15.651928 /root/study/github_repository/qb/network/node.go:189: receive a prepare message
P1-prepare2021/09/07 20:47:15.652320 /root/study/github_repository/qb/network/node.go:189: receive a prepare message
P1-prepare2021/09/07 20:47:15.653196 /root/study/github_repository/qb/network/node.go:189: receive a prepare message
P1-[receive PrepareMsg]2021/09/07 20:47:15.654276 /root/study/github_repository/qb/network/node.go:512: Msgdelivery channel get a prepare message, and handle it
P1-commit2021/09/07 20:47:15.655586 /root/study/github_repository/qb/network/node.go:203: receive a commit message
P1-commit2021/09/07 20:47:15.655826 /root/study/github_repository/qb/network/node.go:203: receive a commit message
P1-commit2021/09/07 20:47:16.194360 /root/study/github_repository/qb/network/node.go:203: receive a commit message
P1-transcation2021/09/07 20:47:22.761316 /root/study/github_repository/qb/network/node.go:161: receive a transcation message
P1-transcation2021/09/07 20:47:26.502052 /root/study/github_repository/qb/network/node.go:161: receive a transcation message
P1-prepare2021/09/07 20:47:26.505269 /root/study/github_repository/qb/network/node.go:189: receive a prepare message
P1-prepare2021/09/07 20:47:26.506929 /root/study/github_repository/qb/network/node.go:189: receive a prepare message
P1-[receive PrepareMsg]2021/09/07 20:47:26.508117 /root/study/github_repository/qb/network/node.go:512: Msgdelivery channel get a prepare message, and handle it
P1-commit2021/09/07 20:47:26.508409 /root/study/github_repository/qb/network/node.go:203: receive a commit message
P1-[receive PrepareMsg]2021/09/07 20:47:26.508934 /root/study/github_repository/qb/network/node.go:512: Msgdelivery channel get a prepare message, and handle it
P1-commit2021/09/07 20:47:26.508975 /root/study/github_repository/qb/network/node.go:203: receive a commit message
P1-[receive CommitMsg]2021/09/07 20:47:26.509693 /root/study/github_repository/qb/network/node.go:523: Msgdelivery channel get a commit message, and handle it
P1-commit2021/09/07 20:47:26.509916 /root/study/github_repository/qb/network/node.go:203: receive a commit message
P1-[receive CommitMsg]2021/09/07 20:47:26.510602 /root/study/github_repository/qb/network/node.go:523: Msgdelivery channel get a commit message, and handle it
P1-transcation2021/09/07 20:47:35.200189 /root/study/github_repository/qb/network/node.go:161: receive a transcation message
P1-transcation2021/09/07 20:47:38.881412 /root/study/github_repository/qb/network/node.go:161: receive a transcation message
P1-prepare2021/09/07 20:47:38.885410 /root/study/github_repository/qb/network/node.go:189: receive a prepare message
P1-prepare2021/09/07 20:47:38.886546 /root/study/github_repository/qb/network/node.go:189: receive a prepare message
P1-prepare2021/09/07 20:47:38.886619 /root/study/github_repository/qb/network/node.go:189: receive a prepare message
P1-commit2021/09/07 20:47:38.888407 /root/study/github_repository/qb/network/node.go:203: receive a commit message
P1-[receive PrepareMsg]2021/09/07 20:47:38.889169 /root/study/github_repository/qb/network/node.go:512: Msgdelivery channel get a prepare message, and handle it
P1-commit2021/09/07 20:47:38.889452 /root/study/github_repository/qb/network/node.go:203: receive a commit message
P1-[receive CommitMsg]2021/09/07 20:47:38.890076 /root/study/github_repository/qb/network/node.go:523: Msgdelivery channel get a commit message, and handle it
P1-commit2021/09/07 20:47:39.212277 /root/study/github_repository/qb/network/node.go:203: receive a commit message
P1-transcation2021/09/07 20:49:39.251276 /root/study/github_repository/qb/network/node.go:161: receive a transcation message
P1-transcation2021/09/07 20:50:00.282778 /root/study/github_repository/qb/network/node.go:161: receive a transcation message
P1-prepare2021/09/07 20:50:00.287877 /root/study/github_repository/qb/network/node.go:189: receive a prepare message
P1-prepare2021/09/07 20:50:00.288398 /root/study/github_repository/qb/network/node.go:189: receive a prepare message
P1-prepare2021/09/07 20:50:00.290398 /root/study/github_repository/qb/network/node.go:189: receive a prepare message
P1-[receive PrepareMsg]2021/09/07 20:50:00.290492 /root/study/github_repository/qb/network/node.go:512: Msgdelivery channel get a prepare message, and handle it
P1-commit2021/09/07 20:50:00.292540 /root/study/github_repository/qb/network/node.go:203: receive a commit message
P1-commit2021/09/07 20:50:00.294316 /root/study/github_repository/qb/network/node.go:203: receive a commit message
P1-commit2021/09/07 20:50:00.297457 /root/study/github_repository/qb/network/node.go:203: receive a commit message
P1-transcation2021/09/07 20:50:15.407964 /root/study/github_repository/qb/network/node.go:161: receive a transcation message
P1-transcation2021/09/07 20:50:23.893425 /root/study/github_repository/qb/network/node.go:161: receive a transcation message
P1-prepare2021/09/07 20:50:23.897332 /root/study/github_repository/qb/network/node.go:189: receive a prepare message
P1-prepare2021/09/07 20:50:23.897625 /root/study/github_repository/qb/network/node.go:189: receive a prepare message
P1-prepare2021/09/07 20:50:23.898897 /root/study/github_repository/qb/network/node.go:189: receive a prepare message
P1-commit2021/09/07 20:50:23.900428 /root/study/github_repository/qb/network/node.go:203: receive a commit message
P1-commit2021/09/07 20:50:23.901742 /root/study/github_repository/qb/network/node.go:203: receive a commit message
P1-[receive CommitMsg]2021/09/07 20:50:23.902233 /root/study/github_repository/qb/network/node.go:523: Msgdelivery channel get a commit message, and handle it
P1-commit2021/09/07 20:50:24.896632 /root/study/github_repository/qb/network/node.go:203: receive a commit message
P1-transcation2021/09/07 20:51:01.352512 /root/study/github_repository/qb/network/node.go:161: receive a transcation message
P1-transcation2021/09/07 20:51:07.577131 /root/study/github_repository/qb/network/node.go:161: receive a transcation message
P1-prepare2021/09/07 20:51:07.580771 /root/study/github_repository/qb/network/node.go:189: receive a prepare message
P1-prepare2021/09/07 20:51:07.580865 /root/study/github_repository/qb/network/node.go:189: receive a prepare message
P1-[receive PrepareMsg]2021/09/07 20:51:07.582005 /root/study/github_repository/qb/network/node.go:512: Msgdelivery channel get a prepare message, and handle it
P1-prepare2021/09/07 20:51:07.582275 /root/study/github_repository/qb/network/node.go:189: receive a prepare message
P1-[receive PrepareMsg]2021/09/07 20:51:07.583709 /root/study/github_repository/qb/network/node.go:512: Msgdelivery channel get a prepare message, and handle it
P1-commit2021/09/07 20:51:07.584197 /root/study/github_repository/qb/network/node.go:203: receive a commit message
P1-[receive PrepareMsg]2021/09/07 20:51:07.584894 /root/study/github_repository/qb/network/node.go:512: Msgdelivery channel get a prepare message, and handle it
P1-commit2021/09/07 20:51:07.585052 /root/study/github_repository/qb/network/node.go:203: receive a commit message
P1-[receive CommitMsg]2021/09/07 20:51:07.585939 /root/study/github_repository/qb/network/node.go:523: Msgdelivery channel get a commit message, and handle it
P1-commit2021/09/07 20:51:07.587070 /root/study/github_repository/qb/network/node.go:203: receive a commit message
P1-transcation2021/09/07 20:51:45.807760 /root/study/github_repository/qb/network/node.go:161: receive a transcation message
P1-transcation2021/09/07 20:51:51.013066 /root/study/github_repository/qb/network/node.go:161: receive a transcation message
P1-prepare2021/09/07 20:51:51.018243 /root/study/github_repository/qb/network/node.go:189: receive a prepare message
P1-prepare2021/09/07 20:51:51.019347 /root/study/github_repository/qb/network/node.go:189: receive a prepare message
P1-prepare2021/09/07 20:51:51.020198 /root/study/github_repository/qb/network/node.go:189: receive a prepare message
P1-commit2021/09/07 20:51:51.021823 /root/study/github_repository/qb/network/node.go:203: receive a commit message
P1-commit2021/09/07 20:51:51.022692 /root/study/github_repository/qb/network/node.go:203: receive a commit message
P1-commit2021/09/07 20:51:51.023303 /root/study/github_repository/qb/network/node.go:203: receive a commit message
P1-[receive CommitMsg]2021/09/07 20:51:51.024230 /root/study/github_repository/qb/network/node.go:523: Msgdelivery channel get a commit message, and handle it
P1-transcation2021/09/07 20:52:07.379160 /root/study/github_repository/qb/network/node.go:161: receive a transcation message
P1-transcation2021/09/07 20:52:13.322048 /root/study/github_repository/qb/network/node.go:161: receive a transcation message
P1-prepare2021/09/07 20:52:13.325321 /root/study/github_repository/qb/network/node.go:189: receive a prepare message
P1-prepare2021/09/07 20:52:13.325779 /root/study/github_repository/qb/network/node.go:189: receive a prepare message
P1-prepare2021/09/07 20:52:13.326733 /root/study/github_repository/qb/network/node.go:189: receive a prepare message
P1-[receive PrepareMsg]2021/09/07 20:52:13.328154 /root/study/github_repository/qb/network/node.go:512: Msgdelivery channel get a prepare message, and handle it
P1-commit2021/09/07 20:52:13.328299 /root/study/github_repository/qb/network/node.go:203: receive a commit message
P1-[receive PrepareMsg]2021/09/07 20:52:13.329233 /root/study/github_repository/qb/network/node.go:512: Msgdelivery channel get a prepare message, and handle it
P1-commit2021/09/07 20:52:13.329539 /root/study/github_repository/qb/network/node.go:203: receive a commit message
P1-commit2021/09/07 20:52:13.331147 /root/study/github_repository/qb/network/node.go:203: receive a commit message
P1-[receive CommitMsg]2021/09/07 20:52:13.331502 /root/study/github_repository/qb/network/node.go:523: Msgdelivery channel get a commit message, and handle it
P1-transcation2021/09/07 20:53:32.706640 /root/study/github_repository/qb/network/node.go:161: receive a transcation message
P1-transcation2021/09/07 20:53:36.775049 /root/study/github_repository/qb/network/node.go:161: receive a transcation message
P1-prepare2021/09/07 20:53:36.779549 /root/study/github_repository/qb/network/node.go:189: receive a prepare message
P1-prepare2021/09/07 20:53:36.780763 /root/study/github_repository/qb/network/node.go:189: receive a prepare message
P1-prepare2021/09/07 20:53:36.782293 /root/study/github_repository/qb/network/node.go:189: receive a prepare message
P1-commit2021/09/07 20:53:36.782801 /root/study/github_repository/qb/network/node.go:203: receive a commit message
P1-commit2021/09/07 20:53:36.783791 /root/study/github_repository/qb/network/node.go:203: receive a commit message
P1-commit2021/09/07 20:53:36.785030 /root/study/github_repository/qb/network/node.go:203: receive a commit message
P1-transcation2021/09/07 20:53:43.307696 /root/study/github_repository/qb/network/node.go:161: receive a transcation message
P1-transcation2021/09/07 20:53:49.250637 /root/study/github_repository/qb/network/node.go:161: receive a transcation message
P1-prepare2021/09/07 20:53:49.254127 /root/study/github_repository/qb/network/node.go:189: receive a prepare message
P1-prepare2021/09/07 20:53:49.254615 /root/study/github_repository/qb/network/node.go:189: receive a prepare message
P1-prepare2021/09/07 20:53:49.256201 /root/study/github_repository/qb/network/node.go:189: receive a prepare message
P1-[receive PrepareMsg]2021/09/07 20:53:49.256653 /root/study/github_repository/qb/network/node.go:512: Msgdelivery channel get a prepare message, and handle it
P1-commit2021/09/07 20:53:49.257598 /root/study/github_repository/qb/network/node.go:203: receive a commit message
P1-commit2021/09/07 20:53:49.257668 /root/study/github_repository/qb/network/node.go:203: receive a commit message
P1-commit2021/09/07 20:53:49.259035 /root/study/github_repository/qb/network/node.go:203: receive a commit message
P1-[receive CommitMsg]2021/09/07 20:53:49.260465 /root/study/github_repository/qb/network/node.go:523: Msgdelivery channel get a commit message, and handle it
P1-transcation2021/09/07 20:54:28.172612 /root/study/github_repository/qb/network/node.go:161: receive a transcation message
P1-transcation2021/09/07 20:54:31.856538 /root/study/github_repository/qb/network/node.go:161: receive a transcation message
P1-prepare2021/09/07 20:54:31.859797 /root/study/github_repository/qb/network/node.go:189: receive a prepare message
P1-prepare2021/09/07 20:54:31.860122 /root/study/github_repository/qb/network/node.go:189: receive a prepare message
P1-prepare2021/09/07 20:54:31.860963 /root/study/github_repository/qb/network/node.go:189: receive a prepare message
P1-[receive PrepareMsg]2021/09/07 20:54:31.861964 /root/study/github_repository/qb/network/node.go:512: Msgdelivery channel get a prepare message, and handle it
P1-commit2021/09/07 20:54:31.862851 /root/study/github_repository/qb/network/node.go:203: receive a commit message
P1-commit2021/09/07 20:54:31.863408 /root/study/github_repository/qb/network/node.go:203: receive a commit message
P1-commit2021/09/07 20:54:31.863956 /root/study/github_repository/qb/network/node.go:203: receive a commit message
P1-transcation2021/09/07 21:09:26.608416 /root/study/github_repository/qb/network/node.go:161: receive a transcation message
P1-transcation2021/09/07 21:09:39.443259 /root/study/github_repository/qb/network/node.go:161: receive a transcation message
P1-prepare2021/09/07 21:09:39.448827 /root/study/github_repository/qb/network/node.go:189: receive a prepare message
P1-prepare2021/09/07 21:09:39.449522 /root/study/github_repository/qb/network/node.go:189: receive a prepare message
P1-commit2021/09/07 21:09:39.452927 /root/study/github_repository/qb/network/node.go:203: receive a commit message
P1-prepare2021/09/07 21:09:39.453168 /root/study/github_repository/qb/network/node.go:189: receive a prepare message
P1-commit2021/09/07 21:09:39.453411 /root/study/github_repository/qb/network/node.go:203: receive a commit message
P1-commit2021/09/07 21:09:39.457099 /root/study/github_repository/qb/network/node.go:203: receive a commit message
P1-transcation2021/09/08 10:36:39.707516 /root/study/github_repository/qb/network/node.go:161: receive a transcation message
P1-transcation2021/09/08 10:36:44.477395 /root/study/github_repository/qb/network/node.go:161: receive a transcation message
P1-prepare2021/09/08 10:36:44.482102 /root/study/github_repository/qb/network/node.go:189: receive a prepare message
P1-prepare2021/09/08 10:36:44.483798 /root/study/github_repository/qb/network/node.go:189: receive a prepare message
P1-prepare2021/09/08 10:36:44.485899 /root/study/github_repository/qb/network/node.go:189: receive a prepare message
P1-commit2021/09/08 10:36:44.486171 /root/study/github_repository/qb/network/node.go:203: receive a commit message
P1-commit2021/09/08 10:36:44.487167 /root/study/github_repository/qb/network/node.go:203: receive a commit message
P1-commit2021/09/08 10:36:44.489077 /root/study/github_repository/qb/network/node.go:203: receive a commit message
P1-[receive CommitMsg]2021/09/08 10:36:44.490079 /root/study/github_repository/qb/network/node.go:523: Msgdelivery channel get a commit message, and handle it
P1-transcation2021/09/08 10:36:59.290918 /root/study/github_repository/qb/network/node.go:161: receive a transcation message
P1-transcation2021/09/08 10:37:02.633203 /root/study/github_repository/qb/network/node.go:161: receive a transcation message
P1-prepare2021/09/08 10:37:02.637404 /root/study/github_repository/qb/network/node.go:189: receive a prepare message
P1-prepare2021/09/08 10:37:02.637961 /root/study/github_repository/qb/network/node.go:189: receive a prepare message
P1-prepare2021/09/08 10:37:02.639602 /root/study/github_repository/qb/network/node.go:189: receive a prepare message
P1-commit2021/09/08 10:37:02.640343 /root/study/github_repository/qb/network/node.go:203: receive a commit message
P1-commit2021/09/08 10:37:02.640432 /root/study/github_repository/qb/network/node.go:203: receive a commit message
P1-commit2021/09/08 10:37:02.642215 /root/study/github_repository/qb/network/node.go:203: receive a commit message
P1-transcation2021/09/08 10:37:17.501034 /root/study/github_repository/qb/network/node.go:161: receive a transcation message
P1-transcation2021/09/08 10:37:21.955650 /root/study/github_repository/qb/network/node.go:161: receive a transcation message
P1-prepare2021/09/08 10:37:21.960570 /root/study/github_repository/qb/network/node.go:189: receive a prepare message
P1-prepare2021/09/08 10:37:21.960844 /root/study/github_repository/qb/network/node.go:189: receive a prepare message
P1-commit2021/09/08 10:37:21.962140 /root/study/github_repository/qb/network/node.go:203: receive a commit message
P1-commit2021/09/08 10:37:22.221026 /root/study/github_repository/qb/network/node.go:203: receive a commit message
P1-transcation2021/09/08 10:37:32.641119 /root/study/github_repository/qb/network/node.go:161: receive a transcation message
P1-transcation2021/09/08 10:37:40.303346 /root/study/github_repository/qb/network/node.go:161: receive a transcation message
P1-prepare2021/09/08 10:37:40.308102 /root/study/github_repository/qb/network/node.go:189: receive a prepare message
P1-prepare2021/09/08 10:37:40.308217 /root/study/github_repository/qb/network/node.go:189: receive a prepare message
P1-commit2021/09/08 10:37:40.310819 /root/study/github_repository/qb/network/node.go:203: receive a commit message
P1-commit2021/09/08 10:37:40.310875 /root/study/github_repository/qb/network/node.go:203: receive a commit message
P1-[receive PrepareMsg]2021/09/08 10:37:40.312402 /root/study/github_repository/qb/network/node.go:512: Msgdelivery channel get a prepare message, and handle it
P1-transcation2021/09/08 10:37:57.977031 /root/study/github_repository/qb/network/node.go:161: receive a transcation message
P1-transcation2021/09/08 10:38:01.693601 /root/study/github_repository/qb/network/node.go:161: receive a transcation message
P1-prepare2021/09/08 10:38:01.697364 /root/study/github_repository/qb/network/node.go:189: receive a prepare message
P1-prepare2021/09/08 10:38:01.697635 /root/study/github_repository/qb/network/node.go:189: receive a prepare message
P1-commit2021/09/08 10:38:01.698924 /root/study/github_repository/qb/network/node.go:203: receive a commit message
P1-commit2021/09/08 10:38:01.701424 /root/study/github_repository/qb/network/node.go:203: receive a commit message
