P3-pre-prepare2021/09/07 20:32:25.640111 /root/study/github_repository/qb/network/node.go:175: receive a preprepare message
P3-prepare2021/09/07 20:32:25.642332 /root/study/github_repository/qb/network/node.go:189: receive a prepare message
P3-prepare2021/09/07 20:32:25.643993 /root/study/github_repository/qb/network/node.go:189: receive a prepare message
P3-commit2021/09/07 20:32:25.646019 /root/study/github_repository/qb/network/node.go:203: receive a commit message
P3-commit2021/09/07 20:32:25.647589 /root/study/github_repository/qb/network/node.go:203: receive a commit message
P3-commit2021/09/07 20:32:25.647868 /root/study/github_repository/qb/network/node.go:203: receive a commit message
P3-pre-prepare2021/09/07 20:33:09.257141 /root/study/github_repository/qb/network/node.go:175: receive a preprepare message
P3-prepare2021/09/07 20:33:09.257511 /root/study/github_repository/qb/network/node.go:189: receive a prepare message
P3-prepare2021/09/07 20:33:09.257811 /root/study/github_repository/qb/network/node.go:189: receive a prepare message
P3-pre-prepare2021/09/07 20:44:29.531667 /root/study/github_repository/qb/network/node.go:175: receive a preprepare message
P3-prepare2021/09/07 20:44:29.533551 /root/study/github_repository/qb/network/node.go:189: receive a prepare message
P3-prepare2021/09/07 20:44:29.534197 /root/study/github_repository/qb/network/node.go:189: receive a prepare message
P3-commit2021/09/07 20:44:29.536039 /root/study/github_repository/qb/network/node.go:203: receive a commit message
P3-[receive PrepareMsg]2021/09/07 20:44:29.537308 /root/study/github_repository/qb/network/node.go:512: Msgdelivery channel get a prepare message, and handle it
P3-commit2021/09/07 20:44:29.537477 /root/study/github_repository/qb/network/node.go:203: receive a commit message
P3-commit2021/09/07 20:44:29.538772 /root/study/github_repository/qb/network/node.go:203: receive a commit message
P3-[receive CommitMsg]2021/09/07 20:44:29.539573 /root/study/github_repository/qb/network/node.go:523: Msgdelivery channel get a commit message, and handle it
P3-pre-prepare2021/09/07 20:44:49.985559 /root/study/github_repository/qb/network/node.go:175: receive a preprepare message
P3-prepare2021/09/07 20:44:49.988258 /root/study/github_repository/qb/network/node.go:189: receive a prepare message
P3-prepare2021/09/07 20:44:49.989085 /root/study/github_repository/qb/network/node.go:189: receive a prepare message
P3-commit2021/09/07 20:44:49.990194 /root/study/github_repository/qb/network/node.go:203: receive a commit message
P3-commit2021/09/07 20:44:49.990594 /root/study/github_repository/qb/network/node.go:203: receive a commit message
P3-commit2021/09/07 20:44:49.991977 /root/study/github_repository/qb/network/node.go:523: Msgdelivery channel get a commit message, and handle it
P3-commit2021/09/07 20:44:49.991979 /root/study/github_repository/qb/network/node.go:203: receive a commit message
P3-pre-prepare2021/09/07 20:45:05.179370 /root/study/github_repository/qb/network/node.go:175: receive a preprepare message
P3-prepare2021/09/07 20:45:05.180821 /root/study/github_repository/qb/network/node.go:189: receive a prepare message
P3-prepare2021/09/07 20:45:05.182097 /root/study/github_repository/qb/network/node.go:189: receive a prepare message
P3-commit2021/09/07 20:45:05.183845 /root/study/github_repository/qb/network/node.go:203: receive a commit message
P3-commit2021/09/07 20:45:05.184728 /root/study/github_repository/qb/network/node.go:203: receive a commit message
P3-[receive CommitMsg]2021/09/07 20:45:05.185188 /root/study/github_repository/qb/network/node.go:523: Msgdelivery channel get a commit message, and handle it
P3-commit2021/09/07 20:45:05.185812 /root/study/github_repository/qb/network/node.go:203: receive a commit message
P3-pre-prepare2021/09/07 20:47:15.649312 /root/study/github_repository/qb/network/node.go:175: receive a preprepare message
P3-prepare2021/09/07 20:47:15.650643 /root/study/github_repository/qb/network/node.go:189: receive a prepare message
P3-prepare2021/09/07 20:47:15.654025 /root/study/github_repository/qb/network/node.go:189: receive a prepare message
P3-commit2021/09/07 20:47:15.655895 /root/study/github_repository/qb/network/node.go:203: receive a commit message
P3-commit2021/09/07 20:47:15.656664 /root/study/github_repository/qb/network/node.go:203: receive a commit message
P3-[receive CommitMsg]2021/09/07 20:47:15.657272 /root/study/github_repository/qb/network/node.go:523: Msgdelivery channel get a commit message, and handle it
P3-commit2021/09/07 20:47:16.195929 /root/study/github_repository/qb/network/node.go:203: receive a commit message
P3-pre-prepare2021/09/07 20:47:26.503837 /root/study/github_repository/qb/network/node.go:175: receive a preprepare message
P3-prepare2021/09/07 20:47:26.505532 /root/study/github_repository/qb/network/node.go:189: receive a prepare message
P3-prepare2021/09/07 20:47:26.506532 /root/study/github_repository/qb/network/node.go:189: receive a prepare message
P3-commit2021/09/07 20:47:26.508533 /root/study/github_repository/qb/network/node.go:203: receive a commit message
P3-commit2021/09/07 20:47:26.510205 /root/study/github_repository/qb/network/node.go:203: receive a commit message
P3-commit2021/09/07 20:47:26.510290 /root/study/github_repository/qb/network/node.go:203: receive a commit message
P3-pre-prepare2021/09/07 20:47:38.883537 /root/study/github_repository/qb/network/node.go:175: receive a preprepare message
P3-prepare2021/09/07 20:47:38.885673 /root/study/github_repository/qb/network/node.go:189: receive a prepare message
P3-prepare2021/09/07 20:47:38.887392 /root/study/github_repository/qb/network/node.go:189: receive a prepare message
P3-[receive PrepareMsg]2021/09/07 20:47:38.887462 /root/study/github_repository/qb/network/node.go:512: Msgdelivery channel get a prepare message, and handle it
P3-commit2021/09/07 20:47:38.889560 /root/study/github_repository/qb/network/node.go:203: receive a commit message
P3-commit2021/09/07 20:47:38.889844 /root/study/github_repository/qb/network/node.go:203: receive a commit message
P3-commit2021/09/07 20:47:39.214020 /root/study/github_repository/qb/network/node.go:203: receive a commit message
P3-pre-prepare2021/09/07 20:50:00.286181 /root/study/github_repository/qb/network/node.go:175: receive a preprepare message
P3-prepare2021/09/07 20:50:00.288582 /root/study/github_repository/qb/network/node.go:189: receive a prepare message
P3-commit2021/09/07 20:50:00.294499 /root/study/github_repository/qb/network/node.go:203: receive a commit message
P3-commit2021/09/07 20:50:00.294892 /root/study/github_repository/qb/network/node.go:203: receive a commit message
P3-prepare2021/09/07 20:50:00.297009 /root/study/github_repository/qb/network/node.go:189: receive a prepare message
P3-commit2021/09/07 20:50:00.298095 /root/study/github_repository/qb/network/node.go:203: receive a commit message
P3-pre-prepare2021/09/07 20:50:23.895099 /root/study/github_repository/qb/network/node.go:175: receive a preprepare message
P3-prepare2021/09/07 20:50:23.898167 /root/study/github_repository/qb/network/node.go:189: receive a prepare message
P3-prepare2021/09/07 20:50:23.898341 /root/study/github_repository/qb/network/node.go:189: receive a prepare message
P3-commit2021/09/07 20:50:23.900771 /root/study/github_repository/qb/network/node.go:203: receive a commit message
P3-commit2021/09/07 20:50:23.902312 /root/study/github_repository/qb/network/node.go:203: receive a commit message
P3-commit2021/09/07 20:50:24.897240 /root/study/github_repository/qb/network/node.go:203: receive a commit message
P3-pre-prepare2021/09/07 20:51:07.578615 /root/study/github_repository/qb/network/node.go:175: receive a preprepare message
P3-prepare2021/09/07 20:51:07.581104 /root/study/github_repository/qb/network/node.go:189: receive a prepare message
P3-prepare2021/09/07 20:51:07.581217 /root/study/github_repository/qb/network/node.go:189: receive a prepare message
P3-commit2021/09/07 20:51:07.582833 /root/study/github_repository/qb/network/node.go:203: receive a commit message
P3-commit2021/09/07 20:51:07.584536 /root/study/github_repository/qb/network/node.go:203: receive a commit message
P3-commit2021/09/07 20:51:07.587574 /root/study/github_repository/qb/network/node.go:203: receive a commit message
P3-pre-prepare2021/09/07 20:51:51.015994 /root/study/github_repository/qb/network/node.go:175: receive a preprepare message
P3-prepare2021/09/07 20:51:51.017241 /root/study/github_repository/qb/network/node.go:189: receive a prepare message
P3-prepare2021/09/07 20:51:51.019639 /root/study/github_repository/qb/network/node.go:189: receive a prepare message
P3-commit2021/09/07 20:51:51.021326 /root/study/github_repository/qb/network/node.go:203: receive a commit message
P3-commit2021/09/07 20:51:51.022755 /root/study/github_repository/qb/network/node.go:203: receive a commit message
P3-[receive CommitMsg]2021/09/07 20:51:51.023169 /root/study/github_repository/qb/network/node.go:523: Msgdelivery channel get a commit message, and handle it
P3-commit2021/09/07 20:51:51.023415 /root/study/github_repository/qb/network/node.go:203: receive a commit message
P3-pre-prepare2021/09/07 20:52:13.324152 /root/study/github_repository/qb/network/node.go:175: receive a preprepare message
P3-[receive PrePrepareMsg]2021/09/07 20:52:13.325569 /root/study/github_repository/qb/network/node.go:189: receive a prepare message
P3-[receive PrePrepareMsg]2021/09/07 20:52:13.325570 /root/study/github_repository/qb/network/node.go:501: Msgdelivery channel get a preprepare, and handle it
P3-prepare2021/09/07 20:52:13.327193 /root/study/github_repository/qb/network/node.go:189: receive a prepare message
P3-commit2021/09/07 20:52:13.328176 /root/study/github_repository/qb/network/node.go:203: receive a commit message
P3-[receive PrepareMsg]2021/09/07 20:52:13.328358 /root/study/github_repository/qb/network/node.go:512: Msgdelivery channel get a prepare message, and handle it
P3-commit2021/09/07 20:52:13.329140 /root/study/github_repository/qb/network/node.go:203: receive a commit message
P3-commit2021/09/07 20:52:13.329869 /root/study/github_repository/qb/network/node.go:203: receive a commit message
P3-pre-prepare2021/09/07 20:53:36.778110 /root/study/github_repository/qb/network/node.go:175: receive a preprepare message
P3-prepare2021/09/07 20:53:36.780142 /root/study/github_repository/qb/network/node.go:189: receive a prepare message
P3-commit2021/09/07 20:53:36.782382 /root/study/github_repository/qb/network/node.go:203: receive a commit message
P3-prepare2021/09/07 20:53:36.783334 /root/study/github_repository/qb/network/node.go:189: receive a prepare message
P3-commit2021/09/07 20:53:36.783931 /root/study/github_repository/qb/network/node.go:203: receive a commit message
P3-commit2021/09/07 20:53:36.785932 /root/study/github_repository/qb/network/node.go:203: receive a commit message
P3-pre-prepare2021/09/07 20:53:49.252733 /root/study/github_repository/qb/network/node.go:175: receive a preprepare message
P3-prepare2021/09/07 20:53:49.254439 /root/study/github_repository/qb/network/node.go:189: receive a prepare message
P3-prepare2021/09/07 20:53:49.256800 /root/study/github_repository/qb/network/node.go:189: receive a prepare message
P3-commit2021/09/07 20:53:49.257885 /root/study/github_repository/qb/network/node.go:203: receive a commit message
P3-commit2021/09/07 20:53:49.258019 /root/study/github_repository/qb/network/node.go:203: receive a commit message
P3-commit2021/09/07 20:53:49.259882 /root/study/github_repository/qb/network/node.go:203: receive a commit message
P3-pre-prepare2021/09/07 20:54:31.858537 /root/study/github_repository/qb/network/node.go:175: receive a preprepare message
P3-prepare2021/09/07 20:54:31.860100 /root/study/github_repository/qb/network/node.go:189: receive a prepare message
P3-prepare2021/09/07 20:54:31.861712 /root/study/github_repository/qb/network/node.go:189: receive a prepare message
P3-commit2021/09/07 20:54:31.863108 /root/study/github_repository/qb/network/node.go:203: receive a commit message
P3-commit2021/09/07 20:54:31.863202 /root/study/github_repository/qb/network/node.go:203: receive a commit message
P3-commit2021/09/07 20:54:31.864868 /root/study/github_repository/qb/network/node.go:203: receive a commit message
