P2-[get prepareMsg]2021/09/07 20:32:25.640852 /root/study/github_repository/qb/network/node.go:588: put prepare message into broadcast channel
P2-[receive PrePrepareMsg]2021/09/07 20:32:25.640882 /root/study/github_repository/qb/network/node.go:501: Msgdelivery channel get a preprepare, and handle it
P2-[receive PrepareMsg]2021/09/07 20:32:25.644829 /root/study/github_repository/qb/network/node.go:512: Msgdelivery channel get a prepare message, and handle it
P2-[pbft.PrepareMsg]2021/09/07 20:32:25.645009 /root/study/github_repository/qb/network/node.go:375: [put prepare message into MsgDelivery channel]
P2-[pbft.CommitMsg]2021/09/07 20:32:25.646542 /root/study/github_repository/qb/network/node.go:390: [put commit message into MsgDelivery channel]
P2-[pbft.CommitMsg]2021/09/07 20:32:25.647292 /root/study/github_repository/qb/network/node.go:390: [put commit message into MsgDelivery channel]
P2-[pbft.CommitMsg]2021/09/07 20:32:25.648274 /root/study/github_repository/qb/network/node.go:390: [put commit message into MsgDelivery channel]
P2-[receive CommitMsg]2021/09/07 20:32:25.649154 /root/study/github_repository/qb/network/node.go:523: Msgdelivery channel get a commit message, and handle it
P2-[get prepareMsg]2021/09/07 20:33:09.257344 /root/study/github_repository/qb/network/node.go:588: put prepare message into broadcast channel
P2-[receive PrePrepareMsg]2021/09/07 20:33:09.257373 /root/study/github_repository/qb/network/node.go:501: Msgdelivery channel get a preprepare, and handle it
P2-[receive PrepareMsg]2021/09/07 20:33:09.257589 /root/study/github_repository/qb/network/node.go:512: Msgdelivery channel get a prepare message, and handle it
P2-[receive PrepareMsg]2021/09/07 20:33:09.258621 /root/study/github_repository/qb/network/node.go:512: Msgdelivery channel get a prepare message, and handle it
P2-[get prepareMsg]2021/09/07 20:44:29.532365 /root/study/github_repository/qb/network/node.go:588: put prepare message into broadcast channel
P2-[receive PrePrepareMsg]2021/09/07 20:44:29.532404 /root/study/github_repository/qb/network/node.go:501: Msgdelivery channel get a preprepare, and handle it
P2-[pbft.PrepareMsg]2021/09/07 20:44:29.535104 /root/study/github_repository/qb/network/node.go:375: [put prepare message into MsgDelivery channel]
P2-[receive PrepareMsg]2021/09/07 20:44:29.535408 /root/study/github_repository/qb/network/node.go:512: Msgdelivery channel get a prepare message, and handle it
P2-[receive CommitMsg]2021/09/07 20:44:29.536726 /root/study/github_repository/qb/network/node.go:523: Msgdelivery channel get a commit message, and handle it
P2-[pbft.CommitMsg]2021/09/07 20:44:29.537392 /root/study/github_repository/qb/network/node.go:390: [put commit message into MsgDelivery channel]
P2-[pbft.CommitMsg]2021/09/07 20:44:29.538344 /root/study/github_repository/qb/network/node.go:390: [put commit message into MsgDelivery channel]
P2-[receive CommitMsg]2021/09/07 20:44:29.538686 /root/study/github_repository/qb/network/node.go:523: Msgdelivery channel get a commit message, and handle it
P2-[get prepareMsg]2021/09/07 20:44:49.988090 /root/study/github_repository/qb/network/node.go:588: put prepare message into broadcast channel
P2-[receive PrePrepareMsg]2021/09/07 20:44:49.988107 /root/study/github_repository/qb/network/node.go:501: Msgdelivery channel get a preprepare, and handle it
P2-[pbft.PrepareMsg]2021/09/07 20:44:49.988592 /root/study/github_repository/qb/network/node.go:375: [put prepare message into MsgDelivery channel]
P2-[pbft.CommitMsg]2021/09/07 20:44:49.992150 /root/study/github_repository/qb/network/node.go:390: [put commit message into MsgDelivery channel]
P2-[get prepareMsg]2021/09/07 20:45:05.180233 /root/study/github_repository/qb/network/node.go:588: put prepare message into broadcast channel
P2-[receive PrePrepareMsg]2021/09/07 20:45:05.180263 /root/study/github_repository/qb/network/node.go:501: Msgdelivery channel get a preprepare, and handle it
P2-[pbft.PrepareMsg]2021/09/07 20:45:05.181233 /root/study/github_repository/qb/network/node.go:375: [put prepare message into MsgDelivery channel]
P2-[pbft.PrepareMsg]2021/09/07 20:45:05.182731 /root/study/github_repository/qb/network/node.go:375: [put prepare message into MsgDelivery channel]
P2-[receive PrepareMsg]2021/09/07 20:45:05.183287 /root/study/github_repository/qb/network/node.go:512: Msgdelivery channel get a prepare message, and handle it
P2-[receive CommitMsg]2021/09/07 20:45:05.187204 /root/study/github_repository/qb/network/node.go:523: Msgdelivery channel get a commit message, and handle it
P2-[pbft.CommitMsg]2021/09/07 20:45:05.187659 /root/study/github_repository/qb/network/node.go:390: [put commit message into MsgDelivery channel]
P2-[receive CommitMsg]2021/09/07 20:45:05.188383 /root/study/github_repository/qb/network/node.go:523: Msgdelivery channel get a commit message, and handle it
P2-[get prepareMsg]2021/09/07 20:47:15.650103 /root/study/github_repository/qb/network/node.go:589: put prepare message into broadcast channel
P2-[receive PrePrepareMsg]2021/09/07 20:47:15.650139 /root/study/github_repository/qb/network/node.go:501: Msgdelivery channel get a preprepare, and handle it
P2-[receive PrepareMsg]2021/09/07 20:47:15.654880 /root/study/github_repository/qb/network/node.go:512: Msgdelivery channel get a prepare message, and handle it
P2-[pbft.PrepareMsg]2021/09/07 20:47:15.654895 /root/study/github_repository/qb/network/node.go:375: [put prepare message into MsgDelivery channel]
P2-[pbft.CommitMsg]2021/09/07 20:47:15.656777 /root/study/github_repository/qb/network/node.go:390: [put commit message into MsgDelivery channel]
P2-[receive CommitMsg]2021/09/07 20:47:15.657532 /root/study/github_repository/qb/network/node.go:523: Msgdelivery channel get a commit message, and handle it
P2-[get prepareMsg]2021/09/07 20:47:26.504993 /root/study/github_repository/qb/network/node.go:589: put prepare message into broadcast channel
P2-[receive PrePrepareMsg]2021/09/07 20:47:26.505052 /root/study/github_repository/qb/network/node.go:501: Msgdelivery channel get a preprepare, and handle it
P2-[pbft.PrepareMsg]2021/09/07 20:47:26.508264 /root/study/github_repository/qb/network/node.go:375: [put prepare message into MsgDelivery channel]
P2-[pbft.CommitMsg]2021/09/07 20:47:26.509120 /root/study/github_repository/qb/network/node.go:390: [put commit message into MsgDelivery channel]
P2-[pbft.CommitMsg]2021/09/07 20:47:26.509921 /root/study/github_repository/qb/network/node.go:390: [put commit message into MsgDelivery channel]
P2-[pbft.CommitMsg]2021/09/07 20:47:26.511466 /root/study/github_repository/qb/network/node.go:390: [put commit message into MsgDelivery channel]
P2-[receive CommitMsg]2021/09/07 20:47:26.511719 /root/study/github_repository/qb/network/node.go:523: Msgdelivery channel get a commit message, and handle it
P2-[get prepareMsg]2021/09/07 20:47:38.884695 /root/study/github_repository/qb/network/node.go:589: put prepare message into broadcast channel
P2-[receive PrePrepareMsg]2021/09/07 20:47:38.884737 /root/study/github_repository/qb/network/node.go:501: Msgdelivery channel get a preprepare, and handle it
P2-[pbft.CommitMsg]2021/09/07 20:47:38.890686 /root/study/github_repository/qb/network/node.go:390: [put commit message into MsgDelivery channel]
P2-[receive CommitMsg]2021/09/07 20:47:38.891511 /root/study/github_repository/qb/network/node.go:523: Msgdelivery channel get a commit message, and handle it
P2-[get prepareMsg]2021/09/07 20:50:00.286879 /root/study/github_repository/qb/network/node.go:589: put prepare message into broadcast channel
P2-[receive PrePrepareMsg]2021/09/07 20:50:00.286924 /root/study/github_repository/qb/network/node.go:501: Msgdelivery channel get a preprepare, and handle it
P2-[receive CommitMsg]2021/09/07 20:50:00.295413 /root/study/github_repository/qb/network/node.go:523: Msgdelivery channel get a commit message, and handle it
P2-[pbft.CommitMsg]2021/09/07 20:50:00.296272 /root/study/github_repository/qb/network/node.go:390: [put commit message into MsgDelivery channel]
P2-[get prepareMsg]2021/09/07 20:50:23.898058 /root/study/github_repository/qb/network/node.go:589: put prepare message into broadcast channel
P2-[receive PrePrepareMsg]2021/09/07 20:50:23.898073 /root/study/github_repository/qb/network/node.go:501: Msgdelivery channel get a preprepare, and handle it
P2-[receive PrepareMsg]2021/09/07 20:50:24.896333 /root/study/github_repository/qb/network/node.go:512: Msgdelivery channel get a prepare message, and handle it
P2-[receive CommitMsg]2021/09/07 20:50:25.897451 /root/study/github_repository/qb/network/node.go:523: Msgdelivery channel get a commit message, and handle it
P2-[get prepareMsg]2021/09/07 20:51:07.580863 /root/study/github_repository/qb/network/node.go:589: put prepare message into broadcast channel
P2-[receive PrePrepareMsg]2021/09/07 20:51:07.580897 /root/study/github_repository/qb/network/node.go:501: Msgdelivery channel get a preprepare, and handle it
P2-[pbft.CommitMsg]2021/09/07 20:51:07.583686 /root/study/github_repository/qb/network/node.go:390: [put commit message into MsgDelivery channel]
P2-[pbft.CommitMsg]2021/09/07 20:51:07.584527 /root/study/github_repository/qb/network/node.go:390: [put commit message into MsgDelivery channel]
P2-[pbft.CommitMsg]2021/09/07 20:51:07.588281 /root/study/github_repository/qb/network/node.go:390: [put commit message into MsgDelivery channel]
P2-[get prepareMsg]2021/09/07 20:51:51.016643 /root/study/github_repository/qb/network/node.go:589: put prepare message into broadcast channel
P2-[receive PrePrepareMsg]2021/09/07 20:51:51.016674 /root/study/github_repository/qb/network/node.go:501: Msgdelivery channel get a preprepare, and handle it
P2-[pbft.PrepareMsg]2021/09/07 20:51:51.021257 /root/study/github_repository/qb/network/node.go:375: [put prepare message into MsgDelivery channel]
P2-[pbft.CommitMsg]2021/09/07 20:51:51.022020 /root/study/github_repository/qb/network/node.go:390: [put commit message into MsgDelivery channel]
P2-[pbft.CommitMsg]2021/09/07 20:51:51.023015 /root/study/github_repository/qb/network/node.go:390: [put commit message into MsgDelivery channel]
P2-[pbft.CommitMsg]2021/09/07 20:51:51.024209 /root/study/github_repository/qb/network/node.go:390: [put commit message into MsgDelivery channel]
P2-[receive CommitMsg]2021/09/07 20:51:51.025015 /root/study/github_repository/qb/network/node.go:523: Msgdelivery channel get a commit message, and handle it
P2-[get prepareMsg]2021/09/07 20:52:13.325075 /root/study/github_repository/qb/network/node.go:589: put prepare message into broadcast channel
P2-[receive PrePrepareMsg]2021/09/07 20:52:13.325102 /root/study/github_repository/qb/network/node.go:501: Msgdelivery channel get a preprepare, and handle it
P2-[pbft.PrepareMsg]2021/09/07 20:52:13.328290 /root/study/github_repository/qb/network/node.go:375: [put prepare message into MsgDelivery channel]
P2-[pbft.CommitMsg]2021/09/07 20:52:13.329227 /root/study/github_repository/qb/network/node.go:390: [put commit message into MsgDelivery channel]
P2-[get prepareMsg]2021/09/07 20:53:36.778969 /root/study/github_repository/qb/network/node.go:589: put prepare message into broadcast channel
P2-[receive PrePrepareMsg]2021/09/07 20:53:36.779011 /root/study/github_repository/qb/network/node.go:501: Msgdelivery channel get a preprepare, and handle it
P2-[pbft.PrepareMsg]2021/09/07 20:53:36.783721 /root/study/github_repository/qb/network/node.go:375: [put prepare message into MsgDelivery channel]
P2-[pbft.CommitMsg]2021/09/07 20:53:36.784652 /root/study/github_repository/qb/network/node.go:390: [put commit message into MsgDelivery channel]
P2-[pbft.CommitMsg]2021/09/07 20:53:36.785539 /root/study/github_repository/qb/network/node.go:390: [put commit message into MsgDelivery channel]
P2-[receive CommitMsg]2021/09/07 20:53:36.787302 /root/study/github_repository/qb/network/node.go:523: Msgdelivery channel get a commit message, and handle it
P2-[pbft.CommitMsg]2021/09/07 20:53:36.787321 /root/study/github_repository/qb/network/node.go:390: [put commit message into MsgDelivery channel]
P2-[get prepareMsg]2021/09/07 20:53:49.253711 /root/study/github_repository/qb/network/node.go:589: put prepare message into broadcast channel
P2-[receive PrePrepareMsg]2021/09/07 20:53:49.253751 /root/study/github_repository/qb/network/node.go:501: Msgdelivery channel get a preprepare, and handle it
P2-[pbft.CommitMsg]2021/09/07 20:53:49.259616 /root/study/github_repository/qb/network/node.go:390: [put commit message into MsgDelivery channel]
P2-[get prepareMsg]2021/09/07 20:54:31.859526 /root/study/github_repository/qb/network/node.go:589: put prepare message into broadcast channel
P2-[receive PrePrepareMsg]2021/09/07 20:54:31.859564 /root/study/github_repository/qb/network/node.go:501: Msgdelivery channel get a preprepare, and handle it
P2-[pbft.PrepareMsg]2021/09/07 20:54:31.862853 /root/study/github_repository/qb/network/node.go:375: [put prepare message into MsgDelivery channel]
P2-[pbft.CommitMsg]2021/09/07 20:54:31.863687 /root/study/github_repository/qb/network/node.go:390: [put commit message into MsgDelivery channel]
P2-[receive CommitMsg]2021/09/07 20:54:31.864246 /root/study/github_repository/qb/network/node.go:523: Msgdelivery channel get a commit message, and handle it
P2-[pbft.CommitMsg]2021/09/07 20:54:31.866420 /root/study/github_repository/qb/network/node.go:390: [put commit message into MsgDelivery channel]
P2-[receive CommitMsg]2021/09/07 20:54:31.866780 /root/study/github_repository/qb/network/node.go:523: Msgdelivery channel get a commit message, and handle it
P2-[get prepareMsg]2021/09/07 21:09:39.449935 /root/study/github_repository/qb/network/node.go:589: put prepare message into broadcast channel
P2-[receive PrePrepareMsg]2021/09/07 21:09:39.449994 /root/study/github_repository/qb/network/node.go:501: Msgdelivery channel get a preprepare, and handle it
P2-[pbft.PrepareMsg]2021/09/07 21:09:39.453439 /root/study/github_repository/qb/network/node.go:375: [put prepare message into MsgDelivery channel]
P2-[pbft.CommitMsg]2021/09/07 21:09:39.454414 /root/study/github_repository/qb/network/node.go:390: [put commit message into MsgDelivery channel]
P2-[pbft.CommitMsg]2021/09/07 21:09:39.456915 /root/study/github_repository/qb/network/node.go:390: [put commit message into MsgDelivery channel]
P2-[receive CommitMsg]2021/09/07 21:09:39.457277 /root/study/github_repository/qb/network/node.go:523: Msgdelivery channel get a commit message, and handle it
P2-[get prepareMsg]2021/09/08 10:36:44.481337 /root/study/github_repository/qb/network/node.go:588: put prepare message into broadcast channel
P2-[receive PrePrepareMsg]2021/09/08 10:36:44.481401 /root/study/github_repository/qb/network/node.go:501: Msgdelivery channel get a preprepare, and handle it
P2-[pbft.PrepareMsg]2021/09/08 10:36:44.485102 /root/study/github_repository/qb/network/node.go:375: [put prepare message into MsgDelivery channel]
P2-[receive CommitMsg]2021/09/08 10:36:44.486842 /root/study/github_repository/qb/network/node.go:523: Msgdelivery channel get a commit message, and handle it
P2-[get prepareMsg]2021/09/08 10:37:02.636348 /root/study/github_repository/qb/network/node.go:588: put prepare message into broadcast channel
P2-[receive PrePrepareMsg]2021/09/08 10:37:02.636390 /root/study/github_repository/qb/network/node.go:501: Msgdelivery channel get a preprepare, and handle it
P2-[receive PrepareMsg]2021/09/08 10:37:02.639530 /root/study/github_repository/qb/network/node.go:512: Msgdelivery channel get a prepare message, and handle it
P2-[receive CommitMsg]2021/09/08 10:37:02.641233 /root/study/github_repository/qb/network/node.go:523: Msgdelivery channel get a commit message, and handle it
P2-[get prepareMsg]2021/09/08 10:37:21.959704 /root/study/github_repository/qb/network/node.go:588: put prepare message into broadcast channel
P2-[receive PrePrepareMsg]2021/09/08 10:37:21.959735 /root/study/github_repository/qb/network/node.go:501: Msgdelivery channel get a preprepare, and handle it
P2-[receive CommitMsg]2021/09/08 10:37:21.964331 /root/study/github_repository/qb/network/node.go:523: Msgdelivery channel get a commit message, and handle it
P2-[receive CommitMsg]2021/09/08 10:37:22.222536 /root/study/github_repository/qb/network/node.go:523: Msgdelivery channel get a commit message, and handle it
P2-[get prepareMsg]2021/09/08 10:37:40.306588 /root/study/github_repository/qb/network/node.go:588: put prepare message into broadcast channel
P2-[receive PrePrepareMsg]2021/09/08 10:37:40.306622 /root/study/github_repository/qb/network/node.go:501: Msgdelivery channel get a preprepare, and handle it
P2-[receive CommitMsg]2021/09/08 10:37:40.313639 /root/study/github_repository/qb/network/node.go:523: Msgdelivery channel get a commit message, and handle it
P2-[get prepareMsg]2021/09/08 10:38:01.696599 /root/study/github_repository/qb/network/node.go:588: put prepare message into broadcast channel
P2-[receive PrePrepareMsg]2021/09/08 10:38:01.696627 /root/study/github_repository/qb/network/node.go:501: Msgdelivery channel get a preprepare, and handle it
P2-[pbft.CommitMsg]2021/09/08 10:38:01.703201 /root/study/github_repository/qb/network/node.go:390: [put commit message into MsgDelivery channel]
P2-[receive CommitMsg]2021/09/08 10:38:01.703787 /root/study/github_repository/qb/network/node.go:523: Msgdelivery channel get a commit message, and handle it
