P2-[broadcast prepare]2021/09/28 21:13:18.296404 /root/study/github_repository/qb/qbnode/pbft_routine_broadcastMsg.go:34: broadcast prepare message
P2-[broadcast prepare]2021/09/28 21:13:18.296530 /root/study/github_repository/qb/qbtx/qbtx.go:103: verify of tx success
P2-[broadcast commit]2021/09/28 21:13:18.302533 /root/study/github_repository/qb/qbnode/pbft_routine_broadcastMsg.go:42: broadcast commit message
P2-[broadcast reply]2021/09/28 21:13:18.304023 /root/study/github_repository/qb/qbnode/pbft_routine_broadcastMsg.go:53: broadcast reply message
P2-[broadcast prepare]2021/09/28 21:13:20.293754 /root/study/github_repository/qb/qbnode/pbft_routine_broadcastMsg.go:34: broadcast prepare message
P2-[broadcast commit]2021/09/28 21:13:20.311024 /root/study/github_repository/qb/qbnode/pbft_routine_broadcastMsg.go:42: broadcast commit message
P2-[broadcast reply]2021/09/28 21:13:20.311694 /root/study/github_repository/qb/qbnode/pbft_routine_broadcastMsg.go:53: broadcast reply message
P2-[broadcast prepare]2021/09/28 21:14:10.340101 /root/study/github_repository/qb/qbnode/pbft_routine_broadcastMsg.go:34: broadcast prepare message
P2-[broadcast prepare]2021/09/28 21:14:10.340326 /root/study/github_repository/qb/qbtx/qbtx.go:103: verify of tx success
P2-[broadcast prepare]2021/09/28 21:14:10.340622 /root/study/github_repository/qb/qbtx/qbtx.go:103: verify of tx success
P2-[broadcast commit]2021/09/28 21:14:10.345992 /root/study/github_repository/qb/qbnode/pbft_routine_broadcastMsg.go:42: broadcast commit message
P2-[broadcast reply]2021/09/28 21:14:10.352447 /root/study/github_repository/qb/qbnode/pbft_routine_broadcastMsg.go:53: broadcast reply message
P2-[broadcast prepare]2021/09/28 21:14:18.322245 /root/study/github_repository/qb/qbnode/pbft_routine_broadcastMsg.go:34: broadcast prepare message
P2-[broadcast commit]2021/09/28 21:14:18.326319 /root/study/github_repository/qb/qbnode/pbft_routine_broadcastMsg.go:42: broadcast commit message
P2-[broadcast commit]2021/09/28 21:14:18.326395 /root/study/github_repository/qb/qbtx/qbtx.go:103: verify of tx success
P2-[broadcast reply]2021/09/28 21:14:18.329624 /root/study/github_repository/qb/qbnode/pbft_routine_broadcastMsg.go:53: broadcast reply message
P2-[broadcast prepare]2021/09/28 21:14:36.327983 /root/study/github_repository/qb/qbnode/pbft_routine_broadcastMsg.go:34: broadcast prepare message
P2-[broadcast prepare]2021/09/28 21:14:36.328090 /root/study/github_repository/qb/qbtx/qbtx.go:103: verify of tx success
P2-[broadcast prepare]2021/09/28 21:14:36.328374 /root/study/github_repository/qb/qbtx/qbtx.go:103: verify of tx success
P2-[broadcast commit]2021/09/28 21:14:36.331533 /root/study/github_repository/qb/qbnode/pbft_routine_broadcastMsg.go:42: broadcast commit message
P2-[broadcast reply]2021/09/28 21:14:36.337169 /root/study/github_repository/qb/qbnode/pbft_routine_broadcastMsg.go:53: broadcast reply message
P2-[broadcast prepare]2021/09/28 21:18:18.415312 /root/study/github_repository/qb/qbnode/pbft_routine_broadcastMsg.go:34: broadcast prepare message
P2-[broadcast commit]2021/09/28 21:18:18.419179 /root/study/github_repository/qb/qbnode/pbft_routine_broadcastMsg.go:42: broadcast commit message
P2-[broadcast commit]2021/09/28 21:18:18.419338 /root/study/github_repository/qb/qbtx/qbtx.go:103: verify of tx success
P2-[broadcast commit]2021/09/28 21:18:18.419568 /root/study/github_repository/qb/qbtx/qbtx.go:103: verify of tx success
P2-[broadcast reply]2021/09/28 21:18:18.423264 /root/study/github_repository/qb/qbnode/pbft_routine_broadcastMsg.go:53: broadcast reply message
P2-[broadcast prepare]2021/09/28 21:18:26.415042 /root/study/github_repository/qb/qbnode/pbft_routine_broadcastMsg.go:34: broadcast prepare message
P2-[broadcast prepare]2021/09/28 21:18:26.415302 /root/study/github_repository/qb/qbtx/qbtx.go:103: verify of tx success
P2-[broadcast commit]2021/09/28 21:18:26.419271 /root/study/github_repository/qb/qbnode/pbft_routine_broadcastMsg.go:42: broadcast commit message
P2-[broadcast reply]2021/09/28 21:18:26.419807 /root/study/github_repository/qb/qbnode/pbft_routine_broadcastMsg.go:53: broadcast reply message
P2-[broadcast reply]2021/09/28 21:18:26.419977 /root/study/github_repository/qb/qbtx/qbtx.go:103: verify of tx success
P2-[broadcast prepare]2021/09/28 21:18:42.421076 /root/study/github_repository/qb/qbnode/pbft_routine_broadcastMsg.go:34: broadcast prepare message
P2-[broadcast prepare]2021/09/28 21:18:42.421102 /root/study/github_repository/qb/qbtx/qbtx.go:103: verify of tx success
P2-[broadcast prepare]2021/09/28 21:18:42.421353 /root/study/github_repository/qb/qbtx/qbtx.go:103: verify of tx success
P2-[broadcast commit]2021/09/28 21:18:42.424965 /root/study/github_repository/qb/qbnode/pbft_routine_broadcastMsg.go:42: broadcast commit message
P2-[broadcast commit]2021/09/28 21:18:42.425138 /root/study/github_repository/qb/qbtx/qbtx.go:103: verify of tx success
P2-[broadcast reply]2021/09/28 21:18:42.427698 /root/study/github_repository/qb/qbnode/pbft_routine_broadcastMsg.go:53: broadcast reply message
P2-[broadcast prepare]2021/09/28 21:18:44.421787 /root/study/github_repository/qb/qbnode/pbft_routine_broadcastMsg.go:34: broadcast prepare message
P2-[broadcast commit]2021/09/28 21:18:44.425246 /root/study/github_repository/qb/qbnode/pbft_routine_broadcastMsg.go:42: broadcast commit message
P2-[broadcast reply]2021/09/28 21:18:44.426442 /root/study/github_repository/qb/qbnode/pbft_routine_broadcastMsg.go:53: broadcast reply message
P2-[broadcast prepare]2021/09/28 21:19:20.445203 /root/study/github_repository/qb/qbnode/pbft_routine_broadcastMsg.go:34: broadcast prepare message
P2-[broadcast commit]2021/09/28 21:19:20.456961 /root/study/github_repository/qb/qbnode/pbft_routine_broadcastMsg.go:42: broadcast commit message
P2-[broadcast reply]2021/09/28 21:19:20.659876 /root/study/github_repository/qb/qbnode/pbft_routine_broadcastMsg.go:53: broadcast reply message
P2-[broadcast prepare]2021/09/28 21:19:51.359746 /root/study/github_repository/qb/qbnode/pbft_routine_broadcastMsg.go:34: broadcast prepare message
P2-[broadcast commit]2021/09/28 21:19:51.361595 /root/study/github_repository/qb/qbnode/pbft_routine_broadcastMsg.go:42: broadcast commit message
P2-[broadcast commit]2021/09/28 21:19:51.361776 /root/study/github_repository/qb/qbtx/qbtx.go:103: verify of tx success
P2-[broadcast commit]2021/09/28 21:19:51.362133 /root/study/github_repository/qb/qbtx/qbtx.go:103: verify of tx success
P2-[broadcast commit]2021/09/28 21:19:51.362457 /root/study/github_repository/qb/qbtx/qbtx.go:103: verify of tx success
P2-[broadcast commit]2021/09/28 21:19:51.362798 /root/study/github_repository/qb/qbtx/qbtx.go:103: verify of tx success
P2-[broadcast reply]2021/09/28 21:19:51.367345 /root/study/github_repository/qb/qbnode/pbft_routine_broadcastMsg.go:53: broadcast reply message
