P4-[broadcast prepare]2021/09/28 21:13:18.296689 /root/study/github_repository/qb/qbnode/pbft_routine_broadcastMsg.go:34: broadcast prepare message
P4-[broadcast commit]2021/09/28 21:13:18.300510 /root/study/github_repository/qb/qbnode/pbft_routine_broadcastMsg.go:42: broadcast commit message
P4-[broadcast commit]2021/09/28 21:13:18.300722 /root/study/github_repository/qb/qbtx/qbtx.go:103: verify of tx success
P4-[broadcast commit]2021/09/28 21:13:18.301168 /root/study/github_repository/qb/qbtx/qbtx.go:103: verify of tx success
P4-[broadcast reply]2021/09/28 21:13:18.304068 /root/study/github_repository/qb/qbnode/pbft_routine_broadcastMsg.go:53: broadcast reply message
P4-[broadcast prepare]2021/09/28 21:13:20.307876 /root/study/github_repository/qb/qbnode/pbft_routine_broadcastMsg.go:34: broadcast prepare message
P4-[broadcast commit]2021/09/28 21:13:20.313306 /root/study/github_repository/qb/qbnode/pbft_routine_broadcastMsg.go:42: broadcast commit message
P4-[broadcast reply]2021/09/28 21:13:20.335937 /root/study/github_repository/qb/qbnode/pbft_routine_broadcastMsg.go:53: broadcast reply message
P4-[broadcast reply]2021/09/28 21:13:20.336147 /root/study/github_repository/qb/qbtx/qbtx.go:103: verify of tx success
P4-[broadcast prepare]2021/09/28 21:14:10.341556 /root/study/github_repository/qb/qbnode/pbft_routine_broadcastMsg.go:34: broadcast prepare message
P4-[broadcast commit]2021/09/28 21:14:10.360822 /root/study/github_repository/qb/qbnode/pbft_routine_broadcastMsg.go:42: broadcast commit message
P4-[broadcast reply]2021/09/28 21:14:10.564935 /root/study/github_repository/qb/qbnode/pbft_routine_broadcastMsg.go:53: broadcast reply message
P4-[broadcast prepare]2021/09/28 21:14:18.320071 /root/study/github_repository/qb/qbnode/pbft_routine_broadcastMsg.go:34: broadcast prepare message
P4-[broadcast commit]2021/09/28 21:14:18.324760 /root/study/github_repository/qb/qbnode/pbft_routine_broadcastMsg.go:42: broadcast commit message
P4-[broadcast commit]2021/09/28 21:14:18.324750 /root/study/github_repository/qb/qbtx/qbtx.go:103: verify of tx success
P4-[broadcast commit]2021/09/28 21:14:18.325030 /root/study/github_repository/qb/qbtx/qbtx.go:103: verify of tx success
P4-[broadcast commit]2021/09/28 21:14:18.325268 /root/study/github_repository/qb/qbtx/qbtx.go:103: verify of tx success
P4-[broadcast commit]2021/09/28 21:14:18.325498 /root/study/github_repository/qb/qbtx/qbtx.go:103: verify of tx success
P4-[broadcast reply]2021/09/28 21:14:18.330329 /root/study/github_repository/qb/qbnode/pbft_routine_broadcastMsg.go:53: broadcast reply message
P4-[broadcast prepare]2021/09/28 21:14:36.328275 /root/study/github_repository/qb/qbnode/pbft_routine_broadcastMsg.go:34: broadcast prepare message
P4-[broadcast commit]2021/09/28 21:14:36.333359 /root/study/github_repository/qb/qbnode/pbft_routine_broadcastMsg.go:42: broadcast commit message
P4-[broadcast commit]2021/09/28 21:14:36.333518 /root/study/github_repository/qb/qbtx/qbtx.go:103: verify of tx success
P4-[broadcast reply]2021/09/28 21:14:36.336471 /root/study/github_repository/qb/qbnode/pbft_routine_broadcastMsg.go:53: broadcast reply message
P4-[broadcast prepare]2021/09/28 21:18:18.416658 /root/study/github_repository/qb/qbnode/pbft_routine_broadcastMsg.go:34: broadcast prepare message
P4-[broadcast commit]2021/09/28 21:18:18.421060 /root/study/github_repository/qb/qbnode/pbft_routine_broadcastMsg.go:42: broadcast commit message
P4-[broadcast commit]2021/09/28 21:18:18.421093 /root/study/github_repository/qb/qbtx/qbtx.go:103: verify of tx success
P4-[broadcast reply]2021/09/28 21:18:18.423801 /root/study/github_repository/qb/qbnode/pbft_routine_broadcastMsg.go:53: broadcast reply message
P4-[broadcast prepare]2021/09/28 21:18:26.415765 /root/study/github_repository/qb/qbnode/pbft_routine_broadcastMsg.go:34: broadcast prepare message
P4-[broadcast commit]2021/09/28 21:18:26.418234 /root/study/github_repository/qb/qbnode/pbft_routine_broadcastMsg.go:42: broadcast commit message
P4-[broadcast reply]2021/09/28 21:18:26.420267 /root/study/github_repository/qb/qbnode/pbft_routine_broadcastMsg.go:53: broadcast reply message
P4-[broadcast prepare]2021/09/28 21:18:42.420605 /root/study/github_repository/qb/qbnode/pbft_routine_broadcastMsg.go:34: broadcast prepare message
P4-[broadcast commit]2021/09/28 21:18:42.424932 /root/study/github_repository/qb/qbnode/pbft_routine_broadcastMsg.go:42: broadcast commit message
P4-[broadcast commit]2021/09/28 21:18:42.425210 /root/study/github_repository/qb/qbtx/qbtx.go:103: verify of tx success
P4-[broadcast reply]2021/09/28 21:18:42.428068 /root/study/github_repository/qb/qbnode/pbft_routine_broadcastMsg.go:53: broadcast reply message
P4-[broadcast prepare]2021/09/28 21:18:44.423226 /root/study/github_repository/qb/qbnode/pbft_routine_broadcastMsg.go:34: broadcast prepare message
P4-[broadcast commit]2021/09/28 21:18:44.425467 /root/study/github_repository/qb/qbnode/pbft_routine_broadcastMsg.go:42: broadcast commit message
P4-[broadcast reply]2021/09/28 21:18:44.426013 /root/study/github_repository/qb/qbnode/pbft_routine_broadcastMsg.go:53: broadcast reply message
P4-[broadcast prepare]2021/09/28 21:19:20.445344 /root/study/github_repository/qb/qbnode/pbft_routine_broadcastMsg.go:34: broadcast prepare message
P4-[broadcast prepare]2021/09/28 21:19:20.445404 /root/study/github_repository/qb/qbtx/qbtx.go:103: verify of tx success
P4-[broadcast prepare]2021/09/28 21:19:20.445651 /root/study/github_repository/qb/qbtx/qbtx.go:103: verify of tx success
P4-[broadcast commit]2021/09/28 21:19:20.449293 /root/study/github_repository/qb/qbnode/pbft_routine_broadcastMsg.go:42: broadcast commit message
P4-[broadcast commit]2021/09/28 21:19:20.449427 /root/study/github_repository/qb/qbtx/qbtx.go:103: verify of tx success
P4-[broadcast commit]2021/09/28 21:19:20.449670 /root/study/github_repository/qb/qbtx/qbtx.go:103: verify of tx success
P4-[broadcast commit]2021/09/28 21:19:20.449931 /root/study/github_repository/qb/qbtx/qbtx.go:103: verify of tx success
P4-[broadcast commit]2021/09/28 21:19:20.450695 /root/study/github_repository/qb/qbtx/qbtx.go:103: verify of tx success
P4-[broadcast reply]2021/09/28 21:19:20.453851 /root/study/github_repository/qb/qbnode/pbft_routine_broadcastMsg.go:53: broadcast reply message
P4-[broadcast prepare]2021/09/28 21:19:51.358907 /root/study/github_repository/qb/qbnode/pbft_routine_broadcastMsg.go:34: broadcast prepare message
P4-[broadcast commit]2021/09/28 21:19:51.363552 /root/study/github_repository/qb/qbnode/pbft_routine_broadcastMsg.go:42: broadcast commit message
P4-[broadcast reply]2021/09/28 21:19:51.388554 /root/study/github_repository/qb/qbnode/pbft_routine_broadcastMsg.go:53: broadcast reply message
