P3-listen pre-prepare2021/09/28 14:42:34.597431 /root/study/github_repository/qb/qbnode/pbft_network.go:36: receive a preprepare message
P3-listen prepare2021/09/28 14:42:34.599186 /root/study/github_repository/qb/qbnode/pbft_network.go:53: receive a prepare message
P3-listen prepare2021/09/28 14:42:34.601150 /root/study/github_repository/qb/qbnode/pbft_network.go:53: receive a prepare message
P3-[dispatch PrepareMsg]2021/09/28 14:42:34.601242 /root/study/github_repository/qb/qbnode/routine_dispatchMsg.go:84: [put prepare message into MsgDelivery channel]
P3-listen commit2021/09/28 14:42:34.602520 /root/study/github_repository/qb/qbnode/pbft_network.go:69: receive a commit message
P3-listen commit2021/09/28 14:42:34.602559 /root/study/github_repository/qb/qbtx/qbtx.go:103: verify of tx success
P3-listen commit2021/09/28 14:42:34.602832 /root/study/github_repository/qb/qbnode/pbft_network.go:69: receive a commit message
P3-listen commit2021/09/28 14:42:34.603780 /root/study/github_repository/qb/qbnode/pbft_network.go:69: receive a commit message
P3-listen pre-prepare2021/09/28 14:59:58.936654 /root/study/github_repository/qb/qbnode/pbft_network.go:36: receive a preprepare message
P3-listen prepare2021/09/28 14:59:58.938432 /root/study/github_repository/qb/qbnode/pbft_network.go:53: receive a prepare message
P3-listen prepare2021/09/28 14:59:58.938939 /root/study/github_repository/qb/qbnode/pbft_network.go:53: receive a prepare message
P3-listen prepare2021/09/28 14:59:58.939013 /root/study/github_repository/qb/qbtx/qbtx.go:103: verify of tx success
P3-listen commit2021/09/28 14:59:58.940630 /root/study/github_repository/qb/qbnode/pbft_network.go:69: receive a commit message
P3-listen commit2021/09/28 14:59:58.940727 /root/study/github_repository/qb/qbnode/pbft_network.go:69: receive a commit message
P3-listen commit2021/09/28 14:59:58.941298 /root/study/github_repository/qb/qbnode/pbft_network.go:69: receive a commit message
P3-listen pre-prepare2021/09/28 15:13:42.447857 /root/study/github_repository/qb/qbnode/pbft_network.go:36: receive a preprepare message
P3-listen prepare2021/09/28 15:13:42.449244 /root/study/github_repository/qb/qbnode/pbft_network.go:53: receive a prepare message
P3-listen prepare2021/09/28 15:13:42.451687 /root/study/github_repository/qb/qbnode/pbft_network.go:53: receive a prepare message
P3-listen commit2021/09/28 15:13:42.452402 /root/study/github_repository/qb/qbnode/pbft_network.go:69: receive a commit message
P3-listen commit2021/09/28 15:13:42.452897 /root/study/github_repository/qb/qbnode/pbft_network.go:69: receive a commit message
P3-listen commit2021/09/28 15:13:42.453749 /root/study/github_repository/qb/qbnode/pbft_network.go:69: receive a commit message
P3-listen pre-prepare2021/09/28 15:20:58.339721 /root/study/github_repository/qb/qbnode/pbft_network.go:36: receive a preprepare message
P3-listen prepare2021/09/28 15:20:58.342092 /root/study/github_repository/qb/qbnode/pbft_network.go:53: receive a prepare message
P3-listen commit2021/09/28 15:20:58.344231 /root/study/github_repository/qb/qbnode/pbft_network.go:69: receive a commit message
P3-listen prepare2021/09/28 15:20:58.344372 /root/study/github_repository/qb/qbnode/pbft_network.go:53: receive a prepare message
P3-listen commit2021/09/28 15:20:58.345282 /root/study/github_repository/qb/qbnode/pbft_network.go:69: receive a commit message
P3-listen commit2021/09/28 15:20:58.539504 /root/study/github_repository/qb/qbnode/pbft_network.go:69: receive a commit message
P3-listen pre-prepare2021/09/28 15:21:43.968097 /root/study/github_repository/qb/qbnode/pbft_network.go:36: receive a preprepare message
P3-listen prepare2021/09/28 15:21:43.969866 /root/study/github_repository/qb/qbnode/pbft_network.go:53: receive a prepare message
P3-listen prepare2021/09/28 15:21:43.972638 /root/study/github_repository/qb/qbnode/pbft_network.go:53: receive a prepare message
P3-listen commit2021/09/28 15:21:43.973115 /root/study/github_repository/qb/qbnode/pbft_network.go:69: receive a commit message
P3-listen commit2021/09/28 15:21:43.974568 /root/study/github_repository/qb/qbnode/pbft_network.go:69: receive a commit message
P3-listen commit2021/09/28 15:21:43.974655 /root/study/github_repository/qb/qbtx/qbtx.go:103: verify of tx success
P3-listen commit2021/09/28 15:21:43.975216 /root/study/github_repository/qb/qbnode/pbft_network.go:69: receive a commit message
P3-listen pre-prepare2021/09/28 15:49:09.653251 /root/study/github_repository/qb/qbnode/pbft_network.go:36: receive a preprepare message
P3-listen prepare2021/09/28 15:49:09.657128 /root/study/github_repository/qb/qbnode/pbft_network.go:53: receive a prepare message
P3-listen prepare2021/09/28 15:49:09.658572 /root/study/github_repository/qb/qbnode/pbft_network.go:53: receive a prepare message
P3-listen commit2021/09/28 15:49:09.660231 /root/study/github_repository/qb/qbnode/pbft_network.go:69: receive a commit message
P3-listen commit2021/09/28 15:49:09.660336 /root/study/github_repository/qb/qbtx/qbtx.go:103: verify of tx success
P3-listen commit2021/09/28 15:49:09.660687 /root/study/github_repository/qb/qbtx/qbtx.go:103: verify of tx success
P3-listen commit2021/09/28 15:49:09.661465 /root/study/github_repository/qb/qbnode/pbft_network.go:69: receive a commit message
P3-listen commit2021/09/28 15:49:09.661744 /root/study/github_repository/qb/qbtx/qbtx.go:103: verify of tx success
P3-listen commit2021/09/28 15:49:09.662079 /root/study/github_repository/qb/qbtx/qbtx.go:103: verify of tx success
P3-listen commit2021/09/28 15:49:09.662440 /root/study/github_repository/qb/qbtx/qbtx.go:103: verify of tx success
P3-listen commit2021/09/28 15:49:09.664011 /root/study/github_repository/qb/qbnode/pbft_network.go:69: receive a commit message
P3-listen commit2021/09/28 15:49:09.664343 /root/study/github_repository/qb/qbtx/qbtx.go:103: verify of tx success
P3-listen pre-prepare2021/09/28 15:51:41.987699 /root/study/github_repository/qb/qbnode/pbft_network.go:36: receive a preprepare message
P3-listen prepare2021/09/28 15:51:41.989584 /root/study/github_repository/qb/qbnode/pbft_network.go:53: receive a prepare message
P3-listen prepare2021/09/28 15:51:41.992324 /root/study/github_repository/qb/qbnode/pbft_network.go:53: receive a prepare message
P3-listen commit2021/09/28 15:51:41.993909 /root/study/github_repository/qb/qbnode/pbft_network.go:69: receive a commit message
P3-listen commit2021/09/28 15:51:41.993987 /root/study/github_repository/qb/qbnode/pbft_network.go:69: receive a commit message
P3-listen commit2021/09/28 15:51:41.994734 /root/study/github_repository/qb/qbnode/pbft_network.go:69: receive a commit message
P3-listen commit2021/09/28 15:51:41.995004 /root/study/github_repository/qb/qbtx/qbtx.go:103: verify of tx success
P3-listen commit2021/09/28 15:51:41.995307 /root/study/github_repository/qb/qbtx/qbtx.go:103: verify of tx success
P3-listen pre-prepare2021/09/28 15:51:47.985943 /root/study/github_repository/qb/qbnode/pbft_network.go:36: receive a preprepare message
P3-listen prepare2021/09/28 15:51:47.987708 /root/study/github_repository/qb/qbnode/pbft_network.go:53: receive a prepare message
P3-listen prepare2021/09/28 15:51:47.988564 /root/study/github_repository/qb/qbnode/pbft_network.go:53: receive a prepare message
P3-listen commit2021/09/28 15:51:47.991302 /root/study/github_repository/qb/qbnode/pbft_network.go:69: receive a commit message
P3-listen commit2021/09/28 15:51:47.991869 /root/study/github_repository/qb/qbnode/pbft_network.go:69: receive a commit message
P3-listen commit2021/09/28 15:51:47.992176 /root/study/github_repository/qb/qbnode/pbft_network.go:69: receive a commit message
P3-listen pre-prepare2021/09/28 15:51:57.995266 /root/study/github_repository/qb/qbnode/pbft_network.go:36: receive a preprepare message
P3-listen prepare2021/09/28 15:51:57.996657 /root/study/github_repository/qb/qbnode/pbft_network.go:53: receive a prepare message
P3-listen prepare2021/09/28 15:51:57.998916 /root/study/github_repository/qb/qbnode/pbft_network.go:53: receive a prepare message
P3-listen commit2021/09/28 15:51:58.000967 /root/study/github_repository/qb/qbnode/pbft_network.go:69: receive a commit message
P3-listen commit2021/09/28 15:51:58.001092 /root/study/github_repository/qb/qbtx/qbtx.go:103: verify of tx success
P3-listen commit2021/09/28 15:51:58.001390 /root/study/github_repository/qb/qbtx/qbtx.go:103: verify of tx success
P3-listen commit2021/09/28 15:51:58.001641 /root/study/github_repository/qb/qbtx/qbtx.go:103: verify of tx success
P3-listen commit2021/09/28 15:51:58.001876 /root/study/github_repository/qb/qbtx/qbtx.go:103: verify of tx success
P3-listen commit2021/09/28 15:51:58.003123 /root/study/github_repository/qb/qbnode/pbft_network.go:69: receive a commit message
P3-listen commit2021/09/28 15:51:58.003133 /root/study/github_repository/qb/qbtx/qbtx.go:103: verify of tx success
P3-listen commit2021/09/28 15:51:58.069720 /root/study/github_repository/qb/qbnode/pbft_network.go:69: receive a commit message
P3-listen pre-prepare2021/09/28 18:53:03.656443 /root/study/github_repository/qb/qbnode/pbft_network.go:36: receive a preprepare message
P3-listen prepare2021/09/28 18:53:03.658967 /root/study/github_repository/qb/qbnode/pbft_network.go:53: receive a prepare message
P3-listen commit2021/09/28 18:53:03.662461 /root/study/github_repository/qb/qbnode/pbft_network.go:69: receive a commit message
P3-listen commit2021/09/28 18:53:03.662676 /root/study/github_repository/qb/qbtx/qbtx.go:103: verify of tx success
P3-listen commit2021/09/28 18:53:03.662927 /root/study/github_repository/qb/qbnode/pbft_network.go:69: receive a commit message
P3-listen commit2021/09/28 18:53:03.664747 /root/study/github_repository/qb/qbnode/pbft_network.go:69: receive a commit message
P3-listen commit2021/09/28 18:53:03.664915 /root/study/github_repository/qb/qbtx/qbtx.go:103: verify of tx success
P3-listen pre-prepare2021/09/28 18:55:32.911214 /root/study/github_repository/qb/qbnode/pbft_network.go:36: receive a preprepare message
P3-listen prepare2021/09/28 18:55:32.913324 /root/study/github_repository/qb/qbnode/pbft_network.go:53: receive a prepare message
P3-listen prepare2021/09/28 18:55:32.917432 /root/study/github_repository/qb/qbnode/pbft_network.go:53: receive a prepare message
P3-listen commit2021/09/28 18:55:32.918123 /root/study/github_repository/qb/qbnode/pbft_network.go:69: receive a commit message
P3-listen commit2021/09/28 18:55:32.919348 /root/study/github_repository/qb/qbnode/pbft_network.go:69: receive a commit message
P3-listen commit2021/09/28 18:55:32.919891 /root/study/github_repository/qb/qbnode/pbft_network.go:69: receive a commit message
P3-listen commit2021/09/28 18:55:32.920101 /root/study/github_repository/qb/qbtx/qbtx.go:103: verify of tx success
P3-listen commit2021/09/28 18:55:32.920374 /root/study/github_repository/qb/qbtx/qbtx.go:103: verify of tx success
P3-listen commit2021/09/28 18:55:32.920627 /root/study/github_repository/qb/qbtx/qbtx.go:103: verify of tx success
