P1-listen prepare2021/09/28 14:42:34.598747 /root/study/github_repository/qb/qbnode/pbft_network.go:53: receive a prepare message
P1-[dispatch PrepareMsg]2021/09/28 14:42:34.598827 /root/study/github_repository/qb/qbnode/routine_dispatchMsg.go:84: [put prepare message into MsgDelivery channel]
P1-listen prepare2021/09/28 14:42:34.599907 /root/study/github_repository/qb/qbnode/pbft_network.go:53: receive a prepare message
P1-[dispatch PrepareMsg]2021/09/28 14:42:34.600007 /root/study/github_repository/qb/qbnode/routine_dispatchMsg.go:84: [put prepare message into MsgDelivery channel]
P1-listen prepare2021/09/28 14:42:34.600411 /root/study/github_repository/qb/qbnode/pbft_network.go:53: receive a prepare message
P1-listen prepare2021/09/28 14:42:34.600439 /root/study/github_repository/qb/qbtx/qbtx.go:103: verify of tx success
P1-listen commit2021/09/28 14:42:34.601841 /root/study/github_repository/qb/qbnode/pbft_network.go:69: receive a commit message
P1-listen commit2021/09/28 14:42:34.602765 /root/study/github_repository/qb/qbnode/pbft_network.go:69: receive a commit message
P1-listen commit2021/09/28 14:42:34.602929 /root/study/github_repository/qb/qbnode/pbft_network.go:69: receive a commit message
P1-listen commit2021/09/28 14:42:34.603211 /root/study/github_repository/qb/qbtx/qbtx.go:103: verify of tx success
P1-listen prepare2021/09/28 14:59:58.937408 /root/study/github_repository/qb/qbnode/pbft_network.go:53: receive a prepare message
P1-listen prepare2021/09/28 14:59:58.938260 /root/study/github_repository/qb/qbnode/pbft_network.go:53: receive a prepare message
P1-listen prepare2021/09/28 14:59:58.938693 /root/study/github_repository/qb/qbnode/pbft_network.go:53: receive a prepare message
P1-listen prepare2021/09/28 14:59:58.938901 /root/study/github_repository/qb/qbtx/qbtx.go:103: verify of tx success
P1-listen commit2021/09/28 14:59:58.940412 /root/study/github_repository/qb/qbnode/pbft_network.go:69: receive a commit message
P1-listen commit2021/09/28 14:59:58.941286 /root/study/github_repository/qb/qbnode/pbft_network.go:69: receive a commit message
P1-listen commit2021/09/28 14:59:58.941663 /root/study/github_repository/qb/qbnode/pbft_network.go:69: receive a commit message
P1-listen prepare2021/09/28 15:13:42.448382 /root/study/github_repository/qb/qbnode/pbft_network.go:53: receive a prepare message
P1-listen prepare2021/09/28 15:13:42.449937 /root/study/github_repository/qb/qbnode/pbft_network.go:53: receive a prepare message
P1-listen prepare2021/09/28 15:13:42.450676 /root/study/github_repository/qb/qbnode/pbft_network.go:53: receive a prepare message
P1-listen commit2021/09/28 15:13:42.451659 /root/study/github_repository/qb/qbnode/pbft_network.go:69: receive a commit message
P1-listen commit2021/09/28 15:13:42.452165 /root/study/github_repository/qb/qbnode/pbft_network.go:69: receive a commit message
P1-listen commit2021/09/28 15:13:42.454014 /root/study/github_repository/qb/qbnode/pbft_network.go:69: receive a commit message
P1-listen prepare2021/09/28 15:20:58.341259 /root/study/github_repository/qb/qbnode/pbft_network.go:53: receive a prepare message
P1-listen prepare2021/09/28 15:20:58.342764 /root/study/github_repository/qb/qbnode/pbft_network.go:53: receive a prepare message
P1-listen prepare2021/09/28 15:20:58.343267 /root/study/github_repository/qb/qbnode/pbft_network.go:53: receive a prepare message
P1-listen commit2021/09/28 15:20:58.344147 /root/study/github_repository/qb/qbnode/pbft_network.go:69: receive a commit message
P1-listen commit2021/09/28 15:20:58.344358 /root/study/github_repository/qb/qbtx/qbtx.go:103: verify of tx success
P1-listen commit2021/09/28 15:20:58.344947 /root/study/github_repository/qb/qbnode/pbft_network.go:69: receive a commit message
P1-listen commit2021/09/28 15:20:58.345032 /root/study/github_repository/qb/qbtx/qbtx.go:103: verify of tx success
P1-listen commit2021/09/28 15:20:58.538715 /root/study/github_repository/qb/qbnode/pbft_network.go:69: receive a commit message
P1-listen prepare2021/09/28 15:21:43.970136 /root/study/github_repository/qb/qbnode/pbft_network.go:53: receive a prepare message
P1-listen prepare2021/09/28 15:21:43.971143 /root/study/github_repository/qb/qbnode/pbft_network.go:53: receive a prepare message
P1-listen commit2021/09/28 15:21:43.972850 /root/study/github_repository/qb/qbnode/pbft_network.go:69: receive a commit message
P1-listen prepare2021/09/28 15:21:43.973717 /root/study/github_repository/qb/qbnode/pbft_network.go:53: receive a prepare message
P1-listen commit2021/09/28 15:21:43.974038 /root/study/github_repository/qb/qbnode/pbft_network.go:69: receive a commit message
P1-listen commit2021/09/28 15:21:43.974438 /root/study/github_repository/qb/qbnode/pbft_network.go:69: receive a commit message
P1-listen prepare2021/09/28 15:49:09.656001 /root/study/github_repository/qb/qbnode/pbft_network.go:53: receive a prepare message
P1-listen prepare2021/09/28 15:49:09.657981 /root/study/github_repository/qb/qbnode/pbft_network.go:53: receive a prepare message
P1-listen prepare2021/09/28 15:49:09.658050 /root/study/github_repository/qb/qbnode/pbft_network.go:53: receive a prepare message
P1-listen commit2021/09/28 15:49:09.660058 /root/study/github_repository/qb/qbnode/pbft_network.go:69: receive a commit message
P1-listen commit2021/09/28 15:49:09.660150 /root/study/github_repository/qb/qbtx/qbtx.go:103: verify of tx success
P1-listen commit2021/09/28 15:49:09.660408 /root/study/github_repository/qb/qbtx/qbtx.go:103: verify of tx success
P1-listen commit2021/09/28 15:49:09.660683 /root/study/github_repository/qb/qbtx/qbtx.go:103: verify of tx success
P1-listen commit2021/09/28 15:49:09.660934 /root/study/github_repository/qb/qbtx/qbtx.go:103: verify of tx success
P1-listen commit2021/09/28 15:49:09.661303 /root/study/github_repository/qb/qbnode/pbft_network.go:69: receive a commit message
P1-listen commit2021/09/28 15:49:09.663685 /root/study/github_repository/qb/qbnode/pbft_network.go:69: receive a commit message
P1-listen prepare2021/09/28 15:51:41.988870 /root/study/github_repository/qb/qbnode/pbft_network.go:53: receive a prepare message
P1-listen prepare2021/09/28 15:51:41.990569 /root/study/github_repository/qb/qbnode/pbft_network.go:53: receive a prepare message
P1-listen prepare2021/09/28 15:51:41.991613 /root/study/github_repository/qb/qbnode/pbft_network.go:53: receive a prepare message
P1-listen prepare2021/09/28 15:51:41.991765 /root/study/github_repository/qb/qbtx/qbtx.go:103: verify of tx success
P1-listen commit2021/09/28 15:51:41.993626 /root/study/github_repository/qb/qbnode/pbft_network.go:69: receive a commit message
P1-listen commit2021/09/28 15:51:41.994934 /root/study/github_repository/qb/qbnode/pbft_network.go:69: receive a commit message
P1-listen commit2021/09/28 15:51:41.995160 /root/study/github_repository/qb/qbnode/pbft_network.go:69: receive a commit message
P1-listen prepare2021/09/28 15:51:47.988131 /root/study/github_repository/qb/qbnode/pbft_network.go:53: receive a prepare message
P1-listen prepare2021/09/28 15:51:47.988356 /root/study/github_repository/qb/qbnode/pbft_network.go:53: receive a prepare message
P1-listen prepare2021/09/28 15:51:47.988628 /root/study/github_repository/qb/qbtx/qbtx.go:103: verify of tx success
P1-listen prepare2021/09/28 15:51:47.988930 /root/study/github_repository/qb/qbtx/qbtx.go:103: verify of tx success
P1-listen prepare2021/09/28 15:51:47.989247 /root/study/github_repository/qb/qbtx/qbtx.go:103: verify of tx success
P1-listen prepare2021/09/28 15:51:47.989503 /root/study/github_repository/qb/qbtx/qbtx.go:103: verify of tx success
P1-listen prepare2021/09/28 15:51:47.989884 /root/study/github_repository/qb/qbnode/pbft_network.go:53: receive a prepare message
P1-listen prepare2021/09/28 15:51:47.990016 /root/study/github_repository/qb/qbtx/qbtx.go:103: verify of tx success
P1-listen prepare2021/09/28 15:51:47.990291 /root/study/github_repository/qb/qbtx/qbtx.go:103: verify of tx success
P1-listen prepare2021/09/28 15:51:47.990571 /root/study/github_repository/qb/qbtx/qbtx.go:103: verify of tx success
P1-listen prepare2021/09/28 15:51:47.990812 /root/study/github_repository/qb/qbtx/qbtx.go:103: verify of tx success
P1-listen commit2021/09/28 15:51:47.991683 /root/study/github_repository/qb/qbnode/pbft_network.go:69: receive a commit message
P1-listen commit2021/09/28 15:51:47.991802 /root/study/github_repository/qb/qbtx/qbtx.go:103: verify of tx success
P1-listen commit2021/09/28 15:51:47.992064 /root/study/github_repository/qb/qbtx/qbtx.go:103: verify of tx success
P1-listen commit2021/09/28 15:51:47.992327 /root/study/github_repository/qb/qbtx/qbtx.go:103: verify of tx success
P1-listen commit2021/09/28 15:51:47.992857 /root/study/github_repository/qb/qbnode/pbft_network.go:69: receive a commit message
P1-listen commit2021/09/28 15:51:47.996101 /root/study/github_repository/qb/qbnode/pbft_network.go:69: receive a commit message
P1-listen prepare2021/09/28 15:51:57.996311 /root/study/github_repository/qb/qbnode/pbft_routine_broadcastMsg.go:25: broadcast preprepare message
P1-listen prepare2021/09/28 15:51:57.996314 /root/study/github_repository/qb/qbnode/pbft_network.go:53: receive a prepare message
P1-listen prepare2021/09/28 15:51:57.997812 /root/study/github_repository/qb/qbnode/pbft_network.go:53: receive a prepare message
P1-listen prepare2021/09/28 15:51:57.998218 /root/study/github_repository/qb/qbnode/pbft_network.go:53: receive a prepare message
P1-listen prepare2021/09/28 15:51:57.998455 /root/study/github_repository/qb/qbtx/qbtx.go:103: verify of tx success
P1-listen prepare2021/09/28 15:51:57.998689 /root/study/github_repository/qb/qbtx/qbtx.go:103: verify of tx success
P1-listen prepare2021/09/28 15:51:57.998941 /root/study/github_repository/qb/qbtx/qbtx.go:103: verify of tx success
P1-listen commit2021/09/28 15:51:58.000668 /root/study/github_repository/qb/qbnode/pbft_network.go:69: receive a commit message
P1-listen commit2021/09/28 15:51:58.000955 /root/study/github_repository/qb/qbtx/qbtx.go:103: verify of tx success
P1-listen commit2021/09/28 15:51:58.001748 /root/study/github_repository/qb/qbtx/qbtx.go:103: verify of tx success
P1-listen commit2021/09/28 15:51:58.002124 /root/study/github_repository/qb/qbtx/qbtx.go:103: verify of tx success
P1-listen commit2021/09/28 15:51:58.002388 /root/study/github_repository/qb/qbnode/pbft_network.go:69: receive a commit message
P1-listen commit2021/09/28 15:51:58.069216 /root/study/github_repository/qb/qbnode/pbft_network.go:69: receive a commit message
P1-listen prepare2021/09/28 18:53:03.657892 /root/study/github_repository/qb/qbnode/pbft_network.go:53: receive a prepare message
P1-listen prepare2021/09/28 18:53:03.658313 /root/study/github_repository/qb/qbnode/pbft_network.go:53: receive a prepare message
P1-listen prepare2021/09/28 18:53:03.658567 /root/study/github_repository/qb/qbtx/qbtx.go:103: verify of tx success
P1-listen prepare2021/09/28 18:53:03.658848 /root/study/github_repository/qb/qbtx/qbtx.go:103: verify of tx success
P1-listen prepare2021/09/28 18:53:03.659158 /root/study/github_repository/qb/qbtx/qbtx.go:103: verify of tx success
P1-listen prepare2021/09/28 18:53:03.660384 /root/study/github_repository/qb/qbnode/pbft_network.go:53: receive a prepare message
P1-listen prepare2021/09/28 18:53:03.660564 /root/study/github_repository/qb/qbtx/qbtx.go:103: verify of tx success
P1-listen commit2021/09/28 18:53:03.661575 /root/study/github_repository/qb/qbnode/pbft_network.go:69: receive a commit message
P1-listen commit2021/09/28 18:53:03.661624 /root/study/github_repository/qb/qbtx/qbtx.go:103: verify of tx success
P1-listen commit2021/09/28 18:53:03.661907 /root/study/github_repository/qb/qbtx/qbtx.go:103: verify of tx success
P1-listen commit2021/09/28 18:53:03.662170 /root/study/github_repository/qb/qbtx/qbtx.go:103: verify of tx success
P1-listen commit2021/09/28 18:53:03.662432 /root/study/github_repository/qb/qbtx/qbtx.go:103: verify of tx success
P1-listen commit2021/09/28 18:53:03.662724 /root/study/github_repository/qb/qbnode/pbft_network.go:69: receive a commit message
P1-listen commit2021/09/28 18:53:03.665050 /root/study/github_repository/qb/qbnode/pbft_network.go:69: receive a commit message
P1-listen commit2021/09/28 18:53:03.665061 /root/study/github_repository/qb/qbtx/qbtx.go:103: verify of tx success
P1-listen commit2021/09/28 18:53:03.665352 /root/study/github_repository/qb/qbtx/qbtx.go:103: verify of tx success
P1-listen prepare2021/09/28 18:55:32.914798 /root/study/github_repository/qb/qbnode/pbft_network.go:53: receive a prepare message
P1-listen prepare2021/09/28 18:55:32.915135 /root/study/github_repository/qb/qbnode/pbft_network.go:53: receive a prepare message
P1-listen prepare2021/09/28 18:55:32.915296 /root/study/github_repository/qb/qbtx/qbtx.go:103: verify of tx success
P1-listen prepare2021/09/28 18:55:32.915581 /root/study/github_repository/qb/qbtx/qbtx.go:103: verify of tx success
P1-listen prepare2021/09/28 18:55:32.915899 /root/study/github_repository/qb/qbtx/qbtx.go:103: verify of tx success
P1-listen prepare2021/09/28 18:55:32.916161 /root/study/github_repository/qb/qbtx/qbtx.go:103: verify of tx success
P1-listen prepare2021/09/28 18:55:32.916507 /root/study/github_repository/qb/qbnode/pbft_network.go:53: receive a prepare message
P1-listen prepare2021/09/28 18:55:32.916825 /root/study/github_repository/qb/qbtx/qbtx.go:103: verify of tx success
P1-listen prepare2021/09/28 18:55:32.917207 /root/study/github_repository/qb/qbtx/qbtx.go:103: verify of tx success
P1-listen prepare2021/09/28 18:55:32.917542 /root/study/github_repository/qb/qbtx/qbtx.go:103: verify of tx success
P1-listen prepare2021/09/28 18:55:32.917887 /root/study/github_repository/qb/qbtx/qbtx.go:103: verify of tx success
P1-listen commit2021/09/28 18:55:32.919065 /root/study/github_repository/qb/qbnode/pbft_network.go:69: receive a commit message
P1-listen commit2021/09/28 18:55:32.919358 /root/study/github_repository/qb/qbtx/qbtx.go:103: verify of tx success
P1-listen commit2021/09/28 18:55:32.919636 /root/study/github_repository/qb/qbtx/qbtx.go:103: verify of tx success
P1-listen commit2021/09/28 18:55:32.920695 /root/study/github_repository/qb/qbnode/pbft_network.go:69: receive a commit message
P1-listen commit2021/09/28 18:55:32.920744 /root/study/github_repository/qb/qbtx/qbtx.go:103: verify of tx success
P1-listen commit2021/09/28 18:55:32.921084 /root/study/github_repository/qb/qbtx/qbtx.go:103: verify of tx success
P1-listen commit2021/09/28 18:55:32.921343 /root/study/github_repository/qb/qbtx/qbtx.go:103: verify of tx success
P1-listen commit2021/09/28 18:55:32.921743 /root/study/github_repository/qb/qbnode/pbft_network.go:69: receive a commit message
P1-listen commit2021/09/28 18:55:32.921968 /root/study/github_repository/qb/qbtx/qbtx.go:103: verify of tx success
P1-listen commit2021/09/28 18:55:32.922367 /root/study/github_repository/qb/qbtx/qbtx.go:103: verify of tx success
P1-listen commit2021/09/28 18:55:32.922827 /root/study/github_repository/qb/qbtx/qbtx.go:103: verify of tx success
P1-listen commit2021/09/28 18:55:32.923213 /root/study/github_repository/qb/qbtx/qbtx.go:103: verify of tx success
