P2-listen pre-prepare2021/09/28 21:13:18.291387 /root/study/github_repository/qb/qbnode/pbft_network.go:36: receive a preprepare message
P2-listen prepare2021/09/28 21:13:18.295473 /root/study/github_repository/qb/qbnode/pbft_network.go:53: receive a prepare message
P2-listen prepare2021/09/28 21:13:18.296015 /root/study/github_repository/qb/qbnode/pbft_network.go:53: receive a prepare message
P2-listen prepare2021/09/28 21:13:18.296253 /root/study/github_repository/qb/qbtx/qbtx.go:103: verify of tx success
P2-listen commit2021/09/28 21:13:18.298183 /root/study/github_repository/qb/qbnode/pbft_network.go:69: receive a commit message
P2-listen commit2021/09/28 21:13:18.299014 /root/study/github_repository/qb/qbnode/pbft_network.go:69: receive a commit message
P2-listen commit2021/09/28 21:13:18.299161 /root/study/github_repository/qb/qbtx/qbtx.go:103: verify of tx success
P2-listen commit2021/09/28 21:13:18.299440 /root/study/github_repository/qb/qbtx/qbtx.go:103: verify of tx success
P2-listen commit2021/09/28 21:13:18.300055 /root/study/github_repository/qb/qbnode/pbft_network.go:69: receive a commit message
P2-listen commit2021/09/28 21:13:18.300338 /root/study/github_repository/qb/qbtx/qbtx.go:103: verify of tx success
P2-listen commit2021/09/28 21:13:18.300654 /root/study/github_repository/qb/qbtx/qbtx.go:103: verify of tx success
P2-listen pre-prepare2021/09/28 21:13:20.291392 /root/study/github_repository/qb/qbnode/pbft_network.go:36: receive a preprepare message
P2-listen prepare2021/09/28 21:13:20.293827 /root/study/github_repository/qb/qbnode/pbft_network.go:53: receive a prepare message
P2-listen prepare2021/09/28 21:13:20.307347 /root/study/github_repository/qb/qbnode/pbft_network.go:53: receive a prepare message
P2-listen commit2021/09/28 21:13:20.308992 /root/study/github_repository/qb/qbnode/pbft_network.go:69: receive a commit message
P2-listen commit2021/09/28 21:13:20.309351 /root/study/github_repository/qb/qbnode/pbft_network.go:69: receive a commit message
P2-listen commit2021/09/28 21:13:20.309390 /root/study/github_repository/qb/qbtx/qbtx.go:103: verify of tx success
P2-listen commit2021/09/28 21:13:20.313030 /root/study/github_repository/qb/qbnode/pbft_network.go:69: receive a commit message
P2-listen pre-prepare2021/09/28 21:14:10.315208 /root/study/github_repository/qb/qbnode/pbft_network.go:36: receive a preprepare message
P2-listen prepare2021/09/28 21:14:10.341010 /root/study/github_repository/qb/qbnode/pbft_network.go:53: receive a prepare message
P2-listen commit2021/09/28 21:14:10.341028 /root/study/github_repository/qb/qbnode/pbft_network.go:69: receive a commit message
P2-listen commit2021/09/28 21:14:10.347558 /root/study/github_repository/qb/qbnode/pbft_network.go:69: receive a commit message
P2-listen commit2021/09/28 21:14:10.360509 /root/study/github_repository/qb/qbnode/pbft_network.go:69: receive a commit message
P2-listen pre-prepare2021/09/28 21:14:18.317928 /root/study/github_repository/qb/qbnode/pbft_network.go:36: receive a preprepare message
P2-listen prepare2021/09/28 21:14:18.319738 /root/study/github_repository/qb/qbnode/pbft_network.go:53: receive a prepare message
P2-listen prepare2021/09/28 21:14:18.320843 /root/study/github_repository/qb/qbnode/pbft_network.go:53: receive a prepare message
P2-listen commit2021/09/28 21:14:18.324002 /root/study/github_repository/qb/qbnode/pbft_network.go:69: receive a commit message
P2-listen commit2021/09/28 21:14:18.324478 /root/study/github_repository/qb/qbnode/pbft_network.go:69: receive a commit message
P2-listen commit2021/09/28 21:14:18.324620 /root/study/github_repository/qb/qbtx/qbtx.go:103: verify of tx success
P2-listen commit2021/09/28 21:14:18.324890 /root/study/github_repository/qb/qbtx/qbtx.go:103: verify of tx success
P2-listen commit2021/09/28 21:14:18.325128 /root/study/github_repository/qb/qbtx/qbtx.go:103: verify of tx success
P2-listen commit2021/09/28 21:14:18.464883 /root/study/github_repository/qb/qbnode/pbft_network.go:69: receive a commit message
P2-listen pre-prepare2021/09/28 21:14:36.322694 /root/study/github_repository/qb/qbnode/pbft_network.go:36: receive a preprepare message
P2-listen prepare2021/09/28 21:14:36.327022 /root/study/github_repository/qb/qbnode/pbft_network.go:53: receive a prepare message
P2-listen prepare2021/09/28 21:14:36.327913 /root/study/github_repository/qb/qbnode/pbft_network.go:53: receive a prepare message
P2-listen commit2021/09/28 21:14:36.329917 /root/study/github_repository/qb/qbnode/pbft_network.go:69: receive a commit message
P2-listen commit2021/09/28 21:14:36.330059 /root/study/github_repository/qb/qbtx/qbtx.go:103: verify of tx success
P2-listen commit2021/09/28 21:14:36.330327 /root/study/github_repository/qb/qbtx/qbtx.go:103: verify of tx success
P2-listen commit2021/09/28 21:14:36.331837 /root/study/github_repository/qb/qbnode/pbft_network.go:69: receive a commit message
P2-listen commit2021/09/28 21:14:36.332199 /root/study/github_repository/qb/qbtx/qbtx.go:103: verify of tx success
P2-listen commit2021/09/28 21:14:36.332459 /root/study/github_repository/qb/qbtx/qbtx.go:103: verify of tx success
P2-listen commit2021/09/28 21:14:36.332740 /root/study/github_repository/qb/qbtx/qbtx.go:103: verify of tx success
P2-listen commit2021/09/28 21:14:36.332986 /root/study/github_repository/qb/qbtx/qbtx.go:103: verify of tx success
P2-listen commit2021/09/28 21:14:36.333592 /root/study/github_repository/qb/qbnode/pbft_network.go:69: receive a commit message
P2-listen commit2021/09/28 21:14:36.333744 /root/study/github_repository/qb/qbtx/qbtx.go:103: verify of tx success
P2-listen commit2021/09/28 21:14:36.333991 /root/study/github_repository/qb/qbtx/qbtx.go:103: verify of tx success
P2-listen commit2021/09/28 21:14:36.334233 /root/study/github_repository/qb/qbtx/qbtx.go:103: verify of tx success
P2-listen pre-prepare2021/09/28 21:18:18.411990 /root/study/github_repository/qb/qbnode/pbft_network.go:36: receive a preprepare message
P2-listen prepare2021/09/28 21:18:18.415349 /root/study/github_repository/qb/qbnode/pbft_network.go:53: receive a prepare message
P2-listen prepare2021/09/28 21:18:18.416534 /root/study/github_repository/qb/qbnode/pbft_network.go:53: receive a prepare message
P2-listen commit2021/09/28 21:18:18.417388 /root/study/github_repository/qb/qbnode/pbft_network.go:69: receive a commit message
P2-listen commit2021/09/28 21:18:18.417504 /root/study/github_repository/qb/qbtx/qbtx.go:103: verify of tx success
P2-listen commit2021/09/28 21:18:18.417752 /root/study/github_repository/qb/qbtx/qbtx.go:103: verify of tx success
P2-listen commit2021/09/28 21:18:18.418021 /root/study/github_repository/qb/qbtx/qbtx.go:103: verify of tx success
P2-listen commit2021/09/28 21:18:18.418283 /root/study/github_repository/qb/qbtx/qbtx.go:103: verify of tx success
P2-listen commit2021/09/28 21:18:18.418539 /root/study/github_repository/qb/qbnode/pbft_network.go:69: receive a commit message
P2-listen commit2021/09/28 21:18:18.419993 /root/study/github_repository/qb/qbnode/pbft_network.go:69: receive a commit message
P2-listen commit2021/09/28 21:18:18.420064 /root/study/github_repository/qb/qbtx/qbtx.go:103: verify of tx success
P2-listen commit2021/09/28 21:18:18.420303 /root/study/github_repository/qb/qbtx/qbtx.go:103: verify of tx success
P2-listen commit2021/09/28 21:18:18.420532 /root/study/github_repository/qb/qbtx/qbtx.go:103: verify of tx success
P2-listen commit2021/09/28 21:18:18.420778 /root/study/github_repository/qb/qbtx/qbtx.go:103: verify of tx success
P2-listen pre-prepare2021/09/28 21:18:26.412484 /root/study/github_repository/qb/qbnode/pbft_network.go:36: receive a preprepare message
P2-listen prepare2021/09/28 21:18:26.414841 /root/study/github_repository/qb/qbnode/pbft_network.go:53: receive a prepare message
P2-listen prepare2021/09/28 21:18:26.415420 /root/study/github_repository/qb/qbnode/pbft_network.go:53: receive a prepare message
P2-listen prepare2021/09/28 21:18:26.415551 /root/study/github_repository/qb/qbtx/qbtx.go:103: verify of tx success
P2-listen commit2021/09/28 21:18:26.416401 /root/study/github_repository/qb/qbnode/pbft_network.go:69: receive a commit message
P2-listen commit2021/09/28 21:18:26.416574 /root/study/github_repository/qb/qbtx/qbtx.go:103: verify of tx success
P2-listen commit2021/09/28 21:18:26.416908 /root/study/github_repository/qb/qbtx/qbtx.go:103: verify of tx success
P2-listen commit2021/09/28 21:18:26.417643 /root/study/github_repository/qb/qbnode/pbft_network.go:69: receive a commit message
P2-listen commit2021/09/28 21:18:26.417755 /root/study/github_repository/qb/qbtx/qbtx.go:103: verify of tx success
P2-listen commit2021/09/28 21:18:26.418366 /root/study/github_repository/qb/qbnode/pbft_network.go:69: receive a commit message
P2-listen commit2021/09/28 21:18:26.418610 /root/study/github_repository/qb/qbtx/qbtx.go:103: verify of tx success
P2-listen pre-prepare2021/09/28 21:18:42.418594 /root/study/github_repository/qb/qbnode/pbft_network.go:36: receive a preprepare message
P2-listen prepare2021/09/28 21:18:42.419434 /root/study/github_repository/qb/qbnode/pbft_network.go:53: receive a prepare message
P2-listen prepare2021/09/28 21:18:42.420483 /root/study/github_repository/qb/qbnode/pbft_network.go:53: receive a prepare message
P2-listen commit2021/09/28 21:18:42.422001 /root/study/github_repository/qb/qbnode/pbft_network.go:69: receive a commit message
P2-listen commit2021/09/28 21:18:42.423385 /root/study/github_repository/qb/qbnode/pbft_network.go:69: receive a commit message
P2-listen commit2021/09/28 21:18:42.423402 /root/study/github_repository/qb/qbtx/qbtx.go:103: verify of tx success
P2-listen commit2021/09/28 21:18:42.423725 /root/study/github_repository/qb/qbtx/qbtx.go:103: verify of tx success
P2-listen commit2021/09/28 21:18:42.424007 /root/study/github_repository/qb/qbtx/qbtx.go:103: verify of tx success
P2-listen commit2021/09/28 21:18:42.424504 /root/study/github_repository/qb/qbnode/pbft_network.go:69: receive a commit message
P2-listen commit2021/09/28 21:18:42.424567 /root/study/github_repository/qb/qbtx/qbtx.go:103: verify of tx success
P2-listen commit2021/09/28 21:18:42.424847 /root/study/github_repository/qb/qbtx/qbtx.go:103: verify of tx success
P2-listen pre-prepare2021/09/28 21:18:44.418052 /root/study/github_repository/qb/qbnode/pbft_network.go:36: receive a preprepare message
P2-listen prepare2021/09/28 21:18:44.421343 /root/study/github_repository/qb/qbnode/pbft_network.go:53: receive a prepare message
P2-listen commit2021/09/28 21:18:44.422326 /root/study/github_repository/qb/qbnode/pbft_network.go:69: receive a commit message
P2-listen prepare2021/09/28 21:18:44.422662 /root/study/github_repository/qb/qbnode/pbft_network.go:53: receive a prepare message
P2-listen commit2021/09/28 21:18:44.424608 /root/study/github_repository/qb/qbnode/pbft_network.go:69: receive a commit message
P2-listen commit2021/09/28 21:18:44.424689 /root/study/github_repository/qb/qbnode/pbft_network.go:69: receive a commit message
P2-listen commit2021/09/28 21:18:44.425002 /root/study/github_repository/qb/qbtx/qbtx.go:103: verify of tx success
P2-listen pre-prepare2021/09/28 21:19:20.442292 /root/study/github_repository/qb/qbnode/pbft_network.go:36: receive a preprepare message
P2-listen prepare2021/09/28 21:19:20.443575 /root/study/github_repository/qb/qbnode/pbft_network.go:53: receive a prepare message
P2-listen prepare2021/09/28 21:19:20.444355 /root/study/github_repository/qb/qbnode/pbft_network.go:53: receive a prepare message
P2-listen commit2021/09/28 21:19:20.447135 /root/study/github_repository/qb/qbnode/pbft_network.go:69: receive a commit message
P2-listen commit2021/09/28 21:19:20.447518 /root/study/github_repository/qb/qbnode/pbft_network.go:69: receive a commit message
P2-listen commit2021/09/28 21:19:20.449211 /root/study/github_repository/qb/qbnode/pbft_network.go:69: receive a commit message
P2-listen pre-prepare2021/09/28 21:19:51.355959 /root/study/github_repository/qb/qbnode/pbft_network.go:36: receive a preprepare message
P2-listen prepare2021/09/28 21:19:51.358236 /root/study/github_repository/qb/qbnode/pbft_network.go:53: receive a prepare message
P2-listen prepare2021/09/28 21:19:51.361075 /root/study/github_repository/qb/qbnode/pbft_network.go:53: receive a prepare message
P2-listen commit2021/09/28 21:19:51.361226 /root/study/github_repository/qb/qbnode/pbft_network.go:69: receive a commit message
P2-listen commit2021/09/28 21:19:51.363179 /root/study/github_repository/qb/qbnode/pbft_network.go:69: receive a commit message
P2-listen commit2021/09/28 21:19:51.479109 /root/study/github_repository/qb/qbnode/pbft_network.go:69: receive a commit message
