P1-[resolve block.Block]2021/09/28 14:42:34.593955 /root/study/github_repository/qb/qbnode/routine_resolveMsg.go:26: Msgdelivery channel get a new block,and create a new consensus
P1-[resolve block.Block]2021/09/28 14:42:34.594495 /root/study/github_repository/qb/qbtx/qbtx.go:103: verify of tx success
P1-[resolve requestMsg success]2021/09/28 14:42:34.595091 /root/study/github_repository/qb/qbnode/routine_resolveMsg.go:130: put pre-prepare message into broadcast channel
P1-[resolve PrepareMsg]2021/09/28 14:42:34.598844 /root/study/github_repository/qb/qbnode/routine_resolveMsg.go:53: Msgdelivery channel get a prepare message, and handle it
P1-[resolve PrepareMsg]2021/09/28 14:42:34.600030 /root/study/github_repository/qb/qbnode/routine_resolveMsg.go:53: Msgdelivery channel get a prepare message, and handle it
P1-[resolve prepareMsg success]2021/09/28 14:42:34.601284 /root/study/github_repository/qb/qbnode/routine_resolveMsg.go:209: put commit message into broadcast channel
P1-[resolve PrepareMsg]2021/09/28 14:42:34.601338 /root/study/github_repository/qb/qbnode/routine_resolveMsg.go:53: Msgdelivery channel get a prepare message, and handle it
P1-[resolve CommitMsg]2021/09/28 14:42:34.602078 /root/study/github_repository/qb/qbnode/routine_resolveMsg.go:65: Msgdelivery channel get a commit message, and handle it
P1-[resolve CommitMsg]2021/09/28 14:42:34.602823 /root/study/github_repository/qb/qbnode/routine_resolveMsg.go:65: Msgdelivery channel get a commit message, and handle it
P1-[resolve commitMsg success]2021/09/28 14:42:34.603701 /root/study/github_repository/qb/qbnode/routine_resolveMsg.go:246: put reply message into broadcast channel
P1-[resolve CommitMsg]2021/09/28 14:42:34.603805 /root/study/github_repository/qb/qbnode/routine_resolveMsg.go:65: Msgdelivery channel get a commit message, and handle it
P1-[resolve block.Block]2021/09/28 14:59:58.933744 /root/study/github_repository/qb/qbnode/pnft_routine_resolveMsg.go:26: Msgdelivery channel get a new block,and create a new consensus
P1-[resolve block.Block]2021/09/28 14:59:58.934152 /root/study/github_repository/qb/qbtx/qbtx.go:103: verify of tx success
P1-[resolve requestMsg success]2021/09/28 14:59:58.934665 /root/study/github_repository/qb/qbnode/pnft_routine_resolveMsg.go:130: put pre-prepare message into broadcast channel
P1-[resolve PrepareMsg]2021/09/28 14:59:58.937515 /root/study/github_repository/qb/qbnode/pnft_routine_resolveMsg.go:53: Msgdelivery channel get a prepare message, and handle it
P1-[resolve PrepareMsg]2021/09/28 14:59:58.938502 /root/study/github_repository/qb/qbnode/pnft_routine_resolveMsg.go:53: Msgdelivery channel get a prepare message, and handle it
P1-[resolve prepareMsg success]2021/09/28 14:59:58.939781 /root/study/github_repository/qb/qbnode/pnft_routine_resolveMsg.go:209: put commit message into broadcast channel
P1-[resolve PrepareMsg]2021/09/28 14:59:58.939800 /root/study/github_repository/qb/qbnode/pnft_routine_resolveMsg.go:53: Msgdelivery channel get a prepare message, and handle it
P1-[resolve CommitMsg]2021/09/28 14:59:58.940452 /root/study/github_repository/qb/qbnode/pnft_routine_resolveMsg.go:65: Msgdelivery channel get a commit message, and handle it
P1-[resolve CommitMsg]2021/09/28 14:59:58.941308 /root/study/github_repository/qb/qbnode/pnft_routine_resolveMsg.go:65: Msgdelivery channel get a commit message, and handle it
P1-[resolve commitMsg success]2021/09/28 14:59:58.942088 /root/study/github_repository/qb/qbnode/pnft_routine_resolveMsg.go:246: put reply message into broadcast channel
P1-[resolve CommitMsg]2021/09/28 14:59:58.942100 /root/study/github_repository/qb/qbnode/pnft_routine_resolveMsg.go:65: Msgdelivery channel get a commit message, and handle it
P1-[resolve block.Block]2021/09/28 15:13:42.441379 /root/study/github_repository/qb/qbnode/pnft_routine_resolveMsg.go:26: Msgdelivery channel get a new block,and create a new consensus
P1-[resolve block.Block]2021/09/28 15:13:42.442891 /root/study/github_repository/qb/qbtx/qbtx.go:103: verify of tx success
P1-[resolve requestMsg success]2021/09/28 15:13:42.444394 /root/study/github_repository/qb/qbnode/pnft_routine_resolveMsg.go:130: put pre-prepare message into broadcast channel
P1-[resolve PrepareMsg]2021/09/28 15:13:42.448490 /root/study/github_repository/qb/qbnode/pnft_routine_resolveMsg.go:53: Msgdelivery channel get a prepare message, and handle it
P1-[resolve PrepareMsg]2021/09/28 15:13:42.449990 /root/study/github_repository/qb/qbnode/pnft_routine_resolveMsg.go:53: Msgdelivery channel get a prepare message, and handle it
P1-[resolve prepareMsg success]2021/09/28 15:13:42.450960 /root/study/github_repository/qb/qbnode/pnft_routine_resolveMsg.go:209: put commit message into broadcast channel
P1-[resolve PrepareMsg]2021/09/28 15:13:42.450986 /root/study/github_repository/qb/qbnode/pnft_routine_resolveMsg.go:53: Msgdelivery channel get a prepare message, and handle it
P1-[resolve CommitMsg]2021/09/28 15:13:42.451745 /root/study/github_repository/qb/qbnode/pnft_routine_resolveMsg.go:65: Msgdelivery channel get a commit message, and handle it
P1-[resolve CommitMsg]2021/09/28 15:13:42.452286 /root/study/github_repository/qb/qbnode/pnft_routine_resolveMsg.go:65: Msgdelivery channel get a commit message, and handle it
P1-[resolve commitMsg success]2021/09/28 15:13:42.453017 /root/study/github_repository/qb/qbnode/pnft_routine_resolveMsg.go:246: put reply message into broadcast channel
P1-[resolve block.Block]2021/09/28 15:20:58.335330 /root/study/github_repository/qb/qbnode/pnft_routine_resolveMsg.go:26: Msgdelivery channel get a new block,and create a new consensus
P1-[resolve block.Block]2021/09/28 15:20:58.336090 /root/study/github_repository/qb/qbtx/qbtx.go:103: verify of tx success
P1-[resolve requestMsg success]2021/09/28 15:20:58.336664 /root/study/github_repository/qb/qbnode/pnft_routine_resolveMsg.go:130: put pre-prepare message into broadcast channel
P1-[resolve PrepareMsg]2021/09/28 15:20:58.341298 /root/study/github_repository/qb/qbnode/pnft_routine_resolveMsg.go:53: Msgdelivery channel get a prepare message, and handle it
P1-[resolve PrepareMsg]2021/09/28 15:20:58.342823 /root/study/github_repository/qb/qbnode/pnft_routine_resolveMsg.go:53: Msgdelivery channel get a prepare message, and handle it
P1-[resolve prepareMsg success]2021/09/28 15:20:58.343941 /root/study/github_repository/qb/qbnode/pnft_routine_resolveMsg.go:209: put commit message into broadcast channel
P1-[resolve PrepareMsg]2021/09/28 15:20:58.343978 /root/study/github_repository/qb/qbnode/pnft_routine_resolveMsg.go:53: Msgdelivery channel get a prepare message, and handle it
P1-[resolve CommitMsg]2021/09/28 15:20:58.344670 /root/study/github_repository/qb/qbnode/pnft_routine_resolveMsg.go:65: Msgdelivery channel get a commit message, and handle it
P1-[resolve CommitMsg]2021/09/28 15:20:58.345362 /root/study/github_repository/qb/qbnode/pnft_routine_resolveMsg.go:65: Msgdelivery channel get a commit message, and handle it
P1-[resolve commitMsg success]2021/09/28 15:20:58.346204 /root/study/github_repository/qb/qbnode/pnft_routine_resolveMsg.go:246: put reply message into broadcast channel
P1-[resolve block.Block]2021/09/28 15:21:43.965743 /root/study/github_repository/qb/qbnode/pnft_routine_resolveMsg.go:26: Msgdelivery channel get a new block,and create a new consensus
P1-[resolve block.Block]2021/09/28 15:21:43.966184 /root/study/github_repository/qb/qbtx/qbtx.go:103: verify of tx success
P1-[resolve requestMsg success]2021/09/28 15:21:43.966762 /root/study/github_repository/qb/qbnode/pnft_routine_resolveMsg.go:130: put pre-prepare message into broadcast channel
P1-[resolve PrepareMsg]2021/09/28 15:21:43.970231 /root/study/github_repository/qb/qbnode/pnft_routine_resolveMsg.go:53: Msgdelivery channel get a prepare message, and handle it
P1-[resolve PrepareMsg]2021/09/28 15:21:43.971206 /root/study/github_repository/qb/qbnode/pnft_routine_resolveMsg.go:53: Msgdelivery channel get a prepare message, and handle it
P1-[resolve prepareMsg success]2021/09/28 15:21:43.972528 /root/study/github_repository/qb/qbnode/pnft_routine_resolveMsg.go:209: put commit message into broadcast channel
P1-[resolve CommitMsg]2021/09/28 15:21:43.972923 /root/study/github_repository/qb/qbnode/pnft_routine_resolveMsg.go:65: Msgdelivery channel get a commit message, and handle it
P1-[resolve CommitMsg]2021/09/28 15:21:43.974084 /root/study/github_repository/qb/qbnode/pnft_routine_resolveMsg.go:65: Msgdelivery channel get a commit message, and handle it
P1-[resolve commitMsg success]2021/09/28 15:21:43.974792 /root/study/github_repository/qb/qbnode/pnft_routine_resolveMsg.go:246: put reply message into broadcast channel
P1-[resolve CommitMsg]2021/09/28 15:21:43.974822 /root/study/github_repository/qb/qbnode/pnft_routine_resolveMsg.go:65: Msgdelivery channel get a commit message, and handle it
P1-[resolve block.Block]2021/09/28 15:49:09.646564 /root/study/github_repository/qb/qbnode/pnft_routine_resolveMsg.go:26: Msgdelivery channel get a new block,and create a new consensus
P1-[resolve block.Block]2021/09/28 15:49:09.648810 /root/study/github_repository/qb/qbtx/qbtx.go:103: verify of tx success
P1-[resolve block.Block]2021/09/28 15:49:09.650361 /root/study/github_repository/qb/qbtx/qbtx.go:103: verify of tx success
P1-[resolve block.Block]2021/09/28 15:49:09.650863 /root/study/github_repository/qb/qbtx/qbtx.go:103: verify of tx success
P1-[resolve block.Block]2021/09/28 15:49:09.651110 /root/study/github_repository/qb/qbtx/qbtx.go:103: verify of tx success
P1-[resolve requestMsg success]2021/09/28 15:49:09.651727 /root/study/github_repository/qb/qbnode/pnft_routine_resolveMsg.go:130: put pre-prepare message into broadcast channel
P1-[resolve PrepareMsg]2021/09/28 15:49:09.656060 /root/study/github_repository/qb/qbnode/pnft_routine_resolveMsg.go:53: Msgdelivery channel get a prepare message, and handle it
P1-[resolve PrepareMsg]2021/09/28 15:49:09.658060 /root/study/github_repository/qb/qbnode/pnft_routine_resolveMsg.go:53: Msgdelivery channel get a prepare message, and handle it
P1-[resolve prepareMsg success]2021/09/28 15:49:09.659868 /root/study/github_repository/qb/qbnode/pnft_routine_resolveMsg.go:209: put commit message into broadcast channel
P1-[resolve PrepareMsg]2021/09/28 15:49:09.659881 /root/study/github_repository/qb/qbnode/pnft_routine_resolveMsg.go:53: Msgdelivery channel get a prepare message, and handle it
P1-[resolve CommitMsg]2021/09/28 15:49:09.661178 /root/study/github_repository/qb/qbnode/pnft_routine_resolveMsg.go:65: Msgdelivery channel get a commit message, and handle it
P1-[resolve CommitMsg]2021/09/28 15:49:09.662540 /root/study/github_repository/qb/qbnode/pnft_routine_resolveMsg.go:65: Msgdelivery channel get a commit message, and handle it
P1-[resolve commitMsg success]2021/09/28 15:49:09.664158 /root/study/github_repository/qb/qbnode/pnft_routine_resolveMsg.go:246: put reply message into broadcast channel
P1-[resolve CommitMsg]2021/09/28 15:49:09.664189 /root/study/github_repository/qb/qbnode/pnft_routine_resolveMsg.go:65: Msgdelivery channel get a commit message, and handle it
P1-[resolve block.Block]2021/09/28 15:51:41.980576 /root/study/github_repository/qb/qbnode/pnft_routine_resolveMsg.go:26: Msgdelivery channel get a new block,and create a new consensus
P1-[resolve block.Block]2021/09/28 15:51:41.982236 /root/study/github_repository/qb/qbtx/qbtx.go:103: verify of tx success
P1-[resolve block.Block]2021/09/28 15:51:41.983104 /root/study/github_repository/qb/qbtx/qbtx.go:103: verify of tx success
P1-[resolve block.Block]2021/09/28 15:51:41.983992 /root/study/github_repository/qb/qbtx/qbtx.go:103: verify of tx success
P1-[resolve block.Block]2021/09/28 15:51:41.984805 /root/study/github_repository/qb/qbtx/qbtx.go:103: verify of tx success
P1-[resolve requestMsg success]2021/09/28 15:51:41.985422 /root/study/github_repository/qb/qbnode/pnft_routine_resolveMsg.go:130: put pre-prepare message into broadcast channel
P1-[resolve PrepareMsg]2021/09/28 15:51:41.988986 /root/study/github_repository/qb/qbnode/pnft_routine_resolveMsg.go:53: Msgdelivery channel get a prepare message, and handle it
P1-[resolve PrepareMsg]2021/09/28 15:51:41.990627 /root/study/github_repository/qb/qbnode/pnft_routine_resolveMsg.go:53: Msgdelivery channel get a prepare message, and handle it
P1-[resolve prepareMsg success]2021/09/28 15:51:41.992391 /root/study/github_repository/qb/qbnode/pnft_routine_resolveMsg.go:209: put commit message into broadcast channel
P1-[resolve PrepareMsg]2021/09/28 15:51:41.992417 /root/study/github_repository/qb/qbnode/pnft_routine_resolveMsg.go:53: Msgdelivery channel get a prepare message, and handle it
P1-[resolve CommitMsg]2021/09/28 15:51:41.993831 /root/study/github_repository/qb/qbnode/pnft_routine_resolveMsg.go:65: Msgdelivery channel get a commit message, and handle it
P1-[resolve CommitMsg]2021/09/28 15:51:41.995148 /root/study/github_repository/qb/qbnode/pnft_routine_resolveMsg.go:65: Msgdelivery channel get a commit message, and handle it
P1-[resolve commitMsg success]2021/09/28 15:51:41.996641 /root/study/github_repository/qb/qbnode/pnft_routine_resolveMsg.go:246: put reply message into broadcast channel
P1-[resolve CommitMsg]2021/09/28 15:51:41.996661 /root/study/github_repository/qb/qbnode/pnft_routine_resolveMsg.go:65: Msgdelivery channel get a commit message, and handle it
P1-[resolve block.Block]2021/09/28 15:51:47.983373 /root/study/github_repository/qb/qbnode/pnft_routine_resolveMsg.go:26: Msgdelivery channel get a new block,and create a new consensus
P1-[resolve block.Block]2021/09/28 15:51:47.983791 /root/study/github_repository/qb/qbtx/qbtx.go:103: verify of tx success
P1-[resolve block.Block]2021/09/28 15:51:47.984069 /root/study/github_repository/qb/qbtx/qbtx.go:103: verify of tx success
P1-[resolve block.Block]2021/09/28 15:51:47.984316 /root/study/github_repository/qb/qbtx/qbtx.go:103: verify of tx success
P1-[resolve block.Block]2021/09/28 15:51:47.984560 /root/study/github_repository/qb/qbtx/qbtx.go:103: verify of tx success
P1-[resolve requestMsg success]2021/09/28 15:51:47.985152 /root/study/github_repository/qb/qbnode/pnft_routine_resolveMsg.go:130: put pre-prepare message into broadcast channel
P1-[resolve PrepareMsg]2021/09/28 15:51:47.988202 /root/study/github_repository/qb/qbnode/pnft_routine_resolveMsg.go:53: Msgdelivery channel get a prepare message, and handle it
P1-[resolve PrepareMsg]2021/09/28 15:51:47.989725 /root/study/github_repository/qb/qbnode/pnft_routine_resolveMsg.go:53: Msgdelivery channel get a prepare message, and handle it
P1-[resolve prepareMsg success]2021/09/28 15:51:47.991495 /root/study/github_repository/qb/qbnode/pnft_routine_resolveMsg.go:209: put commit message into broadcast channel
P1-[resolve PrepareMsg]2021/09/28 15:51:47.991508 /root/study/github_repository/qb/qbnode/pnft_routine_resolveMsg.go:53: Msgdelivery channel get a prepare message, and handle it
P1-[resolve CommitMsg]2021/09/28 15:51:47.992829 /root/study/github_repository/qb/qbnode/pnft_routine_resolveMsg.go:65: Msgdelivery channel get a commit message, and handle it
P1-[resolve CommitMsg]2021/09/28 15:51:47.994178 /root/study/github_repository/qb/qbnode/pnft_routine_resolveMsg.go:65: Msgdelivery channel get a commit message, and handle it
P1-[resolve commitMsg success]2021/09/28 15:51:47.995521 /root/study/github_repository/qb/qbnode/pnft_routine_resolveMsg.go:246: put reply message into broadcast channel
P1-[resolve block.Block]2021/09/28 15:51:57.988245 /root/study/github_repository/qb/qbnode/pnft_routine_resolveMsg.go:26: Msgdelivery channel get a new block,and create a new consensus
P1-[resolve block.Block]2021/09/28 15:51:57.989766 /root/study/github_repository/qb/qbtx/qbtx.go:103: verify of tx success
P1-[resolve block.Block]2021/09/28 15:51:57.991182 /root/study/github_repository/qb/qbtx/qbtx.go:103: verify of tx success
P1-[resolve block.Block]2021/09/28 15:51:57.992572 /root/study/github_repository/qb/qbtx/qbtx.go:103: verify of tx success
P1-[resolve block.Block]2021/09/28 15:51:57.993006 /root/study/github_repository/qb/qbtx/qbtx.go:103: verify of tx success
P1-[resolve requestMsg success]2021/09/28 15:51:57.993590 /root/study/github_repository/qb/qbnode/pnft_routine_resolveMsg.go:130: put pre-prepare message into broadcast channel
P1-[resolve PrepareMsg]2021/09/28 15:51:57.996371 /root/study/github_repository/qb/qbnode/pnft_routine_resolveMsg.go:53: Msgdelivery channel get a prepare message, and handle it
P1-[resolve PrepareMsg]2021/09/28 15:51:57.997855 /root/study/github_repository/qb/qbnode/pnft_routine_resolveMsg.go:53: Msgdelivery channel get a prepare message, and handle it
P1-[resolve prepareMsg success]2021/09/28 15:51:57.999702 /root/study/github_repository/qb/qbnode/pnft_routine_resolveMsg.go:209: put commit message into broadcast channel
P1-[resolve PrepareMsg]2021/09/28 15:51:57.999714 /root/study/github_repository/qb/qbnode/pnft_routine_resolveMsg.go:53: Msgdelivery channel get a prepare message, and handle it
P1-[resolve CommitMsg]2021/09/28 15:51:58.002369 /root/study/github_repository/qb/qbnode/pnft_routine_resolveMsg.go:65: Msgdelivery channel get a commit message, and handle it
P1-[resolve CommitMsg]2021/09/28 15:51:58.003719 /root/study/github_repository/qb/qbnode/pnft_routine_resolveMsg.go:65: Msgdelivery channel get a commit message, and handle it
P1-[resolve commitMsg success]2021/09/28 15:51:58.005115 /root/study/github_repository/qb/qbnode/pnft_routine_resolveMsg.go:246: put reply message into broadcast channel
P1-[resolve block.Block]2021/09/28 18:53:03.651705 /root/study/github_repository/qb/qbnode/pnft_routine_resolveMsg.go:26: Msgdelivery channel get a new block,and create a new consensus
P1-[resolve block.Block]2021/09/28 18:53:03.652248 /root/study/github_repository/qb/qbtx/qbtx.go:103: verify of tx success
P1-[resolve block.Block]2021/09/28 18:53:03.652521 /root/study/github_repository/qb/qbtx/qbtx.go:103: verify of tx success
P1-[resolve block.Block]2021/09/28 18:53:03.652797 /root/study/github_repository/qb/qbtx/qbtx.go:103: verify of tx success
P1-[resolve block.Block]2021/09/28 18:53:03.653064 /root/study/github_repository/qb/qbtx/qbtx.go:103: verify of tx success
P1-[resolve requestMsg success]2021/09/28 18:53:03.653614 /root/study/github_repository/qb/qbnode/pnft_routine_resolveMsg.go:130: put pre-prepare message into broadcast channel
P1-[resolve PrepareMsg]2021/09/28 18:53:03.657944 /root/study/github_repository/qb/qbnode/pnft_routine_resolveMsg.go:53: Msgdelivery channel get a prepare message, and handle it
P1-[resolve PrepareMsg]2021/09/28 18:53:03.659388 /root/study/github_repository/qb/qbnode/pnft_routine_resolveMsg.go:53: Msgdelivery channel get a prepare message, and handle it
P1-[resolve prepareMsg success]2021/09/28 18:53:03.661316 /root/study/github_repository/qb/qbnode/pnft_routine_resolveMsg.go:209: put commit message into broadcast channel
P1-[resolve PrepareMsg]2021/09/28 18:53:03.661328 /root/study/github_repository/qb/qbnode/pnft_routine_resolveMsg.go:53: Msgdelivery channel get a prepare message, and handle it
P1-[resolve CommitMsg]2021/09/28 18:53:03.662693 /root/study/github_repository/qb/qbnode/pnft_routine_resolveMsg.go:65: Msgdelivery channel get a commit message, and handle it
P1-[resolve CommitMsg]2021/09/28 18:53:03.664187 /root/study/github_repository/qb/qbnode/pnft_routine_resolveMsg.go:65: Msgdelivery channel get a commit message, and handle it
P1-[resolve commitMsg success]2021/09/28 18:53:03.665926 /root/study/github_repository/qb/qbnode/pnft_routine_resolveMsg.go:246: put reply message into broadcast channel
P1-[resolve CommitMsg]2021/09/28 18:53:03.665963 /root/study/github_repository/qb/qbnode/pnft_routine_resolveMsg.go:65: Msgdelivery channel get a commit message, and handle it
P1-[resolve block.Block]2021/09/28 18:55:32.907423 /root/study/github_repository/qb/qbnode/pnft_routine_resolveMsg.go:26: Msgdelivery channel get a new block,and create a new consensus
P1-[resolve block.Block]2021/09/28 18:55:32.908006 /root/study/github_repository/qb/qbtx/qbtx.go:103: verify of tx success
P1-[resolve block.Block]2021/09/28 18:55:32.908285 /root/study/github_repository/qb/qbtx/qbtx.go:103: verify of tx success
P1-[resolve block.Block]2021/09/28 18:55:32.908527 /root/study/github_repository/qb/qbtx/qbtx.go:103: verify of tx success
P1-[resolve block.Block]2021/09/28 18:55:32.908764 /root/study/github_repository/qb/qbtx/qbtx.go:103: verify of tx success
P1-[resolve requestMsg success]2021/09/28 18:55:32.909341 /root/study/github_repository/qb/qbnode/pnft_routine_resolveMsg.go:130: put pre-prepare message into broadcast channel
P1-[resolve PrepareMsg]2021/09/28 18:55:32.914895 /root/study/github_repository/qb/qbnode/pnft_routine_resolveMsg.go:53: Msgdelivery channel get a prepare message, and handle it
P1-[resolve PrepareMsg]2021/09/28 18:55:32.916393 /root/study/github_repository/qb/qbnode/pnft_routine_resolveMsg.go:53: Msgdelivery channel get a prepare message, and handle it
P1-[resolve prepareMsg success]2021/09/28 18:55:32.918641 /root/study/github_repository/qb/qbnode/pnft_routine_resolveMsg.go:209: put commit message into broadcast channel
P1-[resolve PrepareMsg]2021/09/28 18:55:32.918662 /root/study/github_repository/qb/qbnode/pnft_routine_resolveMsg.go:53: Msgdelivery channel get a prepare message, and handle it
P1-[resolve CommitMsg]2021/09/28 18:55:32.920201 /root/study/github_repository/qb/qbnode/pnft_routine_resolveMsg.go:65: Msgdelivery channel get a commit message, and handle it
P1-[resolve CommitMsg]2021/09/28 18:55:32.921593 /root/study/github_repository/qb/qbnode/pnft_routine_resolveMsg.go:65: Msgdelivery channel get a commit message, and handle it
P1-[resolve commitMsg success]2021/09/28 18:55:32.923614 /root/study/github_repository/qb/qbnode/pnft_routine_resolveMsg.go:246: put reply message into broadcast channel
P1-[resolve CommitMsg]2021/09/28 18:55:32.923696 /root/study/github_repository/qb/qbnode/pnft_routine_resolveMsg.go:65: Msgdelivery channel get a commit message, and handle it
