P4-[resolve PrePrepareMsg]2021/09/28 21:13:18.293064 /root/study/github_repository/qb/qbnode/pbft_routine_resolveMsg.go:41: Msgdelivery channel get a preprepare, and handle it
P4-[resolve pre-prepareMsg success]2021/09/28 21:13:18.294973 /root/study/github_repository/qb/qbnode/pbft_routine_resolveMsg.go:172: put prepare message into broadcast channel
P4-[resolve PrepareMsg]2021/09/28 21:13:18.295277 /root/study/github_repository/qb/qbnode/pbft_routine_resolveMsg.go:53: Msgdelivery channel get a prepare message, and handle it
P4-[resolve prepareMsg success]2021/09/28 21:13:18.297182 /root/study/github_repository/qb/qbnode/pbft_routine_resolveMsg.go:209: put commit message into broadcast channel
P4-[resolve PrepareMsg]2021/09/28 21:13:18.297217 /root/study/github_repository/qb/qbnode/pbft_routine_resolveMsg.go:53: Msgdelivery channel get a prepare message, and handle it
P4-[resolve CommitMsg]2021/09/28 21:13:18.298838 /root/study/github_repository/qb/qbnode/pbft_routine_resolveMsg.go:65: Msgdelivery channel get a commit message, and handle it
P4-[resolve CommitMsg]2021/09/28 21:13:18.300074 /root/study/github_repository/qb/qbnode/pbft_routine_resolveMsg.go:65: Msgdelivery channel get a commit message, and handle it
P4-[resolve commitMsg success]2021/09/28 21:13:18.302027 /root/study/github_repository/qb/qbnode/pbft_routine_resolveMsg.go:246: put reply message into broadcast channel
P4-[resolve PrePrepareMsg]2021/09/28 21:13:20.292314 /root/study/github_repository/qb/qbnode/pbft_routine_resolveMsg.go:41: Msgdelivery channel get a preprepare, and handle it
P4-[resolve PrepareMsg]2021/09/28 21:13:20.293568 /root/study/github_repository/qb/qbnode/pbft_routine_resolveMsg.go:53: Msgdelivery channel get a prepare message, and handle it
P4-[resolve prepareMsg success]2021/09/28 21:13:20.294676 /root/study/github_repository/qb/qbnode/pbft_routine_resolveMsg.go:209: put commit message into broadcast channel
P4-[resolve CommitMsg]2021/09/28 21:13:20.309671 /root/study/github_repository/qb/qbnode/pbft_routine_resolveMsg.go:65: Msgdelivery channel get a commit message, and handle it
P4-[resolve CommitMsg]2021/09/28 21:13:20.310372 /root/study/github_repository/qb/qbnode/pbft_routine_resolveMsg.go:65: Msgdelivery channel get a commit message, and handle it
P4-[resolve commitMsg success]2021/09/28 21:13:20.311178 /root/study/github_repository/qb/qbnode/pbft_routine_resolveMsg.go:246: put reply message into broadcast channel
P4-[resolve CommitMsg]2021/09/28 21:13:20.313442 /root/study/github_repository/qb/qbnode/pbft_routine_resolveMsg.go:65: Msgdelivery channel get a commit message, and handle it
P4-[resolve PrePrepareMsg]2021/09/28 21:14:10.317473 /root/study/github_repository/qb/qbnode/pbft_routine_resolveMsg.go:41: Msgdelivery channel get a preprepare, and handle it
P4-[resolve pre-prepareMsg success]2021/09/28 21:14:10.322040 /root/study/github_repository/qb/qbnode/pbft_routine_resolveMsg.go:172: put prepare message into broadcast channel
P4-[resolve PrepareMsg]2021/09/28 21:14:10.357995 /root/study/github_repository/qb/qbnode/pbft_routine_resolveMsg.go:53: Msgdelivery channel get a prepare message, and handle it
P4-[resolve prepareMsg success]2021/09/28 21:14:10.359703 /root/study/github_repository/qb/qbnode/pbft_routine_resolveMsg.go:209: put commit message into broadcast channel
P4-[resolve CommitMsg]2021/09/28 21:14:10.559229 /root/study/github_repository/qb/qbnode/pbft_routine_resolveMsg.go:65: Msgdelivery channel get a commit message, and handle it
P4-[resolve commitMsg success]2021/09/28 21:14:10.562133 /root/study/github_repository/qb/qbnode/pbft_routine_resolveMsg.go:246: put reply message into broadcast channel
P4-[resolve PrePrepareMsg]2021/09/28 21:14:18.317323 /root/study/github_repository/qb/qbnode/pbft_routine_resolveMsg.go:41: Msgdelivery channel get a preprepare, and handle it
P4-[resolve pre-prepareMsg success]2021/09/28 21:14:18.319208 /root/study/github_repository/qb/qbnode/pbft_routine_resolveMsg.go:172: put prepare message into broadcast channel
P4-[resolve PrepareMsg]2021/09/28 21:14:18.320416 /root/study/github_repository/qb/qbnode/pbft_routine_resolveMsg.go:53: Msgdelivery channel get a prepare message, and handle it
P4-[resolve prepareMsg success]2021/09/28 21:14:18.322438 /root/study/github_repository/qb/qbnode/pbft_routine_resolveMsg.go:209: put commit message into broadcast channel
P4-[resolve PrepareMsg]2021/09/28 21:14:18.322467 /root/study/github_repository/qb/qbnode/pbft_routine_resolveMsg.go:53: Msgdelivery channel get a prepare message, and handle it
P4-[resolve CommitMsg]2021/09/28 21:14:18.324451 /root/study/github_repository/qb/qbnode/pbft_routine_resolveMsg.go:65: Msgdelivery channel get a commit message, and handle it
P4-[resolve CommitMsg]2021/09/28 21:14:18.326292 /root/study/github_repository/qb/qbnode/pbft_routine_resolveMsg.go:65: Msgdelivery channel get a commit message, and handle it
P4-[resolve commitMsg success]2021/09/28 21:14:18.328505 /root/study/github_repository/qb/qbnode/pbft_routine_resolveMsg.go:246: put reply message into broadcast channel
P4-[resolve PrePrepareMsg]2021/09/28 21:14:36.324910 /root/study/github_repository/qb/qbnode/pbft_routine_resolveMsg.go:41: Msgdelivery channel get a preprepare, and handle it
P4-[resolve pre-prepareMsg success]2021/09/28 21:14:36.326678 /root/study/github_repository/qb/qbnode/pbft_routine_resolveMsg.go:172: put prepare message into broadcast channel
P4-[resolve PrepareMsg]2021/09/28 21:14:36.326733 /root/study/github_repository/qb/qbnode/pbft_routine_resolveMsg.go:53: Msgdelivery channel get a prepare message, and handle it
P4-[resolve prepareMsg success]2021/09/28 21:14:36.329340 /root/study/github_repository/qb/qbnode/pbft_routine_resolveMsg.go:209: put commit message into broadcast channel
P4-[resolve PrepareMsg]2021/09/28 21:14:36.329380 /root/study/github_repository/qb/qbnode/pbft_routine_resolveMsg.go:53: Msgdelivery channel get a prepare message, and handle it
P4-[resolve CommitMsg]2021/09/28 21:14:36.331088 /root/study/github_repository/qb/qbnode/pbft_routine_resolveMsg.go:65: Msgdelivery channel get a commit message, and handle it
P4-[resolve CommitMsg]2021/09/28 21:14:36.332456 /root/study/github_repository/qb/qbnode/pbft_routine_resolveMsg.go:65: Msgdelivery channel get a commit message, and handle it
P4-[resolve commitMsg success]2021/09/28 21:14:36.334232 /root/study/github_repository/qb/qbnode/pbft_routine_resolveMsg.go:246: put reply message into broadcast channel
P4-[resolve CommitMsg]2021/09/28 21:14:36.334262 /root/study/github_repository/qb/qbnode/pbft_routine_resolveMsg.go:65: Msgdelivery channel get a commit message, and handle it
P4-[resolve PrePrepareMsg]2021/09/28 21:18:18.413288 /root/study/github_repository/qb/qbnode/pbft_routine_resolveMsg.go:41: Msgdelivery channel get a preprepare, and handle it
P4-[resolve pre-prepareMsg success]2021/09/28 21:18:18.415110 /root/study/github_repository/qb/qbnode/pbft_routine_resolveMsg.go:172: put prepare message into broadcast channel
P4-[resolve PrepareMsg]2021/09/28 21:18:18.415273 /root/study/github_repository/qb/qbnode/pbft_routine_resolveMsg.go:53: Msgdelivery channel get a prepare message, and handle it
P4-[resolve prepareMsg success]2021/09/28 21:18:18.417144 /root/study/github_repository/qb/qbnode/pbft_routine_resolveMsg.go:209: put commit message into broadcast channel
P4-[resolve PrepareMsg]2021/09/28 21:18:18.417171 /root/study/github_repository/qb/qbnode/pbft_routine_resolveMsg.go:53: Msgdelivery channel get a prepare message, and handle it
P4-[resolve CommitMsg]2021/09/28 21:18:18.418471 /root/study/github_repository/qb/qbnode/pbft_routine_resolveMsg.go:65: Msgdelivery channel get a commit message, and handle it
P4-[resolve CommitMsg]2021/09/28 21:18:18.419795 /root/study/github_repository/qb/qbnode/pbft_routine_resolveMsg.go:65: Msgdelivery channel get a commit message, and handle it
P4-[resolve commitMsg success]2021/09/28 21:18:18.421785 /root/study/github_repository/qb/qbnode/pbft_routine_resolveMsg.go:246: put reply message into broadcast channel
P4-[resolve CommitMsg]2021/09/28 21:18:18.421818 /root/study/github_repository/qb/qbnode/pbft_routine_resolveMsg.go:65: Msgdelivery channel get a commit message, and handle it
P4-[resolve PrePrepareMsg]2021/09/28 21:18:26.413711 /root/study/github_repository/qb/qbnode/pbft_routine_resolveMsg.go:41: Msgdelivery channel get a preprepare, and handle it
P4-[resolve pre-prepareMsg success]2021/09/28 21:18:26.414957 /root/study/github_repository/qb/qbnode/pbft_routine_resolveMsg.go:172: put prepare message into broadcast channel
P4-[resolve PrepareMsg]2021/09/28 21:18:26.414994 /root/study/github_repository/qb/qbnode/pbft_routine_resolveMsg.go:53: Msgdelivery channel get a prepare message, and handle it
P4-[resolve prepareMsg success]2021/09/28 21:18:26.416226 /root/study/github_repository/qb/qbnode/pbft_routine_resolveMsg.go:209: put commit message into broadcast channel
P4-[resolve PrepareMsg]2021/09/28 21:18:26.416268 /root/study/github_repository/qb/qbnode/pbft_routine_resolveMsg.go:53: Msgdelivery channel get a prepare message, and handle it
P4-[resolve CommitMsg]2021/09/28 21:18:26.417227 /root/study/github_repository/qb/qbnode/pbft_routine_resolveMsg.go:65: Msgdelivery channel get a commit message, and handle it
P4-[resolve CommitMsg]2021/09/28 21:18:26.418644 /root/study/github_repository/qb/qbnode/pbft_routine_resolveMsg.go:65: Msgdelivery channel get a commit message, and handle it
P4-[resolve commitMsg success]2021/09/28 21:18:26.419593 /root/study/github_repository/qb/qbnode/pbft_routine_resolveMsg.go:246: put reply message into broadcast channel
P4-[resolve CommitMsg]2021/09/28 21:18:26.419627 /root/study/github_repository/qb/qbnode/pbft_routine_resolveMsg.go:65: Msgdelivery channel get a commit message, and handle it
P4-[resolve PrePrepareMsg]2021/09/28 21:18:42.418215 /root/study/github_repository/qb/qbnode/pbft_routine_resolveMsg.go:41: Msgdelivery channel get a preprepare, and handle it
P4-[resolve pre-prepareMsg success]2021/09/28 21:18:42.419856 /root/study/github_repository/qb/qbnode/pbft_routine_resolveMsg.go:172: put prepare message into broadcast channel
P4-[resolve PrepareMsg]2021/09/28 21:18:42.420644 /root/study/github_repository/qb/qbnode/pbft_routine_resolveMsg.go:53: Msgdelivery channel get a prepare message, and handle it
P4-[resolve prepareMsg success]2021/09/28 21:18:42.422110 /root/study/github_repository/qb/qbnode/pbft_routine_resolveMsg.go:209: put commit message into broadcast channel
P4-[resolve CommitMsg]2021/09/28 21:18:42.423211 /root/study/github_repository/qb/qbnode/pbft_routine_resolveMsg.go:65: Msgdelivery channel get a commit message, and handle it
P4-[resolve CommitMsg]2021/09/28 21:18:42.424351 /root/study/github_repository/qb/qbnode/pbft_routine_resolveMsg.go:65: Msgdelivery channel get a commit message, and handle it
P4-[resolve commitMsg success]2021/09/28 21:18:42.425793 /root/study/github_repository/qb/qbnode/pbft_routine_resolveMsg.go:246: put reply message into broadcast channel
P4-[resolve CommitMsg]2021/09/28 21:18:42.425828 /root/study/github_repository/qb/qbnode/pbft_routine_resolveMsg.go:65: Msgdelivery channel get a commit message, and handle it
P4-[resolve PrePrepareMsg]2021/09/28 21:18:44.419949 /root/study/github_repository/qb/qbnode/pbft_routine_resolveMsg.go:41: Msgdelivery channel get a preprepare, and handle it
P4-[resolve pre-prepareMsg success]2021/09/28 21:18:44.420975 /root/study/github_repository/qb/qbnode/pbft_routine_resolveMsg.go:172: put prepare message into broadcast channel
P4-[resolve PrepareMsg]2021/09/28 21:18:44.421533 /root/study/github_repository/qb/qbnode/pbft_routine_resolveMsg.go:53: Msgdelivery channel get a prepare message, and handle it
P4-[resolve prepareMsg success]2021/09/28 21:18:44.422622 /root/study/github_repository/qb/qbnode/pbft_routine_resolveMsg.go:209: put commit message into broadcast channel
P4-[resolve PrepareMsg]2021/09/28 21:18:44.423306 /root/study/github_repository/qb/qbnode/pbft_routine_resolveMsg.go:53: Msgdelivery channel get a prepare message, and handle it
P4-[resolve CommitMsg]2021/09/28 21:18:44.424017 /root/study/github_repository/qb/qbnode/pbft_routine_resolveMsg.go:65: Msgdelivery channel get a commit message, and handle it
P4-[resolve commitMsg success]2021/09/28 21:18:44.425532 /root/study/github_repository/qb/qbnode/pbft_routine_resolveMsg.go:246: put reply message into broadcast channel
P4-[resolve CommitMsg]2021/09/28 21:18:44.425575 /root/study/github_repository/qb/qbnode/pbft_routine_resolveMsg.go:65: Msgdelivery channel get a commit message, and handle it
P4-[resolve PrePrepareMsg]2021/09/28 21:19:20.441989 /root/study/github_repository/qb/qbnode/pbft_routine_resolveMsg.go:41: Msgdelivery channel get a preprepare, and handle it
P4-[resolve pre-prepareMsg success]2021/09/28 21:19:20.444076 /root/study/github_repository/qb/qbnode/pbft_routine_resolveMsg.go:172: put prepare message into broadcast channel
P4-[resolve PrepareMsg]2021/09/28 21:19:20.444587 /root/study/github_repository/qb/qbnode/pbft_routine_resolveMsg.go:53: Msgdelivery channel get a prepare message, and handle it
P4-[resolve prepareMsg success]2021/09/28 21:19:20.446300 /root/study/github_repository/qb/qbnode/pbft_routine_resolveMsg.go:209: put commit message into broadcast channel
P4-[resolve CommitMsg]2021/09/28 21:19:20.447791 /root/study/github_repository/qb/qbnode/pbft_routine_resolveMsg.go:65: Msgdelivery channel get a commit message, and handle it
P4-[resolve CommitMsg]2021/09/28 21:19:20.449127 /root/study/github_repository/qb/qbnode/pbft_routine_resolveMsg.go:65: Msgdelivery channel get a commit message, and handle it
P4-[resolve commitMsg success]2021/09/28 21:19:20.451637 /root/study/github_repository/qb/qbnode/pbft_routine_resolveMsg.go:246: put reply message into broadcast channel
P4-[resolve PrePrepareMsg]2021/09/28 21:19:51.354951 /root/study/github_repository/qb/qbnode/pbft_routine_resolveMsg.go:41: Msgdelivery channel get a preprepare, and handle it
P4-[resolve pre-prepareMsg success]2021/09/28 21:19:51.356968 /root/study/github_repository/qb/qbnode/pbft_routine_resolveMsg.go:172: put prepare message into broadcast channel
P4-[resolve PrepareMsg]2021/09/28 21:19:51.359631 /root/study/github_repository/qb/qbnode/pbft_routine_resolveMsg.go:53: Msgdelivery channel get a prepare message, and handle it
P4-[resolve prepareMsg success]2021/09/28 21:19:51.361683 /root/study/github_repository/qb/qbnode/pbft_routine_resolveMsg.go:209: put commit message into broadcast channel
P4-[resolve CommitMsg]2021/09/28 21:19:51.382758 /root/study/github_repository/qb/qbnode/pbft_routine_resolveMsg.go:65: Msgdelivery channel get a commit message, and handle it
P4-[resolve commitMsg success]2021/09/28 21:19:51.386350 /root/study/github_repository/qb/qbnode/pbft_routine_resolveMsg.go:246: put reply message into broadcast channel
