【START A NEW PBFT】2021/09/11 19:22:15.225167 /root/study/github_repository/qb/pbft/pbft_impl.go:52: start a new pbft
【START A NEW PBFT】2021/09/11 19:22:16.228027 /root/study/github_repository/qb/pbft/pbft_impl.go:52: start a new pbft
【START A NEW PBFT】2021/09/11 19:22:17.227302 /root/study/github_repository/qb/pbft/pbft_impl.go:52: start a new pbft
【START A NEW PBFT】2021/09/11 20:19:27.860098 /root/study/github_repository/qb/pbft/pbft_impl.go:52: start a new pbft
【START A NEW PBFT】2021/09/11 20:19:28.860019 /root/study/github_repository/qb/pbft/pbft_impl.go:52: start a new pbft
[Reply error]2021/09/11 20:19:28.871711 /root/study/github_repository/qb/pbft/pbft_impl.go:387: the sequenceID of commit message is wrong!
[Reply error]2021/09/11 20:19:28.871717 /root/study/github_repository/qb/pbft/pbft_impl.go:388: Last_sequence_number= 1631362767858608891
[Reply error]2021/09/11 20:19:28.871720 /root/study/github_repository/qb/pbft/pbft_impl.go:389: commit.Sequence_number= 1631362767858608891
[Reply]2021/09/11 20:19:28.871724 /root/study/github_repository/qb/pbft/pbft_impl.go:331: commit message is corrupted
【START A NEW PBFT】2021/09/11 20:19:40.874217 /root/study/github_repository/qb/pbft/pbft_impl.go:52: start a new pbft
[Reply error]2021/09/11 20:19:40.888868 /root/study/github_repository/qb/pbft/pbft_impl.go:387: the sequenceID of commit message is wrong!
[Reply error]2021/09/11 20:19:40.888875 /root/study/github_repository/qb/pbft/pbft_impl.go:388: Last_sequence_number= 1631362767858608892
[Reply error]2021/09/11 20:19:40.888878 /root/study/github_repository/qb/pbft/pbft_impl.go:389: commit.Sequence_number= 1631362767858608892
[Reply]2021/09/11 20:19:40.888882 /root/study/github_repository/qb/pbft/pbft_impl.go:331: commit message is corrupted
【START A NEW PBFT】2021/09/11 20:19:41.873618 /root/study/github_repository/qb/pbft/pbft_impl.go:52: start a new pbft
[Reply error]2021/09/11 20:19:41.883407 /root/study/github_repository/qb/network/node.go:191: receive a commit message
[Reply error]2021/09/11 20:19:41.883408 /root/study/github_repository/qb/pbft/pbft_impl.go:387: the sequenceID of commit message is wrong!
[Reply error]2021/09/11 20:19:41.883418 /root/study/github_repository/qb/pbft/pbft_impl.go:388: Last_sequence_number= 1631362767858608893
[Reply error]2021/09/11 20:19:41.883421 /root/study/github_repository/qb/pbft/pbft_impl.go:389: commit.Sequence_number= 1631362767858608893
[Reply]2021/09/11 20:19:41.883425 /root/study/github_repository/qb/pbft/pbft_impl.go:331: commit message is corrupted
